   k  l     Obj         Vio    Bou   ML       |KKT|    |dX|     ||dX||   T_s      T_o      T_t
   0  T 0   9.132e+07  -9e+00  1.00  5.0e-01  0.0e+00  1.0e+00  1.0e+00  4.9e-01  0.0e+00  0.0e+00
   1  T 0   6.877e+07  -7e+00  0.12  5.0e-01  6.5e-04  2.3e-01  1.1e+01  2.2e-01  6.0e-03  2.3e-01
   2  T 0   5.039e+07  -6e+00  0.11  5.0e-01  6.7e-04  2.6e-01  1.1e+01  2.1e-01  2.1e-03  2.1e-01
   3  T 0   3.302e+07  -4e+00  0.09  5.0e-01  9.2e-04  3.5e-01  1.3e+01  2.1e-01  2.2e-03  2.1e-01
   4  F 0   3.302e+07  -4e+00  0.09  5.0e-01  9.2e-04  0.0e+00  0.0e+00  2.1e-01  2.1e-03  2.1e-01
   4  T 1   2.112e+07  -3e+00  0.29  5.0e-01  2.8e-02  3.7e-01  1.3e+01  2.0e-01  1.6e-03  2.1e-01
   5  F 0   2.112e+07  -3e+00  0.29  5.0e-01  2.8e-02  0.0e+00  0.0e+00  2.1e-01  2.0e-03  2.2e-01
   5  F 1   2.112e+07  -3e+00  0.29  5.0e-01  2.8e-02  0.0e+00  0.0e+00  2.1e-01  1.5e-03  2.1e-01
   5  F 2   2.112e+07  -3e+00  0.29  5.0e-01  2.8e-02  0.0e+00  0.0e+00  2.1e-01  1.5e-03  2.1e-01
   5  F 3   2.112e+07  -3e+00  0.29  5.0e-01  2.8e-02  0.0e+00  0.0e+00  2.1e-01  1.6e-03  2.1e-01
   5  F 4   2.112e+07  -3e+00  0.29  5.0e-01  2.8e-02  0.0e+00  0.0e+00  2.1e-01  1.5e-03  2.1e-01
   5  F 5   2.112e+07  -3e+00  0.29  5.0e-01  2.8e-02  0.0e+00  0.0e+00  2.2e-01  1.5e-03  2.2e-01
   5  F 6   2.112e+07  -3e+00  0.29  5.0e-01  2.8e-02  0.0e+00  0.0e+00  2.1e-01  1.8e-03  2.1e-01
   5  F 7   2.112e+07  -3e+00  0.29  5.0e-01  2.8e-02  0.0e+00  0.0e+00  2.1e-01  1.6e-03  2.1e-01
   5  F 8   2.112e+07  -3e+00  0.29  5.0e-01  2.8e-02  0.0e+00  0.0e+00  2.1e-01  1.5e-03  2.1e-01
   5  T 9   2.074e+07  -3e+00  0.28  5.0e-01  1.4e-02  1.3e-02  4.9e-02  2.6e-01  1.5e-03  2.6e-01
   6  F 0   2.074e+07  -3e+00  0.28  5.0e-01  1.4e-02  0.0e+00  0.0e+00  2.2e-01  2.3e-03  2.2e-01
   6  F 1   2.074e+07  -3e+00  0.28  5.0e-01  1.4e-02  0.0e+00  0.0e+00  2.2e-01  1.7e-03  2.2e-01
   6  F 2   2.074e+07  -3e+00  0.28  5.0e-01  1.4e-02  0.0e+00  0.0e+00  2.2e-01  1.5e-03  2.2e-01
   6  F 3   2.074e+07  -3e+00  0.28  5.0e-01  1.4e-02  0.0e+00  0.0e+00  2.1e-01  1.5e-03  2.1e-01
   6  F 4   2.074e+07  -3e+00  0.28  5.0e-01  1.4e-02  0.0e+00  0.0e+00  2.0e-01  1.6e-03  2.1e-01
   6  F 5   2.074e+07  -3e+00  0.28  5.0e-01  1.4e-02  0.0e+00  0.0e+00  2.1e-01  1.5e-03  2.1e-01
   6  F 6   2.074e+07  -3e+00  0.28  5.0e-01  1.4e-02  0.0e+00  0.0e+00  2.1e-01  1.5e-03  2.1e-01
   6  F 7   2.074e+07  -3e+00  0.28  5.0e-01  1.4e-02  0.0e+00  0.0e+00  2.2e-01  1.7e-03  2.2e-01
   6  T 8   2.057e+07  -3e+00  0.28  5.0e-01  2.9e-03  1.9e-02  8.1e-02  2.4e-01  1.5e-03  2.4e-01
   7  F 0   2.057e+07  -3e+00  0.28  5.0e-01  2.9e-03  0.0e+00  0.0e+00  2.7e-01  2.2e-03  2.7e-01
   7  T 1   1.920e+07  -3e+00  0.32  5.0e-01  1.6e-03  1.2e-01  1.6e+00  2.2e-01  1.6e-03  2.2e-01
   8  F 0   1.920e+07  -3e+00  0.32  5.0e-01  1.6e-03  0.0e+00  0.0e+00  2.1e-01  2.1e-03  2.1e-01
   8  T 1   1.783e+07  -3e+00  0.36  5.0e-01  1.0e-03  2.6e-01  1.9e+00  1.5e-01  1.4e-03  1.5e-01
   9  T 0   1.330e+07  -2e+00  0.57  5.0e-01  2.1e-01  4.1e-01  7.3e+00  1.5e-01  1.4e-03  1.5e-01
  10  F 0   1.330e+07  -2e+00  0.57  5.0e-01  2.1e-01  0.0e+00  0.0e+00  1.5e-01  1.4e-03  1.6e-01
  10  F 1   1.330e+07  -2e+00  0.57  5.0e-01  2.1e-01  0.0e+00  0.0e+00  1.5e-01  1.1e-03  1.6e-01
  10  F 2   1.330e+07  -2e+00  0.57  5.0e-01  2.1e-01  0.0e+00  0.0e+00  1.5e-01  1.1e-03  1.5e-01
  10  F 3   1.330e+07  -2e+00  0.57  5.0e-01  2.1e-01  0.0e+00  0.0e+00  1.5e-01  1.1e-03  1.5e-01
  10  F 4   1.330e+07  -2e+00  0.57  5.0e-01  2.1e-01  0.0e+00  0.0e+00  1.4e-01  1.1e-03  1.4e-01
  10  F 5   1.330e+07  -2e+00  0.57  5.0e-01  2.1e-01  0.0e+00  0.0e+00  1.5e-01  1.1e-03  1.5e-01
  10  F 6   1.330e+07  -2e+00  0.57  5.0e-01  2.1e-01  0.0e+00  0.0e+00  1.5e-01  1.2e-03  1.5e-01
  10  T 7   1.289e+07  -2e+00  0.57  5.0e-01  1.1e-02  1.6e-02  2.3e-02  1.5e-01  1.1e-03  1.5e-01
  11  F 0   1.289e+07  -2e+00  0.57  5.0e-01  1.1e-02  0.0e+00  0.0e+00  1.5e-01  1.4e-03  1.5e-01
  11  F 1   1.289e+07  -2e+00  0.57  5.0e-01  1.1e-02  0.0e+00  0.0e+00  1.5e-01  1.1e-03  1.5e-01
  11  F 2   1.289e+07  -2e+00  0.57  5.0e-01  1.1e-02  0.0e+00  0.0e+00  1.5e-01  1.1e-03  1.5e-01
  11  F 3   1.289e+07  -2e+00  0.57  5.0e-01  1.1e-02  0.0e+00  0.0e+00  1.6e-01  1.1e-03  1.6e-01
  11  F 4   1.289e+07  -2e+00  0.57  5.0e-01  1.1e-02  0.0e+00  0.0e+00  1.9e-01  1.1e-03  1.9e-01
  11  F 5   1.289e+07  -2e+00  0.57  5.0e-01  1.1e-02  0.0e+00  0.0e+00  1.8e-01  1.1e-03  1.8e-01
  11  F 6   1.289e+07  -2e+00  0.57  5.0e-01  1.1e-02  0.0e+00  0.0e+00  1.9e-01  1.1e-03  1.9e-01
  11  T 7   1.275e+07  -2e+00  0.56  5.0e-01  3.2e-03  4.5e-02  1.8e-01  2.0e-01  1.1e-03  2.0e-01
  12  F 0   1.275e+07  -2e+00  0.56  5.0e-01  3.2e-03  0.0e+00  0.0e+00  2.0e-01  1.4e-03  2.0e-01
  12  T 1   1.218e+07  -2e+00  0.56  5.0e-01  2.3e-03  1.3e-01  1.2e+00  1.4e-01  1.1e-03  1.5e-01
  13  F 0   1.218e+07  -2e+00  0.56  5.0e-01  2.3e-03  0.0e+00  0.0e+00  2.0e-01  1.5e-03  2.0e-01
  13  T 1   1.099e+07  -2e+00  0.60  5.0e-01  2.0e-03  2.1e-01  2.4e+00  2.1e-01  1.0e-03  2.1e-01
  14  F 0   1.099e+07  -2e+00  0.60  5.0e-01  2.0e-03  0.0e+00  0.0e+00  1.7e-01  1.5e-03  1.8e-01
  14  F 1   1.099e+07  -2e+00  0.60  5.0e-01  2.0e-03  0.0e+00  0.0e+00  1.4e-01  1.1e-03  1.4e-01
  14  F 2   1.099e+07  -2e+00  0.60  5.0e-01  2.0e-03  0.0e+00  0.0e+00  1.5e-01  1.1e-03  1.5e-01
  14  F 3   1.099e+07  -2e+00  0.60  5.0e-01  2.0e-03  0.0e+00  0.0e+00  1.4e-01  1.1e-03  1.4e-01
  14  F 4   1.099e+07  -2e+00  0.60  5.0e-01  2.0e-03  0.0e+00  0.0e+00  1.5e-01  1.1e-03  1.5e-01
  14  F 5   1.099e+07  -2e+00  0.60  5.0e-01  2.0e-03  0.0e+00  0.0e+00  1.5e-01  1.1e-03  1.5e-01
  14  F 6   1.099e+07  -2e+00  0.60  5.0e-01  2.0e-03  0.0e+00  0.0e+00  1.5e-01  1.1e-03  1.5e-01
  14  F 7   1.099e+07  -2e+00  0.60  5.0e-01  2.0e-03  0.0e+00  0.0e+00  1.5e-01  1.1e-03  1.5e-01
  14  F 8   1.099e+07  -2e+00  0.60  5.0e-01  2.0e-03  0.0e+00  0.0e+00  1.5e-01  1.2e-03  1.5e-01
  14  F 9   1.099e+07  -2e+00  0.60  5.0e-01  2.0e-03  0.0e+00  0.0e+00  1.7e-01  1.2e-03  1.7e-01
  14  F10   1.099e+07  -2e+00  0.60  5.0e-01  2.0e-03  0.0e+00  0.0e+00  1.4e-01  1.1e-03  1.4e-01
  14  F11   1.099e+07  -2e+00  0.60  5.0e-01  2.0e-03  0.0e+00  0.0e+00  1.5e-01  1.1e-03  1.5e-01
  14  T12   1.069e+07  -2e+00  0.60  5.0e-01  1.2e-03  1.4e-01  8.4e-01  1.5e-01  1.1e-03  1.5e-01
  15  T 0   8.045e+06  -1e+00  0.70  5.0e-01  5.5e-03  5.1e-01  6.4e+00  1.5e-01  1.4e-03  1.5e-01
  16  F 0   8.045e+06  -1e+00  0.70  5.0e-01  5.5e-03  0.0e+00  0.0e+00  1.5e-01  1.5e-03  1.5e-01
  16  F 1   8.045e+06  -1e+00  0.70  5.0e-01  5.5e-03  0.0e+00  0.0e+00  1.4e-01  1.1e-03  1.4e-01
  16  F 2   8.045e+06  -1e+00  0.70  5.0e-01  5.5e-03  0.0e+00  0.0e+00  1.5e-01  1.1e-03  1.5e-01
  16  F 3   8.045e+06  -1e+00  0.70  5.0e-01  5.5e-03  0.0e+00  0.0e+00  1.5e-01  1.1e-03  1.5e-01
  16  F 4   8.045e+06  -1e+00  0.70  5.0e-01  5.5e-03  0.0e+00  0.0e+00  2.0e-01  1.1e-03  2.0e-01
  16  F 5   8.045e+06  -1e+00  0.70  5.0e-01  5.5e-03  0.0e+00  0.0e+00  1.7e-01  1.1e-03  1.7e-01
  16  F 6   8.045e+06  -1e+00  0.70  5.0e-01  5.5e-03  0.0e+00  0.0e+00  1.4e-01  1.1e-03  1.5e-01
  16  F 7   8.045e+06  -1e+00  0.70  5.0e-01  5.5e-03  0.0e+00  0.0e+00  1.8e-01  1.1e-03  1.8e-01
  16  F 8   8.045e+06  -1e+00  0.70  5.0e-01  5.5e-03  0.0e+00  0.0e+00  1.5e-01  1.1e-03  1.5e-01
  16  F 9   8.045e+06  -1e+00  0.70  5.0e-01  5.5e-03  0.0e+00  0.0e+00  1.5e-01  1.1e-03  1.5e-01
  16  T10   8.015e+06  -1e+00  0.69  5.0e-01  4.5e-03  1.4e-02  3.2e-02  1.5e-01  1.1e-03  1.6e-01
  17  F 0   8.015e+06  -1e+00  0.69  5.0e-01  4.5e-03  0.0e+00  0.0e+00  1.5e-01  1.4e-03  1.5e-01
  17  F 1   8.015e+06  -1e+00  0.69  5.0e-01  4.5e-03  0.0e+00  0.0e+00  1.5e-01  1.2e-03  1.5e-01
  17  F 2   8.015e+06  -1e+00  0.69  5.0e-01  4.5e-03  0.0e+00  0.0e+00  1.5e-01  1.2e-03  1.6e-01
  17  F 3   8.015e+06  -1e+00  0.69  5.0e-01  4.5e-03  0.0e+00  0.0e+00  1.5e-01  1.4e-03  1.5e-01
  17  F 4   8.015e+06  -1e+00  0.69  5.0e-01  4.5e-03  0.0e+00  0.0e+00  1.5e-01  1.1e-03  1.5e-01
  17  F 5   8.015e+06  -1e+00  0.69  5.0e-01  4.5e-03  0.0e+00  0.0e+00  1.5e-01  1.1e-03  1.5e-01
  17  F 6   8.015e+06  -1e+00  0.69  5.0e-01  4.5e-03  0.0e+00  0.0e+00  1.5e-01  3.2e-03  1.6e-01
  17  F 7   8.015e+06  -1e+00  0.69  5.0e-01  4.5e-03  0.0e+00  0.0e+00  1.5e-01  1.1e-03  1.5e-01
  17  F 8   8.015e+06  -1e+00  0.69  5.0e-01  4.5e-03  0.0e+00  0.0e+00  1.5e-01  1.1e-03  1.5e-01
  17  T 9   7.978e+06  -1e+00  0.69  5.0e-01  1.3e-03  3.2e-02  9.7e-02  1.7e-01  1.1e-03  1.7e-01
  18  T 0   6.758e+06  -1e+00  0.75  5.0e-01  3.3e-03  4.3e-01  5.0e+00  1.6e-01  1.4e-03  1.6e-01
  19  F 0   6.758e+06  -1e+00  0.75  5.0e-01  3.3e-03  0.0e+00  0.0e+00  1.7e-01  1.4e-03  1.7e-01
  19  F 1   6.758e+06  -1e+00  0.75  5.0e-01  3.3e-03  0.0e+00  0.0e+00  1.4e-01  1.1e-03  1.5e-01
  19  F 2   6.758e+06  -1e+00  0.75  5.0e-01  3.3e-03  0.0e+00  0.0e+00  1.5e-01  1.2e-03  1.6e-01
  19  F 3   6.758e+06  -1e+00  0.75  5.0e-01  3.3e-03  0.0e+00  0.0e+00  1.9e-01  1.2e-03  1.9e-01
  19  F 4   6.758e+06  -1e+00  0.75  5.0e-01  3.3e-03  0.0e+00  0.0e+00  1.5e-01  1.1e-03  1.5e-01
  19  F 5   6.758e+06  -1e+00  0.75  5.0e-01  3.3e-03  0.0e+00  0.0e+00  1.7e-01  1.2e-03  1.7e-01
  19  F 6   6.758e+06  -1e+00  0.75  5.0e-01  3.3e-03  0.0e+00  0.0e+00  1.7e-01  1.2e-03  1.7e-01
  19  F 7   6.758e+06  -1e+00  0.75  5.0e-01  3.3e-03  0.0e+00  0.0e+00  1.6e-01  1.2e-03  1.7e-01
  19  T 8   6.677e+06  -1e+00  0.73  5.0e-01  8.1e-04  4.1e-02  1.3e-01  1.6e-01  1.2e-03  1.6e-01
  20  F 0   6.677e+06  -1e+00  0.73  5.0e-01  8.1e-04  0.0e+00  0.0e+00  2.2e-01  1.6e-03  2.2e-01
  20  F 1   6.677e+06  -1e+00  0.73  5.0e-01  8.1e-04  0.0e+00  0.0e+00  2.5e-01  1.2e-03  2.5e-01
  20  F 2   6.677e+06  -1e+00  0.73  5.0e-01  8.1e-04  0.0e+00  0.0e+00  2.6e-01  1.5e-03  2.6e-01
  20  F 3   6.677e+06  -1e+00  0.73  5.0e-01  8.1e-04  0.0e+00  0.0e+00  2.0e-01  1.5e-03  2.0e-01
  20  F 4   6.677e+06  -1e+00  0.73  5.0e-01  8.1e-04  0.0e+00  0.0e+00  1.9e-01  1.5e-03  1.9e-01
  20  F 5   6.677e+06  -1e+00  0.73  5.0e-01  8.1e-04  0.0e+00  0.0e+00  1.9e-01  1.5e-03  1.9e-01
  20  F 6   6.677e+06  -1e+00  0.73  5.0e-01  8.1e-04  0.0e+00  0.0e+00  1.9e-01  1.6e-03  1.9e-01
  20  T 7   6.503e+06  -1e+00  0.74  5.0e-01  5.4e-04  1.4e-01  9.4e-01  1.9e-01  1.5e-03  1.9e-01
  21  F 0   6.503e+06  -1e+00  0.74  5.0e-01  5.4e-04  0.0e+00  0.0e+00  1.9e-01  1.9e-03  1.9e-01
  21  T 1   6.158e+06  -9e-01  0.76  5.0e-01  7.8e-04  1.5e-01  1.4e+00  1.9e-01  1.5e-03  1.9e-01
  22  T 0   4.884e+06  -7e-01  0.85  5.0e-01  7.8e-04  5.6e-01  6.6e+00  2.0e-01  2.0e-03  2.0e-01
  23  F 0   4.884e+06  -7e-01  0.85  5.0e-01  7.8e-04  0.0e+00  0.0e+00  2.0e-01  1.9e-03  2.0e-01
  23  T 1   4.617e+06  -6e-01  0.85  5.0e-01  3.5e-04  4.5e-01  1.8e+00  1.9e-01  1.7e-03  1.9e-01
  24  T 0   4.042e+06  -4e-01  0.90  5.0e-01  9.4e-03  5.7e-01  4.7e+00  1.9e-01  1.9e-03  1.9e-01
  25  F 0   4.042e+06  -4e-01  0.90  5.0e-01  9.4e-03  0.0e+00  0.0e+00  1.9e-01  1.9e-03  1.9e-01
  25  F 1   4.042e+06  -4e-01  0.90  5.0e-01  9.4e-03  0.0e+00  0.0e+00  1.9e-01  1.4e-03  1.9e-01
  25  F 2   4.042e+06  -4e-01  0.90  5.0e-01  9.4e-03  0.0e+00  0.0e+00  2.1e-01  1.5e-03  2.1e-01
  25  F 3   4.042e+06  -4e-01  0.90  5.0e-01  9.4e-03  0.0e+00  0.0e+00  2.0e-01  1.5e-03  2.0e-01
  25  T 4   3.935e+06  -4e-01  0.87  5.0e-01  4.3e-04  2.2e-01  6.4e-01  2.3e-01  1.5e-03  2.3e-01
  26  F 0   3.935e+06  -4e-01  0.87  5.0e-01  4.3e-04  0.0e+00  0.0e+00  1.9e-01  2.0e-03  1.9e-01
  26  T 1   3.788e+06  -4e-01  0.89  5.0e-01  8.9e-04  3.2e-01  2.1e+00  1.9e-01  1.5e-03  1.9e-01
  27  F 0   3.788e+06  -4e-01  0.89  5.0e-01  8.9e-04  0.0e+00  0.0e+00  1.9e-01  2.0e-03  1.9e-01
  27  T 1   3.700e+06  -3e-01  0.90  5.0e-01  2.8e-04  2.0e-01  8.8e-01  1.9e-01  1.5e-03  1.9e-01
  28  F 0   3.700e+06  -3e-01  0.90  5.0e-01  2.8e-04  0.0e+00  0.0e+00  1.9e-01  1.9e-03  1.9e-01
  28  F 1   3.700e+06  -3e-01  0.90  5.0e-01  2.8e-04  0.0e+00  0.0e+00  2.1e-01  1.5e-03  2.1e-01
  28  T 2   3.620e+06  -3e-01  0.91  5.0e-01  9.0e-04  2.5e-01  1.5e+00  1.8e-01  1.5e-03  1.9e-01
  29  F 0   3.620e+06  -3e-01  0.91  5.0e-01  9.0e-04  0.0e+00  0.0e+00  2.2e-01  1.9e-03  2.2e-01
  29  F 1   3.620e+06  -3e-01  0.91  5.0e-01  9.0e-04  0.0e+00  0.0e+00  2.0e-01  1.5e-03  2.0e-01
  29  F 2   3.620e+06  -3e-01  0.91  5.0e-01  9.0e-04  0.0e+00  0.0e+00  1.9e-01  1.5e-03  1.9e-01
  29  F 3   3.620e+06  -3e-01  0.91  5.0e-01  9.0e-04  0.0e+00  0.0e+00  1.9e-01  1.5e-03  1.9e-01
  29  F 4   3.620e+06  -3e-01  0.91  5.0e-01  9.0e-04  0.0e+00  0.0e+00  1.9e-01  1.5e-03  1.9e-01
  29  F 5   3.620e+06  -3e-01  0.91  5.0e-01  9.0e-04  0.0e+00  0.0e+00  1.9e-01  1.5e-03  1.9e-01
  29  T 6   3.586e+06  -3e-01  0.90  5.0e-01  3.0e-04  9.5e-02  3.1e-01  1.9e-01  1.4e-03  1.9e-01
  30  F 0   3.586e+06  -3e-01  0.90  5.0e-01  3.0e-04  0.0e+00  0.0e+00  1.9e-01  2.0e-03  1.9e-01
  30  T 1   3.439e+06  -2e-01  0.92  5.0e-01  7.9e-04  4.3e-01  2.2e+00  1.9e-01  1.5e-03  2.0e-01
  31  F 0   3.439e+06  -2e-01  0.92  5.0e-01  7.9e-04  0.0e+00  0.0e+00  1.9e-01  1.4e-03  1.9e-01
  31  F 1   3.439e+06  -2e-01  0.92  5.0e-01  7.9e-04  0.0e+00  0.0e+00  1.9e-01  1.5e-03  1.9e-01
  31  T 2   3.369e+06  -2e-01  0.88  5.0e-01  4.1e-04  2.0e-01  6.7e-01  1.9e-01  1.5e-03  1.9e-01
  32  T 0   3.121e+06  -2e-01  0.93  5.0e-01  5.7e-04  4.7e-01  2.4e+00  2.3e-01  1.9e-03  2.3e-01
  33  T 0   2.961e+06  -1e-01  0.94  5.0e-01  4.3e-04  4.6e-01  2.2e+00  2.0e-01  1.9e-03  2.0e-01
  34  F 0   2.961e+06  -1e-01  0.94  5.0e-01  4.3e-04  0.0e+00  0.0e+00  2.3e-01  1.9e-03  2.4e-01
  34  F 1   2.961e+06  -1e-01  0.94  5.0e-01  4.3e-04  0.0e+00  0.0e+00  2.1e-01  1.5e-03  2.1e-01
  34  F 2   2.961e+06  -1e-01  0.94  5.0e-01  4.3e-04  0.0e+00  0.0e+00  2.1e-01  1.6e-03  2.2e-01
  34  F 3   2.961e+06  -1e-01  0.94  5.0e-01  4.3e-04  0.0e+00  0.0e+00  2.0e-01  1.5e-03  2.0e-01
  34  F 4   2.961e+06  -1e-01  0.94  5.0e-01  4.3e-04  0.0e+00  0.0e+00  2.0e-01  1.5e-03  2.0e-01
  34  F 5   2.961e+06  -1e-01  0.94  5.0e-01  4.3e-04  0.0e+00  0.0e+00  2.1e-01  1.5e-03  2.1e-01
  34  F 6   2.961e+06  -1e-01  0.94  5.0e-01  4.3e-04  0.0e+00  0.0e+00  2.1e-01  1.5e-03  2.1e-01
  34  T 7   2.953e+06  -1e-01  0.93  5.0e-01  4.3e-04  6.1e-02  1.2e-01  2.1e-01  1.5e-03  2.1e-01
  35  F 0   2.953e+06  -1e-01  0.93  5.0e-01  4.3e-04  0.0e+00  0.0e+00  2.0e-01  2.1e-03  2.0e-01
  35  T 1   2.904e+06  -1e-01  0.93  5.0e-01  3.6e-04  2.9e-01  8.5e-01  2.8e-01  1.6e-03  2.8e-01
  36  F 0   2.904e+06  -1e-01  0.93  5.0e-01  3.6e-04  0.0e+00  0.0e+00  2.1e-01  2.1e-03  2.1e-01
  36  F 1   2.904e+06  -1e-01  0.93  5.0e-01  3.6e-04  0.0e+00  0.0e+00  2.1e-01  1.7e-03  2.1e-01
  36  T 2   2.872e+06  -9e-02  0.93  5.0e-01  5.1e-04  2.2e-01  6.6e-01  2.1e-01  1.5e-03  2.1e-01
  37  F 0   2.872e+06  -9e-02  0.93  5.0e-01  5.1e-04  0.0e+00  0.0e+00  2.0e-01  2.1e-03  2.1e-01
  37  T 1   2.816e+06  -6e-02  0.94  5.0e-01  6.3e-04  2.8e-01  1.1e+00  2.0e-01  1.6e-03  2.1e-01
  38  F 0   2.816e+06  -6e-02  0.94  5.0e-01  6.3e-04  0.0e+00  0.0e+00  2.2e-01  2.2e-03  2.2e-01
  38  F 1   2.816e+06  -6e-02  0.94  5.0e-01  6.3e-04  0.0e+00  0.0e+00  2.0e-01  1.6e-03  2.0e-01
  38  F 2   2.816e+06  -6e-02  0.94  5.0e-01  6.3e-04  0.0e+00  0.0e+00  2.1e-01  1.6e-03  2.1e-01
  38  T 3   2.787e+06  -6e-02  0.92  5.0e-01  3.0e-04  1.2e-01  4.1e-01  2.0e-01  1.5e-03  2.0e-01
  39  T 0   2.697e+06  -2e-02  0.95  5.0e-01  3.5e-04  5.1e-01  2.0e+00  2.7e-01  2.2e-03  2.7e-01
  40  F 0   2.697e+06  -2e-02  0.95  5.0e-01  3.5e-04  0.0e+00  0.0e+00  2.1e-01  1.2e-02  2.2e-01
  40  T 1   2.665e+06  -2e-02  0.94  5.0e-01  7.6e-04  1.6e-01  5.6e-01  2.2e-01  4.4e-03  2.2e-01
  41  T 0   2.616e+06  -2e-03  0.96  5.0e-01  6.5e-04  2.6e-01  1.1e+00  2.1e-01  3.3e-03  2.1e-01
  42  F 0   2.616e+06  -2e-03  0.96  5.0e-01  6.5e-04  0.0e+00  0.0e+00  2.1e-01  3.6e-03  2.1e-01
  42  T 1   2.599e+06  -1e-03  0.95  5.0e-01  3.8e-04  3.4e-01  8.4e-01  2.1e-01  3.0e-03  2.1e-01
  43  F 0   2.599e+06  -1e-03  0.95  5.0e-01  3.8e-04  0.0e+00  0.0e+00  2.1e-01  2.9e-03  2.1e-01
  43  T 1   2.585e+06  -4e-04  0.95  5.0e-01  1.7e-04  1.9e-01  5.5e-01  2.2e-01  2.4e-03  2.2e-01
  44  T 0   2.569e+06  -1e-03  0.96  5.0e-01  1.3e-04  4.3e-01  1.0e+00  2.3e-01  3.2e-03  2.3e-01
  45  F 0   2.569e+06  -1e-03  0.96  5.0e-01  1.3e-04  0.0e+00  0.0e+00  2.1e-01  3.1e-03  2.1e-01
  45  F 1   2.569e+06  -1e-03  0.96  5.0e-01  1.3e-04  0.0e+00  0.0e+00  2.4e-01  2.3e-03  2.4e-01
  45  T 2   2.560e+06  -2e-04  0.95  5.0e-01  3.2e-04  1.3e-01  3.3e-01  2.0e-01  2.3e-03  2.0e-01
  46  T 0   2.537e+06  -6e-04  0.96  5.0e-01  1.4e-04  2.6e-01  7.0e-01  2.1e-01  3.3e-03  2.1e-01
  47  T 0   2.522e+06  -9e-04  0.97  5.0e-01  1.7e-04  3.0e-01  7.9e-01  2.0e-01  2.8e-03  2.1e-01
  48  T 0   2.510e+06  -5e-04  0.97  5.0e-01  9.0e-05  2.0e-01  6.4e-01  2.1e-01  2.8e-03  2.1e-01
  49  T 0   2.501e+06  -5e-04  0.97  5.0e-01  8.3e-05  2.2e-01  5.8e-01  2.1e-01  2.8e-03  2.2e-01
  50  T 0   2.493e+06  -4e-04  0.97  5.0e-01  7.0e-04  1.7e-01  4.9e-01  2.2e-01  2.8e-03  2.2e-01
  51  T 0   2.485e+06  -4e-04  0.97  5.0e-01  1.1e-04  1.8e-01  5.1e-01  2.0e-01  2.8e-03  2.1e-01
  52  T 0   2.477e+06  -5e-04  0.97  5.0e-01  9.9e-05  2.2e-01  6.2e-01  2.1e-01  2.8e-03  2.1e-01
  53  T 0   2.470e+06  -6e-04  0.97  5.0e-01  1.5e-04  2.2e-01  6.2e-01  2.6e-01  2.9e-03  2.6e-01
  54  T 0   2.464e+06  -5e-04  0.97  5.0e-01  7.3e-05  2.6e-01  7.1e-01  2.1e-01  2.7e-03  2.1e-01
  55  F 0   2.464e+06  -5e-04  0.97  5.0e-01  7.3e-05  0.0e+00  0.0e+00  2.1e-01  3.1e-03  2.1e-01
  55  T 1   2.461e+06  -2e-04  0.97  5.0e-01  6.0e-05  2.4e-01  4.6e-01  2.1e-01  2.3e-03  2.1e-01
  56  T 0   2.457e+06  -5e-04  0.97  5.0e-01  7.4e-05  2.5e-01  6.3e-01  2.5e-01  3.2e-03  2.5e-01
  57  T 0   2.453e+06  -6e-04  0.97  5.0e-01  6.5e-05  2.6e-01  6.6e-01  2.7e-01  3.2e-03  2.7e-01
  58  F 0   2.453e+06  -6e-04  0.97  5.0e-01  6.5e-05  0.0e+00  0.0e+00  2.3e-01  3.2e-03  2.4e-01
  58  T 1   2.449e+06  -5e-04  0.97  5.0e-01  7.3e-05  2.9e-01  5.7e-01  2.2e-01  2.7e-03  2.2e-01
  59  T 0   2.445e+06  -5e-04  0.98  5.0e-01  5.9e-05  1.8e-01  5.5e-01  2.1e-01  3.2e-03  2.1e-01
  60  T 0   2.441e+06  -4e-04  0.98  5.0e-01  6.6e-05  2.1e-01  5.0e-01  2.1e-01  3.2e-03  2.1e-01
  61  T 0   2.436e+06  -4e-04  0.98  5.0e-01  6.0e-05  1.9e-01  5.0e-01  2.1e-01  2.8e-03  2.2e-01
  62  T 0   2.432e+06  -4e-04  0.98  5.0e-01  6.3e-05  2.0e-01  5.0e-01  2.1e-01  2.8e-03  2.1e-01
  63  T 0   2.427e+06  -4e-04  0.98  5.0e-01  5.8e-05  2.5e-01  5.4e-01  2.0e-01  2.8e-03  2.1e-01
  64  T 0   2.422e+06  -4e-04  0.98  5.0e-01  5.5e-05  2.6e-01  5.6e-01  2.0e-01  3.2e-03  2.1e-01
  65  T 0   2.418e+06  -4e-04  0.98  5.0e-01  4.2e-05  2.3e-01  5.6e-01  2.7e-01  2.8e-03  2.7e-01
  66  T 0   2.413e+06  -4e-04  0.98  5.0e-01  4.3e-05  2.1e-01  5.8e-01  2.5e-01  2.8e-03  2.5e-01
  67  T 0   2.409e+06  -3e-04  0.98  5.0e-01  4.3e-05  1.9e-01  5.7e-01  2.4e-01  2.9e-03  2.5e-01
  68  T 0   2.405e+06  -3e-04  0.98  5.0e-01  4.4e-05  2.1e-01  5.7e-01  2.0e-01  2.8e-03  2.1e-01
  69  T 0   2.401e+06  -3e-04  0.98  5.0e-01  4.8e-05  2.0e-01  6.0e-01  2.2e-01  3.0e-03  2.3e-01
  70  T 0   2.396e+06  -4e-04  0.98  5.0e-01  4.8e-05  2.0e-01  6.4e-01  2.1e-01  3.0e-03  2.1e-01
  71  T 0   2.390e+06  -4e-04  0.98  5.0e-01  4.6e-05  2.5e-01  7.1e-01  2.2e-01  2.8e-03  2.2e-01
  72  T 0   2.385e+06  -5e-04  0.98  5.0e-01  1.1e-04  3.0e-01  7.9e-01  2.3e-01  3.3e-03  2.3e-01
  73  F 0   2.385e+06  -5e-04  0.98  5.0e-01  1.1e-04  0.0e+00  0.0e+00  1.8e-01  2.2e-03  1.9e-01
  73  T 1   2.381e+06  -1e-04  0.98  5.0e-01  6.5e-05  1.4e-01  3.9e-01  2.1e-01  2.3e-03  2.1e-01
  74  T 0   2.377e+06  -5e-04  0.98  5.0e-01  8.2e-05  2.6e-01  6.7e-01  2.0e-01  3.3e-03  2.1e-01
  75  F 0   2.377e+06  -5e-04  0.98  5.0e-01  8.2e-05  0.0e+00  0.0e+00  2.1e-01  3.0e-03  2.1e-01
  75  T 1   2.374e+06  -4e-04  0.98  5.0e-01  5.6e-05  2.7e-01  6.1e-01  2.1e-01  2.3e-03  2.1e-01
  76  T 0   2.371e+06  -4e-04  0.98  5.0e-01  4.5e-05  2.6e-01  6.1e-01  2.2e-01  3.3e-03  2.2e-01
  77  T 0   2.369e+06  -3e-04  0.98  5.0e-01  5.2e-05  2.4e-01  4.5e-01  2.2e-01  3.5e-03  2.3e-01
  78  T 0   2.367e+06  -2e-04  0.98  5.0e-01  4.5e-05  2.0e-01  4.3e-01  2.3e-01  3.1e-03  2.4e-01
  79  T 0   2.366e+06  -2e-04  0.98  5.0e-01  4.5e-05  1.9e-01  3.1e-01  2.0e-01  2.8e-03  2.1e-01
  80  T 0   2.364e+06  -2e-04  0.98  5.0e-01  4.5e-05  1.5e-01  3.3e-01  2.0e-01  2.8e-03  2.0e-01
  81  T 0   2.363e+06  -2e-04  0.98  5.0e-01  4.1e-05  1.2e-01  2.5e-01  2.0e-01  2.8e-03  2.1e-01
  82  T 0   2.362e+06  -1e-04  0.98  5.0e-01  3.9e-05  1.2e-01  2.8e-01  2.2e-01  3.1e-03  2.2e-01
  83  T 0   2.361e+06  -1e-04  0.98  5.0e-01  4.0e-05  1.3e-01  2.6e-01  2.5e-01  3.3e-03  2.5e-01
  84  T 0   2.359e+06  -1e-04  0.98  5.0e-01  3.6e-05  1.2e-01  2.8e-01  2.6e-01  1.1e-02  2.8e-01
  85  T 0   2.358e+06  -1e-04  0.98  5.0e-01  2.8e-05  1.4e-01  3.1e-01  2.6e-01  2.8e-03  2.6e-01
  86  T 0   2.357e+06  -1e-04  0.99  5.0e-01  3.0e-05  1.5e-01  3.2e-01  2.1e-01  2.8e-03  2.1e-01
  87  T 0   2.356e+06  -8e-05  0.99  5.0e-01  2.8e-05  1.0e-01  2.6e-01  2.0e-01  2.8e-03  2.0e-01
  88  F 0   2.356e+06  -8e-05  0.99  5.0e-01  2.8e-05  0.0e+00  0.0e+00  2.0e-01  2.9e-03  2.0e-01
  88  T 1   2.356e+06  -5e-05  0.99  5.0e-01  3.4e-05  1.3e-01  2.1e-01  2.1e-01  2.3e-03  2.1e-01
  89  F 0   2.356e+06  -5e-05  0.99  5.0e-01  3.4e-05  0.0e+00  0.0e+00  2.0e-01  3.1e-03  2.1e-01
  89  T 1   2.355e+06  -4e-05  0.99  5.0e-01  3.1e-05  7.0e-02  1.8e-01  2.0e-01  2.6e-03  2.0e-01
  90  T 0   2.355e+06  -1e-04  0.99  5.0e-01  3.3e-05  1.1e-01  2.7e-01  2.1e-01  3.2e-03  2.2e-01
  91  F 0   2.355e+06  -1e-04  0.99  5.0e-01  3.3e-05  0.0e+00  0.0e+00  2.0e-01  3.2e-03  2.0e-01
  91  T 1   2.354e+06  -1e-04  0.99  5.0e-01  3.3e-05  6.9e-02  2.1e-01  2.1e-01  2.3e-03  2.2e-01
  92  T 0   2.353e+06  -1e-04  0.99  5.0e-01  2.7e-05  1.1e-01  2.5e-01  2.2e-01  3.1e-03  2.3e-01
  93  T 0   2.352e+06  -9e-05  0.99  5.0e-01  2.7e-05  8.9e-02  2.4e-01  2.1e-01  3.2e-03  2.1e-01
  94  T 0   2.352e+06  -8e-05  0.99  5.0e-01  2.4e-05  9.8e-02  2.5e-01  2.0e-01  2.8e-03  2.1e-01
  95  T 0   2.351e+06  -8e-05  0.99  5.0e-01  2.7e-05  1.2e-01  2.6e-01  2.1e-01  2.8e-03  2.2e-01
  96  T 0   2.350e+06  -8e-05  0.99  5.0e-01  2.4e-05  1.3e-01  2.9e-01  2.4e-01  2.8e-03  2.5e-01
  97  T 0   2.349e+06  -8e-05  0.99  5.0e-01  2.7e-05  1.3e-01  3.1e-01  2.4e-01  2.9e-03  2.4e-01
  98  T 0   2.348e+06  -9e-05  0.99  5.0e-01  2.2e-05  1.3e-01  3.2e-01  2.1e-01  2.8e-03  2.1e-01
  99  T 0   2.347e+06  -8e-05  0.99  5.0e-01  3.0e-05  1.3e-01  3.1e-01  2.3e-01  2.9e-03  2.3e-01
 100  T 0   2.347e+06  -9e-05  0.99  5.0e-01  1.9e-05  1.3e-01  3.2e-01  2.7e-01  3.2e-03  2.7e-01
 101  F 0   2.347e+06  -9e-05  0.99  5.0e-01  1.9e-05  0.0e+00  0.0e+00  2.2e-01  2.8e-03  2.3e-01
 101  T 1   2.346e+06  -3e-05  0.99  5.0e-01  3.0e-05  6.2e-02  1.7e-01  2.3e-01  2.4e-03  2.3e-01
 102  T 0   2.346e+06  -7e-05  0.99  5.0e-01  1.7e-05  1.0e-01  2.5e-01  2.4e-01  2.8e-03  2.5e-01
 103  F 0   2.346e+06  -7e-05  0.99  5.0e-01  1.7e-05  0.0e+00  0.0e+00  2.3e-01  2.8e-03  2.3e-01
 103  T 1   2.345e+06  -5e-05  0.99  5.0e-01  3.2e-05  1.0e-01  2.1e-01  2.3e-01  2.4e-03  2.3e-01
 104  T 0   2.345e+06  -6e-05  0.99  5.0e-01  1.8e-05  9.8e-02  2.2e-01  2.3e-01  3.3e-03  2.3e-01
 105  F 0   2.345e+06  -6e-05  0.99  5.0e-01  1.8e-05  0.0e+00  0.0e+00  2.6e-01  3.3e-03  2.6e-01
 105  T 1   2.345e+06  -5e-05  0.99  5.0e-01  3.2e-05  1.2e-01  2.3e-01  2.0e-01  2.7e-03  2.1e-01
 106  T 0   2.344e+06  -5e-05  0.99  5.0e-01  1.8e-05  8.1e-02  1.8e-01  2.0e-01  3.2e-03  2.1e-01
 107  T 0   2.344e+06  -5e-05  0.99  5.0e-01  2.6e-05  1.5e-01  2.5e-01  2.3e-01  3.4e-03  2.3e-01
 108  T 0   2.343e+06  -5e-05  0.99  5.0e-01  1.6e-05  1.1e-01  2.0e-01  2.3e-01  3.3e-03  2.3e-01
 109  T 0   2.343e+06  -4e-05  0.99  5.0e-01  1.9e-05  1.5e-01  2.3e-01  2.6e-01  3.8e-03  2.6e-01
 110  T 0   2.343e+06  -4e-05  0.99  5.0e-01  1.6e-05  1.2e-01  2.0e-01  2.5e-01  3.0e-03  2.6e-01
 111  T 0   2.342e+06  -3e-05  0.99  5.0e-01  1.6e-05  1.2e-01  2.0e-01  2.0e-01  2.7e-03  2.1e-01
 112  T 0   2.342e+06  -3e-05  0.99  5.0e-01  1.6e-05  9.8e-02  1.8e-01  2.0e-01  2.8e-03  2.1e-01
 113  T 0   2.342e+06  -3e-05  0.99  5.0e-01  1.6e-05  9.5e-02  1.8e-01  2.0e-01  2.8e-03  2.1e-01
 114  T 0   2.342e+06  -3e-05  0.99  5.0e-01  1.4e-05  8.4e-02  1.6e-01  2.1e-01  2.9e-03  2.2e-01
 115  T 0   2.341e+06  -2e-05  0.99  5.0e-01  1.6e-05  4.4e-02  1.3e-01  2.4e-01  2.9e-03  2.4e-01
 116  T 0   2.341e+06  -3e-05  0.99  5.0e-01  1.9e-05  5.5e-02  1.3e-01  2.0e-01  2.8e-03  2.0e-01
 117  F 0   2.341e+06  -3e-05  0.99  5.0e-01  1.9e-05  0.0e+00  0.0e+00  2.5e-01  2.8e-03  2.6e-01
 117  T 1   2.341e+06  -5e-06  0.99  5.0e-01  1.8e-05  2.9e-02  8.5e-02  2.6e-01  1.0e-02  2.7e-01
 118  T 0   2.341e+06  -4e-05  0.99  5.0e-01  2.3e-05  6.2e-02  1.4e-01  2.5e-01  2.8e-03  2.6e-01
 119  F 0   2.341e+06  -4e-05  0.99  5.0e-01  2.3e-05  0.0e+00  0.0e+00  2.3e-01  2.9e-03  2.4e-01
 119  T 1   2.341e+06  -1e-05  0.99  5.0e-01  1.9e-05  5.4e-02  1.1e-01  2.1e-01  2.4e-03  2.1e-01
 120  T 0   2.340e+06  -3e-05  0.99  5.0e-01  1.8e-05  8.4e-02  1.4e-01  2.0e-01  2.9e-03  2.1e-01
 121  F 0   2.340e+06  -3e-05  0.99  5.0e-01  1.8e-05  0.0e+00  0.0e+00  2.1e-01  2.8e-03  2.2e-01
 121  T 1   2.340e+06  -3e-05  0.99  5.0e-01  2.4e-05  7.5e-02  1.7e-01  2.1e-01  2.4e-03  2.1e-01
 122  F 0   2.340e+06  -3e-05  0.99  5.0e-01  2.4e-05  0.0e+00  0.0e+00  2.1e-01  2.8e-03  2.1e-01
 122  T 1   2.340e+06  -2e-05  0.99  5.0e-01  1.8e-05  7.5e-02  1.2e-01  2.1e-01  2.4e-03  2.1e-01
 123  T 0   2.340e+06  -3e-05  0.99  5.0e-01  2.5e-05  1.0e-01  1.9e-01  2.8e-01  2.9e-03  2.8e-01
 124  F 0   2.340e+06  -3e-05  0.99  5.0e-01  2.5e-05  0.0e+00  0.0e+00  2.1e-01  2.8e-03  2.1e-01
 124  T 1   2.340e+06  -1e-05  0.99  5.0e-01  1.3e-05  8.4e-02  1.2e-01  2.2e-01  2.6e-03  2.2e-01
 125  T 0   2.339e+06  -2e-05  0.99  5.0e-01  2.3e-05  7.1e-02  1.3e-01  2.0e-01  2.9e-03  2.1e-01
 126  T 0   2.339e+06  -3e-05  0.99  5.0e-01  1.2e-05  7.5e-02  1.5e-01  2.0e-01  2.8e-03  2.1e-01
 127  T 0   2.339e+06  -4e-05  0.99  5.0e-01  2.5e-05  1.0e-01  1.9e-01  2.0e-01  3.0e-03  2.1e-01
 128  T 0   2.339e+06  -4e-05  0.99  5.0e-01  1.4e-05  8.2e-02  1.6e-01  2.1e-01  2.9e-03  2.1e-01
 129  F 0   2.339e+06  -4e-05  0.99  5.0e-01  1.4e-05  0.0e+00  0.0e+00  2.2e-01  2.8e-03  2.2e-01
 129  T 1   2.338e+06  -2e-05  0.99  5.0e-01  2.3e-05  7.5e-02  1.5e-01  2.1e-01  2.3e-03  2.1e-01
 130  T 0   2.338e+06  -3e-05  0.99  5.0e-01  1.4e-05  1.1e-01  1.6e-01  2.1e-01  2.8e-03  2.1e-01
 131  F 0   2.338e+06  -3e-05  0.99  5.0e-01  1.4e-05  0.0e+00  0.0e+00  2.0e-01  2.9e-03  2.1e-01
 131  F 1   2.338e+06  -3e-05  0.99  5.0e-01  1.4e-05  0.0e+00  0.0e+00  2.1e-01  2.3e-03  2.2e-01
 131  F 2   2.338e+06  -3e-05  0.99  5.0e-01  1.4e-05  0.0e+00  0.0e+00  2.1e-01  2.3e-03  2.1e-01
 131  F 3   2.338e+06  -3e-05  0.99  5.0e-01  1.4e-05  0.0e+00  0.0e+00  2.1e-01  2.3e-03  2.1e-01
 131  F 4   2.338e+06  -3e-05  0.99  5.0e-01  1.4e-05  0.0e+00  0.0e+00  2.1e-01  2.3e-03  2.1e-01
 131  F 5   2.338e+06  -3e-05  0.99  5.0e-01  1.4e-05  0.0e+00  0.0e+00  2.1e-01  2.3e-03  2.2e-01
 131  F 6   2.338e+06  -3e-05  0.99  5.0e-01  1.4e-05  0.0e+00  0.0e+00  2.2e-01  2.3e-03  2.2e-01
 131  F 7   2.338e+06  -3e-05  0.99  5.0e-01  1.4e-05  0.0e+00  0.0e+00  2.0e-01  2.3e-03  2.1e-01
 131  F 8   2.338e+06  -3e-05  0.99  5.0e-01  1.4e-05  0.0e+00  0.0e+00  2.1e-01  2.3e-03  2.1e-01
 131  F 9   2.338e+06  -3e-05  0.99  5.0e-01  1.4e-05  0.0e+00  0.0e+00  2.0e-01  2.3e-03  2.1e-01
 131  F10   2.338e+06  -3e-05  0.99  5.0e-01  1.4e-05  0.0e+00  0.0e+00  2.1e-01  2.4e-03  2.1e-01
 131  F11   2.338e+06  -3e-05  0.99  5.0e-01  1.4e-05  0.0e+00  0.0e+00  2.1e-01  2.3e-03  2.1e-01
 131  F12   2.338e+06  -3e-05  0.99  5.0e-01  1.4e-05  0.0e+00  0.0e+00  2.0e-01  2.3e-03  2.1e-01
 131  F13   2.338e+06  -3e-05  0.99  5.0e-01  1.4e-05  0.0e+00  0.0e+00  2.7e-01  2.3e-03  2.7e-01
 131  F14   2.338e+06  -3e-05  0.99  5.0e-01  1.4e-05  0.0e+00  0.0e+00  2.7e-01  2.3e-03  2.8e-01
 131  F15   2.338e+06  -3e-05  0.99  5.0e-01  1.4e-05  0.0e+00  0.0e+00  2.0e-01  2.3e-03  2.1e-01
 131  F16   2.338e+06  -3e-05  0.99  5.0e-01  1.4e-05  0.0e+00  0.0e+00  2.0e-01  2.2e-03  2.0e-01
 131  F17   2.338e+06  -3e-05  0.99  5.0e-01  1.4e-05  0.0e+00  0.0e+00  2.0e-01  2.3e-03  2.1e-01
 131  F18   2.338e+06  -3e-05  0.99  5.0e-01  1.4e-05  0.0e+00  0.0e+00  2.0e-01  2.3e-03  2.0e-01
 131  F19   2.338e+06  -3e-05  0.99  5.0e-01  1.4e-05  0.0e+00  0.0e+00  2.0e-01  2.4e-03  2.0e-01
 131  F20   2.338e+06  -3e-05  0.99  5.0e-01  1.4e-05  0.0e+00  0.0e+00  2.7e-01  2.3e-03  2.7e-01
 131  F21   2.338e+06  -3e-05  0.99  5.0e-01  1.4e-05  0.0e+00  0.0e+00  2.1e-01  2.3e-03  2.1e-01
 131  F22   2.338e+06  -3e-05  0.99  5.0e-01  1.4e-05  0.0e+00  0.0e+00  2.0e-01  2.3e-03  2.0e-01
 131  F23   2.338e+06  -3e-05  0.99  5.0e-01  1.4e-05  0.0e+00  0.0e+00  2.1e-01  2.2e-03  2.1e-01
 131  F24   2.338e+06  -3e-05  0.99  5.0e-01  1.4e-05  0.0e+00  0.0e+00  2.1e-01  2.3e-03  2.1e-01
 131  F25   2.338e+06  -3e-05  0.99  5.0e-01  1.4e-05  0.0e+00  0.0e+00  2.0e-01  2.3e-03  2.1e-01
 131  F26   2.338e+06  -3e-05  0.99  5.0e-01  1.4e-05  0.0e+00  0.0e+00  2.0e-01  2.3e-03  2.1e-01
 131  F27   2.338e+06  -3e-05  0.99  5.0e-01  1.4e-05  0.0e+00  0.0e+00  2.5e-01  2.3e-03  2.5e-01
 131  F28   2.338e+06  -3e-05  0.99  5.0e-01  1.4e-05  0.0e+00  0.0e+00  2.2e-01  2.3e-03  2.2e-01
 131  F29   2.338e+06  -3e-05  0.99  5.0e-01  1.4e-05  0.0e+00  0.0e+00  2.4e-01  2.3e-03  2.4e-01
 131  F30   2.338e+06  -3e-05  0.99  5.0e-01  1.4e-05  0.0e+00  0.0e+00  2.7e-01  2.3e-03  2.7e-01
 131  F31   2.338e+06  -3e-05  0.99  5.0e-01  1.4e-05  0.0e+00  0.0e+00  2.1e-01  2.3e-03  2.2e-01
Enforced Termination; excessive conservatism
Total number of system evaluations: 299
