   k  l     Obj         Vio    Bou   ML       |KKT|    |dX|     ||dX||   T_s      T_o      T_t
   0  T 0   9.132e+07  -9e+00  1.00  5.0e-01  0.0e+00  1.0e+00  1.0e+00  4.3e-01  0.0e+00  0.0e+00
   1  T 0   4.977e+07  -5e+00  0.12  5.0e-01  1.4e-03  5.0e-01  2.8e+01  2.0e-01  3.6e-03  2.0e-01
   2  F 0   7.936e+13  -3e+00  0.95  5.0e-01  2.0e+03  5.0e-01  2.9e+01  2.0e-01  1.2e-03  2.0e-01
   3  F 0   1.734e+08  -1e+00  0.56  5.0e-01  6.0e-01  5.0e-01  2.1e+01  2.2e-01  1.1e-03  2.2e-01
   4  F 0   7.051e+07  -7e-01  0.52  5.0e-01  8.4e-02  5.0e-01  1.5e+01  2.1e-01  1.2e-03  2.1e-01
   5  F 0   1.058e+08  -8e-01  0.67  4.2e-01  4.4e-01  4.2e-01  1.2e+01  2.0e-01  1.2e-03  2.0e-01
   6  T 0   2.025e+07  -9e-01  0.58  5.0e-01  1.2e-02  5.0e-01  1.0e+01  2.0e-01  1.2e-03  2.0e-01
   7  T 0   1.473e+07  -8e-01  0.58  5.0e-01  9.3e-03  5.0e-01  7.6e+00  2.0e-01  1.2e-03  2.0e-01
   8  T 0   1.016e+07  -9e-01  0.62  4.2e-01  1.6e-03  3.5e-01  5.8e+00  2.1e-01  1.2e-03  2.1e-01
   9  T 0   8.896e+06  -8e-01  0.62  5.0e-01  2.1e-03  5.0e-01  4.6e+00  2.1e-01  1.3e-03  2.1e-01
  10  T 0   7.185e+06  -8e-01  0.65  3.6e-01  9.2e-04  3.6e-01  3.7e+00  2.1e-01  1.2e-03  2.1e-01
  11  T 0   6.112e+06  -7e-01  0.69  3.6e-01  5.6e-04  2.5e-01  3.3e+00  2.0e-01  1.2e-03  2.0e-01
  12  T 0   5.381e+06  -7e-01  0.72  3.0e-01  3.6e-04  2.9e-01  2.9e+00  2.0e-01  1.2e-03  2.0e-01
  13  T 0   4.885e+06  -6e-01  0.75  3.6e-01  5.0e-04  2.1e-01  2.5e+00  2.0e-01  1.2e-03  2.1e-01
  14  T 0   4.448e+06  -5e-01  0.78  2.5e-01  3.0e-04  2.5e-01  2.2e+00  2.0e-01  1.4e-03  2.0e-01
  15  T 0   4.043e+06  -5e-01  0.80  3.0e-01  4.3e-04  2.5e-01  2.2e+00  2.0e-01  1.2e-03  2.0e-01
  16  T 0   3.700e+06  -4e-01  0.83  3.6e-01  2.9e-04  2.1e-01  2.1e+00  2.0e-01  1.2e-03  2.0e-01
  17  T 0   3.437e+06  -3e-01  0.85  2.5e-01  1.2e-02  2.1e-01  2.1e+00  2.0e-01  1.3e-03  2.0e-01
  18  T 0   3.285e+06  -3e-01  0.87  3.0e-01  2.6e-04  1.8e-01  1.5e+00  2.0e-01  1.3e-03  2.0e-01
  19  T 0   3.131e+06  -2e-01  0.88  3.0e-01  3.0e-04  2.1e-01  1.3e+00  2.5e-01  1.2e-03  2.5e-01
  20  T 0   3.001e+06  -2e-01  0.89  2.5e-01  9.0e-04  1.5e-01  1.1e+00  2.0e-01  1.2e-03  2.0e-01
  21  T 0   2.896e+06  -1e-01  0.90  3.1e-01  4.8e-04  1.8e-01  1.2e+00  2.0e-01  1.2e-03  2.0e-01
  22  T 0   2.835e+06  -1e-01  0.91  2.1e-01  1.0e-03  1.9e-01  1.2e+00  2.1e-01  1.2e-03  2.1e-01
  23  T 0   2.791e+06  -1e-01  0.90  2.6e-01  3.8e-04  2.1e-01  1.3e+00  2.0e-01  1.3e-03  2.0e-01
  24  T 0   2.711e+06  -7e-02  0.90  2.6e-01  6.3e-04  1.8e-01  1.1e+00  2.0e-01  1.3e-03  2.0e-01
  25  T 0   2.659e+06  -5e-02  0.91  3.1e-01  1.1e-03  2.2e-01  8.6e-01  2.0e-01  1.2e-03  2.0e-01
  26  T 0   2.614e+06  -4e-02  0.92  2.6e-01  6.4e-04  1.5e-01  8.5e-01  2.0e-01  1.3e-03  2.0e-01
  27  T 0   2.577e+06  -2e-02  0.92  1.8e-01  6.0e-04  1.8e-01  8.3e-01  2.0e-01  1.2e-03  2.1e-01
  28  T 0   2.548e+06  -4e-03  0.93  2.2e-01  5.4e-04  2.2e-01  7.7e-01  2.0e-01  1.2e-03  2.0e-01
  29  T 0   2.520e+06  -2e-05  0.93  2.6e-01  1.2e-03  1.5e-01  6.8e-01  2.0e-01  3.3e-03  2.0e-01
  30  T 0   2.501e+06  -1e-06  0.94  3.1e-01  1.2e-03  2.6e-01  7.2e-01  2.0e-01  2.5e-03  2.0e-01
  31  T 0   2.483e+06  -2e-05  0.94  2.2e-01  8.0e-04  1.8e-01  6.7e-01  2.0e-01  2.9e-03  2.1e-01
  32  T 0   2.468e+06   2e-05  0.94  1.5e-01  1.5e-03  1.5e-01  6.3e-01  2.1e-01  2.9e-03  2.1e-01
  33  T 0   2.456e+06   7e-07  0.95  1.8e-01  2.7e-04  1.8e-01  5.9e-01  2.1e-01  3.1e-03  2.1e-01
  34  T 0   2.446e+06   7e-06  0.95  2.2e-01  1.4e-04  1.3e-01  5.0e-01  2.0e-01  2.1e-03  2.0e-01
  35  T 0   2.436e+06   4e-05  0.96  2.2e-01  1.2e-04  1.5e-01  4.6e-01  2.0e-01  2.5e-03  2.0e-01
  36  T 0   2.427e+06   6e-05  0.96  1.9e-01  1.1e-04  1.3e-01  4.4e-01  2.0e-01  1.9e-03  2.0e-01
  37  T 0   2.420e+06   9e-06  0.96  2.2e-01  1.4e-04  1.5e-01  4.5e-01  2.0e-01  1.2e-03  2.0e-01
  38  T 0   2.414e+06  -4e-07  0.96  1.6e-01  1.2e-04  1.6e-01  4.5e-01  2.1e-01  1.6e-03  2.1e-01
  39  T 0   2.408e+06  -3e-05  0.96  1.9e-01  1.6e-04  1.1e-01  4.2e-01  2.0e-01  2.3e-03  2.0e-01
  40  T 0   2.403e+06  -3e-05  0.97  2.2e-01  1.2e-04  2.2e-01  4.2e-01  2.1e-01  2.9e-03  2.1e-01
  41  T 0   2.397e+06  -2e-05  0.97  1.6e-01  1.1e-04  1.6e-01  3.8e-01  2.0e-01  2.7e-03  2.1e-01
  42  T 0   2.392e+06  -4e-07  0.97  1.1e-01  1.3e-04  1.1e-01  3.5e-01  2.0e-01  3.2e-03  2.1e-01
  43  T 0   2.388e+06  -6e-06  0.97  1.3e-01  1.4e-04  1.3e-01  3.9e-01  2.0e-01  2.1e-03  2.1e-01
  44  T 0   2.384e+06   5e-06  0.97  1.6e-01  2.3e-04  1.6e-01  3.9e-01  2.0e-01  3.6e-03  2.0e-01
  45  T 0   2.378e+06   5e-05  0.97  1.9e-01  5.0e-04  1.1e-01  3.4e-01  2.1e-01  1.9e-03  2.2e-01
  46  T 0   2.374e+06  -2e-05  0.97  2.3e-01  1.5e-04  1.3e-01  3.1e-01  2.0e-01  2.3e-03  2.0e-01
  47  T 0   2.371e+06  -5e-06  0.97  1.6e-01  1.8e-04  1.6e-01  3.3e-01  2.1e-01  2.3e-03  2.1e-01
  48  T 0   2.368e+06   2e-14  0.97  1.1e-01  2.0e-04  1.1e-01  3.2e-01  2.2e-01  3.0e-03  2.2e-01
  49  T 0   2.367e+06  -2e-07  0.97  1.3e-01  2.1e-04  1.3e-01  2.9e-01  2.0e-01  2.7e-03  2.0e-01
  50  T 0   2.366e+06   7e-14  0.97  1.6e-01  1.8e-04  1.6e-01  3.3e-01  2.0e-01  3.3e-03  2.0e-01
  51  T 0   2.365e+06   1e-05  0.97  1.9e-01  8.5e-05  1.1e-01  3.0e-01  2.1e-01  2.8e-03  2.1e-01
  52  T 0   2.362e+06  -2e-06  0.97  1.3e-01  6.6e-05  1.3e-01  2.7e-01  2.0e-01  2.5e-03  2.0e-01
  53  T 0   2.361e+06   4e-07  0.97  9.5e-02  7.9e-05  9.5e-02  2.4e-01  2.0e-01  2.7e-03  2.0e-01
  54  T 0   2.359e+06  -2e-04  0.98  1.1e-01  1.0e-04  1.1e-01  2.5e-01  2.0e-01  1.8e-03  2.0e-01
  55  T 0   2.357e+06  -1e-05  0.98  1.4e-01  1.7e-04  1.4e-01  2.7e-01  2.0e-01  3.7e-03  2.1e-01
  56  T 0   2.355e+06  -3e-06  0.98  1.6e-01  5.8e-05  1.6e-01  2.6e-01  2.1e-01  3.5e-03  2.2e-01
  57  T 0   2.354e+06   9e-06  0.98  1.1e-01  5.7e-05  1.1e-01  2.2e-01  2.1e-01  2.3e-03  2.1e-01
  58  T 0   2.353e+06   9e-06  0.98  1.4e-01  7.1e-05  8.0e-02  1.8e-01  2.1e-01  2.6e-03  2.1e-01
  59  T 0   2.352e+06  -4e-06  0.98  9.6e-02  6.3e-05  9.6e-02  2.1e-01  2.1e-01  3.1e-03  2.1e-01
  60  T 0   2.351e+06  -2e-05  0.98  1.2e-01  1.2e-04  1.2e-01  2.2e-01  2.0e-01  3.3e-03  2.0e-01
  61  T 0   2.349e+06  -2e-05  0.98  8.1e-02  3.3e-04  8.1e-02  1.8e-01  2.0e-01  2.6e-03  2.0e-01
  62  T 0   2.348e+06   2e-13  0.98  9.7e-02  5.8e-05  5.7e-02  1.8e-01  2.0e-01  2.2e-03  2.1e-01
  63  T 0   2.347e+06  -8e-06  0.98  6.8e-02  6.3e-05  6.8e-02  2.1e-01  2.1e-01  1.2e-03  2.1e-01
  64  T 0   2.347e+06  -2e-05  0.98  8.1e-02  5.4e-05  8.1e-02  1.8e-01  2.2e-01  3.1e-03  2.3e-01
  65  T 0   2.346e+06  -1e-04  0.98  9.8e-02  1.8e-04  5.7e-02  1.7e-01  2.0e-01  2.3e-03  2.0e-01
  66  T 0   2.344e+06   7e-05  0.98  6.8e-02  3.2e-04  6.8e-02  1.7e-01  2.0e-01  1.9e-03  2.0e-01
  67  T 0   2.343e+06  -1e-07  0.98  8.2e-02  3.9e-05  8.2e-02  1.8e-01  2.0e-01  2.2e-03  2.0e-01
  68  T 0   2.343e+06  -7e-06  0.98  9.9e-02  4.4e-05  9.9e-02  2.1e-01  2.0e-01  1.9e-03  2.0e-01
  69  T 0   2.343e+06  -6e-06  0.98  1.2e-01  3.7e-05  6.9e-02  1.6e-01  2.0e-01  1.5e-03  2.0e-01
  70  T 0   2.342e+06   1e-05  0.98  1.4e-01  3.9e-05  8.3e-02  1.5e-01  2.0e-01  1.8e-03  2.0e-01
  71  T 0   2.342e+06   2e-05  0.98  9.9e-02  2.9e-05  5.8e-02  1.2e-01  2.0e-01  2.1e-03  2.0e-01
  72  T 0   2.342e+06   2e-05  0.98  7.0e-02  3.3e-05  4.1e-02  1.1e-01  2.0e-01  2.1e-03  2.0e-01
  73  T 0   2.341e+06  -1e-05  0.98  4.9e-02  3.3e-05  4.9e-02  1.1e-01  2.0e-01  2.1e-03  2.0e-01
  74  T 0   2.341e+06  -7e-06  0.98  5.8e-02  3.3e-05  5.8e-02  1.2e-01  2.0e-01  1.9e-03  2.0e-01
  75  T 0   2.340e+06   2e-06  0.98  7.0e-02  2.7e-05  7.0e-02  1.3e-01  2.0e-01  3.5e-03  2.0e-01
  76  T 0   2.340e+06  -3e-05  0.98  8.4e-02  3.0e-05  8.4e-02  1.4e-01  2.0e-01  1.9e-03  2.0e-01
  77  T 0   2.340e+06   6e-06  0.98  1.0e-01  4.2e-05  1.0e-01  1.6e-01  2.1e-01  2.1e-03  2.1e-01
  78  T 0   2.339e+06   7e-10  0.98  7.1e-02  3.1e-05  7.1e-02  1.3e-01  2.0e-01  2.2e-03  2.0e-01
  79  T 0   2.339e+06  -7e-06  0.98  8.5e-02  4.0e-05  4.9e-02  1.2e-01  2.1e-01  1.7e-03  2.1e-01
  80  T 0   2.339e+06  -9e-06  0.98  5.9e-02  3.5e-05  5.9e-02  1.1e-01  2.1e-01  3.2e-03  2.2e-01
  81  T 0   2.338e+06   5e-07  0.98  4.2e-02  4.2e-05  4.2e-02  1.1e-01  2.1e-01  2.7e-03  2.1e-01
  82  T 0   2.338e+06  -1e-06  0.98  5.0e-02  2.6e-05  5.0e-02  1.2e-01  2.0e-01  3.4e-03  2.0e-01
  83  T 0   2.338e+06   6e-06  0.98  6.0e-02  3.8e-05  6.0e-02  1.3e-01  2.0e-01  2.9e-03  2.0e-01
  84  T 0   2.337e+06   3e-05  0.98  7.2e-02  2.9e-05  7.2e-02  1.2e-01  2.0e-01  2.7e-03  2.0e-01
  85  T 0   2.337e+06   2e-05  0.99  5.0e-02  3.3e-05  5.0e-02  1.2e-01  2.0e-01  2.8e-03  2.0e-01
  86  T 0   2.337e+06  -1e-05  0.99  6.0e-02  2.8e-05  6.0e-02  1.3e-01  2.0e-01  2.7e-03  2.0e-01
  87  T 0   2.336e+06   7e-14  0.99  7.2e-02  2.7e-05  7.2e-02  1.6e-01  2.1e-01  4.0e-03  2.2e-01
  88  T 0   2.335e+06   1e-05  0.99  8.7e-02  2.6e-05  8.7e-02  1.8e-01  2.0e-01  1.4e-03  2.0e-01
  89  T 0   2.335e+06  -2e-05  0.99  1.0e-01  2.9e-05  1.0e-01  2.0e-01  2.0e-01  2.5e-03  2.0e-01
  90  T 0   2.334e+06   7e-05  0.99  1.3e-01  4.7e-05  1.3e-01  2.1e-01  2.0e-01  1.9e-03  2.0e-01
  91  T 0   2.334e+06  -4e-05  0.99  1.5e-01  4.6e-05  1.5e-01  2.8e-01  2.0e-01  1.7e-03  2.0e-01
  92  T 0   2.333e+06   2e-13  0.99  1.8e-01  7.1e-05  1.8e-01  2.5e-01  2.0e-01  3.0e-03  2.0e-01
  93  T 0   2.333e+06  -2e-16  0.99  2.2e-01  5.6e-05  2.2e-01  2.9e-01  2.0e-01  3.5e-03  2.0e-01
  94  T 0   2.332e+06  -4e-06  0.99  1.5e-01  6.4e-05  1.5e-01  2.4e-01  2.0e-01  3.4e-03  2.0e-01
  95  T 0   2.332e+06  -3e-05  0.99  1.1e-01  4.9e-05  1.1e-01  1.9e-01  2.0e-01  3.0e-03  2.0e-01
  96  T 0   2.331e+06   0e+00  0.99  1.3e-01  4.5e-05  4.3e-02  1.3e-01  2.0e-01  2.7e-03  2.0e-01
  97  T 0   2.331e+06   3e-14  0.99  8.9e-02  4.2e-05  8.9e-02  1.7e-01  2.0e-01  3.0e-03  2.0e-01
  98  T 0   2.331e+06   2e-06  0.99  6.2e-02  4.5e-05  6.2e-02  1.8e-01  2.0e-01  3.9e-03  2.0e-01
  99  T 0   2.331e+06  -4e-06  0.99  7.5e-02  4.8e-05  7.5e-02  1.6e-01  2.0e-01  2.2e-03  2.0e-01
 100  T 0   2.331e+06   5e-06  0.99  5.2e-02  4.1e-05  5.2e-02  1.2e-01  2.1e-01  2.9e-03  2.1e-01
 101  T 0   2.330e+06   2e-06  0.99  6.3e-02  4.6e-05  6.3e-02  1.2e-01  2.0e-01  1.7e-03  2.0e-01
 102  T 0   2.330e+06  -1e-05  0.99  7.5e-02  4.7e-05  7.5e-02  1.2e-01  2.1e-01  1.8e-03  2.1e-01
 103  T 0   2.330e+06  -8e-13  0.99  9.0e-02  4.9e-05  5.3e-02  1.1e-01  2.3e-01  2.4e-03  2.3e-01
 104  T 0   2.330e+06  -2e-05  0.99  1.1e-01  5.1e-05  7.0e-02  1.3e-01  2.0e-01  3.4e-03  2.0e-01
 105  T 0   2.329e+06  -5e-06  0.99  1.3e-01  5.5e-05  7.6e-02  1.3e-01  2.0e-01  2.7e-03  2.0e-01
 106  T 0   2.329e+06  -8e-06  0.99  1.6e-01  5.6e-05  9.1e-02  1.6e-01  2.0e-01  2.9e-03  2.0e-01
 107  T 0   2.329e+06   7e-06  0.99  1.1e-01  5.9e-05  1.1e-01  1.6e-01  2.4e-01  1.9e-03  2.4e-01
 108  T 0   2.329e+06   0e+00  0.99  1.3e-01  5.8e-05  1.3e-01  1.6e-01  2.3e-01  2.6e-03  2.3e-01
 109  F 0   2.329e+06   6e-07  0.99  1.6e-01  5.5e-05  1.6e-01  2.1e-01  2.1e-01  1.9e-03  2.1e-01
 110  T 0   2.329e+06   3e-06  0.99  1.1e-01  6.0e-05  1.1e-01  1.6e-01  2.1e-01  2.1e-03  2.1e-01
 111  T 0   2.329e+06   3e-06  0.99  7.7e-02  5.6e-05  4.5e-02  1.0e-01  2.3e-01  3.6e-03  2.3e-01
 112  T 0   2.329e+06  -2e-16  0.99  9.3e-02  5.9e-05  7.6e-02  1.0e-01  2.0e-01  1.4e-02  2.1e-01
 113  T 0   2.328e+06  -8e-06  0.99  1.1e-01  5.3e-05  7.3e-02  9.6e-02  2.0e-01  5.2e-03  2.0e-01
 114  T 0   2.328e+06   3e-07  0.99  7.8e-02  5.8e-05  7.8e-02  1.0e-01  2.0e-01  2.4e-03  2.1e-01
 115  T 0   2.328e+06   3e-06  0.99  5.4e-02  5.4e-05  4.5e-02  7.8e-02  2.0e-01  4.7e-03  2.1e-01
 116  T 0   2.328e+06   2e-06  0.99  5.4e-02  5.6e-05  5.4e-02  8.8e-02  2.0e-01  4.1e-03  2.1e-01
 117  T 0   2.328e+06  -4e-05  0.99  6.5e-02  5.3e-05  6.5e-02  9.9e-02  2.0e-01  3.0e-03  2.0e-01
 118  T 0   2.328e+06   8e-06  0.99  7.8e-02  5.2e-05  7.8e-02  1.2e-01  2.2e-01  1.5e-03  2.2e-01
 119  T 0   2.327e+06   1e-05  0.99  9.4e-02  5.1e-05  9.4e-02  1.4e-01  2.0e-01  1.7e-03  2.0e-01
 120  T 0   2.327e+06   7e-05  0.99  1.1e-01  4.9e-05  1.1e-01  1.7e-01  2.0e-01  2.2e-03  2.0e-01
 121  T 0   2.327e+06   7e-06  0.99  1.4e-01  4.8e-05  7.9e-02  1.6e-01  2.0e-01  2.1e-03  2.0e-01
 122  T 0   2.327e+06  -5e-06  0.99  1.6e-01  4.9e-05  9.5e-02  1.7e-01  2.0e-01  3.3e-03  2.0e-01
 123  T 0   2.326e+06   8e-06  0.99  1.1e-01  4.7e-05  1.1e-01  1.9e-01  2.1e-01  2.8e-03  2.2e-01
 124  T 0   2.326e+06   7e-07  0.99  1.4e-01  4.5e-05  1.4e-01  2.2e-01  2.0e-01  2.6e-03  2.0e-01
 125  T 0   2.326e+06   2e-05  0.99  1.6e-01  4.4e-05  6.7e-02  1.7e-01  2.0e-01  2.2e-03  2.0e-01
 126  T 0   2.326e+06   1e-05  0.99  2.0e-01  3.9e-05  8.0e-02  1.9e-01  2.1e-01  2.5e-03  2.1e-01
 127  T 0   2.325e+06  -7e-06  0.99  1.7e-01  3.2e-05  1.7e-01  2.6e-01  2.0e-01  1.7e-03  2.0e-01
 128  T 0   2.325e+06   3e-06  0.99  1.2e-01  3.5e-05  1.2e-01  1.9e-01  2.2e-01  2.5e-03  2.2e-01
 129  T 0   2.324e+06  -4e-05  0.99  8.1e-02  3.5e-05  8.1e-02  1.7e-01  2.0e-01  1.9e-03  2.0e-01
 130  T 0   2.324e+06   3e-05  0.99  9.7e-02  3.9e-05  9.7e-02  2.2e-01  2.0e-01  1.7e-03  2.0e-01
 131  T 0   2.324e+06  -4e-06  0.99  1.2e-01  2.9e-05  1.2e-01  2.2e-01  2.0e-01  2.7e-03  2.1e-01
 132  T 0   2.323e+06   2e-05  0.99  1.4e-01  3.2e-05  1.4e-01  2.4e-01  2.0e-01  1.8e-03  2.1e-01
 133  T 0   2.323e+06   4e-06  0.99  1.7e-01  3.4e-05  1.6e-01  2.2e-01  2.1e-01  3.1e-03  2.2e-01
 134  T 0   2.323e+06  -9e-06  0.99  2.0e-01  4.2e-05  2.0e-01  2.4e-01  2.1e-01  1.9e-03  2.1e-01
 135  T 0   2.323e+06  -1e-05  0.99  1.4e-01  3.4e-05  1.4e-01  1.8e-01  2.1e-01  1.8e-03  2.1e-01
 136  T 0   2.323e+06  -2e-04  0.99  9.9e-02  3.6e-05  9.9e-02  1.5e-01  2.1e-01  1.4e-03  2.1e-01
 137  T 0   2.322e+06   4e-05  0.99  1.2e-01  3.3e-05  1.2e-01  1.8e-01  2.0e-01  1.4e-03  2.1e-01
 138  T 0   2.322e+06   3e-06  0.99  1.4e-01  3.6e-05  8.3e-02  1.5e-01  2.0e-01  2.0e-03  2.1e-01
 139  T 0   2.322e+06   5e-05  0.99  9.9e-02  2.7e-05  9.9e-02  1.6e-01  2.0e-01  2.1e-03  2.0e-01
 140  T 0   2.322e+06  -5e-05  0.99  7.0e-02  3.0e-05  7.0e-02  1.5e-01  2.0e-01  2.6e-03  2.1e-01
 141  T 0   2.321e+06  -3e-13  0.99  8.4e-02  2.8e-05  6.8e-02  1.4e-01  2.0e-01  2.5e-03  2.0e-01
 142  T 0   2.321e+06  -6e-05  0.99  1.0e-01  2.4e-05  1.0e-01  1.9e-01  2.0e-01  1.7e-03  2.1e-01
 143  T 0   2.321e+06  -2e-05  0.99  7.0e-02  2.5e-05  7.0e-02  1.6e-01  2.0e-01  2.0e-03  2.0e-01
 144  T 0   2.321e+06  -2e-05  0.99  8.4e-02  2.3e-05  8.4e-02  1.4e-01  2.0e-01  2.4e-03  2.0e-01
 145  T 0   2.320e+06  -5e-06  0.99  1.0e-01  3.9e-05  1.0e-01  1.9e-01  2.0e-01  2.8e-03  2.0e-01
 146  T 0   2.320e+06   2e-05  0.99  1.2e-01  3.8e-05  1.2e-01  2.2e-01  2.0e-01  3.6e-03  2.0e-01
 147  T 0   2.320e+06   1e-06  0.99  8.5e-02  3.9e-05  8.5e-02  1.9e-01  2.0e-01  2.5e-03  2.0e-01
 148  T 0   2.320e+06  -9e-06  0.99  1.0e-01  4.2e-05  1.0e-01  1.9e-01  2.0e-01  1.8e-03  2.0e-01
 149  T 0   2.319e+06   1e-05  0.99  1.2e-01  4.2e-05  1.2e-01  2.1e-01  2.0e-01  2.9e-03  2.0e-01
 150  T 0   2.319e+06  -1e-04  0.99  1.5e-01  4.2e-05  1.4e-01  2.1e-01  2.0e-01  1.9e-03  2.0e-01
 151  T 0   2.319e+06   1e-05  0.99  1.0e-01  6.0e-05  1.0e-01  1.9e-01  2.0e-01  1.5e-03  2.0e-01
 152  T 0   2.319e+06   1e-05  0.99  7.2e-02  6.0e-05  7.2e-02  1.6e-01  2.1e-01  1.7e-03  2.1e-01
 153  T 0   2.319e+06  -7e-06  0.99  8.2e-02  6.2e-05  8.2e-02  1.5e-01  2.0e-01  2.8e-03  2.0e-01
 154  T 0   2.318e+06   2e-05  0.99  9.9e-02  6.2e-05  9.9e-02  1.7e-01  2.0e-01  1.4e-03  2.0e-01
 155  T 0   2.318e+06   4e-05  0.99  1.2e-01  6.4e-05  1.2e-01  1.8e-01  2.1e-01  1.5e-03  2.1e-01
 156  T 0   2.318e+06   7e-07  0.99  8.3e-02  6.7e-05  8.3e-02  1.7e-01  2.6e-01  1.6e-03  2.6e-01
 157  T 0   2.318e+06   2e-06  0.99  8.1e-02  6.5e-05  8.1e-02  1.7e-01  2.1e-01  3.2e-03  2.1e-01
 158  T 0   2.317e+06   3e-06  0.99  9.7e-02  6.9e-05  9.7e-02  1.7e-01  2.1e-01  3.4e-03  2.1e-01
 159  T 0   2.317e+06  -6e-06  0.99  1.2e-01  6.9e-05  1.2e-01  2.2e-01  2.3e-01  2.9e-03  2.3e-01
 160  T 0   2.317e+06   1e-14  0.99  1.4e-01  6.7e-05  1.4e-01  2.5e-01  2.0e-01  2.3e-03  2.0e-01
 161  T 0   2.316e+06  -6e-11  0.99  1.7e-01  7.2e-05  1.7e-01  2.5e-01  2.1e-01  4.6e-03  2.1e-01
 162  T 0   2.316e+06   3e-07  0.99  1.5e-01  7.2e-05  8.4e-02  1.9e-01  2.0e-01  2.9e-03  2.0e-01
 163  T 0   2.316e+06  -2e-05  0.99  1.1e-01  7.3e-05  8.2e-02  1.9e-01  2.0e-01  2.3e-03  2.1e-01
 164  T 0   2.315e+06   5e-05  0.99  9.9e-02  7.2e-05  9.9e-02  2.1e-01  2.0e-01  2.6e-03  2.0e-01
 165  T 0   2.315e+06  -8e-06  0.99  1.2e-01  7.6e-05  9.7e-02  2.1e-01  2.1e-01  2.5e-03  2.2e-01
 166  T 0   2.314e+06   2e-05  0.99  1.2e-01  7.8e-05  1.2e-01  2.3e-01  2.0e-01  1.5e-03  2.0e-01
 167  T 0   2.314e+06   2e-05  0.99  1.4e-01  7.8e-05  1.1e-01  2.1e-01  2.0e-01  2.5e-03  2.0e-01
 168  T 0   2.313e+06  -1e-05  0.99  1.3e-01  8.1e-05  1.3e-01  2.5e-01  2.0e-01  2.5e-03  2.0e-01
 169  T 0   2.313e+06  -8e-05  0.99  1.5e-01  8.2e-05  1.2e-01  2.5e-01  2.0e-01  1.9e-03  2.0e-01
 170  T 0   2.313e+06   5e-15  0.99  1.8e-01  8.3e-05  1.5e-01  2.8e-01  2.1e-01  3.0e-03  2.2e-01
 171  T 0   2.313e+06   2e-05  0.99  1.6e-01  8.3e-05  1.3e-01  2.6e-01  2.1e-01  2.2e-03  2.2e-01
 172  T 0   2.312e+06   8e-05  0.99  1.1e-01  8.3e-05  1.1e-01  2.2e-01  2.0e-01  2.8e-03  2.0e-01
 173  T 0   2.312e+06   4e-06  0.99  1.1e-01  8.2e-05  1.1e-01  2.1e-01  2.0e-01  2.1e-03  2.0e-01
 174  T 0   2.311e+06   0e+00  0.99  9.9e-02  8.0e-05  8.3e-02  1.9e-01  2.0e-01  2.5e-03  2.0e-01
 175  T 0   2.311e+06   8e-07  0.99  6.9e-02  8.0e-05  6.9e-02  1.7e-01  2.0e-01  1.5e-03  2.0e-01
 176  T 0   2.310e+06  -4e-06  0.99  7.7e-02  7.7e-05  7.7e-02  1.5e-01  2.0e-01  2.3e-03  2.0e-01
 177  T 0   2.310e+06   1e-12  0.99  9.2e-02  7.6e-05  6.1e-02  1.4e-01  2.0e-01  2.0e-03  2.0e-01
 178  T 0   2.309e+06  -8e-06  0.99  8.6e-02  7.4e-05  8.6e-02  1.8e-01  2.0e-01  1.5e-03  2.0e-01
 179  T 0   2.308e+06   5e-06  0.99  1.0e-01  7.3e-05  1.0e-01  2.1e-01  2.0e-01  2.7e-03  2.0e-01
 180  T 0   2.307e+06   5e-06  0.99  1.0e-01  6.7e-05  1.0e-01  2.1e-01  2.4e-01  2.3e-03  2.4e-01
 181  T 0   2.306e+06  -1e-05  0.99  1.3e-01  6.2e-05  1.3e-01  2.1e-01  2.1e-01  2.1e-03  2.1e-01
 182  T 0   2.305e+06   4e-05  0.99  1.5e-01  5.6e-05  1.5e-01  2.2e-01  2.1e-01  2.7e-03  2.1e-01
 183  T 0   2.304e+06  -3e-07  0.99  1.8e-01  5.3e-05  9.6e-02  2.0e-01  2.0e-01  2.8e-03  2.1e-01
 184  T 0   2.303e+06  -4e-07  0.99  2.2e-01  5.0e-05  8.1e-02  1.9e-01  2.0e-01  3.1e-03  2.0e-01
 185  T 0   2.303e+06  -2e-05  0.99  1.5e-01  4.4e-05  9.7e-02  1.7e-01  2.0e-01  3.7e-03  2.0e-01
 186  T 0   2.302e+06   8e-07  0.99  1.2e-01  3.4e-05  1.2e-01  2.0e-01  2.4e-01  2.4e-03  2.4e-01
 187  T 0   2.301e+06   6e-06  0.99  1.4e-01  3.2e-05  1.4e-01  2.4e-01  2.1e-01  3.5e-03  2.1e-01
 188  T 0   2.300e+06  -2e-06  0.99  1.7e-01  4.3e-05  1.6e-01  2.5e-01  1.7e-01  2.8e-03  1.8e-01
 189  T 0   2.300e+06   1e-13  0.99  2.0e-01  3.2e-05  1.6e-01  2.2e-01  1.3e-01  1.7e-03  1.4e-01
 190  T 0   2.300e+06  -6e-05  0.99  2.0e-01  3.1e-05  1.2e-01  1.5e-01  1.4e-01  1.8e-03  1.5e-01
 191  T 0   2.300e+06  -6e-06  0.99  2.3e-01  4.3e-05  8.4e-02  1.2e-01  1.4e-01  1.7e-03  1.4e-01
 192  T 0   2.300e+06  -3e-05  0.99  1.6e-01  4.2e-05  5.9e-02  1.1e-01  1.3e-01  1.3e-03  1.4e-01
 193  T 0   2.300e+06  -4e-05  0.99  1.1e-01  4.6e-05  4.1e-02  9.8e-02  1.4e-01  1.7e-03  1.4e-01
 194  T 0   2.300e+06   4e-05  0.99  8.0e-02  4.3e-05  4.0e-02  8.5e-02  1.4e-01  1.5e-03  1.4e-01
 195  T 0   2.300e+06   2e-05  0.99  5.6e-02  4.3e-05  4.5e-02  8.6e-02  1.6e-01  1.3e-03  1.6e-01
 196  F 0   2.300e+06  -2e-05  0.99  5.7e-02  4.1e-05  5.7e-02  9.4e-02  1.3e-01  2.3e-03  1.4e-01
 197  T 0   2.300e+06  -7e-06  0.99  6.3e-02  4.4e-05  6.3e-02  8.7e-02  1.4e-01  8.5e-04  1.4e-01
 198  T 0   2.300e+06   9e-07  0.99  7.6e-02  4.3e-05  7.6e-02  9.0e-02  1.3e-01  1.7e-03  1.4e-01
 199  T 0   2.300e+06  -8e-07  0.99  9.1e-02  4.3e-05  9.1e-02  1.0e-01  1.6e-01  2.2e-03  1.6e-01
 200  T 0   2.300e+06  -4e-06  0.99  6.4e-02  4.3e-05  6.4e-02  7.9e-02  1.4e-01  1.1e-03  1.4e-01
 201  T 0   2.300e+06  -3e-13  0.99  4.4e-02  4.4e-05  1.9e-02  4.0e-02  1.4e-01  1.4e-03  1.4e-01
 202  T 0   2.300e+06  -2e-06  0.99  5.3e-02  4.3e-05  5.3e-02  6.7e-02  1.7e-01  1.3e-03  1.7e-01
 203  T 0   2.300e+06  -8e-06  0.99  6.4e-02  4.2e-05  6.4e-02  7.5e-02  1.4e-01  1.3e-03  1.4e-01
 204  T 0   2.299e+06  -4e-06  0.99  4.5e-02  4.2e-05  4.5e-02  5.6e-02  1.5e-01  1.4e-03  1.5e-01
 205  T 0   2.299e+06   2e-05  0.99  3.1e-02  4.1e-05  3.1e-02  4.7e-02  1.4e-01  1.3e-03  1.4e-01
 206  T 0   2.299e+06  -1e-05  0.99  2.2e-02  4.1e-05  2.2e-02  4.4e-02  1.4e-01  1.0e-03  1.4e-01
 207  T 0   2.299e+06  -2e-05  0.99  2.6e-02  4.0e-05  2.6e-02  4.8e-02  2.1e-01  9.8e-04  2.1e-01
 208  T 0   2.299e+06   2e-05  0.99  3.2e-02  3.9e-05  3.2e-02  5.7e-02  1.3e-01  1.1e-03  1.4e-01
 209  T 0   2.299e+06   9e-05  0.99  3.8e-02  3.8e-05  3.8e-02  6.5e-02  1.4e-01  1.1e-03  1.4e-01
 210  T 0   2.299e+06   1e-05  0.99  4.6e-02  3.7e-05  4.6e-02  7.3e-02  1.4e-01  1.3e-03  1.4e-01
 211  T 0   2.299e+06  -2e-05  0.99  5.5e-02  3.5e-05  5.5e-02  8.2e-02  1.4e-01  1.1e-03  1.4e-01
 212  T 0   2.298e+06   1e-05  0.99  6.6e-02  3.2e-05  6.6e-02  9.6e-02  1.4e-01  2.7e-03  1.4e-01
 213  T 0   2.298e+06  -1e-05  0.99  7.9e-02  3.0e-05  7.9e-02  1.2e-01  1.4e-01  1.6e-03  1.4e-01
 214  T 0   2.298e+06  -3e-05  0.99  9.4e-02  3.0e-05  9.4e-02  1.4e-01  1.4e-01  1.0e-03  1.4e-01
 215  T 0   2.298e+06   1e-05  0.99  1.1e-01  2.9e-05  1.1e-01  1.4e-01  1.5e-01  1.6e-03  1.5e-01
 216  T 0   2.298e+06   7e-05  0.99  1.4e-01  2.9e-05  1.4e-01  1.9e-01  1.4e-01  1.3e-03  1.4e-01
 217  T 0   2.298e+06   1e-04  0.99  1.6e-01  3.7e-05  1.2e-01  1.7e-01  1.9e-01  1.9e-03  2.0e-01
 218  T 0   2.298e+06  -2e-05  0.99  1.2e-01  2.6e-05  1.2e-01  2.0e-01  1.4e-01  9.8e-04  1.5e-01
 219  T 0   2.297e+06  -2e-13  0.99  8.2e-02  2.9e-05  8.2e-02  1.3e-01  1.4e-01  2.0e-03  1.4e-01
 220  T 0   2.297e+06   1e-06  0.99  9.6e-02  2.6e-05  7.2e-02  1.2e-01  1.4e-01  1.3e-03  1.4e-01
 221  T 0   2.297e+06  -3e-06  0.99  8.6e-02  2.6e-05  8.6e-02  1.4e-01  1.5e-01  1.9e-03  1.5e-01
 222  T 0   2.297e+06   2e-05  0.99  1.0e-01  2.6e-05  1.0e-01  1.3e-01  1.9e-01  1.3e-03  1.9e-01
 223  T 0   2.297e+06   1e-05  0.99  1.2e-01  2.9e-05  1.2e-01  1.5e-01  1.4e-01  1.6e-03  1.4e-01
 224  T 0   2.297e+06  -3e-05  0.99  1.5e-01  3.2e-05  1.5e-01  1.8e-01  1.5e-01  1.1e-03  1.5e-01
 225  T 0   2.296e+06  -5e-05  0.99  1.8e-01  3.3e-05  1.1e-01  1.7e-01  1.5e-01  1.4e-03  1.5e-01
 226  T 0   2.296e+06   0e+00  0.99  2.1e-01  2.8e-05  5.8e-02  8.8e-02  1.4e-01  1.9e-03  1.4e-01
 227  T 0   2.296e+06   4e-06  0.99  1.5e-01  3.3e-05  8.2e-02  1.2e-01  1.6e-01  1.3e-03  1.6e-01
 228  T 0   2.296e+06  -9e-05  0.99  1.1e-01  2.6e-05  5.7e-02  9.6e-02  1.3e-01  1.3e-03  1.3e-01
 229  T 0   2.296e+06   3e-05  0.99  7.4e-02  2.7e-05  7.4e-02  1.1e-01  1.4e-01  1.3e-03  1.4e-01
 230  T 0   2.296e+06  -3e-06  0.99  5.2e-02  2.6e-05  3.6e-02  8.1e-02  1.6e-01  2.7e-03  1.6e-01
 231  T 0   2.295e+06  -7e-05  0.99  3.6e-02  2.7e-05  3.6e-02  8.5e-02  1.6e-01  1.2e-03  1.7e-01
 232  T 0   2.295e+06  -8e-05  0.99  4.3e-02  2.7e-05  4.0e-02  9.3e-02  1.6e-01  1.1e-03  1.6e-01
 233  T 0   2.295e+06  -8e-06  0.99  5.2e-02  2.7e-05  5.2e-02  1.2e-01  1.6e-01  1.2e-03  1.6e-01
 234  T 0   2.295e+06  -1e-05  0.99  5.8e-02  2.6e-05  5.8e-02  1.2e-01  1.6e-01  1.8e-03  1.6e-01
 235  T 0   2.294e+06  -5e-06  0.99  7.0e-02  2.7e-05  7.0e-02  1.3e-01  2.0e-01  1.7e-03  2.0e-01
 236  T 0   2.294e+06   1e-05  0.99  8.4e-02  2.7e-05  8.4e-02  1.5e-01  1.8e-01  1.1e-03  1.8e-01
 237  T 0   2.294e+06  -9e-06  0.99  1.0e-01  2.4e-05  1.0e-01  1.7e-01  2.1e-01  1.9e-03  2.1e-01
 238  T 0   2.294e+06   2e-12  0.99  9.7e-02  2.5e-05  9.7e-02  1.7e-01  1.9e-01  3.7e-03  1.9e-01
 239  T 0   2.293e+06  -2e-05  0.99  1.2e-01  2.6e-05  1.2e-01  1.6e-01  2.0e-01  2.2e-03  2.0e-01
 240  T 0   2.293e+06  -3e-14  0.99  1.4e-01  2.9e-05  9.6e-02  1.5e-01  2.0e-01  4.1e-03  2.0e-01
 241  T 0   2.293e+06   3e-06  0.99  9.8e-02  3.0e-05  9.8e-02  1.6e-01  2.0e-01  1.6e-03  2.0e-01
 242  T 0   2.293e+06  -9e-05  0.99  6.9e-02  3.2e-05  6.9e-02  1.3e-01  2.1e-01  1.6e-03  2.1e-01
 243  T 0   2.293e+06  -1e-05  0.99  8.2e-02  3.4e-05  8.2e-02  1.4e-01  2.0e-01  2.2e-03  2.0e-01
 244  T 0   2.292e+06  -2e-05  0.99  6.8e-02  3.9e-05  6.8e-02  1.5e-01  2.0e-01  3.8e-03  2.0e-01
 245  T 0   2.292e+06   7e-06  0.99  8.1e-02  4.4e-05  8.1e-02  1.5e-01  2.6e-01  2.3e-03  2.6e-01
 246  T 0   2.292e+06  -3e-05  0.99  9.7e-02  4.0e-05  9.7e-02  1.8e-01  2.0e-01  1.6e-03  2.0e-01
 247  T 0   2.292e+06  -8e-07  0.99  8.1e-02  4.4e-05  8.1e-02  1.8e-01  2.0e-01  3.0e-03  2.1e-01
 248  T 0   2.292e+06   1e-06  0.99  9.3e-02  4.1e-05  9.3e-02  1.6e-01  2.0e-01  4.2e-03  2.0e-01
 249  T 0   2.292e+06  -1e-05  0.99  9.7e-02  4.5e-05  9.7e-02  1.5e-01  2.0e-01  2.8e-03  2.1e-01
 250  T 0   2.292e+06  -9e-06  0.99  1.2e-01  4.4e-05  1.2e-01  1.6e-01  2.0e-01  2.9e-03  2.0e-01
 251  T 0   2.292e+06  -4e-13  0.99  1.4e-01  4.2e-05  1.4e-01  1.5e-01  2.0e-01  2.4e-03  2.0e-01
 252  T 0   2.291e+06  -4e-14  0.99  9.8e-02  4.1e-05  9.8e-02  1.3e-01  2.3e-01  3.6e-03  2.3e-01
 253  T 0   2.291e+06   1e-13  0.99  6.9e-02  4.1e-05  6.9e-02  9.1e-02  2.1e-01  2.1e-03  2.2e-01
 254  T 0   2.291e+06  -8e-06  0.99  4.8e-02  4.3e-05  4.8e-02  8.3e-02  2.0e-01  4.1e-03  2.0e-01
 255  T 0   2.291e+06  -3e-06  0.99  4.0e-02  4.1e-05  4.0e-02  7.3e-02  2.0e-01  4.2e-03  2.0e-01
 256  T 0   2.291e+06  -3e-05  0.99  4.8e-02  4.2e-05  4.8e-02  8.5e-02  2.0e-01  2.2e-03  2.1e-01
 257  T 0   2.291e+06   5e-06  0.99  5.8e-02  4.1e-05  5.5e-02  9.9e-02  2.0e-01  3.3e-03  2.1e-01
 258  T 0   2.290e+06   7e-06  0.99  4.1e-02  3.9e-05  4.1e-02  1.0e-01  2.0e-01  1.8e-03  2.0e-01
 259  T 0   2.290e+06  -6e-06  0.99  4.7e-02  3.7e-05  4.7e-02  1.1e-01  2.0e-01  1.6e-03  2.0e-01
 260  T 0   2.290e+06   7e-13  0.99  5.6e-02  3.7e-05  5.6e-02  1.2e-01  2.0e-01  2.5e-03  2.0e-01
 261  T 0   2.290e+06  -2e-05  0.99  6.8e-02  3.5e-05  6.8e-02  1.4e-01  2.1e-01  1.4e-03  2.1e-01
 262  T 0   2.289e+06  -3e-05  0.99  8.1e-02  3.5e-05  8.1e-02  1.7e-01  2.0e-01  1.7e-03  2.0e-01
 263  T 0   2.289e+06  -1e-05  0.99  9.7e-02  2.9e-05  9.7e-02  1.8e-01  2.0e-01  2.1e-03  2.0e-01
 264  T 0   2.288e+06   2e-13  0.99  1.2e-01  3.0e-05  1.2e-01  1.6e-01  2.1e-01  2.0e-03  2.1e-01
 265  T 0   2.288e+06   6e-10  0.99  1.4e-01  3.0e-05  1.4e-01  2.1e-01  2.6e-01  1.6e-03  2.6e-01
 266  T 0   2.288e+06  -5e-06  0.99  1.7e-01  2.9e-05  1.6e-01  2.2e-01  2.1e-01  1.6e-03  2.1e-01
 267  T 0   2.287e+06   6e-05  0.99  2.0e-01  3.0e-05  6.8e-02  1.5e-01  2.0e-01  2.3e-03  2.1e-01
 268  T 0   2.287e+06   2e-07  0.99  1.4e-01  3.1e-05  1.1e-01  2.0e-01  2.0e-01  1.8e-03  2.0e-01
 269  T 0   2.287e+06  -2e-05  0.99  1.3e-01  3.1e-05  9.7e-02  1.9e-01  2.1e-01  1.6e-03  2.1e-01
 270  T 0   2.287e+06  -3e-06  0.99  1.2e-01  3.2e-05  1.0e-01  2.1e-01  2.0e-01  3.1e-03  2.1e-01
 271  T 0   2.287e+06  -8e-06  0.99  1.4e-01  3.1e-05  1.4e-01  2.2e-01  2.1e-01  2.0e-03  2.1e-01
 272  T 0   2.287e+06   7e-06  0.99  1.3e-01  3.7e-05  1.3e-01  2.0e-01  2.0e-01  2.1e-03  2.0e-01
 273  T 0   2.287e+06   1e-14  0.99  9.2e-02  2.8e-05  9.2e-02  1.5e-01  2.0e-01  3.1e-03  2.1e-01
 274  T 0   2.286e+06  -5e-06  0.99  7.2e-02  3.2e-05  7.2e-02  1.4e-01  2.0e-01  4.1e-03  2.0e-01
 275  T 0   2.286e+06   7e-05  0.99  7.7e-02  3.2e-05  5.6e-02  1.2e-01  2.0e-01  1.9e-03  2.0e-01
 276  T 0   2.286e+06  -6e-06  0.99  9.3e-02  3.4e-05  9.3e-02  1.6e-01  2.0e-01  1.7e-03  2.1e-01
 277  F 0   2.286e+06   7e-06  0.99  1.1e-01  3.8e-05  1.1e-01  1.8e-01  2.0e-01  2.3e-03  2.0e-01
 278  T 0   2.286e+06   1e-05  0.99  9.7e-02  3.1e-05  9.7e-02  1.7e-01  2.0e-01  3.6e-03  2.0e-01
 279  T 0   2.285e+06   5e-07  0.99  6.8e-02  3.1e-05  6.8e-02  1.4e-01  2.0e-01  2.3e-03  2.0e-01
 280  T 0   2.285e+06  -2e-16  0.99  6.6e-02  3.1e-05  6.6e-02  1.3e-01  2.0e-01  3.8e-03  2.0e-01
 281  T 0   2.285e+06   3e-05  0.99  7.9e-02  3.1e-05  6.8e-02  1.4e-01  2.0e-01  2.8e-03  2.1e-01
 282  T 0   2.284e+06   6e-07  0.99  8.1e-02  3.3e-05  8.1e-02  1.6e-01  2.7e-01  2.0e-03  2.7e-01
 283  T 0   2.284e+06  -1e-08  0.99  9.7e-02  3.4e-05  8.1e-02  1.5e-01  2.0e-01  2.4e-03  2.0e-01
 284  T 0   2.284e+06  -2e-13  0.99  1.2e-01  3.5e-05  9.7e-02  1.7e-01  2.0e-01  2.2e-03  2.0e-01
 285  T 0   2.284e+06   2e-05  0.99  1.4e-01  3.6e-05  1.2e-01  1.8e-01  2.1e-01  2.0e-03  2.1e-01
 286  T 0   2.283e+06  -3e-05  0.99  1.4e-01  4.2e-05  1.4e-01  2.0e-01  2.0e-01  2.2e-03  2.0e-01
 287  F 0   2.283e+06   1e-05  0.99  1.7e-01  3.6e-05  1.7e-01  2.4e-01  2.0e-01  2.4e-03  2.0e-01
 288  T 0   2.283e+06   3e-06  0.99  1.2e-01  3.7e-05  1.2e-01  2.0e-01  2.0e-01  1.8e-03  2.0e-01
 289  T 0   2.283e+06   3e-06  0.99  8.6e-02  3.7e-05  8.6e-02  1.7e-01  2.0e-01  2.4e-03  2.1e-01
 290  T 0   2.283e+06   1e-05  0.99  1.0e-01  3.7e-05  9.9e-02  1.7e-01  2.0e-01  3.4e-03  2.1e-01
 291  T 0   2.283e+06  -2e-05  0.99  7.3e-02  3.8e-05  6.9e-02  1.2e-01  2.0e-01  3.0e-03  2.0e-01
 292  T 0   2.282e+06   1e-06  0.99  5.1e-02  3.7e-05  5.1e-02  1.1e-01  2.0e-01  2.9e-03  2.1e-01
 293  T 0   2.282e+06  -1e-05  0.99  6.1e-02  3.7e-05  6.1e-02  1.3e-01  2.1e-01  1.2e-03  2.1e-01
 294  T 0   2.282e+06   7e-06  0.99  7.3e-02  3.8e-05  7.0e-02  1.3e-01  2.0e-01  2.3e-03  2.1e-01
 295  T 0   2.281e+06   1e-05  0.99  6.8e-02  3.5e-05  6.8e-02  1.5e-01  2.1e-01  1.6e-03  2.1e-01
 296  T 0   2.281e+06  -9e-06  0.99  8.1e-02  3.3e-05  8.1e-02  1.5e-01  2.0e-01  1.6e-03  2.1e-01
 297  T 0   2.281e+06  -5e-06  0.99  9.7e-02  3.7e-05  9.7e-02  1.6e-01  2.0e-01  4.9e-03  2.1e-01
 298  T 0   2.281e+06  -8e-06  0.99  8.1e-02  3.5e-05  8.1e-02  1.5e-01  2.0e-01  2.2e-03  2.1e-01
 299  T 0   2.281e+06   7e-06  0.99  9.7e-02  3.6e-05  9.7e-02  1.5e-01  2.0e-01  3.0e-03  2.0e-01
 300  T 0   2.281e+06   8e-07  0.99  6.8e-02  3.3e-05  6.8e-02  1.2e-01  2.1e-01  3.8e-03  2.1e-01
 301  T 0   2.280e+06   3e-06  0.99  4.8e-02  3.5e-05  3.3e-02  8.7e-02  2.1e-01  3.3e-03  2.1e-01
 302  T 0   2.280e+06   2e-05  0.99  5.7e-02  3.5e-05  5.7e-02  1.0e-01  2.0e-01  1.5e-03  2.0e-01
 303  T 0   2.280e+06  -4e-05  0.99  6.9e-02  3.5e-05  6.9e-02  1.2e-01  2.0e-01  1.4e-03  2.0e-01
 304  T 0   2.280e+06  -2e-04  0.99  8.2e-02  3.5e-05  5.7e-02  1.1e-01  2.0e-01  2.4e-03  2.1e-01
 305  T 0   2.279e+06   7e-05  0.99  6.9e-02  3.3e-05  6.9e-02  1.4e-01  2.1e-01  2.0e-03  2.1e-01
 306  T 0   2.279e+06  -2e-05  0.99  8.3e-02  3.5e-05  8.3e-02  1.5e-01  2.1e-01  2.9e-03  2.1e-01
 307  T 0   2.278e+06  -3e-05  0.99  9.9e-02  3.6e-05  6.8e-02  1.5e-01  2.0e-01  2.5e-03  2.1e-01
 308  T 0   2.278e+06   1e-05  0.99  1.2e-01  3.8e-05  8.1e-02  1.6e-01  2.0e-01  1.7e-03  2.1e-01
 309  T 0   2.277e+06  -2e-05  0.99  9.7e-02  4.0e-05  9.7e-02  1.9e-01  2.0e-01  2.4e-03  2.0e-01
 310  T 0   2.277e+06   2e-05  0.99  1.2e-01  4.3e-05  1.2e-01  2.0e-01  2.2e-01  3.1e-03  2.2e-01
 311  T 0   2.277e+06   2e-05  0.99  1.4e-01  4.5e-05  1.4e-01  2.2e-01  2.0e-01  2.0e-03  2.1e-01
 312  T 0   2.276e+06  -2e-06  0.99  1.7e-01  3.9e-05  1.7e-01  2.6e-01  2.7e-01  2.7e-03  2.7e-01
 313  T 0   2.276e+06  -4e-06  0.99  1.7e-01  4.6e-05  1.6e-01  2.4e-01  2.0e-01  3.8e-03  2.0e-01
 314  F 0   2.276e+06  -2e-05  0.99  2.0e-01  5.3e-05  1.8e-01  2.4e-01  2.1e-01  2.5e-03  2.1e-01
 315  T 0   2.276e+06  -6e-15  0.99  1.4e-01  3.1e-05  1.4e-01  2.2e-01  2.0e-01  5.8e-03  2.1e-01
 316  T 0   2.276e+06  -1e-05  0.99  9.9e-02  4.8e-05  9.6e-02  1.4e-01  2.0e-01  4.5e-03  2.0e-01
 317  T 0   2.275e+06  -1e-05  0.99  1.2e-01  5.0e-05  6.7e-02  1.2e-01  3.2e-01  2.5e-03  3.2e-01
 318  T 0   2.275e+06   3e-06  0.99  8.3e-02  4.3e-05  8.1e-02  1.3e-01  3.1e-01  4.1e-03  3.1e-01
 319  T 0   2.275e+06  -5e-05  0.99  8.2e-02  4.7e-05  8.2e-02  1.3e-01  2.2e-01  2.6e-03  2.3e-01
 320  T 0   2.274e+06  -8e-07  0.99  9.9e-02  4.6e-05  9.9e-02  1.3e-01  2.0e-01  2.7e-03  2.0e-01
 321  T 0   2.274e+06   7e-07  0.99  1.2e-01  4.5e-05  1.2e-01  1.5e-01  2.0e-01  2.1e-03  2.0e-01
 322  T 0   2.273e+06   5e-05  0.99  1.4e-01  4.2e-05  1.4e-01  1.8e-01  2.0e-01  1.9e-03  2.0e-01
 323  T 0   2.273e+06  -2e-13  0.99  1.7e-01  3.6e-05  1.5e-01  1.9e-01  2.0e-01  2.6e-03  2.0e-01
 324  T 0   2.273e+06  -2e-05  0.99  2.1e-01  4.0e-05  1.2e-01  2.0e-01  2.0e-01  2.6e-03  2.0e-01
 325  T 0   2.272e+06  -8e-06  0.99  1.4e-01  3.1e-05  1.2e-01  1.9e-01  2.0e-01  4.5e-03  2.0e-01
 326  T 0   2.272e+06  -2e-05  0.99  1.2e-01  2.4e-05  1.2e-01  1.7e-01  2.6e-01  3.6e-03  2.7e-01
 327  T 0   2.272e+06  -3e-05  0.99  1.5e-01  2.6e-05  9.7e-02  1.5e-01  2.0e-01  3.5e-03  2.0e-01
 328  T 0   2.271e+06   3e-06  0.99  1.2e-01  2.5e-05  1.2e-01  1.7e-01  2.0e-01  1.3e-03  2.1e-01
 329  T 0   2.271e+06  -3e-05  0.99  1.4e-01  2.7e-05  8.1e-02  1.4e-01  2.0e-01  3.7e-03  2.1e-01
 330  T 0   2.271e+06   1e-06  0.99  1.7e-01  2.8e-05  9.7e-02  1.5e-01  2.0e-01  2.9e-03  2.0e-01
 331  T 0   2.270e+06   6e-06  0.99  1.2e-01  3.0e-05  1.2e-01  1.7e-01  2.0e-01  3.0e-03  2.1e-01
 332  T 0   2.270e+06   4e-10  0.99  1.4e-01  2.4e-05  1.2e-01  2.0e-01  2.1e-01  4.2e-03  2.2e-01
 333  T 0   2.270e+06   3e-05  0.99  9.8e-02  3.1e-05  9.8e-02  1.6e-01  2.0e-01  1.7e-03  2.1e-01
 334  T 0   2.270e+06   9e-06  0.99  6.9e-02  3.6e-05  6.9e-02  1.3e-01  2.0e-01  2.1e-03  2.1e-01
 335  T 0   2.270e+06  -6e-07  0.99  8.2e-02  4.1e-05  8.2e-02  1.3e-01  2.0e-01  3.7e-03  2.0e-01
 336  T 0   2.270e+06   3e-05  0.99  5.8e-02  3.3e-05  5.8e-02  1.2e-01  2.1e-01  1.5e-03  2.1e-01
 337  T 0   2.270e+06   2e-05  0.99  5.7e-02  4.8e-05  5.7e-02  9.5e-02  2.0e-01  3.4e-03  2.0e-01
 338  T 0   2.270e+06  -6e-06  0.99  4.9e-02  4.1e-05  4.7e-02  9.1e-02  2.0e-01  2.8e-03  2.0e-01
 339  T 0   2.269e+06   3e-05  0.99  4.0e-02  4.1e-05  4.0e-02  8.6e-02  2.0e-01  1.5e-03  2.0e-01
 340  T 0   2.269e+06   3e-06  0.99  4.8e-02  4.4e-05  4.8e-02  9.1e-02  2.4e-01  2.4e-03  2.4e-01
 341  T 0   2.269e+06   6e-06  0.99  5.8e-02  4.1e-05  5.8e-02  1.1e-01  2.8e-01  3.5e-03  2.8e-01
 342  T 0   2.269e+06   5e-05  0.99  5.6e-02  4.2e-05  5.6e-02  9.7e-02  2.5e-01  1.8e-03  2.5e-01
 343  T 0   2.269e+06   2e-05  0.99  6.8e-02  4.6e-05  6.8e-02  1.1e-01  2.1e-01  1.5e-03  2.1e-01
 344  T 0   2.269e+06  -5e-06  0.99  8.1e-02  4.2e-05  8.1e-02  1.2e-01  2.0e-01  2.5e-03  2.0e-01
 345  T 0   2.269e+06  -6e-06  0.99  9.7e-02  5.2e-05  9.7e-02  1.3e-01  2.0e-01  4.4e-03  2.0e-01
 346  T 0   2.269e+06   1e-05  0.99  1.2e-01  4.6e-05  6.9e-02  1.0e-01  2.1e-01  1.7e-03  2.1e-01
 347  T 0   2.269e+06  -7e-06  0.99  1.4e-01  4.8e-05  1.2e-01  1.5e-01  2.0e-01  3.3e-03  2.0e-01
 348  T 0   2.269e+06   2e-05  0.99  1.7e-01  4.9e-05  9.9e-02  1.2e-01  2.0e-01  3.1e-03  2.0e-01
 349  T 0   2.268e+06   2e-06  0.99  2.0e-01  4.5e-05  1.2e-01  1.4e-01  2.1e-01  2.1e-03  2.1e-01
 350  T 0   2.268e+06  -2e-14  0.99  2.4e-01  4.3e-05  1.4e-01  2.1e-01  2.4e-01  1.7e-03  2.4e-01
 351  T 0   2.268e+06  -2e-06  0.99  1.7e-01  5.1e-05  1.7e-01  2.1e-01  2.2e-01  2.2e-03  2.2e-01
 352  T 0   2.268e+06   8e-06  0.99  1.2e-01  4.4e-05  1.2e-01  1.5e-01  2.0e-01  4.2e-03  2.1e-01
 353  T 0   2.268e+06  -5e-05  0.99  8.3e-02  4.7e-05  8.3e-02  1.2e-01  2.0e-01  1.9e-03  2.0e-01
 354  T 0   2.268e+06  -4e-06  0.99  7.0e-02  4.3e-05  7.0e-02  1.0e-01  2.0e-01  2.9e-03  2.0e-01
 355  T 0   2.268e+06   1e-05  0.99  8.4e-02  4.3e-05  8.4e-02  1.1e-01  2.3e-01  1.6e-03  2.3e-01
 356  T 0   2.268e+06   2e-05  0.99  1.0e-01  4.1e-05  1.0e-01  1.2e-01  2.1e-01  2.0e-03  2.1e-01
 357  T 0   2.268e+06   2e-05  0.99  1.2e-01  4.2e-05  1.2e-01  1.5e-01  2.1e-01  2.8e-03  2.1e-01
 358  T 0   2.267e+06   1e-13  0.99  1.4e-01  3.9e-05  4.1e-02  8.2e-02  2.0e-01  2.0e-03  2.0e-01
 359  T 0   2.267e+06  -7e-06  0.99  1.0e-01  3.9e-05  1.0e-01  1.3e-01  2.0e-01  2.4e-03  2.0e-01
 360  T 0   2.267e+06  -3e-06  0.99  7.1e-02  3.8e-05  7.1e-02  1.1e-01  2.0e-01  1.9e-03  2.0e-01
 361  T 0   2.267e+06  -4e-06  0.99  5.0e-02  3.8e-05  5.0e-02  1.1e-01  2.0e-01  2.2e-03  2.0e-01
 362  T 0   2.267e+06   5e-06  0.99  5.0e-02  4.1e-05  4.5e-02  1.1e-01  2.0e-01  2.6e-03  2.0e-01
 363  T 0   2.266e+06   6e-06  0.99  6.0e-02  3.8e-05  5.4e-02  1.1e-01  2.0e-01  2.0e-03  2.0e-01
 364  T 0   2.266e+06  -2e-05  0.99  7.2e-02  3.8e-05  7.2e-02  1.4e-01  2.2e-01  2.6e-03  2.2e-01
 365  T 0   2.266e+06   7e-06  0.99  8.6e-02  3.5e-05  8.6e-02  1.6e-01  2.1e-01  1.7e-03  2.1e-01
 366  T 0   2.265e+06  -1e-06  0.99  8.1e-02  3.8e-05  8.1e-02  1.6e-01  2.0e-01  1.5e-03  2.0e-01
 367  T 0   2.265e+06   6e-05  0.99  9.7e-02  3.8e-05  9.7e-02  1.7e-01  2.0e-01  1.7e-03  2.0e-01
 368  T 0   2.265e+06   6e-06  0.99  1.2e-01  3.7e-05  1.2e-01  2.0e-01  2.0e-01  2.1e-03  2.1e-01
 369  T 0   2.265e+06  -2e-05  0.99  1.4e-01  3.5e-05  1.4e-01  2.3e-01  2.0e-01  2.2e-03  2.1e-01
 370  T 0   2.265e+06  -6e-06  0.99  1.7e-01  4.9e-05  1.7e-01  2.3e-01  2.0e-01  3.3e-03  2.0e-01
 371  T 0   2.264e+06   4e-05  0.99  1.2e-01  3.5e-05  1.2e-01  1.9e-01  2.0e-01  2.0e-03  2.0e-01
 372  T 0   2.264e+06   2e-13  0.99  9.7e-02  4.5e-05  9.7e-02  1.7e-01  2.0e-01  2.2e-03  2.0e-01
 373  T 0   2.264e+06  -2e-05  0.99  1.2e-01  4.0e-05  1.2e-01  1.9e-01  2.0e-01  2.4e-03  2.0e-01
 374  T 0   2.264e+06   3e-06  0.99  1.4e-01  4.3e-05  1.4e-01  2.0e-01  2.0e-01  2.7e-03  2.1e-01
 375  T 0   2.264e+06  -3e-05  0.99  1.7e-01  3.8e-05  1.7e-01  2.1e-01  2.0e-01  2.5e-03  2.1e-01
 376  T 0   2.263e+06   5e-05  0.99  1.2e-01  3.9e-05  1.2e-01  1.7e-01  2.0e-01  1.7e-03  2.0e-01
 377  T 0   2.263e+06  -2e-05  0.99  8.2e-02  3.7e-05  8.2e-02  1.5e-01  2.0e-01  1.7e-03  2.0e-01
 378  T 0   2.263e+06   1e-05  0.99  7.7e-02  4.0e-05  7.7e-02  1.4e-01  2.8e-01  2.4e-03  2.9e-01
 379  T 0   2.263e+06   6e-06  0.99  9.2e-02  3.8e-05  9.2e-02  1.3e-01  2.1e-01  2.7e-03  2.1e-01
 380  T 0   2.263e+06   4e-06  0.99  1.1e-01  3.9e-05  6.1e-02  1.2e-01  2.0e-01  1.9e-03  2.0e-01
 381  T 0   2.263e+06   8e-07  0.99  7.7e-02  3.8e-05  7.7e-02  1.3e-01  2.1e-01  2.4e-03  2.1e-01
 382  T 0   2.263e+06  -3e-05  0.99  5.4e-02  3.8e-05  5.4e-02  1.2e-01  2.0e-01  2.4e-03  2.0e-01
 383  T 0   2.262e+06  -2e-05  0.99  3.8e-02  3.8e-05  3.8e-02  9.0e-02  2.1e-01  2.0e-03  2.1e-01
 384  T 0   2.262e+06  -6e-06  0.99  3.9e-02  3.7e-05  3.9e-02  7.9e-02  2.0e-01  1.9e-03  2.1e-01
 385  T 0   2.262e+06   8e-06  0.99  4.7e-02  3.8e-05  4.7e-02  9.2e-02  2.0e-01  2.4e-03  2.0e-01
 386  T 0   2.262e+06   2e-05  0.99  5.6e-02  3.8e-05  5.6e-02  1.1e-01  2.0e-01  2.1e-03  2.0e-01
 387  T 0   2.261e+06  -2e-05  0.99  6.8e-02  3.8e-05  6.8e-02  1.2e-01  2.0e-01  1.5e-03  2.0e-01
 388  T 0   2.261e+06   7e-07  0.99  8.1e-02  4.2e-05  8.1e-02  1.4e-01  2.0e-01  2.6e-03  2.0e-01
 389  T 0   2.261e+06  -9e-06  0.99  9.7e-02  4.3e-05  9.7e-02  1.6e-01  2.0e-01  1.4e-03  2.0e-01
 390  T 0   2.260e+06  -1e-06  0.99  1.2e-01  4.4e-05  1.2e-01  1.9e-01  2.0e-01  1.9e-03  2.0e-01
 391  T 0   2.260e+06   6e-06  0.99  9.7e-02  4.6e-05  9.7e-02  1.7e-01  2.4e-01  3.8e-03  2.4e-01
 392  T 0   2.259e+06  -4e-05  0.99  1.2e-01  4.4e-05  1.2e-01  1.8e-01  2.1e-01  1.4e-03  2.1e-01
 393  T 0   2.259e+06  -2e-05  0.99  1.4e-01  5.0e-05  1.4e-01  1.9e-01  2.4e-01  3.1e-03  2.4e-01
 394  T 0   2.259e+06   4e-06  0.99  1.7e-01  4.5e-05  1.7e-01  2.1e-01  2.1e-01  2.8e-03  2.2e-01
 395  T 0   2.259e+06   2e-05  0.99  1.2e-01  5.0e-05  1.2e-01  1.5e-01  2.1e-01  3.0e-03  2.1e-01
 396  T 0   2.258e+06   3e-06  0.99  8.2e-02  4.2e-05  6.8e-02  9.6e-02  2.0e-01  4.0e-03  2.1e-01
 397  T 0   2.258e+06  -2e-06  0.99  8.1e-02  4.4e-05  8.1e-02  1.1e-01  2.0e-01  2.8e-03  2.0e-01
 398  T 0   2.258e+06   1e-05  0.99  9.7e-02  4.1e-05  9.7e-02  1.3e-01  2.0e-01  3.0e-03  2.1e-01
 399  T 0   2.257e+06  -1e-05  0.99  1.2e-01  4.2e-05  1.2e-01  1.4e-01  2.1e-01  2.6e-03  2.1e-01
 400  T 0   2.257e+06  -2e-06  0.99  1.4e-01  4.1e-05  1.4e-01  1.7e-01  2.2e-01  1.2e-03  2.2e-01
 401  T 0   2.257e+06   1e-05  0.99  1.7e-01  3.8e-05  1.6e-01  1.8e-01  2.0e-01  2.7e-03  2.1e-01
 402  T 0   2.257e+06  -2e-05  0.99  2.0e-01  4.3e-05  1.0e-01  1.2e-01  2.1e-01  2.9e-03  2.1e-01
 403  T 0   2.256e+06   4e-06  0.99  1.4e-01  3.3e-05  7.4e-02  9.6e-02  2.0e-01  4.8e-03  2.1e-01
 404  T 0   2.256e+06   4e-06  0.99  9.9e-02  4.0e-05  6.2e-02  6.9e-02  2.0e-01  3.5e-03  2.1e-01
 405  T 0   2.256e+06  -7e-06  0.99  7.4e-02  3.9e-05  7.4e-02  8.2e-02  2.0e-01  2.9e-03  2.1e-01
 406  T 0   2.256e+06   9e-06  0.99  8.9e-02  3.8e-05  8.9e-02  1.0e-01  2.0e-01  3.5e-03  2.1e-01
 407  T 0   2.256e+06   1e-05  0.99  1.1e-01  4.0e-05  1.1e-01  1.2e-01  2.0e-01  4.9e-03  2.1e-01
 408  T 0   2.255e+06   3e-06  0.99  1.3e-01  4.0e-05  1.3e-01  1.4e-01  2.0e-01  1.2e-03  2.1e-01
 409  T 0   2.255e+06  -8e-06  0.99  1.5e-01  4.1e-05  1.5e-01  1.7e-01  2.0e-01  4.0e-03  2.0e-01
 410  T 0   2.255e+06   7e-06  0.99  1.9e-01  3.5e-05  1.4e-01  1.7e-01  2.1e-01  3.1e-03  2.2e-01
 411  T 0   2.255e+06  -2e-14  0.99  1.3e-01  4.0e-05  1.3e-01  1.5e-01  2.0e-01  2.8e-03  2.1e-01
 412  T 0   2.255e+06   8e-06  0.99  9.1e-02  3.2e-05  8.8e-02  1.2e-01  2.4e-01  4.7e-03  2.4e-01
 413  T 0   2.255e+06   4e-06  0.99  6.5e-02  3.2e-05  6.4e-02  9.9e-02  2.0e-01  1.6e-03  2.0e-01
 414  T 0   2.254e+06   3e-07  0.99  4.5e-02  3.4e-05  4.4e-02  9.3e-02  2.1e-01  4.6e-03  2.1e-01
 415  T 0   2.254e+06   6e-06  0.99  5.3e-02  3.2e-05  5.3e-02  1.1e-01  2.5e-01  1.7e-03  2.5e-01
 416  T 0   2.254e+06  -8e-06  0.99  6.4e-02  2.8e-05  6.1e-02  1.1e-01  2.1e-01  2.2e-03  2.1e-01
 417  T 0   2.254e+06   2e-14  0.99  7.7e-02  2.5e-05  7.3e-02  1.3e-01  2.3e-01  3.3e-03  2.3e-01
 418  T 0   2.254e+06   4e-06  0.99  8.8e-02  2.4e-05  8.8e-02  1.5e-01  2.1e-01  1.7e-03  2.1e-01
 419  T 0   2.254e+06  -2e-13  0.99  1.1e-01  2.1e-05  1.1e-01  1.6e-01  2.0e-01  3.3e-03  2.0e-01
 420  T 0   2.253e+06  -4e-06  0.99  7.6e-02  2.3e-05  7.6e-02  1.6e-01  2.0e-01  4.1e-03  2.0e-01
 421  T 0   2.253e+06  -7e-06  0.99  9.1e-02  1.5e-05  9.1e-02  1.5e-01  2.0e-01  2.9e-03  2.0e-01
 422  T 0   2.253e+06  -1e-05  0.99  9.7e-02  2.5e-05  9.7e-02  1.5e-01  2.1e-01  1.5e-03  2.2e-01
 423  T 0   2.253e+06  -8e-07  0.99  1.2e-01  2.9e-05  1.2e-01  1.5e-01  2.7e-01  2.2e-03  2.7e-01
 424  F 0   2.253e+06  -2e-05  0.99  1.4e-01  2.7e-05  6.9e-02  1.0e-01  2.0e-01  3.2e-03  2.0e-01
 425  F 0   2.253e+06  -1e-04  0.99  9.9e-02  2.5e-05  9.8e-02  1.2e-01  2.0e-01  2.7e-03  2.1e-01
 426  T 0   2.253e+06  -3e-14  0.99  1.2e-01  2.7e-05  6.9e-02  9.7e-02  2.0e-01  3.2e-03  2.1e-01
 427  T 0   2.253e+06  -2e-06  0.99  8.3e-02  2.6e-05  4.8e-02  6.9e-02  2.0e-01  2.1e-03  2.1e-01
 428  T 0   2.253e+06   3e-05  0.99  5.8e-02  2.6e-05  4.6e-02  6.6e-02  2.0e-01  2.0e-03  2.1e-01
 429  F 0   2.253e+06  -2e-05  0.99  4.1e-02  2.6e-05  4.1e-02  6.1e-02  2.0e-01  1.5e-03  2.1e-01
 430  T 0   2.253e+06  -3e-05  0.99  2.9e-02  2.6e-05  2.9e-02  5.6e-02  2.2e-01  1.5e-03  2.2e-01
 431  T 0   2.253e+06   3e-06  0.99  3.4e-02  2.7e-05  3.4e-02  6.2e-02  2.0e-01  2.6e-03  2.0e-01
 432  T 0   2.253e+06   2e-07  0.99  4.1e-02  2.7e-05  4.1e-02  7.4e-02  2.0e-01  1.7e-03  2.0e-01
 433  T 0   2.253e+06  -4e-07  0.99  4.9e-02  2.6e-05  4.9e-02  6.5e-02  2.0e-01  2.1e-03  2.0e-01
 434  F 0   2.253e+06  -4e-05  0.99  4.7e-02  2.8e-05  4.7e-02  6.4e-02  2.0e-01  2.8e-03  2.1e-01
 435  T 0   2.253e+06   8e-06  0.99  3.3e-02  2.3e-05  3.3e-02  5.9e-02  2.0e-01  2.0e-03  2.1e-01
 436  T 0   2.253e+06  -1e-05  0.99  2.3e-02  2.7e-05  2.0e-02  4.3e-02  2.0e-01  2.4e-03  2.0e-01
 437  T 0   2.253e+06  -1e-05  0.99  2.8e-02  2.6e-05  2.8e-02  4.6e-02  2.0e-01  3.3e-03  2.1e-01
 438  T 0   2.253e+06  -2e-05  0.99  3.3e-02  2.6e-05  3.0e-02  5.1e-02  2.2e-01  2.1e-03  2.2e-01
 439  T 0   2.253e+06  -2e-05  0.99  3.3e-02  2.7e-05  3.3e-02  5.3e-02  2.1e-01  1.6e-03  2.1e-01
 440  T 0   2.252e+06   3e-05  0.99  3.9e-02  2.7e-05  3.9e-02  5.7e-02  2.0e-01  1.7e-03  2.0e-01
 441  T 0   2.252e+06  -4e-06  0.99  4.7e-02  2.4e-05  4.7e-02  6.1e-02  2.3e-01  2.2e-03  2.3e-01
 442  T 0   2.252e+06   1e-05  0.99  5.7e-02  2.7e-05  5.7e-02  8.0e-02  2.1e-01  3.0e-03  2.1e-01
 443  T 0   2.252e+06   2e-05  0.99  6.8e-02  2.2e-05  4.1e-02  6.5e-02  2.0e-01  1.9e-03  2.0e-01
 444  T 0   2.252e+06   7e-06  0.99  4.8e-02  2.4e-05  4.8e-02  8.0e-02  2.0e-01  1.7e-03  2.0e-01
 445  T 0   2.252e+06  -3e-05  0.99  3.3e-02  2.4e-05  3.3e-02  7.2e-02  2.1e-01  2.1e-03  2.1e-01
 446  T 0   2.252e+06  -3e-05  0.99  4.0e-02  2.2e-05  4.0e-02  7.9e-02  1.9e-01  1.9e-03  2.0e-01
 447  T 0   2.252e+06  -3e-05  0.99  4.2e-02  2.2e-05  4.2e-02  8.2e-02  2.2e-01  2.8e-03  2.3e-01
 448  T 0   2.252e+06   4e-05  0.99  5.1e-02  2.2e-05  5.1e-02  9.0e-02  2.3e-01  1.4e-03  2.3e-01
 449  T 0   2.251e+06   5e-05  0.99  6.1e-02  2.0e-05  6.1e-02  9.6e-02  2.3e-01  2.3e-03  2.3e-01
 450  T 0   2.251e+06   8e-06  0.99  7.3e-02  2.0e-05  7.3e-02  1.1e-01  2.7e-01  2.1e-03  2.7e-01
 451  T 0   2.251e+06   3e-06  0.99  8.8e-02  2.0e-05  8.8e-02  1.5e-01  2.4e-01  1.5e-03  2.4e-01
 452  T 0   2.251e+06   7e-05  0.99  1.1e-01  2.1e-05  1.1e-01  1.8e-01  2.5e-01  1.7e-03  2.5e-01
 453  T 0   2.251e+06   5e-13  0.99  7.4e-02  2.0e-05  7.3e-02  1.4e-01  2.0e-01  2.3e-03  2.0e-01
 454  T 0   2.250e+06  -8e-05  0.99  6.8e-02  2.4e-05  6.8e-02  1.3e-01  2.0e-01  2.5e-03  2.0e-01
 455  T 0   2.250e+06   6e-06  0.99  8.1e-02  3.1e-05  8.1e-02  1.4e-01  2.0e-01  2.1e-03  2.0e-01
 456  T 0   2.250e+06   2e-06  0.99  9.7e-02  2.4e-05  9.7e-02  1.7e-01  2.0e-01  3.2e-03  2.0e-01
 457  T 0   2.250e+06  -3e-06  0.99  6.9e-02  2.9e-05  6.9e-02  1.7e-01  2.0e-01  3.3e-03  2.0e-01
 458  T 0   2.250e+06  -9e-06  0.99  8.3e-02  2.5e-05  8.3e-02  1.7e-01  2.0e-01  2.1e-03  2.1e-01
 459  F 0   2.250e+06  -3e-04  0.99  9.7e-02  2.8e-05  6.2e-02  1.5e-01  2.0e-01  2.0e-03  2.0e-01
 460  T 0   2.250e+06   1e-07  0.99  1.2e-01  2.0e-05  6.9e-02  1.3e-01  2.0e-01  2.0e-03  2.0e-01
 461  T 0   2.249e+06  -2e-05  0.99  8.2e-02  2.2e-05  8.2e-02  1.3e-01  2.0e-01  2.5e-03  2.0e-01
 462  T 0   2.249e+06   2e-05  0.99  5.7e-02  2.0e-05  4.9e-02  1.2e-01  2.0e-01  1.4e-03  2.0e-01
 463  T 0   2.249e+06  -2e-13  0.99  6.9e-02  2.1e-05  6.9e-02  1.3e-01  2.1e-01  2.1e-03  2.1e-01
 464  T 0   2.249e+06   2e-05  0.99  8.2e-02  2.3e-05  8.2e-02  1.5e-01  2.0e-01  2.4e-03  2.0e-01
 465  T 0   2.249e+06  -1e-05  0.99  7.1e-02  2.1e-05  7.1e-02  1.4e-01  2.0e-01  3.2e-03  2.0e-01
 466  T 0   2.249e+06  -3e-06  0.99  8.5e-02  2.2e-05  8.5e-02  1.6e-01  2.0e-01  1.6e-03  2.0e-01
 467  T 0   2.248e+06   5e-06  0.99  1.0e-01  2.3e-05  1.0e-01  1.8e-01  2.0e-01  2.7e-03  2.0e-01
 468  T 0   2.248e+06  -2e-05  0.99  1.2e-01  2.2e-05  1.2e-01  2.1e-01  2.0e-01  2.2e-03  2.0e-01
 469  T 0   2.248e+06  -2e-05  0.99  1.5e-01  2.4e-05  9.2e-02  1.6e-01  2.0e-01  2.4e-03  2.0e-01
 470  T 0   2.248e+06  -1e-05  0.99  1.1e-01  2.2e-05  1.1e-01  2.0e-01  2.2e-01  2.6e-03  2.2e-01
 471  F 0   2.248e+06  -8e-05  0.99  1.3e-01  2.3e-05  1.0e-01  1.8e-01  2.0e-01  1.7e-03  2.1e-01
 472  T 0   2.248e+06   5e-06  0.99  1.6e-01  1.8e-05  8.4e-02  1.8e-01  2.0e-01  1.9e-03  2.0e-01
 473  T 0   2.247e+06   2e-05  0.99  1.1e-01  1.8e-05  8.4e-02  1.7e-01  2.0e-01  1.9e-03  2.0e-01
 474  T 0   2.247e+06   8e-06  0.99  8.8e-02  1.9e-05  8.8e-02  1.6e-01  2.0e-01  2.1e-03  2.0e-01
 475  T 0   2.247e+06   3e-06  0.99  1.1e-01  1.7e-05  1.1e-01  1.9e-01  2.4e-01  2.0e-03  2.5e-01
 476  T 0   2.247e+06   3e-15  0.99  1.3e-01  1.6e-05  1.3e-01  1.9e-01  2.0e-01  2.1e-03  2.0e-01
 477  T 0   2.247e+06   6e-15  0.99  1.5e-01  1.7e-05  1.3e-01  2.2e-01  2.0e-01  3.0e-03  2.0e-01
 478  T 0   2.247e+06  -4e-06  0.99  1.8e-01  1.7e-05  1.4e-01  2.0e-01  2.0e-01  1.7e-03  2.0e-01
 479  T 0   2.246e+06   2e-06  0.99  2.2e-01  2.0e-05  1.6e-01  2.1e-01  2.1e-01  2.0e-03  2.1e-01
 480  T 0   2.246e+06   3e-05  0.99  2.0e-01  1.7e-05  1.2e-01  1.9e-01  2.1e-01  1.8e-03  2.1e-01
 481  T 0   2.246e+06   5e-06  0.99  1.4e-01  1.9e-05  1.2e-01  1.8e-01  2.1e-01  2.9e-03  2.1e-01
 482  T 0   2.246e+06  -2e-06  0.99  9.9e-02  1.3e-05  8.8e-02  1.5e-01  2.1e-01  1.7e-03  2.1e-01
 483  T 0   2.246e+06  -2e-05  0.99  6.9e-02  9.2e-06  6.2e-02  1.3e-01  2.1e-01  3.1e-03  2.1e-01
 484  T 0   2.246e+06  -1e-06  0.99  7.1e-02  3.6e-05  7.1e-02  1.2e-01  2.0e-01  2.0e-03  2.1e-01
 485  F 0   2.246e+06  -3e-13  0.99  8.5e-02  4.1e-05  8.5e-02  1.3e-01  2.1e-01  2.0e-03  2.1e-01
 486  T 0   2.246e+06   2e-05  0.99  1.0e-01  3.9e-05  8.1e-02  1.4e-01  2.0e-01  1.6e-03  2.0e-01
 487  T 0   2.246e+06   6e-06  0.99  1.2e-01  3.9e-05  1.0e-01  1.3e-01  2.0e-01  1.9e-03  2.0e-01
 488  F 0   2.246e+06  -3e-05  0.99  1.5e-01  3.8e-05  1.5e-01  1.7e-01  2.0e-01  1.6e-03  2.0e-01
 489  T 0   2.246e+06   8e-06  0.99  1.0e-01  3.9e-05  1.0e-01  1.2e-01  2.0e-01  2.9e-03  2.0e-01
 490  T 0   2.246e+06  -8e-06  0.99  7.2e-02  4.0e-05  7.2e-02  1.0e-01  2.6e-01  2.5e-03  2.6e-01
 491  T 0   2.246e+06   1e-05  0.99  5.9e-02  3.9e-05  5.9e-02  9.1e-02  2.0e-01  2.7e-03  2.0e-01
 492  T 0   2.246e+06  -3e-05  0.99  7.1e-02  4.0e-05  7.1e-02  8.9e-02  2.0e-01  2.1e-03  2.0e-01
 493  T 0   2.246e+06  -3e-06  0.99  8.5e-02  4.1e-05  8.5e-02  1.1e-01  2.0e-01  1.5e-03  2.0e-01
 494  T 0   2.245e+06   8e-05  0.99  1.0e-01  4.3e-05  1.0e-01  1.2e-01  2.2e-01  1.8e-03  2.2e-01
 495  F 0   2.245e+06  -1e-05  0.99  1.2e-01  4.4e-05  1.2e-01  1.4e-01  2.1e-01  4.7e-03  2.1e-01
 496  T 0   2.245e+06   1e-05  0.99  1.5e-01  4.2e-05  1.5e-01  1.6e-01  2.1e-01  3.6e-03  2.1e-01
 497  T 0   2.245e+06   1e-05  0.99  1.8e-01  4.2e-05  9.8e-02  1.1e-01  2.0e-01  2.0e-03  2.0e-01
 498  T 0   2.245e+06  -4e-06  0.99  2.1e-01  4.1e-05  2.3e-02  5.4e-02  2.1e-01  2.7e-03  2.1e-01
 499  T 0   2.245e+06  -1e-05  0.99  1.5e-01  4.0e-05  4.6e-02  6.7e-02  2.1e-01  1.8e-03  2.1e-01
 500  T 0   2.245e+06  -2e-05  0.99  1.0e-01  4.0e-05  3.2e-02  6.0e-02  2.0e-01  1.6e-03  2.0e-01
 501  T 0   2.245e+06  -8e-07  0.99  7.3e-02  4.0e-05  2.2e-02  5.0e-02  2.0e-01  2.1e-03  2.0e-01
 502  T 0   2.245e+06   2e-05  0.99  5.1e-02  4.0e-05  2.5e-02  5.3e-02  2.0e-01  1.6e-03  2.0e-01
 503  T 0   2.245e+06  -3e-05  0.99  3.6e-02  3.9e-05  2.9e-02  5.6e-02  2.0e-01  1.6e-03  2.1e-01
 504  T 0   2.245e+06   4e-06  0.99  3.5e-02  4.1e-05  3.5e-02  6.1e-02  2.0e-01  1.9e-03  2.0e-01
 505  T 0   2.245e+06  -2e-05  0.99  4.2e-02  3.8e-05  4.2e-02  6.7e-02  2.6e-01  1.6e-03  2.6e-01
 506  T 0   2.245e+06  -2e-05  0.99  5.1e-02  3.8e-05  4.2e-02  6.0e-02  2.1e-01  2.7e-03  2.1e-01
 507  T 0   2.245e+06   1e-05  0.99  6.1e-02  3.6e-05  2.2e-02  4.1e-02  7.8e-01  2.0e-03  7.8e-01
 508  T 0   2.244e+06   2e-05  0.99  4.3e-02  3.4e-05  4.3e-02  6.1e-02  2.6e-01  1.8e-03  2.6e-01
 509  T 0   2.244e+06  -1e-05  0.99  3.2e-02  3.2e-05  3.2e-02  6.0e-02  3.4e-01  1.5e-03  3.4e-01
 510  T 0   2.244e+06   2e-06  0.99  3.8e-02  3.0e-05  3.8e-02  6.8e-02  2.1e-01  1.9e-03  2.1e-01
 511  T 0   2.244e+06   2e-05  0.99  4.6e-02  2.7e-05  4.6e-02  7.9e-02  2.5e-01  1.5e-03  2.5e-01
 512  T 0   2.244e+06  -4e-06  0.99  5.5e-02  2.3e-05  5.5e-02  9.5e-02  2.3e-01  1.9e-03  2.3e-01
 513  T 0   2.244e+06   0e+00  0.99  6.6e-02  2.3e-05  6.2e-02  1.0e-01  2.8e-01  2.3e-03  2.8e-01
 514  T 0   2.243e+06   6e-05  0.99  7.9e-02  2.3e-05  7.4e-02  1.3e-01  3.0e-01  1.7e-03  3.0e-01
 515  T 0   2.243e+06   1e-13  0.99  9.4e-02  2.5e-05  8.9e-02  1.3e-01  3.0e-01  2.1e-03  3.0e-01
 516  T 0   2.243e+06  -4e-13  0.99  1.1e-01  3.2e-05  6.8e-02  1.4e-01  2.3e-01  1.1e-02  2.4e-01
 517  T 0   2.243e+06   3e-05  0.99  1.3e-01  2.4e-05  1.3e-01  1.8e-01  2.3e-01  2.7e-03  2.3e-01
 518  T 0   2.243e+06  -2e-05  0.99  9.7e-02  3.2e-05  9.7e-02  1.8e-01  2.3e-01  1.5e-03  2.3e-01
 519  T 0   2.243e+06   2e-05  0.99  1.2e-01  2.7e-05  1.2e-01  1.6e-01  2.3e-01  3.2e-03  2.3e-01
 520  T 0   2.242e+06  -3e-14  0.99  8.2e-02  2.6e-05  8.2e-02  1.2e-01  2.3e-01  2.5e-03  2.3e-01
 521  T 0   2.242e+06  -4e-05  0.99  5.7e-02  2.6e-05  5.7e-02  1.1e-01  2.5e-01  1.5e-03  2.6e-01
 522  T 0   2.242e+06   4e-05  0.99  6.9e-02  2.7e-05  6.9e-02  1.2e-01  2.6e-01  1.4e-03  2.6e-01
 523  T 0   2.242e+06   1e-05  0.99  8.2e-02  2.9e-05  6.9e-02  1.2e-01  2.1e-01  1.8e-03  2.1e-01
 524  T 0   2.241e+06   4e-05  0.99  6.7e-02  2.7e-05  6.7e-02  1.1e-01  2.3e-01  2.5e-03  2.3e-01
 525  T 0   2.241e+06   1e-05  0.99  8.1e-02  2.8e-05  8.1e-02  1.2e-01  2.1e-01  1.9e-03  2.1e-01
 526  T 0   2.241e+06   2e-06  0.99  9.7e-02  2.9e-05  9.7e-02  1.4e-01  2.2e-01  3.1e-03  2.2e-01
 527  T 0   2.240e+06  -9e-06  0.99  1.2e-01  3.1e-05  1.2e-01  1.7e-01  2.7e-01  1.4e-03  2.7e-01
 528  T 0   2.240e+06   2e-05  0.99  1.4e-01  3.2e-05  1.1e-01  1.8e-01  2.3e-01  1.4e-03  2.3e-01
 529  T 0   2.240e+06  -3e-06  0.99  1.7e-01  3.3e-05  8.4e-02  1.7e-01  2.3e-01  3.5e-03  2.3e-01
 530  T 0   2.239e+06   1e-05  0.99  1.2e-01  3.2e-05  9.9e-02  1.9e-01  2.1e-01  2.2e-03  2.2e-01
 531  T 0   2.239e+06  -3e-13  0.99  1.2e-01  3.6e-05  1.2e-01  2.1e-01  2.3e-01  3.1e-03  2.3e-01
 532  T 0   2.238e+06   2e-05  0.99  9.8e-02  3.8e-05  9.8e-02  2.1e-01  2.1e-01  2.1e-03  2.1e-01
 533  T 0   2.238e+06   1e-13  0.99  1.2e-01  3.9e-05  1.2e-01  2.3e-01  2.0e-01  3.7e-03  2.1e-01
 534  T 0   2.237e+06   8e-06  0.99  1.4e-01  3.8e-05  9.2e-02  1.8e-01  2.1e-01  2.0e-03  2.2e-01
 535  T 0   2.237e+06  -1e-12  0.99  1.7e-01  3.6e-05  1.2e-01  2.0e-01  2.2e-01  2.3e-03  2.2e-01
 536  T 0   2.237e+06  -5e-14  0.99  2.0e-01  3.4e-05  1.5e-01  2.3e-01  2.6e-01  3.2e-03  2.6e-01
 537  T 0   2.236e+06  -1e-06  0.99  2.4e-01  2.6e-05  2.4e-01  3.0e-01  2.0e-01  2.8e-03  2.1e-01
 538  T 0   2.236e+06  -2e-05  0.99  1.7e-01  2.6e-05  1.7e-01  2.3e-01  2.2e-01  3.1e-03  2.2e-01
 539  T 0   2.236e+06  -2e-06  0.99  1.2e-01  2.1e-05  8.1e-02  1.7e-01  2.1e-01  4.1e-03  2.1e-01
 540  T 0   2.235e+06  -1e-06  0.99  1.4e-01  2.2e-05  9.7e-02  1.7e-01  2.0e-01  2.3e-03  2.0e-01
 541  T 0   2.235e+06  -9e-06  0.99  1.2e-01  2.7e-05  1.2e-01  1.9e-01  2.1e-01  5.6e-03  2.2e-01
 542  T 0   2.234e+06   0e+00  0.99  1.4e-01  3.0e-05  1.4e-01  1.9e-01  2.1e-01  3.2e-03  2.1e-01
 543  T 0   2.234e+06   2e-13  0.99  1.7e-01  2.4e-05  1.2e-01  2.1e-01  2.8e-01  2.5e-03  2.8e-01
 544  T 0   2.234e+06  -7e-06  0.99  1.2e-01  2.9e-05  1.2e-01  2.3e-01  2.3e-01  2.8e-03  2.4e-01
 545  T 0   2.233e+06   2e-05  0.99  1.4e-01  2.9e-05  1.4e-01  2.2e-01  2.7e-01  1.7e-03  2.7e-01
 546  T 0   2.233e+06  -4e-05  0.99  1.7e-01  2.6e-05  1.6e-01  2.3e-01  2.7e-01  3.0e-03  2.7e-01
 547  T 0   2.233e+06  -1e-05  0.99  2.0e-01  2.8e-05  1.2e-01  2.1e-01  2.7e-01  2.5e-03  2.7e-01
 548  T 0   2.233e+06  -9e-06  0.99  1.4e-01  2.6e-05  1.4e-01  2.7e-01  2.1e-01  2.9e-03  2.1e-01
 549  T 0   2.232e+06   2e-05  0.99  1.7e-01  2.8e-05  1.6e-01  2.6e-01  2.2e-01  2.3e-03  2.2e-01
 550  T 0   2.232e+06  -4e-06  0.99  2.0e-01  3.0e-05  8.7e-02  1.6e-01  2.3e-01  2.9e-03  2.4e-01
 551  T 0   2.232e+06  -9e-07  0.99  1.4e-01  3.5e-05  8.1e-02  1.7e-01  2.3e-01  2.1e-03  2.4e-01
 552  T 0   2.232e+06   3e-06  0.99  1.0e-01  3.0e-05  8.4e-02  1.7e-01  2.0e-01  2.3e-03  2.1e-01
 553  T 0   2.231e+06  -3e-05  0.99  1.2e-01  2.9e-05  1.2e-01  2.2e-01  2.1e-01  2.1e-03  2.2e-01
 554  T 0   2.231e+06  -3e-06  0.99  1.0e-01  3.0e-05  1.0e-01  2.0e-01  2.1e-01  3.2e-03  2.1e-01
 555  T 0   2.231e+06   4e-05  0.99  1.2e-01  3.1e-05  1.2e-01  2.1e-01  2.1e-01  2.4e-03  2.1e-01
 556  T 0   2.231e+06  -4e-05  0.99  1.4e-01  3.7e-05  1.4e-01  2.4e-01  2.4e-01  1.5e-03  2.5e-01
 557  T 0   2.231e+06  -5e-14  0.99  1.7e-01  4.5e-05  1.0e-01  2.0e-01  2.2e-01  2.2e-03  2.2e-01
 558  T 0   2.230e+06   9e-07  0.99  1.2e-01  4.5e-05  1.2e-01  2.0e-01  2.0e-01  1.7e-03  2.0e-01
 559  T 0   2.230e+06   8e-06  0.99  1.2e-01  4.8e-05  1.2e-01  1.9e-01  2.1e-01  1.2e-03  2.1e-01
 560  T 0   2.230e+06   3e-06  0.99  1.4e-01  4.5e-05  8.6e-02  1.3e-01  2.1e-01  2.0e-03  2.1e-01
 561  T 0   2.230e+06   0e+00  0.99  1.0e-01  4.7e-05  6.1e-02  1.2e-01  2.2e-01  2.2e-03  2.2e-01
 562  T 0   2.230e+06   1e-06  0.99  7.1e-02  4.5e-05  7.1e-02  1.3e-01  2.0e-01  1.7e-03  2.1e-01
 563  T 0   2.230e+06  -5e-13  0.99  5.0e-02  4.7e-05  4.9e-02  7.9e-02  2.1e-01  2.6e-03  2.1e-01
 564  T 0   2.230e+06   2e-07  0.99  3.5e-02  4.8e-05  3.5e-02  6.7e-02  2.1e-01  2.3e-03  2.1e-01
 565  T 0   2.230e+06  -2e-05  0.99  2.5e-02  4.7e-05  2.5e-02  6.6e-02  2.1e-01  1.7e-03  2.1e-01
 566  T 0   2.230e+06   4e-06  0.99  2.9e-02  4.8e-05  2.3e-02  6.0e-02  2.0e-01  1.7e-03  2.1e-01
 567  T 0   2.229e+06   8e-06  0.99  3.5e-02  4.8e-05  3.5e-02  6.8e-02  2.0e-01  1.2e-03  2.0e-01
 568  T 0   2.229e+06   1e-05  0.99  3.3e-02  4.8e-05  3.3e-02  7.1e-02  2.1e-01  1.7e-03  2.1e-01
 569  T 0   2.229e+06   1e-05  0.99  3.9e-02  4.9e-05  3.9e-02  7.7e-02  2.1e-01  1.6e-03  2.1e-01
 570  T 0   2.228e+06  -9e-06  0.99  4.7e-02  5.0e-05  4.7e-02  8.8e-02  2.0e-01  2.1e-03  2.1e-01
 571  T 0   2.228e+06   2e-06  0.99  5.6e-02  5.0e-05  5.6e-02  1.0e-01  2.8e-01  1.9e-03  2.8e-01
 572  T 0   2.228e+06   2e-05  0.99  6.8e-02  5.1e-05  6.8e-02  1.2e-01  2.1e-01  2.2e-03  2.1e-01
 573  T 0   2.227e+06   3e-05  0.99  8.1e-02  5.1e-05  8.1e-02  1.4e-01  2.0e-01  1.8e-03  2.0e-01
 574  T 0   2.227e+06  -4e-05  0.99  9.7e-02  5.2e-05  9.7e-02  1.7e-01  2.1e-01  1.5e-03  2.1e-01
 575  T 0   2.226e+06   1e-05  0.99  1.2e-01  5.2e-05  1.2e-01  2.0e-01  2.1e-01  2.3e-03  2.1e-01
 576  T 0   2.226e+06  -1e-12  0.99  1.4e-01  5.8e-05  1.4e-01  2.0e-01  2.1e-01  2.8e-03  2.1e-01
 577  T 0   2.225e+06   4e-06  0.99  1.7e-01  5.7e-05  1.6e-01  2.5e-01  2.2e-01  2.9e-03  2.3e-01
 578  T 0   2.225e+06  -9e-10  0.99  2.0e-01  6.0e-05  2.0e-01  2.8e-01  2.0e-01  2.9e-03  2.1e-01
 579  T 0   2.224e+06  -2e-06  0.99  2.4e-01  5.3e-05  2.0e-01  3.0e-01  2.1e-01  4.5e-03  2.2e-01
 580  T 0   2.224e+06   3e-06  0.99  2.9e-01  6.4e-05  2.7e-01  3.3e-01  2.3e-01  2.9e-03  2.3e-01
 581  T 0   2.224e+06  -1e-05  0.99  2.0e-01  5.0e-05  2.0e-01  2.9e-01  2.6e-01  6.5e-03  2.7e-01
 582  T 0   2.223e+06   7e-06  0.99  1.4e-01  5.9e-05  9.9e-02  2.1e-01  2.2e-01  2.0e-03  2.2e-01
 583  T 0   2.222e+06  -2e-13  0.99  1.7e-01  6.2e-05  1.2e-01  2.0e-01  2.3e-01  3.2e-03  2.3e-01
 584  T 0   2.222e+06  -9e-06  0.99  1.4e-01  5.3e-05  1.4e-01  2.1e-01  2.6e-01  2.0e-03  2.6e-01
 585  T 0   2.222e+06  -2e-05  0.99  1.7e-01  5.0e-05  1.7e-01  2.3e-01  2.5e-01  3.8e-03  2.5e-01
 586  T 0   2.221e+06   1e-05  0.99  1.2e-01  4.5e-05  1.2e-01  1.7e-01  2.8e-01  7.8e-03  2.9e-01
 587  T 0   2.221e+06   1e-07  0.99  8.4e-02  4.3e-05  8.4e-02  1.3e-01  2.3e-01  3.2e-03  2.3e-01
 588  T 0   2.221e+06   9e-05  0.99  1.0e-01  3.7e-05  7.8e-02  1.2e-01  2.2e-01  2.0e-03  2.2e-01
 589  T 0   2.221e+06   1e-05  0.99  7.0e-02  3.5e-05  7.0e-02  1.3e-01  2.2e-01  2.4e-03  2.3e-01
 590  T 0   2.220e+06  -7e-06  0.99  8.1e-02  3.0e-05  8.1e-02  1.2e-01  2.4e-01  2.3e-03  2.4e-01
 591  T 0   2.220e+06  -3e-07  0.99  9.7e-02  2.7e-05  9.7e-02  1.2e-01  2.3e-01  2.7e-03  2.3e-01
 592  T 0   2.220e+06  -2e-16  0.99  1.2e-01  2.9e-05  1.2e-01  1.4e-01  3.4e-01  3.0e-03  3.4e-01
 593  T 0   2.219e+06   3e-06  0.99  1.4e-01  2.8e-05  1.4e-01  1.6e-01  2.7e-01  1.3e-02  2.8e-01
 594  T 0   2.219e+06  -1e-05  0.99  1.7e-01  2.8e-05  1.6e-01  1.7e-01  2.1e-01  1.7e-03  2.1e-01
 595  T 0   2.219e+06  -6e-06  0.99  2.0e-01  2.4e-05  3.4e-02  6.6e-02  2.5e-01  3.8e-03  2.5e-01
 596  T 0   2.219e+06  -1e-05  0.99  1.4e-01  2.0e-05  4.0e-02  8.3e-02  2.2e-01  8.4e-03  2.3e-01
 597  T 0   2.219e+06  -3e-07  0.99  9.9e-02  1.6e-05  4.8e-02  8.8e-02  2.0e-01  2.5e-03  2.1e-01
 598  T 0   2.218e+06   5e-06  0.99  6.9e-02  1.7e-05  5.8e-02  9.9e-02  2.1e-01  1.7e-03  2.1e-01
 599  T 0   2.218e+06   2e-05  0.99  7.0e-02  1.8e-05  7.0e-02  1.0e-01  2.0e-01  2.0e-03  2.1e-01
 600  T 0   2.218e+06   4e-05  0.99  8.4e-02  1.7e-05  8.4e-02  1.4e-01  2.0e-01  1.5e-03  2.1e-01
 601  T 0   2.218e+06   4e-06  0.99  1.0e-01  2.0e-05  1.0e-01  1.5e-01  2.0e-01  1.6e-03  2.1e-01
 602  T 0   2.218e+06   3e-05  0.99  1.2e-01  1.9e-05  1.2e-01  1.7e-01  2.1e-01  2.1e-03  2.1e-01
 603  T 0   2.218e+06  -5e-06  0.99  1.4e-01  2.0e-05  1.4e-01  2.0e-01  2.1e-01  2.1e-03  2.2e-01
 604  T 0   2.217e+06  -1e-06  0.99  1.0e-01  2.0e-05  1.0e-01  1.7e-01  2.1e-01  4.1e-03  2.1e-01
 605  T 0   2.217e+06  -2e-05  0.99  1.0e-01  2.0e-05  1.0e-01  1.7e-01  2.1e-01  1.9e-03  2.2e-01
 606  T 0   2.217e+06  -9e-05  0.99  1.2e-01  1.6e-05  1.2e-01  1.9e-01  2.1e-01  2.5e-03  2.1e-01
 607  T 0   2.217e+06   2e-06  0.99  1.5e-01  1.8e-05  1.5e-01  2.3e-01  2.3e-01  2.1e-03  2.4e-01
 608  T 0   2.217e+06  -1e-05  0.99  1.8e-01  1.8e-05  1.3e-01  2.0e-01  2.1e-01  2.3e-03  2.1e-01
 609  T 0   2.217e+06  -3e-06  0.99  2.1e-01  1.6e-05  1.5e-01  2.4e-01  2.1e-01  2.3e-03  2.1e-01
 610  T 0   2.217e+06  -1e-06  0.99  2.5e-01  1.8e-05  2.5e-01  3.4e-01  2.1e-01  5.2e-03  2.1e-01
 611  T 0   2.216e+06  -5e-05  0.99  1.8e-01  1.5e-05  1.8e-01  2.5e-01  2.2e-01  2.5e-03  2.2e-01
 612  T 0   2.216e+06   1e-05  0.99  1.2e-01  2.3e-05  9.7e-02  2.0e-01  2.2e-01  2.1e-03  2.2e-01
 613  T 0   2.216e+06  -6e-06  0.99  1.5e-01  2.2e-05  1.5e-01  2.1e-01  2.3e-01  2.2e-03  2.3e-01
 614  T 0   2.216e+06  -1e-06  0.99  1.3e-01  5.5e-05  1.0e-01  1.7e-01  2.0e-01  2.5e-03  2.1e-01
 615  T 0   2.216e+06  -7e-06  0.99  1.6e-01  5.7e-05  1.2e-01  1.6e-01  2.1e-01  1.4e-03  2.1e-01
 616  T 0   2.216e+06  -3e-05  0.99  1.4e-01  5.7e-05  1.4e-01  1.8e-01  2.1e-01  2.5e-03  2.2e-01
 617  T 0   2.216e+06   1e-05  0.99  1.7e-01  5.9e-05  1.7e-01  2.1e-01  2.1e-01  2.7e-03  2.1e-01
 618  T 0   2.216e+06   1e-13  0.99  1.2e-01  5.7e-05  1.2e-01  1.6e-01  2.1e-01  2.0e-03  2.1e-01
 619  T 0   2.216e+06   8e-06  0.99  8.2e-02  6.0e-05  8.2e-02  1.3e-01  2.0e-01  1.7e-03  2.0e-01
 620  T 0   2.216e+06   1e-05  0.99  5.8e-02  5.8e-05  5.8e-02  9.8e-02  2.1e-01  1.6e-03  2.1e-01
 621  T 0   2.216e+06  -9e-07  0.99  4.0e-02  5.9e-05  4.0e-02  7.4e-02  2.2e-01  1.8e-03  2.3e-01
 622  T 0   2.216e+06   2e-05  0.99  4.8e-02  5.9e-05  3.8e-02  6.9e-02  2.3e-01  2.3e-03  2.3e-01
 623  T 0   2.216e+06   3e-06  0.99  5.8e-02  6.0e-05  5.8e-02  9.4e-02  2.0e-01  2.4e-03  2.1e-01
 624  T 0   2.216e+06   6e-06  0.99  5.5e-02  5.9e-05  5.5e-02  8.7e-02  2.3e-01  1.7e-03  2.3e-01
 625  T 0   2.216e+06  -1e-05  0.99  6.6e-02  6.0e-05  6.6e-02  9.7e-02  2.2e-01  2.3e-03  2.3e-01
 626  T 0   2.216e+06  -6e-06  0.99  7.9e-02  6.1e-05  7.9e-02  1.1e-01  2.2e-01  2.8e-03  2.3e-01
 627  T 0   2.215e+06   2e-06  0.99  9.4e-02  6.0e-05  9.4e-02  1.2e-01  2.3e-01  1.9e-03  2.4e-01
 628  T 0   2.215e+06   9e-06  0.99  1.1e-01  6.1e-05  1.1e-01  1.4e-01  2.1e-01  1.8e-03  2.1e-01
 629  F 0   2.215e+06  -6e-05  0.99  1.4e-01  5.9e-05  5.8e-02  9.5e-02  2.7e-01  2.8e-03  2.7e-01
 630  T 0   2.215e+06   1e-06  0.99  9.5e-02  6.0e-05  5.0e-02  1.0e-01  2.3e-01  2.3e-03  2.3e-01
 631  T 0   2.215e+06   2e-16  0.99  6.7e-02  5.9e-05  4.9e-02  1.1e-01  2.2e-01  2.3e-03  2.2e-01
 632  T 0   2.215e+06  -3e-05  0.99  8.0e-02  5.9e-05  8.0e-02  1.2e-01  2.3e-01  1.9e-03  2.3e-01
 633  T 0   2.215e+06  -6e-05  0.99  7.1e-02  5.9e-05  5.6e-02  9.0e-02  2.6e-01  2.3e-03  2.6e-01
 634  T 0   2.215e+06  -2e-05  0.99  8.5e-02  5.8e-05  3.9e-02  7.1e-02  2.8e-01  1.9e-03  2.9e-01
 635  T 0   2.215e+06  -6e-06  0.99  1.0e-01  5.8e-05  6.0e-02  9.7e-02  2.7e-01  1.9e-03  2.8e-01
 636  T 0   2.215e+06   8e-05  0.99  7.1e-02  5.7e-05  4.1e-02  7.7e-02  2.6e-01  1.9e-03  2.6e-01
 637  T 0   2.214e+06   1e-04  0.99  5.0e-02  5.6e-05  2.6e-02  5.9e-02  2.1e-01  1.7e-03  2.2e-01
 638  T 0   2.214e+06   5e-05  0.99  6.0e-02  5.5e-05  6.0e-02  9.0e-02  2.0e-01  2.1e-03  2.0e-01
 639  T 0   2.214e+06   9e-05  0.99  7.2e-02  5.4e-05  7.2e-02  9.5e-02  2.1e-01  2.8e-03  2.1e-01
 640  T 0   2.214e+06   6e-05  0.99  8.6e-02  5.2e-05  3.3e-02  7.2e-02  3.0e-01  2.1e-03  3.0e-01
 641  T 0   2.213e+06   1e-05  0.99  1.0e-01  4.9e-05  1.0e-01  1.3e-01  2.6e-01  1.9e-03  2.6e-01
 642  T 0   2.213e+06   6e-07  0.99  1.2e-01  4.8e-05  6.2e-02  1.1e-01  2.2e-01  2.3e-03  2.2e-01
 643  T 0   2.213e+06   2e-06  0.99  1.5e-01  4.1e-05  5.6e-02  1.0e-01  2.0e-01  5.4e-03  2.1e-01
 644  T 0   2.212e+06  -5e-06  0.99  1.0e-01  3.8e-05  4.7e-02  9.6e-02  2.1e-01  2.5e-03  2.1e-01
 645  T 0   2.212e+06  -9e-06  0.99  8.1e-02  3.2e-05  5.6e-02  1.2e-01  2.1e-01  2.9e-03  2.2e-01
 646  T 0   2.211e+06   6e-14  0.99  9.7e-02  2.7e-05  6.8e-02  1.4e-01  2.3e-01  3.4e-03  2.3e-01
 647  T 0   2.211e+06   1e-06  0.99  1.2e-01  2.3e-05  8.1e-02  1.5e-01  2.3e-01  2.9e-03  2.3e-01
 648  T 0   2.211e+06   3e-07  0.99  1.4e-01  2.8e-05  1.4e-01  2.2e-01  2.1e-01  1.9e-03  2.1e-01
 649  T 0   2.211e+06  -8e-14  0.99  1.7e-01  3.5e-05  1.7e-01  2.5e-01  2.1e-01  2.3e-03  2.1e-01
 650  T 0   2.210e+06   1e-05  0.99  1.4e-01  3.9e-05  1.4e-01  2.4e-01  2.2e-01  2.1e-03  2.2e-01
 651  T 0   2.210e+06   6e-06  0.99  1.7e-01  4.5e-05  1.6e-01  2.1e-01  2.0e-01  3.6e-03  2.0e-01
 652  T 0   2.209e+06   3e-14  0.99  2.0e-01  3.3e-05  1.4e-01  2.2e-01  2.1e-01  3.3e-03  2.1e-01
 653  T 0   2.209e+06   1e-04  0.99  1.4e-01  4.4e-05  1.4e-01  2.5e-01  2.1e-01  4.1e-03  2.1e-01
 654  T 0   2.209e+06  -4e-05  0.99  9.9e-02  3.6e-05  9.9e-02  2.1e-01  2.7e-01  2.5e-03  2.8e-01
 655  T 0   2.209e+06  -4e-14  0.99  8.2e-02  4.3e-05  8.2e-02  1.8e-01  2.0e-01  2.4e-03  2.1e-01
 656  T 0   2.208e+06   7e-07  0.99  9.9e-02  4.2e-05  9.9e-02  2.0e-01  2.1e-01  3.7e-03  2.2e-01
 657  T 0   2.208e+06   4e-16  0.99  1.2e-01  3.9e-05  1.2e-01  2.2e-01  2.1e-01  3.1e-03  2.1e-01
 658  T 0   2.208e+06   4e-06  0.99  1.4e-01  3.7e-05  1.4e-01  2.3e-01  2.1e-01  1.2e-03  2.1e-01
 659  T 0   2.207e+06  -5e-06  0.99  1.1e-01  4.0e-05  1.1e-01  2.2e-01  2.1e-01  1.2e-03  2.1e-01
 660  T 0   2.207e+06  -4e-14  0.99  1.3e-01  4.2e-05  1.3e-01  2.2e-01  2.0e-01  2.5e-03  2.0e-01
 661  T 0   2.207e+06  -1e-05  0.99  1.6e-01  4.4e-05  1.1e-01  2.2e-01  2.1e-01  1.5e-03  2.1e-01
 662  T 0   2.207e+06  -4e-14  0.99  1.9e-01  4.6e-05  1.2e-01  1.9e-01  2.0e-01  2.1e-03  2.0e-01
 663  T 0   2.207e+06  -3e-14  0.99  1.4e-01  4.9e-05  8.7e-02  1.6e-01  2.5e-01  2.5e-03  2.5e-01
 664  T 0   2.206e+06   4e-06  0.99  9.8e-02  4.7e-05  9.8e-02  1.7e-01  2.2e-01  1.1e-02  2.3e-01
 665  T 0   2.206e+06   0e+00  0.99  6.9e-02  4.9e-05  4.6e-02  1.2e-01  2.0e-01  3.2e-03  2.1e-01
 666  T 0   2.206e+06   3e-06  0.99  5.5e-02  4.9e-05  5.5e-02  1.1e-01  2.0e-01  2.7e-03  2.1e-01
 667  T 0   2.206e+06   2e-13  0.99  6.6e-02  4.9e-05  6.6e-02  1.1e-01  2.0e-01  3.1e-03  2.0e-01
 668  T 0   2.206e+06   5e-05  0.99  7.9e-02  5.0e-05  7.9e-02  1.3e-01  2.0e-01  1.9e-03  2.0e-01
 669  T 0   2.206e+06   3e-05  0.99  9.5e-02  5.0e-05  6.8e-02  1.2e-01  2.0e-01  2.3e-03  2.0e-01
 670  T 0   2.206e+06  -9e-06  0.99  6.7e-02  4.9e-05  6.7e-02  1.4e-01  2.0e-01  1.3e-03  2.0e-01
 671  T 0   2.206e+06  -4e-06  0.99  6.6e-02  4.7e-05  6.6e-02  1.3e-01  2.2e-01  2.5e-03  2.2e-01
 672  T 0   2.206e+06  -1e-05  0.99  5.0e-02  4.9e-05  4.6e-02  9.9e-02  2.0e-01  3.1e-03  2.1e-01
 673  T 0   2.205e+06   3e-06  0.99  3.5e-02  4.7e-05  3.3e-02  8.2e-02  2.0e-01  1.4e-03  2.0e-01
 674  T 0   2.205e+06  -9e-06  0.99  3.9e-02  4.7e-05  3.9e-02  7.8e-02  2.0e-01  2.5e-03  2.0e-01
 675  T 0   2.205e+06   2e-05  0.99  4.7e-02  4.6e-05  4.7e-02  9.1e-02  2.0e-01  1.9e-03  2.1e-01
 676  T 0   2.205e+06   9e-06  0.99  5.6e-02  4.4e-05  5.6e-02  1.0e-01  2.0e-01  2.3e-03  2.1e-01
 677  T 0   2.205e+06   3e-06  0.99  6.8e-02  4.4e-05  6.8e-02  1.1e-01  2.1e-01  1.6e-03  2.1e-01
 678  T 0   2.204e+06   4e-06  0.99  8.1e-02  4.3e-05  8.1e-02  1.3e-01  2.0e-01  1.4e-03  2.0e-01
 679  T 0   2.204e+06  -4e-05  0.99  9.7e-02  4.2e-05  9.7e-02  1.5e-01  2.0e-01  1.8e-03  2.0e-01
 680  T 0   2.204e+06  -4e-05  0.99  1.2e-01  3.8e-05  1.2e-01  1.8e-01  2.0e-01  1.9e-03  2.0e-01
 681  T 0   2.203e+06   3e-07  0.99  1.4e-01  3.3e-05  1.4e-01  2.0e-01  2.0e-01  3.2e-03  2.1e-01
 682  T 0   2.203e+06  -4e-06  0.99  1.7e-01  2.8e-05  1.5e-01  2.2e-01  1.8e-01  4.9e-03  1.8e-01
 683  T 0   2.203e+06  -6e-06  0.99  2.0e-01  2.7e-05  1.0e-01  1.9e-01  1.4e-01  1.2e-03  1.4e-01
 684  T 0   2.202e+06   1e-04  0.99  2.4e-01  2.9e-05  2.2e-01  3.1e-01  1.4e-01  1.5e-03  1.4e-01
 685  T 0   2.202e+06  -2e-06  0.99  1.7e-01  2.1e-05  1.7e-01  2.7e-01  1.6e-01  1.6e-03  1.6e-01
 686  T 0   2.201e+06  -6e-06  0.99  1.7e-01  2.6e-05  1.3e-01  2.1e-01  1.5e-01  1.7e-03  1.5e-01
 687  T 0   2.201e+06  -3e-06  0.99  2.1e-01  2.4e-05  7.5e-02  1.5e-01  1.5e-01  1.8e-03  1.5e-01
 688  T 0   2.201e+06  -1e-05  0.99  1.5e-01  2.3e-05  9.8e-02  1.9e-01  1.5e-01  1.5e-03  1.5e-01
 689  T 0   2.201e+06   1e-05  0.99  1.2e-01  2.4e-05  1.2e-01  1.9e-01  1.5e-01  1.9e-03  1.5e-01
 690  F 0   2.201e+06  -5e-06  0.99  1.3e-01  2.4e-05  1.3e-01  1.9e-01  1.5e-01  2.4e-03  1.5e-01
 691  T 0   2.201e+06  -7e-06  0.99  9.1e-02  2.6e-05  9.1e-02  1.4e-01  1.6e-01  8.3e-04  1.6e-01
 692  T 0   2.201e+06   1e-06  0.99  6.4e-02  2.5e-05  6.4e-02  1.0e-01  1.5e-01  1.1e-03  1.5e-01
 693  T 0   2.201e+06   5e-05  0.99  7.6e-02  2.7e-05  7.6e-02  1.2e-01  1.5e-01  1.3e-03  1.5e-01
 694  F 0   2.201e+06   2e-06  0.99  7.2e-02  2.8e-05  7.2e-02  1.2e-01  1.5e-01  1.3e-03  1.5e-01
 695  T 0   2.201e+06   1e-05  0.99  6.9e-02  2.5e-05  6.9e-02  1.1e-01  1.9e-01  1.4e-03  2.0e-01
 696  T 0   2.201e+06   5e-05  0.99  8.2e-02  2.7e-05  4.5e-02  8.8e-02  1.5e-01  1.7e-03  1.5e-01
 697  F 0   2.201e+06  -2e-05  0.99  9.9e-02  2.8e-05  9.9e-02  1.2e-01  1.5e-01  2.0e-03  1.6e-01
 698  T 0   2.201e+06   5e-05  0.99  1.2e-01  2.5e-05  1.0e-01  1.3e-01  2.2e-01  1.9e-03  2.3e-01
 699  T 0   2.201e+06   3e-05  0.99  8.3e-02  2.6e-05  8.3e-02  1.0e-01  1.4e-01  1.4e-03  1.5e-01
 700  T 0   2.201e+06   3e-05  0.99  5.8e-02  2.6e-05  5.8e-02  8.5e-02  1.5e-01  1.0e-03  1.5e-01
 701  T 0   2.201e+06   6e-06  0.99  7.0e-02  2.5e-05  7.0e-02  1.0e-01  1.5e-01  1.9e-03  1.5e-01
 702  T 0   2.201e+06   1e-05  0.99  8.4e-02  2.5e-05  5.3e-02  8.7e-02  1.5e-01  1.1e-03  1.5e-01
 703  T 0   2.201e+06   7e-06  0.99  6.4e-02  2.5e-05  6.4e-02  1.1e-01  2.0e-01  8.7e-04  2.0e-01
 704  T 0   2.201e+06   4e-05  0.99  5.2e-02  2.5e-05  5.2e-02  9.2e-02  1.4e-01  1.0e-03  1.4e-01
 705  F 0   2.201e+06   1e-12  0.99  3.6e-02  2.2e-05  3.6e-02  6.4e-02  2.1e-01  2.8e-03  2.1e-01
 706  T 0   2.201e+06  -5e-07  0.99  2.5e-02  2.3e-05  2.5e-02  4.6e-02  2.0e-01  2.1e-03  2.0e-01
 707  T 0   2.201e+06  -3e-05  0.99  1.9e-02  2.3e-05  1.9e-02  4.0e-02  1.4e-01  1.3e-03  1.4e-01
 708  T 0   2.200e+06  -2e-05  0.99  2.3e-02  2.2e-05  2.3e-02  3.9e-02  1.5e-01  1.1e-03  1.5e-01
 709  T 0   2.200e+06   2e-05  0.99  2.7e-02  2.2e-05  2.7e-02  4.7e-02  1.5e-01  1.1e-03  1.5e-01
 710  T 0   2.200e+06  -2e-13  0.99  3.3e-02  2.1e-05  3.3e-02  4.9e-02  1.5e-01  1.4e-03  1.5e-01
 711  T 0   2.200e+06   1e-06  0.99  3.9e-02  2.1e-05  3.9e-02  6.4e-02  1.5e-01  8.5e-04  1.5e-01
 712  T 0   2.200e+06  -6e-05  0.99  4.7e-02  2.0e-05  4.7e-02  6.7e-02  1.6e-01  1.3e-03  1.6e-01
 713  T 0   2.200e+06  -2e-05  0.99  5.6e-02  1.9e-05  5.6e-02  7.7e-02  1.6e-01  1.2e-03  1.6e-01
 714  T 0   2.200e+06  -4e-06  0.99  6.8e-02  1.9e-05  6.8e-02  9.0e-02  1.5e-01  1.5e-03  1.6e-01
 715  T 0   2.199e+06  -3e-06  0.99  8.1e-02  1.9e-05  8.1e-02  1.1e-01  1.6e-01  1.0e-03  1.6e-01
 716  T 0   2.199e+06   8e-08  0.99  9.7e-02  1.9e-05  9.7e-02  1.3e-01  1.6e-01  1.3e-03  1.6e-01
 717  T 0   2.199e+06  -2e-05  0.99  1.2e-01  1.9e-05  1.2e-01  1.5e-01  1.6e-01  1.3e-03  1.6e-01
 718  T 0   2.199e+06  -1e-06  0.99  1.4e-01  1.8e-05  1.4e-01  1.7e-01  1.8e-01  2.5e-03  1.8e-01
 719  T 0   2.199e+06  -6e-06  0.99  1.7e-01  1.8e-05  7.8e-02  1.4e-01  1.7e-01  1.9e-03  1.7e-01
 720  F 0   2.199e+06  -8e-05  0.99  2.0e-01  1.6e-05  2.0e-01  2.5e-01  1.7e-01  2.0e-03  1.7e-01
 721  T 0   2.199e+06  -5e-05  0.99  1.4e-01  2.2e-05  1.4e-01  2.0e-01  2.3e-01  1.7e-03  2.3e-01
 722  T 0   2.198e+06   3e-13  0.99  9.9e-02  2.3e-05  9.9e-02  1.5e-01  2.4e-01  1.4e-03  2.5e-01
 723  T 0   2.198e+06   1e-05  0.99  1.2e-01  2.0e-05  1.2e-01  1.7e-01  2.6e-01  3.4e-03  2.6e-01
 724  T 0   2.198e+06  -1e-05  0.99  8.3e-02  2.0e-05  8.3e-02  1.5e-01  2.1e-01  2.0e-03  2.2e-01
 725  T 0   2.198e+06   7e-06  0.99  9.7e-02  2.0e-05  9.7e-02  1.5e-01  2.2e-01  1.5e-03  2.2e-01
 726  T 0   2.198e+06  -9e-06  0.99  1.2e-01  1.6e-05  8.2e-02  1.4e-01  2.1e-01  2.2e-03  2.1e-01
 727  T 0   2.198e+06  -4e-07  0.99  1.4e-01  1.7e-05  1.4e-01  2.0e-01  2.0e-01  2.8e-03  2.0e-01
 728  F 0   2.198e+06  -5e-05  0.99  1.7e-01  1.2e-05  1.7e-01  2.2e-01  2.0e-01  4.0e-03  2.1e-01
 729  T 0   2.198e+06  -2e-13  0.99  1.2e-01  1.7e-05  1.2e-01  1.4e-01  2.0e-01  2.5e-03  2.0e-01
 730  F 0   2.198e+06  -9e-06  0.99  1.0e-01  1.8e-05  1.0e-01  1.7e-01  2.0e-01  3.5e-03  2.1e-01
 731  T 0   2.197e+06  -2e-16  0.99  7.0e-02  1.4e-05  7.0e-02  1.1e-01  2.1e-01  3.8e-03  2.1e-01
 732  T 0   2.197e+06   2e-06  0.99  4.9e-02  1.3e-05  4.9e-02  8.9e-02  2.1e-01  2.4e-03  2.1e-01
 733  T 0   2.197e+06   8e-07  0.99  5.9e-02  2.1e-05  5.3e-02  1.1e-01  2.0e-01  3.7e-03  2.1e-01
 734  T 0   2.197e+06   3e-06  0.99  5.8e-02  1.9e-05  5.8e-02  1.1e-01  2.1e-01  2.7e-03  2.1e-01
 735  T 0   2.197e+06   9e-06  0.99  7.0e-02  1.5e-05  6.8e-02  1.2e-01  2.1e-01  3.7e-03  2.1e-01
 736  T 0   2.197e+06  -5e-06  0.99  8.1e-02  1.3e-05  8.1e-02  1.2e-01  2.1e-01  4.0e-03  2.1e-01
 737  T 0   2.197e+06  -1e-05  0.99  5.9e-02  1.3e-05  5.9e-02  9.9e-02  2.9e-01  2.9e-03  2.9e-01
 738  T 0   2.197e+06   4e-06  0.99  4.1e-02  1.2e-05  4.1e-02  9.1e-02  2.2e-01  1.2e-03  2.2e-01
 739  T 0   2.197e+06  -4e-05  0.99  4.9e-02  1.1e-05  4.9e-02  1.0e-01  2.6e-01  2.0e-03  2.6e-01
 740  T 0   2.197e+06  -4e-06  0.99  5.7e-02  1.3e-05  5.7e-02  1.0e-01  2.5e-01  3.0e-03  2.5e-01
 741  T 0   2.197e+06  -5e-05  0.99  6.9e-02  1.6e-05  6.0e-02  9.6e-02  2.3e-01  1.8e-03  2.3e-01
 742  T 0   2.197e+06   2e-06  0.99  8.2e-02  1.7e-05  8.2e-02  1.3e-01  2.2e-01  1.7e-03  2.2e-01
 743  T 0   2.197e+06  -8e-06  0.99  9.9e-02  1.9e-05  9.9e-02  1.7e-01  2.1e-01  2.9e-03  2.1e-01
 744  F 0   2.197e+06  -4e-05  0.99  1.2e-01  3.4e-05  1.2e-01  1.8e-01  2.1e-01  2.6e-03  2.2e-01
 745  T 0   2.197e+06   6e-06  0.99  1.2e-01  1.9e-05  1.2e-01  1.9e-01  2.1e-01  2.9e-03  2.2e-01
 746  F 0   2.197e+06   5e-05  0.99  1.2e-01  3.3e-05  1.2e-01  1.7e-01  2.1e-01  1.8e-03  2.1e-01
 747  F 0   2.197e+06   1e-06  0.99  8.4e-02  1.9e-05  8.4e-02  1.4e-01  2.1e-01  1.6e-03  2.1e-01
 748  T 0   2.196e+06   9e-06  0.99  5.9e-02  1.8e-05  5.9e-02  9.2e-02  2.0e-01  5.4e-03  2.1e-01
 749  F 0   2.196e+06  -7e-06  0.99  7.1e-02  2.3e-05  5.1e-02  7.5e-02  2.1e-01  1.8e-03  2.1e-01
 750  T 0   2.196e+06  -3e-05  0.99  8.5e-02  1.8e-05  8.5e-02  1.0e-01  2.1e-01  1.4e-03  2.1e-01
 751  T 0   2.196e+06  -2e-06  0.99  1.0e-01  2.1e-05  3.6e-02  6.5e-02  2.2e-01  2.3e-03  2.2e-01
 752  T 0   2.196e+06   1e-05  0.99  7.1e-02  1.8e-05  7.1e-02  8.8e-02  2.1e-01  1.7e-03  2.1e-01
 753  T 0   2.196e+06   1e-05  0.99  5.0e-02  1.8e-05  4.4e-02  7.5e-02  2.1e-01  2.4e-03  2.1e-01
 754  F 0   2.196e+06  -2e-05  0.99  4.0e-02  1.9e-05  4.0e-02  6.6e-02  2.1e-01  1.8e-03  2.1e-01
 755  T 0   2.196e+06  -1e-05  0.99  4.8e-02  2.0e-05  4.8e-02  7.4e-02  2.0e-01  1.4e-03  2.1e-01
 756  T 0   2.196e+06   2e-05  0.99  5.7e-02  1.9e-05  5.7e-02  8.0e-02  2.1e-01  2.0e-03  2.1e-01
 757  T 0   2.196e+06  -7e-06  0.99  6.9e-02  1.9e-05  6.9e-02  8.9e-02  2.0e-01  1.8e-03  2.1e-01
 758  F 0   2.196e+06  -6e-05  0.99  8.3e-02  1.9e-05  8.3e-02  1.0e-01  2.1e-01  2.0e-03  2.1e-01
 759  T 0   2.196e+06  -2e-06  0.99  9.9e-02  2.0e-05  9.9e-02  1.1e-01  2.0e-01  2.3e-03  2.0e-01
 760  T 0   2.196e+06  -3e-06  0.99  1.2e-01  1.9e-05  3.4e-02  7.5e-02  2.0e-01  2.1e-03  2.0e-01
 761  T 0   2.196e+06   9e-07  0.99  1.4e-01  2.0e-05  6.5e-02  1.0e-01  2.0e-01  1.6e-03  2.1e-01
 762  T 0   2.196e+06   0e+00  0.99  1.7e-01  1.9e-05  4.9e-02  9.5e-02  2.0e-01  2.2e-03  2.0e-01
 763  F 0   2.196e+06  -5e-05  0.99  2.1e-01  1.9e-05  7.5e-02  1.1e-01  2.1e-01  1.8e-03  2.1e-01
 764  T 0   2.196e+06  -2e-06  0.99  1.4e-01  2.0e-05  1.3e-01  1.6e-01  2.3e-01  2.1e-03  2.4e-01
 765  T 0   2.196e+06  -7e-06  0.99  1.0e-01  1.9e-05  1.0e-01  1.3e-01  2.1e-01  2.8e-03  2.2e-01
 766  T 0   2.196e+06   1e-05  0.99  7.0e-02  1.7e-05  7.0e-02  1.2e-01  2.4e-01  1.5e-03  2.4e-01
 767  T 0   2.196e+06  -3e-05  0.99  6.7e-02  1.7e-05  4.9e-02  8.0e-02  2.2e-01  2.3e-03  2.2e-01
 768  T 0   2.196e+06   1e-05  0.99  8.0e-02  1.7e-05  4.3e-02  8.9e-02  2.4e-01  1.5e-03  2.4e-01
 769  T 0   2.196e+06  -1e-05  0.99  9.6e-02  1.6e-05  4.8e-02  8.6e-02  2.3e-01  1.6e-03  2.3e-01
 770  T 0   2.196e+06  -6e-05  0.99  6.7e-02  1.7e-05  4.9e-02  7.9e-02  2.6e-01  1.8e-03  2.7e-01
 771  T 0   2.196e+06   1e-05  0.99  7.0e-02  1.7e-05  5.9e-02  1.0e-01  2.1e-01  1.1e-02  2.2e-01
 772  T 0   2.196e+06  -4e-05  0.99  8.4e-02  1.5e-05  7.1e-02  1.0e-01  2.3e-01  2.3e-03  2.3e-01
 773  T 0   2.195e+06   4e-06  0.99  1.0e-01  1.7e-05  8.5e-02  1.3e-01  2.2e-01  2.1e-03  2.2e-01
 774  T 0   2.195e+06  -7e-05  0.99  7.0e-02  1.7e-05  6.1e-02  1.2e-01  2.4e-01  1.7e-03  2.4e-01
 775  T 0   2.195e+06  -5e-06  0.99  5.2e-02  1.5e-05  5.2e-02  1.2e-01  2.0e-01  1.7e-03  2.0e-01
 776  F 0   2.195e+06  -1e-04  0.99  5.6e-02  1.8e-05  5.6e-02  1.1e-01  2.1e-01  1.8e-03  2.2e-01
 777  T 0   2.195e+06  -1e-05  0.99  6.8e-02  1.7e-05  6.8e-02  1.2e-01  2.0e-01  2.6e-03  2.0e-01
 778  T 0   2.195e+06   3e-15  0.99  8.1e-02  1.3e-05  3.8e-02  8.6e-02  2.1e-01  2.1e-03  2.1e-01
 779  T 0   2.195e+06  -4e-06  0.99  5.7e-02  1.2e-05  5.7e-02  9.8e-02  2.0e-01  2.9e-03  2.0e-01
 780  T 0   2.195e+06  -3e-05  0.99  4.0e-02  1.4e-05  4.0e-02  9.5e-02  2.1e-01  1.7e-03  2.1e-01
 781  T 0   2.195e+06  -4e-06  0.99  4.2e-02  1.4e-05  4.2e-02  9.4e-02  2.0e-01  2.8e-03  2.0e-01
 782  T 0   2.195e+06   8e-06  0.99  4.6e-02  1.4e-05  4.6e-02  9.3e-02  2.0e-01  1.6e-03  2.1e-01
 783  T 0   2.195e+06   3e-06  0.99  5.6e-02  1.1e-05  4.4e-02  8.9e-02  2.1e-01  2.7e-03  2.1e-01
 784  T 0   2.195e+06  -4e-14  0.99  6.7e-02  1.2e-05  4.6e-02  1.0e-01  2.0e-01  2.9e-03  2.1e-01
 785  T 0   2.195e+06   2e-05  0.99  5.5e-02  8.7e-06  5.5e-02  1.1e-01  2.2e-01  1.5e-03  2.2e-01
 786  T 0   2.195e+06   3e-06  0.99  4.7e-02  9.8e-06  4.7e-02  9.4e-02  2.1e-01  3.7e-03  2.1e-01
 787  T 0   2.195e+06   4e-07  0.99  5.6e-02  8.2e-06  5.6e-02  8.6e-02  2.1e-01  2.3e-03  2.1e-01
 788  T 0   2.195e+06   2e-05  0.99  6.8e-02  6.8e-06  6.8e-02  1.0e-01  2.3e-01  1.7e-03  2.3e-01
 789  T 0   2.194e+06   8e-06  0.99  4.7e-02  9.0e-06  4.7e-02  8.4e-02  2.0e-01  1.4e-03  2.0e-01
 790  T 0   2.194e+06  -6e-07  0.99  3.3e-02  5.6e-06  3.3e-02  7.0e-02  2.0e-01  1.8e-03  2.0e-01
 791  F 0   2.194e+06  -6e-06  0.99  4.0e-02  9.4e-06  4.0e-02  6.3e-02  2.1e-01  1.2e-03  2.1e-01
 792  T 0   2.194e+06   3e-06  0.99  4.6e-02  7.1e-06  4.6e-02  6.3e-02  2.0e-01  2.2e-03  2.1e-01
 793  T 0   2.194e+06   5e-05  0.99  3.2e-02  6.5e-06  3.2e-02  4.9e-02  2.1e-01  1.8e-03  2.1e-01
 794  F 0   2.194e+06  -3e-06  0.99  2.2e-02  5.0e-06  1.6e-02  3.2e-02  2.1e-01  3.1e-03  2.1e-01
 795  F 0   2.194e+06  -2e-06  0.99  2.7e-02  4.4e-06  1.9e-02  3.2e-02  2.4e-01  1.3e-03  2.4e-01
 796  F 0   2.194e+06  -7e-06  0.99  2.3e-02  4.6e-06  2.3e-02  3.5e-02  2.1e-01  1.6e-03  2.1e-01
 797  T 0   2.194e+06   2e-05  0.99  2.8e-02  4.9e-06  2.8e-02  3.8e-02  2.2e-01  1.7e-03  2.2e-01
 798  T 0   2.194e+06   8e-06  0.99  3.3e-02  4.9e-06  3.3e-02  4.6e-02  2.0e-01  1.5e-03  2.1e-01
 799  T 0   2.194e+06   1e-05  0.99  4.0e-02  5.4e-06  4.0e-02  5.0e-02  2.0e-01  1.6e-03  2.1e-01
 800  F 0   2.194e+06  -1e-05  0.99  4.8e-02  4.5e-06  4.8e-02  5.8e-02  2.1e-01  1.4e-03  2.1e-01
 801  F 0   2.194e+06  -8e-06  0.99  3.3e-02  3.8e-06  3.3e-02  4.4e-02  2.1e-01  3.3e-03  2.1e-01
 802  T 0   2.194e+06  -1e-05  0.99  2.3e-02  4.1e-06  2.3e-02  3.7e-02  2.7e-01  1.7e-03  2.7e-01
 803  T 0   2.194e+06   3e-05  0.99  2.8e-02  3.8e-06  2.8e-02  4.3e-02  2.1e-01  1.6e-03  2.1e-01
 804  F 0   2.194e+06  -3e-06  0.99  3.4e-02  2.0e-05  3.4e-02  5.0e-02  2.1e-01  2.2e-03  2.2e-01
 805  F 0   2.194e+06  -9e-07  0.99  4.0e-02  2.0e-05  2.2e-02  4.4e-02  2.0e-01  2.6e-03  2.1e-01
 806  T 0   2.194e+06   3e-05  0.99  4.8e-02  2.1e-05  4.8e-02  6.0e-02  2.1e-01  2.3e-03  2.1e-01
 807  F 0   2.194e+06  -4e-05  0.99  3.4e-02  2.1e-05  3.4e-02  5.4e-02  2.1e-01  1.8e-03  2.1e-01
 808  F 0   2.194e+06  -1e-06  0.99  3.3e-02  2.1e-05  3.3e-02  4.7e-02  2.3e-01  2.1e-03  2.3e-01
 809  T 0   2.194e+06   1e-05  0.99  3.9e-02  2.1e-05  3.9e-02  4.7e-02  2.0e-01  1.6e-03  2.1e-01
 810  F 0   2.194e+06  -8e-06  0.99  4.7e-02  2.1e-05  3.4e-02  4.6e-02  2.2e-01  2.6e-02  2.5e-01
 811  F 0   2.194e+06  -9e-07  0.99  3.3e-02  2.1e-05  2.4e-02  4.0e-02  2.0e-01  1.7e-03  2.1e-01
 812  T 0   2.194e+06  -7e-06  0.99  3.9e-02  2.1e-05  2.2e-02  4.0e-02  2.0e-01  2.3e-03  2.1e-01
 813  F 0   2.194e+06  -6e-05  0.99  4.7e-02  2.1e-05  4.7e-02  6.3e-02  2.0e-01  1.5e-03  2.1e-01
 814  T 0   2.194e+06  -2e-05  0.99  3.3e-02  2.1e-05  3.3e-02  5.4e-02  2.0e-01  1.8e-03  2.0e-01
 815  T 0   2.194e+06   3e-06  0.99  3.8e-02  2.1e-05  2.3e-02  4.4e-02  2.0e-01  2.7e-03  2.0e-01
 816  F 0   2.194e+06  -6e-05  0.99  2.7e-02  2.1e-05  2.1e-02  4.3e-02  2.0e-01  2.4e-03  2.0e-01
 817  T 0   2.194e+06   3e-05  0.99  2.6e-02  2.1e-05  2.6e-02  4.8e-02  2.3e-01  1.4e-03  2.3e-01
 818  F 0   2.194e+06  -8e-06  0.99  3.1e-02  2.1e-05  3.1e-02  4.7e-02  2.1e-01  1.6e-03  2.2e-01
 819  F 0   2.194e+06  -8e-06  0.99  3.7e-02  2.2e-05  3.7e-02  5.2e-02  2.1e-01  1.6e-03  2.1e-01
 820  T 0   2.194e+06  -8e-06  0.99  4.4e-02  2.2e-05  4.4e-02  5.6e-02  2.1e-01  1.7e-03  2.1e-01
 821  T 0   2.194e+06  -1e-05  0.99  5.3e-02  2.1e-05  3.6e-02  5.0e-02  2.1e-01  1.8e-03  2.1e-01
 822  T 0   2.194e+06  -7e-06  0.99  3.7e-02  2.1e-05  3.7e-02  4.8e-02  2.1e-01  1.9e-03  2.1e-01
 823  T 0   2.194e+06  -1e-06  0.99  2.6e-02  2.1e-05  2.6e-02  3.9e-02  2.0e-01  2.2e-03  2.1e-01
 824  T 0   2.194e+06  -8e-06  0.99  1.8e-02  2.1e-05  1.8e-02  3.4e-02  2.7e-01  3.4e-03  2.7e-01
 825  T 0   2.194e+06   5e-06  0.99  2.1e-02  2.0e-05  2.1e-02  3.6e-02  2.3e-01  1.2e-03  2.3e-01
 826  T 0   2.194e+06  -2e-05  0.99  2.5e-02  2.0e-05  2.5e-02  4.3e-02  2.3e-01  1.6e-03  2.4e-01
 827  F 0   2.194e+06  -9e-05  0.99  1.8e-02  1.9e-05  1.8e-02  4.4e-02  2.1e-01  1.4e-03  2.2e-01
 828  T 0   2.194e+06   5e-05  0.99  2.2e-02  1.9e-05  2.2e-02  4.4e-02  2.1e-01  2.7e-03  2.1e-01
 829  T 0   2.194e+06   7e-06  0.99  2.7e-02  1.8e-05  2.7e-02  5.4e-02  2.2e-01  1.7e-03  2.2e-01
 830  T 0   2.194e+06   2e-05  0.99  3.2e-02  1.7e-05  3.2e-02  6.6e-02  2.1e-01  1.4e-03  2.1e-01
 831  T 0   2.194e+06   2e-05  0.99  3.8e-02  1.6e-05  3.8e-02  7.7e-02  2.1e-01  1.6e-03  2.1e-01
 832  T 0   2.193e+06   2e-07  0.99  4.6e-02  1.4e-05  4.6e-02  9.2e-02  2.2e-01  2.0e-03  2.2e-01
 833  T 0   2.193e+06  -2e-05  0.99  5.5e-02  1.2e-05  4.7e-02  9.9e-02  2.0e-01  1.7e-03  2.0e-01
 834  T 0   2.193e+06  -4e-06  0.99  5.0e-02  9.4e-06  4.7e-02  9.8e-02  2.0e-01  2.3e-03  2.0e-01
 835  T 0   2.193e+06   1e-06  0.99  5.6e-02  1.1e-05  5.6e-02  1.1e-01  2.1e-01  1.6e-03  2.1e-01
 836  T 0   2.193e+06  -9e-06  0.99  6.8e-02  1.4e-05  6.8e-02  1.3e-01  2.0e-01  1.9e-03  2.0e-01
 837  T 0   2.193e+06  -1e-14  0.99  8.1e-02  1.6e-05  8.1e-02  1.5e-01  2.0e-01  3.2e-03  2.1e-01
 838  T 0   2.193e+06   1e-05  0.99  9.7e-02  1.1e-05  9.7e-02  1.7e-01  2.1e-01  2.2e-03  2.1e-01
 839  T 0   2.193e+06   5e-07  0.99  6.8e-02  1.5e-05  6.8e-02  1.3e-01  2.3e-01  4.2e-03  2.4e-01
 840  T 0   2.193e+06  -1e-05  0.99  4.9e-02  1.5e-05  4.9e-02  1.1e-01  2.0e-01  1.9e-03  2.0e-01
 841  T 0   2.193e+06   4e-06  0.99  5.9e-02  1.3e-05  5.9e-02  1.1e-01  2.0e-01  2.1e-03  2.1e-01
 842  T 0   2.193e+06  -7e-06  0.99  5.2e-02  1.3e-05  5.2e-02  1.1e-01  2.1e-01  1.5e-03  2.1e-01
 843  T 0   2.193e+06   3e-05  0.99  6.2e-02  1.3e-05  3.5e-02  9.4e-02  2.1e-01  2.1e-03  2.1e-01
 844  T 0   2.192e+06  -1e-06  0.99  7.4e-02  1.9e-05  7.4e-02  1.3e-01  2.0e-01  1.9e-03  2.1e-01
 845  T 0   2.192e+06  -9e-06  0.99  5.2e-02  1.3e-05  5.2e-02  1.2e-01  2.1e-01  3.0e-03  2.1e-01
 846  T 0   2.192e+06   7e-05  0.99  5.2e-02  1.8e-05  5.2e-02  1.3e-01  2.6e-01  2.0e-03  2.6e-01
 847  T 0   2.192e+06   1e-05  0.99  5.8e-02  1.1e-05  5.8e-02  1.2e-01  2.3e-01  2.2e-03  2.3e-01
 848  T 0   2.192e+06  -7e-06  0.99  6.8e-02  1.3e-05  6.8e-02  1.1e-01  2.0e-01  1.4e-03  2.0e-01
 849  T 0   2.192e+06  -3e-05  0.99  8.2e-02  1.5e-05  3.8e-02  9.7e-02  2.0e-01  2.0e-03  2.0e-01
 850  T 0   2.192e+06  -4e-05  0.99  9.8e-02  1.3e-05  3.6e-02  1.0e-01  2.0e-01  1.7e-03  2.0e-01
 851  T 0   2.192e+06  -4e-05  0.99  6.9e-02  1.4e-05  4.4e-02  1.2e-01  2.1e-01  1.5e-03  2.1e-01
 852  T 0   2.191e+06  -4e-07  0.99  5.2e-02  1.8e-05  5.2e-02  1.3e-01  2.0e-01  1.2e-03  2.0e-01
 853  T 0   2.191e+06   4e-06  0.99  5.9e-02  1.0e-05  5.9e-02  1.4e-01  2.1e-01  2.2e-03  2.1e-01
 854  T 0   2.191e+06  -1e-05  0.99  7.1e-02  9.5e-06  7.1e-02  1.4e-01  2.1e-01  2.9e-03  2.1e-01
 855  T 0   2.191e+06   3e-06  0.99  6.9e-02  1.1e-05  6.9e-02  1.4e-01  2.1e-01  2.2e-03  2.1e-01
 856  T 0   2.191e+06  -6e-05  0.99  8.2e-02  1.3e-05  8.2e-02  1.6e-01  2.1e-01  1.7e-03  2.1e-01
 857  T 0   2.190e+06   1e-05  0.99  9.9e-02  1.5e-05  9.9e-02  1.9e-01  2.0e-01  2.7e-03  2.1e-01
 858  T 0   2.190e+06  -2e-06  0.99  1.2e-01  1.1e-05  1.2e-01  2.2e-01  2.2e-01  3.5e-03  2.3e-01
 859  T 0   2.190e+06  -3e-06  0.99  1.4e-01  1.2e-05  1.4e-01  2.2e-01  2.1e-01  2.2e-03  2.1e-01
 860  T 0   2.189e+06  -3e-14  0.99  1.7e-01  1.0e-05  1.6e-01  2.8e-01  2.1e-01  2.2e-03  2.1e-01
 861  T 0   2.189e+06   6e-14  0.99  2.1e-01  1.8e-05  1.0e-01  2.4e-01  2.3e-01  3.2e-03  2.3e-01
 862  F 0   2.189e+06   4e-06  0.99  1.4e-01  2.7e-05  1.4e-01  3.0e-01  2.1e-01  1.9e-03  2.1e-01
 863  T 0   2.189e+06  -3e-05  0.99  1.1e-01  1.5e-05  1.1e-01  3.0e-01  2.1e-01  1.8e-03  2.1e-01
 864  T 0   2.189e+06   1e-04  0.99  1.3e-01  1.4e-05  1.3e-01  2.5e-01  2.0e-01  2.1e-03  2.0e-01
 865  F 0   2.189e+06  -3e-05  0.99  1.6e-01  1.7e-05  1.6e-01  2.4e-01  2.1e-01  1.7e-03  2.1e-01
 866  T 0   2.189e+06  -3e-06  0.99  1.1e-01  1.3e-05  1.1e-01  1.8e-01  2.1e-01  2.7e-03  2.1e-01
 867  T 0   2.189e+06  -2e-06  0.99  7.9e-02  1.1e-05  7.9e-02  1.4e-01  2.0e-01  2.9e-03  2.1e-01
 868  T 0   2.188e+06  -3e-05  0.99  9.5e-02  1.2e-05  8.5e-02  1.5e-01  2.8e-01  4.1e-03  2.8e-01
 869  T 0   2.188e+06   7e-05  0.99  1.1e-01  7.7e-06  1.0e-01  1.7e-01  2.1e-01  2.2e-03  2.1e-01
 870  F 0   2.188e+06   1e-06  0.99  8.0e-02  7.4e-06  8.0e-02  1.4e-01  2.2e-01  3.1e-03  2.2e-01
 871  T 0   2.188e+06   6e-06  0.99  5.6e-02  7.0e-06  5.6e-02  1.2e-01  2.2e-01  2.1e-03  2.2e-01
 872  T 0   2.188e+06   5e-05  0.99  6.7e-02  7.8e-06  6.0e-02  1.3e-01  2.1e-01  1.9e-03  2.1e-01
 873  F 0   2.188e+06   2e-05  0.99  8.1e-02  1.1e-05  8.1e-02  1.5e-01  2.1e-01  1.7e-03  2.1e-01
 874  F 0   2.188e+06   3e-06  0.99  5.9e-02  7.8e-06  5.9e-02  1.2e-01  2.0e-01  2.4e-03  2.1e-01
 875  F 0   2.188e+06   2e-06  0.99  6.2e-02  8.8e-06  4.1e-02  8.9e-02  2.0e-01  1.8e-03  2.0e-01
 876  F 0   2.188e+06  -1e-05  0.99  4.3e-02  7.6e-06  2.8e-02  6.1e-02  2.1e-01  2.1e-03  2.1e-01
 877  F 0   2.188e+06  -7e-06  0.99  3.0e-02  8.1e-06  2.0e-02  4.7e-02  2.0e-01  2.0e-03  2.0e-01
 878  F 0   2.188e+06  -3e-05  0.99  2.3e-02  7.9e-06  2.3e-02  4.8e-02  2.0e-01  1.5e-03  2.0e-01
 879  F 0   2.188e+06  -4e-05  0.99  2.5e-02  7.9e-06  2.5e-02  5.0e-02  2.0e-01  1.5e-03  2.0e-01
 880  T 0   2.188e+06  -2e-05  0.99  2.7e-02  3.0e-05  1.7e-02  4.2e-02  2.0e-01  1.7e-03  2.1e-01
 881  T 0   2.188e+06   1e-05  0.99  3.2e-02  2.8e-05  3.2e-02  4.4e-02  2.2e-01  2.7e-03  2.3e-01
 882  T 0   2.188e+06   6e-06  0.99  2.2e-02  3.0e-05  2.2e-02  4.0e-02  2.1e-01  1.7e-03  2.1e-01
 883  T 0   2.188e+06   3e-06  0.99  1.6e-02  2.8e-05  1.6e-02  2.7e-02  2.4e-01  3.1e-03  2.4e-01
 884  F 0   2.188e+06  -1e-05  0.99  1.1e-02  2.9e-05  1.1e-02  2.2e-02  2.6e-01  1.9e-03  2.6e-01
 885  T 0   2.188e+06   7e-07  0.99  1.2e-02  2.9e-05  1.2e-02  1.8e-02  2.4e-01  2.4e-03  2.5e-01
 886  T 0   2.188e+06   5e-07  0.99  1.5e-02  2.9e-05  1.5e-02  1.8e-02  2.6e-01  2.8e-03  2.6e-01
 887  T 0   2.188e+06  -1e-06  0.99  1.0e-02  2.9e-05  1.0e-02  1.4e-02  2.8e-01  2.1e-03  2.9e-01
 888  T 0   2.188e+06   9e-06  0.99  7.1e-03  2.9e-05  7.1e-03  1.4e-02  2.1e-01  1.8e-03  2.1e-01
Termination on Convergence criteria
Total number of system evaluations: 889
