   k  l     Obj         Vio    Bou   ML       |KKT|    |dX|     ||dX||   T_s      T_o      T_t
   0  T 0   9.132e+07  -9e+00  1.00  5.0e-01  0.0e+00  1.0e+00  1.0e+00  4.7e-01  0.0e+00  0.0e+00
   1  T 0   5.656e+07  -6e+00  0.12  5.0e-01  6.8e-04  3.6e-01  1.9e+01  2.5e-01  1.0e-02  2.6e-01
   2  T 0   4.016e+07  -4e+00  0.13  5.0e-01  1.4e-03  3.6e-01  1.7e+01  2.0e-01  3.3e-03  2.1e-01
   3  T 0   2.802e+07  -3e+00  0.39  5.0e-01  1.3e-03  5.0e-01  2.0e+01  2.0e-01  2.4e-03  2.0e-01
   4  T 0   1.826e+07  -3e+00  0.52  5.0e-01  4.6e-04  5.0e-01  1.2e+01  2.1e-01  2.0e-03  2.1e-01
   5  T 0   1.469e+07  -2e+00  0.49  5.0e-01  8.5e-04  4.2e-01  7.6e+00  2.0e-01  2.1e-03  2.1e-01
   6  T 0   1.122e+07  -2e+00  0.55  5.0e-01  8.1e-04  3.7e-01  6.9e+00  2.1e-01  1.9e-03  2.1e-01
   7  T 0   9.836e+06  -1e+00  0.68  5.0e-01  6.5e-02  4.4e-01  5.3e+00  2.1e-01  2.0e-03  2.1e-01
   8  T 0   8.518e+06  -1e+00  0.69  5.0e-01  3.7e-04  5.0e-01  5.4e+00  2.1e-01  2.0e-03  2.1e-01
   9  T 0   7.293e+06  -1e+00  0.72  5.0e-01  4.3e-04  5.0e-01  4.3e+00  2.1e-01  1.9e-03  2.1e-01
  10  T 0   6.195e+06  -9e-01  0.75  5.0e-01  5.5e-04  3.2e-01  3.6e+00  2.0e-01  1.9e-03  2.1e-01
  11  T 0   5.336e+06  -7e-01  0.81  5.0e-01  3.1e-04  4.0e-01  3.3e+00  2.0e-01  1.9e-03  2.0e-01
  12  T 0   4.926e+06  -6e-01  0.85  5.0e-01  5.0e-04  3.2e-01  2.6e+00  2.0e-01  1.9e-03  2.0e-01
  13  T 0   4.781e+06  -5e-01  0.87  5.0e-01  5.6e-04  4.8e-01  2.3e+00  2.0e-01  2.0e-03  2.1e-01
  14  T 0   4.549e+06  -5e-01  0.88  5.0e-01  1.4e-03  4.8e-01  2.1e+00  2.0e-01  2.0e-03  2.1e-01
  15  T 0   4.446e+06  -5e-01  0.88  5.0e-01  4.3e-04  5.0e-01  3.0e+00  2.1e-01  2.0e-03  2.1e-01
  16  T 0   4.177e+06  -4e-01  0.89  5.0e-01  4.0e-04  4.0e-01  2.5e+00  2.1e-01  1.9e-03  2.1e-01
  17  T 0   4.011e+06  -3e-01  0.91  5.0e-01  2.1e-04  3.3e-01  1.8e+00  2.1e-01  1.9e-03  2.1e-01
  18  T 0   3.923e+06  -3e-01  0.92  5.0e-01  1.7e-04  3.4e-01  1.6e+00  2.0e-01  2.0e-03  2.0e-01
  19  T 0   3.862e+06  -2e-01  0.93  5.0e-01  1.5e-03  2.7e-01  1.3e+00  2.1e-01  2.0e-03  2.1e-01
  20  T 0   3.827e+06  -2e-01  0.93  5.0e-01  1.9e-04  4.1e-01  1.5e+00  2.0e-01  1.9e-03  2.1e-01
  21  T 0   3.756e+06  -2e-01  0.93  5.0e-01  2.6e-04  3.2e-01  1.4e+00  2.4e-01  2.0e-03  2.4e-01
  22  T 0   3.705e+06  -2e-01  0.94  5.0e-01  4.8e-04  2.7e-01  1.2e+00  2.1e-01  2.0e-03  2.1e-01
  23  T 0   3.667e+06  -1e-01  0.94  5.0e-01  1.9e-04  2.9e-01  1.2e+00  2.8e-01  2.1e-03  2.8e-01
  24  T 0   3.634e+06  -1e-01  0.95  5.0e-01  3.7e-04  2.5e-01  9.2e-01  2.1e-01  2.1e-03  2.1e-01
  25  T 0   3.612e+06  -1e-01  0.95  5.0e-01  2.7e-04  2.4e-01  8.4e-01  2.0e-01  1.9e-03  2.0e-01
  26  T 0   3.593e+06  -1e-01  0.96  5.0e-01  1.5e-04  2.0e-01  7.3e-01  2.0e-01  2.0e-03  2.0e-01
  27  T 0   3.579e+06  -8e-02  0.96  5.0e-01  1.2e-04  2.6e-01  7.1e-01  2.0e-01  1.9e-03  2.1e-01
  28  T 0   3.565e+06  -8e-02  0.96  5.0e-01  1.2e-04  1.8e-01  6.3e-01  2.0e-01  2.0e-03  2.1e-01
  29  T 0   3.554e+06  -7e-02  0.96  5.0e-01  1.3e-04  2.2e-01  7.2e-01  2.0e-01  1.9e-03  2.1e-01
  30  T 0   3.540e+06  -6e-02  0.96  5.0e-01  1.3e-04  2.5e-01  7.1e-01  2.1e-01  2.0e-03  2.1e-01
  31  T 0   3.526e+06  -6e-02  0.96  5.0e-01  1.6e-04  2.2e-01  5.8e-01  2.1e-01  1.9e-03  2.2e-01
  32  T 0   3.508e+06  -5e-02  0.96  5.0e-01  3.1e-04  1.7e-01  6.1e-01  2.0e-01  2.0e-03  2.0e-01
  33  T 0   3.495e+06  -4e-02  0.96  5.0e-01  1.3e-04  1.2e-01  4.8e-01  2.2e-01  1.9e-03  2.2e-01
  34  T 0   3.487e+06  -4e-02  0.96  5.0e-01  1.3e-04  1.6e-01  5.8e-01  2.0e-01  2.0e-03  2.1e-01
  35  T 0   3.478e+06  -4e-02  0.96  5.0e-01  1.4e-04  1.5e-01  5.8e-01  2.0e-01  2.0e-03  2.1e-01
  36  T 0   3.471e+06  -4e-02  0.96  5.0e-01  1.7e-04  2.5e-01  7.6e-01  2.0e-01  1.9e-03  2.0e-01
  37  T 0   3.460e+06  -3e-02  0.96  5.0e-01  1.9e-04  2.2e-01  6.7e-01  2.1e-01  1.9e-03  2.1e-01
  38  T 0   3.452e+06  -3e-02  0.96  5.0e-01  2.2e-04  2.0e-01  7.4e-01  2.3e-01  2.0e-03  2.4e-01
  39  F 0   3.455e+06  -2e-02  0.96  5.0e-01  3.8e-04  5.0e-01  9.4e-01  2.4e-01  2.0e-03  2.4e-01
  40  F 0   3.459e+06  -3e-02  0.96  5.0e-01  2.4e-04  5.0e-01  1.2e+00  2.0e-01  2.0e-03  2.1e-01
  41  T 0   3.436e+06  -2e-02  0.96  5.0e-01  1.9e-04  4.5e-01  1.1e+00  2.0e-01  2.0e-03  2.1e-01
  42  T 0   3.425e+06  -2e-02  0.96  5.0e-01  3.8e-04  3.2e-01  7.1e-01  2.0e-01  2.0e-03  2.1e-01
  43  T 0   3.416e+06  -2e-02  0.96  5.0e-01  5.1e-04  1.9e-01  4.1e-01  2.1e-01  1.8e-03  2.1e-01
  44  T 0   3.410e+06  -2e-02  0.96  5.0e-01  1.5e-04  1.1e-01  2.9e-01  2.3e-01  2.0e-03  2.3e-01
  45  T 0   3.406e+06  -2e-02  0.96  5.0e-01  1.2e-04  9.0e-02  2.4e-01  2.6e-01  1.9e-03  2.6e-01
  46  T 0   3.401e+06  -2e-02  0.96  5.0e-01  1.2e-04  1.0e-01  2.6e-01  2.0e-01  2.0e-03  2.0e-01
  47  T 0   3.397e+06  -1e-02  0.96  5.0e-01  1.0e-04  1.1e-01  2.3e-01  2.0e-01  2.0e-03  2.1e-01
  48  T 0   3.394e+06  -1e-02  0.97  5.0e-01  1.0e-04  6.9e-02  2.0e-01  2.0e-01  1.9e-03  2.0e-01
  49  T 0   3.394e+06  -1e-02  0.96  5.0e-01  1.4e-04  2.9e-01  4.4e-01  2.0e-01  2.0e-03  2.0e-01
  50  T 0   3.389e+06  -1e-02  0.97  5.0e-01  3.6e-04  2.9e-01  4.8e-01  2.0e-01  1.9e-03  2.0e-01
  51  T 0   3.385e+06  -1e-02  0.97  5.0e-01  9.8e-05  2.0e-01  3.1e-01  2.0e-01  2.0e-03  2.0e-01
  52  T 0   3.382e+06  -1e-02  0.97  5.0e-01  1.1e-04  1.3e-01  2.7e-01  2.0e-01  6.2e-03  2.1e-01
  53  T 0   3.378e+06  -1e-02  0.97  5.0e-01  1.1e-04  8.8e-02  2.2e-01  2.0e-01  1.9e-03  2.1e-01
  54  T 0   3.374e+06  -1e-02  0.97  5.0e-01  1.1e-04  1.4e-01  2.7e-01  2.0e-01  1.9e-03  2.1e-01
  55  T 0   3.370e+06  -1e-02  0.97  5.0e-01  1.1e-04  1.1e-01  2.4e-01  2.0e-01  2.0e-03  2.1e-01
  56  T 0   3.366e+06  -9e-03  0.97  5.0e-01  1.2e-04  2.2e-01  3.3e-01  2.3e-01  1.8e-03  2.3e-01
  57  T 0   3.361e+06  -8e-03  0.97  5.0e-01  1.2e-04  9.6e-02  2.8e-01  2.3e-01  2.1e-03  2.4e-01
  58  T 0   3.355e+06  -7e-03  0.97  5.0e-01  1.2e-04  9.2e-02  3.2e-01  2.1e-01  1.8e-03  2.1e-01
  59  T 0   3.348e+06  -5e-03  0.97  5.0e-01  1.2e-04  1.3e-01  3.6e-01  2.0e-01  2.0e-03  2.0e-01
  60  T 0   3.340e+06  -5e-03  0.97  5.0e-01  1.5e-04  1.5e-01  4.6e-01  2.3e-01  1.9e-03  2.3e-01
  61  T 0   3.336e+06  -4e-03  0.97  5.0e-01  2.0e-04  3.7e-01  6.6e-01  2.0e-01  3.5e-03  2.1e-01
  62  F 0   3.336e+06  -9e-03  0.97  5.0e-01  2.0e-04  3.5e-01  8.3e-01  2.0e-01  2.4e-03  2.0e-01
  63  T 0   3.324e+06  -7e-03  0.96  5.0e-01  2.1e-04  2.4e-01  7.8e-01  2.1e-01  3.4e-03  2.1e-01
  64  T 0   3.319e+06  -6e-03  0.97  5.0e-01  2.7e-04  2.4e-01  6.3e-01  2.0e-01  3.4e-03  2.0e-01
  65  F 0   3.326e+06  -6e-03  0.97  5.0e-01  3.4e-04  1.8e-01  6.2e-01  2.0e-01  3.0e-03  2.0e-01
  66  T 0   3.313e+06  -6e-03  0.96  5.0e-01  3.4e-04  1.8e-01  5.5e-01  2.0e-01  2.7e-03  2.0e-01
  67  T 0   3.303e+06  -4e-03  0.97  5.0e-01  1.4e-04  1.4e-01  4.5e-01  2.0e-01  2.4e-03  2.1e-01
  68  T 0   3.297e+06  -2e-03  0.97  5.0e-01  9.7e-05  1.4e-01  3.4e-01  2.3e-01  3.0e-03  2.3e-01
  69  T 0   3.292e+06  -2e-03  0.97  5.0e-01  9.8e-05  1.4e-01  3.7e-01  2.0e-01  2.4e-03  2.0e-01
  70  T 0   3.288e+06  -2e-03  0.97  5.0e-01  9.1e-05  1.0e-01  2.8e-01  2.0e-01  3.5e-03  2.1e-01
  71  T 0   3.284e+06  -1e-03  0.97  5.0e-01  1.0e-04  1.1e-01  2.6e-01  2.0e-01  2.7e-03  2.1e-01
  72  T 0   3.280e+06  -1e-03  0.97  5.0e-01  1.0e-04  1.2e-01  2.2e-01  2.0e-01  3.1e-03  2.1e-01
  73  T 0   3.277e+06  -1e-03  0.97  5.0e-01  1.0e-04  7.0e-02  1.9e-01  2.0e-01  2.4e-03  2.0e-01
  74  T 0   3.273e+06  -1e-03  0.97  5.0e-01  9.3e-05  7.0e-02  1.9e-01  2.0e-01  2.9e-03  2.1e-01
  75  T 0   3.270e+06  -1e-03  0.97  5.0e-01  1.1e-04  7.3e-02  2.2e-01  2.3e-01  2.6e-03  2.3e-01
  76  T 0   3.265e+06  -1e-03  0.97  5.0e-01  9.0e-05  8.5e-02  2.3e-01  2.3e-01  3.0e-03  2.3e-01
  77  T 0   3.261e+06  -1e-03  0.97  5.0e-01  1.0e-04  9.4e-02  2.5e-01  2.6e-01  2.7e-03  2.6e-01
  78  T 0   3.257e+06  -1e-03  0.97  5.0e-01  1.0e-04  2.0e-01  3.3e-01  2.0e-01  3.2e-03  2.0e-01
  79  T 0   3.252e+06  -1e-03  0.97  5.0e-01  1.2e-04  1.1e-01  2.9e-01  2.1e-01  2.6e-03  2.1e-01
  80  T 0   3.248e+06  -1e-03  0.97  5.0e-01  1.1e-04  1.9e-01  3.1e-01  2.2e-01  2.6e-03  2.2e-01
  81  T 0   3.243e+06  -1e-03  0.97  5.0e-01  1.3e-04  1.2e-01  3.2e-01  2.1e-01  3.0e-03  2.1e-01
  82  T 0   3.238e+06  -2e-03  0.97  5.0e-01  1.0e-04  1.6e-01  3.0e-01  2.1e-01  2.6e-03  2.2e-01
  83  T 0   3.233e+06  -2e-03  0.97  5.0e-01  1.4e-04  1.3e-01  3.5e-01  2.0e-01  3.4e-03  2.0e-01
  84  T 0   3.229e+06  -2e-03  0.97  5.0e-01  1.5e-04  1.3e-01  3.5e-01  2.5e-01  3.1e-03  2.5e-01
  85  T 0   3.229e+06  -3e-03  0.97  5.0e-01  3.6e-04  1.4e-01  4.5e-01  2.3e-01  3.1e-03  2.3e-01
  86  F 0   3.235e+06  -4e-03  0.97  5.0e-01  3.5e-04  2.2e-01  5.4e-01  2.0e-01  2.4e-03  2.0e-01
  87  T 0   3.226e+06  -6e-03  0.97  5.0e-01  4.7e-04  2.2e-01  6.4e-01  2.0e-01  2.7e-03  2.1e-01
  88  T 0   3.213e+06  -4e-03  0.97  5.0e-01  2.0e-04  1.5e-01  4.8e-01  2.0e-01  3.1e-03  2.1e-01
  89  T 0   3.205e+06  -3e-03  0.97  5.0e-01  2.0e-04  1.2e-01  3.6e-01  2.1e-01  2.6e-03  2.2e-01
  90  T 0   3.198e+06  -2e-03  0.97  5.0e-01  1.3e-04  1.6e-01  3.2e-01  2.6e-01  2.3e-03  2.6e-01
  91  T 0   3.191e+06  -1e-03  0.97  5.0e-01  1.2e-04  1.2e-01  2.7e-01  2.1e-01  1.2e-02  2.2e-01
  92  T 0   3.186e+06  -1e-03  0.97  5.0e-01  1.2e-04  1.2e-01  2.3e-01  2.0e-01  2.9e-03  2.0e-01
  93  T 0   3.181e+06  -1e-03  0.97  5.0e-01  1.3e-04  1.4e-01  2.7e-01  2.0e-01  3.0e-03  2.1e-01
  94  T 0   3.175e+06  -1e-03  0.97  5.0e-01  1.4e-04  1.0e-01  2.4e-01  2.0e-01  3.1e-03  2.1e-01
  95  T 0   3.171e+06  -1e-03  0.97  5.0e-01  1.5e-04  9.5e-02  2.7e-01  2.2e-01  2.8e-03  2.2e-01
  96  T 0   3.165e+06  -1e-03  0.97  5.0e-01  1.5e-04  1.2e-01  3.1e-01  2.1e-01  2.7e-03  2.1e-01
  97  T 0   3.158e+06  -1e-03  0.97  5.0e-01  1.2e-04  1.5e-01  3.3e-01  2.1e-01  2.7e-03  2.1e-01
  98  T 0   3.154e+06  -2e-03  0.97  5.0e-01  1.9e-04  1.1e-01  3.5e-01  2.0e-01  3.0e-03  2.1e-01
  99  F 0   3.155e+06  -2e-03  0.97  5.0e-01  3.4e-04  1.7e-01  4.2e-01  2.0e-01  2.8e-03  2.1e-01
 100  T 0   3.147e+06  -4e-03  0.97  5.0e-01  1.8e-04  2.3e-01  5.8e-01  2.1e-01  3.0e-03  2.1e-01
 101  T 0   3.146e+06  -5e-03  0.97  5.0e-01  2.6e-04  4.7e-01  8.7e-01  2.1e-01  3.2e-03  2.1e-01
 102  F 0   3.155e+06  -8e-03  0.96  5.0e-01  1.9e-04  5.0e-01  1.2e+00  2.1e-01  3.9e-03  2.2e-01
 103  F 0   3.188e+06  -1e-02  0.95  5.0e-01  3.7e-04  5.0e-01  1.6e+00  2.0e-01  3.7e-03  2.1e-01
 104  F 0   3.300e+06  -2e-02  0.94  5.0e-01  6.2e-04  5.0e-01  1.9e+00  2.7e-01  3.9e-03  2.8e-01
 105  F 0   3.461e+06  -5e-02  0.93  5.0e-01  7.5e-04  5.0e-01  3.2e+00  2.1e-01  4.2e-03  2.2e-01
 106  F 0   3.829e+06  -6e-02  0.90  5.0e-01  9.6e-04  5.0e-01  3.2e+00  2.0e-01  3.0e-03  2.0e-01
 107  F 0   3.495e+06  -1e-01  0.91  5.0e-01  7.3e-04  5.0e-01  3.7e+00  2.0e-01  2.7e-03  2.1e-01
 108  F 0   3.386e+06  -7e-02  0.88  5.0e-01  5.3e-04  5.0e-01  2.6e+00  2.0e-01  4.1e-03  2.1e-01
 109  F 0   3.259e+06  -7e-02  0.91  5.0e-01  3.0e-04  2.6e-01  1.4e+00  2.0e-01  2.4e-03  2.0e-01
 110  F 0   3.192e+06  -5e-02  0.91  5.0e-01  2.2e-04  2.1e-01  9.5e-01  2.0e-01  1.9e-03  2.1e-01
 111  F 0   3.159e+06  -4e-02  0.92  5.0e-01  2.2e-04  1.8e-01  5.3e-01  2.0e-01  1.9e-03  2.1e-01
 112  T 0   3.138e+06  -3e-02  0.94  5.0e-01  1.7e-04  1.0e-01  4.3e-01  2.6e-01  2.0e-03  2.6e-01
 113  T 0   3.127e+06  -3e-02  0.95  5.0e-01  1.7e-04  1.2e-01  3.5e-01  2.2e-01  2.0e-03  2.2e-01
 114  T 0   3.116e+06  -2e-02  0.95  5.0e-01  1.6e-04  1.2e-01  3.4e-01  2.1e-01  1.9e-03  2.1e-01
 115  T 0   3.106e+06  -1e-02  0.95  5.0e-01  1.4e-04  1.0e-01  3.4e-01  2.0e-01  2.0e-03  2.0e-01
 116  T 0   3.096e+06  -6e-03  0.96  5.0e-01  1.5e-04  1.3e-01  3.9e-01  2.5e-01  1.9e-03  2.5e-01
 117  T 0   3.088e+06  -2e-03  0.96  5.0e-01  1.4e-04  7.1e-02  2.5e-01  2.1e-01  3.0e-03  2.2e-01
 118  T 0   3.083e+06  -1e-03  0.96  5.0e-01  1.5e-04  8.4e-02  2.0e-01  2.0e-01  3.4e-03  2.0e-01
 119  T 0   3.077e+06  -1e-03  0.96  5.0e-01  1.3e-04  1.2e-01  2.0e-01  2.0e-01  2.4e-03  2.0e-01
 120  T 0   3.071e+06  -1e-03  0.96  5.0e-01  1.6e-04  1.3e-01  2.3e-01  2.0e-01  2.4e-03  2.0e-01
 121  T 0   3.064e+06  -1e-03  0.97  5.0e-01  1.6e-04  1.5e-01  2.5e-01  2.0e-01  2.2e-03  2.0e-01
 122  T 0   3.057e+06  -2e-03  0.97  5.0e-01  1.8e-04  1.4e-01  2.5e-01  2.0e-01  2.8e-03  2.1e-01
 123  T 0   3.050e+06  -2e-03  0.97  5.0e-01  1.5e-04  1.4e-01  2.8e-01  2.0e-01  3.0e-03  2.1e-01
 124  T 0   3.045e+06  -2e-03  0.97  5.0e-01  2.1e-04  5.7e-02  2.4e-01  2.0e-01  2.3e-03  2.0e-01
 125  T 0   3.037e+06  -2e-03  0.97  5.0e-01  1.6e-04  7.6e-02  2.8e-01  2.0e-01  2.6e-03  2.0e-01
 126  T 0   3.029e+06  -2e-03  0.97  5.0e-01  1.8e-04  8.7e-02  2.7e-01  2.0e-01  2.8e-03  2.0e-01
 127  T 0   3.019e+06  -2e-03  0.97  5.0e-01  1.5e-04  1.7e-01  3.5e-01  2.2e-01  2.6e-03  2.2e-01
 128  T 0   3.008e+06  -2e-03  0.97  5.0e-01  2.4e-04  1.4e-01  3.5e-01  2.0e-01  2.6e-03  2.1e-01
 129  T 0   2.999e+06  -2e-03  0.97  5.0e-01  1.5e-04  1.3e-01  3.4e-01  2.0e-01  2.7e-03  2.0e-01
 130  T 0   2.991e+06  -2e-03  0.97  5.0e-01  1.8e-04  1.2e-01  3.5e-01  2.0e-01  2.6e-03  2.0e-01
 131  T 0   2.984e+06  -2e-03  0.97  5.0e-01  1.5e-04  2.4e-01  4.6e-01  2.1e-01  3.0e-03  2.1e-01
 132  T 0   2.978e+06  -2e-03  0.97  5.0e-01  1.6e-04  1.5e-01  4.4e-01  2.0e-01  3.1e-03  2.0e-01
 133  T 0   2.973e+06  -2e-03  0.97  5.0e-01  2.4e-04  1.9e-01  4.3e-01  2.1e-01  3.4e-03  2.1e-01
 134  T 0   2.967e+06  -2e-03  0.97  5.0e-01  2.2e-04  1.7e-01  4.2e-01  2.3e-01  3.6e-03  2.3e-01
 135  T 0   2.960e+06  -1e-03  0.97  5.0e-01  2.0e-04  9.9e-02  2.8e-01  2.0e-01  3.3e-03  2.1e-01
 136  T 0   2.957e+06  -1e-03  0.97  5.0e-01  1.4e-04  1.3e-01  2.8e-01  2.0e-01  3.1e-03  2.1e-01
 137  T 0   2.953e+06  -8e-04  0.97  5.0e-01  1.7e-04  9.6e-02  2.2e-01  2.2e-01  3.1e-03  2.2e-01
 138  T 0   2.950e+06  -8e-04  0.97  5.0e-01  1.6e-04  1.0e-01  2.2e-01  2.0e-01  2.4e-03  2.1e-01
 139  T 0   2.945e+06  -8e-04  0.97  5.0e-01  1.7e-04  1.3e-01  2.2e-01  2.1e-01  2.7e-03  2.1e-01
 140  T 0   2.940e+06  -1e-03  0.97  5.0e-01  1.7e-04  9.3e-02  2.2e-01  2.3e-01  2.4e-03  2.3e-01
 141  T 0   2.934e+06  -1e-03  0.97  5.0e-01  1.8e-04  9.4e-02  2.4e-01  2.8e-01  3.1e-03  2.8e-01
 142  T 0   2.926e+06  -1e-03  0.97  5.0e-01  1.5e-04  9.5e-02  2.8e-01  2.0e-01  1.0e-02  2.1e-01
 143  T 0   2.917e+06  -2e-03  0.97  5.0e-01  1.7e-04  1.3e-01  3.5e-01  2.1e-01  2.8e-03  2.1e-01
 144  T 0   2.909e+06  -2e-03  0.97  5.0e-01  1.7e-04  1.4e-01  3.8e-01  2.1e-01  2.8e-03  2.2e-01
 145  T 0   2.905e+06  -3e-03  0.97  5.0e-01  3.0e-04  3.2e-01  6.9e-01  2.4e-01  3.5e-03  2.5e-01
 146  F 0   2.926e+06  -5e-03  0.96  5.0e-01  5.8e-04  5.0e-01  9.6e-01  2.3e-01  3.0e-03  2.3e-01
 147  F 0   2.981e+06  -1e-02  0.97  5.0e-01  1.1e-03  4.5e-01  1.4e+00  2.0e-01  4.2e-03  2.1e-01
 148  F 0   3.004e+06  -2e-02  0.95  5.0e-01  8.8e-04  4.3e-01  1.4e+00  2.0e-01  3.5e-03  2.1e-01
 149  F 0   3.025e+06  -2e-02  0.96  5.0e-01  1.0e-03  4.1e-01  1.4e+00  2.2e-01  3.6e-03  2.2e-01
 150  F 0   2.993e+06  -2e-02  0.95  5.0e-01  6.3e-04  4.7e-01  1.3e+00  2.0e-01  2.8e-03  2.1e-01
 151  F 0   2.922e+06  -1e-02  0.96  5.0e-01  7.6e-04  4.7e-01  9.7e-01  2.5e-01  3.4e-03  2.5e-01
 152  T 0   2.878e+06  -9e-03  0.96  5.0e-01  4.9e-04  1.9e-01  6.2e-01  2.9e-01  3.5e-03  2.9e-01
 153  T 0   2.855e+06  -4e-03  0.96  5.0e-01  5.1e-04  1.2e-01  3.3e-01  2.0e-01  3.1e-03  2.0e-01
 154  T 0   2.842e+06  -3e-03  0.96  5.0e-01  2.8e-04  1.3e-01  3.4e-01  2.1e-01  2.7e-03  2.1e-01
 155  T 0   2.834e+06  -1e-03  0.96  5.0e-01  2.9e-04  1.2e-01  2.5e-01  2.4e-01  4.5e-03  2.4e-01
 156  T 0   2.826e+06  -2e-03  0.97  5.0e-01  3.0e-04  1.2e-01  2.5e-01  2.0e-01  2.8e-03  2.1e-01
 157  T 0   2.817e+06  -1e-03  0.97  5.0e-01  2.7e-04  9.5e-02  2.2e-01  2.6e-01  3.0e-03  2.7e-01
 158  T 0   2.808e+06  -1e-03  0.97  5.0e-01  2.4e-04  9.4e-02  2.2e-01  2.8e-01  2.6e-03  2.9e-01
 159  T 0   2.799e+06  -1e-03  0.97  5.0e-01  2.4e-04  1.1e-01  2.2e-01  2.0e-01  3.1e-03  2.0e-01
 160  T 0   2.787e+06  -1e-03  0.96  5.0e-01  2.5e-04  1.3e-01  2.5e-01  2.0e-01  2.7e-03  2.0e-01
 161  T 0   2.775e+06  -1e-03  0.97  5.0e-01  3.2e-04  8.5e-02  2.5e-01  2.0e-01  2.6e-03  2.0e-01
 162  T 0   2.766e+06  -2e-03  0.97  5.0e-01  3.7e-04  1.1e-01  3.2e-01  2.6e-01  2.6e-03  2.6e-01
 163  T 0   2.762e+06  -3e-03  0.97  5.0e-01  4.5e-04  1.6e-01  3.9e-01  2.1e-01  2.6e-03  2.1e-01
 164  F 0   2.776e+06  -7e-03  0.97  5.0e-01  5.6e-04  2.9e-01  8.2e-01  2.0e-01  3.0e-03  2.1e-01
 165  F 0   2.764e+06  -7e-03  0.96  5.0e-01  4.7e-04  4.0e-01  8.7e-01  2.0e-01  3.0e-03  2.1e-01
 166  T 0   2.759e+06  -9e-03  0.96  5.0e-01  6.4e-04  3.7e-01  8.4e-01  2.1e-01  3.7e-03  2.1e-01
 167  T 0   2.725e+06  -6e-03  0.96  5.0e-01  3.7e-04  2.8e-01  6.4e-01  2.0e-01  3.0e-03  2.1e-01
 168  T 0   2.704e+06  -4e-03  0.97  5.0e-01  3.0e-04  1.9e-01  4.4e-01  2.0e-01  3.1e-03  2.1e-01
 169  T 0   2.695e+06  -2e-03  0.97  5.0e-01  2.9e-04  1.4e-01  2.9e-01  2.4e-01  2.7e-03  2.4e-01
 170  T 0   2.689e+06  -2e-03  0.97  5.0e-01  3.6e-04  1.4e-01  3.8e-01  2.1e-01  3.0e-03  2.2e-01
 171  T 0   2.678e+06  -2e-03  0.97  5.0e-01  3.1e-04  9.8e-02  2.6e-01  2.0e-01  3.1e-03  2.0e-01
 172  T 0   2.670e+06  -1e-03  0.97  5.0e-01  2.9e-04  6.4e-02  2.2e-01  2.0e-01  3.3e-03  2.1e-01
 173  T 0   2.663e+06  -1e-03  0.97  5.0e-01  2.7e-04  8.4e-02  2.2e-01  2.0e-01  3.1e-03  2.0e-01
 174  T 0   2.655e+06  -2e-03  0.97  5.0e-01  2.6e-04  2.1e-01  3.6e-01  2.3e-01  3.1e-03  2.4e-01
 175  T 0   2.644e+06  -2e-03  0.97  5.0e-01  2.9e-04  2.2e-01  4.4e-01  2.3e-01  3.2e-03  2.3e-01
 176  T 0   2.635e+06  -3e-03  0.97  5.0e-01  2.8e-04  2.1e-01  5.0e-01  2.4e-01  3.0e-03  2.4e-01
 177  F 0   2.637e+06  -3e-03  0.97  5.0e-01  4.9e-04  4.8e-01  7.0e-01  2.0e-01  2.7e-03  2.0e-01
 178  F 0   2.670e+06  -9e-03  0.97  5.0e-01  1.0e-03  4.8e-01  1.1e+00  2.1e-01  3.0e-03  2.1e-01
 179  F 0   2.677e+06  -1e-02  0.95  5.0e-01  8.9e-04  5.0e-01  1.2e+00  2.5e-01  3.6e-03  2.6e-01
 180  F 0   2.672e+06  -1e-02  0.96  5.0e-01  9.6e-04  4.7e-01  1.2e+00  2.2e-01  3.2e-03  2.2e-01
 181  F 0   2.666e+06  -1e-02  0.96  5.0e-01  7.5e-04  3.0e-01  9.0e-01  2.1e-01  2.6e-03  2.1e-01
 182  F 0   2.698e+06  -2e-02  0.96  5.0e-01  6.2e-04  5.0e-01  1.5e+00  2.0e-01  3.9e-03  2.1e-01
 183  T 0   2.595e+06  -9e-03  0.95  5.0e-01  5.1e-04  3.9e-01  9.6e-01  2.1e-01  3.5e-03  2.1e-01
 184  T 0   2.555e+06  -5e-03  0.96  5.0e-01  9.5e-04  3.9e-01  7.1e-01  2.2e-01  3.0e-03  2.2e-01
 185  T 0   2.554e+06  -3e-03  0.96  5.0e-01  4.7e-04  2.0e-01  4.8e-01  2.0e-01  3.4e-03  2.1e-01
 186  F 0   2.570e+06  -7e-03  0.96  5.0e-01  6.3e-04  4.5e-01  8.5e-01  2.0e-01  2.8e-03  2.1e-01
 187  T 0   2.548e+06  -5e-03  0.97  5.0e-01  5.0e-04  3.0e-01  6.5e-01  2.1e-01  3.3e-03  2.2e-01
 188  F 0   2.564e+06  -7e-03  0.97  5.0e-01  4.6e-04  4.2e-01  9.2e-01  2.1e-01  4.2e-03  2.1e-01
 189  T 0   2.519e+06  -4e-03  0.96  5.0e-01  3.8e-04  3.5e-01  6.4e-01  2.1e-01  3.0e-03  2.1e-01
 190  T 0   2.504e+06  -2e-03  0.97  5.0e-01  5.7e-04  1.8e-01  3.6e-01  2.0e-01  3.0e-03  2.1e-01
 191  F 0   2.521e+06  -4e-03  0.97  5.0e-01  4.9e-04  4.7e-01  7.3e-01  2.2e-01  3.9e-03  2.3e-01
 192  F 0   2.520e+06  -6e-03  0.97  5.0e-01  4.5e-04  4.4e-01  9.0e-01  2.5e-01  3.5e-03  2.6e-01
 193  T 0   2.484e+06  -3e-03  0.96  5.0e-01  6.0e-04  2.9e-01  5.6e-01  2.6e-01  3.1e-03  2.6e-01
 194  T 0   2.469e+06  -2e-03  0.97  5.0e-01  6.1e-04  1.5e-01  3.7e-01  2.0e-01  3.6e-03  2.1e-01
 195  T 0   2.464e+06  -1e-03  0.97  5.0e-01  4.4e-04  1.5e-01  2.9e-01  2.7e-01  2.7e-03  2.7e-01
 196  F 0   2.526e+06  -6e-03  0.97  5.0e-01  7.0e-04  5.0e-01  1.2e+00  2.0e-01  1.3e-02  2.1e-01
 197  F 0   2.475e+06  -4e-03  0.96  5.0e-01  3.3e-04  3.2e-01  7.2e-01  2.1e-01  3.5e-03  2.1e-01
 198  T 0   2.454e+06  -2e-03  0.97  5.0e-01  3.1e-04  1.7e-01  4.0e-01  2.1e-01  3.0e-03  2.1e-01
 199  T 0   2.448e+06  -1e-03  0.97  5.0e-01  2.9e-04  2.1e-01  3.5e-01  2.4e-01  3.5e-03  2.4e-01
 200  F 0   2.459e+06  -2e-03  0.97  5.0e-01  4.7e-04  4.7e-01  6.9e-01  2.1e-01  3.3e-03  2.2e-01
 201  F 0   2.469e+06  -4e-03  0.97  5.0e-01  1.2e-03  5.0e-01  8.9e-01  2.1e-01  3.5e-03  2.2e-01
 202  F 0   2.472e+06  -6e-03  0.97  5.0e-01  4.4e-04  5.0e-01  1.1e+00  2.1e-01  2.4e-03  2.1e-01
 203  T 0   2.441e+06  -2e-03  0.97  5.0e-01  7.5e-04  2.8e-01  5.6e-01  2.0e-01  3.2e-03  2.1e-01
 204  F 0   2.458e+06  -4e-03  0.98  5.0e-01  3.4e-04  4.8e-01  9.1e-01  2.0e-01  3.5e-03  2.1e-01
 205  T 0   2.434e+06  -2e-03  0.97  5.0e-01  5.9e-04  3.1e-01  5.0e-01  2.1e-01  3.2e-03  2.2e-01
 206  T 0   2.423e+06  -9e-04  0.97  5.0e-01  7.6e-04  1.7e-01  2.9e-01  2.1e-01  2.6e-03  2.1e-01
 207  F 0   2.426e+06  -2e-03  0.98  5.0e-01  2.5e-03  3.7e-01  5.6e-01  2.1e-01  3.7e-03  2.1e-01
 208  T 0   2.411e+06  -9e-04  0.98  5.0e-01  5.5e-04  2.0e-01  3.2e-01  2.1e-01  3.3e-03  2.1e-01
 209  T 0   2.405e+06  -9e-04  0.98  5.0e-01  8.0e-04  1.4e-01  2.8e-01  2.1e-01  3.4e-03  2.2e-01
 210  T 0   2.399e+06  -4e-04  0.98  5.0e-01  2.3e-03  8.7e-02  1.9e-01  2.1e-01  2.4e-03  2.2e-01
 211  F 0   2.401e+06  -1e-03  0.98  5.0e-01  4.7e-04  1.7e-01  3.1e-01  2.1e-01  4.2e-03  2.1e-01
 212  T 0   2.392e+06  -6e-04  0.98  5.0e-01  8.4e-04  8.7e-02  1.9e-01  2.4e-01  3.5e-03  2.5e-01
 213  T 0   2.388e+06  -3e-04  0.98  5.0e-01  4.2e-04  4.8e-02  1.1e-01  2.1e-01  3.0e-03  2.1e-01
 214  T 0   2.386e+06  -2e-04  0.98  5.0e-01  4.9e-04  5.4e-02  1.1e-01  2.1e-01  2.7e-03  2.1e-01
 215  T 0   2.385e+06  -1e-04  0.98  5.0e-01  5.1e-04  2.2e-02  5.1e-02  2.1e-01  3.1e-03  2.1e-01
 216  T 0   2.384e+06  -1e-04  0.98  5.0e-01  5.8e-04  3.0e-02  6.1e-02  2.1e-01  2.8e-03  2.1e-01
 217  T 0   2.382e+06  -2e-04  0.98  5.0e-01  8.2e-04  6.7e-02  9.3e-02  2.0e-01  2.5e-03  2.0e-01
 218  T 0   2.379e+06  -3e-04  0.98  5.0e-01  2.1e-03  5.7e-02  1.2e-01  2.0e-01  3.0e-03  2.0e-01
 219  T 0   2.376e+06  -3e-04  0.98  5.0e-01  9.0e-04  9.5e-02  1.2e-01  2.1e-01  3.0e-03  2.1e-01
 220  T 0   2.374e+06  -2e-04  0.98  5.0e-01  3.7e-04  4.8e-02  7.9e-02  2.2e-01  2.7e-03  2.2e-01
 221  T 0   2.372e+06  -2e-04  0.98  5.0e-01  8.0e-04  4.9e-02  8.9e-02  2.0e-01  2.7e-03  2.1e-01
 222  T 0   2.369e+06  -1e-04  0.98  5.0e-01  3.3e-04  3.7e-02  6.6e-02  2.0e-01  2.7e-03  2.1e-01
 223  T 0   2.367e+06  -1e-04  0.98  5.0e-01  5.6e-04  4.8e-02  8.4e-02  2.0e-01  2.2e-03  2.0e-01
 224  T 0   2.367e+06  -1e-04  0.98  5.0e-01  1.6e-04  9.6e-02  1.1e-01  2.0e-01  2.7e-03  2.0e-01
 225  T 0   2.365e+06  -3e-04  0.98  5.0e-01  9.0e-04  1.2e-01  1.6e-01  2.2e-01  3.0e-03  2.2e-01
 226  F 0   2.371e+06  -8e-04  0.98  5.0e-01  2.0e-04  2.5e-01  3.6e-01  2.0e-01  3.5e-03  2.1e-01
 227  F 0   2.366e+06  -5e-04  0.98  5.0e-01  1.7e-04  1.3e-01  1.9e-01  2.6e-01  3.3e-03  2.7e-01
 228  T 0   2.363e+06  -4e-04  0.98  5.0e-01  1.2e-04  9.3e-02  1.6e-01  2.4e-01  3.1e-03  2.4e-01
 229  T 0   2.362e+06  -1e-04  0.98  5.0e-01  2.3e-05  4.8e-02  9.8e-02  2.2e-01  2.6e-03  2.2e-01
 230  F 0   2.367e+06  -6e-04  0.98  5.0e-01  2.1e-04  2.1e-01  3.1e-01  2.4e-01  3.3e-03  2.4e-01
 231  F 0   2.364e+06  -4e-04  0.98  5.0e-01  2.0e-04  9.6e-02  1.6e-01  2.0e-01  3.0e-03  2.1e-01
 232  T 0   2.361e+06  -3e-04  0.98  5.0e-01  4.5e-04  6.8e-02  1.3e-01  2.1e-01  3.0e-03  2.1e-01
 233  T 0   2.358e+06  -2e-04  0.99  5.0e-01  4.3e-04  6.0e-02  1.2e-01  2.2e-01  2.4e-03  2.2e-01
 234  T 0   2.357e+06  -7e-05  0.99  5.0e-01  1.9e-05  7.8e-02  1.2e-01  2.0e-01  2.7e-03  2.0e-01
 235  T 0   2.356e+06  -7e-05  0.99  5.0e-01  1.8e-05  5.9e-02  1.2e-01  2.4e-01  2.7e-03  2.4e-01
 236  T 0   2.356e+06  -6e-05  0.99  5.0e-01  2.0e-05  4.8e-02  1.2e-01  2.0e-01  2.8e-03  2.0e-01
 237  T 0   2.355e+06  -7e-05  0.99  5.0e-01  2.1e-05  6.1e-02  1.3e-01  2.4e-01  2.6e-03  2.4e-01
 238  T 0   2.355e+06  -7e-05  0.99  5.0e-01  2.2e-05  7.0e-02  1.5e-01  2.4e-01  1.9e-03  2.4e-01
 239  T 0   2.355e+06  -8e-05  0.99  5.0e-01  2.3e-05  7.9e-02  1.6e-01  2.0e-01  2.3e-03  2.0e-01
 240  T 0   2.354e+06  -1e-04  0.99  5.0e-01  2.3e-05  8.4e-02  1.9e-01  2.3e-01  2.4e-03  2.3e-01
 241  T 0   2.353e+06  -7e-05  0.99  5.0e-01  2.4e-05  8.7e-02  2.1e-01  2.1e-01  2.3e-03  2.2e-01
 242  T 0   2.353e+06  -8e-05  0.99  5.0e-01  2.6e-05  1.0e-01  2.1e-01  2.0e-01  2.6e-03  2.0e-01
 243  T 0   2.353e+06  -9e-05  0.99  5.0e-01  2.7e-05  1.4e-01  2.1e-01  2.0e-01  2.7e-03  2.1e-01
 244  T 0   2.352e+06  -8e-05  0.99  5.0e-01  2.7e-05  1.3e-01  2.4e-01  2.1e-01  2.6e-03  2.1e-01
 245  T 0   2.352e+06  -7e-05  0.99  5.0e-01  2.4e-05  1.2e-01  2.0e-01  2.0e-01  2.6e-03  2.1e-01
 246  T 0   2.352e+06  -1e-04  0.99  5.0e-01  2.8e-05  2.4e-01  3.5e-01  2.0e-01  2.7e-03  2.0e-01
 247  F 0   2.352e+06  -3e-04  0.99  5.0e-01  4.7e-05  4.1e-01  5.0e-01  2.0e-01  3.1e-03  2.1e-01
 248  F 0   2.352e+06  -4e-04  0.99  5.0e-01  4.3e-05  3.7e-01  5.6e-01  2.2e-01  3.2e-03  2.2e-01
 249  T 0   2.352e+06  -3e-04  0.99  5.0e-01  3.8e-05  2.2e-01  3.7e-01  2.1e-01  3.1e-03  2.1e-01
 250  T 0   2.351e+06  -1e-04  0.99  5.0e-01  1.3e-05  1.4e-01  2.2e-01  2.1e-01  3.0e-03  2.1e-01
 251  T 0   2.351e+06  -4e-05  0.99  5.0e-01  1.8e-05  6.0e-02  9.6e-02  2.4e-01  2.6e-03  2.4e-01
 252  T 0   2.350e+06  -3e-05  0.99  5.0e-01  1.1e-05  3.3e-02  8.2e-02  2.0e-01  2.8e-03  2.0e-01
 253  T 0   2.350e+06  -1e-05  0.99  5.0e-01  1.2e-05  2.3e-02  5.6e-02  2.0e-01  2.6e-03  2.1e-01
 254  T 0   2.350e+06  -1e-05  0.99  5.0e-01  1.2e-05  2.9e-02  5.3e-02  2.0e-01  2.3e-03  2.1e-01
 255  T 0   2.350e+06  -9e-06  0.99  5.0e-01  1.2e-05  3.4e-02  5.7e-02  2.0e-01  2.5e-03  2.0e-01
 256  T 0   2.350e+06  -2e-05  0.99  5.0e-01  1.3e-05  4.0e-02  6.3e-02  2.1e-01  2.4e-03  2.1e-01
 257  T 0   2.350e+06  -4e-05  0.99  5.0e-01  1.3e-05  4.5e-02  7.0e-02  2.0e-01  2.3e-03  2.1e-01
 258  T 0   2.350e+06  -4e-05  0.99  5.0e-01  1.4e-05  5.1e-02  8.0e-02  2.0e-01  2.4e-03  2.1e-01
 259  T 0   2.350e+06  -2e-05  0.99  5.0e-01  1.7e-05  5.7e-02  9.1e-02  2.1e-01  2.2e-03  2.2e-01
 260  T 0   2.349e+06  -4e-05  0.99  5.0e-01  1.9e-05  6.5e-02  1.1e-01  2.1e-01  2.7e-03  2.1e-01
 261  T 0   2.349e+06  -5e-05  0.99  5.0e-01  1.8e-05  7.4e-02  1.3e-01  2.2e-01  2.8e-03  2.2e-01
 262  T 0   2.349e+06  -6e-05  0.99  5.0e-01  1.6e-05  8.3e-02  1.4e-01  2.1e-01  2.7e-03  2.1e-01
 263  T 0   2.349e+06  -6e-05  0.99  5.0e-01  1.6e-05  9.2e-02  1.6e-01  2.6e-01  2.6e-03  2.6e-01
 264  T 0   2.348e+06  -6e-05  0.99  5.0e-01  1.6e-05  1.0e-01  1.7e-01  2.1e-01  2.6e-03  2.1e-01
 265  T 0   2.348e+06  -6e-05  0.99  5.0e-01  1.6e-05  9.6e-02  1.8e-01  2.0e-01  2.7e-03  2.1e-01
 266  T 0   2.348e+06  -7e-05  0.99  5.0e-01  1.6e-05  8.5e-02  1.8e-01  2.6e-01  2.8e-03  2.7e-01
 267  T 0   2.347e+06  -6e-05  0.99  5.0e-01  1.9e-05  9.9e-02  1.9e-01  2.2e-01  2.6e-03  2.3e-01
 268  F 0   2.347e+06  -8e-05  0.99  5.0e-01  3.3e-05  1.6e-01  3.0e-01  2.2e-01  3.1e-03  2.2e-01
 269  F 0   2.349e+06  -4e-04  0.99  5.0e-01  6.6e-05  4.4e-01  6.9e-01  2.2e-01  3.0e-03  2.2e-01
 270  F 0   2.364e+06  -2e-03  0.99  5.0e-01  1.9e-04  5.0e-01  1.5e+00  2.3e-01  3.3e-03  2.4e-01
 271  F 0   2.376e+06  -7e-03  0.97  5.0e-01  2.5e-04  5.0e-01  1.8e+00  2.4e-01  3.0e-03  2.4e-01
 272  F 0   2.386e+06  -8e-03  0.97  5.0e-01  2.7e-04  5.0e-01  2.0e+00  2.3e-01  3.1e-03  2.3e-01
 273  F 0   2.372e+06  -9e-03  0.97  5.0e-01  1.9e-04  5.0e-01  1.7e+00  2.3e-01  3.0e-03  2.3e-01
 274  F 0   2.366e+06  -6e-03  0.97  5.0e-01  1.6e-04  5.0e-01  1.4e+00  2.3e-01  3.5e-03  2.3e-01
 275  F 0   2.355e+06  -3e-03  0.97  5.0e-01  5.5e-05  5.0e-01  9.3e-01  2.0e-01  3.4e-03  2.1e-01
 276  F 0   2.351e+06  -5e-04  0.98  5.0e-01  5.2e-05  1.7e-01  3.8e-01  2.2e-01  3.1e-03  2.2e-01
 277  F 0   2.350e+06  -2e-04  0.98  5.0e-01  3.0e-05  8.1e-02  2.0e-01  2.4e-01  3.5e-03  2.5e-01
 278  F 0   2.349e+06  -1e-04  0.98  5.0e-01  3.1e-05  5.6e-02  1.4e-01  2.3e-01  2.8e-03  2.3e-01
 279  F 0   2.349e+06  -1e-04  0.98  5.0e-01  2.5e-05  7.8e-02  1.6e-01  2.3e-01  2.8e-03  2.3e-01
 280  F 0   2.348e+06  -9e-05  0.99  5.0e-01  2.3e-05  9.8e-02  1.6e-01  2.1e-01  2.7e-03  2.1e-01
 281  F 0   2.348e+06  -7e-05  0.99  5.0e-01  2.1e-05  5.2e-02  1.3e-01  2.2e-01  2.8e-03  2.2e-01
 282  F 0   2.347e+06  -7e-05  0.99  5.0e-01  2.0e-05  5.6e-02  1.5e-01  2.4e-01  2.8e-03  2.4e-01
 283  T 0   2.347e+06  -5e-05  0.99  5.0e-01  1.8e-05  5.7e-02  1.4e-01  2.1e-01  2.8e-03  2.1e-01
 284  T 0   2.347e+06   3e-05  0.99  5.0e-01  1.8e-05  5.4e-02  1.4e-01  2.1e-01  2.4e-03  2.2e-01
 285  T 0   2.346e+06  -4e-05  0.99  5.0e-01  1.8e-05  6.0e-02  1.3e-01  2.3e-01  2.7e-03  2.3e-01
 286  T 0   2.346e+06  -4e-06  0.99  5.0e-01  1.7e-05  5.7e-02  1.2e-01  2.6e-01  2.3e-03  2.6e-01
 287  T 0   2.346e+06  -4e-05  0.99  5.0e-01  1.7e-05  5.8e-02  1.3e-01  2.0e-01  2.6e-03  2.0e-01
 288  T 0   2.346e+06  -5e-05  0.99  5.0e-01  1.5e-05  5.3e-02  1.3e-01  2.2e-01  2.6e-03  2.3e-01
 289  T 0   2.345e+06  -5e-05  0.99  5.0e-01  1.4e-05  6.0e-02  1.3e-01  2.0e-01  2.6e-03  2.1e-01
 290  T 0   2.345e+06  -5e-05  0.99  5.0e-01  1.1e-05  5.3e-02  1.3e-01  2.0e-01  2.8e-03  2.0e-01
 291  T 0   2.345e+06  -5e-05  0.99  5.0e-01  1.2e-05  7.4e-02  1.4e-01  2.3e-01  2.8e-03  2.3e-01
 292  T 0   2.345e+06  -5e-05  0.99  5.0e-01  1.3e-05  7.1e-02  1.4e-01  2.3e-01  2.7e-03  2.3e-01
 293  T 0   2.345e+06  -7e-05  0.99  5.0e-01  1.3e-05  9.7e-02  2.1e-01  2.4e-01  2.6e-03  2.4e-01
 294  F 0   2.345e+06  -1e-04  0.99  5.0e-01  2.8e-05  1.7e-01  2.9e-01  2.0e-01  3.2e-03  2.1e-01
 295  T 0   2.345e+06  -2e-04  0.99  5.0e-01  1.9e-05  1.6e-01  3.2e-01  2.1e-01  2.6e-03  2.1e-01
 296  T 0   2.344e+06  -2e-04  0.99  5.0e-01  2.9e-05  1.0e-01  2.5e-01  2.1e-01  3.0e-03  2.1e-01
 297  T 0   2.344e+06  -1e-04  0.99  5.0e-01  1.1e-05  7.6e-02  1.9e-01  2.1e-01  2.8e-03  2.1e-01
 298  T 0   2.344e+06   4e-06  0.99  5.0e-01  1.0e-05  6.1e-02  1.1e-01  2.4e-01  2.4e-03  2.4e-01
 299  T 0   2.343e+06  -2e-05  0.99  5.0e-01  9.7e-06  6.1e-02  1.1e-01  2.0e-01  2.3e-03  2.1e-01
 300  T 0   2.343e+06  -9e-07  0.99  5.0e-01  9.2e-06  6.6e-02  1.2e-01  2.0e-01  2.4e-03  2.1e-01
 301  T 0   2.343e+06  -2e-05  0.99  5.0e-01  8.6e-06  6.9e-02  1.2e-01  2.2e-01  2.4e-03  2.2e-01
 302  T 0   2.343e+06  -3e-05  0.99  5.0e-01  8.0e-06  6.5e-02  1.2e-01  2.0e-01  1.9e-03  2.1e-01
 303  T 0   2.343e+06  -3e-05  0.99  5.0e-01  7.8e-06  6.0e-02  1.2e-01  2.0e-01  2.8e-03  2.0e-01
 304  T 0   2.343e+06  -6e-05  0.99  5.0e-01  8.8e-06  6.0e-02  1.2e-01  2.1e-01  2.6e-03  2.1e-01
 305  T 0   2.343e+06  -2e-05  0.99  5.0e-01  1.0e-05  6.2e-02  1.2e-01  2.4e-01  2.6e-03  2.5e-01
 306  T 0   2.342e+06  -2e-05  0.99  5.0e-01  1.1e-05  6.8e-02  1.2e-01  2.4e-01  2.7e-03  2.4e-01
 307  T 0   2.342e+06  -2e-05  0.99  5.0e-01  1.2e-05  7.2e-02  1.2e-01  2.1e-01  2.8e-03  2.2e-01
 308  T 0   2.342e+06  -2e-05  0.99  5.0e-01  1.4e-05  7.3e-02  1.2e-01  2.6e-01  2.8e-03  2.6e-01
 309  T 0   2.342e+06  -2e-05  0.99  5.0e-01  1.5e-05  7.1e-02  1.2e-01  2.1e-01  2.7e-03  2.1e-01
 310  T 0   2.342e+06  -2e-05  0.99  5.0e-01  1.6e-05  6.7e-02  1.1e-01  2.2e-01  2.7e-03  2.2e-01
 311  T 0   2.342e+06  -2e-05  0.99  5.0e-01  1.6e-05  6.5e-02  1.1e-01  2.2e-01  2.7e-03  2.3e-01
 312  T 0   2.342e+06  -2e-05  0.99  5.0e-01  1.8e-05  6.3e-02  1.2e-01  2.3e-01  2.6e-03  2.3e-01
 313  T 0   2.342e+06  -2e-05  0.99  5.0e-01  1.6e-05  5.6e-02  1.5e-01  2.5e-01  2.7e-03  2.6e-01
 314  F 0   2.342e+06  -8e-05  0.99  5.0e-01  2.1e-05  1.7e-01  2.7e-01  2.1e-01  3.4e-03  2.1e-01
 315  F 0   2.344e+06  -4e-04  0.99  5.0e-01  6.1e-05  2.9e-01  5.1e-01  2.0e-01  3.3e-03  2.0e-01
 316  F 0   2.345e+06  -1e-03  0.99  5.0e-01  4.9e-05  4.6e-01  8.4e-01  2.1e-01  3.9e-03  2.2e-01
 317  F 0   2.347e+06  -2e-03  0.99  5.0e-01  1.1e-04  3.8e-01  7.8e-01  2.0e-01  3.3e-03  2.0e-01
 318  F 0   2.344e+06  -1e-03  0.99  5.0e-01  3.0e-05  1.9e-01  5.6e-01  2.0e-01  3.7e-03  2.1e-01
 319  F 0   2.342e+06  -1e-04  0.99  5.0e-01  2.9e-05  8.3e-02  1.6e-01  2.3e-01  3.5e-03  2.3e-01
 320  F 0   2.342e+06  -3e-05  0.99  5.0e-01  1.4e-05  3.2e-02  7.7e-02  2.1e-01  2.9e-03  2.1e-01
 321  T 0   2.342e+06  -3e-05  0.99  5.0e-01  1.3e-05  3.4e-02  8.0e-02  2.2e-01  2.7e-03  2.2e-01
 322  T 0   2.342e+06  -2e-05  0.99  5.0e-01  9.7e-06  4.1e-02  8.5e-02  2.2e-01  2.7e-03  2.3e-01
 323  T 0   2.342e+06   1e-05  0.99  5.0e-01  6.6e-06  3.9e-02  8.1e-02  2.0e-01  2.2e-03  2.0e-01
 324  T 0   2.341e+06   9e-05  0.99  5.0e-01  7.5e-06  3.3e-02  8.1e-02  2.1e-01  2.3e-03  2.1e-01
 325  F 0   2.341e+06  -2e-05  0.99  5.0e-01  6.9e-06  4.1e-02  9.2e-02  2.0e-01  2.6e-03  2.1e-01
 326  T 0   2.341e+06  -2e-05  0.99  5.0e-01  6.7e-06  3.9e-02  9.7e-02  2.0e-01  2.6e-03  2.1e-01
 327  T 0   2.341e+06  -2e-05  0.99  5.0e-01  7.2e-06  4.8e-02  1.0e-01  2.1e-01  2.8e-03  2.1e-01
 328  T 0   2.341e+06  -2e-05  0.99  5.0e-01  7.7e-06  5.5e-02  1.1e-01  2.0e-01  2.8e-03  2.0e-01
 329  T 0   2.341e+06  -2e-05  0.99  5.0e-01  8.3e-06  5.9e-02  1.2e-01  2.1e-01  2.7e-03  2.1e-01
 330  T 0   2.341e+06  -2e-05  0.99  5.0e-01  8.7e-06  6.0e-02  1.3e-01  2.0e-01  2.6e-03  2.1e-01
 331  T 0   2.341e+06  -2e-05  0.99  5.0e-01  8.9e-06  6.7e-02  1.4e-01  2.1e-01  2.7e-03  2.1e-01
 332  T 0   2.341e+06  -2e-05  0.99  5.0e-01  9.4e-06  8.6e-02  1.5e-01  2.1e-01  2.7e-03  2.1e-01
 333  T 0   2.341e+06  -2e-05  0.99  5.0e-01  9.3e-06  1.1e-01  1.7e-01  2.0e-01  2.7e-03  2.1e-01
 334  T 0   2.341e+06  -2e-05  0.99  5.0e-01  9.5e-06  1.2e-01  1.7e-01  2.5e-01  2.6e-03  2.6e-01
 335  T 0   2.340e+06  -3e-05  0.99  5.0e-01  1.4e-05  1.1e-01  1.9e-01  2.2e-01  3.1e-03  2.2e-01
 336  F 0   2.341e+06  -5e-05  0.99  5.0e-01  1.1e-05  1.2e-01  2.3e-01  2.1e-01  3.6e-03  2.1e-01
 337  F 0   2.341e+06  -1e-04  0.99  5.0e-01  2.4e-05  2.2e-01  4.0e-01  2.2e-01  3.4e-03  2.2e-01
 338  F 0   2.341e+06  -4e-04  0.99  5.0e-01  2.2e-05  4.2e-01  6.3e-01  2.1e-01  3.9e-03  2.1e-01
 339  F 0   2.341e+06  -4e-04  0.99  5.0e-01  3.4e-05  5.0e-01  6.5e-01  2.0e-01  3.8e-03  2.1e-01
 340  T 0   2.340e+06  -2e-04  0.99  5.0e-01  8.6e-06  2.4e-01  3.3e-01  2.1e-01  3.5e-03  2.1e-01
 341  T 0   2.340e+06  -2e-05  0.99  5.0e-01  9.6e-06  6.5e-02  1.0e-01  2.9e-01  3.3e-03  2.9e-01
 342  T 0   2.340e+06  -1e-05  0.99  5.0e-01  9.3e-06  3.0e-02  5.3e-02  2.1e-01  4.2e-03  2.2e-01
 343  T 0   2.340e+06   2e-05  0.99  5.0e-01  9.8e-06  2.8e-02  4.8e-02  2.0e-01  2.3e-03  2.1e-01
 344  T 0   2.340e+06  -9e-06  0.99  5.0e-01  9.6e-06  2.7e-02  5.0e-02  2.2e-01  2.7e-03  2.2e-01
 345  T 0   2.340e+06  -1e-05  0.99  5.0e-01  9.4e-06  2.4e-02  5.4e-02  2.2e-01  2.6e-03  2.2e-01
 346  T 0   2.340e+06  -1e-05  0.99  5.0e-01  9.1e-06  2.4e-02  5.9e-02  2.5e-01  2.7e-03  2.5e-01
 347  T 0   2.340e+06  -1e-05  0.99  5.0e-01  8.7e-06  2.7e-02  6.8e-02  2.0e-01  2.7e-03  2.0e-01
 348  T 0   2.340e+06  -1e-05  0.99  5.0e-01  8.1e-06  2.7e-02  7.3e-02  2.0e-01  2.7e-03  2.0e-01
 349  T 0   2.340e+06  -2e-05  0.99  5.0e-01  7.7e-06  3.0e-02  8.5e-02  2.1e-01  2.6e-03  2.1e-01
 350  T 0   2.340e+06  -2e-05  0.99  5.0e-01  8.2e-06  3.4e-02  9.2e-02  2.2e-01  2.7e-03  2.2e-01
 351  T 0   2.340e+06  -3e-05  0.99  5.0e-01  9.7e-06  4.3e-02  1.2e-01  2.0e-01  1.9e-03  2.0e-01
 352  T 0   2.339e+06  -2e-05  0.99  5.0e-01  1.0e-05  4.7e-02  1.2e-01  2.1e-01  3.0e-03  2.2e-01
 353  T 0   2.339e+06  -3e-05  0.99  5.0e-01  1.3e-05  1.2e-01  2.0e-01  2.7e-01  2.6e-03  2.7e-01
 354  T 0   2.339e+06  -6e-05  0.99  5.0e-01  1.1e-05  1.4e-01  2.8e-01  2.1e-01  3.1e-03  2.1e-01
 355  T 0   2.339e+06  -1e-04  0.99  5.0e-01  1.8e-05  3.1e-01  4.0e-01  2.2e-01  2.7e-03  2.2e-01
 356  T 0   2.339e+06  -1e-04  0.99  5.0e-01  1.5e-05  2.8e-01  3.9e-01  2.3e-01  3.7e-03  2.3e-01
 357  T 0   2.339e+06  -2e-04  0.99  5.0e-01  3.1e-05  2.5e-01  3.7e-01  2.0e-01  3.2e-03  2.1e-01
 358  F 0   2.339e+06  -3e-04  0.99  5.0e-01  1.9e-05  2.2e-01  4.1e-01  2.0e-01  3.5e-03  2.1e-01
 359  F 0   2.339e+06  -4e-04  0.99  5.0e-01  3.1e-05  3.5e-01  5.5e-01  2.1e-01  3.3e-03  2.1e-01
 360  T 0   2.339e+06  -4e-04  0.99  5.0e-01  1.3e-05  4.2e-01  5.4e-01  2.0e-01  3.1e-03  2.1e-01
 361  T 0   2.338e+06  -1e-04  0.99  5.0e-01  1.8e-05  1.6e-01  2.3e-01  2.0e-01  3.0e-03  2.0e-01
 362  T 0   2.338e+06  -1e-05  0.99  5.0e-01  1.7e-05  5.2e-02  7.7e-02  2.1e-01  2.4e-03  2.1e-01
 363  T 0   2.338e+06  -2e-05  0.99  5.0e-01  1.6e-05  3.1e-02  5.8e-02  2.2e-01  2.8e-03  2.3e-01
 364  T 0   2.338e+06  -8e-06  0.99  5.0e-01  1.6e-05  2.4e-02  6.3e-02  2.1e-01  2.0e-03  2.1e-01
 365  T 0   2.338e+06  -2e-05  0.99  5.0e-01  1.5e-05  2.7e-02  7.2e-02  2.0e-01  2.0e-03  2.1e-01
 366  T 0   2.338e+06  -2e-05  0.99  5.0e-01  1.4e-05  3.3e-02  8.1e-02  2.1e-01  2.7e-03  2.1e-01
 367  T 0   2.338e+06  -2e-05  0.99  5.0e-01  1.3e-05  4.0e-02  9.2e-02  2.0e-01  2.8e-03  2.1e-01
 368  T 0   2.337e+06  -3e-05  0.99  5.0e-01  1.3e-05  4.5e-02  1.1e-01  2.0e-01  2.6e-03  2.1e-01
 369  T 0   2.337e+06  -3e-05  0.99  5.0e-01  1.2e-05  5.2e-02  1.1e-01  2.1e-01  2.6e-03  2.1e-01
 370  T 0   2.337e+06  -3e-05  0.99  5.0e-01  1.1e-05  5.3e-02  1.2e-01  2.7e-01  2.8e-03  2.7e-01
 371  T 0   2.337e+06  -3e-05  0.99  5.0e-01  1.0e-05  5.2e-02  1.2e-01  2.0e-01  2.5e-03  2.0e-01
 372  T 0   2.337e+06  -3e-05  0.99  5.0e-01  1.0e-05  5.3e-02  1.3e-01  2.1e-01  2.6e-03  2.1e-01
 373  T 0   2.337e+06  -3e-05  0.99  5.0e-01  1.2e-05  6.8e-02  1.4e-01  2.5e-01  2.7e-03  2.6e-01
 374  T 0   2.337e+06  -4e-05  0.99  5.0e-01  1.2e-05  7.6e-02  1.8e-01  2.1e-01  1.1e-02  2.2e-01
 375  F 0   2.337e+06  -7e-05  0.99  5.0e-01  2.2e-05  1.1e-01  2.6e-01  2.2e-01  2.6e-03  2.2e-01
 376  F 0   2.338e+06  -4e-04  0.99  5.0e-01  5.3e-05  2.9e-01  5.6e-01  2.1e-01  2.6e-03  2.1e-01
 377  F 0   2.343e+06  -2e-03  0.99  5.0e-01  9.8e-05  5.0e-01  1.0e+00  2.3e-01  3.1e-03  2.4e-01
 378  F 0   2.352e+06  -3e-03  0.98  5.0e-01  1.8e-04  5.0e-01  1.3e+00  2.7e-01  5.4e-03  2.7e-01
 379  F 0   2.350e+06  -6e-03  0.97  5.0e-01  1.6e-04  5.0e-01  1.4e+00  2.0e-01  1.4e-02  2.2e-01
 380  F 0   2.348e+06  -3e-03  0.98  5.0e-01  1.7e-04  5.0e-01  1.1e+00  2.0e-01  3.5e-03  2.1e-01
 381  F 0   2.342e+06  -2e-03  0.98  5.0e-01  6.7e-05  5.0e-01  8.5e-01  2.1e-01  3.8e-03  2.1e-01
 382  F 0   2.338e+06  -3e-04  0.98  5.0e-01  4.1e-05  1.8e-01  3.0e-01  2.0e-01  2.6e-03  2.0e-01
 383  F 0   2.338e+06  -8e-05  0.99  5.0e-01  1.8e-05  7.7e-02  1.4e-01  2.1e-01  2.7e-03  2.1e-01
 384  F 0   2.338e+06  -6e-05  0.99  5.0e-01  2.1e-05  8.5e-02  1.4e-01  2.6e-01  2.6e-03  2.6e-01
 385  F 0   2.337e+06  -5e-05  0.99  5.0e-01  1.2e-05  6.9e-02  1.2e-01  2.1e-01  2.7e-03  2.1e-01
 386  F 0   2.337e+06  -4e-05  0.99  5.0e-01  1.4e-05  5.9e-02  1.1e-01  2.0e-01  2.6e-03  2.1e-01
 387  F 0   2.337e+06  -3e-05  0.99  5.0e-01  1.4e-05  3.7e-02  9.2e-02  2.0e-01  2.7e-03  2.1e-01
 388  F 0   2.337e+06  -3e-05  0.99  5.0e-01  1.3e-05  3.9e-02  9.0e-02  2.1e-01  2.8e-03  2.1e-01
 389  F 0   2.337e+06  -3e-05  0.99  5.0e-01  1.2e-05  4.4e-02  9.3e-02  2.0e-01  2.7e-03  2.1e-01
 390  T 0   2.336e+06  -3e-05  0.99  5.0e-01  1.2e-05  4.7e-02  1.0e-01  2.0e-01  2.8e-03  2.1e-01
 391  T 0   2.336e+06  -3e-05  0.99  5.0e-01  1.1e-05  4.6e-02  1.0e-01  2.2e-01  2.6e-03  2.2e-01
 392  T 0   2.336e+06  -3e-05  0.99  5.0e-01  1.1e-05  3.5e-02  1.0e-01  2.1e-01  2.8e-03  2.1e-01
 393  T 0   2.336e+06  -3e-05  0.99  5.0e-01  9.6e-06  3.9e-02  1.1e-01  2.0e-01  2.7e-03  2.0e-01
 394  T 0   2.336e+06  -3e-05  0.99  5.0e-01  9.5e-06  3.9e-02  1.1e-01  2.0e-01  2.6e-03  2.0e-01
 395  T 0   2.336e+06  -3e-05  0.99  5.0e-01  1.1e-05  3.4e-02  1.1e-01  2.0e-01  2.1e-03  2.0e-01
 396  T 0   2.336e+06  -2e-05  0.99  5.0e-01  1.2e-05  4.0e-02  1.0e-01  2.0e-01  2.7e-03  2.0e-01
 397  T 0   2.336e+06  -2e-05  0.99  5.0e-01  1.3e-05  4.0e-02  9.7e-02  2.0e-01  2.8e-03  2.1e-01
 398  T 0   2.335e+06  -3e-05  0.99  5.0e-01  1.3e-05  4.4e-02  9.5e-02  2.0e-01  2.0e-03  2.1e-01
 399  T 0   2.335e+06  -2e-05  0.99  5.0e-01  1.4e-05  4.2e-02  1.0e-01  2.0e-01  2.7e-03  2.1e-01
 400  T 0   2.335e+06  -4e-05  0.99  5.0e-01  1.3e-05  6.2e-02  1.1e-01  2.1e-01  2.9e-03  2.1e-01
 401  T 0   2.335e+06  -5e-05  0.99  5.0e-01  1.9e-05  7.2e-02  1.5e-01  2.0e-01  3.2e-03  2.1e-01
 402  F 0   2.335e+06  -1e-04  0.99  5.0e-01  2.3e-05  1.2e-01  2.1e-01  2.0e-01  3.5e-03  2.1e-01
 403  F 0   2.336e+06  -3e-04  0.99  5.0e-01  6.3e-05  1.7e-01  4.1e-01  2.0e-01  3.5e-03  2.1e-01
 404  F 0   2.336e+06  -7e-04  0.99  5.0e-01  4.4e-05  2.5e-01  5.2e-01  2.0e-01  3.7e-03  2.1e-01
 405  F 0   2.336e+06  -5e-04  0.99  5.0e-01  4.9e-05  2.0e-01  4.6e-01  2.1e-01  3.5e-03  2.1e-01
 406  T 0   2.335e+06  -2e-04  0.99  5.0e-01  1.2e-05  1.3e-01  2.3e-01  2.0e-01  3.3e-03  2.1e-01
 407  T 0   2.335e+06  -2e-05  0.99  5.0e-01  1.2e-05  2.7e-02  5.8e-02  2.3e-01  3.2e-03  2.3e-01
 408  T 0   2.335e+06  -2e-05  0.99  5.0e-01  9.7e-06  2.5e-02  4.5e-02  2.1e-01  2.3e-03  2.1e-01
 409  T 0   2.335e+06  -7e-06  0.99  5.0e-01  9.0e-06  2.5e-02  4.8e-02  2.1e-01  2.4e-03  2.2e-01
 410  T 0   2.335e+06  -2e-05  0.99  5.0e-01  9.0e-06  2.3e-02  5.4e-02  2.0e-01  2.6e-03  2.0e-01
 411  T 0   2.334e+06  -3e-05  0.99  5.0e-01  9.4e-06  2.3e-02  6.2e-02  2.0e-01  2.4e-03  2.1e-01
 412  T 0   2.334e+06  -3e-05  0.99  5.0e-01  9.8e-06  2.6e-02  7.1e-02  2.1e-01  2.3e-03  2.1e-01
 413  T 0   2.334e+06  -1e-05  0.99  5.0e-01  1.0e-05  3.2e-02  8.2e-02  2.1e-01  2.2e-03  2.2e-01
 414  T 0   2.334e+06  -2e-05  0.99  5.0e-01  1.1e-05  3.7e-02  9.4e-02  2.6e-01  2.6e-03  2.7e-01
 415  T 0   2.334e+06  -2e-05  0.99  5.0e-01  1.1e-05  4.5e-02  1.0e-01  2.5e-01  6.3e-03  2.6e-01
 416  T 0   2.334e+06  -2e-05  0.99  5.0e-01  1.2e-05  4.5e-02  1.1e-01  2.6e-01  2.7e-03  2.6e-01
 417  T 0   2.334e+06  -2e-05  0.99  5.0e-01  1.3e-05  4.8e-02  1.2e-01  2.1e-01  3.0e-03  2.2e-01
 418  T 0   2.334e+06  -2e-05  0.99  5.0e-01  1.4e-05  5.0e-02  1.2e-01  2.1e-01  2.8e-03  2.2e-01
 419  T 0   2.334e+06  -2e-05  0.99  5.0e-01  1.5e-05  4.7e-02  1.2e-01  2.0e-01  2.6e-03  2.0e-01
 420  T 0   2.334e+06  -3e-05  0.99  5.0e-01  1.4e-05  5.4e-02  1.3e-01  2.0e-01  2.7e-03  2.0e-01
 421  F 0   2.334e+06  -7e-05  0.99  5.0e-01  2.0e-05  1.9e-01  2.7e-01  2.2e-01  2.8e-03  2.2e-01
 422  F 0   2.334e+06  -2e-04  0.99  5.0e-01  2.3e-05  3.3e-01  4.9e-01  2.0e-01  3.2e-03  2.1e-01
 423  F 0   2.335e+06  -4e-04  0.99  5.0e-01  2.7e-05  2.8e-01  5.9e-01  2.0e-01  4.0e-03  2.1e-01
 424  F 0   2.335e+06  -7e-04  0.99  5.0e-01  5.4e-05  2.4e-01  5.9e-01  2.0e-01  3.1e-03  2.0e-01
 425  F 0   2.335e+06  -8e-04  0.99  5.0e-01  3.1e-05  3.5e-01  5.5e-01  2.0e-01  3.5e-03  2.1e-01
 426  F 0   2.334e+06  -3e-04  0.99  5.0e-01  2.9e-05  2.6e-01  3.5e-01  2.2e-01  3.4e-03  2.2e-01
 427  T 0   2.333e+06  -5e-05  0.99  5.0e-01  1.3e-05  5.0e-02  9.1e-02  2.1e-01  2.6e-03  2.2e-01
 428  T 0   2.333e+06  -1e-05  0.99  5.0e-01  1.1e-05  1.6e-02  3.9e-02  2.7e-01  2.6e-03  2.7e-01
 429  T 0   2.333e+06  -1e-05  0.99  5.0e-01  1.0e-05  2.0e-02  4.2e-02  2.1e-01  2.6e-03  2.1e-01
 430  T 0   2.333e+06  -1e-05  0.99  5.0e-01  9.9e-06  2.2e-02  5.0e-02  2.1e-01  2.3e-03  2.1e-01
 431  T 0   2.333e+06  -2e-05  0.99  5.0e-01  9.9e-06  2.7e-02  5.8e-02  2.0e-01  2.5e-03  2.0e-01
 432  T 0   2.333e+06  -2e-05  0.99  5.0e-01  1.0e-05  3.2e-02  6.7e-02  2.4e-01  2.5e-03  2.4e-01
 433  T 0   2.333e+06  -2e-05  0.99  5.0e-01  1.0e-05  3.8e-02  6.7e-02  2.0e-01  2.4e-03  2.1e-01
 434  T 0   2.333e+06  -2e-05  0.99  5.0e-01  1.0e-05  3.6e-02  6.6e-02  2.3e-01  2.1e-03  2.3e-01
 435  T 0   2.333e+06  -5e-05  0.99  5.0e-01  1.0e-05  3.6e-02  7.0e-02  3.0e-01  2.3e-03  3.0e-01
 436  T 0   2.333e+06  -3e-05  0.99  5.0e-01  1.1e-05  3.4e-02  7.4e-02  2.1e-01  2.4e-03  2.1e-01
 437  T 0   2.333e+06  -2e-05  0.99  5.0e-01  1.1e-05  3.7e-02  8.2e-02  2.0e-01  2.8e-03  2.0e-01
 438  T 0   2.333e+06  -2e-05  0.99  5.0e-01  1.1e-05  4.1e-02  9.0e-02  2.0e-01  2.7e-03  2.0e-01
 439  T 0   2.332e+06  -2e-05  0.99  5.0e-01  1.1e-05  4.4e-02  9.8e-02  2.3e-01  2.6e-03  2.3e-01
 440  T 0   2.332e+06  -2e-05  0.99  5.0e-01  1.1e-05  4.7e-02  1.1e-01  1.9e-01  2.8e-03  2.0e-01
 441  T 0   2.332e+06  -2e-05  0.99  5.0e-01  1.1e-05  5.5e-02  1.2e-01  2.0e-01  2.6e-03  2.0e-01
 442  T 0   2.332e+06  -2e-05  0.99  5.0e-01  1.0e-05  7.6e-02  1.3e-01  2.0e-01  2.7e-03  2.1e-01
 443  T 0   2.332e+06  -2e-05  0.99  5.0e-01  1.0e-05  1.0e-01  1.5e-01  2.3e-01  2.6e-03  2.3e-01
 444  T 0   2.332e+06  -2e-05  0.99  5.0e-01  7.4e-06  1.0e-01  1.5e-01  2.0e-01  2.6e-03  2.1e-01
 445  F 0   2.332e+06  -3e-05  0.99  5.0e-01  2.0e-05  7.9e-02  1.7e-01  2.0e-01  2.6e-03  2.1e-01
 446  F 0   2.334e+06  -2e-04  0.99  5.0e-01  6.3e-05  2.3e-01  4.5e-01  2.1e-01  2.8e-03  2.1e-01
 447  F 0   2.344e+06  -2e-03  0.99  5.0e-01  1.7e-04  5.0e-01  1.1e+00  2.9e-01  3.1e-03  3.0e-01
 448  F 0   2.359e+06  -7e-03  0.98  5.0e-01  2.3e-04  5.0e-01  1.8e+00  2.1e-01  3.4e-03  2.2e-01
 449  F 0   2.364e+06  -7e-03  0.98  5.0e-01  2.9e-04  5.0e-01  1.8e+00  2.1e-01  3.9e-03  2.1e-01
 450  F 0   2.357e+06  -9e-03  0.97  5.0e-01  1.7e-04  5.0e-01  1.8e+00  2.3e-01  3.5e-03  2.4e-01
 451  F 0   2.345e+06  -5e-03  0.97  5.0e-01  1.5e-04  5.0e-01  1.3e+00  2.0e-01  3.3e-03  2.1e-01
 452  F 0   2.337e+06  -2e-03  0.98  5.0e-01  8.1e-05  3.7e-01  6.3e-01  2.1e-01  3.5e-03  2.1e-01
 453  F 0   2.335e+06  -3e-04  0.98  5.0e-01  5.3e-05  1.2e-01  2.4e-01  2.2e-01  3.4e-03  2.2e-01
 454  F 0   2.334e+06  -1e-04  0.98  5.0e-01  4.7e-05  1.3e-01  2.1e-01  2.0e-01  3.1e-03  2.1e-01
 455  F 0   2.334e+06  -7e-05  0.99  5.0e-01  4.1e-05  9.2e-02  1.5e-01  2.1e-01  2.7e-03  2.1e-01
 456  F 0   2.334e+06  -6e-05  0.99  5.0e-01  3.8e-05  8.9e-02  1.4e-01  2.1e-01  2.7e-03  2.1e-01
 457  F 0   2.333e+06  -5e-05  0.99  5.0e-01  1.9e-05  1.0e-01  1.4e-01  2.1e-01  2.6e-03  2.1e-01
 458  F 0   2.333e+06  -5e-05  0.99  5.0e-01  1.8e-05  4.0e-02  1.1e-01  2.3e-01  2.8e-03  2.3e-01
 459  F 0   2.333e+06  -4e-05  0.99  5.0e-01  1.6e-05  5.2e-02  1.2e-01  2.6e-01  2.8e-03  2.6e-01
 460  F 0   2.333e+06  -3e-05  0.99  5.0e-01  7.5e-06  5.9e-02  1.2e-01  2.5e-01  2.6e-03  2.5e-01
 461  F 0   2.333e+06  -3e-05  0.99  5.0e-01  6.4e-06  6.8e-02  1.3e-01  2.0e-01  2.6e-03  2.1e-01
 462  F 0   2.332e+06  -3e-05  0.99  5.0e-01  7.2e-06  7.5e-02  1.3e-01  2.0e-01  2.7e-03  2.1e-01
 463  F 0   2.332e+06  -2e-05  0.99  5.0e-01  7.6e-06  7.9e-02  1.3e-01  2.1e-01  2.7e-03  2.1e-01
 464  F 0   2.332e+06  -2e-05  0.99  5.0e-01  8.2e-06  8.6e-02  1.4e-01  2.2e-01  2.8e-03  2.2e-01
 465  F 0   2.332e+06  -2e-05  0.99  5.0e-01  7.9e-06  1.0e-01  1.6e-01  2.1e-01  2.6e-03  2.1e-01
 466  T 0   2.332e+06  -2e-05  0.99  5.0e-01  9.2e-06  1.0e-01  1.6e-01  2.1e-01  2.6e-03  2.1e-01
 467  T 0   2.332e+06  -3e-05  0.99  5.0e-01  1.2e-05  1.2e-01  1.9e-01  2.1e-01  2.7e-03  2.1e-01
 468  F 0   2.333e+06  -1e-04  0.99  5.0e-01  5.1e-05  1.9e-01  3.1e-01  2.3e-01  2.7e-03  2.3e-01
 469  F 0   2.337e+06  -9e-04  0.99  5.0e-01  1.1e-04  3.8e-01  7.6e-01  2.0e-01  3.1e-03  2.0e-01
 470  F 0   2.344e+06  -3e-03  0.99  5.0e-01  1.9e-04  4.7e-01  1.2e+00  2.1e-01  3.3e-03  2.1e-01
 471  F 0   2.343e+06  -5e-03  0.98  5.0e-01  1.6e-04  5.0e-01  1.4e+00  2.7e-01  3.8e-03  2.7e-01
 472  F 0   2.340e+06  -3e-03  0.99  5.0e-01  1.4e-04  4.9e-01  1.2e+00  2.0e-01  3.4e-03  2.0e-01
 473  F 0   2.335e+06  -2e-03  0.98  5.0e-01  4.2e-05  3.2e-01  6.3e-01  2.0e-01  3.4e-03  2.0e-01
 474  F 0   2.333e+06  -1e-04  0.99  5.0e-01  2.4e-05  1.3e-01  2.2e-01  2.0e-01  3.0e-03  2.0e-01
 475  F 0   2.333e+06  -5e-05  0.99  5.0e-01  1.8e-05  1.4e-01  1.9e-01  2.0e-01  3.0e-03  2.0e-01
 476  F 0   2.333e+06  -3e-05  0.99  5.0e-01  1.6e-05  1.3e-01  1.5e-01  2.0e-01  3.2e-03  2.0e-01
 477  F 0   2.333e+06  -3e-05  0.99  5.0e-01  1.5e-05  6.9e-02  9.7e-02  2.4e-01  2.7e-03  2.5e-01
 478  F 0   2.333e+06  -2e-05  0.99  5.0e-01  8.0e-06  8.4e-02  1.1e-01  2.6e-01  2.8e-03  2.6e-01
 479  F 0   2.332e+06  -1e-04  0.99  5.0e-01  6.7e-06  8.7e-02  1.2e-01  2.6e-01  1.1e-02  2.8e-01
 480  F 0   2.332e+06  -2e-05  0.99  5.0e-01  6.4e-06  6.9e-02  1.1e-01  2.0e-01  1.1e-02  2.2e-01
 481  F 0   2.332e+06  -2e-05  0.99  5.0e-01  5.9e-06  7.4e-02  1.3e-01  2.0e-01  2.6e-03  2.0e-01
 482  F 0   2.332e+06  -3e-05  0.99  5.0e-01  6.7e-06  7.5e-02  1.4e-01  2.0e-01  2.7e-03  2.1e-01
 483  F 0   2.332e+06  -3e-05  0.99  5.0e-01  9.2e-06  9.3e-02  1.6e-01  2.4e-01  2.6e-03  2.4e-01
 484  T 0   2.332e+06  -3e-05  0.99  5.0e-01  6.8e-06  1.2e-01  1.8e-01  2.0e-01  2.7e-03  2.0e-01
 485  T 0   2.332e+06  -3e-05  0.99  5.0e-01  1.1e-05  7.9e-02  1.6e-01  2.3e-01  2.6e-03  2.3e-01
 486  F 0   2.332e+06  -6e-05  0.99  5.0e-01  2.0e-05  1.4e-01  2.4e-01  2.1e-01  2.1e-03  2.1e-01
 487  F 0   2.333e+06  -3e-04  0.99  5.0e-01  6.9e-05  3.0e-01  4.2e-01  2.0e-01  2.6e-03  2.1e-01
 488  F 0   2.335e+06  -1e-03  0.99  5.0e-01  7.1e-05  3.9e-01  6.7e-01  2.0e-01  3.4e-03  2.1e-01
 489  F 0   2.337e+06  -2e-03  0.99  5.0e-01  1.2e-04  5.0e-01  8.3e-01  2.0e-01  3.0e-03  2.0e-01
 490  F 0   2.334e+06  -1e-03  0.99  5.0e-01  7.1e-05  2.6e-01  6.3e-01  2.3e-01  3.4e-03  2.3e-01
 491  F 0   2.332e+06  -2e-04  0.99  5.0e-01  2.6e-05  3.5e-01  5.3e-01  2.0e-01  3.1e-03  2.1e-01
 492  F 0   2.332e+06  -7e-05  0.99  5.0e-01  1.9e-05  2.0e-01  3.2e-01  2.0e-01  3.5e-03  2.1e-01
 493  F 0   2.332e+06  -2e-05  0.99  5.0e-01  8.4e-06  8.0e-02  9.3e-02  2.5e-01  2.6e-03  2.6e-01
 494  F 0   2.332e+06  -1e-05  0.99  5.0e-01  7.7e-06  7.7e-02  8.7e-02  2.1e-01  1.1e-02  2.2e-01
 495  T 0   2.332e+06  -1e-05  0.99  5.0e-01  7.4e-06  9.3e-02  1.0e-01  2.0e-01  2.8e-03  2.1e-01
 496  T 0   2.332e+06  -5e-06  0.99  5.0e-01  8.3e-06  7.7e-02  9.0e-02  2.0e-01  2.2e-03  2.0e-01
 497  T 0   2.332e+06  -7e-06  0.99  5.0e-01  5.8e-06  3.8e-02  5.3e-02  2.0e-01  3.1e-03  2.1e-01
 498  T 0   2.332e+06  -7e-06  0.99  5.0e-01  4.3e-06  1.9e-02  4.1e-02  2.1e-01  2.6e-03  2.1e-01
 499  T 0   2.332e+06  -1e-05  0.99  5.0e-01  4.1e-06  2.3e-02  4.5e-02  2.1e-01  2.4e-03  2.1e-01
 500  T 0   2.332e+06  -3e-05  0.99  5.0e-01  3.7e-06  2.8e-02  4.8e-02  2.2e-01  2.4e-03  2.2e-01
 501  T 0   2.331e+06  -6e-06  0.99  5.0e-01  3.8e-06  3.3e-02  4.9e-02  2.1e-01  2.7e-03  2.2e-01
 502  T 0   2.331e+06  -9e-06  0.99  5.0e-01  4.0e-06  3.7e-02  5.3e-02  2.1e-01  2.0e-03  2.1e-01
 503  T 0   2.331e+06  -3e-05  0.99  5.0e-01  5.3e-06  4.1e-02  6.3e-02  2.1e-01  2.4e-03  2.1e-01
 504  T 0   2.331e+06  -3e-05  0.99  5.0e-01  8.9e-06  4.3e-02  6.8e-02  2.1e-01  2.4e-03  2.1e-01
 505  T 0   2.331e+06  -5e-06  0.99  5.0e-01  4.6e-06  2.4e-02  5.3e-02  2.1e-01  2.6e-03  2.1e-01
 506  F 0   2.331e+06  -1e-05  0.99  5.0e-01  6.7e-06  4.9e-02  8.6e-02  2.1e-01  2.6e-03  2.1e-01
 507  F 0   2.331e+06  -4e-05  0.99  5.0e-01  9.2e-06  7.3e-02  1.5e-01  2.2e-01  2.7e-03  2.2e-01
 508  F 0   2.331e+06  -5e-05  0.99  5.0e-01  9.5e-06  1.1e-01  1.7e-01  2.3e-01  3.1e-03  2.3e-01
 509  T 0   2.331e+06  -3e-05  0.99  5.0e-01  6.9e-06  1.2e-01  1.5e-01  2.1e-01  2.8e-03  2.1e-01
 510  T 0   2.331e+06  -9e-06  0.99  5.0e-01  3.4e-06  7.1e-02  8.1e-02  2.2e-01  2.6e-03  2.2e-01
 511  T 0   2.331e+06  -2e-06  0.99  5.0e-01  4.2e-06  2.5e-02  2.9e-02  2.0e-01  2.8e-03  2.1e-01
 512  T 0   2.331e+06  -1e-05  0.99  5.0e-01  4.1e-06  2.9e-02  3.2e-02  2.0e-01  2.0e-03  2.1e-01
 513  T 0   2.331e+06  -7e-06  0.99  5.0e-01  4.1e-06  3.2e-02  3.7e-02  2.0e-01  2.4e-03  2.1e-01
 514  T 0   2.331e+06   2e-06  0.99  5.0e-01  4.0e-06  3.6e-02  4.2e-02  2.1e-01  2.0e-03  2.1e-01
 515  T 0   2.331e+06  -2e-06  0.99  5.0e-01  3.9e-06  4.3e-02  4.9e-02  2.2e-01  2.4e-03  2.2e-01
 516  T 0   2.331e+06   2e-06  0.99  5.0e-01  4.1e-06  4.8e-02  5.5e-02  2.0e-01  2.0e-03  2.1e-01
 517  T 0   2.331e+06  -1e-05  0.99  5.0e-01  4.2e-06  5.5e-02  6.4e-02  2.0e-01  2.3e-03  2.0e-01
 518  T 0   2.331e+06  -7e-06  0.99  5.0e-01  4.5e-06  6.0e-02  7.0e-02  2.1e-01  1.9e-03  2.2e-01
 519  T 0   2.331e+06  -5e-06  0.99  5.0e-01  4.7e-06  6.2e-02  7.4e-02  2.2e-01  2.8e-03  2.2e-01
 520  T 0   2.331e+06  -5e-06  0.99  5.0e-01  5.0e-06  5.9e-02  7.5e-02  2.1e-01  2.6e-03  2.1e-01
 521  T 0   2.331e+06  -6e-06  0.99  5.0e-01  5.2e-06  5.7e-02  7.6e-02  2.1e-01  2.6e-03  2.1e-01
 522  T 0   2.331e+06  -6e-06  0.99  5.0e-01  5.5e-06  5.6e-02  7.9e-02  2.3e-01  2.7e-03  2.3e-01
 523  T 0   2.331e+06  -6e-06  0.99  5.0e-01  5.5e-06  5.4e-02  8.1e-02  2.2e-01  3.3e-03  2.2e-01
 524  T 0   2.331e+06  -7e-06  0.99  5.0e-01  6.5e-06  5.6e-02  9.2e-02  2.0e-01  2.6e-03  2.1e-01
 525  F 0   2.331e+06  -1e-05  0.99  5.0e-01  9.8e-06  4.5e-02  1.0e-01  2.2e-01  2.7e-03  2.2e-01
 526  F 0   2.332e+06  -8e-05  0.99  5.0e-01  4.1e-05  1.2e-01  3.0e-01  2.3e-01  2.8e-03  2.3e-01
 527  F 0   2.335e+06  -7e-04  0.99  5.0e-01  7.9e-05  2.9e-01  7.2e-01  2.1e-01  3.6e-03  2.1e-01
 528  F 0   2.341e+06  -2e-03  0.99  5.0e-01  1.4e-04  4.8e-01  1.2e+00  2.1e-01  3.0e-03  2.1e-01
 529  F 0   2.343e+06  -5e-03  0.98  5.0e-01  1.6e-04  5.0e-01  1.6e+00  2.5e-01  3.9e-03  2.5e-01
 530  F 0   2.338e+06  -3e-03  0.99  5.0e-01  1.2e-04  5.0e-01  1.2e+00  2.0e-01  3.4e-03  2.1e-01
 531  F 0   2.334e+06  -2e-03  0.98  5.0e-01  3.9e-05  5.0e-01  8.9e-01  2.3e-01  3.1e-03  2.3e-01
 532  F 0   2.333e+06  -4e-04  0.99  5.0e-01  2.7e-05  5.0e-01  6.1e-01  2.4e-01  3.3e-03  2.4e-01
 533  F 0   2.332e+06  -4e-05  0.99  5.0e-01  2.1e-05  1.7e-01  2.1e-01  2.6e-01  3.3e-03  2.6e-01
 534  F 0   2.332e+06  -3e-05  0.99  5.0e-01  2.0e-05  1.1e-01  1.3e-01  2.3e-01  2.7e-03  2.3e-01
 535  F 0   2.332e+06  -3e-05  0.99  5.0e-01  7.2e-06  1.3e-01  1.5e-01  2.0e-01  2.8e-03  2.0e-01
 536  F 0   2.332e+06  -3e-05  0.99  5.0e-01  1.1e-05  1.4e-01  1.6e-01  2.1e-01  2.7e-03  2.1e-01
 537  F 0   2.331e+06  -2e-05  0.99  5.0e-01  7.1e-06  1.2e-01  1.4e-01  2.1e-01  2.6e-03  2.1e-01
 538  F 0   2.331e+06  -2e-05  0.99  5.0e-01  8.3e-06  1.1e-01  1.3e-01  2.1e-01  3.3e-03  2.2e-01
 539  F 0   2.331e+06  -2e-05  0.99  5.0e-01  5.8e-06  1.0e-01  1.3e-01  2.0e-01  2.6e-03  2.1e-01
 540  F 0   2.331e+06  -2e-05  0.99  5.0e-01  5.7e-06  4.2e-02  9.3e-02  2.1e-01  2.6e-03  2.1e-01
 541  F 0   2.331e+06  -1e-05  0.99  5.0e-01  5.6e-06  5.2e-02  1.0e-01  2.1e-01  2.7e-03  2.1e-01
 542  F 0   2.331e+06  -1e-05  0.99  5.0e-01  5.3e-06  5.7e-02  1.1e-01  2.1e-01  2.7e-03  2.1e-01
 543  F 0   2.331e+06  -1e-05  0.99  5.0e-01  5.1e-06  6.7e-02  1.0e-01  2.7e-01  2.6e-03  2.7e-01
 544  F 0   2.331e+06  -1e-05  0.99  5.0e-01  4.2e-06  7.1e-02  1.1e-01  2.3e-01  2.6e-03  2.4e-01
 545  T 0   2.331e+06  -1e-05  0.99  5.0e-01  9.1e-06  7.5e-02  1.3e-01  2.3e-01  2.7e-03  2.3e-01
 546  F 0   2.331e+06  -4e-05  0.99  5.0e-01  2.2e-05  8.8e-02  1.8e-01  2.2e-01  2.6e-03  2.3e-01
 547  F 0   2.335e+06  -5e-04  0.99  5.0e-01  8.9e-05  4.0e-01  6.4e-01  2.2e-01  3.1e-03  2.3e-01
 548  F 0   2.347e+06  -4e-03  0.99  5.0e-01  1.9e-04  5.0e-01  1.5e+00  2.2e-01  3.4e-03  2.2e-01
 549  F 0   2.344e+06  -4e-03  0.98  5.0e-01  2.2e-04  5.0e-01  1.5e+00  2.3e-01  3.5e-03  2.3e-01
 550  F 0   2.341e+06  -4e-03  0.98  5.0e-01  1.4e-04  5.0e-01  1.3e+00  2.1e-01  3.7e-03  2.1e-01
 551  F 0   2.336e+06  -2e-03  0.99  5.0e-01  9.0e-05  5.0e-01  1.1e+00  2.4e-01  2.6e-03  2.4e-01
 552  F 0   2.333e+06  -6e-04  0.99  5.0e-01  4.5e-05  3.9e-01  5.0e-01  2.0e-01  2.7e-03  2.1e-01
 553  F 0   2.332e+06  -9e-05  0.99  5.0e-01  4.1e-05  1.4e-01  1.8e-01  2.0e-01  2.7e-03  2.1e-01
 554  F 0   2.332e+06  -3e-05  0.99  5.0e-01  2.2e-05  6.7e-02  8.9e-02  2.2e-01  3.1e-03  2.2e-01
 555  F 0   2.332e+06  -1e-05  0.99  5.0e-01  1.9e-05  6.1e-02  7.6e-02  2.0e-01  2.6e-03  2.0e-01
 556  F 0   2.332e+06  -2e-05  0.99  5.0e-01  1.8e-05  7.4e-02  8.8e-02  2.0e-01  2.6e-03  2.0e-01
 557  F 0   2.332e+06  -9e-05  0.99  5.0e-01  1.8e-05  9.2e-02  1.1e-01  2.2e-01  2.4e-03  2.2e-01
 558  F 0   2.332e+06  -1e-05  0.99  5.0e-01  1.3e-05  9.0e-02  1.1e-01  2.5e-01  2.1e-03  2.5e-01
 559  F 0   2.332e+06  -2e-05  0.99  5.0e-01  1.3e-05  9.2e-02  1.2e-01  2.7e-01  2.6e-03  2.8e-01
 560  F 0   2.332e+06  -2e-05  0.99  5.0e-01  7.9e-06  7.6e-02  1.2e-01  2.0e-01  2.6e-03  2.1e-01
 561  F 0   2.331e+06  -2e-05  0.99  5.0e-01  8.8e-06  9.3e-02  1.3e-01  2.0e-01  2.6e-03  2.1e-01
 562  F 0   2.331e+06  -3e-05  0.99  5.0e-01  4.7e-06  9.7e-02  1.4e-01  2.0e-01  2.6e-03  2.1e-01
 563  F 0   2.331e+06  -2e-05  0.99  5.0e-01  5.2e-06  8.1e-02  1.3e-01  2.0e-01  2.7e-03  2.1e-01
 564  F 0   2.331e+06  -2e-05  0.99  5.0e-01  5.3e-06  7.4e-02  1.3e-01  2.1e-01  2.7e-03  2.2e-01
 565  F 0   2.331e+06  -2e-05  0.99  5.0e-01  6.3e-06  7.6e-02  1.3e-01  2.1e-01  2.6e-03  2.1e-01
 566  F 0   2.331e+06  -2e-05  0.99  5.0e-01  9.3e-06  8.5e-02  1.6e-01  2.1e-01  2.7e-03  2.1e-01
 567  F 0   2.332e+06  -1e-04  0.99  5.0e-01  4.9e-05  2.5e-01  3.9e-01  2.1e-01  2.9e-03  2.1e-01
 568  F 0   2.341e+06  -1e-03  0.99  5.0e-01  1.3e-04  5.0e-01  1.1e+00  2.1e-01  3.3e-03  2.1e-01
 569  F 0   2.345e+06  -3e-03  0.99  5.0e-01  2.1e-04  5.0e-01  1.4e+00  2.1e-01  3.0e-03  2.1e-01
 570  F 0   2.346e+06  -6e-03  0.98  5.0e-01  2.1e-04  5.0e-01  1.5e+00  2.0e-01  3.3e-03  2.0e-01
 571  F 0   2.340e+06  -4e-03  0.98  5.0e-01  1.4e-04  5.0e-01  1.3e+00  2.1e-01  3.1e-03  2.2e-01
 572  F 0   2.336e+06  -2e-03  0.98  5.0e-01  5.4e-05  4.8e-01  9.4e-01  2.3e-01  3.2e-03  2.3e-01
 573  F 0   2.333e+06  -5e-04  0.99  5.0e-01  4.4e-05  4.6e-01  6.3e-01  2.1e-01  3.1e-03  2.1e-01
 574  F 0   2.333e+06  -6e-05  0.99  5.0e-01  2.1e-05  1.5e-01  1.9e-01  2.1e-01  3.1e-03  2.1e-01
 575  F 0   2.332e+06  -3e-05  0.99  5.0e-01  1.8e-05  1.0e-01  1.2e-01  2.1e-01  3.1e-03  2.1e-01
 576  F 0   2.332e+06  -2e-05  0.99  5.0e-01  1.7e-05  1.2e-01  1.3e-01  2.1e-01  2.8e-03  2.1e-01
 577  F 0   2.332e+06  -3e-05  0.99  5.0e-01  1.7e-05  1.3e-01  1.5e-01  2.0e-01  2.8e-03  2.1e-01
 578  F 0   2.332e+06  -3e-05  0.99  5.0e-01  1.7e-05  1.2e-01  1.4e-01  2.1e-01  2.7e-03  2.2e-01
 579  F 0   2.332e+06  -3e-05  0.99  5.0e-01  7.9e-06  1.1e-01  1.4e-01  2.7e-01  2.6e-03  2.7e-01
 580  F 0   2.332e+06  -3e-05  0.99  5.0e-01  8.2e-06  1.0e-01  1.4e-01  2.2e-01  2.8e-03  2.2e-01
 581  F 0   2.332e+06  -3e-05  0.99  5.0e-01  8.6e-06  9.4e-02  1.5e-01  2.0e-01  2.6e-03  2.1e-01
 582  F 0   2.332e+06  -3e-05  0.99  5.0e-01  8.9e-06  9.6e-02  1.6e-01  2.6e-01  2.7e-03  2.6e-01
 583  F 0   2.331e+06  -2e-05  0.99  5.0e-01  9.5e-06  1.0e-01  1.6e-01  2.3e-01  2.8e-03  2.3e-01
 584  F 0   2.331e+06  -2e-05  0.99  5.0e-01  7.9e-06  9.5e-02  1.5e-01  2.1e-01  2.6e-03  2.1e-01
 585  F 0   2.331e+06  -3e-05  0.99  5.0e-01  8.2e-06  7.5e-02  1.5e-01  2.0e-01  2.7e-03  2.1e-01
 586  F 0   2.331e+06  -2e-05  0.99  5.0e-01  7.5e-06  9.0e-02  1.3e-01  2.6e-01  2.7e-03  2.6e-01
 587  F 0   2.331e+06  -4e-05  0.99  5.0e-01  2.0e-05  1.0e-01  2.3e-01  2.2e-01  2.6e-03  2.2e-01
 588  F 0   2.332e+06  -2e-04  0.99  5.0e-01  3.8e-05  2.0e-01  4.2e-01  2.1e-01  3.1e-03  2.2e-01
 589  F 0   2.339e+06  -1e-03  0.99  5.0e-01  1.0e-04  5.0e-01  1.1e+00  2.0e-01  3.0e-03  2.1e-01
 590  F 0   2.343e+06  -4e-03  0.98  5.0e-01  1.4e-04  5.0e-01  1.6e+00  2.0e-01  3.7e-03  2.1e-01
 591  F 0   2.339e+06  -3e-03  0.99  5.0e-01  1.2e-04  5.0e-01  1.3e+00  2.0e-01  3.4e-03  2.1e-01
 592  F 0   2.335e+06  -2e-03  0.98  5.0e-01  4.8e-05  5.0e-01  1.0e+00  2.0e-01  3.1e-03  2.1e-01
 593  F 0   2.333e+06  -5e-04  0.99  5.0e-01  2.7e-05  4.1e-01  5.7e-01  2.0e-01  3.2e-03  2.1e-01
 594  F 0   2.332e+06  -4e-05  0.99  5.0e-01  2.1e-05  5.8e-02  1.2e-01  2.2e-01  3.0e-03  2.2e-01
 595  F 0   2.332e+06  -2e-05  0.99  5.0e-01  1.9e-05  6.0e-02  9.8e-02  2.3e-01  2.6e-03  2.4e-01
 596  F 0   2.332e+06  -7e-05  0.99  5.0e-01  7.3e-06  7.2e-02  1.1e-01  2.5e-01  2.2e-03  2.5e-01
 597  F 0   2.332e+06  -3e-05  0.99  5.0e-01  8.0e-06  7.9e-02  1.2e-01  2.1e-01  1.9e-03  2.1e-01
 598  F 0   2.332e+06  -3e-05  0.99  5.0e-01  1.1e-05  9.4e-02  1.4e-01  2.0e-01  2.6e-03  2.1e-01
 599  F 0   2.331e+06  -2e-05  0.99  5.0e-01  8.5e-06  4.7e-02  1.1e-01  2.1e-01  2.6e-03  2.1e-01
 600  F 0   2.331e+06  -2e-05  0.99  5.0e-01  7.8e-06  4.8e-02  1.0e-01  2.3e-01  2.7e-03  2.3e-01
 601  F 0   2.331e+06  -1e-05  0.99  5.0e-01  7.8e-06  5.4e-02  1.1e-01  2.1e-01  2.7e-03  2.1e-01
 602  F 0   2.331e+06  -1e-05  0.99  5.0e-01  7.1e-06  5.8e-02  1.1e-01  2.1e-01  2.7e-03  2.1e-01
 603  F 0   2.331e+06  -1e-05  0.99  5.0e-01  7.0e-06  6.5e-02  1.1e-01  2.0e-01  2.6e-03  2.1e-01
 604  F 0   2.331e+06  -1e-05  0.99  5.0e-01  5.7e-06  7.7e-02  1.0e-01  2.8e-01  2.7e-03  2.8e-01
 605  F 0   2.331e+06  -1e-05  0.99  5.0e-01  6.5e-06  8.4e-02  1.1e-01  2.7e-01  2.6e-03  2.8e-01
 606  T 0   2.331e+06  -1e-05  0.99  5.0e-01  4.8e-06  7.7e-02  1.1e-01  2.3e-01  2.6e-03  2.3e-01
 607  T 0   2.331e+06  -1e-05  0.99  5.0e-01  9.1e-06  8.7e-02  1.4e-01  2.1e-01  2.8e-03  2.1e-01
 608  F 0   2.331e+06  -3e-05  0.99  5.0e-01  9.5e-06  6.5e-02  1.5e-01  2.2e-01  1.1e-02  2.3e-01
 609  F 0   2.331e+06  -1e-04  0.99  5.0e-01  3.3e-05  1.5e-01  3.8e-01  2.0e-01  3.0e-03  2.1e-01
 610  F 0   2.332e+06  -5e-04  0.99  5.0e-01  3.6e-05  2.9e-01  6.2e-01  2.0e-01  3.5e-03  2.1e-01
 611  F 0   2.334e+06  -1e-03  0.99  5.0e-01  6.9e-05  3.5e-01  7.4e-01  2.0e-01  4.3e-03  2.1e-01
 612  F 0   2.333e+06  -1e-03  0.99  5.0e-01  5.3e-05  3.7e-01  7.7e-01  2.1e-01  3.7e-03  2.1e-01
 613  F 0   2.331e+06  -3e-04  0.99  5.0e-01  1.8e-05  1.7e-01  4.0e-01  2.1e-01  3.3e-03  2.1e-01
 614  F 0   2.331e+06  -4e-05  0.99  5.0e-01  1.4e-05  9.0e-02  1.3e-01  2.0e-01  2.9e-03  2.1e-01
 615  T 0   2.331e+06  -1e-05  0.99  5.0e-01  1.2e-05  4.1e-02  6.0e-02  2.6e-01  2.7e-03  2.6e-01
 616  T 0   2.331e+06  -8e-06  0.99  5.0e-01  1.0e-05  3.9e-02  5.9e-02  2.6e-01  2.6e-03  2.6e-01
 617  T 0   2.331e+06  -7e-06  0.99  5.0e-01  8.4e-06  3.9e-02  6.1e-02  2.0e-01  2.6e-03  2.0e-01
 618  T 0   2.331e+06  -6e-06  0.99  5.0e-01  7.2e-06  4.1e-02  6.0e-02  2.1e-01  2.6e-03  2.1e-01
 619  T 0   2.331e+06  -2e-06  0.99  5.0e-01  6.3e-06  4.1e-02  6.1e-02  2.1e-01  3.1e-03  2.1e-01
 620  T 0   2.331e+06  -8e-06  0.99  5.0e-01  5.9e-06  4.5e-02  6.4e-02  2.1e-01  2.8e-03  2.1e-01
 621  F 0   2.331e+06  -9e-05  0.99  5.0e-01  5.7e-06  5.4e-02  7.5e-02  2.0e-01  2.3e-03  2.1e-01
 622  T 0   2.331e+06  -9e-06  0.99  5.0e-01  6.3e-06  4.0e-02  7.3e-02  2.3e-01  2.6e-03  2.3e-01
 623  T 0   2.331e+06  -9e-06  0.99  5.0e-01  6.6e-06  4.2e-02  8.0e-02  2.3e-01  2.1e-03  2.3e-01
 624  T 0   2.331e+06  -8e-06  0.99  5.0e-01  7.0e-06  4.7e-02  8.7e-02  2.1e-01  2.8e-03  2.1e-01
 625  T 0   2.330e+06  -9e-06  0.99  5.0e-01  7.6e-06  5.5e-02  9.6e-02  2.0e-01  2.6e-03  2.0e-01
 626  T 0   2.330e+06  -1e-05  0.99  5.0e-01  8.0e-06  6.6e-02  1.1e-01  2.0e-01  2.7e-03  2.1e-01
 627  T 0   2.330e+06  -9e-06  0.99  5.0e-01  8.8e-06  4.7e-02  1.1e-01  2.0e-01  2.8e-03  2.1e-01
 628  T 0   2.330e+06  -1e-05  0.99  5.0e-01  8.8e-06  6.0e-02  1.1e-01  2.0e-01  2.7e-03  2.0e-01
 629  T 0   2.330e+06  -1e-05  0.99  5.0e-01  1.0e-05  6.5e-02  1.2e-01  2.0e-01  2.8e-03  2.1e-01
 630  T 0   2.330e+06  -1e-05  0.99  5.0e-01  8.2e-06  5.6e-02  1.2e-01  2.0e-01  2.8e-03  2.1e-01
 631  F 0   2.330e+06  -4e-05  0.99  5.0e-01  2.4e-05  1.5e-01  2.3e-01  2.1e-01  2.6e-03  2.1e-01
 632  F 0   2.332e+06  -3e-04  0.99  5.0e-01  5.4e-05  2.8e-01  5.1e-01  2.3e-01  3.1e-03  2.4e-01
 633  F 0   2.341e+06  -2e-03  0.99  5.0e-01  1.2e-04  5.0e-01  1.1e+00  2.1e-01  3.2e-03  2.1e-01
 634  F 0   2.343e+06  -5e-03  0.98  5.0e-01  1.6e-04  5.0e-01  1.6e+00  2.1e-01  3.5e-03  2.2e-01
 635  F 0   2.338e+06  -3e-03  0.98  5.0e-01  1.2e-04  3.9e-01  1.1e+00  2.0e-01  3.3e-03  2.1e-01
 636  F 0   2.334e+06  -2e-03  0.98  5.0e-01  4.4e-05  5.0e-01  8.7e-01  2.8e-01  3.5e-03  2.8e-01
 637  F 0   2.332e+06  -2e-04  0.99  5.0e-01  2.2e-05  1.6e-01  2.9e-01  2.1e-01  3.2e-03  2.2e-01
 638  F 0   2.332e+06  -4e-05  0.99  5.0e-01  2.1e-05  9.5e-02  1.4e-01  2.0e-01  2.8e-03  2.0e-01
 639  F 0   2.331e+06  -3e-05  0.99  5.0e-01  2.1e-05  6.6e-02  1.1e-01  2.0e-01  3.1e-03  2.0e-01
 640  F 0   2.331e+06  -3e-05  0.99  5.0e-01  1.1e-05  7.8e-02  1.2e-01  2.3e-01  2.6e-03  2.4e-01
 641  F 0   2.331e+06  -3e-05  0.99  5.0e-01  1.4e-05  9.0e-02  1.4e-01  2.2e-01  2.7e-03  2.2e-01
 642  F 0   2.331e+06  -3e-05  0.99  5.0e-01  1.2e-05  8.3e-02  1.3e-01  2.0e-01  2.8e-03  2.0e-01
 643  F 0   2.331e+06  -2e-05  0.99  5.0e-01  1.0e-05  5.9e-02  1.0e-01  2.1e-01  2.8e-03  2.2e-01
 644  F 0   2.331e+06  -9e-06  0.99  5.0e-01  9.9e-06  7.2e-02  1.1e-01  2.0e-01  2.6e-03  2.0e-01
 645  F 0   2.331e+06  -2e-05  0.99  5.0e-01  8.8e-06  7.4e-02  1.1e-01  2.0e-01  2.9e-03  2.1e-01
 646  F 0   2.331e+06  -1e-05  0.99  5.0e-01  7.8e-06  6.9e-02  1.2e-01  2.1e-01  3.7e-03  2.1e-01
 647  F 0   2.331e+06  -1e-05  0.99  5.0e-01  6.5e-06  7.3e-02  1.2e-01  2.4e-01  2.6e-03  2.5e-01
 648  F 0   2.331e+06  -1e-05  0.99  5.0e-01  7.0e-06  8.7e-02  1.4e-01  2.0e-01  2.8e-03  2.0e-01
 649  F 0   2.330e+06  -2e-05  0.99  5.0e-01  7.7e-06  9.4e-02  1.6e-01  2.0e-01  2.6e-03  2.1e-01
 650  F 0   2.330e+06  -2e-05  0.99  5.0e-01  6.4e-06  9.0e-02  1.6e-01  2.1e-01  2.6e-03  2.1e-01
 651  T 0   2.330e+06  -2e-05  0.99  5.0e-01  5.7e-06  5.8e-02  1.5e-01  2.3e-01  2.6e-03  2.3e-01
 652  T 0   2.330e+06  -2e-05  0.99  5.0e-01  6.1e-06  9.8e-02  1.9e-01  2.1e-01  3.0e-03  2.1e-01
 653  T 0   2.330e+06  -2e-05  0.99  5.0e-01  7.1e-06  9.0e-02  1.8e-01  2.2e-01  2.7e-03  2.2e-01
 654  F 0   2.330e+06  -5e-05  0.99  5.0e-01  2.5e-05  1.2e-01  2.5e-01  2.0e-01  3.0e-03  2.0e-01
 655  F 0   2.332e+06  -3e-04  0.99  5.0e-01  5.0e-05  5.0e-01  6.2e-01  2.4e-01  3.4e-03  2.4e-01
 656  F 0   2.340e+06  -2e-03  0.99  5.0e-01  1.1e-04  5.0e-01  1.1e+00  2.1e-01  3.3e-03  2.1e-01
 657  F 0   2.342e+06  -4e-03  0.98  5.0e-01  1.5e-04  5.0e-01  1.6e+00  2.0e-01  3.3e-03  2.0e-01
 658  F 0   2.339e+06  -3e-03  0.99  5.0e-01  1.1e-04  5.0e-01  1.3e+00  2.2e-01  3.4e-03  2.2e-01
 659  F 0   2.336e+06  -3e-03  0.98  5.0e-01  6.2e-05  5.0e-01  1.2e+00  2.3e-01  3.1e-03  2.3e-01
 660  F 0   2.334e+06  -1e-03  0.99  5.0e-01  2.8e-05  4.8e-01  8.1e-01  2.0e-01  2.7e-03  2.0e-01
 661  F 0   2.332e+06  -3e-04  0.99  5.0e-01  2.7e-05  3.2e-01  4.4e-01  2.0e-01  2.6e-03  2.0e-01
 662  F 0   2.332e+06  -4e-05  0.99  5.0e-01  2.8e-05  7.4e-02  1.2e-01  2.0e-01  2.6e-03  2.0e-01
 663  F 0   2.331e+06  -4e-05  0.99  5.0e-01  2.9e-05  9.9e-02  1.4e-01  2.6e-01  2.7e-03  2.6e-01
 664  F 0   2.331e+06  -3e-05  0.99  5.0e-01  1.4e-05  9.2e-02  1.3e-01  2.1e-01  2.7e-03  2.1e-01
 665  F 0   2.331e+06  -3e-05  0.99  5.0e-01  1.3e-05  8.7e-02  1.4e-01  2.4e-01  2.7e-03  2.4e-01
 666  F 0   2.331e+06  -2e-05  0.99  5.0e-01  1.1e-05  6.2e-02  9.6e-02  2.0e-01  3.0e-03  2.1e-01
 667  F 0   2.331e+06  -1e-05  0.99  5.0e-01  8.6e-06  3.9e-02  7.6e-02  2.0e-01  2.8e-03  2.1e-01
 668  F 0   2.331e+06  -1e-05  0.99  5.0e-01  7.6e-06  5.1e-02  9.2e-02  2.0e-01  2.8e-03  2.1e-01
 669  F 0   2.331e+06  -1e-05  0.99  5.0e-01  7.1e-06  5.7e-02  1.1e-01  2.5e-01  2.6e-03  2.6e-01
 670  F 0   2.331e+06  -2e-05  0.99  5.0e-01  8.1e-06  7.8e-02  1.4e-01  2.0e-01  2.7e-03  2.0e-01
 671  F 0   2.330e+06  -2e-05  0.99  5.0e-01  6.6e-06  9.5e-02  1.6e-01  2.0e-01  2.8e-03  2.1e-01
 672  F 0   2.330e+06  -2e-05  0.99  5.0e-01  6.2e-06  7.4e-02  1.1e-01  2.0e-01  2.8e-03  2.1e-01
 673  F 0   2.330e+06  -1e-05  0.99  5.0e-01  6.1e-06  6.4e-02  1.2e-01  2.4e-01  2.8e-03  2.4e-01
 674  F 0   2.330e+06  -1e-05  0.99  5.0e-01  6.0e-06  3.9e-02  9.2e-02  2.3e-01  2.7e-03  2.3e-01
 675  F 0   2.330e+06  -2e-05  0.99  5.0e-01  6.3e-06  5.3e-02  1.1e-01  2.2e-01  2.6e-03  2.2e-01
 676  F 0   2.330e+06  -2e-05  0.99  5.0e-01  6.5e-06  3.9e-02  9.9e-02  2.0e-01  2.9e-03  2.1e-01
 677  F 0   2.330e+06  -2e-05  0.99  5.0e-01  8.3e-06  7.6e-02  1.4e-01  2.0e-01  3.0e-03  2.0e-01
 678  T 0   2.330e+06  -2e-05  0.99  5.0e-01  6.1e-06  4.7e-02  9.4e-02  2.1e-01  3.1e-03  2.2e-01
 679  T 0   2.330e+06  -2e-05  0.99  5.0e-01  5.3e-06  4.7e-02  1.1e-01  2.0e-01  2.8e-03  2.0e-01
 680  T 0   2.330e+06  -4e-06  0.99  5.0e-01  4.4e-06  4.5e-02  8.1e-02  2.0e-01  2.7e-03  2.0e-01
 681  T 0   2.330e+06  -7e-06  0.99  5.0e-01  4.9e-06  4.8e-02  9.2e-02  2.0e-01  2.6e-03  2.0e-01
 682  T 0   2.330e+06  -7e-06  0.99  5.0e-01  4.8e-06  4.3e-02  8.7e-02  2.0e-01  2.6e-03  2.0e-01
 683  T 0   2.330e+06  -6e-06  0.99  5.0e-01  4.8e-06  4.2e-02  9.0e-02  2.1e-01  2.7e-03  2.1e-01
 684  T 0   2.330e+06  -6e-06  0.99  5.0e-01  4.6e-06  4.3e-02  8.7e-02  2.0e-01  2.8e-03  2.0e-01
 685  T 0   2.330e+06  -5e-06  0.99  5.0e-01  4.5e-06  4.9e-02  9.1e-02  2.5e-01  2.7e-03  2.6e-01
 686  T 0   2.330e+06  -5e-06  0.99  5.0e-01  4.8e-06  4.6e-02  8.4e-02  2.2e-01  2.7e-03  2.3e-01
 687  T 0   2.330e+06  -6e-06  0.99  5.0e-01  4.8e-06  5.6e-02  1.0e-01  2.2e-01  2.6e-03  2.2e-01
 688  T 0   2.330e+06  -6e-06  0.99  5.0e-01  6.1e-06  6.6e-02  1.0e-01  2.1e-01  3.1e-03  2.1e-01
 689  F 0   2.330e+06  -2e-05  0.99  5.0e-01  4.6e-06  1.3e-01  1.6e-01  2.0e-01  3.0e-03  2.1e-01
 690  T 0   2.330e+06  -2e-05  0.99  5.0e-01  8.9e-06  1.0e-01  1.4e-01  2.0e-01  3.1e-03  2.1e-01
 691  F 0   2.330e+06  -3e-05  0.99  5.0e-01  1.1e-05  1.2e-01  1.8e-01  2.0e-01  3.0e-03  2.0e-01
 692  F 0   2.330e+06  -6e-05  0.99  5.0e-01  1.2e-05  1.5e-01  2.1e-01  2.0e-01  3.0e-03  2.0e-01
 693  F 0   2.330e+06  -8e-05  0.99  5.0e-01  9.1e-06  1.2e-01  2.0e-01  2.0e-01  3.0e-03  2.0e-01
 694  T 0   2.330e+06  -2e-05  0.99  5.0e-01  5.0e-06  5.6e-02  8.8e-02  2.0e-01  3.1e-03  2.0e-01
 695  T 0   2.330e+06  -6e-06  0.99  5.0e-01  5.0e-06  3.7e-02  4.8e-02  2.0e-01  3.0e-03  2.1e-01
 696  T 0   2.330e+06  -2e-06  0.99  5.0e-01  4.9e-06  3.5e-02  4.0e-02  2.0e-01  2.6e-03  2.0e-01
 697  T 0   2.330e+06  -8e-06  0.99  5.0e-01  5.0e-06  3.8e-02  4.3e-02  2.0e-01  2.2e-03  2.0e-01
 698  T 0   2.330e+06  -2e-06  0.99  5.0e-01  5.1e-06  3.8e-02  4.4e-02  2.0e-01  1.9e-03  2.0e-01
 699  T 0   2.330e+06  -1e-05  0.99  5.0e-01  5.2e-06  4.1e-02  4.7e-02  2.0e-01  2.2e-03  2.0e-01
 700  T 0   2.330e+06  -9e-06  0.99  5.0e-01  5.2e-06  4.1e-02  4.8e-02  2.0e-01  1.9e-03  2.0e-01
 701  T 0   2.330e+06  -1e-05  0.99  5.0e-01  5.3e-06  3.6e-02  4.4e-02  2.1e-01  2.4e-03  2.1e-01
 702  T 0   2.330e+06  -2e-06  0.99  5.0e-01  5.4e-06  9.6e-03  2.2e-02  2.6e-01  2.6e-03  2.7e-01
Termination on Convergence criteria
Total number of system evaluations: 703
