   k  l     Obj        Vio     Bou   ML       |KKT|    |dX|     ||dX||   T_s      T_o      T_t
   0  T 0   5.153e-01   0e+00  0.00  1.0e-01  6.6e+02  1.0e+00  1.0e+00  4.6e-01  0.0e+00  0.0e+00
   1  T 0   3.597e-01   0e+00  0.00  1.0e-01  3.6e-02  1.0e-01  8.5e+00  2.2e-01  2.4e-02  2.5e-01
   2  T 0   2.592e-01   0e+00  0.00  1.0e-01  2.1e-02  1.0e-01  8.5e+00  2.3e-01  1.3e-03  2.3e-01
   3  T 0   1.953e-01   0e+00  0.00  1.0e-01  1.3e-02  1.0e-01  8.5e+00  2.3e-01  1.3e-03  2.3e-01
   4  T 0   1.511e-01   0e+00  0.26  1.0e-01  1.6e-04  1.0e-01  8.5e+00  2.2e-01  1.3e-03  2.2e-01
   5  T 0   1.302e-01   0e+00  0.24  1.0e-01  1.4e-04  1.0e-01  7.4e+00  2.4e-01  1.4e-03  2.4e-01
   6  T 0   1.144e-01   0e+00  0.29  1.0e-01  1.4e-04  1.0e-01  6.4e+00  2.5e-01  1.3e-03  2.5e-01
   7  T 0   1.011e-01   0e+00  0.26  1.0e-01  1.4e-04  1.0e-01  5.9e+00  2.5e-01  2.4e-03  2.6e-01
   8  T 0   9.135e-02   0e+00  0.25  1.0e-01  1.4e-04  1.0e-01  5.4e+00  2.3e-01  2.6e-03  2.4e-01
   9  T 0   8.279e-02   0e+00  0.24  1.0e-01  1.5e-04  1.0e-01  5.3e+00  2.1e-01  1.3e-03  2.2e-01
  10  T 0   7.608e-02   0e+00  0.22  1.0e-01  1.4e-04  1.0e-01  4.9e+00  2.5e-01  1.3e-03  2.5e-01
  11  T 0   6.994e-02   0e+00  0.23  1.0e-01  1.5e-04  1.0e-01  4.8e+00  2.0e-01  1.2e-03  2.0e-01
  12  T 0   6.497e-02   0e+00  0.47  1.0e-01  1.4e-04  1.0e-01  4.5e+00  2.3e-01  1.3e-03  2.3e-01
  13  T 0   6.044e-02   0e+00  0.48  1.0e-01  1.5e-04  1.0e-01  4.4e+00  2.4e-01  5.0e-02  2.9e-01
  14  T 0   5.666e-02   0e+00  0.58  1.0e-01  1.3e-04  1.0e-01  4.1e+00  3.0e-01  2.6e-03  3.0e-01
  15  T 0   5.337e-02   0e+00  0.59  1.0e-01  1.5e-04  1.0e-01  4.0e+00  2.7e-01  1.5e-02  2.9e-01
  16  T 0   5.078e-02   0e+00  0.65  1.0e-01  1.4e-04  1.0e-01  3.7e+00  2.3e-01  8.1e-03  2.4e-01
  17  T 0   4.845e-02   0e+00  0.66  1.0e-01  1.6e-04  1.0e-01  3.6e+00  1.9e-01  1.3e-03  1.9e-01
  18  T 0   4.672e-02   0e+00  0.71  1.0e-01  1.4e-04  1.0e-01  3.3e+00  2.0e-01  1.3e-03  2.0e-01
  19  T 0   4.508e-02   0e+00  0.72  1.0e-01  1.7e-04  1.0e-01  3.2e+00  2.1e-01  1.3e-03  2.1e-01
  20  T 0   4.391e-02   0e+00  0.76  1.0e-01  1.5e-04  1.0e-01  3.1e+00  2.3e-01  5.4e-03  2.4e-01
  21  T 0   4.280e-02   0e+00  0.77  1.0e-01  1.7e-04  1.0e-01  3.0e+00  2.6e-01  2.5e-03  2.6e-01
  22  T 0   4.229e-02   0e+00  0.80  1.0e-01  1.3e-04  1.0e-01  3.0e+00  2.7e-01  1.3e-03  2.7e-01
  23  T 0   4.167e-02   0e+00  0.82  1.0e-01  1.6e-04  1.0e-01  3.0e+00  2.1e-01  1.3e-03  2.1e-01
  24  F 0   4.163e-02   0e+00  0.82  1.0e-01  1.4e-04  1.0e-01  3.1e+00  2.1e-01  1.3e-03  2.1e-01
  25  F 0   4.126e-02   0e+00  0.85  1.0e-01  1.7e-04  1.0e-01  3.1e+00  3.3e-01  1.3e-03  3.3e-01
  26  F 0   4.126e-02   0e+00  0.85  1.0e-01  1.7e-04  0.0e+00  0.0e+00  2.6e-01  1.1e-02  2.7e-01
  26  F 1   4.126e-02   0e+00  0.85  1.0e-01  1.7e-04  0.0e+00  0.0e+00  3.2e-01  3.6e-03  3.2e-01
  26  F 2   4.105e-02   0e+00  0.83  1.0e-01  1.4e-04  1.0e-01  2.7e+00  2.2e-01  1.2e-03  2.2e-01
  27  F 0   4.105e-02   0e+00  0.83  1.0e-01  1.4e-04  0.0e+00  0.0e+00  2.6e-01  8.7e-03  2.7e-01
  27  F 1   4.103e-02   0e+00  0.85  1.0e-01  1.9e-04  1.0e-01  2.9e+00  2.6e-01  1.3e-03  2.7e-01
  28  F 0   4.103e-02   0e+00  0.85  1.0e-01  1.9e-04  0.0e+00  0.0e+00  5.2e-01  1.3e-02  5.3e-01
  28  F 1   4.090e-02   0e+00  0.84  1.0e-01  1.4e-04  1.0e-01  2.9e+00  2.9e-01  1.4e-03  2.9e-01
  29  F 0   4.090e-02   0e+00  0.84  1.0e-01  1.4e-04  0.0e+00  0.0e+00  3.3e-01  3.5e-03  3.4e-01
  29  F 1   4.090e-02   0e+00  0.84  1.0e-01  1.4e-04  0.0e+00  0.0e+00  3.2e-01  4.3e-03  3.2e-01
  29  F 2   4.077e-02   0e+00  0.86  1.0e-01  1.8e-04  1.0e-01  2.7e+00  3.5e-01  2.9e-03  3.5e-01
  30  F 0   4.077e-02   0e+00  0.86  1.0e-01  1.8e-04  0.0e+00  0.0e+00  2.6e-01  2.2e-03  2.6e-01
  30  F 1   4.077e-02   0e+00  0.86  1.0e-01  1.8e-04  0.0e+00  0.0e+00  3.2e-01  2.8e-03  3.2e-01
  30  F 2   4.074e-02   0e+00  0.85  1.0e-01  1.4e-04  1.0e-01  2.6e+00  2.6e-01  1.4e-03  2.6e-01
  31  F 0   4.074e-02   0e+00  0.85  1.0e-01  1.4e-04  0.0e+00  0.0e+00  2.7e-01  1.7e-03  2.7e-01
  31  F 1   4.074e-02   0e+00  0.85  1.0e-01  1.4e-04  0.0e+00  0.0e+00  3.5e-01  8.6e-03  3.6e-01
  31  F 2   4.067e-02   0e+00  0.86  1.0e-01  1.8e-04  1.0e-01  2.6e+00  5.1e-01  1.7e-03  5.2e-01
  32  F 0   4.067e-02   0e+00  0.86  1.0e-01  1.8e-04  0.0e+00  0.0e+00  2.8e-01  5.0e-03  2.9e-01
  32  F 1   4.067e-02   0e+00  0.86  1.0e-01  1.8e-04  0.0e+00  0.0e+00  2.6e-01  8.6e-03  2.7e-01
  32  F 2   4.066e-02   0e+00  0.85  1.0e-01  1.3e-04  1.0e-01  2.6e+00  2.4e-01  1.4e-03  2.5e-01
  33  F 0   4.066e-02   0e+00  0.85  1.0e-01  1.3e-04  0.0e+00  0.0e+00  2.7e-01  1.7e-03  2.7e-01
  33  F 1   4.066e-02   0e+00  0.85  1.0e-01  1.3e-04  0.0e+00  0.0e+00  2.5e-01  1.7e-03  2.5e-01
  33  F 2   4.060e-02   0e+00  0.87  1.0e-01  1.7e-04  1.0e-01  2.6e+00  2.5e-01  1.4e-03  2.5e-01
  34  F 0   4.060e-02   0e+00  0.87  1.0e-01  1.7e-04  0.0e+00  0.0e+00  2.5e-01  1.7e-03  2.5e-01
  34  F 1   4.060e-02   0e+00  0.87  1.0e-01  1.7e-04  0.0e+00  0.0e+00  2.6e-01  1.3e-03  2.6e-01
  34  F 2   4.058e-02   0e+00  0.85  1.0e-01  1.3e-04  1.0e-01  2.6e+00  2.7e-01  1.4e-03  2.7e-01
  35  F 0   4.058e-02   0e+00  0.85  1.0e-01  1.3e-04  0.0e+00  0.0e+00  2.6e-01  1.9e-03  2.6e-01
  35  F 1   4.058e-02   0e+00  0.85  1.0e-01  1.3e-04  0.0e+00  0.0e+00  2.6e-01  1.3e-03  2.6e-01
  35  F 2   4.054e-02   0e+00  0.87  1.0e-01  1.7e-04  1.0e-01  2.6e+00  2.7e-01  1.3e-03  2.7e-01
  36  F 0   4.054e-02   0e+00  0.87  1.0e-01  1.7e-04  0.0e+00  0.0e+00  2.6e-01  8.6e-03  2.7e-01
  36  F 1   4.054e-02   0e+00  0.87  1.0e-01  1.7e-04  0.0e+00  0.0e+00  2.5e-01  1.4e-03  2.5e-01
  36  F 2   4.051e-02   0e+00  0.85  1.0e-01  1.3e-04  1.0e-01  2.6e+00  2.5e-01  1.4e-03  2.5e-01
  37  F 0   4.051e-02   0e+00  0.85  1.0e-01  1.3e-04  0.0e+00  0.0e+00  2.7e-01  1.8e-03  2.7e-01
  37  F 1   4.051e-02   0e+00  0.85  1.0e-01  1.3e-04  0.0e+00  0.0e+00  2.5e-01  1.3e-03  2.5e-01
  37  F 2   4.048e-02   0e+00  0.88  1.0e-01  1.8e-04  1.0e-01  2.6e+00  2.5e-01  8.6e-03  2.6e-01
  38  F 0   4.048e-02   0e+00  0.88  1.0e-01  1.8e-04  0.0e+00  0.0e+00  2.5e-01  1.7e-03  2.5e-01
  38  F 1   4.048e-02   0e+00  0.88  1.0e-01  1.8e-04  0.0e+00  0.0e+00  2.5e-01  1.3e-03  2.5e-01
  38  F 2   4.043e-02   0e+00  0.86  1.0e-01  1.3e-04  1.0e-01  2.6e+00  2.6e-01  1.5e-03  2.6e-01
  39  F 0   4.043e-02   0e+00  0.86  1.0e-01  1.3e-04  0.0e+00  0.0e+00  2.7e-01  1.7e-03  2.7e-01
  39  F 1   4.043e-02   0e+00  0.86  1.0e-01  1.3e-04  0.0e+00  0.0e+00  2.7e-01  1.4e-03  2.7e-01
  39  F 2   4.043e-02   0e+00  0.88  1.0e-01  1.8e-04  1.0e-01  2.6e+00  2.8e-01  8.7e-03  2.9e-01
  40  F 0   4.043e-02   0e+00  0.88  1.0e-01  1.8e-04  0.0e+00  0.0e+00  2.7e-01  8.5e-03  2.7e-01
  40  F 1   4.043e-02   0e+00  0.88  1.0e-01  1.8e-04  0.0e+00  0.0e+00  2.6e-01  1.7e-03  2.6e-01
  40  F 2   4.037e-02   0e+00  0.86  1.0e-01  1.3e-04  1.0e-01  2.6e+00  2.9e-01  1.4e-03  2.9e-01
  41  F 0   4.037e-02   0e+00  0.86  1.0e-01  1.3e-04  0.0e+00  0.0e+00  2.6e-01  1.7e-03  2.6e-01
  41  F 1   4.037e-02   0e+00  0.86  1.0e-01  1.3e-04  0.0e+00  0.0e+00  2.6e-01  8.7e-03  2.7e-01
  41  F 2   4.037e-02   0e+00  0.86  1.0e-01  1.3e-04  0.0e+00  0.0e+00  2.7e-01  1.3e-03  2.7e-01
  41  T 3   3.987e-02   0e+00  0.84  1.0e-01  1.5e-04  6.2e-02  1.5e+00  2.9e-01  1.4e-03  2.9e-01
  42  T 0   3.915e-02   0e+00  0.89  1.0e-01  1.1e-04  1.0e-01  2.5e+00  3.1e-01  5.3e-03  3.2e-01
  43  T 0   3.868e-02   0e+00  0.89  1.0e-01  1.5e-04  1.0e-01  2.4e+00  2.8e-01  1.8e-03  2.8e-01
  44  F 0   3.868e-02   0e+00  0.89  1.0e-01  1.5e-04  0.0e+00  0.0e+00  2.9e-01  3.4e-03  2.9e-01
  44  F 1   3.868e-02   0e+00  0.89  1.0e-01  1.5e-04  0.0e+00  0.0e+00  2.8e-01  2.9e-03  2.8e-01
  44  F 2   3.868e-02   0e+00  0.89  1.0e-01  1.5e-04  0.0e+00  0.0e+00  3.0e-01  4.6e-03  3.0e-01
  44  T 3   3.844e-02   0e+00  0.87  1.0e-01  1.0e-04  1.0e-01  1.1e+00  2.9e-01  2.6e-03  2.9e-01
  45  T 0   3.807e-02   0e+00  0.90  1.0e-01  1.2e-04  1.0e-01  2.2e+00  2.7e-01  3.3e-03  2.8e-01
  46  F 0   3.807e-02   0e+00  0.90  1.0e-01  1.2e-04  0.0e+00  0.0e+00  2.9e-01  9.8e-03  3.0e-01
  46  F 1   3.807e-02   0e+00  0.90  1.0e-01  1.2e-04  0.0e+00  0.0e+00  2.7e-01  3.0e-02  3.0e-01
  46  F 2   3.801e-02   0e+00  0.89  1.0e-01  1.0e-04  1.0e-01  1.5e+00  2.7e-01  2.9e-03  2.8e-01
  47  F 0   3.801e-02   0e+00  0.89  1.0e-01  1.0e-04  0.0e+00  0.0e+00  2.9e-01  3.3e-03  2.9e-01
  47  F 1   3.801e-02   0e+00  0.89  1.0e-01  1.0e-04  0.0e+00  0.0e+00  2.7e-01  2.9e-03  2.8e-01
  47  F 2   3.801e-02   0e+00  0.89  1.0e-01  1.0e-04  0.0e+00  0.0e+00  3.7e-01  2.9e-03  3.8e-01
  47  T 3   3.785e-02   0e+00  0.89  1.0e-01  9.1e-05  1.0e-01  9.7e-01  2.8e-01  9.9e-03  2.9e-01
  48  F 0   3.779e-02   0e+00  0.91  1.0e-01  1.1e-04  1.0e-01  1.8e+00  2.8e-01  3.9e-03  2.8e-01
  49  F 0   3.779e-02   0e+00  0.91  1.0e-01  1.1e-04  0.0e+00  0.0e+00  3.1e-01  2.6e-03  3.1e-01
  49  F 1   3.779e-02   0e+00  0.91  1.0e-01  1.1e-04  0.0e+00  0.0e+00  3.0e-01  2.2e-03  3.0e-01
  49  F 2   3.779e-02   0e+00  0.91  1.0e-01  1.1e-04  0.0e+00  0.0e+00  3.2e-01  2.8e-03  3.3e-01
  49  T 3   3.756e-02   0e+00  0.89  1.0e-01  8.2e-05  1.0e-01  9.8e-01  3.1e-01  9.7e-03  3.2e-01
  50  T 0   3.717e-02   4e-08  0.92  1.0e-01  7.7e-05  1.0e-01  1.6e+00  3.0e-01  3.3e-03  3.0e-01
  51  T 0   3.698e-02   0e+00  0.92  1.0e-01  8.0e-05  1.0e-01  1.5e+00  3.1e-01  2.9e-03  3.2e-01
  52  T 0   3.685e-02   0e+00  0.92  1.0e-01  7.5e-05  1.0e-01  1.2e+00  3.1e-01  5.5e-03  3.2e-01
  53  T 0   3.674e-02   4e-07  0.93  1.0e-01  7.8e-05  1.0e-01  1.2e+00  2.7e-01  2.6e-03  2.7e-01
  54  T 0   3.667e-02   1e-07  0.93  1.0e-01  7.4e-05  1.0e-01  1.1e+00  2.8e-01  2.6e-03  2.8e-01
  55  F 0   3.667e-02   1e-07  0.93  1.0e-01  7.4e-05  0.0e+00  0.0e+00  4.9e-01  2.6e-03  5.0e-01
  55  F 1   3.667e-02   1e-07  0.93  1.0e-01  7.4e-05  0.0e+00  0.0e+00  3.4e-01  2.1e-02  3.6e-01
  55  T 2   3.663e-02   0e+00  0.93  1.0e-01  7.5e-05  1.0e-01  7.1e-01  3.0e-01  4.8e-03  3.0e-01
  56  F 0   3.663e-02   0e+00  0.93  1.0e-01  7.5e-05  0.0e+00  0.0e+00  2.9e-01  2.9e-03  2.9e-01
  56  F 1   3.663e-02   0e+00  0.93  1.0e-01  7.5e-05  0.0e+00  0.0e+00  2.9e-01  2.6e-03  2.9e-01
  56  F 2   3.663e-02   0e+00  0.93  1.0e-01  7.5e-05  0.0e+00  0.0e+00  2.8e-01  2.9e-03  2.8e-01
  56  F 3   3.663e-02   0e+00  0.93  1.0e-01  7.5e-05  0.0e+00  0.0e+00  3.0e-01  3.2e-03  3.0e-01
  56  T 4   3.662e-02   0e+00  0.91  1.0e-01  8.1e-05  1.0e-01  5.5e-01  2.7e-01  3.7e-03  2.8e-01
  57  F 0   3.660e-02   0e+00  0.93  1.0e-01  7.3e-05  1.0e-01  1.1e+00  3.8e-01  1.4e-02  4.0e-01
  58  F 0   3.660e-02   0e+00  0.93  1.0e-01  7.3e-05  0.0e+00  0.0e+00  3.0e-01  3.0e-03  3.0e-01
  58  F 1   3.660e-02   0e+00  0.93  1.0e-01  7.3e-05  0.0e+00  0.0e+00  2.8e-01  1.8e-03  2.8e-01
  58  F 2   3.659e-02   0e+00  0.92  1.0e-01  7.7e-05  1.0e-01  1.1e+00  2.9e-01  2.6e-03  2.9e-01
  59  F 0   3.659e-02   0e+00  0.92  1.0e-01  7.7e-05  0.0e+00  0.0e+00  2.9e-01  3.5e-03  2.9e-01
  59  F 1   3.659e-02   0e+00  0.92  1.0e-01  7.7e-05  0.0e+00  0.0e+00  2.7e-01  2.6e-03  2.7e-01
  59  F 2   3.659e-02   0e+00  0.92  1.0e-01  7.7e-05  0.0e+00  0.0e+00  3.0e-01  2.2e-03  3.0e-01
  59  T 3   3.654e-02   0e+00  0.91  1.0e-01  7.7e-05  1.0e-01  8.9e-01  3.3e-01  4.5e-02  3.8e-01
  60  F 0   3.654e-02   0e+00  0.91  1.0e-01  7.7e-05  0.0e+00  0.0e+00  2.8e-01  3.1e-03  2.8e-01
  60  F 1   3.654e-02   0e+00  0.91  1.0e-01  7.7e-05  0.0e+00  0.0e+00  2.8e-01  3.1e-03  2.9e-01
  60  F 2   3.654e-02   0e+00  0.91  1.0e-01  7.7e-05  0.0e+00  0.0e+00  3.0e-01  2.3e-03  3.0e-01
  60  F 3   3.654e-02   0e+00  0.91  1.0e-01  7.7e-05  0.0e+00  0.0e+00  3.3e-01  2.7e-03  3.3e-01
  60  T 4   3.651e-02   0e+00  0.91  1.0e-01  8.0e-05  1.0e-01  5.2e-01  2.7e-01  2.9e-03  2.7e-01
  61  T 0   3.646e-02   0e+00  0.94  1.0e-01  7.4e-05  1.0e-01  1.1e+00  2.7e-01  3.4e-03  2.7e-01
  62  F 0   3.646e-02   0e+00  0.94  1.0e-01  7.4e-05  0.0e+00  0.0e+00  2.7e-01  3.0e-03  2.8e-01
  62  F 1   3.646e-02   0e+00  0.94  1.0e-01  7.4e-05  0.0e+00  0.0e+00  2.7e-01  2.3e-03  2.7e-01
  62  F 2   3.646e-02   0e+00  0.93  1.0e-01  7.6e-05  1.0e-01  1.0e+00  2.8e-01  2.7e-03  2.9e-01
  63  F 0   3.646e-02   0e+00  0.93  1.0e-01  7.6e-05  0.0e+00  0.0e+00  3.0e-01  3.1e-02  3.3e-01
  63  F 1   3.646e-02   0e+00  0.93  1.0e-01  7.6e-05  0.0e+00  0.0e+00  2.7e-01  3.0e-03  2.8e-01
  63  F 2   3.646e-02   0e+00  0.93  1.0e-01  7.6e-05  0.0e+00  0.0e+00  3.2e-01  2.2e-03  3.2e-01
  63  T 3   3.640e-02   0e+00  0.92  1.0e-01  7.7e-05  1.0e-01  8.3e-01  2.8e-01  5.8e-03  2.9e-01
  64  F 0   3.640e-02   0e+00  0.92  1.0e-01  7.7e-05  0.0e+00  0.0e+00  3.0e-01  3.0e-03  3.0e-01
  64  F 1   3.640e-02   0e+00  0.92  1.0e-01  7.7e-05  0.0e+00  0.0e+00  2.7e-01  3.0e-03  2.7e-01
  64  F 2   3.640e-02   0e+00  0.92  1.0e-01  7.7e-05  0.0e+00  0.0e+00  3.1e-01  2.3e-03  3.1e-01
  64  F 3   3.639e-02   0e+00  0.92  1.0e-01  7.8e-05  1.0e-01  7.2e-01  3.0e-01  2.6e-03  3.1e-01
  65  F 0   3.639e-02   0e+00  0.92  1.0e-01  7.8e-05  0.0e+00  0.0e+00  3.2e-01  3.5e-03  3.2e-01
  65  F 1   3.639e-02   0e+00  0.92  1.0e-01  7.8e-05  0.0e+00  0.0e+00  3.2e-01  3.4e-03  3.2e-01
  65  F 2   3.639e-02   0e+00  0.92  1.0e-01  7.8e-05  0.0e+00  0.0e+00  3.5e-01  5.9e-03  3.6e-01
  65  F 3   3.637e-02   2e-07  0.92  1.0e-01  7.6e-05  1.0e-01  7.3e-01  2.7e-01  2.2e-03  2.7e-01
  66  F 0   3.637e-02   2e-07  0.92  1.0e-01  7.6e-05  0.0e+00  0.0e+00  3.0e-01  3.1e-03  3.0e-01
  66  F 1   3.637e-02   2e-07  0.92  1.0e-01  7.6e-05  0.0e+00  0.0e+00  3.0e-01  3.0e-03  3.0e-01
  66  F 2   3.637e-02   2e-07  0.92  1.0e-01  7.6e-05  0.0e+00  0.0e+00  2.8e-01  3.0e-03  2.8e-01
  66  F 3   3.637e-02   2e-07  0.92  1.0e-01  7.6e-05  0.0e+00  0.0e+00  3.2e-01  2.6e-03  3.2e-01
  66  T 4   3.636e-02   0e+00  0.92  1.0e-01  7.9e-05  1.0e-01  5.5e-01  3.3e-01  7.6e-03  3.3e-01
  67  F 0   3.636e-02   0e+00  0.92  1.0e-01  7.9e-05  0.0e+00  0.0e+00  3.1e-01  6.8e-03  3.2e-01
  67  F 1   3.636e-02   0e+00  0.92  1.0e-01  7.9e-05  0.0e+00  0.0e+00  3.2e-01  7.4e-03  3.3e-01
  67  T 2   3.629e-02   0e+00  0.93  1.0e-01  7.6e-05  1.0e-01  7.9e-01  3.8e-01  3.3e-03  3.8e-01
  68  F 0   3.629e-02   0e+00  0.93  1.0e-01  7.6e-05  0.0e+00  0.0e+00  3.2e-01  3.6e-03  3.3e-01
  68  F 1   3.629e-02   0e+00  0.93  1.0e-01  7.6e-05  0.0e+00  0.0e+00  2.7e-01  2.7e-03  2.7e-01
  68  F 2   3.629e-02   0e+00  0.93  1.0e-01  7.6e-05  0.0e+00  0.0e+00  3.5e-01  2.6e-03  3.5e-01
  68  F 3   3.629e-02   0e+00  0.93  1.0e-01  7.6e-05  0.0e+00  0.0e+00  3.1e-01  1.4e-02  3.2e-01
  68  T 4   3.628e-02   0e+00  0.92  1.0e-01  7.9e-05  1.0e-01  4.9e-01  2.8e-01  3.0e-03  2.8e-01
  69  T 0   3.621e-02   4e-07  0.95  1.0e-01  7.5e-05  1.0e-01  1.1e+00  2.7e-01  4.5e-03  2.8e-01
  70  F 0   3.621e-02   4e-07  0.95  1.0e-01  7.5e-05  0.0e+00  0.0e+00  5.5e-01  2.6e-03  5.6e-01
  70  F 1   3.621e-02   4e-07  0.95  1.0e-01  7.5e-05  0.0e+00  0.0e+00  3.3e-01  4.9e-03  3.4e-01
  70  F 2   3.621e-02   4e-07  0.95  1.0e-01  7.5e-05  0.0e+00  0.0e+00  2.8e-01  2.9e-03  2.8e-01
  70  T 3   3.618e-02   0e+00  0.93  1.0e-01  7.8e-05  1.0e-01  6.9e-01  2.8e-01  6.7e-03  2.8e-01
  71  F 0   3.618e-02   0e+00  0.93  1.0e-01  7.8e-05  0.0e+00  0.0e+00  3.1e-01  3.3e-03  3.2e-01
  71  F 1   3.618e-02   0e+00  0.93  1.0e-01  7.8e-05  0.0e+00  0.0e+00  2.8e-01  3.3e-03  2.8e-01
  71  F 2   3.617e-02   0e+00  0.94  1.0e-01  7.4e-05  1.0e-01  7.5e-01  2.7e-01  3.0e-03  2.8e-01
  72  F 0   3.617e-02   0e+00  0.94  1.0e-01  7.4e-05  0.0e+00  0.0e+00  2.7e-01  3.0e-03  2.7e-01
  72  F 1   3.617e-02   0e+00  0.94  1.0e-01  7.4e-05  0.0e+00  0.0e+00  2.7e-01  2.2e-03  2.8e-01
  72  F 2   3.617e-02   0e+00  0.94  1.0e-01  7.4e-05  0.0e+00  0.0e+00  3.0e-01  2.8e-03  3.0e-01
  72  F 3   3.616e-02   0e+00  0.93  1.0e-01  7.7e-05  1.0e-01  7.5e-01  2.7e-01  3.1e-03  2.7e-01
  73  F 0   3.616e-02   0e+00  0.93  1.0e-01  7.7e-05  0.0e+00  0.0e+00  2.7e-01  4.3e-03  2.7e-01
  73  F 1   3.616e-02   0e+00  0.93  1.0e-01  7.7e-05  0.0e+00  0.0e+00  2.8e-01  3.5e-03  2.9e-01
  73  F 2   3.615e-02   0e+00  0.94  1.0e-01  7.3e-05  1.0e-01  8.0e-01  3.0e-01  3.3e-03  3.1e-01
  74  F 0   3.615e-02   0e+00  0.94  1.0e-01  7.3e-05  0.0e+00  0.0e+00  4.0e-01  2.9e-03  4.0e-01
  74  F 1   3.615e-02   0e+00  0.94  1.0e-01  7.3e-05  0.0e+00  0.0e+00  3.1e-01  2.2e-03  3.1e-01
  74  F 2   3.615e-02   0e+00  0.94  1.0e-01  7.3e-05  0.0e+00  0.0e+00  3.0e-01  4.4e-03  3.0e-01
  74  T 3   3.613e-02   0e+00  0.93  1.0e-01  7.7e-05  1.0e-01  7.7e-01  3.1e-01  2.6e-03  3.2e-01
  75  F 0   3.613e-02   0e+00  0.93  1.0e-01  7.7e-05  0.0e+00  0.0e+00  3.7e-01  6.9e-03  3.7e-01
  75  F 1   3.613e-02   0e+00  0.93  1.0e-01  7.7e-05  0.0e+00  0.0e+00  3.7e-01  6.8e-03  3.7e-01
  75  F 2   3.613e-02   0e+00  0.94  1.0e-01  5.3e-05  1.0e-01  8.4e-01  2.8e-01  7.8e-03  2.9e-01
  76  F 0   3.613e-02   0e+00  0.94  1.0e-01  5.3e-05  0.0e+00  0.0e+00  3.2e-01  6.0e-03  3.2e-01
  76  F 1   3.613e-02   0e+00  0.94  1.0e-01  5.3e-05  0.0e+00  0.0e+00  2.8e-01  2.6e-03  2.8e-01
  76  F 2   3.613e-02   0e+00  0.94  1.0e-01  5.3e-05  0.0e+00  0.0e+00  2.8e-01  2.2e-03  2.8e-01
  76  F 3   3.611e-02   0e+00  0.93  1.0e-01  4.2e-05  1.0e-01  8.1e-01  2.9e-01  2.5e-03  2.9e-01
  77  F 0   3.611e-02   0e+00  0.93  1.0e-01  4.2e-05  0.0e+00  0.0e+00  3.1e-01  4.2e-03  3.2e-01
  77  F 1   3.611e-02   0e+00  0.93  1.0e-01  4.2e-05  0.0e+00  0.0e+00  3.9e-01  7.0e-03  4.0e-01
  77  F 2   3.611e-02   0e+00  0.93  1.0e-01  4.2e-05  0.0e+00  0.0e+00  3.2e-01  7.0e-03  3.3e-01
  77  F 3   3.611e-02   0e+00  0.93  1.0e-01  4.2e-05  0.0e+00  0.0e+00  3.0e-01  2.2e-03  3.0e-01
  77  T 4   3.606e-02   0e+00  0.92  1.0e-01  4.6e-05  1.0e-01  5.0e-01  3.0e-01  6.9e-03  3.1e-01
  78  F 0   3.606e-02   0e+00  0.92  1.0e-01  4.6e-05  0.0e+00  0.0e+00  5.3e-01  3.3e-03  5.4e-01
  78  F 1   3.606e-02   0e+00  0.92  1.0e-01  4.6e-05  0.0e+00  0.0e+00  2.9e-01  5.6e-03  3.0e-01
  78  T 2   3.603e-02   0e+00  0.94  1.0e-01  4.6e-05  1.0e-01  8.5e-01  3.0e-01  3.0e-03  3.0e-01
  79  F 0   3.603e-02   0e+00  0.94  1.0e-01  4.6e-05  0.0e+00  0.0e+00  3.2e-01  6.3e-03  3.3e-01
  79  F 1   3.603e-02   0e+00  0.94  1.0e-01  4.6e-05  0.0e+00  0.0e+00  3.4e-01  3.4e-03  3.5e-01
  79  F 2   3.603e-02   0e+00  0.94  1.0e-01  4.6e-05  0.0e+00  0.0e+00  3.1e-01  2.7e-03  3.2e-01
  79  F 3   3.603e-02   0e+00  0.94  1.0e-01  4.6e-05  0.0e+00  0.0e+00  2.8e-01  2.7e-03  2.8e-01
  79  T 4   3.601e-02   0e+00  0.92  1.0e-01  4.5e-05  1.0e-01  5.6e-01  3.1e-01  3.0e-03  3.1e-01
  80  F 0   3.601e-02   0e+00  0.92  1.0e-01  4.5e-05  0.0e+00  0.0e+00  3.4e-01  1.7e-02  3.5e-01
  80  T 1   3.594e-02   0e+00  0.95  1.0e-01  3.8e-05  1.0e-01  9.8e-01  2.8e-01  3.3e-03  2.8e-01
  81  F 0   3.594e-02   0e+00  0.95  1.0e-01  3.8e-05  0.0e+00  0.0e+00  2.8e-01  2.6e-03  2.8e-01
  81  F 1   3.594e-02   0e+00  0.95  1.0e-01  3.8e-05  0.0e+00  0.0e+00  3.7e-01  5.8e-03  3.8e-01
  81  T 2   3.592e-02   0e+00  0.94  1.0e-01  4.2e-05  1.0e-01  7.5e-01  2.9e-01  2.2e-03  2.9e-01
  82  F 0   3.592e-02   0e+00  0.94  1.0e-01  4.2e-05  0.0e+00  0.0e+00  2.9e-01  2.9e-03  2.9e-01
  82  F 1   3.592e-02   0e+00  0.94  1.0e-01  4.2e-05  0.0e+00  0.0e+00  2.7e-01  2.2e-03  2.8e-01
  82  F 2   3.592e-02   0e+00  0.94  1.0e-01  4.2e-05  0.0e+00  0.0e+00  5.2e-01  2.6e-03  5.2e-01
  82  T 3   3.591e-02   0e+00  0.94  1.0e-01  4.0e-05  1.0e-01  6.9e-01  3.4e-01  3.0e-03  3.4e-01
  83  F 0   3.591e-02   0e+00  0.94  1.0e-01  4.0e-05  0.0e+00  0.0e+00  2.9e-01  2.1e-02  3.1e-01
  83  F 1   3.591e-02   0e+00  0.94  1.0e-01  4.0e-05  0.0e+00  0.0e+00  3.3e-01  2.2e-02  3.5e-01
  83  F 2   3.591e-02   0e+00  0.94  1.0e-01  4.0e-05  0.0e+00  0.0e+00  3.0e-01  2.9e-03  3.1e-01
  83  T 3   3.588e-02   2e-07  0.94  1.0e-01  4.3e-05  1.0e-01  5.7e-01  2.8e-01  2.5e-03  2.9e-01
  84  F 0   3.588e-02   2e-07  0.94  1.0e-01  4.3e-05  0.0e+00  0.0e+00  2.8e-01  3.3e-03  2.8e-01
  84  F 1   3.588e-02   2e-07  0.94  1.0e-01  4.3e-05  0.0e+00  0.0e+00  2.8e-01  2.6e-03  2.9e-01
  84  F 2   3.588e-02   2e-07  0.94  1.0e-01  4.3e-05  0.0e+00  0.0e+00  2.9e-01  3.0e-03  2.9e-01
  84  F 3   3.588e-02   2e-07  0.94  1.0e-01  4.3e-05  0.0e+00  0.0e+00  2.7e-01  3.8e-03  2.7e-01
  84  T 4   3.587e-02   0e+00  0.94  1.0e-01  4.1e-05  1.0e-01  4.2e-01  3.0e-01  2.9e-03  3.0e-01
  85  T 0   3.584e-02   0e+00  0.95  1.0e-01  4.2e-05  1.0e-01  1.2e+00  3.0e-01  4.3e-03  3.0e-01
  86  F 0   3.584e-02   0e+00  0.95  1.0e-01  4.2e-05  0.0e+00  0.0e+00  3.5e-01  2.7e-03  3.5e-01
  86  F 1   3.584e-02   0e+00  0.95  1.0e-01  4.2e-05  0.0e+00  0.0e+00  3.3e-01  2.2e-03  3.3e-01
  86  F 2   3.583e-02   0e+00  0.94  1.0e-01  4.2e-05  1.0e-01  9.4e-01  2.8e-01  2.9e-03  2.8e-01
  87  F 0   3.583e-02   0e+00  0.94  1.0e-01  4.2e-05  0.0e+00  0.0e+00  3.2e-01  7.5e-03  3.3e-01
  87  F 1   3.583e-02   0e+00  0.94  1.0e-01  4.2e-05  0.0e+00  0.0e+00  3.0e-01  6.2e-03  3.0e-01
  87  F 2   3.583e-02   0e+00  0.94  1.0e-01  4.2e-05  0.0e+00  0.0e+00  2.8e-01  2.2e-03  2.8e-01
  87  T 3   3.579e-02   0e+00  0.93  1.0e-01  4.3e-05  1.0e-01  7.8e-01  3.0e-01  2.6e-03  3.0e-01
  88  F 0   3.579e-02   0e+00  0.93  1.0e-01  4.3e-05  0.0e+00  0.0e+00  2.8e-01  3.2e-03  2.8e-01
  88  F 1   3.579e-02   0e+00  0.93  1.0e-01  4.3e-05  0.0e+00  0.0e+00  2.8e-01  2.6e-03  2.8e-01
  88  F 2   3.579e-02   0e+00  0.93  1.0e-01  4.3e-05  0.0e+00  0.0e+00  2.8e-01  3.5e-03  2.8e-01
  88  F 3   3.579e-02   0e+00  0.93  1.0e-01  4.3e-05  0.0e+00  0.0e+00  3.2e-01  6.8e-03  3.3e-01
  88  T 4   3.578e-02   0e+00  0.93  1.0e-01  4.2e-05  1.0e-01  4.8e-01  3.5e-01  2.9e-03  3.5e-01
  89  F 0   3.578e-02   0e+00  0.93  1.0e-01  4.2e-05  0.0e+00  0.0e+00  2.8e-01  2.0e-02  3.0e-01
  89  F 1   3.578e-02   0e+00  0.95  1.0e-01  4.8e-05  1.0e-01  9.3e-01  2.8e-01  4.2e-03  2.9e-01
  90  F 0   3.578e-02   0e+00  0.95  1.0e-01  4.8e-05  0.0e+00  0.0e+00  2.7e-01  2.9e-03  2.8e-01
  90  F 1   3.578e-02   0e+00  0.95  1.0e-01  4.8e-05  0.0e+00  0.0e+00  3.1e-01  2.2e-03  3.1e-01
  90  F 2   3.578e-02   0e+00  0.95  1.0e-01  4.8e-05  0.0e+00  0.0e+00  2.6e-01  3.2e-03  2.7e-01
  90  T 3   3.573e-02   0e+00  0.94  1.0e-01  4.0e-05  1.0e-01  6.7e-01  2.6e-01  3.0e-03  2.7e-01
  91  F 0   3.573e-02   0e+00  0.94  1.0e-01  4.0e-05  0.0e+00  0.0e+00  2.8e-01  3.5e-03  2.8e-01
  91  F 1   3.573e-02   0e+00  0.94  1.0e-01  4.0e-05  0.0e+00  0.0e+00  2.6e-01  3.4e-03  2.7e-01
  91  F 2   3.573e-02   0e+00  0.94  1.0e-01  4.0e-05  0.0e+00  0.0e+00  3.1e-01  2.6e-03  3.1e-01
  91  F 3   3.573e-02   0e+00  0.94  1.0e-01  4.0e-05  0.0e+00  0.0e+00  3.1e-01  2.2e-03  3.1e-01
  91  T 4   3.571e-02   0e+00  0.94  1.0e-01  4.4e-05  1.0e-01  4.1e-01  3.6e-01  5.2e-03  3.6e-01
  92  F 0   3.571e-02   0e+00  0.94  1.0e-01  4.4e-05  0.0e+00  0.0e+00  3.1e-01  1.1e-02  3.2e-01
  92  F 1   3.571e-02   0e+00  0.94  1.0e-01  4.4e-05  0.0e+00  0.0e+00  3.0e-01  6.8e-03  3.1e-01
  92  F 2   3.570e-02   0e+00  0.95  1.0e-01  3.2e-05  1.0e-01  6.6e-01  3.0e-01  2.9e-03  3.1e-01
  93  F 0   3.570e-02   0e+00  0.95  1.0e-01  3.2e-05  0.0e+00  0.0e+00  3.1e-01  3.1e-02  3.5e-01
  93  F 1   3.570e-02   0e+00  0.95  1.0e-01  3.2e-05  0.0e+00  0.0e+00  3.0e-01  2.9e-03  3.0e-01
  93  F 2   3.570e-02   0e+00  0.95  1.0e-01  3.2e-05  0.0e+00  0.0e+00  2.8e-01  2.2e-03  2.8e-01
  93  T 3   3.569e-02   0e+00  0.94  1.0e-01  4.2e-05  1.0e-01  6.6e-01  5.4e-01  2.6e-03  5.4e-01
  94  F 0   3.569e-02   0e+00  0.94  1.0e-01  4.2e-05  0.0e+00  0.0e+00  2.8e-01  7.4e-02  3.6e-01
  94  F 1   3.569e-02   0e+00  0.94  1.0e-01  4.2e-05  0.0e+00  0.0e+00  3.2e-01  2.9e-03  3.3e-01
  94  F 2   3.569e-02   0e+00  0.94  1.0e-01  4.2e-05  0.0e+00  0.0e+00  2.9e-01  2.3e-03  2.9e-01
  94  T 3   3.567e-02   0e+00  0.94  1.0e-01  2.6e-05  1.0e-01  5.6e-01  2.8e-01  2.5e-03  2.8e-01
  95  F 0   3.567e-02   0e+00  0.94  1.0e-01  2.6e-05  0.0e+00  0.0e+00  2.7e-01  4.4e-03  2.7e-01
  95  F 1   3.567e-02   0e+00  0.94  1.0e-01  2.6e-05  0.0e+00  0.0e+00  2.8e-01  3.3e-03  2.9e-01
  95  T 2   3.566e-02   9e-07  0.95  1.0e-01  4.2e-05  1.0e-01  6.2e-01  2.7e-01  3.5e-03  2.7e-01
  96  F 0   3.566e-02   9e-07  0.95  1.0e-01  4.2e-05  0.0e+00  0.0e+00  2.8e-01  3.1e-03  2.8e-01
  96  F 1   3.566e-02   9e-07  0.95  1.0e-01  4.2e-05  0.0e+00  0.0e+00  2.8e-01  2.6e-03  2.8e-01
  96  F 2   3.566e-02   9e-07  0.95  1.0e-01  4.2e-05  0.0e+00  0.0e+00  2.9e-01  2.6e-03  2.9e-01
  96  F 3   3.566e-02   9e-07  0.95  1.0e-01  4.2e-05  0.0e+00  0.0e+00  2.8e-01  3.1e-03  2.8e-01
  96  T 4   3.564e-02   0e+00  0.94  1.0e-01  2.9e-05  1.0e-01  4.5e-01  3.2e-01  5.9e-03  3.2e-01
  97  F 0   3.564e-02   0e+00  0.94  1.0e-01  2.9e-05  0.0e+00  0.0e+00  3.1e-01  4.1e-03  3.1e-01
  97  T 1   3.562e-02   0e+00  0.95  1.0e-01  3.7e-05  1.0e-01  7.3e-01  2.7e-01  3.4e-03  2.7e-01
  98  F 0   3.562e-02   0e+00  0.95  1.0e-01  3.7e-05  0.0e+00  0.0e+00  2.7e-01  3.0e-03  2.7e-01
  98  F 1   3.562e-02   0e+00  0.95  1.0e-01  3.7e-05  0.0e+00  0.0e+00  2.7e-01  2.5e-03  2.8e-01
  98  F 2   3.562e-02   0e+00  0.95  1.0e-01  3.7e-05  0.0e+00  0.0e+00  2.8e-01  2.9e-03  2.9e-01
  98  F 3   3.561e-02   1e-07  0.94  1.0e-01  2.8e-05  1.0e-01  6.2e-01  2.8e-01  3.3e-03  2.8e-01
  99  F 0   3.561e-02   1e-07  0.94  1.0e-01  2.8e-05  0.0e+00  0.0e+00  2.8e-01  4.0e-03  2.8e-01
  99  F 1   3.561e-02   1e-07  0.94  1.0e-01  2.8e-05  0.0e+00  0.0e+00  2.9e-01  3.3e-03  2.9e-01
  99  F 2   3.561e-02   1e-07  0.94  1.0e-01  2.8e-05  0.0e+00  0.0e+00  2.8e-01  2.5e-03  2.8e-01
  99  F 3   3.561e-02   1e-07  0.94  1.0e-01  2.8e-05  0.0e+00  0.0e+00  3.1e-01  5.2e-03  3.2e-01
  99  F 4   3.561e-02   1e-07  0.94  1.0e-01  2.8e-05  0.0e+00  0.0e+00  3.1e-01  1.3e-02  3.2e-01
  99  T 5   3.560e-02   8e-06  0.94  1.0e-01  2.8e-05  1.0e-01  2.5e-01  3.0e-01  2.2e-03  3.0e-01
 100  T 0   3.559e-02   9e-07  0.96  1.0e-01  3.5e-05  1.0e-01  9.1e-01  3.1e-01  1.7e-02  3.3e-01
 101  F 0   3.559e-02   9e-07  0.96  1.0e-01  3.5e-05  0.0e+00  0.0e+00  2.8e-01  2.6e-03  2.8e-01
 101  F 1   3.559e-02   9e-07  0.96  1.0e-01  3.5e-05  0.0e+00  0.0e+00  2.8e-01  1.8e-03  2.9e-01
 101  F 2   3.559e-02   9e-07  0.96  1.0e-01  3.5e-05  0.0e+00  0.0e+00  2.8e-01  3.0e-03  2.8e-01
 101  F 3   3.559e-02   9e-07  0.96  1.0e-01  3.5e-05  0.0e+00  0.0e+00  2.8e-01  3.3e-03  2.8e-01
 101  T 4   3.557e-02   0e+00  0.94  1.0e-01  2.8e-05  1.0e-01  4.4e-01  3.0e-01  3.8e-03  3.1e-01
 102  F 0   3.557e-02   0e+00  0.94  1.0e-01  2.8e-05  0.0e+00  0.0e+00  3.0e-01  3.4e-03  3.0e-01
 102  T 1   3.555e-02   0e+00  0.95  1.0e-01  2.3e-05  1.0e-01  6.8e-01  2.7e-01  3.3e-03  2.8e-01
 103  F 0   3.555e-02   0e+00  0.95  1.0e-01  2.3e-05  0.0e+00  0.0e+00  2.8e-01  3.4e-03  2.8e-01
 103  F 1   3.555e-02   0e+00  0.95  1.0e-01  2.3e-05  0.0e+00  0.0e+00  2.8e-01  2.2e-03  2.8e-01
 103  F 2   3.555e-02   0e+00  0.95  1.0e-01  2.3e-05  0.0e+00  0.0e+00  2.8e-01  2.1e-03  2.8e-01
 103  T 3   3.553e-02   7e-07  0.95  1.0e-01  3.0e-05  1.0e-01  3.6e-01  2.8e-01  2.3e-03  2.8e-01
 104  T 0   3.551e-02   0e+00  0.96  1.0e-01  2.0e-05  1.0e-01  9.0e-01  3.0e-01  3.3e-03  3.0e-01
 105  F 0   3.550e-02   3e-07  0.96  1.0e-01  4.1e-05  1.0e-01  1.1e+00  2.8e-01  3.0e-03  2.9e-01
 106  F 0   3.550e-02   3e-07  0.96  1.0e-01  4.1e-05  0.0e+00  0.0e+00  2.8e-01  3.4e-03  2.8e-01
 106  F 1   3.550e-02   3e-07  0.96  1.0e-01  4.1e-05  0.0e+00  0.0e+00  3.4e-01  2.6e-03  3.4e-01
 106  F 2   3.550e-02   3e-07  0.96  1.0e-01  4.1e-05  0.0e+00  0.0e+00  2.8e-01  1.4e-02  3.0e-01
 106  F 3   3.549e-02   0e+00  0.94  1.0e-01  3.1e-05  1.0e-01  6.7e-01  3.3e-01  6.8e-03  3.4e-01
 107  F 0   3.549e-02   0e+00  0.94  1.0e-01  3.1e-05  0.0e+00  0.0e+00  3.1e-01  1.4e-02  3.2e-01
 107  F 1   3.549e-02   0e+00  0.94  1.0e-01  3.1e-05  0.0e+00  0.0e+00  3.2e-01  6.6e-03  3.3e-01
 107  F 2   3.549e-02   0e+00  0.94  1.0e-01  3.1e-05  0.0e+00  0.0e+00  3.3e-01  5.2e-03  3.3e-01
 107  T 3   3.546e-02   1e-06  0.95  1.0e-01  3.8e-05  1.0e-01  4.7e-01  2.6e-01  2.6e-03  2.7e-01
 108  F 0   3.546e-02   1e-06  0.95  1.0e-01  3.8e-05  0.0e+00  0.0e+00  2.9e-01  3.0e-03  2.9e-01
 108  F 1   3.546e-02   0e+00  0.95  1.0e-01  2.6e-05  1.0e-01  8.3e-01  2.7e-01  3.5e-03  2.7e-01
 109  F 0   3.546e-02   0e+00  0.95  1.0e-01  2.6e-05  0.0e+00  0.0e+00  2.7e-01  3.5e-03  2.7e-01
 109  F 1   3.546e-02   0e+00  0.95  1.0e-01  2.6e-05  0.0e+00  0.0e+00  3.5e-01  2.6e-03  3.6e-01
 109  F 2   3.546e-02   0e+00  0.95  1.0e-01  2.6e-05  0.0e+00  0.0e+00  2.7e-01  2.3e-03  2.7e-01
 109  F 3   3.545e-02   0e+00  0.94  1.0e-01  4.5e-05  1.0e-01  7.3e-01  2.8e-01  2.6e-03  2.9e-01
 110  F 0   3.545e-02   0e+00  0.94  1.0e-01  4.5e-05  0.0e+00  0.0e+00  2.7e-01  2.9e-03  2.7e-01
 110  F 1   3.545e-02   0e+00  0.94  1.0e-01  4.5e-05  0.0e+00  0.0e+00  5.1e-01  2.6e-03  5.1e-01
 110  F 2   3.545e-02   0e+00  0.94  1.0e-01  4.5e-05  0.0e+00  0.0e+00  3.2e-01  2.6e-03  3.2e-01
 110  F 3   3.545e-02   0e+00  0.94  1.0e-01  4.5e-05  0.0e+00  0.0e+00  3.2e-01  1.3e-02  3.4e-01
 110  F 4   3.544e-02   0e+00  0.94  1.0e-01  3.0e-05  1.0e-01  4.9e-01  2.7e-01  2.9e-03  2.8e-01
 111  F 0   3.544e-02   0e+00  0.94  1.0e-01  3.0e-05  0.0e+00  0.0e+00  2.9e-01  4.0e-03  3.0e-01
 111  F 1   3.544e-02   0e+00  0.94  1.0e-01  3.0e-05  0.0e+00  0.0e+00  2.9e-01  3.6e-03  2.9e-01
 111  T 2   3.541e-02   0e+00  0.95  1.0e-01  4.0e-05  1.0e-01  6.3e-01  3.1e-01  3.9e-03  3.1e-01
 112  F 0   3.541e-02   0e+00  0.95  1.0e-01  4.0e-05  0.0e+00  0.0e+00  2.7e-01  2.9e-03  2.8e-01
 112  F 1   3.541e-02   0e+00  0.95  1.0e-01  4.0e-05  0.0e+00  0.0e+00  3.1e-01  2.2e-03  3.1e-01
 112  F 2   3.541e-02   0e+00  0.95  1.0e-01  4.0e-05  0.0e+00  0.0e+00  2.8e-01  2.5e-03  2.8e-01
 112  F 3   3.541e-02   0e+00  0.95  1.0e-01  4.0e-05  0.0e+00  0.0e+00  3.2e-01  2.9e-03  3.3e-01
 112  F 4   3.541e-02   5e-07  0.94  1.0e-01  3.0e-05  1.0e-01  5.1e-01  2.9e-01  4.1e-03  2.9e-01
 113  F 0   3.541e-02   5e-07  0.94  1.0e-01  3.0e-05  0.0e+00  0.0e+00  3.2e-01  4.7e-03  3.2e-01
 113  F 1   3.541e-02   5e-07  0.94  1.0e-01  3.0e-05  0.0e+00  0.0e+00  2.3e-01  1.8e-02  2.4e-01
 113  T 2   3.539e-02   0e+00  0.95  1.0e-01  3.9e-05  1.0e-01  5.8e-01  2.0e-01  2.0e-03  2.0e-01
 114  F 0   3.539e-02   0e+00  0.95  1.0e-01  3.9e-05  0.0e+00  0.0e+00  2.0e-01  1.6e-03  2.0e-01
 114  F 1   3.539e-02   0e+00  0.95  1.0e-01  3.9e-05  0.0e+00  0.0e+00  2.9e-01  3.6e-03  2.9e-01
 114  F 2   3.539e-02   0e+00  0.95  1.0e-01  3.9e-05  0.0e+00  0.0e+00  2.0e-01  1.8e-03  2.0e-01
 114  F 3   3.539e-02   0e+00  0.95  1.0e-01  3.9e-05  0.0e+00  0.0e+00  2.4e-01  4.0e-03  2.4e-01
 114  T 4   3.538e-02   1e-07  0.94  1.0e-01  3.0e-05  1.0e-01  4.1e-01  1.9e-01  2.2e-03  1.9e-01
 115  T 0   3.536e-02   0e+00  0.96  1.0e-01  3.5e-05  1.0e-01  8.9e-01  2.0e-01  2.9e-03  2.0e-01
 116  F 0   3.536e-02   0e+00  0.96  1.0e-01  3.5e-05  0.0e+00  0.0e+00  2.0e-01  1.8e-03  2.0e-01
 116  F 1   3.536e-02   0e+00  0.96  1.0e-01  3.5e-05  0.0e+00  0.0e+00  2.0e-01  1.5e-03  2.0e-01
 116  F 2   3.536e-02   0e+00  0.96  1.0e-01  3.5e-05  0.0e+00  0.0e+00  1.9e-01  2.0e-03  2.0e-01
 116  F 3   3.535e-02   0e+00  0.94  1.0e-01  2.9e-05  1.0e-01  6.4e-01  1.9e-01  2.2e-03  2.0e-01
 117  F 0   3.535e-02   0e+00  0.94  1.0e-01  2.9e-05  0.0e+00  0.0e+00  1.9e-01  2.8e-03  2.0e-01
 117  F 1   3.535e-02   0e+00  0.94  1.0e-01  2.9e-05  0.0e+00  0.0e+00  1.9e-01  3.8e-02  2.3e-01
 117  F 2   3.535e-02   0e+00  0.94  1.0e-01  2.9e-05  0.0e+00  0.0e+00  1.9e-01  1.8e-03  2.0e-01
 117  F 3   3.535e-02   0e+00  0.94  1.0e-01  2.9e-05  0.0e+00  0.0e+00  2.0e-01  1.8e-03  2.0e-01
 117  T 4   3.533e-02   5e-07  0.95  1.0e-01  3.2e-05  1.0e-01  3.6e-01  2.0e-01  1.7e-03  2.0e-01
 118  T 0   3.532e-02   0e+00  0.96  1.0e-01  2.0e-05  1.0e-01  8.0e-01  2.0e-01  2.2e-03  2.0e-01
 119  F 0   3.532e-02   0e+00  0.96  1.0e-01  2.0e-05  0.0e+00  0.0e+00  2.0e-01  2.0e-03  2.0e-01
 119  F 1   3.532e-02   0e+00  0.96  1.0e-01  2.0e-05  0.0e+00  0.0e+00  2.2e-01  8.5e-03  2.3e-01
 119  F 2   3.532e-02   0e+00  0.96  1.0e-01  2.0e-05  0.0e+00  0.0e+00  2.4e-01  1.9e-03  2.4e-01
 119  F 3   3.531e-02   0e+00  0.95  1.0e-01  3.3e-05  1.0e-01  5.2e-01  2.2e-01  9.4e-03  2.3e-01
 120  F 0   3.531e-02   0e+00  0.95  1.0e-01  3.3e-05  0.0e+00  0.0e+00  2.1e-01  2.2e-03  2.1e-01
 120  F 1   3.531e-02   0e+00  0.95  1.0e-01  3.3e-05  0.0e+00  0.0e+00  2.9e-01  3.1e-03  2.9e-01
 120  F 2   3.531e-02   0e+00  0.95  1.0e-01  3.3e-05  0.0e+00  0.0e+00  3.2e-01  4.8e-03  3.3e-01
 120  F 3   3.531e-02   0e+00  0.95  1.0e-01  3.3e-05  0.0e+00  0.0e+00  3.0e-01  7.0e-03  3.1e-01
 120  F 4   3.531e-02   0e+00  0.94  1.0e-01  2.3e-05  1.0e-01  4.1e-01  3.2e-01  2.3e-03  3.3e-01
 121  F 0   3.531e-02   0e+00  0.94  1.0e-01  2.3e-05  0.0e+00  0.0e+00  2.5e-01  8.0e-03  2.6e-01
 121  F 1   3.531e-02   0e+00  0.94  1.0e-01  2.3e-05  0.0e+00  0.0e+00  2.0e-01  6.3e-03  2.1e-01
 121  F 2   3.531e-02   0e+00  0.94  1.0e-01  2.3e-05  0.0e+00  0.0e+00  2.0e-01  1.8e-03  2.0e-01
 121  T 3   3.530e-02   5e-07  0.95  1.0e-01  2.6e-05  1.0e-01  2.7e-01  2.0e-01  9.3e-03  2.1e-01
 122  F 0   3.529e-02   0e+00  0.96  1.0e-01  2.5e-05  1.0e-01  7.2e-01  1.9e-01  1.3e-02  2.0e-01
 123  F 0   3.529e-02   0e+00  0.96  1.0e-01  2.5e-05  0.0e+00  0.0e+00  2.7e-01  1.9e-03  2.7e-01
 123  F 1   3.529e-02   0e+00  0.96  1.0e-01  2.5e-05  0.0e+00  0.0e+00  2.7e-01  3.5e-03  2.7e-01
 123  F 2   3.529e-02   0e+00  0.96  1.0e-01  2.5e-05  0.0e+00  0.0e+00  1.9e-01  1.5e-03  2.0e-01
 123  T 3   3.528e-02   0e+00  0.95  1.0e-01  3.4e-05  1.0e-01  5.6e-01  2.3e-01  2.0e-03  2.3e-01
 124  F 0   3.528e-02   0e+00  0.95  1.0e-01  3.4e-05  0.0e+00  0.0e+00  2.1e-01  2.4e-03  2.1e-01
 124  F 1   3.528e-02   0e+00  0.95  1.0e-01  3.4e-05  0.0e+00  0.0e+00  2.3e-01  8.1e-03  2.4e-01
 124  F 2   3.528e-02   0e+00  0.95  1.0e-01  3.4e-05  0.0e+00  0.0e+00  2.3e-01  1.5e-03  2.3e-01
 124  F 3   3.528e-02   0e+00  0.95  1.0e-01  3.4e-05  0.0e+00  0.0e+00  2.5e-01  2.1e-03  2.5e-01
 124  T 4   3.528e-02   0e+00  0.95  1.0e-01  2.6e-05  1.0e-01  4.0e-01  2.1e-01  9.5e-03  2.2e-01
 125  F 0   3.528e-02   0e+00  0.95  1.0e-01  2.6e-05  0.0e+00  0.0e+00  2.2e-01  2.9e-03  2.2e-01
 125  F 1   3.528e-02   0e+00  0.96  1.0e-01  3.2e-05  1.0e-01  5.9e-01  2.4e-01  2.4e-03  2.4e-01
 126  F 0   3.528e-02   0e+00  0.96  1.0e-01  3.2e-05  0.0e+00  0.0e+00  2.4e-01  2.3e-03  2.4e-01
 126  F 1   3.528e-02   0e+00  0.96  1.0e-01  3.2e-05  0.0e+00  0.0e+00  2.6e-01  1.0e-02  2.7e-01
 126  F 2   3.528e-02   0e+00  0.96  1.0e-01  3.2e-05  0.0e+00  0.0e+00  2.6e-01  1.0e-02  2.7e-01
 126  F 3   3.527e-02   0e+00  0.95  1.0e-01  2.2e-05  1.0e-01  5.8e-01  2.7e-01  8.7e-03  2.8e-01
 127  F 0   3.527e-02   0e+00  0.95  1.0e-01  2.2e-05  0.0e+00  0.0e+00  3.4e-01  1.0e-02  3.5e-01
 127  F 1   3.527e-02   0e+00  0.95  1.0e-01  2.2e-05  0.0e+00  0.0e+00  3.2e-01  1.3e-02  3.3e-01
 127  F 2   3.527e-02   0e+00  0.95  1.0e-01  2.2e-05  0.0e+00  0.0e+00  2.7e-01  3.2e-02  3.1e-01
 127  F 3   3.527e-02   0e+00  0.95  1.0e-01  2.2e-05  0.0e+00  0.0e+00  2.9e-01  1.0e-02  3.0e-01
 127  T 4   3.525e-02   5e-07  0.95  1.0e-01  2.5e-05  1.0e-01  3.1e-01  2.6e-01  1.2e-02  2.7e-01
 128  T 0   3.524e-02   0e+00  0.96  1.0e-01  1.8e-05  1.0e-01  7.0e-01  2.7e-01  3.7e-03  2.8e-01
 129  T 0   3.523e-02   0e+00  0.96  1.0e-01  2.4e-05  1.0e-01  7.9e-01  3.3e-01  1.0e-02  3.5e-01
 130  T 0   3.521e-02   6e-07  0.97  1.0e-01  1.6e-05  1.0e-01  8.1e-01  3.7e-01  5.8e-02  4.3e-01
 131  F 0   3.521e-02   6e-07  0.97  1.0e-01  1.6e-05  0.0e+00  0.0e+00  2.9e-01  4.7e-03  3.0e-01
 131  F 1   3.521e-02   6e-07  0.97  1.0e-01  1.6e-05  0.0e+00  0.0e+00  2.8e-01  9.8e-03  2.9e-01
 131  F 2   3.521e-02   6e-07  0.97  1.0e-01  1.6e-05  0.0e+00  0.0e+00  2.8e-01  5.5e-03  2.9e-01
 131  T 3   3.521e-02   0e+00  0.95  1.0e-01  2.5e-05  1.0e-01  4.5e-01  2.5e-01  5.3e-03  2.6e-01
 132  F 0   3.521e-02   0e+00  0.95  1.0e-01  2.5e-05  0.0e+00  0.0e+00  2.7e-01  3.3e-03  2.7e-01
 132  F 1   3.521e-02   0e+00  0.95  1.0e-01  2.5e-05  0.0e+00  0.0e+00  3.3e-01  2.2e-03  3.3e-01
 132  F 2   3.521e-02   0e+00  0.95  1.0e-01  2.5e-05  0.0e+00  0.0e+00  3.0e-01  2.2e-03  3.1e-01
 132  F 3   3.521e-02   0e+00  0.95  1.0e-01  2.5e-05  0.0e+00  0.0e+00  3.2e-01  3.1e-03  3.3e-01
 132  F 4   3.520e-02   0e+00  0.95  1.0e-01  1.8e-05  1.0e-01  3.7e-01  3.7e-01  6.0e-03  3.7e-01
 133  F 0   3.520e-02   0e+00  0.95  1.0e-01  1.8e-05  0.0e+00  0.0e+00  2.6e-01  3.8e-03  2.7e-01
 133  F 1   3.520e-02   0e+00  0.95  1.0e-01  1.8e-05  0.0e+00  0.0e+00  3.2e-01  3.4e-03  3.2e-01
 133  F 2   3.520e-02   0e+00  0.95  1.0e-01  1.8e-05  0.0e+00  0.0e+00  2.8e-01  2.5e-03  2.8e-01
 133  T 3   3.519e-02   3e-07  0.96  1.0e-01  2.0e-05  1.0e-01  3.1e-01  5.2e-01  2.9e-03  5.2e-01
 134  F 0   3.519e-02   0e+00  0.96  1.0e-01  2.8e-05  1.0e-01  6.9e-01  3.1e-01  6.4e-03  3.2e-01
 135  F 0   3.519e-02   0e+00  0.96  1.0e-01  2.8e-05  0.0e+00  0.0e+00  3.2e-01  6.3e-03  3.3e-01
 135  F 1   3.519e-02   0e+00  0.96  1.0e-01  2.8e-05  0.0e+00  0.0e+00  3.3e-01  2.8e-02  3.5e-01
 135  F 2   3.519e-02   0e+00  0.96  1.0e-01  2.8e-05  0.0e+00  0.0e+00  3.0e-01  1.0e-02  3.1e-01
 135  T 3   3.518e-02   0e+00  0.95  1.0e-01  3.1e-05  1.0e-01  6.2e-01  3.0e-01  1.4e-02  3.2e-01
 136  F 0   3.518e-02   0e+00  0.95  1.0e-01  3.1e-05  0.0e+00  0.0e+00  3.4e-01  3.7e-03  3.4e-01
 136  F 1   3.518e-02   0e+00  0.95  1.0e-01  3.1e-05  0.0e+00  0.0e+00  4.1e-01  2.7e-03  4.1e-01
 136  F 2   3.518e-02   0e+00  0.95  1.0e-01  3.1e-05  0.0e+00  0.0e+00  3.1e-01  4.6e-03  3.2e-01
 136  F 3   3.518e-02   0e+00  0.95  1.0e-01  3.1e-05  0.0e+00  0.0e+00  5.3e-01  2.7e-03  5.3e-01
 136  T 4   3.517e-02   0e+00  0.95  1.0e-01  2.2e-05  1.0e-01  3.5e-01  3.1e-01  5.8e-03  3.2e-01
 137  F 0   3.517e-02   0e+00  0.95  1.0e-01  2.2e-05  0.0e+00  0.0e+00  3.2e-01  7.8e-03  3.3e-01
 137  F 1   3.517e-02   0e+00  0.96  1.0e-01  3.1e-05  1.0e-01  6.6e-01  3.3e-01  1.7e-02  3.5e-01
 138  F 0   3.517e-02   0e+00  0.96  1.0e-01  3.1e-05  0.0e+00  0.0e+00  2.9e-01  2.6e-03  2.9e-01
 138  F 1   3.517e-02   0e+00  0.96  1.0e-01  3.1e-05  0.0e+00  0.0e+00  2.8e-01  2.6e-03  2.8e-01
 138  F 2   3.517e-02   0e+00  0.96  1.0e-01  3.1e-05  0.0e+00  0.0e+00  2.9e-01  3.0e-03  3.0e-01
 138  T 3   3.516e-02   0e+00  0.95  1.0e-01  2.0e-05  1.0e-01  5.7e-01  4.1e-01  1.1e-02  4.2e-01
 139  F 0   3.516e-02   0e+00  0.95  1.0e-01  2.0e-05  0.0e+00  0.0e+00  3.0e-01  3.8e-03  3.1e-01
 139  F 1   3.516e-02   0e+00  0.95  1.0e-01  2.0e-05  0.0e+00  0.0e+00  2.7e-01  3.4e-03  2.7e-01
 139  F 2   3.516e-02   0e+00  0.95  1.0e-01  2.0e-05  0.0e+00  0.0e+00  2.8e-01  2.7e-03  2.8e-01
 139  F 3   3.516e-02   0e+00  0.95  1.0e-01  2.0e-05  0.0e+00  0.0e+00  2.8e-01  2.6e-03  2.8e-01
 139  T 4   3.515e-02   7e-06  0.95  1.0e-01  2.4e-05  1.0e-01  3.1e-01  3.8e-01  2.2e-03  3.8e-01
 140  T 0   3.514e-02   6e-07  0.97  1.0e-01  2.1e-05  1.0e-01  7.5e-01  2.9e-01  3.4e-03  2.9e-01
 141  F 0   3.514e-02   6e-07  0.97  1.0e-01  2.1e-05  0.0e+00  0.0e+00  3.5e-01  3.8e-02  3.9e-01
 141  F 1   3.514e-02   6e-07  0.97  1.0e-01  2.1e-05  0.0e+00  0.0e+00  3.1e-01  4.1e-03  3.1e-01
 141  F 2   3.513e-02   0e+00  0.96  1.0e-01  3.4e-05  1.0e-01  6.0e-01  2.8e-01  2.5e-03  2.8e-01
 142  F 0   3.513e-02   0e+00  0.96  1.0e-01  3.4e-05  0.0e+00  0.0e+00  3.0e-01  2.6e-03  3.0e-01
 142  F 1   3.513e-02   0e+00  0.96  1.0e-01  3.4e-05  0.0e+00  0.0e+00  2.7e-01  3.1e-03  2.7e-01
 142  F 2   3.513e-02   0e+00  0.96  1.0e-01  3.4e-05  0.0e+00  0.0e+00  2.7e-01  2.9e-03  2.7e-01
 142  F 3   3.513e-02   0e+00  0.96  1.0e-01  3.4e-05  0.0e+00  0.0e+00  2.7e-01  3.2e-03  2.8e-01
 142  F 4   3.513e-02   0e+00  0.96  1.0e-01  3.4e-05  0.0e+00  0.0e+00  2.8e-01  3.3e-03  2.8e-01
 142  T 5   3.512e-02   8e-07  0.94  1.0e-01  3.1e-05  1.0e-01  2.5e-01  2.8e-01  3.3e-03  2.8e-01
 143  F 0   3.512e-02   8e-07  0.94  1.0e-01  3.1e-05  0.0e+00  0.0e+00  2.9e-01  4.4e-03  3.0e-01
 143  F 1   3.512e-02   8e-07  0.94  1.0e-01  3.1e-05  0.0e+00  0.0e+00  2.6e-01  1.2e-02  2.7e-01
 143  T 2   3.511e-02   0e+00  0.96  1.0e-01  1.5e-05  1.0e-01  4.9e-01  2.7e-01  3.1e-03  2.8e-01
 144  F 0   3.511e-02   0e+00  0.96  1.0e-01  1.5e-05  0.0e+00  0.0e+00  2.7e-01  4.1e-03  2.7e-01
 144  F 1   3.511e-02   0e+00  0.96  1.0e-01  1.5e-05  0.0e+00  0.0e+00  2.6e-01  3.1e-03  2.7e-01
 144  F 2   3.511e-02   0e+00  0.96  1.0e-01  1.5e-05  0.0e+00  0.0e+00  2.7e-01  2.6e-03  2.7e-01
 144  F 3   3.511e-02   0e+00  0.96  1.0e-01  1.5e-05  0.0e+00  0.0e+00  2.9e-01  2.3e-03  2.9e-01
 144  T 4   3.511e-02   0e+00  0.96  1.0e-01  1.9e-05  1.0e-01  2.6e-01  2.6e-01  1.8e-03  2.6e-01
 145  F 0   3.511e-02   0e+00  0.96  1.0e-01  1.9e-05  0.0e+00  0.0e+00  2.6e-01  3.1e-03  2.7e-01
 145  T 1   3.509e-02   1e-13  0.96  1.0e-01  2.1e-05  1.0e-01  4.5e-01  2.7e-01  3.0e-03  2.7e-01
 146  F 0   3.509e-02   1e-13  0.96  1.0e-01  2.1e-05  0.0e+00  0.0e+00  2.6e-01  3.0e-03  2.7e-01
 146  F 1   3.509e-02   1e-13  0.96  1.0e-01  2.1e-05  0.0e+00  0.0e+00  2.8e-01  2.6e-03  2.8e-01
 146  F 2   3.509e-02   1e-13  0.96  1.0e-01  2.1e-05  0.0e+00  0.0e+00  3.3e-01  2.9e-03  3.3e-01
 146  F 3   3.509e-02   1e-13  0.96  1.0e-01  2.1e-05  0.0e+00  0.0e+00  2.7e-01  3.3e-03  2.7e-01
 146  F 4   3.509e-02   1e-13  0.96  1.0e-01  2.1e-05  0.0e+00  0.0e+00  2.7e-01  3.6e-03  2.7e-01
 146  T 5   3.509e-02   0e+00  0.95  1.0e-01  2.0e-05  9.9e-02  2.3e-01  2.7e-01  3.3e-03  2.8e-01
 147  F 0   3.509e-02   0e+00  0.95  1.0e-01  2.0e-05  0.0e+00  0.0e+00  2.8e-01  4.2e-03  2.8e-01
 147  T 1   3.509e-02   0e+00  0.97  1.0e-01  2.5e-05  1.0e-01  4.6e-01  2.8e-01  3.3e-03  2.8e-01
 148  F 0   3.509e-02   0e+00  0.97  1.0e-01  2.5e-05  0.0e+00  0.0e+00  2.7e-01  2.6e-03  2.8e-01
 148  F 1   3.509e-02   0e+00  0.97  1.0e-01  2.5e-05  0.0e+00  0.0e+00  2.7e-01  2.5e-03  2.7e-01
 148  F 2   3.509e-02   0e+00  0.97  1.0e-01  2.5e-05  0.0e+00  0.0e+00  2.7e-01  2.9e-03  2.8e-01
 148  F 3   3.509e-02   0e+00  0.97  1.0e-01  2.5e-05  0.0e+00  0.0e+00  3.0e-01  3.3e-03  3.1e-01
 148  T 4   3.508e-02   1e-06  0.95  1.0e-01  2.0e-05  1.0e-01  2.9e-01  3.0e-01  3.3e-03  3.0e-01
 149  F 0   3.508e-02   1e-06  0.95  1.0e-01  2.0e-05  0.0e+00  0.0e+00  3.0e-01  6.7e-03  3.1e-01
 149  T 1   3.508e-02   0e+00  0.97  1.0e-01  2.5e-05  1.0e-01  4.3e-01  3.4e-01  7.2e-03  3.4e-01
 150  F 0   3.508e-02   0e+00  0.97  1.0e-01  2.5e-05  0.0e+00  0.0e+00  3.3e-01  7.8e-03  3.4e-01
 150  F 1   3.508e-02   0e+00  0.97  1.0e-01  2.5e-05  0.0e+00  0.0e+00  3.2e-01  9.9e-03  3.3e-01
 150  F 2   3.508e-02   0e+00  0.97  1.0e-01  2.5e-05  0.0e+00  0.0e+00  3.5e-01  3.0e-03  3.6e-01
 150  F 3   3.508e-02   0e+00  0.97  1.0e-01  2.5e-05  0.0e+00  0.0e+00  3.1e-01  6.6e-03  3.2e-01
 150  F 4   3.507e-02   0e+00  0.95  1.0e-01  1.9e-05  1.0e-01  3.6e-01  3.0e-01  4.4e-03  3.0e-01
 151  F 0   3.507e-02   0e+00  0.95  1.0e-01  1.9e-05  0.0e+00  0.0e+00  3.1e-01  4.5e-03  3.1e-01
 151  F 1   3.507e-02   0e+00  0.95  1.0e-01  1.9e-05  0.0e+00  0.0e+00  3.9e-01  3.9e-02  4.3e-01
 151  F 2   3.507e-02   0e+00  0.95  1.0e-01  1.9e-05  0.0e+00  0.0e+00  3.4e-01  2.6e-03  3.4e-01
 151  T 3   3.506e-02   8e-07  0.96  1.0e-01  2.3e-05  1.0e-01  3.0e-01  3.1e-01  2.1e-02  3.3e-01
 152  F 0   3.506e-02   8e-07  0.96  1.0e-01  2.3e-05  0.0e+00  0.0e+00  2.9e-01  1.3e-02  3.0e-01
 152  T 1   3.506e-02   7e-07  0.96  1.0e-01  1.5e-05  1.0e-01  4.8e-01  2.9e-01  2.5e-03  3.0e-01
 153  F 0   3.506e-02   7e-07  0.96  1.0e-01  1.5e-05  0.0e+00  0.0e+00  5.5e-01  2.9e-03  5.6e-01
 153  F 1   3.506e-02   7e-07  0.96  1.0e-01  1.5e-05  0.0e+00  0.0e+00  3.2e-01  8.1e-03  3.2e-01
 153  F 2   3.506e-02   7e-07  0.96  1.0e-01  1.5e-05  0.0e+00  0.0e+00  2.8e-01  2.2e-03  2.8e-01
 153  T 3   3.505e-02   0e+00  0.96  1.0e-01  2.8e-05  1.0e-01  4.3e-01  2.7e-01  2.6e-03  2.8e-01
 154  F 0   3.505e-02   0e+00  0.96  1.0e-01  2.8e-05  0.0e+00  0.0e+00  2.8e-01  3.0e-03  2.8e-01
 154  F 1   3.505e-02   0e+00  0.96  1.0e-01  2.8e-05  0.0e+00  0.0e+00  2.8e-01  2.2e-03  2.8e-01
 154  F 2   3.505e-02   0e+00  0.96  1.0e-01  2.8e-05  0.0e+00  0.0e+00  3.3e-01  2.3e-03  3.4e-01
 154  T 3   3.504e-02   0e+00  0.96  1.0e-01  2.0e-05  1.0e-01  3.3e-01  3.2e-01  8.2e-03  3.3e-01
 155  F 0   3.504e-02   0e+00  0.96  1.0e-01  2.0e-05  0.0e+00  0.0e+00  2.8e-01  3.7e-03  2.9e-01
 155  F 1   3.504e-02   0e+00  0.96  1.0e-01  2.0e-05  0.0e+00  0.0e+00  2.7e-01  2.9e-03  2.8e-01
 155  F 2   3.504e-02   0e+00  0.96  1.0e-01  2.0e-05  0.0e+00  0.0e+00  2.7e-01  2.5e-03  2.8e-01
 155  T 3   3.503e-02   4e-06  0.96  1.0e-01  2.4e-05  1.0e-01  2.9e-01  2.8e-01  4.5e-03  2.9e-01
 156  F 0   3.503e-02   4e-06  0.96  1.0e-01  2.4e-05  0.0e+00  0.0e+00  2.8e-01  2.9e-03  2.8e-01
 156  T 1   3.503e-02   0e+00  0.97  1.0e-01  1.5e-05  1.0e-01  4.3e-01  2.8e-01  2.2e-03  2.8e-01
 157  F 0   3.503e-02   0e+00  0.97  1.0e-01  1.5e-05  0.0e+00  0.0e+00  2.8e-01  3.3e-03  2.8e-01
 157  F 1   3.503e-02   0e+00  0.97  1.0e-01  1.5e-05  0.0e+00  0.0e+00  2.8e-01  2.6e-03  2.8e-01
 157  F 2   3.503e-02   0e+00  0.97  1.0e-01  1.5e-05  0.0e+00  0.0e+00  2.7e-01  2.2e-03  2.8e-01
 157  T 3   3.502e-02   0e+00  0.96  1.0e-01  2.2e-05  1.0e-01  3.6e-01  2.8e-01  2.6e-03  2.8e-01
 158  F 0   3.502e-02   0e+00  0.96  1.0e-01  2.2e-05  0.0e+00  0.0e+00  2.9e-01  3.0e-03  2.9e-01
 158  F 1   3.502e-02   0e+00  0.96  1.0e-01  2.2e-05  0.0e+00  0.0e+00  3.1e-01  2.2e-03  3.2e-01
 158  F 2   3.502e-02   0e+00  0.96  1.0e-01  2.2e-05  0.0e+00  0.0e+00  2.8e-01  2.6e-03  2.8e-01
 158  T 3   3.501e-02   0e+00  0.96  1.0e-01  1.6e-05  1.0e-01  2.5e-01  2.8e-01  2.6e-03  2.9e-01
 159  F 0   3.501e-02   0e+00  0.96  1.0e-01  1.6e-05  0.0e+00  0.0e+00  2.8e-01  3.5e-03  2.8e-01
 159  F 1   3.501e-02   0e+00  0.96  1.0e-01  1.6e-05  0.0e+00  0.0e+00  3.0e-01  2.6e-03  3.0e-01
 159  F 2   3.501e-02   0e+00  0.96  1.0e-01  1.6e-05  0.0e+00  0.0e+00  2.9e-01  2.6e-03  3.0e-01
 159  T 3   3.501e-02   3e-06  0.96  1.0e-01  1.8e-05  1.0e-01  2.0e-01  3.1e-01  2.6e-03  3.2e-01
 160  F 0   3.501e-02   3e-06  0.96  1.0e-01  1.8e-05  0.0e+00  0.0e+00  3.2e-01  2.6e-03  3.2e-01
 160  T 1   3.500e-02   0e+00  0.97  1.0e-01  1.4e-05  1.0e-01  3.3e-01  3.0e-01  1.8e-03  3.0e-01
 161  F 0   3.500e-02   0e+00  0.97  1.0e-01  1.4e-05  0.0e+00  0.0e+00  3.4e-01  6.3e-03  3.5e-01
 161  F 1   3.500e-02   0e+00  0.97  1.0e-01  1.4e-05  0.0e+00  0.0e+00  2.8e-01  2.7e-03  2.8e-01
 161  F 2   3.500e-02   0e+00  0.97  1.0e-01  1.4e-05  0.0e+00  0.0e+00  2.9e-01  2.2e-03  3.0e-01
 161  T 3   3.500e-02   0e+00  0.97  1.0e-01  2.0e-05  1.0e-01  2.6e-01  2.9e-01  1.8e-03  2.9e-01
 162  F 0   3.500e-02   0e+00  0.97  1.0e-01  2.0e-05  0.0e+00  0.0e+00  3.0e-01  2.6e-03  3.0e-01
 162  F 1   3.500e-02   0e+00  0.97  1.0e-01  2.0e-05  0.0e+00  0.0e+00  3.3e-01  2.2e-03  3.3e-01
 162  F 2   3.500e-02   0e+00  0.97  1.0e-01  2.0e-05  0.0e+00  0.0e+00  3.7e-01  2.2e-03  3.7e-01
 162  T 3   3.500e-02   0e+00  0.97  1.0e-01  1.7e-05  1.0e-01  2.0e-01  2.9e-01  2.7e-03  2.9e-01
 163  F 0   3.500e-02   0e+00  0.97  1.0e-01  1.7e-05  0.0e+00  0.0e+00  2.7e-01  3.4e-03  2.7e-01
 163  T 1   3.499e-02   0e+00  0.97  1.0e-01  2.0e-05  1.0e-01  3.0e-01  2.8e-01  2.7e-03  2.8e-01
 164  F 0   3.499e-02   0e+00  0.97  1.0e-01  2.0e-05  0.0e+00  0.0e+00  3.1e-01  3.1e-03  3.1e-01
 164  F 1   3.499e-02   0e+00  0.97  1.0e-01  2.0e-05  0.0e+00  0.0e+00  3.2e-01  6.7e-03  3.3e-01
 164  F 2   3.499e-02   0e+00  0.97  1.0e-01  2.0e-05  0.0e+00  0.0e+00  2.7e-01  3.1e-03  2.8e-01
 164  F 3   3.499e-02   0e+00  0.97  1.0e-01  2.0e-05  0.0e+00  0.0e+00  2.8e-01  3.4e-03  2.8e-01
 164  F 4   3.499e-02   0e+00  0.97  1.0e-01  2.0e-05  0.0e+00  0.0e+00  2.8e-01  3.4e-03  2.9e-01
 164  F 5   3.499e-02   0e+00  0.96  1.0e-01  2.0e-05  1.0e-01  2.2e-01  3.4e-01  3.8e-03  3.4e-01
 165  T 0   3.499e-02   1e-13  0.97  1.0e-01  2.3e-05  1.0e-01  4.7e-01  2.7e-01  4.2e-03  2.7e-01
 166  F 0   3.499e-02   1e-13  0.97  1.0e-01  2.3e-05  0.0e+00  0.0e+00  3.0e-01  3.2e-03  3.0e-01
 166  F 1   3.499e-02   1e-13  0.97  1.0e-01  2.3e-05  0.0e+00  0.0e+00  2.8e-01  2.6e-03  2.8e-01
 166  F 2   3.499e-02   1e-13  0.97  1.0e-01  2.3e-05  0.0e+00  0.0e+00  2.7e-01  6.4e-03  2.8e-01
 166  F 3   3.499e-02   1e-13  0.97  1.0e-01  2.3e-05  0.0e+00  0.0e+00  2.8e-01  3.4e-03  2.8e-01
 166  F 4   3.499e-02   1e-13  0.97  1.0e-01  2.3e-05  0.0e+00  0.0e+00  2.8e-01  3.9e-03  2.8e-01
 166  T 5   3.498e-02   0e+00  0.95  1.0e-01  2.3e-05  1.0e-01  2.3e-01  2.8e-01  3.9e-03  2.9e-01
 167  F 0   3.498e-02   2e-13  0.97  1.0e-01  2.1e-05  1.0e-01  5.6e-01  2.9e-01  1.9e-02  3.1e-01
 168  F 0   3.498e-02   2e-13  0.97  1.0e-01  2.1e-05  0.0e+00  0.0e+00  3.2e-01  2.6e-03  3.3e-01
 168  F 1   3.498e-02   2e-13  0.97  1.0e-01  2.1e-05  0.0e+00  0.0e+00  3.1e-01  6.2e-03  3.2e-01
 168  F 2   3.498e-02   2e-13  0.97  1.0e-01  2.1e-05  0.0e+00  0.0e+00  3.1e-01  2.2e-03  3.2e-01
 168  T 3   3.497e-02   0e+00  0.96  1.0e-01  2.6e-05  1.0e-01  4.0e-01  2.7e-01  2.9e-03  2.8e-01
 169  F 0   3.497e-02   0e+00  0.96  1.0e-01  2.6e-05  0.0e+00  0.0e+00  4.9e-01  3.3e-03  4.9e-01
 169  F 1   3.497e-02   0e+00  0.96  1.0e-01  2.6e-05  0.0e+00  0.0e+00  3.1e-01  6.3e-03  3.2e-01
 169  F 2   3.497e-02   0e+00  0.96  1.0e-01  2.6e-05  0.0e+00  0.0e+00  3.6e-01  2.2e-03  3.6e-01
 169  T 3   3.497e-02   0e+00  0.96  1.0e-01  1.9e-05  1.0e-01  2.9e-01  3.1e-01  1.5e-02  3.2e-01
 170  F 0   3.497e-02   0e+00  0.96  1.0e-01  1.9e-05  0.0e+00  0.0e+00  3.3e-01  6.8e-03  3.3e-01
 170  F 1   3.497e-02   0e+00  0.96  1.0e-01  1.9e-05  0.0e+00  0.0e+00  2.8e-01  2.6e-03  2.8e-01
 170  T 2   3.496e-02   2e-07  0.97  1.0e-01  1.9e-05  1.0e-01  3.0e-01  5.4e-01  2.9e-03  5.4e-01
 171  F 0   3.496e-02   2e-07  0.97  1.0e-01  1.9e-05  0.0e+00  0.0e+00  3.1e-01  3.0e-03  3.2e-01
 171  F 1   3.496e-02   2e-07  0.97  1.0e-01  1.9e-05  0.0e+00  0.0e+00  3.2e-01  3.2e-03  3.3e-01
 171  F 2   3.496e-02   2e-07  0.97  1.0e-01  1.9e-05  0.0e+00  0.0e+00  3.5e-01  5.9e-03  3.6e-01
 171  F 3   3.496e-02   2e-07  0.97  1.0e-01  1.9e-05  0.0e+00  0.0e+00  3.2e-01  5.8e-03  3.2e-01
 171  T 4   3.496e-02   3e-07  0.96  1.0e-01  1.6e-05  8.0e-02  2.2e-01  3.2e-01  6.9e-03  3.3e-01
 172  F 0   3.496e-02   3e-07  0.96  1.0e-01  1.6e-05  0.0e+00  0.0e+00  2.8e-01  3.8e-03  2.8e-01
 172  F 1   3.496e-02   3e-07  0.96  1.0e-01  1.6e-05  0.0e+00  0.0e+00  3.3e-01  2.6e-03  3.4e-01
 172  T 2   3.496e-02   8e-07  0.97  1.0e-01  1.8e-05  1.0e-01  2.6e-01  2.9e-01  3.0e-03  2.9e-01
 173  F 0   3.496e-02   8e-07  0.97  1.0e-01  1.8e-05  0.0e+00  0.0e+00  2.8e-01  3.2e-03  2.8e-01
 173  F 1   3.496e-02   8e-07  0.97  1.0e-01  1.8e-05  0.0e+00  0.0e+00  2.8e-01  2.7e-03  2.8e-01
 173  F 2   3.496e-02   8e-07  0.97  1.0e-01  1.8e-05  0.0e+00  0.0e+00  3.1e-01  3.0e-03  3.1e-01
 173  T 3   3.496e-02   0e+00  0.97  1.0e-01  1.4e-05  8.5e-02  1.9e-01  3.4e-01  3.5e-03  3.5e-01
 174  F 0   3.496e-02   0e+00  0.97  1.0e-01  1.4e-05  0.0e+00  0.0e+00  3.0e-01  3.4e-03  3.0e-01
 174  F 1   3.496e-02   0e+00  0.97  1.0e-01  1.4e-05  0.0e+00  0.0e+00  3.2e-01  4.5e-03  3.2e-01
 174  F 2   3.496e-02   0e+00  0.97  1.0e-01  1.4e-05  0.0e+00  0.0e+00  2.8e-01  2.8e-03  2.8e-01
 174  T 3   3.495e-02   5e-06  0.97  1.0e-01  1.6e-05  1.0e-01  1.7e-01  2.9e-01  2.6e-03  3.0e-01
 175  F 0   3.495e-02   5e-06  0.97  1.0e-01  1.6e-05  0.0e+00  0.0e+00  2.7e-01  2.2e-03  2.7e-01
 175  T 1   3.495e-02   0e+00  0.97  1.0e-01  1.2e-05  1.0e-01  2.8e-01  3.0e-01  1.9e-03  3.0e-01
 176  F 0   3.495e-02   0e+00  0.97  1.0e-01  1.2e-05  0.0e+00  0.0e+00  2.8e-01  2.6e-03  2.8e-01
 176  F 1   3.495e-02   0e+00  0.97  1.0e-01  1.2e-05  0.0e+00  0.0e+00  4.0e-01  2.6e-03  4.0e-01
 176  F 2   3.495e-02   2e-07  0.97  1.0e-01  2.2e-05  1.0e-01  3.3e-01  2.8e-01  2.2e-03  2.8e-01
 177  F 0   3.495e-02   2e-07  0.97  1.0e-01  2.2e-05  0.0e+00  0.0e+00  3.1e-01  2.8e-03  3.2e-01
 177  F 1   3.495e-02   2e-07  0.97  1.0e-01  2.2e-05  0.0e+00  0.0e+00  2.9e-01  2.6e-03  3.0e-01
 177  F 2   3.495e-02   2e-07  0.97  1.0e-01  2.2e-05  0.0e+00  0.0e+00  2.9e-01  3.2e-03  2.9e-01
 177  F 3   3.495e-02   2e-07  0.97  1.0e-01  2.2e-05  0.0e+00  0.0e+00  2.9e-01  1.9e-02  3.1e-01
 177  F 4   3.495e-02   2e-07  0.97  1.0e-01  2.2e-05  0.0e+00  0.0e+00  4.2e-01  6.4e-03  4.3e-01
 177  F 5   3.495e-02   2e-07  0.97  1.0e-01  2.2e-05  0.0e+00  0.0e+00  3.1e-01  1.7e-02  3.3e-01
 177  T 6   3.494e-02   0e+00  0.95  1.0e-01  2.3e-05  6.9e-02  1.8e-01  2.8e-01  4.0e-03  2.8e-01
 178  F 0   3.494e-02   0e+00  0.97  1.0e-01  1.3e-05  1.0e-01  6.0e-01  2.8e-01  4.4e-03  2.8e-01
 179  F 0   3.494e-02   0e+00  0.97  1.0e-01  1.3e-05  0.0e+00  0.0e+00  6.7e-01  2.6e-03  6.7e-01
 179  F 1   3.494e-02   0e+00  0.97  1.0e-01  1.3e-05  0.0e+00  0.0e+00  2.9e-01  4.5e-03  3.0e-01
 179  F 2   3.494e-02   0e+00  0.97  1.0e-01  1.3e-05  0.0e+00  0.0e+00  2.8e-01  2.5e-03  2.8e-01
 179  F 3   3.494e-02   0e+00  0.96  1.0e-01  2.5e-05  1.0e-01  4.4e-01  2.8e-01  2.9e-03  2.8e-01
 180  F 0   3.494e-02   0e+00  0.96  1.0e-01  2.5e-05  0.0e+00  0.0e+00  3.0e-01  3.3e-03  3.1e-01
 180  F 1   3.494e-02   0e+00  0.96  1.0e-01  2.5e-05  0.0e+00  0.0e+00  2.9e-01  4.4e-02  3.4e-01
 180  F 2   3.494e-02   0e+00  0.96  1.0e-01  2.5e-05  0.0e+00  0.0e+00  2.8e-01  2.2e-03  2.8e-01
 180  F 3   3.494e-02   0e+00  0.96  1.0e-01  2.5e-05  0.0e+00  0.0e+00  2.8e-01  3.3e-03  2.8e-01
 180  T 4   3.494e-02   0e+00  0.96  1.0e-01  1.8e-05  1.0e-01  2.9e-01  2.9e-01  2.9e-03  2.9e-01
 181  F 0   3.494e-02   0e+00  0.96  1.0e-01  1.8e-05  0.0e+00  0.0e+00  2.9e-01  3.7e-03  2.9e-01
 181  F 1   3.494e-02   0e+00  0.96  1.0e-01  1.8e-05  0.0e+00  0.0e+00  3.2e-01  2.9e-03  3.2e-01
 181  F 2   3.494e-02   0e+00  0.96  1.0e-01  1.8e-05  0.0e+00  0.0e+00  2.6e-01  2.7e-03  2.7e-01
 181  T 3   3.493e-02   5e-07  0.97  1.0e-01  1.9e-05  9.3e-02  2.0e-01  3.1e-01  3.5e-03  3.2e-01
 182  F 0   3.493e-02   5e-07  0.97  1.0e-01  1.9e-05  0.0e+00  0.0e+00  2.9e-01  2.9e-03  2.9e-01
 182  T 1   3.493e-02   0e+00  0.97  1.0e-01  1.7e-05  1.0e-01  4.2e-01  2.7e-01  2.2e-03  2.8e-01
 183  F 0   3.493e-02   0e+00  0.97  1.0e-01  1.7e-05  0.0e+00  0.0e+00  2.8e-01  2.6e-03  2.8e-01
 183  F 1   3.493e-02   0e+00  0.97  1.0e-01  1.7e-05  0.0e+00  0.0e+00  4.8e-01  2.5e-03  4.8e-01
 183  F 2   3.493e-02   0e+00  0.97  1.0e-01  1.7e-05  0.0e+00  0.0e+00  3.0e-01  2.2e-03  3.0e-01
 183  T 3   3.492e-02   8e-07  0.97  1.0e-01  2.1e-05  1.0e-01  2.7e-01  2.8e-01  2.2e-03  2.8e-01
 184  F 0   3.492e-02   8e-07  0.97  1.0e-01  2.1e-05  0.0e+00  0.0e+00  3.0e-01  2.6e-03  3.0e-01
 184  F 1   3.492e-02   8e-07  0.97  1.0e-01  2.1e-05  0.0e+00  0.0e+00  3.0e-01  1.8e-03  3.0e-01
 184  F 2   3.492e-02   8e-07  0.97  1.0e-01  2.1e-05  0.0e+00  0.0e+00  2.7e-01  2.2e-03  2.8e-01
 184  T 3   3.492e-02   0e+00  0.97  1.0e-01  1.7e-05  8.1e-02  1.9e-01  2.8e-01  2.6e-03  2.8e-01
 185  F 0   3.492e-02   0e+00  0.97  1.0e-01  1.7e-05  0.0e+00  0.0e+00  2.8e-01  3.8e-02  3.2e-01
 185  F 1   3.492e-02   0e+00  0.97  1.0e-01  1.7e-05  0.0e+00  0.0e+00  3.0e-01  2.2e-03  3.0e-01
 185  T 2   3.492e-02   9e-07  0.97  1.0e-01  2.0e-05  1.0e-01  2.5e-01  2.9e-01  2.6e-03  3.0e-01
 186  F 0   3.492e-02   9e-07  0.97  1.0e-01  2.0e-05  0.0e+00  0.0e+00  2.8e-01  1.8e-02  3.0e-01
 186  F 1   3.492e-02   9e-07  0.97  1.0e-01  2.0e-05  0.0e+00  0.0e+00  3.1e-01  5.7e-03  3.2e-01
 186  F 2   3.492e-02   9e-07  0.97  1.0e-01  2.0e-05  0.0e+00  0.0e+00  3.1e-01  6.0e-03  3.2e-01
 186  T 3   3.491e-02   0e+00  0.97  1.0e-01  1.2e-05  8.8e-02  2.1e-01  2.8e-01  2.9e-03  2.9e-01
 187  F 0   3.491e-02   0e+00  0.97  1.0e-01  1.2e-05  0.0e+00  0.0e+00  2.8e-01  3.3e-03  2.8e-01
 187  F 1   3.491e-02   0e+00  0.97  1.0e-01  1.2e-05  0.0e+00  0.0e+00  2.7e-01  1.8e-03  2.7e-01
 187  F 2   3.491e-02   0e+00  0.97  1.0e-01  1.2e-05  0.0e+00  0.0e+00  2.8e-01  2.6e-03  2.8e-01
 187  T 3   3.491e-02   7e-06  0.97  1.0e-01  1.4e-05  9.5e-02  1.6e-01  2.7e-01  2.5e-03  2.8e-01
 188  F 0   3.491e-02   7e-06  0.97  1.0e-01  1.4e-05  0.0e+00  0.0e+00  2.7e-01  2.6e-03  2.7e-01
 188  T 1   3.491e-02   0e+00  0.97  1.0e-01  1.1e-05  1.0e-01  3.0e-01  2.8e-01  1.8e-03  2.8e-01
 189  F 0   3.491e-02   0e+00  0.97  1.0e-01  1.1e-05  0.0e+00  0.0e+00  2.8e-01  2.7e-03  2.8e-01
 189  F 1   3.491e-02   0e+00  0.97  1.0e-01  1.1e-05  0.0e+00  0.0e+00  2.9e-01  2.5e-02  3.1e-01
 189  F 2   3.491e-02   0e+00  0.97  1.0e-01  1.1e-05  0.0e+00  0.0e+00  2.8e-01  2.3e-03  2.8e-01
 189  T 3   3.490e-02   7e-07  0.97  1.0e-01  1.4e-05  1.0e-01  2.0e-01  3.5e-01  1.2e-02  3.6e-01
 190  F 0   3.490e-02   7e-07  0.97  1.0e-01  1.4e-05  0.0e+00  0.0e+00  3.6e-01  1.4e-02  3.7e-01
 190  F 1   3.490e-02   7e-07  0.97  1.0e-01  1.4e-05  0.0e+00  0.0e+00  3.2e-01  4.5e-03  3.2e-01
 190  F 2   3.490e-02   7e-07  0.97  1.0e-01  1.4e-05  0.0e+00  0.0e+00  3.2e-01  1.2e-02  3.4e-01
 190  T 3   3.490e-02   8e-06  0.97  1.0e-01  1.3e-05  6.8e-02  1.3e-01  3.2e-01  8.3e-03  3.2e-01
 191  F 0   3.490e-02   8e-06  0.97  1.0e-01  1.3e-05  0.0e+00  0.0e+00  2.9e-01  3.3e-03  2.9e-01
 191  F 1   3.490e-02   8e-06  0.97  1.0e-01  1.3e-05  0.0e+00  0.0e+00  2.8e-01  2.2e-03  2.9e-01
 191  T 2   3.490e-02   2e-09  0.97  1.0e-01  1.5e-05  9.9e-02  1.9e-01  2.8e-01  2.6e-03  2.8e-01
 192  F 0   3.490e-02   2e-09  0.97  1.0e-01  1.5e-05  0.0e+00  0.0e+00  2.9e-01  2.9e-03  3.0e-01
 192  F 1   3.490e-02   2e-09  0.97  1.0e-01  1.5e-05  0.0e+00  0.0e+00  2.9e-01  2.2e-03  2.9e-01
 192  F 2   3.490e-02   2e-09  0.97  1.0e-01  1.5e-05  0.0e+00  0.0e+00  3.0e-01  2.6e-03  3.1e-01
 192  F 3   3.490e-02   2e-09  0.97  1.0e-01  1.5e-05  0.0e+00  0.0e+00  2.8e-01  2.2e-03  2.8e-01
 192  T 4   3.490e-02   3e-06  0.97  1.0e-01  1.4e-05  1.6e-02  5.7e-02  3.1e-01  4.5e-03  3.1e-01
Termination on Convergence criteria
Total number of system evaluations: 580
