   k  l     Obj        Vio     Bou   ML       |KKT|    |dX|     ||dX||   T_s      T_o      T_t
   0  T 0   3.084e+00   0e+00  0.00  1.0e-01  3.0e+03  1.0e+00  1.0e+00  4.6e-01  0.0e+00  0.0e+00
   1  T 0   1.791e+00   0e+00  0.00  1.0e-01  5.0e-01  1.0e-01  6.0e+00  2.1e-01  4.7e-03  2.2e-01
   2  T 0   1.193e+00   0e+00  0.00  1.0e-01  2.3e-01  1.0e-01  6.0e+00  2.0e-01  1.3e-03  2.0e-01
   3  T 0   8.580e-01   0e+00  0.00  1.0e-01  1.2e-01  1.0e-01  6.0e+00  2.0e-01  1.3e-03  2.0e-01
   4  T 0   5.882e-01   0e+00  0.07  1.0e-01  1.7e-03  1.0e-01  6.0e+00  2.0e-01  1.4e-03  2.0e-01
   5  T 0   4.398e-01   0e+00  0.06  1.0e-01  2.0e-03  1.0e-01  5.8e+00  2.1e-01  1.4e-03  2.1e-01
   6  T 0   3.436e-01   0e+00  0.09  1.0e-01  2.3e-03  1.0e-01  4.7e+00  1.9e-01  1.3e-03  1.9e-01
   7  T 0   2.626e-01   0e+00  0.08  1.0e-01  2.5e-03  1.0e-01  4.3e+00  1.9e-01  1.3e-03  1.9e-01
   8  T 0   2.029e-01   0e+00  0.13  1.0e-01  2.6e-03  1.0e-01  3.9e+00  1.9e-01  1.3e-03  1.9e-01
   9  T 0   1.563e-01   0e+00  0.11  1.0e-01  2.7e-03  1.0e-01  3.5e+00  1.9e-01  1.3e-03  1.9e-01
  10  T 0   1.254e-01   0e+00  0.11  1.0e-01  2.8e-03  1.0e-01  2.9e+00  1.9e-01  1.2e-03  2.0e-01
  11  T 0   1.023e-01   0e+00  0.10  1.0e-01  2.9e-03  1.0e-01  2.8e+00  1.9e-01  1.2e-03  1.9e-01
  12  T 0   8.729e-02   0e+00  0.52  1.0e-01  1.1e-03  1.0e-01  2.4e+00  2.1e-01  1.3e-03  2.2e-01
  13  T 0   7.562e-02   0e+00  0.51  1.0e-01  9.8e-04  1.0e-01  2.3e+00  1.9e-01  1.3e-03  1.9e-01
  14  T 0   6.843e-02   0e+00  0.63  1.0e-01  1.2e-03  1.0e-01  2.1e+00  1.9e-01  1.3e-03  1.9e-01
  15  T 0   6.274e-02   0e+00  0.63  1.0e-01  8.6e-04  1.0e-01  2.1e+00  1.9e-01  1.3e-03  1.9e-01
  16  F 0   6.248e-02   0e+00  0.77  1.0e-01  1.2e-03  1.0e-01  2.0e+00  1.9e-01  1.3e-03  1.9e-01
  17  T 0   5.897e-02   0e+00  0.78  1.0e-01  5.2e-04  1.0e-01  1.9e+00  1.9e-01  1.3e-03  1.9e-01
  18  F 0   5.897e-02   0e+00  0.78  1.0e-01  5.2e-04  0.0e+00  0.0e+00  1.9e-01  1.4e-03  1.9e-01
  18  F 1   5.897e-02   0e+00  0.78  1.0e-01  5.2e-04  0.0e+00  0.0e+00  2.0e-01  1.1e-03  2.0e-01
  18  F 2   5.897e-02   0e+00  0.78  1.0e-01  5.2e-04  0.0e+00  0.0e+00  2.0e-01  1.1e-03  2.0e-01
  18  T 3   5.780e-02   0e+00  0.74  1.0e-01  6.5e-04  6.2e-02  1.0e+00  1.9e-01  1.1e-03  1.9e-01
  19  T 0   5.579e-02   0e+00  0.85  1.0e-01  9.4e-04  1.0e-01  1.7e+00  1.9e-01  1.3e-03  1.9e-01
  20  F 0   5.579e-02   0e+00  0.85  1.0e-01  9.4e-04  0.0e+00  0.0e+00  1.9e-01  1.3e-03  1.9e-01
  20  F 1   5.579e-02   0e+00  0.85  1.0e-01  9.4e-04  0.0e+00  0.0e+00  1.9e-01  1.0e-03  1.9e-01
  20  F 2   5.579e-02   0e+00  0.85  1.0e-01  9.4e-04  0.0e+00  0.0e+00  2.1e-01  1.1e-03  2.1e-01
  20  T 3   5.479e-02   0e+00  0.81  1.0e-01  5.5e-04  6.2e-02  9.4e-01  1.9e-01  1.1e-03  1.9e-01
  21  T 0   5.361e-02   0e+00  0.84  1.0e-01  7.2e-04  1.0e-01  1.7e+00  1.9e-01  1.3e-03  1.9e-01
  22  F 0   5.361e-02   0e+00  0.84  1.0e-01  7.2e-04  0.0e+00  0.0e+00  2.0e-01  1.3e-03  2.0e-01
  22  F 1   5.361e-02   0e+00  0.84  1.0e-01  7.2e-04  0.0e+00  0.0e+00  1.9e-01  1.1e-03  1.9e-01
  22  F 2   5.361e-02   0e+00  0.84  1.0e-01  7.2e-04  0.0e+00  0.0e+00  1.9e-01  1.1e-03  1.9e-01
  22  T 3   5.247e-02   0e+00  0.80  1.0e-01  6.4e-04  6.2e-02  9.5e-01  1.9e-01  1.1e-03  1.9e-01
  23  F 0   5.247e-02   0e+00  0.80  1.0e-01  6.4e-04  0.0e+00  0.0e+00  1.9e-01  1.3e-03  1.9e-01
  23  F 1   5.247e-02   0e+00  0.80  1.0e-01  6.4e-04  0.0e+00  0.0e+00  2.0e-01  1.1e-03  2.1e-01
  23  F 2   5.247e-02   0e+00  0.80  1.0e-01  6.4e-04  0.0e+00  0.0e+00  1.9e-01  1.0e-03  1.9e-01
  23  F 3   5.239e-02   0e+00  0.80  1.0e-01  5.7e-04  6.2e-02  9.2e-01  1.9e-01  1.1e-03  2.0e-01
  24  F 0   5.239e-02   0e+00  0.80  1.0e-01  5.7e-04  0.0e+00  0.0e+00  2.1e-01  1.4e-03  2.1e-01
  24  F 1   5.239e-02   0e+00  0.80  1.0e-01  5.7e-04  0.0e+00  0.0e+00  1.9e-01  1.1e-03  1.9e-01
  24  F 2   5.239e-02   0e+00  0.80  1.0e-01  5.7e-04  0.0e+00  0.0e+00  1.9e-01  1.1e-03  1.9e-01
  24  F 3   5.216e-02   0e+00  0.81  1.0e-01  7.9e-04  6.2e-02  8.9e-01  1.9e-01  1.1e-03  1.9e-01
  25  F 0   5.216e-02   0e+00  0.81  1.0e-01  7.9e-04  0.0e+00  0.0e+00  1.9e-01  1.4e-03  1.9e-01
  25  F 1   5.216e-02   0e+00  0.81  1.0e-01  7.9e-04  0.0e+00  0.0e+00  1.9e-01  1.1e-03  1.9e-01
  25  F 2   5.216e-02   0e+00  0.81  1.0e-01  7.9e-04  0.0e+00  0.0e+00  2.0e-01  1.1e-03  2.0e-01
  25  F 3   5.206e-02   0e+00  0.81  1.0e-01  5.4e-04  6.2e-02  8.7e-01  1.9e-01  1.0e-03  1.9e-01
  26  F 0   5.206e-02   0e+00  0.81  1.0e-01  5.4e-04  0.0e+00  0.0e+00  2.3e-01  2.0e-03  2.3e-01
  26  F 1   5.206e-02   0e+00  0.81  1.0e-01  5.4e-04  0.0e+00  0.0e+00  2.0e-01  1.1e-03  2.1e-01
  26  F 2   5.206e-02   0e+00  0.81  1.0e-01  5.4e-04  0.0e+00  0.0e+00  2.0e-01  1.0e-03  2.0e-01
  26  F 3   5.192e-02   0e+00  0.85  1.0e-01  8.3e-04  6.2e-02  8.8e-01  2.0e-01  1.1e-03  2.0e-01
  27  F 0   5.192e-02   0e+00  0.85  1.0e-01  8.3e-04  0.0e+00  0.0e+00  2.0e-01  1.3e-03  2.0e-01
  27  F 1   5.192e-02   0e+00  0.85  1.0e-01  8.3e-04  0.0e+00  0.0e+00  2.0e-01  1.1e-03  2.0e-01
  27  F 2   5.192e-02   0e+00  0.85  1.0e-01  8.3e-04  0.0e+00  0.0e+00  2.1e-01  1.1e-03  2.2e-01
  27  F 3   5.176e-02   0e+00  0.85  1.0e-01  5.2e-04  6.2e-02  8.5e-01  1.9e-01  1.1e-03  1.9e-01
  28  F 0   5.176e-02   0e+00  0.85  1.0e-01  5.2e-04  0.0e+00  0.0e+00  2.1e-01  2.4e-03  2.1e-01
  28  F 1   5.176e-02   0e+00  0.85  1.0e-01  5.2e-04  0.0e+00  0.0e+00  2.2e-01  2.0e-03  2.2e-01
  28  F 2   5.176e-02   0e+00  0.85  1.0e-01  5.2e-04  0.0e+00  0.0e+00  2.1e-01  2.0e-03  2.1e-01
  28  F 3   5.172e-02   0e+00  0.85  1.0e-01  8.6e-04  6.2e-02  8.7e-01  1.9e-01  1.0e-03  1.9e-01
  29  F 0   5.172e-02   0e+00  0.85  1.0e-01  8.6e-04  0.0e+00  0.0e+00  1.9e-01  1.9e-03  1.9e-01
  29  F 1   5.172e-02   0e+00  0.85  1.0e-01  8.6e-04  0.0e+00  0.0e+00  2.0e-01  1.0e-03  2.0e-01
  29  F 2   5.172e-02   0e+00  0.85  1.0e-01  8.6e-04  0.0e+00  0.0e+00  1.9e-01  1.1e-03  1.9e-01
  29  F 3   5.151e-02   0e+00  0.85  1.0e-01  5.1e-04  6.2e-02  8.4e-01  2.0e-01  1.1e-03  2.0e-01
  30  F 0   5.151e-02   0e+00  0.85  1.0e-01  5.1e-04  0.0e+00  0.0e+00  2.1e-01  2.2e-03  2.1e-01
  30  F 1   5.151e-02   0e+00  0.85  1.0e-01  5.1e-04  0.0e+00  0.0e+00  1.9e-01  2.0e-03  1.9e-01
  30  F 2   5.151e-02   0e+00  0.85  1.0e-01  5.1e-04  0.0e+00  0.0e+00  1.9e-01  1.8e-03  1.9e-01
  30  F 3   5.147e-02   0e+00  0.85  1.0e-01  7.1e-04  6.2e-02  8.4e-01  2.0e-01  1.1e-03  2.0e-01
  31  F 0   5.147e-02   0e+00  0.85  1.0e-01  7.1e-04  0.0e+00  0.0e+00  2.7e-01  2.1e-03  2.7e-01
  31  F 1   5.147e-02   0e+00  0.85  1.0e-01  7.1e-04  0.0e+00  0.0e+00  2.2e-01  1.0e-03  2.2e-01
  31  F 2   5.147e-02   0e+00  0.85  1.0e-01  7.1e-04  0.0e+00  0.0e+00  1.9e-01  1.1e-03  1.9e-01
  31  F 3   5.130e-02   0e+00  0.85  1.0e-01  5.0e-04  6.2e-02  8.2e-01  2.0e-01  1.1e-03  2.0e-01
  32  F 0   5.130e-02   0e+00  0.85  1.0e-01  5.0e-04  0.0e+00  0.0e+00  1.9e-01  2.2e-03  2.0e-01
  32  F 1   5.130e-02   0e+00  0.85  1.0e-01  5.0e-04  0.0e+00  0.0e+00  2.1e-01  2.1e-03  2.1e-01
  32  F 2   5.130e-02   0e+00  0.85  1.0e-01  5.0e-04  0.0e+00  0.0e+00  1.9e-01  1.8e-03  1.9e-01
  32  F 3   5.130e-02   0e+00  0.85  1.0e-01  5.0e-04  0.0e+00  0.0e+00  2.4e-01  2.0e-03  2.4e-01
  32  T 4   5.083e-02   0e+00  0.85  1.0e-01  4.4e-04  3.1e-02  4.2e-01  2.3e-01  1.1e-03  2.3e-01
  33  T 0   4.929e-02   2e-06  0.89  1.0e-01  5.3e-04  1.0e-01  1.4e+00  2.1e-01  2.2e-03  2.1e-01
  34  F 0   4.929e-02   2e-06  0.89  1.0e-01  5.3e-04  0.0e+00  0.0e+00  2.7e-01  2.5e-03  2.7e-01
  34  F 1   4.929e-02   2e-06  0.89  1.0e-01  5.3e-04  0.0e+00  0.0e+00  2.5e-01  2.1e-03  2.5e-01
  34  F 2   4.929e-02   2e-06  0.89  1.0e-01  5.3e-04  0.0e+00  0.0e+00  1.8e-01  2.6e-03  1.9e-01
  34  F 3   4.925e-02   0e+00  0.89  1.0e-01  3.5e-04  1.0e-01  6.3e-01  2.1e-01  1.6e-03  2.1e-01
  35  F 0   4.925e-02   0e+00  0.89  1.0e-01  3.5e-04  0.0e+00  0.0e+00  1.9e-01  2.2e-03  1.9e-01
  35  F 1   4.925e-02   0e+00  0.89  1.0e-01  3.5e-04  0.0e+00  0.0e+00  1.9e-01  2.2e-03  1.9e-01
  35  F 2   4.925e-02   0e+00  0.89  1.0e-01  3.5e-04  0.0e+00  0.0e+00  1.9e-01  1.8e-03  1.9e-01
  35  F 3   4.925e-02   0e+00  0.89  1.0e-01  3.5e-04  0.0e+00  0.0e+00  1.9e-01  1.7e-03  1.9e-01
  35  T 4   4.911e-02   0e+00  0.88  1.0e-01  4.9e-04  8.0e-02  3.1e-01  2.2e-01  2.0e-03  2.2e-01
  36  F 0   4.911e-02   0e+00  0.88  1.0e-01  4.9e-04  0.0e+00  0.0e+00  1.9e-01  2.2e-03  2.0e-01
  36  F 1   4.911e-02   0e+00  0.88  1.0e-01  4.9e-04  0.0e+00  0.0e+00  2.0e-01  2.0e-03  2.1e-01
  36  T 2   4.902e-02   0e+00  0.89  1.0e-01  4.0e-04  1.0e-01  6.3e-01  1.9e-01  2.2e-03  1.9e-01
  37  F 0   4.902e-02   0e+00  0.89  1.0e-01  4.0e-04  0.0e+00  0.0e+00  1.9e-01  2.0e-03  1.9e-01
  37  F 1   4.902e-02   0e+00  0.89  1.0e-01  4.0e-04  0.0e+00  0.0e+00  1.9e-01  1.8e-03  1.9e-01
  37  F 2   4.902e-02   0e+00  0.89  1.0e-01  4.0e-04  0.0e+00  0.0e+00  1.9e-01  1.7e-03  1.9e-01
  37  F 3   4.902e-02   0e+00  0.89  1.0e-01  4.0e-04  0.0e+00  0.0e+00  2.1e-01  1.7e-03  2.1e-01
  37  T 4   4.886e-02   0e+00  0.88  1.0e-01  4.5e-04  8.1e-02  2.9e-01  2.1e-01  2.1e-03  2.1e-01
  38  T 0   4.857e-02   0e+00  0.92  1.0e-01  3.7e-04  1.0e-01  8.4e-01  2.0e-01  2.2e-03  2.0e-01
  39  F 0   4.857e-02   0e+00  0.92  1.0e-01  3.7e-04  0.0e+00  0.0e+00  1.9e-01  2.0e-03  2.0e-01
  39  F 1   4.857e-02   0e+00  0.92  1.0e-01  3.7e-04  0.0e+00  0.0e+00  2.1e-01  1.5e-03  2.1e-01
  39  F 2   4.857e-02   0e+00  0.92  1.0e-01  3.7e-04  0.0e+00  0.0e+00  2.0e-01  1.5e-03  2.0e-01
  39  T 3   4.845e-02   0e+00  0.91  1.0e-01  4.2e-04  1.0e-01  4.2e-01  1.9e-01  1.8e-03  1.9e-01
  40  F 0   4.845e-02   0e+00  0.91  1.0e-01  4.2e-04  0.0e+00  0.0e+00  2.0e-01  2.2e-03  2.0e-01
  40  F 1   4.845e-02   0e+00  0.91  1.0e-01  4.2e-04  0.0e+00  0.0e+00  1.9e-01  1.7e-03  1.9e-01
  40  T 2   4.836e-02   0e+00  0.92  1.0e-01  3.0e-04  1.0e-01  3.7e-01  2.1e-01  1.5e-03  2.1e-01
  41  F 0   4.836e-02   0e+00  0.92  1.0e-01  3.0e-04  0.0e+00  0.0e+00  1.9e-01  2.2e-03  1.9e-01
  41  F 1   4.836e-02   0e+00  0.92  1.0e-01  3.0e-04  0.0e+00  0.0e+00  1.9e-01  1.8e-03  1.9e-01
  41  F 2   4.836e-02   0e+00  0.92  1.0e-01  3.0e-04  0.0e+00  0.0e+00  2.0e-01  1.6e-03  2.0e-01
  41  F 3   4.834e-02   0e+00  0.91  1.0e-01  4.8e-04  1.0e-01  4.0e-01  1.9e-01  2.0e-03  1.9e-01
  42  F 0   4.834e-02   0e+00  0.91  1.0e-01  4.8e-04  0.0e+00  0.0e+00  2.2e-01  2.3e-03  2.2e-01
  42  F 1   4.834e-02   0e+00  0.91  1.0e-01  4.8e-04  0.0e+00  0.0e+00  2.1e-01  2.0e-03  2.1e-01
  42  F 2   4.834e-02   0e+00  0.91  1.0e-01  4.8e-04  0.0e+00  0.0e+00  2.1e-01  1.7e-03  2.1e-01
  42  F 3   4.834e-02   0e+00  0.91  1.0e-01  4.8e-04  0.0e+00  0.0e+00  2.3e-01  1.8e-03  2.3e-01
  42  F 4   4.834e-02   0e+00  0.91  1.0e-01  4.8e-04  0.0e+00  0.0e+00  1.8e-01  1.6e-03  1.9e-01
  42  T 5   4.829e-02   2e-06  0.91  1.0e-01  4.2e-04  1.0e-01  1.7e-01  1.8e-01  1.6e-03  1.9e-01
  43  T 0   4.806e-02   2e-06  0.93  1.0e-01  3.0e-04  1.0e-01  6.5e-01  2.1e-01  2.8e-03  2.2e-01
  44  F 0   4.806e-02   2e-06  0.93  1.0e-01  3.0e-04  0.0e+00  0.0e+00  1.9e-01  2.0e-03  2.0e-01
  44  F 1   4.806e-02   2e-06  0.93  1.0e-01  3.0e-04  0.0e+00  0.0e+00  1.9e-01  1.5e-03  1.9e-01
  44  F 2   4.806e-02   2e-06  0.93  1.0e-01  3.0e-04  0.0e+00  0.0e+00  1.9e-01  2.0e-03  1.9e-01
  44  T 3   4.804e-02   0e+00  0.92  1.0e-01  4.5e-04  1.0e-01  3.4e-01  2.0e-01  2.0e-03  2.0e-01
  45  F 0   4.804e-02   0e+00  0.92  1.0e-01  4.5e-04  0.0e+00  0.0e+00  2.2e-01  2.4e-03  2.2e-01
  45  F 1   4.804e-02   0e+00  0.92  1.0e-01  4.5e-04  0.0e+00  0.0e+00  2.1e-01  2.0e-03  2.1e-01
  45  F 2   4.804e-02   0e+00  0.92  1.0e-01  4.5e-04  0.0e+00  0.0e+00  1.9e-01  1.7e-03  1.9e-01
  45  F 3   4.804e-02   0e+00  0.92  1.0e-01  4.5e-04  0.0e+00  0.0e+00  1.9e-01  1.8e-03  1.9e-01
  45  T 4   4.800e-02   5e-06  0.92  1.0e-01  4.0e-04  3.5e-02  1.2e-01  1.9e-01  1.6e-03  2.0e-01
  46  T 0   4.784e-02   0e+00  0.94  1.0e-01  2.7e-04  1.0e-01  5.3e-01  2.0e-01  2.5e-03  2.0e-01
  47  F 0   4.784e-02   0e+00  0.94  1.0e-01  2.7e-04  0.0e+00  0.0e+00  2.4e-01  2.3e-03  2.4e-01
  47  F 1   4.784e-02   0e+00  0.94  1.0e-01  2.7e-04  0.0e+00  0.0e+00  2.2e-01  1.8e-03  2.3e-01
  47  F 2   4.784e-02   0e+00  0.94  1.0e-01  2.7e-04  0.0e+00  0.0e+00  1.8e-01  2.0e-03  1.9e-01
  47  F 3   4.784e-02   0e+00  0.94  1.0e-01  2.7e-04  0.0e+00  0.0e+00  1.8e-01  2.1e-03  1.9e-01
  47  T 4   4.783e-02   0e+00  0.93  1.0e-01  3.3e-04  1.0e-01  1.7e-01  1.9e-01  2.0e-03  1.9e-01
  48  F 0   4.783e-02   0e+00  0.93  1.0e-01  3.3e-04  0.0e+00  0.0e+00  1.9e-01  2.3e-03  1.9e-01
  48  F 1   4.782e-02   4e-07  0.94  1.0e-01  2.2e-04  1.0e-01  3.8e-01  1.9e-01  1.8e-03  1.9e-01
  49  F 0   4.782e-02   4e-07  0.94  1.0e-01  2.2e-04  0.0e+00  0.0e+00  2.0e-01  1.8e-03  2.0e-01
  49  F 1   4.782e-02   4e-07  0.94  1.0e-01  2.2e-04  0.0e+00  0.0e+00  1.9e-01  1.3e-03  1.9e-01
  49  F 2   4.782e-02   4e-07  0.94  1.0e-01  2.2e-04  0.0e+00  0.0e+00  2.0e-01  2.0e-03  2.0e-01
  49  T 3   4.779e-02   0e+00  0.93  1.0e-01  3.5e-04  1.0e-01  3.5e-01  2.0e-01  2.0e-03  2.0e-01
  50  F 0   4.779e-02   0e+00  0.93  1.0e-01  3.5e-04  0.0e+00  0.0e+00  1.9e-01  2.2e-03  1.9e-01
  50  F 1   4.779e-02   0e+00  0.93  1.0e-01  3.5e-04  0.0e+00  0.0e+00  1.9e-01  2.1e-03  1.9e-01
  50  F 2   4.779e-02   0e+00  0.93  1.0e-01  3.5e-04  0.0e+00  0.0e+00  1.9e-01  1.8e-03  1.9e-01
  50  F 3   4.779e-02   0e+00  0.93  1.0e-01  3.5e-04  0.0e+00  0.0e+00  1.9e-01  1.8e-03  2.0e-01
  50  T 4   4.775e-02   1e-06  0.93  1.0e-01  3.0e-04  3.7e-02  1.3e-01  1.9e-01  1.6e-03  1.9e-01
  51  T 0   4.766e-02   0e+00  0.95  1.0e-01  3.5e-04  1.0e-01  4.4e-01  1.9e-01  2.5e-03  1.9e-01
  52  F 0   4.766e-02   0e+00  0.95  1.0e-01  3.5e-04  0.0e+00  0.0e+00  1.9e-01  1.6e-03  2.0e-01
  52  F 1   4.766e-02   0e+00  0.95  1.0e-01  3.5e-04  0.0e+00  0.0e+00  1.9e-01  1.5e-03  2.0e-01
  52  F 2   4.766e-02   0e+00  0.95  1.0e-01  3.5e-04  0.0e+00  0.0e+00  2.0e-01  1.5e-03  2.0e-01
  52  T 3   4.764e-02   2e-07  0.95  1.0e-01  2.9e-04  6.1e-02  1.4e-01  1.9e-01  1.6e-03  2.0e-01
  53  T 0   4.757e-02   0e+00  0.95  1.0e-01  2.7e-04  1.0e-01  4.1e-01  1.9e-01  2.0e-03  1.9e-01
  54  F 0   4.757e-02   0e+00  0.95  1.0e-01  2.7e-04  0.0e+00  0.0e+00  1.9e-01  2.1e-03  1.9e-01
  54  F 1   4.757e-02   0e+00  0.95  1.0e-01  2.7e-04  0.0e+00  0.0e+00  1.9e-01  1.8e-03  1.9e-01
  54  F 2   4.757e-02   0e+00  0.95  1.0e-01  2.7e-04  0.0e+00  0.0e+00  1.9e-01  1.8e-03  1.9e-01
  54  F 3   4.757e-02   0e+00  0.95  1.0e-01  2.7e-04  0.0e+00  0.0e+00  1.9e-01  2.1e-03  1.9e-01
  54  F 4   4.757e-02   0e+00  0.95  1.0e-01  2.7e-04  0.0e+00  0.0e+00  1.9e-01  2.0e-03  2.0e-01
  54  T 5   4.757e-02   2e-07  0.95  1.0e-01  3.4e-04  1.0e-01  1.3e-01  1.9e-01  2.3e-03  1.9e-01
  55  F 0   4.757e-02   2e-07  0.95  1.0e-01  3.4e-04  0.0e+00  0.0e+00  1.9e-01  2.4e-03  1.9e-01
  55  T 1   4.755e-02   0e+00  0.95  1.0e-01  2.0e-04  1.0e-01  2.6e-01  2.2e-01  2.0e-03  2.3e-01
  56  F 0   4.755e-02   0e+00  0.95  1.0e-01  2.0e-04  0.0e+00  0.0e+00  2.0e-01  1.8e-03  2.1e-01
  56  F 1   4.755e-02   0e+00  0.95  1.0e-01  2.0e-04  0.0e+00  0.0e+00  1.9e-01  1.8e-03  1.9e-01
  56  F 2   4.755e-02   0e+00  0.95  1.0e-01  2.0e-04  0.0e+00  0.0e+00  2.0e-01  2.0e-03  2.0e-01
  56  F 3   4.755e-02   0e+00  0.95  1.0e-01  2.0e-04  0.0e+00  0.0e+00  2.0e-01  2.2e-03  2.0e-01
  56  T 4   4.754e-02   4e-08  0.95  1.0e-01  2.8e-04  1.0e-01  1.9e-01  2.2e-01  2.2e-03  2.3e-01
  57  F 0   4.754e-02   4e-08  0.95  1.0e-01  2.8e-04  0.0e+00  0.0e+00  1.9e-01  2.2e-03  1.9e-01
  57  F 1   4.754e-02   4e-08  0.95  1.0e-01  2.8e-04  0.0e+00  0.0e+00  1.9e-01  1.8e-03  1.9e-01
  57  T 2   4.753e-02   1e-06  0.95  1.0e-01  2.1e-04  6.2e-02  1.7e-01  1.9e-01  2.0e-03  1.9e-01
  58  F 0   4.753e-02   1e-06  0.95  1.0e-01  2.1e-04  0.0e+00  0.0e+00  1.9e-01  1.8e-03  1.9e-01
  58  F 1   4.753e-02   1e-06  0.95  1.0e-01  2.1e-04  0.0e+00  0.0e+00  1.9e-01  1.8e-03  1.9e-01
  58  F 2   4.753e-02   1e-06  0.95  1.0e-01  2.1e-04  0.0e+00  0.0e+00  1.9e-01  2.0e-03  1.9e-01
  58  F 3   4.753e-02   1e-06  0.95  1.0e-01  2.1e-04  0.0e+00  0.0e+00  2.0e-01  2.0e-03  2.0e-01
  58  F 4   4.753e-02   1e-06  0.95  1.0e-01  2.1e-04  0.0e+00  0.0e+00  2.5e-01  2.2e-03  2.5e-01
  58  T 5   4.752e-02   7e-08  0.95  1.0e-01  2.7e-04  5.3e-02  1.0e-01  1.9e-01  2.3e-03  1.9e-01
  59  T 0   4.749e-02   2e-08  0.96  1.0e-01  1.6e-04  1.0e-01  3.1e-01  2.0e-01  2.4e-03  2.0e-01
  60  F 0   4.749e-02   2e-08  0.96  1.0e-01  1.6e-04  0.0e+00  0.0e+00  1.9e-01  2.1e-03  1.9e-01
  60  F 1   4.749e-02   2e-08  0.96  1.0e-01  1.6e-04  0.0e+00  0.0e+00  1.9e-01  1.8e-03  1.9e-01
  60  F 2   4.749e-02   2e-08  0.96  1.0e-01  1.6e-04  0.0e+00  0.0e+00  1.9e-01  2.0e-03  1.9e-01
  60  F 3   4.749e-02   2e-08  0.96  1.0e-01  1.6e-04  0.0e+00  0.0e+00  1.9e-01  2.2e-03  1.9e-01
  60  F 4   4.749e-02   2e-08  0.96  1.0e-01  1.6e-04  0.0e+00  0.0e+00  1.9e-01  2.2e-03  2.0e-01
  60  T 5   4.748e-02   0e+00  0.95  1.0e-01  2.6e-04  1.0e-01  1.6e-01  2.5e-01  2.4e-03  2.5e-01
  61  F 0   4.748e-02   0e+00  0.95  1.0e-01  2.6e-04  0.0e+00  0.0e+00  2.5e-01  2.4e-03  2.6e-01
  61  T 1   4.746e-02   0e+00  0.96  1.0e-01  2.7e-04  8.1e-02  2.2e-01  2.6e-01  2.0e-03  2.6e-01
  62  F 0   4.746e-02   0e+00  0.96  1.0e-01  2.7e-04  0.0e+00  0.0e+00  2.7e-01  1.9e-03  2.7e-01
  62  F 1   4.746e-02   0e+00  0.96  1.0e-01  2.7e-04  0.0e+00  0.0e+00  2.0e-01  1.8e-03  2.0e-01
  62  T 2   4.746e-02   0e+00  0.96  1.0e-01  1.8e-04  6.9e-02  1.3e-01  1.9e-01  1.8e-03  1.9e-01
  63  F 0   4.746e-02   0e+00  0.96  1.0e-01  1.8e-04  0.0e+00  0.0e+00  2.2e-01  2.0e-03  2.2e-01
  63  F 1   4.746e-02   0e+00  0.96  1.0e-01  1.8e-04  0.0e+00  0.0e+00  2.0e-01  1.8e-03  2.0e-01
  63  F 2   4.746e-02   0e+00  0.96  1.0e-01  1.8e-04  0.0e+00  0.0e+00  2.0e-01  1.9e-03  2.0e-01
  63  T 3   4.745e-02   0e+00  0.96  1.0e-01  2.4e-04  9.0e-02  1.2e-01  1.9e-01  2.0e-03  1.9e-01
  64  F 0   4.745e-02   0e+00  0.96  1.0e-01  2.4e-04  0.0e+00  0.0e+00  1.8e-01  2.0e-03  1.9e-01
  64  F 1   4.745e-02   0e+00  0.96  1.0e-01  2.4e-04  0.0e+00  0.0e+00  1.9e-01  1.8e-03  1.9e-01
  64  F 2   4.745e-02   0e+00  0.96  1.0e-01  2.4e-04  0.0e+00  0.0e+00  1.9e-01  1.7e-03  1.9e-01
  64  T 3   4.745e-02   0e+00  0.96  1.0e-01  2.0e-04  3.2e-02  6.7e-02  1.9e-01  2.0e-03  1.9e-01
  65  T 0   4.742e-02   2e-12  0.96  1.0e-01  2.3e-04  6.8e-02  2.2e-01  1.9e-01  1.8e-03  1.9e-01
  66  F 0   4.742e-02   2e-12  0.96  1.0e-01  2.3e-04  0.0e+00  0.0e+00  2.0e-01  1.8e-03  2.0e-01
  66  F 1   4.742e-02   2e-12  0.96  1.0e-01  2.3e-04  0.0e+00  0.0e+00  1.9e-01  1.8e-03  1.9e-01
  66  T 2   4.742e-02   7e-07  0.96  1.0e-01  1.9e-04  3.1e-02  9.8e-02  1.9e-01  1.7e-03  1.9e-01
  67  F 0   4.742e-02   7e-07  0.96  1.0e-01  1.9e-04  0.0e+00  0.0e+00  2.0e-01  1.9e-03  2.0e-01
  67  F 1   4.742e-02   7e-07  0.96  1.0e-01  1.9e-04  0.0e+00  0.0e+00  2.0e-01  1.9e-03  2.0e-01
  67  F 2   4.742e-02   7e-07  0.96  1.0e-01  1.9e-04  0.0e+00  0.0e+00  1.9e-01  1.9e-03  1.9e-01
  67  T 3   4.741e-02   0e+00  0.96  1.0e-01  2.3e-04  4.7e-02  7.8e-02  1.9e-01  2.0e-03  1.9e-01
  68  F 0   4.741e-02   0e+00  0.96  1.0e-01  2.3e-04  0.0e+00  0.0e+00  1.8e-01  1.9e-03  1.9e-01
  68  F 1   4.741e-02   0e+00  0.96  1.0e-01  2.3e-04  0.0e+00  0.0e+00  1.9e-01  1.7e-03  1.9e-01
  68  F 2   4.741e-02   0e+00  0.96  1.0e-01  2.3e-04  0.0e+00  0.0e+00  1.9e-01  1.8e-03  1.9e-01
  68  T 3   4.741e-02   1e-05  0.96  1.0e-01  2.1e-04  1.4e-02  4.5e-02  1.9e-01  1.5e-03  1.9e-01
  69  T 0   4.739e-02   3e-14  0.97  1.0e-01  2.2e-04  8.2e-02  1.8e-01  1.8e-01  1.9e-03  1.9e-01
  70  F 0   4.739e-02   3e-14  0.97  1.0e-01  2.2e-04  0.0e+00  0.0e+00  1.8e-01  1.7e-03  1.9e-01
  70  F 1   4.739e-02   3e-14  0.97  1.0e-01  2.2e-04  0.0e+00  0.0e+00  1.8e-01  1.6e-03  1.9e-01
  70  T 2   4.739e-02   5e-06  0.97  1.0e-01  2.0e-04  3.0e-02  6.9e-02  1.8e-01  1.6e-03  1.9e-01
  71  F 0   4.739e-02   5e-06  0.97  1.0e-01  2.0e-04  0.0e+00  0.0e+00  2.0e-01  2.0e-03  2.0e-01
  71  F 1   4.739e-02   5e-06  0.97  1.0e-01  2.0e-04  0.0e+00  0.0e+00  2.1e-01  1.7e-03  2.1e-01
  71  T 2   4.739e-02   0e+00  0.97  1.0e-01  2.4e-04  5.4e-02  8.3e-02  2.1e-01  1.8e-03  2.1e-01
  72  F 0   4.739e-02   0e+00  0.97  1.0e-01  2.4e-04  0.0e+00  0.0e+00  2.0e-01  2.1e-03  2.1e-01
  72  F 1   4.739e-02   0e+00  0.97  1.0e-01  2.4e-04  0.0e+00  0.0e+00  2.1e-01  1.8e-03  2.1e-01
  72  F 2   4.739e-02   0e+00  0.97  1.0e-01  2.4e-04  0.0e+00  0.0e+00  2.0e-01  1.9e-03  2.0e-01
  72  T 3   4.738e-02   7e-06  0.97  1.0e-01  2.1e-04  1.8e-02  5.2e-02  2.0e-01  1.6e-03  2.1e-01
  73  T 0   4.737e-02   1e-13  0.97  1.0e-01  1.2e-04  8.9e-02  1.8e-01  2.0e-01  2.0e-03  2.1e-01
  74  T 0   4.736e-02   0e+00  0.97  1.0e-01  1.3e-04  8.7e-02  1.8e-01  2.0e-01  1.8e-03  2.1e-01
  75  F 0   4.736e-02   3e-07  0.97  1.0e-01  9.4e-05  1.0e-01  2.2e-01  2.3e-01  2.1e-03  2.3e-01
  76  F 0   4.736e-02   3e-07  0.97  1.0e-01  9.4e-05  0.0e+00  0.0e+00  2.6e-01  2.1e-03  2.6e-01
  76  F 1   4.736e-02   3e-07  0.97  1.0e-01  9.4e-05  0.0e+00  0.0e+00  2.0e-01  1.9e-03  2.0e-01
  76  F 2   4.736e-02   3e-07  0.97  1.0e-01  9.4e-05  0.0e+00  0.0e+00  2.0e-01  2.2e-03  2.1e-01
  76  F 3   4.736e-02   3e-07  0.97  1.0e-01  9.4e-05  0.0e+00  0.0e+00  2.1e-01  2.5e-03  2.2e-01
  76  F 4   4.736e-02   3e-07  0.97  1.0e-01  9.4e-05  0.0e+00  0.0e+00  2.0e-01  2.5e-03  2.1e-01
  76  T 5   4.735e-02   0e+00  0.96  1.0e-01  1.1e-04  5.1e-02  8.4e-02  2.0e-01  2.1e-03  2.1e-01
  77  F 0   4.735e-02   0e+00  0.96  1.0e-01  1.1e-04  0.0e+00  0.0e+00  2.4e-01  2.6e-03  2.4e-01
  77  F 1   4.735e-02   0e+00  0.96  1.0e-01  1.1e-04  0.0e+00  0.0e+00  2.3e-01  2.1e-03  2.3e-01
  77  T 2   4.735e-02   5e-07  0.97  1.0e-01  1.0e-04  3.6e-02  7.8e-02  2.2e-01  2.0e-03  2.2e-01
  78  F 0   4.735e-02   5e-07  0.97  1.0e-01  1.0e-04  0.0e+00  0.0e+00  2.4e-01  2.2e-03  2.4e-01
  78  F 1   4.735e-02   5e-07  0.97  1.0e-01  1.0e-04  0.0e+00  0.0e+00  2.2e-01  1.6e-03  2.2e-01
  78  T 2   4.734e-02   1e-06  0.97  1.0e-01  7.4e-05  3.1e-02  8.2e-02  2.2e-01  1.9e-03  2.2e-01
Termination on Convergence criteria
Total number of system evaluations: 222
