   k  l     Obj        Vio     Bou   ML       |KKT|    |dX|     ||dX||   T_s      T_o      T_t
   0  T 0   1.070e-01   0e+00  0.00  1.0e-01  1.2e+03  1.0e+00  1.0e+00  6.7e-01  0.0e+00  0.0e+00
   1  T 0   9.432e-03   0e+00  0.00  1.0e-01  2.0e-02  1.0e-01  5.6e+00  3.0e-01  3.7e-03  3.0e-01
   2  T 0   7.875e-05   0e+00  0.00  1.0e-01  4.3e-04  1.0e-01  5.6e+00  3.0e-01  1.1e-03  3.0e-01
   3  T 0  -2.432e-05   0e+00  0.00  1.0e-01  4.1e-04  1.0e-01  4.4e+00  2.9e-01  1.1e-03  2.9e-01
   4  T 0  -1.142e-03   0e+00  0.00  1.0e-01  9.2e-03  1.0e-01  3.4e+00  2.8e-01  1.1e-03  2.9e-01
   5  T 0  -9.052e-03   0e+00  0.00  1.0e-01  4.0e-02  1.0e-01  3.8e+00  2.9e-01  1.1e-03  2.9e-01
   6  T 0  -2.944e-02   0e+00  0.00  1.0e-01  5.7e-02  1.0e-01  4.0e+00  2.9e-01  1.1e-03  2.9e-01
   7  T 0  -7.849e-02   0e+00  0.01  1.0e-01  7.3e-02  1.0e-01  3.9e+00  2.9e-01  1.1e-03  2.9e-01
   8  T 0  -1.644e-01   0e+00  0.36  1.0e-01  8.3e-02  1.0e-01  3.9e+00  2.9e-01  2.4e-03  2.9e-01
   9  T 0  -2.755e-01   0e+00  0.43  1.0e-01  8.5e-02  1.0e-01  3.8e+00  2.9e-01  1.8e-03  2.9e-01
  10  T 0  -4.005e-01   3e-06  0.50  1.0e-01  8.0e-02  1.0e-01  3.6e+00  2.9e-01  2.0e-03  2.9e-01
  11  T 0  -5.249e-01   1e-06  0.57  1.0e-01  6.9e-02  1.0e-01  3.3e+00  2.9e-01  1.9e-03  2.9e-01
  12  T 0  -6.339e-01   0e+00  0.63  1.0e-01  5.7e-02  1.0e-01  3.1e+00  2.9e-01  1.9e-03  2.9e-01
  13  T 0  -7.224e-01   0e+00  0.70  1.0e-01  4.4e-02  1.0e-01  2.8e+00  2.9e-01  2.1e-03  2.9e-01
  14  T 0  -7.931e-01   6e-08  0.73  1.0e-01  3.4e-02  1.0e-01  2.6e+00  2.9e-01  1.6e-03  2.9e-01
  15  T 0  -8.364e-01   3e-07  0.80  1.0e-01  4.0e-03  1.0e-01  2.2e+00  2.9e-01  1.7e-03  2.9e-01
  16  T 0  -8.589e-01   2e-07  0.85  1.0e-01  4.2e-03  1.0e-01  1.9e+00  2.9e-01  1.8e-03  2.9e-01
  17  T 0  -8.728e-01   0e+00  0.88  1.0e-01  5.2e-03  1.0e-01  1.6e+00  2.8e-01  1.7e-03  2.9e-01
  18  T 0  -8.819e-01   9e-07  0.90  1.0e-01  5.9e-03  1.0e-01  1.3e+00  2.9e-01  1.6e-03  2.9e-01
  19  T 0  -8.880e-01   0e+00  0.92  1.0e-01  6.4e-03  1.0e-01  1.0e+00  2.9e-01  1.8e-03  2.9e-01
  20  T 0  -8.930e-01   0e+00  0.93  1.0e-01  6.9e-03  1.0e-01  9.0e-01  2.9e-01  1.7e-03  2.9e-01
  21  T 0  -8.972e-01   2e-06  0.93  1.0e-01  7.4e-03  1.0e-01  7.9e-01  2.9e-01  1.5e-03  2.9e-01
  22  T 0  -9.011e-01   0e+00  0.94  1.0e-01  7.8e-03  1.0e-01  7.7e-01  2.8e-01  1.6e-03  2.9e-01
  23  T 0  -9.046e-01   2e-07  0.94  1.0e-01  8.1e-03  1.0e-01  7.8e-01  2.8e-01  1.8e-03  2.9e-01
  24  T 0  -9.076e-01   0e+00  0.95  1.0e-01  8.4e-03  1.0e-01  7.5e-01  2.9e-01  1.6e-03  2.9e-01
  25  T 0  -9.096e-01   6e-08  0.96  1.0e-01  8.7e-03  1.0e-01  6.4e-01  2.7e-01  1.7e-03  2.7e-01
  26  T 0  -9.108e-01   4e-06  0.96  1.0e-01  8.9e-03  1.0e-01  5.4e-01  1.8e-01  1.3e-03  1.8e-01
  27  T 0  -9.117e-01   9e-06  0.96  1.0e-01  9.0e-03  1.0e-01  4.9e-01  1.9e-01  1.3e-03  1.9e-01
  28  T 0  -9.125e-01   0e+00  0.96  1.0e-01  9.1e-03  1.0e-01  4.5e-01  1.9e-01  1.0e-03  1.9e-01
  29  T 0  -9.134e-01   0e+00  0.97  1.0e-01  9.1e-03  1.0e-01  4.2e-01  1.9e-01  1.1e-03  1.9e-01
  30  T 0  -9.141e-01   0e+00  0.97  1.0e-01  9.2e-03  1.0e-01  3.6e-01  1.9e-01  1.1e-03  2.0e-01
  31  T 0  -9.150e-01   1e-05  0.97  1.0e-01  9.2e-03  1.0e-01  3.5e-01  2.1e-01  9.5e-04  2.1e-01
  32  T 0  -9.161e-01   0e+00  0.97  1.0e-01  9.0e-03  1.0e-01  3.2e-01  1.9e-01  1.1e-03  1.9e-01
  33  T 0  -9.172e-01   0e+00  0.97  1.0e-01  8.8e-03  1.0e-01  3.2e-01  1.9e-01  1.1e-03  1.9e-01
  34  T 0  -9.184e-01   0e+00  0.97  1.0e-01  8.5e-03  1.0e-01  3.1e-01  1.9e-01  1.1e-03  1.9e-01
  35  T 0  -9.195e-01   0e+00  0.97  1.0e-01  8.3e-03  1.0e-01  3.3e-01  2.0e-01  9.5e-04  2.0e-01
  36  T 0  -9.206e-01   0e+00  0.97  1.0e-01  8.1e-03  1.0e-01  3.3e-01  1.9e-01  1.1e-03  1.9e-01
  37  T 0  -9.217e-01   0e+00  0.97  1.0e-01  7.9e-03  1.0e-01  3.5e-01  1.9e-01  1.1e-03  2.0e-01
  38  T 0  -9.229e-01   4e-05  0.97  1.0e-01  7.7e-03  1.0e-01  3.5e-01  2.4e-01  1.3e-03  2.4e-01
  39  T 0  -9.241e-01   5e-13  0.97  1.0e-01  7.5e-03  1.0e-01  3.5e-01  2.1e-01  1.1e-03  2.2e-01
  40  T 0  -9.245e-01   0e+00  0.97  1.0e-01  4.5e-03  1.0e-01  3.3e-01  2.4e-01  9.3e-04  2.4e-01
  41  T 0  -9.249e-01   0e+00  0.97  1.0e-01  4.6e-03  1.0e-01  3.2e-01  1.9e-01  1.1e-03  2.0e-01
  42  T 0  -9.252e-01   0e+00  0.97  1.0e-01  4.6e-03  1.0e-01  3.0e-01  1.9e-01  1.1e-03  1.9e-01
  43  T 0  -9.256e-01   5e-05  0.97  1.0e-01  4.6e-03  1.0e-01  2.7e-01  1.9e-01  9.6e-04  1.9e-01
  44  T 0  -9.259e-01   0e+00  0.97  1.0e-01  4.5e-03  1.0e-01  2.7e-01  1.9e-01  1.1e-03  1.9e-01
  45  T 0  -9.263e-01   0e+00  0.97  1.0e-01  4.6e-03  1.0e-01  2.7e-01  1.9e-01  1.1e-03  1.9e-01
  46  T 0  -9.268e-01   0e+00  0.97  1.0e-01  4.6e-03  1.0e-01  2.2e-01  2.0e-01  1.0e-03  2.0e-01
  47  T 0  -9.274e-01   0e+00  0.97  1.0e-01  4.6e-03  9.0e-02  2.2e-01  1.9e-01  8.4e-04  1.9e-01
  48  T 0  -9.281e-01   0e+00  0.98  1.0e-01  4.6e-03  1.0e-01  2.1e-01  1.9e-01  1.1e-03  1.9e-01
  49  T 0  -9.288e-01   0e+00  0.98  1.0e-01  4.6e-03  1.0e-01  2.2e-01  1.9e-01  9.8e-04  1.9e-01
  50  T 0  -9.296e-01   0e+00  0.98  1.0e-01  4.6e-03  1.0e-01  2.4e-01  1.9e-01  1.1e-03  2.0e-01
  51  T 0  -9.306e-01   2e-05  0.98  1.0e-01  4.5e-03  1.0e-01  2.7e-01  1.9e-01  9.4e-04  1.9e-01
  52  T 0  -9.319e-01   0e+00  0.98  1.0e-01  4.4e-03  1.0e-01  3.1e-01  1.9e-01  1.0e-03  1.9e-01
  53  T 0  -9.333e-01   0e+00  0.98  1.0e-01  4.5e-03  1.0e-01  3.8e-01  1.9e-01  1.1e-03  1.9e-01
  54  T 0  -9.350e-01   0e+00  0.98  1.0e-01  4.6e-03  1.0e-01  3.8e-01  2.0e-01  1.1e-03  2.0e-01
  55  T 0  -9.366e-01   0e+00  0.98  1.0e-01  4.7e-03  1.0e-01  3.9e-01  2.0e-01  1.1e-03  2.0e-01
  56  T 0  -9.383e-01   0e+00  0.98  1.0e-01  4.8e-03  1.0e-01  4.1e-01  2.0e-01  1.1e-03  2.0e-01
  57  T 0  -9.401e-01   2e-06  0.98  1.0e-01  4.8e-03  1.0e-01  4.2e-01  2.0e-01  1.1e-03  2.0e-01
  58  T 0  -9.418e-01   5e-06  0.98  1.0e-01  4.8e-03  1.0e-01  4.2e-01  2.2e-01  1.1e-03  2.2e-01
  59  T 0  -9.436e-01   0e+00  0.98  1.0e-01  4.7e-03  1.0e-01  4.3e-01  2.7e-01  1.1e-03  2.7e-01
  60  T 0  -9.450e-01   1e-12  0.98  1.0e-01  4.4e-03  1.0e-01  4.2e-01  2.0e-01  1.1e-03  2.0e-01
  61  T 0  -9.463e-01   6e-12  0.98  1.0e-01  4.5e-03  1.0e-01  4.2e-01  2.1e-01  1.1e-03  2.1e-01
  62  T 0  -9.474e-01   0e+00  0.98  1.0e-01  2.0e-03  1.0e-01  4.2e-01  1.9e-01  9.8e-04  1.9e-01
  63  T 0  -9.482e-01   4e-05  0.98  1.0e-01  1.9e-03  1.0e-01  3.8e-01  1.9e-01  9.2e-04  1.9e-01
  64  T 0  -9.489e-01   4e-12  0.98  1.0e-01  1.9e-03  1.0e-01  3.4e-01  1.9e-01  1.1e-03  1.9e-01
  65  T 0  -9.496e-01   0e+00  0.98  1.0e-01  1.9e-03  1.0e-01  3.3e-01  1.9e-01  9.8e-04  1.9e-01
  66  T 0  -9.503e-01   0e+00  0.98  1.0e-01  1.9e-03  1.0e-01  3.3e-01  1.9e-01  1.1e-03  1.9e-01
  67  T 0  -9.509e-01   0e+00  0.98  1.0e-01  1.9e-03  1.0e-01  3.1e-01  1.9e-01  1.1e-03  1.9e-01
  68  T 0  -9.514e-01   2e-05  0.98  1.0e-01  1.9e-03  1.0e-01  2.8e-01  1.9e-01  9.7e-04  1.9e-01
  69  T 0  -9.520e-01   0e+00  0.98  1.0e-01  1.9e-03  1.0e-01  2.8e-01  2.3e-01  1.0e-03  2.3e-01
  70  T 0  -9.526e-01   0e+00  0.98  1.0e-01  1.9e-03  1.0e-01  2.8e-01  2.0e-01  1.1e-03  2.0e-01
  71  T 0  -9.530e-01   7e-12  0.98  1.0e-01  1.9e-03  1.0e-01  2.3e-01  1.9e-01  1.1e-03  1.9e-01
  72  T 0  -9.534e-01   0e+00  0.98  1.0e-01  1.8e-03  1.0e-01  2.4e-01  2.0e-01  1.1e-03  2.0e-01
  73  T 0  -9.538e-01   3e-05  0.98  1.0e-01  1.7e-03  1.0e-01  2.3e-01  2.1e-01  9.3e-04  2.1e-01
  74  T 0  -9.543e-01   2e-11  0.98  1.0e-01  1.6e-03  1.0e-01  2.5e-01  2.0e-01  1.1e-03  2.0e-01
  75  T 0  -9.548e-01   0e+00  0.98  1.0e-01  1.5e-03  1.0e-01  2.6e-01  2.0e-01  1.1e-03  2.0e-01
  76  T 0  -9.552e-01   0e+00  0.98  1.0e-01  1.5e-03  1.0e-01  2.8e-01  2.0e-01  1.1e-03  2.0e-01
  77  T 0  -9.557e-01   1e-12  0.98  1.0e-01  1.5e-03  1.0e-01  3.0e-01  2.0e-01  1.2e-03  2.1e-01
  78  T 0  -9.562e-01   4e-05  0.98  1.0e-01  1.5e-03  1.0e-01  3.0e-01  2.1e-01  1.0e-03  2.2e-01
  79  T 0  -9.566e-01   6e-06  0.98  1.0e-01  1.5e-03  1.0e-01  3.0e-01  2.2e-01  8.3e-04  2.2e-01
  80  T 0  -9.569e-01   0e+00  0.98  1.0e-01  1.6e-03  1.0e-01  2.6e-01  2.2e-01  1.2e-03  2.2e-01
  81  T 0  -9.572e-01   2e-12  0.98  1.0e-01  1.6e-03  1.0e-01  2.4e-01  2.1e-01  1.2e-03  2.1e-01
  82  T 0  -9.573e-01   5e-12  0.98  1.0e-01  1.6e-03  1.0e-01  2.2e-01  2.4e-01  1.2e-03  2.4e-01
  83  T 0  -9.575e-01   5e-06  0.98  1.0e-01  1.6e-03  1.0e-01  2.0e-01  2.5e-01  1.0e-03  2.5e-01
  84  T 0  -9.576e-01   1e-07  0.98  1.0e-01  1.6e-03  1.0e-01  2.0e-01  2.6e-01  1.7e-03  2.6e-01
  85  T 0  -9.578e-01   0e+00  0.98  1.0e-01  1.6e-03  1.0e-01  1.9e-01  2.6e-01  1.4e-03  2.6e-01
  86  T 0  -9.580e-01   0e+00  0.98  1.0e-01  1.6e-03  1.0e-01  2.0e-01  2.5e-01  1.5e-03  2.5e-01
  87  T 0  -9.582e-01   0e+00  0.98  1.0e-01  1.6e-03  9.4e-02  1.8e-01  2.6e-01  1.2e-03  2.6e-01
  88  T 0  -9.585e-01   0e+00  0.98  1.0e-01  1.6e-03  1.0e-01  1.8e-01  2.6e-01  1.0e-03  2.6e-01
  89  T 0  -9.587e-01   0e+00  0.98  1.0e-01  1.6e-03  1.0e-01  2.0e-01  2.5e-01  1.5e-03  2.5e-01
  90  T 0  -9.590e-01   4e-07  0.98  1.0e-01  1.6e-03  1.0e-01  2.2e-01  2.5e-01  1.7e-03  2.6e-01
  91  T 0  -9.594e-01   2e-05  0.98  1.0e-01  1.5e-03  1.0e-01  2.2e-01  2.4e-01  1.3e-03  2.5e-01
  92  T 0  -9.597e-01   3e-12  0.98  1.0e-01  1.5e-03  1.0e-01  2.3e-01  2.5e-01  1.5e-03  2.5e-01
  93  T 0  -9.602e-01   0e+00  0.98  1.0e-01  1.5e-03  1.0e-01  2.5e-01  2.4e-01  1.5e-03  2.5e-01
  94  T 0  -9.606e-01   0e+00  0.98  1.0e-01  1.4e-03  1.0e-01  2.4e-01  2.5e-01  1.4e-03  2.5e-01
  95  T 0  -9.611e-01   0e+00  0.98  1.0e-01  1.4e-03  1.0e-01  2.7e-01  2.9e-01  1.3e-03  2.9e-01
  96  T 0  -9.616e-01   0e+00  0.98  1.0e-01  1.4e-03  1.0e-01  2.6e-01  2.6e-01  1.5e-03  2.6e-01
  97  T 0  -9.622e-01   0e+00  0.98  1.0e-01  1.4e-03  1.0e-01  2.7e-01  2.4e-01  1.4e-03  2.5e-01
  98  T 0  -9.628e-01   3e-05  0.98  1.0e-01  1.4e-03  1.0e-01  2.9e-01  2.4e-01  1.3e-03  2.5e-01
  99  T 0  -9.635e-01   3e-05  0.98  1.0e-01  1.4e-03  1.0e-01  3.0e-01  2.6e-01  1.3e-03  2.6e-01
 100  T 0  -9.641e-01   0e+00  0.98  1.0e-01  1.5e-03  1.0e-01  2.9e-01  2.4e-01  1.1e-03  2.4e-01
 101  T 0  -9.646e-01   0e+00  0.98  1.0e-01  1.5e-03  1.0e-01  2.8e-01  2.7e-01  1.4e-03  2.7e-01
 102  T 0  -9.652e-01   0e+00  0.98  1.0e-01  1.5e-03  1.0e-01  2.7e-01  2.8e-01  1.4e-03  2.8e-01
 103  T 0  -9.656e-01   0e+00  0.98  1.0e-01  1.1e-03  1.0e-01  2.5e-01  2.4e-01  1.7e-03  2.5e-01
 104  T 0  -9.660e-01   0e+00  0.98  1.0e-01  1.1e-03  1.0e-01  2.3e-01  2.4e-01  1.3e-03  2.5e-01
 105  T 0  -9.663e-01   2e-16  0.98  1.0e-01  1.0e-03  1.0e-01  2.0e-01  2.4e-01  1.4e-03  2.5e-01
 106  T 0  -9.665e-01   0e+00  0.98  1.0e-01  9.1e-04  1.0e-01  1.7e-01  2.4e-01  1.3e-03  2.4e-01
 107  T 0  -9.667e-01   0e+00  0.98  1.0e-01  9.1e-04  1.0e-01  1.7e-01  2.6e-01  1.3e-03  2.6e-01
 108  T 0  -9.669e-01   3e-12  0.98  1.0e-01  9.1e-04  8.3e-02  1.7e-01  2.9e-01  1.5e-03  2.9e-01
 109  T 0  -9.672e-01   0e+00  0.98  1.0e-01  9.0e-04  1.0e-01  1.8e-01  2.4e-01  1.4e-03  2.5e-01
 110  T 0  -9.674e-01   0e+00  0.98  1.0e-01  8.9e-04  1.0e-01  2.0e-01  2.4e-01  1.6e-03  2.5e-01
 111  T 0  -9.677e-01   6e-12  0.98  1.0e-01  8.8e-04  1.0e-01  2.2e-01  2.5e-01  1.5e-03  2.5e-01
 112  T 0  -9.681e-01   0e+00  0.98  1.0e-01  8.7e-04  1.0e-01  2.4e-01  2.4e-01  1.4e-03  2.5e-01
 113  T 0  -9.684e-01   5e-12  0.98  1.0e-01  8.5e-04  1.0e-01  2.5e-01  2.5e-01  1.5e-03  2.5e-01
 114  T 0  -9.688e-01   5e-12  0.98  1.0e-01  8.3e-04  1.0e-01  2.7e-01  2.4e-01  1.5e-03  2.5e-01
 115  T 0  -9.691e-01   3e-05  0.98  1.0e-01  8.0e-04  1.0e-01  2.5e-01  2.5e-01  1.3e-03  2.5e-01
 116  T 0  -9.695e-01   0e+00  0.98  1.0e-01  7.6e-04  1.0e-01  2.6e-01  2.5e-01  1.5e-03  2.5e-01
 117  T 0  -9.698e-01   0e+00  0.98  1.0e-01  7.2e-04  1.0e-01  2.7e-01  2.5e-01  1.5e-03  2.5e-01
 118  T 0  -9.701e-01   3e-05  0.98  1.0e-01  6.9e-04  1.0e-01  2.6e-01  2.7e-01  1.5e-03  2.7e-01
 119  T 0  -9.704e-01   3e-07  0.98  1.0e-01  6.5e-04  1.0e-01  2.6e-01  2.8e-01  1.7e-03  2.9e-01
 120  T 0  -9.708e-01   0e+00  0.98  1.0e-01  6.1e-04  1.0e-01  2.8e-01  2.9e-01  1.5e-03  2.9e-01
 121  T 0  -9.711e-01   0e+00  0.98  1.0e-01  9.0e-04  1.0e-01  2.8e-01  2.8e-01  1.5e-03  2.9e-01
 122  T 0  -9.713e-01   0e+00  0.98  1.0e-01  9.2e-04  1.0e-01  2.6e-01  2.8e-01  1.4e-03  2.9e-01
 123  T 0  -9.716e-01   1e-05  0.98  1.0e-01  9.3e-04  1.0e-01  2.6e-01  2.9e-01  1.4e-03  2.9e-01
 124  T 0  -9.718e-01   0e+00  0.98  1.0e-01  9.4e-04  1.0e-01  2.6e-01  2.8e-01  1.5e-03  2.8e-01
 125  T 0  -9.720e-01   0e+00  0.98  1.0e-01  9.6e-04  1.0e-01  2.3e-01  2.8e-01  1.5e-03  2.8e-01
 126  T 0  -9.722e-01   0e+00  0.98  1.0e-01  9.8e-04  1.0e-01  2.3e-01  2.9e-01  1.3e-03  2.9e-01
 127  T 0  -9.724e-01   0e+00  0.98  1.0e-01  9.9e-04  1.0e-01  2.2e-01  2.8e-01  1.3e-03  2.9e-01
 128  T 0  -9.726e-01   0e+00  0.98  1.0e-01  1.0e-03  1.0e-01  2.1e-01  2.9e-01  1.3e-03  3.0e-01
 129  T 0  -9.728e-01   0e+00  0.98  1.0e-01  1.0e-03  1.0e-01  1.9e-01  2.8e-01  1.5e-03  2.9e-01
 130  T 0  -9.729e-01   7e-13  0.98  1.0e-01  1.0e-03  1.0e-01  1.9e-01  2.8e-01  1.5e-03  2.9e-01
 131  T 0  -9.731e-01   0e+00  0.98  1.0e-01  1.0e-03  1.0e-01  1.8e-01  2.9e-01  1.3e-03  2.9e-01
 132  T 0  -9.732e-01   0e+00  0.98  1.0e-01  1.0e-03  8.7e-02  1.5e-01  2.9e-01  1.6e-03  2.9e-01
 133  T 0  -9.734e-01   0e+00  0.98  1.0e-01  1.1e-03  1.0e-01  1.5e-01  2.9e-01  1.3e-03  2.9e-01
 134  T 0  -9.735e-01   3e-12  0.98  1.0e-01  1.1e-03  1.0e-01  1.5e-01  3.0e-01  1.6e-03  3.0e-01
 135  T 0  -9.737e-01   3e-06  0.98  1.0e-01  1.1e-03  1.0e-01  1.6e-01  2.9e-01  1.1e-03  2.9e-01
 136  T 0  -9.739e-01   1e-05  0.98  1.0e-01  1.1e-03  1.0e-01  1.6e-01  2.8e-01  1.3e-03  2.8e-01
 137  T 0  -9.741e-01   3e-05  0.98  1.0e-01  1.1e-03  1.0e-01  1.7e-01  2.9e-01  1.3e-03  2.9e-01
 138  T 0  -9.743e-01   0e+00  0.98  1.0e-01  1.2e-03  1.0e-01  1.8e-01  2.8e-01  1.6e-03  2.8e-01
 139  T 0  -9.745e-01   0e+00  0.98  1.0e-01  1.2e-03  1.0e-01  1.6e-01  2.8e-01  1.5e-03  2.8e-01
 140  T 0  -9.747e-01   0e+00  0.98  1.0e-01  1.2e-03  1.0e-01  1.9e-01  3.4e-01  1.3e-03  3.4e-01
 141  T 0  -9.750e-01   0e+00  0.98  1.0e-01  1.2e-03  1.0e-01  1.7e-01  2.9e-01  1.7e-03  2.9e-01
 142  T 0  -9.752e-01   0e+00  0.98  1.0e-01  1.3e-03  1.0e-01  1.8e-01  2.9e-01  1.6e-03  2.9e-01
 143  T 0  -9.754e-01   2e-05  0.98  1.0e-01  1.3e-03  1.0e-01  1.9e-01  2.9e-01  1.3e-03  2.9e-01
 144  T 0  -9.757e-01   1e-12  0.98  1.0e-01  1.3e-03  1.0e-01  1.9e-01  2.8e-01  1.5e-03  2.8e-01
 145  T 0  -9.759e-01   2e-05  0.98  1.0e-01  1.3e-03  1.0e-01  1.9e-01  2.8e-01  1.4e-03  2.8e-01
 146  T 0  -9.762e-01   3e-12  0.98  1.0e-01  1.3e-03  1.0e-01  2.0e-01  2.8e-01  1.5e-03  2.9e-01
 147  T 0  -9.764e-01   1e-05  0.98  1.0e-01  6.9e-04  1.0e-01  1.5e-01  2.9e-01  1.3e-03  2.9e-01
 148  T 0  -9.765e-01   0e+00  0.98  1.0e-01  6.8e-04  4.5e-02  1.3e-01  2.9e-01  1.6e-03  2.9e-01
 149  T 0  -9.767e-01   2e-05  0.98  1.0e-01  6.8e-04  4.8e-02  1.3e-01  2.8e-01  1.3e-03  2.8e-01
 150  T 0  -9.768e-01   0e+00  0.98  1.0e-01  6.6e-04  6.1e-02  1.5e-01  2.9e-01  1.5e-03  2.9e-01
 151  T 0  -9.770e-01   0e+00  0.98  1.0e-01  6.4e-04  7.9e-02  1.8e-01  2.9e-01  1.7e-03  2.9e-01
 152  T 0  -9.772e-01   0e+00  0.98  1.0e-01  6.1e-04  9.9e-02  2.1e-01  2.8e-01  1.6e-03  2.9e-01
 153  T 0  -9.775e-01   0e+00  0.98  1.0e-01  5.8e-04  1.0e-01  2.3e-01  2.9e-01  1.6e-03  2.9e-01
 154  T 0  -9.777e-01   0e+00  0.98  1.0e-01  1.3e-03  1.0e-01  2.5e-01  2.8e-01  1.7e-03  2.9e-01
 155  T 0  -9.780e-01   0e+00  0.98  1.0e-01  1.4e-03  1.0e-01  2.7e-01  2.8e-01  1.6e-03  2.8e-01
 156  T 0  -9.782e-01   0e+00  0.98  1.0e-01  1.4e-03  1.0e-01  2.8e-01  2.8e-01  1.5e-03  2.9e-01
 157  T 0  -9.785e-01   2e-07  0.98  1.0e-01  1.5e-03  1.0e-01  2.9e-01  2.8e-01  1.7e-03  2.9e-01
 158  T 0  -9.788e-01   0e+00  0.98  1.0e-01  1.5e-03  1.0e-01  2.9e-01  2.8e-01  1.5e-03  2.8e-01
 159  T 0  -9.790e-01   2e-16  0.98  1.0e-01  1.6e-03  8.9e-02  2.9e-01  2.8e-01  1.5e-03  2.9e-01
 160  T 0  -9.792e-01   5e-05  0.98  1.0e-01  1.6e-03  9.0e-02  2.8e-01  2.8e-01  1.3e-03  2.9e-01
 161  T 0  -9.794e-01   5e-05  0.98  1.0e-01  1.6e-03  9.4e-02  2.5e-01  2.8e-01  1.4e-03  2.9e-01
 162  T 0  -9.796e-01   0e+00  0.98  1.0e-01  1.7e-03  9.5e-02  2.5e-01  2.8e-01  1.6e-03  2.8e-01
 163  T 0  -9.798e-01   0e+00  0.98  1.0e-01  1.7e-03  1.0e-01  2.3e-01  2.4e-01  1.6e-03  2.4e-01
 164  T 0  -9.799e-01   0e+00  0.98  1.0e-01  1.7e-03  1.0e-01  2.1e-01  3.0e-01  1.3e-03  3.0e-01
 165  T 0  -9.801e-01   0e+00  0.98  1.0e-01  1.8e-03  1.0e-01  2.2e-01  2.8e-01  1.2e-03  2.8e-01
 166  T 0  -9.803e-01   2e-05  0.98  1.0e-01  1.8e-03  1.0e-01  2.0e-01  2.9e-01  1.4e-03  2.9e-01
 167  T 0  -9.805e-01   0e+00  0.98  1.0e-01  1.8e-03  1.0e-01  1.9e-01  2.9e-01  1.1e-03  2.9e-01
 168  T 0  -9.807e-01   0e+00  0.98  1.0e-01  1.8e-03  1.0e-01  2.0e-01  2.8e-01  1.6e-03  2.8e-01
 169  T 0  -9.809e-01   0e+00  0.98  1.0e-01  1.8e-03  1.0e-01  2.1e-01  2.8e-01  1.5e-03  2.8e-01
 170  T 0  -9.812e-01   4e-05  0.98  1.0e-01  1.7e-03  9.9e-02  2.0e-01  2.9e-01  1.3e-03  2.9e-01
 171  T 0  -9.814e-01   3e-05  0.98  1.0e-01  1.7e-03  1.0e-01  2.0e-01  2.9e-01  1.3e-03  2.9e-01
 172  T 0  -9.817e-01   0e+00  0.98  1.0e-01  1.6e-03  1.0e-01  2.2e-01  2.9e-01  1.5e-03  2.9e-01
 173  T 0  -9.821e-01   3e-05  0.98  1.0e-01  1.5e-03  1.0e-01  2.3e-01  2.8e-01  1.3e-03  2.9e-01
 174  T 0  -9.824e-01   4e-05  0.98  1.0e-01  1.5e-03  1.0e-01  2.2e-01  3.4e-01  1.3e-03  3.5e-01
 175  T 0  -9.826e-01   0e+00  0.98  1.0e-01  1.4e-03  1.0e-01  2.3e-01  3.1e-01  1.6e-03  3.1e-01
 176  T 0  -9.830e-01   0e+00  0.98  1.0e-01  1.4e-03  1.0e-01  2.2e-01  3.0e-01  1.6e-03  3.0e-01
 177  T 0  -9.833e-01   0e+00  0.98  1.0e-01  1.4e-03  1.0e-01  2.3e-01  2.9e-01  1.3e-03  2.9e-01
 178  T 0  -9.836e-01   0e+00  0.98  1.0e-01  7.2e-04  1.0e-01  2.4e-01  2.9e-01  1.5e-03  2.9e-01
 179  T 0  -9.838e-01   0e+00  0.98  1.0e-01  7.5e-04  1.0e-01  2.3e-01  2.8e-01  1.3e-03  2.9e-01
 180  T 0  -9.840e-01   0e+00  0.98  1.0e-01  7.8e-04  1.0e-01  2.3e-01  2.9e-01  1.6e-03  2.9e-01
 181  T 0  -9.842e-01   0e+00  0.98  1.0e-01  7.9e-04  1.0e-01  2.3e-01  3.1e-01  1.8e-03  3.1e-01
 182  T 0  -9.843e-01   2e-05  0.98  1.0e-01  1.6e-03  1.0e-01  2.1e-01  2.9e-01  1.4e-03  2.9e-01
 183  T 0  -9.845e-01   3e-05  0.98  1.0e-01  1.6e-03  1.0e-01  2.0e-01  2.8e-01  1.3e-03  2.8e-01
 184  T 0  -9.846e-01   1e-05  0.98  1.0e-01  1.7e-03  1.0e-01  1.9e-01  2.8e-01  1.3e-03  2.9e-01
 185  T 0  -9.847e-01   4e-05  0.98  1.0e-01  1.7e-03  1.0e-01  1.9e-01  2.9e-01  1.3e-03  2.9e-01
 186  T 0  -9.848e-01   0e+00  0.98  1.0e-01  1.7e-03  1.0e-01  1.9e-01  3.2e-01  1.5e-03  3.2e-01
 187  T 0  -9.849e-01   4e-12  0.98  1.0e-01  1.8e-03  7.9e-02  1.3e-01  2.9e-01  1.6e-03  2.9e-01
 188  T 0  -9.849e-01   0e+00  0.98  1.0e-01  1.8e-03  4.3e-02  8.7e-02  2.8e-01  1.6e-03  2.8e-01
 189  T 0  -9.850e-01   2e-05  0.98  1.0e-01  1.8e-03  4.5e-02  9.4e-02  2.8e-01  1.3e-03  2.8e-01
 190  T 0  -9.851e-01   0e+00  0.98  1.0e-01  1.8e-03  5.4e-02  1.1e-01  2.9e-01  1.6e-03  2.9e-01
 191  T 0  -9.853e-01   3e-05  0.98  1.0e-01  1.8e-03  6.6e-02  1.2e-01  2.9e-01  1.3e-03  2.9e-01
 192  T 0  -9.854e-01   0e+00  0.98  1.0e-01  1.9e-03  7.9e-02  1.4e-01  2.9e-01  1.7e-03  2.9e-01
 193  T 0  -9.856e-01   0e+00  0.98  1.0e-01  1.9e-03  9.4e-02  1.7e-01  2.9e-01  1.5e-03  2.9e-01
 194  T 0  -9.858e-01   0e+00  0.98  1.0e-01  1.9e-03  1.0e-01  1.9e-01  2.9e-01  1.6e-03  2.9e-01
 195  T 0  -9.860e-01   0e+00  0.98  1.0e-01  1.9e-03  1.0e-01  2.1e-01  2.9e-01  1.6e-03  2.9e-01
 196  T 0  -9.863e-01   0e+00  0.98  1.0e-01  1.9e-03  1.0e-01  2.2e-01  2.9e-01  1.5e-03  2.9e-01
 197  T 0  -9.867e-01   0e+00  0.98  1.0e-01  2.0e-03  1.0e-01  2.3e-01  3.1e-01  1.5e-03  3.1e-01
 198  T 0  -9.870e-01   0e+00  0.98  1.0e-01  1.9e-03  1.0e-01  2.4e-01  2.9e-01  1.5e-03  2.9e-01
 199  T 0  -9.874e-01   0e+00  0.99  1.0e-01  1.9e-03  1.0e-01  2.3e-01  3.0e-01  1.3e-03  3.0e-01
 200  T 0  -9.879e-01   0e+00  0.98  1.0e-01  1.8e-03  1.0e-01  2.3e-01  2.9e-01  1.5e-03  2.9e-01
 201  T 0  -9.883e-01   0e+00  0.98  1.0e-01  1.7e-03  1.0e-01  2.1e-01  2.9e-01  1.3e-03  2.9e-01
 202  T 0  -9.887e-01   0e+00  0.99  1.0e-01  1.6e-03  1.0e-01  2.1e-01  2.8e-01  1.4e-03  2.9e-01
 203  T 0  -9.891e-01   0e+00  0.99  1.0e-01  1.5e-03  1.0e-01  2.3e-01  3.1e-01  1.2e-03  3.1e-01
 204  T 0  -9.895e-01   2e-05  0.99  1.0e-01  1.3e-03  1.0e-01  2.4e-01  2.9e-01  1.3e-03  2.9e-01
 205  T 0  -9.898e-01   0e+00  0.99  1.0e-01  1.2e-03  1.0e-01  2.1e-01  2.9e-01  1.5e-03  2.9e-01
 206  T 0  -9.901e-01   7e-12  0.99  1.0e-01  1.0e-03  1.0e-01  2.2e-01  3.0e-01  1.5e-03  3.0e-01
 207  T 0  -9.903e-01   4e-06  0.99  1.0e-01  7.0e-04  1.0e-01  2.2e-01  2.9e-01  1.3e-03  2.9e-01
 208  T 0  -9.905e-01   0e+00  0.99  1.0e-01  6.8e-04  1.0e-01  2.2e-01  2.9e-01  1.1e-03  2.9e-01
 209  T 0  -9.907e-01   0e+00  0.99  1.0e-01  6.9e-04  1.0e-01  2.1e-01  2.8e-01  1.6e-03  2.9e-01
 210  T 0  -9.909e-01   0e+00  0.99  1.0e-01  7.0e-04  1.0e-01  2.1e-01  2.9e-01  1.1e-03  2.9e-01
 211  T 0  -9.910e-01   0e+00  0.99  1.0e-01  7.0e-04  1.0e-01  2.1e-01  2.9e-01  1.5e-03  3.0e-01
 212  T 0  -9.912e-01   0e+00  0.99  1.0e-01  7.0e-04  1.0e-01  2.0e-01  2.8e-01  1.3e-03  2.9e-01
 213  T 0  -9.913e-01   2e-05  0.99  1.0e-01  7.0e-04  1.0e-01  1.8e-01  3.7e-01  1.3e-03  3.7e-01
 214  T 0  -9.915e-01   3e-12  0.99  1.0e-01  6.9e-04  1.0e-01  1.7e-01  2.9e-01  1.6e-03  2.9e-01
 215  T 0  -9.916e-01   2e-16  0.99  1.0e-01  6.9e-04  1.0e-01  1.3e-01  2.9e-01  1.6e-03  2.9e-01
 216  T 0  -9.917e-01   4e-05  0.99  1.0e-01  6.9e-04  1.0e-01  1.2e-01  2.8e-01  1.3e-03  2.8e-01
 217  T 0  -9.918e-01   0e+00  0.99  1.0e-01  6.7e-04  1.0e-01  1.2e-01  2.9e-01  1.6e-03  2.9e-01
 218  T 0  -9.919e-01   0e+00  0.99  1.0e-01  6.7e-04  1.0e-01  1.2e-01  2.9e-01  1.1e-03  2.9e-01
 219  T 0  -9.920e-01   4e-05  0.99  1.0e-01  6.6e-04  1.0e-01  1.2e-01  2.9e-01  1.4e-03  2.9e-01
 220  T 0  -9.921e-01   0e+00  0.99  1.0e-01  6.4e-04  6.6e-02  1.1e-01  2.9e-01  1.5e-03  2.9e-01
 221  T 0  -9.922e-01   0e+00  0.99  1.0e-01  6.3e-04  6.3e-02  9.4e-02  2.8e-01  1.6e-03  2.9e-01
Termination on Convergence criteria
Total number of system evaluations: 222
