   k  l     Obj        Vio     Bou   ML       |KKT|    |dX|     ||dX||   T_s      T_o      T_t
   0  T 0   3.084e+00   0e+00  0.00  1.0e-01  3.0e+03  1.0e+00  1.0e+00  5.4e-01  0.0e+00  0.0e+00
   1  T 0   1.791e+00   0e+00  0.00  1.1e-01  5.0e-01  1.0e-01  6.0e+00  2.3e-01  4.7e-03  2.3e-01
   2  T 0   1.158e+00   0e+00  0.00  1.2e-01  2.2e-01  1.1e-01  6.6e+00  2.0e-01  1.4e-03  2.0e-01
   3  T 0   7.947e-01   0e+00  0.00  1.3e-01  1.0e-01  1.2e-01  7.3e+00  2.9e-01  1.4e-03  2.9e-01
   4  T 0   5.087e-01   0e+00  0.06  1.5e-01  1.8e-03  1.3e-01  7.8e+00  2.1e-01  1.4e-03  2.1e-01
   5  T 0   3.739e-01   0e+00  0.07  1.6e-01  2.3e-03  1.5e-01  6.8e+00  2.0e-01  1.4e-03  2.0e-01
   6  T 0   2.698e-01   0e+00  0.07  1.8e-01  2.4e-03  1.6e-01  6.4e+00  2.1e-01  1.4e-03  2.1e-01
   7  T 0   1.912e-01   0e+00  0.12  1.9e-01  2.8e-03  1.8e-01  5.8e+00  2.3e-01  1.5e-03  2.4e-01
   8  T 0   1.466e-01   0e+00  0.09  2.1e-01  2.9e-03  1.9e-01  5.3e+00  2.7e-01  1.4e-03  2.7e-01
   9  T 0   1.161e-01   0e+00  0.11  2.4e-01  3.0e-03  2.1e-01  5.0e+00  2.7e-01  1.4e-03  2.7e-01
  10  F 0   1.161e-01   0e+00  0.11  1.2e-01  3.0e-03  0.0e+00  0.0e+00  2.8e-01  1.5e-03  2.8e-01
  10  T 1   9.921e-02   0e+00  0.06  1.3e-01  2.9e-03  1.2e-01  3.0e+00  2.8e-01  1.1e-03  2.8e-01
  11  T 0   8.532e-02   0e+00  0.10  1.4e-01  2.9e-03  1.3e-01  3.0e+00  2.5e-01  1.4e-03  2.5e-01
  12  T 0   8.201e-02   0e+00  0.46  1.6e-01  1.4e-03  1.4e-01  3.1e+00  2.4e-01  1.4e-03  2.4e-01
  13  F 0   8.201e-02   0e+00  0.46  7.8e-02  1.4e-03  0.0e+00  0.0e+00  2.3e-01  1.4e-03  2.3e-01
  13  T 1   7.356e-02   0e+00  0.64  8.6e-02  9.0e-04  7.8e-02  1.8e+00  2.0e-01  1.1e-03  2.0e-01
  14  T 0   6.851e-02   0e+00  0.67  9.5e-02  9.1e-04  8.6e-02  1.8e+00  3.0e-01  1.3e-03  3.0e-01
  15  T 0   6.439e-02   0e+00  0.77  1.0e-01  4.6e-04  9.5e-02  1.8e+00  2.3e-01  1.5e-03  2.3e-01
  16  T 0   6.108e-02   0e+00  0.81  1.1e-01  4.5e-04  1.0e-01  1.9e+00  2.0e-01  1.4e-03  2.0e-01
  17  F 0   6.108e-02   0e+00  0.81  5.7e-02  4.5e-04  0.0e+00  0.0e+00  2.0e-01  1.4e-03  2.1e-01
  17  T 1   5.964e-02   0e+00  0.84  6.3e-02  6.8e-04  5.7e-02  1.1e+00  2.5e-01  1.1e-03  2.5e-01
  18  T 0   5.783e-02   0e+00  0.87  6.9e-02  4.4e-04  6.3e-02  1.2e+00  2.2e-01  1.4e-03  2.2e-01
  19  F 0   5.783e-02   0e+00  0.87  3.5e-02  4.4e-04  0.0e+00  0.0e+00  2.0e-01  1.4e-03  2.0e-01
  19  T 1   5.678e-02   0e+00  0.86  3.8e-02  5.7e-04  3.5e-02  6.9e-01  2.1e-01  1.1e-03  2.1e-01
  20  T 0   5.562e-02   0e+00  0.90  4.2e-02  3.7e-04  3.8e-02  7.3e-01  2.3e-01  1.3e-03  2.3e-01
  21  T 0   5.493e-02   0e+00  0.89  4.6e-02  6.1e-04  4.2e-02  7.6e-01  2.0e-01  1.5e-03  2.0e-01
  22  T 0   5.393e-02   0e+00  0.90  5.1e-02  3.9e-04  4.6e-02  8.1e-01  2.0e-01  1.4e-03  2.0e-01
  23  F 0   5.393e-02   0e+00  0.90  2.5e-02  3.9e-04  0.0e+00  0.0e+00  2.0e-01  1.5e-03  2.0e-01
  23  T 1   5.336e-02   0e+00  0.90  2.8e-02  4.7e-04  2.5e-02  4.6e-01  2.0e-01  1.1e-03  2.0e-01
  24  T 0   5.263e-02   0e+00  0.91  3.1e-02  3.5e-04  2.8e-02  4.9e-01  2.0e-01  1.4e-03  2.0e-01
  25  T 0   5.191e-02   0e+00  0.91  3.4e-02  4.3e-04  3.1e-02  5.1e-01  2.1e-01  1.4e-03  2.1e-01
  26  T 0   5.132e-02   0e+00  0.92  3.7e-02  3.8e-04  3.4e-02  5.3e-01  2.0e-01  1.4e-03  2.0e-01
  27  T 0   5.104e-02   0e+00  0.92  4.1e-02  5.6e-04  3.7e-02  6.0e-01  2.1e-01  1.4e-03  2.1e-01
  28  F 0   5.104e-02   0e+00  0.92  2.0e-02  5.6e-04  0.0e+00  0.0e+00  2.0e-01  2.1e-03  2.0e-01
  28  T 1   5.067e-02   1e-07  0.91  2.3e-02  3.1e-04  2.0e-02  3.2e-01  2.0e-01  2.1e-03  2.0e-01
  29  T 0   5.036e-02   1e-05  0.92  2.5e-02  3.4e-04  2.3e-02  3.5e-01  2.0e-01  1.6e-03  2.0e-01
  30  T 0   5.014e-02   0e+00  0.92  2.7e-02  3.0e-04  2.5e-02  3.5e-01  2.0e-01  2.2e-03  2.0e-01
  31  T 0   4.995e-02   0e+00  0.93  3.0e-02  4.1e-04  2.7e-02  3.8e-01  2.1e-01  2.4e-03  2.1e-01
  32  F 0   4.995e-02   0e+00  0.93  1.5e-02  4.1e-04  0.0e+00  0.0e+00  2.0e-01  2.3e-03  2.1e-01
  32  T 1   4.983e-02   0e+00  0.93  1.6e-02  1.6e-04  1.5e-02  2.1e-01  2.0e-01  2.1e-03  2.1e-01
  33  T 0   4.968e-02   0e+00  0.94  1.8e-02  2.1e-04  1.6e-02  2.2e-01  2.0e-01  2.1e-03  2.1e-01
  34  T 0   4.952e-02   4e-06  0.94  2.0e-02  2.0e-04  1.8e-02  2.5e-01  2.0e-01  2.1e-03  2.0e-01
  35  T 0   4.936e-02   0e+00  0.94  2.2e-02  2.1e-04  2.0e-02  2.6e-01  2.1e-01  2.0e-03  2.1e-01
  36  T 0   4.920e-02   2e-06  0.94  2.4e-02  2.1e-04  2.2e-02  2.8e-01  2.1e-01  2.2e-03  2.1e-01
  37  T 0   4.904e-02   0e+00  0.95  2.7e-02  2.1e-04  2.4e-02  2.9e-01  2.1e-01  1.9e-03  2.1e-01
  38  T 0   4.889e-02   0e+00  0.95  2.9e-02  1.9e-04  2.7e-02  3.0e-01  2.1e-01  1.5e-03  2.1e-01
  39  T 0   4.873e-02   0e+00  0.95  3.2e-02  1.8e-04  2.9e-02  3.1e-01  2.4e-01  1.7e-03  2.4e-01
  40  T 0   4.859e-02   0e+00  0.95  3.5e-02  1.9e-04  3.2e-02  3.3e-01  2.1e-01  2.2e-03  2.1e-01
  41  T 0   4.848e-02   0e+00  0.95  3.9e-02  1.5e-04  3.5e-02  3.4e-01  2.0e-01  2.0e-03  2.0e-01
  42  T 0   4.840e-02   0e+00  0.96  4.3e-02  2.4e-04  3.9e-02  3.5e-01  2.0e-01  2.4e-03  2.0e-01
  43  F 0   4.840e-02   0e+00  0.96  2.1e-02  2.4e-04  0.0e+00  0.0e+00  2.1e-01  2.3e-03  2.1e-01
  43  F 1   4.840e-02   0e+00  0.96  1.1e-02  2.4e-04  0.0e+00  0.0e+00  2.1e-01  1.8e-03  2.1e-01
  43  T 2   4.836e-02   9e-07  0.95  1.2e-02  1.5e-04  1.1e-02  1.2e-01  2.1e-01  2.1e-03  2.1e-01
  44  T 0   4.830e-02   2e-06  0.96  1.3e-02  1.7e-04  1.2e-02  1.3e-01  2.0e-01  2.2e-03  2.0e-01
  45  T 0   4.826e-02   1e-05  0.96  1.4e-02  1.4e-04  1.3e-02  1.3e-01  2.2e-01  2.4e-03  2.2e-01
  46  T 0   4.822e-02   6e-07  0.96  1.6e-02  1.5e-04  1.4e-02  1.3e-01  2.0e-01  2.0e-03  2.0e-01
  47  T 0   4.818e-02   3e-07  0.96  1.7e-02  1.3e-04  1.6e-02  1.4e-01  2.0e-01  2.1e-03  2.1e-01
  48  T 0   4.814e-02   0e+00  0.96  1.9e-02  1.2e-04  1.7e-02  1.5e-01  2.0e-01  2.4e-03  2.0e-01
  49  T 0   4.810e-02   0e+00  0.96  2.1e-02  1.1e-04  1.9e-02  1.7e-01  2.0e-01  1.8e-03  2.1e-01
  50  T 0   4.806e-02   2e-06  0.96  2.3e-02  1.2e-04  2.1e-02  1.7e-01  2.0e-01  2.1e-03  2.0e-01
  51  T 0   4.802e-02   0e+00  0.97  2.5e-02  1.1e-04  2.3e-02  1.8e-01  2.0e-01  1.9e-03  2.0e-01
  52  T 0   4.799e-02   2e-06  0.97  2.8e-02  1.5e-04  2.5e-02  1.9e-01  2.0e-01  1.9e-03  2.0e-01
  53  T 0   4.797e-02   0e+00  0.97  3.1e-02  1.2e-04  2.8e-02  2.1e-01  2.6e-01  2.0e-03  2.6e-01
  54  F 0   4.797e-02   0e+00  0.97  1.5e-02  1.2e-04  0.0e+00  0.0e+00  2.4e-01  2.5e-03  2.4e-01
  54  T 1   4.795e-02   9e-06  0.97  1.7e-02  1.2e-04  1.5e-02  1.3e-01  2.4e-01  2.1e-03  2.4e-01
  55  T 0   4.793e-02   7e-07  0.97  1.8e-02  1.1e-04  1.7e-02  1.3e-01  2.3e-01  2.7e-03  2.4e-01
  56  T 0   4.791e-02   0e+00  0.97  2.0e-02  1.3e-04  1.8e-02  1.4e-01  2.0e-01  2.3e-03  2.0e-01
  57  T 0   4.789e-02   2e-06  0.97  2.2e-02  9.3e-05  2.0e-02  1.4e-01  2.4e-01  2.3e-03  2.4e-01
  58  T 0   4.788e-02   0e+00  0.97  2.5e-02  1.5e-04  2.2e-02  1.6e-01  2.3e-01  2.1e-03  2.3e-01
  59  F 0   4.788e-02   0e+00  0.97  1.2e-02  1.5e-04  0.0e+00  0.0e+00  2.1e-01  2.1e-03  2.1e-01
  59  T 1   4.787e-02   8e-06  0.97  1.4e-02  9.1e-05  1.2e-02  9.7e-02  2.1e-01  1.8e-03  2.1e-01
  60  T 0   4.785e-02   0e+00  0.98  1.5e-02  7.0e-05  1.4e-02  9.9e-02  2.1e-01  2.4e-03  2.1e-01
  61  T 0   4.784e-02   4e-06  0.98  1.6e-02  6.8e-05  1.5e-02  1.1e-01  2.4e-01  2.4e-03  2.4e-01
  62  T 0   4.783e-02   1e-06  0.98  1.8e-02  7.5e-05  1.6e-02  1.1e-01  2.2e-01  2.1e-03  2.2e-01
  63  T 0   4.782e-02   8e-06  0.98  2.0e-02  6.6e-05  1.8e-02  1.2e-01  2.0e-01  1.8e-03  2.0e-01
  64  T 0   4.781e-02   0e+00  0.98  2.2e-02  8.7e-05  2.0e-02  1.3e-01  2.0e-01  2.3e-03  2.0e-01
  65  T 0   4.780e-02   0e+00  0.98  2.4e-02  7.2e-05  2.2e-02  1.4e-01  2.2e-01  2.1e-03  2.2e-01
  66  T 0   4.779e-02   2e-06  0.98  2.6e-02  7.3e-05  2.4e-02  1.6e-01  2.0e-01  2.3e-03  2.0e-01
  67  F 0   4.779e-02   2e-06  0.98  1.3e-02  7.3e-05  0.0e+00  0.0e+00  2.0e-01  2.1e-03  2.1e-01
  67  T 1   4.778e-02   2e-06  0.98  1.4e-02  5.3e-05  1.3e-02  9.5e-02  2.0e-01  2.1e-03  2.0e-01
  68  T 0   4.777e-02   0e+00  0.98  1.6e-02  5.2e-05  1.4e-02  9.7e-02  2.0e-01  1.9e-03  2.0e-01
  69  T 0   4.777e-02   5e-07  0.98  1.8e-02  5.2e-05  1.6e-02  1.0e-01  2.0e-01  2.1e-03  2.1e-01
  70  T 0   4.776e-02   0e+00  0.98  1.9e-02  5.1e-05  1.8e-02  1.1e-01  2.0e-01  2.6e-03  2.1e-01
  71  T 0   4.776e-02   4e-06  0.98  2.1e-02  5.8e-05  1.9e-02  1.2e-01  2.1e-01  2.1e-03  2.1e-01
  72  T 0   4.775e-02   0e+00  0.98  2.3e-02  6.1e-05  2.1e-02  1.3e-01  2.0e-01  2.3e-03  2.1e-01
  73  F 0   4.775e-02   0e+00  0.98  1.2e-02  6.1e-05  0.0e+00  0.0e+00  2.1e-01  1.8e-03  2.1e-01
  73  T 1   4.775e-02   2e-06  0.98  1.3e-02  5.4e-05  1.2e-02  7.9e-02  2.1e-01  1.8e-03  2.2e-01
  74  T 0   4.774e-02   0e+00  0.98  1.4e-02  5.2e-05  1.3e-02  8.2e-02  2.1e-01  1.7e-03  2.1e-01
  75  T 0   4.774e-02   0e+00  0.98  1.6e-02  5.4e-05  1.4e-02  8.6e-02  2.1e-01  2.3e-03  2.1e-01
Termination on Convergence criteria
Total number of system evaluations: 89
