   k  l     Obj         Vio    Bou   ML       |KKT|    |dX|     ||dX|| 
   0  T 0   5.153e-01   0e+00  0.00  1.0e-01  8.2e+02  1.0e+00  1.0e+00
   1  F 0   5.153e-01   0e+00  0.00  1.0e-01  8.2e+02  0.0e+00  0.0e+00
   1  F 1   5.153e-01   0e+00  0.00  1.0e-01  8.2e+02  0.0e+00  0.0e+00
   1  F 2   5.153e-01   0e+00  0.00  1.0e-01  8.2e+02  0.0e+00  0.0e+00
   1  F 3   5.153e-01   0e+00  0.00  1.0e-01  8.2e+02  0.0e+00  0.0e+00
   1  T 4   2.524e-01   0e+00  0.00  1.0e-01  1.0e-03  4.0e-01  1.1e+01
   2  T 0   1.551e-01   0e+00  0.18  1.0e-01  1.5e-04  3.1e-01  1.8e+01
   3  F 0   1.551e-01   0e+00  0.18  1.0e-01  1.5e-04  0.0e+00  0.0e+00
   3  T 1   1.264e-01   0e+00  0.34  1.0e-01  1.4e-04  3.1e-01  1.1e+01
   4  T 0   1.060e-01   0e+00  0.44  1.0e-01  2.4e-04  5.7e-01  1.2e+01
   5  F 0   1.060e-01   0e+00  0.44  1.0e-01  2.4e-04  0.0e+00  0.0e+00
   5  F 1   1.060e-01   0e+00  0.44  1.0e-01  2.4e-04  0.0e+00  0.0e+00
   5  F 2   1.060e-01   0e+00  0.44  1.0e-01  2.4e-04  0.0e+00  0.0e+00
   5  F 3   1.060e-01   0e+00  0.44  1.0e-01  2.4e-04  0.0e+00  0.0e+00
   5  F 4   1.060e-01   0e+00  0.44  1.0e-01  2.4e-04  0.0e+00  0.0e+00
   5  F 5   1.060e-01   0e+00  0.44  1.0e-01  2.4e-04  0.0e+00  0.0e+00
   5  F 6   1.060e-01   0e+00  0.44  1.0e-01  2.4e-04  0.0e+00  0.0e+00
   5  F 7   1.060e-01   0e+00  0.44  1.0e-01  2.4e-04  0.0e+00  0.0e+00
   5  F 8   1.060e-01   0e+00  0.44  1.0e-01  2.4e-04  0.0e+00  0.0e+00
   5  F 9   1.060e-01   0e+00  0.44  1.0e-01  2.4e-04  0.0e+00  0.0e+00
   5  F10   1.060e-01   0e+00  0.44  1.0e-01  2.4e-04  0.0e+00  0.0e+00
   5  F11   1.060e-01   0e+00  0.44  1.0e-01  2.4e-04  0.0e+00  0.0e+00
   5  F12   1.060e-01   0e+00  0.44  1.0e-01  2.4e-04  0.0e+00  0.0e+00
   5  F13   1.060e-01   0e+00  0.44  1.0e-01  2.4e-04  0.0e+00  0.0e+00
   5  F14   1.060e-01   0e+00  0.44  1.0e-01  2.4e-04  0.0e+00  0.0e+00
   5  F15   1.060e-01   0e+00  0.44  1.0e-01  2.4e-04  0.0e+00  0.0e+00
   5  F16   1.060e-01   0e+00  0.44  1.0e-01  2.4e-04  0.0e+00  0.0e+00
   5  F17   1.060e-01   0e+00  0.44  1.0e-01  2.4e-04  0.0e+00  0.0e+00
   5  T18   1.056e-01   0e+00  0.41  1.0e-01  2.1e-04  5.1e-02  2.5e-01
   6  F 0   1.056e-01   0e+00  0.41  1.0e-01  2.1e-04  0.0e+00  0.0e+00
   6  T 1   9.783e-02   0e+00  0.43  1.0e-01  4.8e-03  2.8e-01  3.8e+00
   7  F 0   9.783e-02   0e+00  0.43  1.0e-01  4.8e-03  0.0e+00  0.0e+00
   7  F 1   9.783e-02   0e+00  0.43  1.0e-01  4.8e-03  0.0e+00  0.0e+00
   7  F 2   9.783e-02   0e+00  0.43  1.0e-01  4.8e-03  0.0e+00  0.0e+00
   7  F 3   9.783e-02   0e+00  0.43  1.0e-01  4.8e-03  0.0e+00  0.0e+00
   7  F 4   9.783e-02   0e+00  0.43  1.0e-01  4.8e-03  0.0e+00  0.0e+00
   7  F 5   9.783e-02   0e+00  0.43  1.0e-01  4.8e-03  0.0e+00  0.0e+00
   7  F 6   9.783e-02   0e+00  0.43  1.0e-01  4.8e-03  0.0e+00  0.0e+00
   7  F 7   9.783e-02   0e+00  0.43  1.0e-01  4.8e-03  0.0e+00  0.0e+00
   7  F 8   9.783e-02   0e+00  0.43  1.0e-01  4.8e-03  0.0e+00  0.0e+00
   7  F 9   9.783e-02   0e+00  0.43  1.0e-01  4.8e-03  0.0e+00  0.0e+00
   7  F10   9.783e-02   0e+00  0.43  1.0e-01  4.8e-03  0.0e+00  0.0e+00
   7  F11   9.783e-02   0e+00  0.43  1.0e-01  4.8e-03  0.0e+00  0.0e+00
   7  F12   9.783e-02   0e+00  0.43  1.0e-01  4.8e-03  0.0e+00  0.0e+00
   7  F13   9.783e-02   0e+00  0.43  1.0e-01  4.8e-03  0.0e+00  0.0e+00
   7  F14   9.783e-02   0e+00  0.43  1.0e-01  4.8e-03  0.0e+00  0.0e+00
   7  F15   9.783e-02   0e+00  0.43  1.0e-01  4.8e-03  0.0e+00  0.0e+00
   7  F16   9.783e-02   0e+00  0.43  1.0e-01  4.8e-03  0.0e+00  0.0e+00
   7  F17   9.783e-02   0e+00  0.43  1.0e-01  4.8e-03  0.0e+00  0.0e+00
   7  F18   9.783e-02   0e+00  0.43  1.0e-01  4.8e-03  0.0e+00  0.0e+00
   7  F19   9.783e-02   0e+00  0.43  1.0e-01  4.8e-03  0.0e+00  0.0e+00
   7  F20   9.783e-02   0e+00  0.43  1.0e-01  4.8e-03  0.0e+00  0.0e+00
   7  F21   9.783e-02   0e+00  0.43  1.0e-01  4.8e-03  0.0e+00  0.0e+00
   7  T22   9.780e-02   0e+00  0.43  1.0e-01  2.6e-03  4.3e-07  1.0e-06
   8  F 0   9.780e-02   0e+00  0.43  1.0e-01  2.6e-03  0.0e+00  0.0e+00
   8  F 1   9.780e-02   0e+00  0.43  1.0e-01  2.6e-03  0.0e+00  0.0e+00
   8  F 2   9.780e-02   0e+00  0.43  1.0e-01  2.6e-03  0.0e+00  0.0e+00
   8  F 3   9.780e-02   0e+00  0.43  1.0e-01  2.6e-03  0.0e+00  0.0e+00
   8  F 4   9.780e-02   0e+00  0.43  1.0e-01  2.6e-03  0.0e+00  0.0e+00
   8  F 5   9.780e-02   0e+00  0.43  1.0e-01  2.6e-03  0.0e+00  0.0e+00
   8  F 6   9.780e-02   0e+00  0.43  1.0e-01  2.6e-03  0.0e+00  0.0e+00
   8  F 7   9.780e-02   0e+00  0.43  1.0e-01  2.6e-03  0.0e+00  0.0e+00
   8  F 8   9.780e-02   0e+00  0.43  1.0e-01  2.6e-03  0.0e+00  0.0e+00
   8  F 9   9.780e-02   0e+00  0.43  1.0e-01  2.6e-03  0.0e+00  0.0e+00
   8  F10   9.780e-02   0e+00  0.43  1.0e-01  2.6e-03  0.0e+00  0.0e+00
   8  F11   9.780e-02   0e+00  0.43  1.0e-01  2.6e-03  0.0e+00  0.0e+00
   8  F12   9.780e-02   0e+00  0.43  1.0e-01  2.6e-03  0.0e+00  0.0e+00
   8  F13   9.780e-02   0e+00  0.43  1.0e-01  2.6e-03  0.0e+00  0.0e+00
   8  F14   9.780e-02   0e+00  0.43  1.0e-01  2.6e-03  0.0e+00  0.0e+00
   8  F15   9.780e-02   0e+00  0.43  1.0e-01  2.6e-03  0.0e+00  0.0e+00
   8  F16   9.780e-02   0e+00  0.43  1.0e-01  2.6e-03  0.0e+00  0.0e+00
   8  F17   9.780e-02   0e+00  0.43  1.0e-01  2.6e-03  0.0e+00  0.0e+00
   8  F18   9.780e-02   0e+00  0.43  1.0e-01  2.6e-03  0.0e+00  0.0e+00
   8  F19   9.780e-02   0e+00  0.43  1.0e-01  2.6e-03  0.0e+00  0.0e+00
   8  F20   9.780e-02   0e+00  0.43  1.0e-01  2.6e-03  0.0e+00  0.0e+00
   8  F21   9.780e-02   0e+00  0.43  1.0e-01  2.6e-03  0.0e+00  0.0e+00
   8  T22   9.779e-02   0e+00  0.43  1.0e-01  2.6e-03  6.2e-07  1.8e-06
   9  F 0   9.779e-02   0e+00  0.43  1.0e-01  2.6e-03  0.0e+00  0.0e+00
   9  F 1   9.779e-02   0e+00  0.43  1.0e-01  2.6e-03  0.0e+00  0.0e+00
   9  F 2   9.779e-02   0e+00  0.43  1.0e-01  2.6e-03  0.0e+00  0.0e+00
   9  F 3   9.779e-02   0e+00  0.43  1.0e-01  2.6e-03  0.0e+00  0.0e+00
   9  F 4   9.779e-02   0e+00  0.43  1.0e-01  2.6e-03  0.0e+00  0.0e+00
   9  F 5   9.779e-02   0e+00  0.43  1.0e-01  2.6e-03  0.0e+00  0.0e+00
   9  F 6   9.779e-02   0e+00  0.43  1.0e-01  2.6e-03  0.0e+00  0.0e+00
   9  F 7   9.779e-02   0e+00  0.43  1.0e-01  2.6e-03  0.0e+00  0.0e+00
   9  F 8   9.779e-02   0e+00  0.43  1.0e-01  2.6e-03  0.0e+00  0.0e+00
   9  F 9   9.779e-02   0e+00  0.43  1.0e-01  2.6e-03  0.0e+00  0.0e+00
   9  F10   9.779e-02   0e+00  0.43  1.0e-01  2.6e-03  0.0e+00  0.0e+00
   9  F11   9.779e-02   0e+00  0.43  1.0e-01  2.6e-03  0.0e+00  0.0e+00
   9  F12   9.779e-02   0e+00  0.43  1.0e-01  2.6e-03  0.0e+00  0.0e+00
   9  F13   9.779e-02   0e+00  0.43  1.0e-01  2.6e-03  0.0e+00  0.0e+00
   9  F14   9.779e-02   0e+00  0.43  1.0e-01  2.6e-03  0.0e+00  0.0e+00
   9  F15   9.779e-02   0e+00  0.43  1.0e-01  2.6e-03  0.0e+00  0.0e+00
   9  F16   9.779e-02   0e+00  0.43  1.0e-01  2.6e-03  0.0e+00  0.0e+00
   9  F17   9.779e-02   0e+00  0.43  1.0e-01  2.6e-03  0.0e+00  0.0e+00
   9  F18   9.779e-02   0e+00  0.43  1.0e-01  2.6e-03  0.0e+00  0.0e+00
   9  F19   9.779e-02   0e+00  0.43  1.0e-01  2.6e-03  0.0e+00  0.0e+00
   9  F20   9.779e-02   0e+00  0.43  1.0e-01  2.6e-03  0.0e+00  0.0e+00
   9  F21   9.779e-02   0e+00  0.43  1.0e-01  2.6e-03  0.0e+00  0.0e+00
   9  T22   9.778e-02   0e+00  0.43  1.0e-01  2.6e-03  1.3e-06  3.7e-06
  10  F 0   9.778e-02   0e+00  0.43  1.0e-01  2.6e-03  0.0e+00  0.0e+00
  10  F 1   9.778e-02   0e+00  0.43  1.0e-01  2.6e-03  0.0e+00  0.0e+00
  10  F 2   9.778e-02   0e+00  0.43  1.0e-01  2.6e-03  0.0e+00  0.0e+00
  10  F 3   9.778e-02   0e+00  0.43  1.0e-01  2.6e-03  0.0e+00  0.0e+00
  10  F 4   9.778e-02   0e+00  0.43  1.0e-01  2.6e-03  0.0e+00  0.0e+00
  10  F 5   9.778e-02   0e+00  0.43  1.0e-01  2.6e-03  0.0e+00  0.0e+00
  10  F 6   9.778e-02   0e+00  0.43  1.0e-01  2.6e-03  0.0e+00  0.0e+00
  10  F 7   9.778e-02   0e+00  0.43  1.0e-01  2.6e-03  0.0e+00  0.0e+00
  10  F 8   9.778e-02   0e+00  0.43  1.0e-01  2.6e-03  0.0e+00  0.0e+00
  10  F 9   9.778e-02   0e+00  0.43  1.0e-01  2.6e-03  0.0e+00  0.0e+00
  10  F10   9.778e-02   0e+00  0.43  1.0e-01  2.6e-03  0.0e+00  0.0e+00
  10  F11   9.778e-02   0e+00  0.43  1.0e-01  2.6e-03  0.0e+00  0.0e+00
  10  F12   9.778e-02   0e+00  0.43  1.0e-01  2.6e-03  0.0e+00  0.0e+00
  10  F13   9.778e-02   0e+00  0.43  1.0e-01  2.6e-03  0.0e+00  0.0e+00
  10  F14   9.778e-02   0e+00  0.43  1.0e-01  2.6e-03  0.0e+00  0.0e+00
  10  F15   9.778e-02   0e+00  0.43  1.0e-01  2.6e-03  0.0e+00  0.0e+00
  10  F16   9.778e-02   0e+00  0.43  1.0e-01  2.6e-03  0.0e+00  0.0e+00
  10  F17   9.778e-02   0e+00  0.43  1.0e-01  2.6e-03  0.0e+00  0.0e+00
  10  F18   9.778e-02   0e+00  0.43  1.0e-01  2.6e-03  0.0e+00  0.0e+00
  10  F19   9.778e-02   0e+00  0.43  1.0e-01  2.6e-03  0.0e+00  0.0e+00
  10  F20   9.778e-02   0e+00  0.43  1.0e-01  2.6e-03  0.0e+00  0.0e+00
  10  F21   9.778e-02   0e+00  0.43  1.0e-01  2.6e-03  0.0e+00  0.0e+00
  10  F22   9.778e-02   0e+00  0.43  1.0e-01  2.6e-03  0.0e+00  0.0e+00
  10  T23   9.778e-02   0e+00  0.43  1.0e-01  2.6e-03  3.2e-06  1.0e-05
  11  F 0   9.778e-02   0e+00  0.43  1.0e-01  2.6e-03  0.0e+00  0.0e+00
  11  F 1   9.778e-02   0e+00  0.43  1.0e-01  2.6e-03  0.0e+00  0.0e+00
  11  F 2   9.778e-02   0e+00  0.43  1.0e-01  2.6e-03  0.0e+00  0.0e+00
  11  F 3   9.778e-02   0e+00  0.43  1.0e-01  2.6e-03  0.0e+00  0.0e+00
  11  F 4   9.778e-02   0e+00  0.43  1.0e-01  2.6e-03  0.0e+00  0.0e+00
  11  F 5   9.778e-02   0e+00  0.43  1.0e-01  2.6e-03  0.0e+00  0.0e+00
  11  F 6   9.778e-02   0e+00  0.43  1.0e-01  2.6e-03  0.0e+00  0.0e+00
  11  F 7   9.778e-02   0e+00  0.43  1.0e-01  2.6e-03  0.0e+00  0.0e+00
  11  F 8   9.778e-02   0e+00  0.43  1.0e-01  2.6e-03  0.0e+00  0.0e+00
  11  F 9   9.778e-02   0e+00  0.43  1.0e-01  2.6e-03  0.0e+00  0.0e+00
  11  F10   9.778e-02   0e+00  0.43  1.0e-01  2.6e-03  0.0e+00  0.0e+00
  11  F11   9.778e-02   0e+00  0.43  1.0e-01  2.6e-03  0.0e+00  0.0e+00
  11  F12   9.778e-02   0e+00  0.43  1.0e-01  2.6e-03  0.0e+00  0.0e+00
  11  F13   9.778e-02   0e+00  0.43  1.0e-01  2.6e-03  0.0e+00  0.0e+00
  11  F14   9.778e-02   0e+00  0.43  1.0e-01  2.6e-03  0.0e+00  0.0e+00
  11  F15   9.778e-02   0e+00  0.43  1.0e-01  2.6e-03  0.0e+00  0.0e+00
  11  F16   9.778e-02   0e+00  0.43  1.0e-01  2.6e-03  0.0e+00  0.0e+00
  11  F17   9.778e-02   0e+00  0.43  1.0e-01  2.6e-03  0.0e+00  0.0e+00
  11  T18   9.771e-02   0e+00  0.43  1.0e-01  1.5e-03  1.1e-04  5.6e-04
  12  F 0   9.771e-02   0e+00  0.43  1.0e-01  1.5e-03  0.0e+00  0.0e+00
  12  F 1   9.771e-02   0e+00  0.43  1.0e-01  1.5e-03  0.0e+00  0.0e+00
  12  F 2   9.771e-02   0e+00  0.43  1.0e-01  1.5e-03  0.0e+00  0.0e+00
  12  F 3   9.771e-02   0e+00  0.43  1.0e-01  1.5e-03  0.0e+00  0.0e+00
  12  F 4   9.771e-02   0e+00  0.43  1.0e-01  1.5e-03  0.0e+00  0.0e+00
  12  F 5   9.771e-02   0e+00  0.43  1.0e-01  1.5e-03  0.0e+00  0.0e+00
  12  F 6   9.771e-02   0e+00  0.43  1.0e-01  1.5e-03  0.0e+00  0.0e+00
  12  F 7   9.771e-02   0e+00  0.43  1.0e-01  1.5e-03  0.0e+00  0.0e+00
  12  F 8   9.771e-02   0e+00  0.43  1.0e-01  1.5e-03  0.0e+00  0.0e+00
  12  F 9   9.771e-02   0e+00  0.43  1.0e-01  1.5e-03  0.0e+00  0.0e+00
  12  F10   9.771e-02   0e+00  0.43  1.0e-01  1.5e-03  0.0e+00  0.0e+00
  12  F11   9.771e-02   0e+00  0.43  1.0e-01  1.5e-03  0.0e+00  0.0e+00
  12  F12   9.771e-02   0e+00  0.43  1.0e-01  1.5e-03  0.0e+00  0.0e+00
  12  F13   9.771e-02   0e+00  0.43  1.0e-01  1.5e-03  0.0e+00  0.0e+00
  12  F14   9.771e-02   0e+00  0.43  1.0e-01  1.5e-03  0.0e+00  0.0e+00
  12  T15   9.762e-02   0e+00  0.43  1.0e-01  4.3e-04  3.8e-04  1.9e-03
  13  F 0   9.762e-02   0e+00  0.43  1.0e-01  4.3e-04  0.0e+00  0.0e+00
  13  F 1   9.762e-02   0e+00  0.43  1.0e-01  4.3e-04  0.0e+00  0.0e+00
  13  F 2   9.762e-02   0e+00  0.43  1.0e-01  4.3e-04  0.0e+00  0.0e+00
  13  F 3   9.762e-02   0e+00  0.43  1.0e-01  4.3e-04  0.0e+00  0.0e+00
  13  F 4   9.762e-02   0e+00  0.43  1.0e-01  4.3e-04  0.0e+00  0.0e+00
  13  F 5   9.762e-02   0e+00  0.43  1.0e-01  4.3e-04  0.0e+00  0.0e+00
  13  F 6   9.762e-02   0e+00  0.43  1.0e-01  4.3e-04  0.0e+00  0.0e+00
  13  F 7   9.762e-02   0e+00  0.43  1.0e-01  4.3e-04  0.0e+00  0.0e+00
  13  F 8   9.762e-02   0e+00  0.43  1.0e-01  4.3e-04  0.0e+00  0.0e+00
  13  F 9   9.762e-02   0e+00  0.43  1.0e-01  4.3e-04  0.0e+00  0.0e+00
  13  F10   9.762e-02   0e+00  0.43  1.0e-01  4.3e-04  0.0e+00  0.0e+00
  13  F11   9.762e-02   0e+00  0.43  1.0e-01  4.3e-04  0.0e+00  0.0e+00
  13  F12   9.762e-02   0e+00  0.43  1.0e-01  4.3e-04  0.0e+00  0.0e+00
  13  F13   9.762e-02   0e+00  0.43  1.0e-01  4.3e-04  0.0e+00  0.0e+00
  13  T14   9.755e-02   0e+00  0.42  1.0e-01  1.1e-03  9.3e-04  4.9e-03
  14  F 0   9.755e-02   0e+00  0.42  1.0e-01  1.1e-03  0.0e+00  0.0e+00
  14  F 1   9.755e-02   0e+00  0.42  1.0e-01  1.1e-03  0.0e+00  0.0e+00
  14  F 2   9.755e-02   0e+00  0.42  1.0e-01  1.1e-03  0.0e+00  0.0e+00
  14  F 3   9.755e-02   0e+00  0.42  1.0e-01  1.1e-03  0.0e+00  0.0e+00
  14  F 4   9.755e-02   0e+00  0.42  1.0e-01  1.1e-03  0.0e+00  0.0e+00
  14  F 5   9.755e-02   0e+00  0.42  1.0e-01  1.1e-03  0.0e+00  0.0e+00
  14  F 6   9.755e-02   0e+00  0.42  1.0e-01  1.1e-03  0.0e+00  0.0e+00
  14  F 7   9.755e-02   0e+00  0.42  1.0e-01  1.1e-03  0.0e+00  0.0e+00
  14  F 8   9.755e-02   0e+00  0.42  1.0e-01  1.1e-03  0.0e+00  0.0e+00
  14  F 9   9.755e-02   0e+00  0.42  1.0e-01  1.1e-03  0.0e+00  0.0e+00
  14  F10   9.755e-02   0e+00  0.42  1.0e-01  1.1e-03  0.0e+00  0.0e+00
  14  F11   9.755e-02   0e+00  0.42  1.0e-01  1.1e-03  0.0e+00  0.0e+00
  14  T12   9.748e-02   0e+00  0.41  1.0e-01  5.3e-04  2.8e-03  1.6e-02
  15  F 0   9.748e-02   0e+00  0.41  1.0e-01  5.3e-04  0.0e+00  0.0e+00
  15  F 1   9.748e-02   0e+00  0.41  1.0e-01  5.3e-04  0.0e+00  0.0e+00
  15  F 2   9.748e-02   0e+00  0.41  1.0e-01  5.3e-04  0.0e+00  0.0e+00
  15  F 3   9.748e-02   0e+00  0.41  1.0e-01  5.3e-04  0.0e+00  0.0e+00
  15  F 4   9.748e-02   0e+00  0.41  1.0e-01  5.3e-04  0.0e+00  0.0e+00
  15  F 5   9.748e-02   0e+00  0.41  1.0e-01  5.3e-04  0.0e+00  0.0e+00
  15  F 6   9.748e-02   0e+00  0.41  1.0e-01  5.3e-04  0.0e+00  0.0e+00
  15  F 7   9.748e-02   0e+00  0.41  1.0e-01  5.3e-04  0.0e+00  0.0e+00
  15  F 8   9.748e-02   0e+00  0.41  1.0e-01  5.3e-04  0.0e+00  0.0e+00
  15  F 9   9.748e-02   0e+00  0.41  1.0e-01  5.3e-04  0.0e+00  0.0e+00
  15  F10   9.748e-02   0e+00  0.41  1.0e-01  5.3e-04  0.0e+00  0.0e+00
  15  F11   9.748e-02   0e+00  0.41  1.0e-01  5.3e-04  0.0e+00  0.0e+00
  15  F12   9.748e-02   0e+00  0.41  1.0e-01  5.3e-04  0.0e+00  0.0e+00
  15  F13   9.748e-02   0e+00  0.41  1.0e-01  5.3e-04  0.0e+00  0.0e+00
  15  F14   9.748e-02   0e+00  0.41  1.0e-01  5.3e-04  0.0e+00  0.0e+00
  15  F15   9.748e-02   0e+00  0.41  1.0e-01  5.3e-04  0.0e+00  0.0e+00
  15  F16   9.748e-02   0e+00  0.41  1.0e-01  5.3e-04  0.0e+00  0.0e+00
  15  F17   9.748e-02   0e+00  0.41  1.0e-01  5.3e-04  0.0e+00  0.0e+00
  15  F18   9.748e-02   0e+00  0.41  1.0e-01  5.3e-04  0.0e+00  0.0e+00
  15  F19   9.748e-02   0e+00  0.41  1.0e-01  5.3e-04  0.0e+00  0.0e+00
  15  F20   9.748e-02   0e+00  0.41  1.0e-01  5.3e-04  0.0e+00  0.0e+00
  15  F21   9.748e-02   0e+00  0.41  1.0e-01  5.3e-04  0.0e+00  0.0e+00
  15  T22   9.748e-02   0e+00  0.41  1.0e-01  5.2e-04  4.4e-05  2.1e-04
  16  F 0   9.748e-02   0e+00  0.41  1.0e-01  5.2e-04  0.0e+00  0.0e+00
  16  F 1   9.748e-02   0e+00  0.41  1.0e-01  5.2e-04  0.0e+00  0.0e+00
  16  F 2   9.748e-02   0e+00  0.41  1.0e-01  5.2e-04  0.0e+00  0.0e+00
  16  F 3   9.748e-02   0e+00  0.41  1.0e-01  5.2e-04  0.0e+00  0.0e+00
  16  F 4   9.748e-02   0e+00  0.41  1.0e-01  5.2e-04  0.0e+00  0.0e+00
  16  F 5   9.748e-02   0e+00  0.41  1.0e-01  5.2e-04  0.0e+00  0.0e+00
  16  F 6   9.748e-02   0e+00  0.41  1.0e-01  5.2e-04  0.0e+00  0.0e+00
  16  F 7   9.748e-02   0e+00  0.41  1.0e-01  5.2e-04  0.0e+00  0.0e+00
  16  F 8   9.748e-02   0e+00  0.41  1.0e-01  5.2e-04  0.0e+00  0.0e+00
  16  F 9   9.748e-02   0e+00  0.41  1.0e-01  5.2e-04  0.0e+00  0.0e+00
  16  F10   9.748e-02   0e+00  0.41  1.0e-01  5.2e-04  0.0e+00  0.0e+00
  16  F11   9.748e-02   0e+00  0.41  1.0e-01  5.2e-04  0.0e+00  0.0e+00
  16  T12   9.718e-02   0e+00  0.39  1.0e-01  1.4e-04  2.8e-02  1.9e-01
  17  F 0   9.718e-02   0e+00  0.39  1.0e-01  1.4e-04  0.0e+00  0.0e+00
  17  F 1   9.718e-02   0e+00  0.39  1.0e-01  1.4e-04  0.0e+00  0.0e+00
  17  F 2   9.718e-02   0e+00  0.39  1.0e-01  1.4e-04  0.0e+00  0.0e+00
  17  F 3   9.718e-02   0e+00  0.39  1.0e-01  1.4e-04  0.0e+00  0.0e+00
  17  F 4   9.718e-02   0e+00  0.39  1.0e-01  1.4e-04  0.0e+00  0.0e+00
  17  F 5   9.718e-02   0e+00  0.39  1.0e-01  1.4e-04  0.0e+00  0.0e+00
  17  F 6   9.718e-02   0e+00  0.39  1.0e-01  1.4e-04  0.0e+00  0.0e+00
  17  F 7   9.718e-02   0e+00  0.39  1.0e-01  1.4e-04  0.0e+00  0.0e+00
  17  F 8   9.718e-02   0e+00  0.39  1.0e-01  1.4e-04  0.0e+00  0.0e+00
  17  F 9   9.718e-02   0e+00  0.39  1.0e-01  1.4e-04  0.0e+00  0.0e+00
  17  F10   9.718e-02   0e+00  0.39  1.0e-01  1.4e-04  0.0e+00  0.0e+00
  17  F11   9.718e-02   0e+00  0.39  1.0e-01  1.4e-04  0.0e+00  0.0e+00
  17  F12   9.718e-02   0e+00  0.39  1.0e-01  1.4e-04  0.0e+00  0.0e+00
  17  F13   9.718e-02   0e+00  0.39  1.0e-01  1.4e-04  0.0e+00  0.0e+00
  17  F14   9.718e-02   0e+00  0.39  1.0e-01  1.4e-04  0.0e+00  0.0e+00
  17  F15   9.718e-02   0e+00  0.39  1.0e-01  1.4e-04  0.0e+00  0.0e+00
  17  F16   9.718e-02   0e+00  0.39  1.0e-01  1.4e-04  0.0e+00  0.0e+00
  17  F17   9.718e-02   0e+00  0.39  1.0e-01  1.4e-04  0.0e+00  0.0e+00
  17  T18   9.718e-02   0e+00  0.39  1.0e-01  1.3e-04  2.4e-05  7.2e-05
  18  F 0   9.718e-02   0e+00  0.39  1.0e-01  1.3e-04  0.0e+00  0.0e+00
  18  F 1   9.718e-02   0e+00  0.39  1.0e-01  1.3e-04  0.0e+00  0.0e+00
  18  F 2   9.718e-02   0e+00  0.39  1.0e-01  1.3e-04  0.0e+00  0.0e+00
  18  F 3   9.718e-02   0e+00  0.39  1.0e-01  1.3e-04  0.0e+00  0.0e+00
  18  F 4   9.718e-02   0e+00  0.39  1.0e-01  1.3e-04  0.0e+00  0.0e+00
  18  F 5   9.718e-02   0e+00  0.39  1.0e-01  1.3e-04  0.0e+00  0.0e+00
  18  F 6   9.718e-02   0e+00  0.39  1.0e-01  1.3e-04  0.0e+00  0.0e+00
  18  F 7   9.718e-02   0e+00  0.39  1.0e-01  1.3e-04  0.0e+00  0.0e+00
  18  F 8   9.718e-02   0e+00  0.39  1.0e-01  1.3e-04  0.0e+00  0.0e+00
  18  F 9   9.718e-02   0e+00  0.39  1.0e-01  1.3e-04  0.0e+00  0.0e+00
  18  F10   9.718e-02   0e+00  0.39  1.0e-01  1.3e-04  0.0e+00  0.0e+00
  18  F11   9.718e-02   0e+00  0.39  1.0e-01  1.3e-04  0.0e+00  0.0e+00
  18  F12   9.718e-02   0e+00  0.39  1.0e-01  1.3e-04  0.0e+00  0.0e+00
  18  F13   9.718e-02   0e+00  0.39  1.0e-01  1.3e-04  0.0e+00  0.0e+00
  18  F14   9.718e-02   0e+00  0.39  1.0e-01  1.3e-04  0.0e+00  0.0e+00
  18  F15   9.718e-02   0e+00  0.39  1.0e-01  1.3e-04  0.0e+00  0.0e+00
  18  F16   9.718e-02   0e+00  0.39  1.0e-01  1.3e-04  0.0e+00  0.0e+00
  18  F17   9.718e-02   0e+00  0.39  1.0e-01  1.3e-04  0.0e+00  0.0e+00
  18  F18   9.718e-02   0e+00  0.39  1.0e-01  1.3e-04  0.0e+00  0.0e+00
  18  F19   9.718e-02   0e+00  0.39  1.0e-01  1.3e-04  0.0e+00  0.0e+00
  18  F20   9.718e-02   0e+00  0.39  1.0e-01  1.3e-04  0.0e+00  0.0e+00
  18  F21   9.718e-02   0e+00  0.39  1.0e-01  1.3e-04  0.0e+00  0.0e+00
  18  F22   9.718e-02   0e+00  0.39  1.0e-01  1.3e-04  0.0e+00  0.0e+00
  18  F23   9.718e-02   0e+00  0.39  1.0e-01  1.3e-04  0.0e+00  0.0e+00
  18  F24   9.718e-02   0e+00  0.39  1.0e-01  1.3e-04  0.0e+00  0.0e+00
  18  F25   9.718e-02   0e+00  0.39  1.0e-01  1.3e-04  0.0e+00  0.0e+00
  18  F26   9.718e-02   0e+00  0.39  1.0e-01  1.3e-04  0.0e+00  0.0e+00
  18  F27   9.718e-02   0e+00  0.39  1.0e-01  1.3e-04  0.0e+00  0.0e+00
  18  F28   9.718e-02   0e+00  0.39  1.0e-01  1.3e-04  0.0e+00  0.0e+00
  18  F29   9.718e-02   0e+00  0.39  1.0e-01  1.3e-04  0.0e+00  0.0e+00
  18  F30   9.718e-02   0e+00  0.39  1.0e-01  1.3e-04  0.0e+00  0.0e+00
  18  F31   9.718e-02   0e+00  0.39  1.0e-01  1.3e-04  0.0e+00  0.0e+00
Enforced Termination; excessive conservatism
Total number of system evaluations: 274
