   k  l     Obj        Vio     Bou   ML       |KKT|    |dX|     ||dX||   T_s      T_o      T_t
   0  T 0   5.153e-01   0e+00  0.00  1.0e-01  8.2e+02  1.0e+00  1.0e+00  5.7e-01  0.0e+00  0.0e+00
   1  T 0   3.597e-01   0e+00  0.00  1.0e-01  3.6e-02  1.0e-01  8.4e+00  2.7e-01  7.9e-03  2.7e-01
   2  T 0   2.594e-01   0e+00  0.00  1.0e-01  2.1e-02  1.0e-01  8.3e+00  3.0e-01  2.4e-03  3.0e-01
   3  T 0   1.954e-01   0e+00  0.00  1.0e-01  1.3e-02  1.0e-01  8.2e+00  3.0e-01  2.5e-03  3.1e-01
   4  T 0   1.513e-01   0e+00  0.23  1.0e-01  1.5e-04  1.0e-01  8.0e+00  3.5e-01  2.6e-03  3.6e-01
   5  T 0   1.303e-01   0e+00  0.24  1.0e-01  1.4e-04  1.0e-01  6.7e+00  2.9e-01  2.6e-03  3.0e-01
   6  T 0   1.071e-01   0e+00  0.49  1.0e-01  1.4e-04  1.0e-01  6.8e+00  2.7e-01  2.5e-03  2.7e-01
   7  T 0   9.683e-02   0e+00  0.50  1.0e-01  1.4e-04  1.0e-01  5.2e+00  3.0e-01  2.5e-03  3.1e-01
   8  T 0   8.662e-02   0e+00  0.56  1.0e-01  1.4e-04  1.0e-01  4.9e+00  2.9e-01  2.6e-03  2.9e-01
   9  T 0   7.948e-02   0e+00  0.60  1.0e-01  1.3e-04  1.0e-01  4.3e+00  3.1e-01  2.5e-03  3.2e-01
  10  T 0   7.270e-02   0e+00  0.64  1.0e-01  1.3e-04  1.0e-01  4.2e+00  2.7e-01  2.5e-03  2.7e-01
  11  T 0   6.718e-02   0e+00  0.68  1.0e-01  1.3e-04  1.0e-01  3.9e+00  2.7e-01  2.5e-03  2.8e-01
  12  T 0   6.229e-02   0e+00  0.72  1.0e-01  1.3e-04  1.0e-01  3.7e+00  2.7e-01  2.5e-03  2.8e-01
  13  T 0   5.858e-02   0e+00  0.74  1.0e-01  1.3e-04  1.0e-01  3.5e+00  2.7e-01  2.6e-03  2.8e-01
  14  T 0   5.474e-02   0e+00  0.76  1.0e-01  1.3e-04  1.0e-01  3.5e+00  2.7e-01  2.5e-03  2.7e-01
  15  T 0   5.140e-02   0e+00  0.78  1.0e-01  1.1e-04  1.0e-01  3.4e+00  2.7e-01  2.5e-03  2.7e-01
  16  T 0   4.878e-02   0e+00  0.81  1.0e-01  1.2e-04  1.0e-01  3.2e+00  2.7e-01  2.6e-03  2.7e-01
  17  T 0   4.678e-02   0e+00  0.84  1.0e-01  8.9e-05  1.0e-01  3.0e+00  2.6e-01  2.4e-03  2.6e-01
  18  T 0   4.506e-02   0e+00  0.85  1.0e-01  1.0e-04  1.0e-01  2.9e+00  2.6e-01  2.5e-03  2.7e-01
  19  T 0   4.350e-02   0e+00  0.86  1.0e-01  1.2e-04  1.0e-01  2.7e+00  3.0e-01  2.5e-03  3.0e-01
  20  T 0   4.196e-02   0e+00  0.87  1.0e-01  1.4e-04  1.0e-01  2.6e+00  3.2e-01  2.5e-03  3.2e-01
  21  T 0   4.103e-02   0e+00  0.86  1.0e-01  1.2e-04  1.0e-01  2.8e+00  2.8e-01  2.4e-03  2.8e-01
  22  T 0   3.952e-02   0e+00  0.89  1.0e-01  7.2e-04  1.0e-01  2.7e+00  2.7e-01  2.6e-03  2.7e-01
  23  F 0   5.479e-02   0e+00  0.64  1.0e-01  2.7e-04  1.0e-01  5.0e+00  2.8e-01  2.5e-03  2.8e-01
  24  F 0   6.819e-02   0e+00  0.73  1.0e-01  2.3e-03  1.0e-01  6.1e+00  2.8e-01  2.6e-03  2.8e-01
  25  F 0   6.702e-02   0e+00  0.52  1.0e-01  2.4e-03  1.0e-01  6.8e+00  2.7e-01  2.5e-03  2.7e-01
  26  F 0   7.354e-02   0e+00  0.63  1.0e-01  7.6e-03  1.0e-01  6.9e+00  2.8e-01  2.5e-03  2.9e-01
  27  F 0   6.767e-02   0e+00  0.53  1.0e-01  5.4e-03  1.0e-01  6.8e+00  2.7e-01  2.5e-03  2.7e-01
  28  F 0   6.912e-02   0e+00  0.56  1.0e-01  1.9e-03  1.0e-01  6.7e+00  2.7e-01  2.5e-03  2.7e-01
  29  F 0   6.190e-02   0e+00  0.53  1.0e-01  1.7e-03  1.0e-01  6.3e+00  2.7e-01  2.5e-03  2.7e-01
  30  F 0   6.140e-02   0e+00  0.53  1.0e-01  3.2e-04  1.0e-01  5.8e+00  2.7e-01  2.6e-03  2.8e-01
  31  F 0   5.518e-02   0e+00  0.55  1.0e-01  4.6e-04  1.0e-01  5.1e+00  2.7e-01  2.4e-03  2.8e-01
  32  F 0   5.603e-02   0e+00  0.53  1.0e-01  3.6e-03  1.0e-01  4.3e+00  2.6e-01  2.5e-03  2.6e-01
  33  F 0   5.023e-02   0e+00  0.52  1.0e-01  2.2e-04  1.0e-01  3.3e+00  2.7e-01  2.5e-03  2.7e-01
  34  F 0   4.235e-02   0e+00  0.62  1.0e-01  7.9e-04  1.0e-01  2.4e+00  2.8e-01  2.5e-03  2.9e-01
  35  F 0   4.215e-02   0e+00  0.73  1.0e-01  1.5e-03  1.0e-01  2.0e+00  3.6e-01  2.6e-03  3.6e-01
  36  F 0   4.345e-02   0e+00  0.69  1.0e-01  5.9e-04  1.0e-01  2.0e+00  2.7e-01  2.5e-03  2.7e-01
  37  F 0   4.310e-02   0e+00  0.66  1.0e-01  4.5e-04  1.0e-01  2.3e+00  2.7e-01  2.6e-03  2.7e-01
  38  F 0   4.117e-02   0e+00  0.72  1.0e-01  9.1e-04  1.0e-01  1.9e+00  3.3e-01  2.6e-03  3.3e-01
  39  F 0   4.358e-02   0e+00  0.71  1.0e-01  1.1e-03  1.0e-01  2.1e+00  2.7e-01  2.5e-03  2.7e-01
  40  F 0   4.218e-02   0e+00  0.65  1.0e-01  5.7e-04  1.0e-01  2.4e+00  3.1e-01  2.5e-03  3.1e-01
  41  F 0   4.198e-02   0e+00  0.62  1.0e-01  3.6e-03  1.0e-01  2.2e+00  2.9e-01  2.0e-03  3.0e-01
  42  F 0   4.048e-02   0e+00  0.68  1.0e-01  3.0e-04  1.0e-01  1.7e+00  2.7e-01  2.6e-03  2.8e-01
  43  T 0   3.880e-02   0e+00  0.76  1.0e-01  1.0e-03  1.0e-01  1.3e+00  2.7e-01  2.5e-03  2.7e-01
  44  F 0   3.918e-02   0e+00  0.73  1.0e-01  2.6e-03  1.0e-01  1.3e+00  2.6e-01  2.6e-03  2.7e-01
  45  F 0   4.478e-02   0e+00  0.56  1.0e-01  2.8e-03  1.0e-01  2.6e+00  2.6e-01  2.6e-03  2.6e-01
  46  F 0   4.036e-02   0e+00  0.56  1.0e-01  1.6e-04  1.0e-01  2.1e+00  3.8e-01  2.6e-03  3.8e-01
  47  T 0   3.760e-02   0e+00  0.73  1.0e-01  8.5e-04  1.0e-01  1.1e+00  3.1e-01  2.6e-03  3.1e-01
  48  F 0   3.909e-02   0e+00  0.72  1.0e-01  5.8e-03  1.0e-01  1.1e+00  2.8e-01  2.6e-03  2.9e-01
  49  F 0   4.227e-02   0e+00  0.63  1.0e-01  2.5e-03  1.0e-01  1.8e+00  2.7e-01  2.5e-03  2.7e-01
  50  F 0   4.076e-02   0e+00  0.50  1.0e-01  1.5e-04  1.0e-01  2.3e+00  2.6e-01  2.5e-03  2.6e-01
  51  F 0   3.764e-02   0e+00  0.68  1.0e-01  1.6e-04  1.0e-01  1.5e+00  2.6e-01  2.6e-03  2.7e-01
  52  F 0   3.842e-02   0e+00  0.73  1.0e-01  2.9e-02  1.0e-01  1.0e+00  2.6e-01  2.6e-03  2.6e-01
  53  F 0   4.053e-02   0e+00  0.62  1.0e-01  1.7e-03  1.0e-01  1.7e+00  2.8e-01  2.6e-03  2.8e-01
  54  F 0   3.886e-02   0e+00  0.57  1.0e-01  2.5e-04  1.0e-01  1.4e+00  2.6e-01  2.6e-03  2.7e-01
  55  F 0   3.824e-02   0e+00  0.64  1.0e-01  1.6e-04  1.0e-01  1.9e+00  2.8e-01  2.5e-03  2.8e-01
  56  F 0   3.819e-02   0e+00  0.74  1.0e-01  1.4e-02  1.0e-01  1.4e+00  2.8e-01  4.0e-03  2.8e-01
  57  F 0   3.960e-02   0e+00  0.61  1.0e-01  1.3e-03  1.0e-01  1.3e+00  2.8e-01  3.6e-03  2.8e-01
  58  F 0   3.821e-02   0e+00  0.57  1.0e-01  1.4e-04  1.0e-01  1.0e+00  2.9e-01  4.5e-03  3.0e-01
  59  T 0   3.704e-02   0e+00  0.65  1.0e-01  2.0e-04  1.0e-01  8.5e-01  2.7e-01  4.0e-03  2.7e-01
  60  F 0   3.785e-02   0e+00  0.75  1.0e-01  1.4e-02  1.0e-01  9.3e-01  2.7e-01  4.2e-03  2.7e-01
  61  F 0   3.913e-02   0e+00  0.66  1.0e-01  3.1e-03  1.0e-01  1.4e+00  2.6e-01  3.0e-03  2.7e-01
  62  F 0   3.831e-02   0e+00  0.58  1.0e-01  5.6e-04  1.0e-01  1.1e+00  2.7e-01  4.1e-03  2.7e-01
  63  F 0   3.745e-02   0e+00  0.61  1.0e-01  3.6e-04  1.0e-01  7.8e-01  2.7e-01  4.1e-03  2.8e-01
  64  T 0   3.664e-02   0e+00  0.72  1.0e-01  8.5e-04  1.0e-01  6.6e-01  3.0e-01  3.6e-03  3.0e-01
  65  F 0   3.663e-02   0e+00  0.79  1.0e-01  7.9e-04  1.0e-01  6.2e-01  2.7e-01  4.0e-03  2.7e-01
  66  F 0   3.730e-02   0e+00  0.73  1.0e-01  3.6e-03  1.0e-01  6.2e-01  2.6e-01  4.0e-03  2.7e-01
  67  F 0   3.925e-02   0e+00  0.59  1.0e-01  2.3e-03  1.0e-01  1.4e+00  2.7e-01  3.1e-03  2.7e-01
  68  F 0   3.797e-02   0e+00  0.56  1.0e-01  1.6e-04  1.0e-01  1.3e+00  2.7e-01  4.4e-03  2.7e-01
  69  F 0   3.675e-02   0e+00  0.69  1.0e-01  5.3e-04  1.0e-01  8.2e-01  2.9e-01  4.0e-03  2.9e-01
  70  F 0   3.660e-02   0e+00  0.72  1.0e-01  3.9e-04  1.0e-01  6.6e-01  2.7e-01  3.5e-03  2.8e-01
  71  F 0   3.675e-02   0e+00  0.72  1.0e-01  9.9e-04  1.0e-01  6.3e-01  2.7e-01  3.5e-03  2.7e-01
  72  F 0   3.715e-02   0e+00  0.70  1.0e-01  1.4e-03  1.0e-01  8.1e-01  2.7e-01  4.1e-03  2.7e-01
  73  F 0   3.814e-02   0e+00  0.66  1.0e-01  4.1e-03  1.0e-01  1.0e+00  2.6e-01  3.6e-03  2.6e-01
  74  F 0   3.719e-02   0e+00  0.60  1.0e-01  1.7e-04  1.0e-01  8.1e-01  2.7e-01  4.1e-03  2.7e-01
  75  T 0   3.629e-02   0e+00  0.74  1.0e-01  3.4e-04  1.0e-01  6.7e-01  2.7e-01  4.0e-03  2.7e-01
  76  T 0   3.610e-02   0e+00  0.83  1.0e-01  5.5e-03  1.0e-01  4.7e-01  2.6e-01  3.6e-03  2.7e-01
  77  F 0   3.858e-02   0e+00  0.64  1.0e-01  2.4e-04  1.0e-01  1.5e+00  2.8e-01  3.0e-03  2.8e-01
  78  F 0   3.772e-02   0e+00  0.54  1.0e-01  1.0e-03  1.0e-01  1.0e+00  2.7e-01  4.2e-03  2.8e-01
  79  F 0   3.669e-02   0e+00  0.63  1.0e-01  1.5e-04  1.0e-01  6.6e-01  2.6e-01  4.1e-03  2.7e-01
  80  F 0   3.613e-02   0e+00  0.77  1.0e-01  1.3e-03  1.0e-01  5.7e-01  2.6e-01  4.2e-03  2.7e-01
  81  F 0   3.734e-02   0e+00  0.77  1.0e-01  3.3e-03  1.0e-01  6.0e-01  2.7e-01  4.1e-03  2.7e-01
  82  F 0   3.865e-02   0e+00  0.56  1.0e-01  1.2e-02  1.0e-01  1.3e+00  2.6e-01  3.0e-03  2.7e-01
  83  F 0   3.761e-02   0e+00  0.58  1.0e-01  1.5e-04  1.0e-01  1.0e+00  2.7e-01  4.6e-03  2.7e-01
  84  F 0   3.656e-02   0e+00  0.63  1.0e-01  3.9e-04  1.0e-01  7.1e-01  2.8e-01  4.2e-03  2.8e-01
  85  F 0   3.670e-02   0e+00  0.75  1.0e-01  4.1e-03  1.0e-01  5.1e-01  2.8e-01  3.6e-03  2.8e-01
  86  F 0   3.794e-02   0e+00  0.70  1.0e-01  1.7e-02  1.0e-01  8.7e-01  3.6e-01  4.7e-03  3.7e-01
  87  F 0   3.833e-02   0e+00  0.55  1.0e-01  5.9e-04  1.0e-01  1.4e+00  2.6e-01  3.1e-03  2.7e-01
  88  F 0   3.707e-02   0e+00  0.60  1.0e-01  1.6e-04  1.0e-01  9.0e-01  2.8e-01  4.6e-03  2.8e-01
  89  F 0   3.645e-02   0e+00  0.68  1.0e-01  2.3e-04  1.0e-01  4.6e-01  2.8e-01  3.5e-03  2.8e-01
  90  F 0   3.678e-02   0e+00  0.71  1.0e-01  5.0e-03  1.0e-01  5.1e-01  2.7e-01  3.7e-03  2.8e-01
  91  F 0   3.681e-02   0e+00  0.68  1.0e-01  1.9e-04  1.0e-01  5.0e-01  2.7e-01  4.0e-03  2.7e-01
  92  F 0   3.654e-02   0e+00  0.69  1.0e-01  1.3e-03  1.0e-01  4.2e-01  2.7e-01  3.1e-03  2.7e-01
  93  F 0   3.662e-02   0e+00  0.71  1.0e-01  7.6e-04  1.0e-01  6.2e-01  2.3e-01  3.6e-03  2.3e-01
  94  F 0   3.673e-02   0e+00  0.70  1.0e-01  1.3e-03  1.0e-01  5.5e-01  1.8e-01  2.8e-03  1.9e-01
  95  F 0   3.661e-02   0e+00  0.68  1.0e-01  3.0e-04  1.0e-01  6.0e-01  1.9e-01  2.4e-03  2.0e-01
  96  F 0   3.639e-02   0e+00  0.71  1.0e-01  2.3e-03  1.0e-01  5.8e-01  2.0e-01  2.9e-03  2.0e-01
  97  F 0   3.669e-02   0e+00  0.69  1.0e-01  3.2e-04  1.0e-01  5.7e-01  1.8e-01  2.4e-03  1.9e-01
  98  F 0   3.662e-02   0e+00  0.67  1.0e-01  1.8e-03  1.0e-01  7.1e-01  1.8e-01  2.8e-03  1.9e-01
  99  F 0   3.638e-02   0e+00  0.70  1.0e-01  1.5e-04  1.0e-01  7.7e-01  1.9e-01  2.5e-03  1.9e-01
 100  F 0   3.631e-02   0e+00  0.75  1.0e-01  4.2e-03  1.0e-01  6.2e-01  2.1e-01  2.8e-03  2.2e-01
 101  F 0   3.706e-02   0e+00  0.67  1.0e-01  3.6e-04  1.0e-01  6.8e-01  1.9e-01  2.8e-03  1.9e-01
 102  F 0   3.647e-02   0e+00  0.68  1.0e-01  1.2e-03  1.0e-01  5.7e-01  2.1e-01  2.8e-03  2.1e-01
 103  F 0   3.637e-02   0e+00  0.70  1.0e-01  1.0e-03  1.0e-01  7.2e-01  1.9e-01  3.0e-03  1.9e-01
 104  F 0   3.647e-02   0e+00  0.74  1.0e-01  3.0e-04  1.0e-01  5.8e-01  1.9e-01  2.8e-03  1.9e-01
 105  F 0   3.656e-02   0e+00  0.69  1.0e-01  1.2e-03  1.0e-01  6.2e-01  2.0e-01  2.8e-03  2.0e-01
 106  F 0   3.630e-02   0e+00  0.73  1.0e-01  1.3e-03  1.0e-01  4.8e-01  1.9e-01  2.4e-03  1.9e-01
 107  F 0   3.687e-02   0e+00  0.71  1.0e-01  2.7e-03  1.0e-01  5.8e-01  1.9e-01  3.0e-03  2.0e-01
 108  F 0   3.675e-02   0e+00  0.65  1.0e-01  1.9e-04  1.0e-01  6.9e-01  2.0e-01  2.8e-03  2.0e-01
 109  F 0   3.632e-02   0e+00  0.68  1.0e-01  1.2e-04  1.0e-01  5.3e-01  1.9e-01  2.8e-03  1.9e-01
 110  F 0   3.634e-02   0e+00  0.75  1.0e-01  2.9e-02  1.0e-01  3.6e-01  1.9e-01  2.7e-03  1.9e-01
 111  F 0   3.732e-02   0e+00  0.71  1.0e-01  2.8e-03  1.0e-01  6.1e-01  1.9e-01  2.8e-03  1.9e-01
 112  F 0   3.694e-02   0e+00  0.63  1.0e-01  2.8e-04  1.0e-01  6.3e-01  1.9e-01  2.8e-03  1.9e-01
 113  F 0   3.632e-02   0e+00  0.66  1.0e-01  1.4e-04  1.0e-01  4.4e-01  1.9e-01  2.5e-03  1.9e-01
 114  F 0   3.863e-02   0e+00  0.74  1.0e-01  1.4e-02  1.0e-01  5.9e-01  1.9e-01  2.8e-03  1.9e-01
 115  F 0   3.768e-02   0e+00  0.76  1.0e-01  2.6e-03  1.0e-01  6.5e-01  2.6e-01  2.7e-03  2.6e-01
 116  F 0   3.733e-02   0e+00  0.57  1.0e-01  4.1e-04  1.0e-01  7.7e-01  2.0e-01  3.0e-03  2.0e-01
 117  F 0   3.650e-02   0e+00  0.60  1.0e-01  1.4e-04  1.0e-01  7.1e-01  2.0e-01  2.8e-03  2.0e-01
 118  T 0   3.581e-02   0e+00  0.74  1.0e-01  9.1e-05  1.0e-01  4.2e-01  2.0e-01  2.7e-03  2.0e-01
 119  F 0   3.727e-02   0e+00  0.76  1.0e-01  3.8e-03  1.0e-01  5.7e-01  1.9e-01  2.7e-03  2.0e-01
 120  F 0   3.717e-02   0e+00  0.62  1.0e-01  1.5e-03  1.0e-01  7.0e-01  1.9e-01  2.5e-03  2.0e-01
 121  F 0   3.650e-02   0e+00  0.62  1.0e-01  1.3e-04  9.6e-02  5.0e-01  2.2e-01  2.4e-03  2.2e-01
 122  F 0   4.147e-02   0e+00  0.72  1.0e-01  3.0e-02  1.0e-01  4.8e-01  1.9e-01  2.5e-03  1.9e-01
 123  F 0   3.756e-02   0e+00  0.74  1.0e-01  5.9e-03  1.0e-01  5.7e-01  1.9e-01  2.1e-03  1.9e-01
 124  F 0   3.756e-02   0e+00  0.55  1.0e-01  7.8e-04  1.0e-01  7.8e-01  1.9e-01  3.1e-03  1.9e-01
 125  F 0   3.681e-02   0e+00  0.57  1.0e-01  1.4e-04  1.0e-01  1.0e+00  2.0e-01  2.8e-03  2.0e-01
 126  F 0   4.047e-02   0e+00  0.69  1.0e-01  2.6e-02  1.0e-01  6.2e-01  2.0e-01  2.8e-03  2.0e-01
 127  F 0   3.742e-02   0e+00  0.73  1.0e-01  2.5e-04  1.0e-01  5.3e-01  1.9e-01  2.1e-03  1.9e-01
 128  F 0   3.708e-02   0e+00  0.61  1.0e-01  5.6e-04  1.0e-01  5.8e-01  1.9e-01  2.5e-03  1.9e-01
 129  F 0   3.656e-02   0e+00  0.61  1.0e-01  1.4e-04  1.0e-01  4.8e-01  2.5e-01  2.5e-03  2.5e-01
 130  F 0   3.999e-02   0e+00  0.70  1.0e-01  2.6e-02  1.0e-01  4.1e-01  1.9e-01  2.5e-03  1.9e-01
 131  F 0   3.732e-02   0e+00  0.73  1.0e-01  6.5e-04  1.0e-01  5.1e-01  2.0e-01  2.1e-03  2.0e-01
 132  F 0   3.705e-02   0e+00  0.64  1.0e-01  8.8e-04  1.0e-01  5.1e-01  2.1e-01  2.8e-03  2.1e-01
 133  F 0   3.659e-02   0e+00  0.61  1.0e-01  1.4e-04  9.5e-02  5.1e-01  2.1e-01  2.9e-03  2.2e-01
 134  F 0   3.874e-02   0e+00  0.69  1.0e-01  1.9e-02  8.7e-02  3.8e-01  2.2e-01  2.9e-03  2.2e-01
 135  F 0   3.738e-02   0e+00  0.73  1.0e-01  7.3e-04  1.0e-01  4.6e-01  2.0e-01  2.2e-03  2.0e-01
 136  F 0   3.734e-02   0e+00  0.62  1.0e-01  2.5e-03  9.7e-02  5.2e-01  2.2e-01  2.5e-03  2.2e-01
 137  F 0   3.690e-02   0e+00  0.56  1.0e-01  1.3e-04  1.0e-01  8.2e-01  2.1e-01  3.1e-03  2.1e-01
 138  F 0   3.769e-02   0e+00  0.69  1.0e-01  1.5e-02  8.4e-02  4.3e-01  2.8e-01  3.1e-03  2.8e-01
 139  F 0   3.738e-02   0e+00  0.71  1.0e-01  6.5e-04  5.8e-02  4.5e-01  2.2e-01  2.4e-03  2.2e-01
 140  F 0   3.734e-02   0e+00  0.61  1.0e-01  9.8e-04  1.0e-01  7.7e-01  2.2e-01  3.1e-03  2.2e-01
 141  F 0   3.672e-02   0e+00  0.58  1.0e-01  1.4e-04  1.0e-01  6.2e-01  2.3e-01  2.3e-03  2.3e-01
 142  F 0   3.843e-02   0e+00  0.68  1.0e-01  1.8e-02  1.0e-01  3.3e-01  2.5e-01  3.1e-03  2.5e-01
 143  F 0   3.732e-02   0e+00  0.72  1.0e-01  1.1e-03  1.0e-01  4.4e-01  2.7e-01  3.9e-03  2.7e-01
 144  F 0   3.710e-02   0e+00  0.63  1.0e-01  7.3e-04  1.0e-01  4.9e-01  3.2e-01  4.0e-03  3.2e-01
 145  F 0   3.668e-02   0e+00  0.59  1.0e-01  1.4e-04  1.0e-01  4.8e-01  2.5e-01  3.9e-03  2.6e-01
 146  F 0   3.786e-02   0e+00  0.69  1.0e-01  1.7e-02  8.4e-02  3.2e-01  2.9e-01  3.8e-03  2.9e-01
 147  F 0   3.751e-02   0e+00  0.70  1.0e-01  1.0e-03  8.8e-02  4.3e-01  3.2e-01  3.0e-03  3.2e-01
 148  F 0   3.726e-02   0e+00  0.60  1.0e-01  6.9e-04  5.8e-02  5.0e-01  2.5e-01  3.8e-03  2.5e-01
 149  F 0   3.671e-02   0e+00  0.59  1.0e-01  1.4e-04  1.0e-01  5.3e-01  2.5e-01  4.4e-03  2.5e-01
 150  F 0   3.983e-02   0e+00  0.68  1.0e-01  2.4e-02  7.6e-02  3.0e-01  2.5e-01  3.9e-03  2.5e-01
 151  F 0   3.734e-02   0e+00  0.72  1.0e-01  1.5e-03  6.4e-02  4.0e-01  2.5e-01  3.4e-03  2.5e-01
 152  F 0   3.750e-02   0e+00  0.61  1.0e-01  1.2e-03  8.5e-02  5.1e-01  2.4e-01  3.9e-03  2.5e-01
 153  F 0   3.690e-02   0e+00  0.54  1.0e-01  1.4e-04  1.0e-01  5.7e-01  2.5e-01  5.0e-03  2.6e-01
 154  F 0   3.603e-02   0e+00  0.67  1.0e-01  1.5e-03  1.0e-01  2.9e-01  2.5e-01  4.0e-03  2.5e-01
 155  F 0   3.728e-02   0e+00  0.72  1.0e-01  4.2e-03  8.6e-02  3.9e-01  2.8e-01  3.5e-03  2.8e-01
 156  F 0   3.751e-02   0e+00  0.60  1.0e-01  1.4e-03  9.9e-02  5.3e-01  2.6e-01  3.6e-03  2.7e-01
 157  F 0   3.687e-02   0e+00  0.55  1.0e-01  1.4e-04  1.0e-01  5.7e-01  2.4e-01  5.0e-03  2.4e-01
 158  F 0   4.012e-02   0e+00  0.64  1.0e-01  2.5e-02  7.3e-02  3.3e-01  2.4e-01  3.9e-03  2.4e-01
 159  F 0   3.715e-02   0e+00  0.72  1.0e-01  1.5e-03  9.0e-02  4.0e-01  2.5e-01  4.0e-03  2.5e-01
 160  F 0   3.713e-02   0e+00  0.65  1.0e-01  2.0e-03  1.0e-01  4.5e-01  2.4e-01  4.1e-03  2.4e-01
 161  F 0   3.696e-02   0e+00  0.58  1.0e-01  1.9e-04  1.0e-01  9.4e-01  2.6e-01  5.0e-03  2.6e-01
 162  F 0   3.691e-02   0e+00  0.64  1.0e-01  1.2e-02  1.0e-01  7.1e-01  2.5e-01  3.9e-03  2.5e-01
 163  F 0   3.726e-02   0e+00  0.66  1.0e-01  1.9e-03  7.5e-02  4.4e-01  2.5e-01  4.1e-03  2.5e-01
 164  F 0   3.707e-02   0e+00  0.63  1.0e-01  8.7e-04  5.4e-02  4.4e-01  2.4e-01  4.0e-03  2.4e-01
 165  F 0   3.657e-02   0e+00  0.62  1.0e-01  1.4e-04  1.0e-01  4.4e-01  2.4e-01  3.9e-03  2.4e-01
 166  F 0   3.615e-02   0e+00  0.69  1.0e-01  4.1e-03  4.2e-02  3.3e-01  2.6e-01  3.5e-03  2.7e-01
 167  F 0   3.734e-02   0e+00  0.70  1.0e-01  1.4e-03  1.0e-01  4.5e-01  2.7e-01  3.7e-03  2.8e-01
 168  F 0   3.736e-02   0e+00  0.62  1.0e-01  1.7e-03  1.0e-01  6.8e-01  2.7e-01  3.2e-03  2.8e-01
 169  F 0   3.676e-02   0e+00  0.57  1.0e-01  1.4e-04  1.0e-01  5.8e-01  2.6e-01  3.6e-03  2.7e-01
 170  F 0   3.631e-02   0e+00  0.71  1.0e-01  9.0e-03  7.3e-02  2.6e-01  2.7e-01  4.3e-03  2.7e-01
 171  F 0   3.735e-02   0e+00  0.72  1.0e-01  1.3e-03  3.0e-02  3.9e-01  2.7e-01  1.3e-02  2.8e-01
 172  F 0   3.714e-02   0e+00  0.62  1.0e-01  4.7e-04  1.0e-01  4.9e-01  2.8e-01  3.6e-03  2.8e-01
 173  F 0   3.662e-02   0e+00  0.59  1.0e-01  1.4e-04  7.9e-02  4.2e-01  2.9e-01  4.2e-03  2.9e-01
 174  F 0   3.615e-02   0e+00  0.70  1.0e-01  7.2e-03  6.9e-02  2.5e-01  2.8e-01  4.0e-03  2.8e-01
 175  F 0   3.729e-02   0e+00  0.75  1.0e-01  1.5e-03  4.9e-02  3.7e-01  2.6e-01  3.1e-03  2.7e-01
 176  F 0   3.721e-02   0e+00  0.66  1.0e-01  5.9e-03  9.4e-02  4.5e-01  2.9e-01  3.7e-03  3.0e-01
 177  F 0   3.694e-02   0e+00  0.56  1.0e-01  1.4e-04  1.0e-01  6.2e-01  2.7e-01  5.1e-03  2.7e-01
 178  F 0   3.662e-02   0e+00  0.64  1.0e-01  8.5e-03  6.8e-02  3.4e-01  2.7e-01  4.1e-03  2.8e-01
 179  F 0   3.736e-02   0e+00  0.68  1.0e-01  1.1e-03  5.7e-02  3.9e-01  3.6e-01  4.1e-03  3.6e-01
 180  F 0   3.709e-02   0e+00  0.63  1.0e-01  5.1e-04  9.6e-02  4.6e-01  2.7e-01  5.1e-03  2.7e-01
 181  F 0   3.657e-02   0e+00  0.62  1.0e-01  1.4e-04  3.6e-02  3.8e-01  2.7e-01  4.2e-03  2.7e-01
 182  F 0   3.603e-02   0e+00  0.69  1.0e-01  5.0e-03  4.4e-02  2.4e-01  2.7e-01  4.3e-03  2.7e-01
 183  F 0   3.721e-02   0e+00  0.74  1.0e-01  1.0e-03  2.6e-02  3.6e-01  2.6e-01  3.2e-03  2.7e-01
 184  F 0   3.714e-02   0e+00  0.64  1.0e-01  6.3e-04  3.5e-02  4.4e-01  2.9e-01  3.6e-03  3.0e-01
 185  F 0   3.668e-02   0e+00  0.59  1.0e-01  1.4e-04  1.0e-01  4.5e-01  2.9e-01  4.7e-03  3.0e-01
 186  F 0   3.626e-02   0e+00  0.68  1.0e-01  9.3e-03  5.3e-02  2.5e-01  3.4e-01  3.2e-03  3.5e-01
 187  F 0   3.730e-02   0e+00  0.72  1.0e-01  8.7e-04  3.6e-02  3.6e-01  2.8e-01  4.3e-03  2.8e-01
 188  F 0   3.709e-02   0e+00  0.64  1.0e-01  4.1e-04  4.8e-02  4.4e-01  3.3e-01  4.1e-03  3.4e-01
 189  F 0   3.665e-02   0e+00  0.59  1.0e-01  1.7e-04  1.0e-01  4.7e-01  2.7e-01  4.6e-03  2.7e-01
 190  F 0   3.596e-02   0e+00  0.67  1.0e-01  1.0e-03  5.0e-02  2.6e-01  2.8e-01  4.0e-03  2.8e-01
 191  F 0   3.686e-02   0e+00  0.74  1.0e-01  2.0e-03  3.1e-02  3.2e-01  2.8e-01  4.3e-03  2.8e-01
 192  F 0   3.711e-02   0e+00  0.67  1.0e-01  6.3e-04  8.7e-02  4.5e-01  2.7e-01  3.7e-03  2.7e-01
 193  F 0   3.674e-02   0e+00  0.59  1.0e-01  1.5e-04  1.0e-01  5.1e-01  2.6e-01  4.5e-03  2.7e-01
 194  F 0   3.604e-02   0e+00  0.67  1.0e-01  1.6e-04  6.5e-02  3.1e-01  2.6e-01  4.2e-03  2.7e-01
 195  F 0   3.723e-02   0e+00  0.74  1.0e-01  7.6e-02  6.5e-02  2.8e-01  2.6e-01  4.7e-03  2.6e-01
 196  F 0   3.692e-02   0e+00  0.68  1.0e-01  3.8e-04  1.0e-01  5.1e-01  2.6e-01  4.6e-03  2.7e-01
 197  F 0   3.671e-02   0e+00  0.65  1.0e-01  6.7e-04  1.0e-01  1.0e+00  2.6e-01  3.1e-03  2.7e-01
 198  F 0   4.839e+00   0e+00  0.59  1.0e-01  2.2e+00  1.0e-01  1.4e+00  2.7e-01  3.1e-03  2.7e-01
 199  F 0   6.751e-02   0e+00  0.67  1.0e-01  5.0e-02  1.0e-01  2.7e+00  2.7e-01  3.3e-03  2.7e-01
 200  F 0   3.752e-02   0e+00  0.58  1.0e-01  3.7e-04  1.0e-01  2.4e+00  2.8e-01  3.7e-03  2.8e-01
 201  F 0   3.667e-02   0e+00  0.56  1.0e-01  1.6e-04  1.0e-01  6.2e-01  2.7e-01  4.2e-03  2.7e-01
 202  F 0   3.585e-02   0e+00  0.65  1.0e-01  1.6e-04  1.0e-01  4.3e-01  2.6e-01  4.0e-03  2.7e-01
 203  F 0   4.081e-02   0e+00  0.81  1.0e-01  3.4e-02  7.5e-02  3.1e-01  2.7e-01  3.7e-03  2.8e-01
 204  F 0   3.826e-02   0e+00  0.56  1.0e-01  2.1e-03  1.0e-01  8.4e-01  2.8e-01  3.7e-03  2.8e-01
 205  F 0   3.710e-02   0e+00  0.50  1.0e-01  1.5e-04  1.0e-01  5.9e-01  2.6e-01  4.8e-03  2.7e-01
 206  F 0   3.604e-02   0e+00  0.60  1.0e-01  1.4e-04  1.0e-01  3.4e-01  2.6e-01  4.6e-03  2.7e-01
 207  F 0   4.021e-02   0e+00  0.82  1.0e-01  2.6e-02  1.0e-01  4.1e-01  3.6e-01  4.5e-03  3.7e-01
 208  F 0   3.798e-02   0e+00  0.63  1.0e-01  3.4e-03  1.0e-01  7.3e-01  2.7e-01  4.6e-03  2.8e-01
 209  F 0   3.740e-02   0e+00  0.52  1.0e-01  2.6e-04  1.0e-01  5.8e-01  2.7e-01  3.5e-03  2.8e-01
 210  F 0   3.628e-02   0e+00  0.58  1.0e-01  1.3e-04  4.5e-02  3.0e-01  3.3e-01  4.6e-03  3.3e-01
 211  F 0   3.642e-02   0e+00  0.75  1.0e-01  1.0e-02  1.0e-01  3.5e-01  2.7e-01  5.0e-03  2.8e-01
 212  F 0   3.789e-02   0e+00  0.65  1.0e-01  3.1e-03  1.0e-01  6.2e-01  2.6e-01  4.5e-03  2.7e-01
 213  F 0   3.727e-02   0e+00  0.50  1.0e-01  1.5e-04  4.1e-02  4.7e-01  2.7e-01  3.5e-03  2.7e-01
 214  F 0   3.619e-02   0e+00  0.57  1.0e-01  1.3e-04  4.6e-02  2.8e-01  2.7e-01  4.6e-03  2.8e-01
 215  F 0   3.793e-02   0e+00  0.74  1.0e-01  1.5e-02  1.0e-01  4.1e-01  2.6e-01  5.0e-03  2.7e-01
 216  F 0   3.790e-02   0e+00  0.67  1.0e-01  4.1e-03  1.0e-01  6.4e-01  2.9e-01  4.5e-03  3.0e-01
 217  F 0   3.740e-02   0e+00  0.52  1.0e-01  1.5e-04  8.0e-02  5.1e-01  2.8e-01  4.6e-03  2.9e-01
 218  F 0   3.628e-02   0e+00  0.56  1.0e-01  1.3e-04  8.5e-02  2.9e-01  3.5e-01  4.5e-03  3.6e-01
 219  F 0   3.861e-02   0e+00  0.70  1.0e-01  1.8e-02  1.0e-01  3.4e-01  2.6e-01  5.6e-03  2.7e-01
 220  F 0   3.770e-02   0e+00  0.66  1.0e-01  2.0e-03  1.0e-01  5.5e-01  2.8e-01  4.0e-03  2.8e-01
 221  F 0   3.711e-02   0e+00  0.58  1.0e-01  2.5e-04  5.8e-02  4.3e-01  2.8e-01  4.6e-03  2.9e-01
 222  F 0   3.630e-02   0e+00  0.56  1.0e-01  1.3e-04  6.2e-02  3.3e-01  2.8e-01  4.7e-03  2.8e-01
 223  T 0   3.568e-02   0e+00  0.73  1.0e-01  1.3e-04  1.0e-01  3.1e-01  2.8e-01  5.5e-03  2.8e-01
 224  F 0   3.681e-02   0e+00  0.71  1.0e-01  2.8e-03  8.7e-02  4.2e-01  3.4e-01  4.6e-03  3.4e-01
 225  F 0   3.690e-02   0e+00  0.63  1.0e-01  3.5e-04  5.2e-02  4.6e-01  2.6e-01  3.6e-03  2.7e-01
 226  F 0   3.630e-02   0e+00  0.65  1.0e-01  1.4e-04  8.3e-02  3.8e-01  2.8e-01  3.6e-03  2.8e-01
 227  F 0   3.589e-02   0e+00  0.69  1.0e-01  2.4e-04  4.8e-02  2.5e-01  2.7e-01  4.2e-03  2.8e-01
 228  F 0   3.653e-02   0e+00  0.74  1.0e-01  2.7e-03  8.1e-02  3.6e-01  2.7e-01  3.5e-03  2.8e-01
 229  F 0   3.666e-02   0e+00  0.67  1.0e-01  1.1e-03  1.0e-01  4.9e-01  3.6e-01  4.5e-03  3.7e-01
 230  F 0   3.637e-02   0e+00  0.64  1.0e-01  1.8e-04  1.0e-01  4.3e-01  3.1e-01  4.1e-03  3.1e-01
 231  F 0   3.603e-02   0e+00  0.66  1.0e-01  7.2e-04  7.3e-02  2.9e-01  2.8e-01  4.1e-03  2.9e-01
 232  F 0   3.649e-02   0e+00  0.71  1.0e-01  3.3e-03  4.7e-02  3.3e-01  2.8e-01  4.1e-03  2.8e-01
 233  F 0   3.694e-02   0e+00  0.68  1.0e-01  3.3e-03  8.0e-02  4.8e-01  2.6e-01  4.5e-03  2.7e-01
 234  F 0   3.664e-02   0e+00  0.59  1.0e-01  1.6e-04  6.1e-02  4.4e-01  2.7e-01  4.5e-03  2.7e-01
 235  F 0   3.599e-02   0e+00  0.65  1.0e-01  2.7e-04  5.1e-02  2.7e-01  2.9e-01  4.5e-03  2.9e-01
 236  F 0   3.642e-02   0e+00  0.73  1.0e-01  4.3e-03  4.9e-02  3.0e-01  2.8e-01  4.1e-03  2.8e-01
 237  F 0   3.694e-02   0e+00  0.67  1.0e-01  1.3e-03  6.2e-02  4.9e-01  2.9e-01  4.2e-03  2.9e-01
 238  F 0   3.656e-02   0e+00  0.62  1.0e-01  1.4e-04  2.2e-02  3.9e-01  2.8e-01  4.5e-03  2.9e-01
 239  F 0   3.590e-02   0e+00  0.68  1.0e-01  1.2e-03  2.5e-02  2.3e-01  2.8e-01  5.2e-03  2.9e-01
 240  F 0   3.704e-02   0e+00  0.75  1.0e-01  8.6e-03  4.2e-02  2.8e-01  3.0e-01  4.6e-03  3.0e-01
 241  F 0   3.717e-02   0e+00  0.68  1.0e-01  2.0e-03  4.2e-02  4.9e-01  2.8e-01  4.0e-03  2.8e-01
 242  F 0   3.675e-02   0e+00  0.58  1.0e-01  1.4e-04  2.5e-02  4.3e-01  2.8e-01  4.5e-03  2.9e-01
 243  F 0   3.603e-02   0e+00  0.64  1.0e-01  1.3e-03  2.8e-02  2.4e-01  2.7e-01  4.7e-03  2.8e-01
 244  F 0   3.645e-02   0e+00  0.71  1.0e-01  4.2e-04  2.6e-02  2.9e-01  2.7e-01  4.1e-03  2.8e-01
 245  F 0   3.678e-02   0e+00  0.67  1.0e-01  4.7e-04  3.5e-02  4.4e-01  2.7e-01  3.5e-03  2.7e-01
 246  F 0   3.649e-02   0e+00  0.62  1.0e-01  1.5e-04  7.1e-02  3.8e-01  2.6e-01  5.2e-03  2.7e-01
 247  F 0   3.590e-02   0e+00  0.67  1.0e-01  8.7e-04  3.2e-02  2.2e-01  2.7e-01  4.8e-03  2.8e-01
 248  F 0   3.632e-02   0e+00  0.74  1.0e-01  2.4e-04  4.3e-02  3.0e-01  2.8e-01  5.8e-03  2.8e-01
 249  F 0   3.695e-02   0e+00  0.68  1.0e-01  2.4e-03  6.0e-02  4.6e-01  2.6e-01  4.0e-03  2.7e-01
 250  F 0   3.691e-02   0e+00  0.57  1.0e-01  1.4e-04  8.7e-02  5.3e-01  2.7e-01  4.7e-03  2.7e-01
 251  F 0   3.612e-02   0e+00  0.64  1.0e-01  2.4e-03  1.0e-01  2.7e-01  2.7e-01  4.7e-03  2.7e-01
 252  F 0   3.659e-02   0e+00  0.68  1.0e-01  2.8e-03  5.7e-02  3.0e-01  2.9e-01  4.1e-03  3.0e-01
 253  F 0   3.652e-02   0e+00  0.65  1.0e-01  3.4e-04  1.0e-01  4.0e-01  2.8e-01  4.2e-03  2.8e-01
 254  F 0   3.623e-02   0e+00  0.69  1.0e-01  1.6e-04  6.4e-02  3.3e-01  2.8e-01  4.3e-03  2.9e-01
 255  F 0   3.594e-02   0e+00  0.69  1.0e-01  3.4e-04  3.8e-02  2.8e-01  2.8e-01  4.2e-03  2.8e-01
 256  F 0   3.631e-02   0e+00  0.72  1.0e-01  2.2e-03  7.9e-02  3.6e-01  3.0e-01  3.2e-03  3.0e-01
 257  F 0   3.668e-02   0e+00  0.68  1.0e-01  3.9e-03  8.6e-02  4.4e-01  3.2e-01  4.8e-03  3.2e-01
 258  F 0   3.668e-02   0e+00  0.61  1.0e-01  2.2e-04  7.9e-02  4.5e-01  2.7e-01  3.6e-03  2.7e-01
 259  F 0   3.599e-02   0e+00  0.68  1.0e-01  2.3e-04  5.4e-02  2.6e-01  2.8e-01  4.7e-03  2.8e-01
 260  F 0   3.624e-02   0e+00  0.72  1.0e-01  4.1e-04  3.1e-02  2.8e-01  2.6e-01  4.2e-03  2.7e-01
 261  F 0   3.670e-02   0e+00  0.66  1.0e-01  2.5e-03  1.0e-01  4.9e-01  2.7e-01  4.5e-03  2.7e-01
 262  F 0   3.673e-02   0e+00  0.61  1.0e-01  3.0e-04  1.0e-01  5.0e-01  2.7e-01  4.6e-03  2.8e-01
 263  F 0   3.609e-02   0e+00  0.65  1.0e-01  2.4e-03  4.5e-02  2.6e-01  2.9e-01  4.8e-03  2.9e-01
 264  F 0   3.638e-02   0e+00  0.71  1.0e-01  4.8e-04  5.9e-02  2.8e-01  2.7e-01  4.1e-03  2.8e-01
 265  F 0   3.654e-02   0e+00  0.67  1.0e-01  6.1e-04  4.6e-02  4.1e-01  2.7e-01  3.6e-03  2.7e-01
 266  F 0   3.638e-02   0e+00  0.64  1.0e-01  1.4e-04  8.0e-02  3.8e-01  2.7e-01  4.6e-03  2.8e-01
 267  F 0   3.584e-02   0e+00  0.70  1.0e-01  1.2e-03  1.5e-02  2.0e-01  2.7e-01  4.5e-03  2.7e-01
 268  F 0   3.645e-02   0e+00  0.72  1.0e-01  1.3e-03  2.8e-02  3.0e-01  3.3e-01  4.5e-03  3.3e-01
 269  F 0   3.673e-02   0e+00  0.70  1.0e-01  1.5e-03  1.0e-01  5.4e-01  2.6e-01  1.6e-02  2.8e-01
 270  F 0   3.674e-02   0e+00  0.61  1.0e-01  1.4e-04  1.0e-01  6.0e-01  2.7e-01  4.8e-03  2.7e-01
 271  F 0   3.646e-02   0e+00  0.65  1.0e-01  1.1e-01  3.6e-02  2.6e-01  2.7e-01  4.6e-03  2.7e-01
 272  F 0   3.680e-02   0e+00  0.67  1.0e-01  2.4e-04  2.0e-02  3.3e-01  2.6e-01  4.7e-03  2.7e-01
 273  F 0   3.658e-02   0e+00  0.66  1.0e-01  5.8e-04  9.6e-02  4.0e-01  2.7e-01  3.5e-03  2.7e-01
 274  F 0   3.638e-02   0e+00  0.67  1.0e-01  1.6e-04  3.2e-02  3.7e-01  2.7e-01  4.5e-03  2.8e-01
 275  F 0   3.602e-02   0e+00  0.67  1.0e-01  1.5e-04  6.9e-02  2.8e-01  2.8e-01  4.0e-03  2.8e-01
 276  F 0   3.577e-02   0e+00  0.73  1.0e-01  3.5e-04  3.9e-02  2.3e-01  2.7e-01  5.2e-03  2.7e-01
 277  F 0   3.615e-02   0e+00  0.78  1.0e-01  1.9e-03  4.5e-02  3.3e-01  2.7e-01  4.5e-03  2.7e-01
 278  F 0   3.668e-02   0e+00  0.64  1.0e-01  3.9e-04  5.0e-02  4.6e-01  2.7e-01  5.0e-03  2.7e-01
 279  F 0   3.632e-02   0e+00  0.64  1.0e-01  1.8e-04  4.8e-02  3.1e-01  2.7e-01  4.5e-03  2.7e-01
 280  F 0   3.578e-02   0e+00  0.71  1.0e-01  1.6e-04  2.7e-02  1.9e-01  2.8e-01  4.0e-03  2.8e-01
 281  F 0   3.588e-02   0e+00  0.83  1.0e-01  2.5e-03  1.0e-01  7.2e-01  2.8e-01  4.0e-03  2.8e-01
 282  F 0   3.740e-02   0e+00  0.63  1.0e-01  6.1e-03  1.0e-01  1.1e+00  2.7e-01  3.6e-03  2.8e-01
 283  F 0   3.799e-02   0e+00  0.49  1.0e-01  5.7e-04  1.0e-01  2.3e+00  2.6e-01  2.5e-03  2.7e-01
 284  F 0   3.587e-02   0e+00  0.66  1.0e-01  1.4e-04  1.0e-01  2.0e+00  2.7e-01  3.5e-03  2.7e-01
 285  F 0   3.902e-02   0e+00  0.79  1.0e-01  7.4e-02  1.0e-01  1.6e+00  2.7e-01  3.0e-03  2.7e-01
 286  F 0   3.799e-02   0e+00  0.54  1.0e-01  1.7e-04  1.0e-01  2.0e+00  2.7e-01  2.5e-03  2.7e-01
 287  F 0   3.672e-02   0e+00  0.51  1.0e-01  1.6e-04  1.0e-01  1.3e+00  3.0e-01  4.0e-03  3.0e-01
 288  F 0   3.589e-02   0e+00  0.64  1.0e-01  1.7e-04  1.0e-01  7.1e-01  2.8e-01  4.3e-03  2.9e-01
 289  F 0   5.509e-02   0e+00  0.84  1.0e-01  6.0e-02  1.0e-01  1.1e+00  2.8e-01  3.5e-03  2.8e-01
 290  F 0   3.814e-02   0e+00  0.59  1.0e-01  1.2e-03  1.0e-01  1.3e+00  2.8e-01  3.6e-03  2.8e-01
 291  F 0   3.704e-02   0e+00  0.51  1.0e-01  1.6e-04  1.0e-01  7.1e-01  3.3e-01  4.0e-03  3.3e-01
 292  F 0   3.607e-02   0e+00  0.58  1.0e-01  1.3e-04  5.6e-02  3.4e-01  2.8e-01  4.6e-03  2.8e-01
 293  T 0   3.558e-02   0e+00  0.74  1.0e-01  1.8e-03  1.0e-01  4.5e-01  2.8e-01  5.1e-03  2.8e-01
 294  F 0   3.688e-02   0e+00  0.72  1.0e-01  8.4e-03  1.0e-01  5.2e-01  2.7e-01  5.0e-03  2.8e-01
 295  F 0   3.704e-02   0e+00  0.65  1.0e-01  1.6e-03  3.8e-02  4.9e-01  2.8e-01  4.5e-03  2.8e-01
 296  F 0   3.660e-02   0e+00  0.58  1.0e-01  1.2e-04  1.0e-01  5.5e-01  2.7e-01  4.6e-03  2.7e-01
 297  F 0   3.760e-02   0e+00  0.67  1.0e-01  1.5e-02  1.0e-01  3.2e-01  2.7e-01  4.2e-03  2.7e-01
 298  F 0   3.707e-02   0e+00  0.64  1.0e-01  1.4e-03  3.7e-02  4.2e-01  2.6e-01  4.1e-03  2.7e-01
 299  F 0   3.664e-02   0e+00  0.62  1.0e-01  1.4e-04  2.8e-02  3.7e-01  2.9e-01  4.1e-03  2.9e-01
 300  F 0   3.605e-02   0e+00  0.67  1.0e-01  1.7e-04  1.0e-01  2.7e-01  2.7e-01  4.5e-03  2.7e-01
 301  F 0   4.071e-02   0e+00  0.70  1.0e-01  3.6e-02  5.8e-02  3.2e-01  2.7e-01  3.6e-03  2.7e-01
 302  F 0   3.756e-02   0e+00  0.69  1.0e-01  3.4e-03  5.8e-02  4.7e-01  3.0e-01  4.0e-03  3.0e-01
 303  F 0   3.714e-02   0e+00  0.56  1.0e-01  1.5e-04  5.4e-02  4.6e-01  2.7e-01  4.6e-03  2.7e-01
 304  F 0   3.616e-02   0e+00  0.60  1.0e-01  1.3e-04  8.9e-02  3.0e-01  2.6e-01  4.6e-03  2.6e-01
 305  F 0   3.585e-02   0e+00  0.71  1.0e-01  8.2e-03  4.6e-02  2.2e-01  2.6e-01  4.0e-03  2.7e-01
 306  F 0   3.730e-02   0e+00  0.71  1.0e-01  4.6e-03  4.7e-02  4.4e-01  2.7e-01  4.1e-03  2.7e-01
 307  F 0   3.722e-02   0e+00  0.59  1.0e-01  2.8e-04  5.0e-02  4.8e-01  2.7e-01  4.5e-03  2.7e-01
 308  F 0   3.625e-02   0e+00  0.58  1.0e-01  1.5e-04  9.5e-02  3.1e-01  2.7e-01  4.2e-03  2.8e-01
 309  F 0   3.962e-02   0e+00  0.71  1.0e-01  3.6e-02  6.1e-02  2.2e-01  2.6e-01  4.6e-03  2.7e-01
 310  F 0   3.720e-02   0e+00  0.72  1.0e-01  3.2e-03  9.8e-02  4.4e-01  2.9e-01  3.0e-03  2.9e-01
 311  F 0   3.692e-02   0e+00  0.63  1.0e-01  5.9e-04  7.4e-02  4.2e-01  2.9e-01  5.0e-03  3.0e-01
 312  F 0   3.655e-02   0e+00  0.53  1.0e-01  1.3e-04  1.0e-01  6.5e-01  2.8e-01  3.8e-03  2.8e-01
 313  F 0   3.586e-02   0e+00  0.70  1.0e-01  3.0e-03  1.0e-01  3.5e-01  4.2e-01  4.2e-03  4.3e-01
 314  F 0   3.852e-02   0e+00  0.66  1.0e-01  2.4e-03  4.4e-02  4.7e-01  3.0e-01  4.7e-03  3.0e-01
 315  F 0   3.730e-02   0e+00  0.50  1.0e-01  1.5e-04  1.0e-01  5.2e-01  2.7e-01  4.7e-03  2.8e-01
 316  F 0   3.616e-02   0e+00  0.60  1.0e-01  1.6e-04  3.4e-02  2.6e-01  2.8e-01  3.6e-03  2.8e-01
 317  F 0   4.372e-02   0e+00  0.71  1.0e-01  4.8e-02  6.6e-02  2.6e-01  2.8e-01  4.1e-03  2.9e-01
 318  F 0   3.732e-02   0e+00  0.73  1.0e-01  3.3e-03  9.2e-02  4.4e-01  2.8e-01  3.1e-03  2.8e-01
 319  F 0   3.719e-02   0e+00  0.59  1.0e-01  8.2e-04  2.2e-02  4.7e-01  2.7e-01  5.1e-03  2.8e-01
 320  F 0   3.633e-02   0e+00  0.56  1.0e-01  1.6e-04  1.0e-01  3.7e-01  2.8e-01  4.1e-03  2.8e-01
 321  F 0   3.617e-02   0e+00  0.71  1.0e-01  1.3e-02  8.3e-02  2.7e-01  2.8e-01  4.5e-03  2.8e-01
 322  F 0   3.898e-02   0e+00  0.74  1.0e-01  1.5e-02  7.3e-02  4.5e-01  2.8e-01  4.1e-03  2.8e-01
 323  F 0   3.758e-02   0e+00  0.52  1.0e-01  1.5e-04  1.0e-01  5.9e-01  3.0e-01  4.6e-03  3.1e-01
 324  F 0   3.637e-02   0e+00  0.55  1.0e-01  1.6e-04  7.3e-02  3.1e-01  3.2e-01  4.5e-03  3.2e-01
 325  F 0   3.598e-02   0e+00  0.70  1.0e-01  6.7e-03  5.1e-02  2.0e-01  2.7e-01  4.6e-03  2.7e-01
 326  F 0   4.043e-02   0e+00  0.75  1.0e-01  1.5e-01  6.5e-02  4.6e-01  2.8e-01  4.0e-03  2.8e-01
 327  F 0   3.774e-02   0e+00  0.48  1.0e-01  1.4e-04  1.0e-01  6.1e-01  3.1e-01  4.5e-03  3.1e-01
 328  F 0   3.637e-02   0e+00  0.57  1.0e-01  1.6e-04  7.0e-02  2.9e-01  2.7e-01  5.6e-03  2.8e-01
 329  F 0   4.430e-02   0e+00  0.69  1.0e-01  5.3e-02  3.8e-02  2.0e-01  2.7e-01  4.6e-03  2.7e-01
 330  F 0   3.783e-02   0e+00  0.74  1.0e-01  1.5e-02  5.1e-02  4.3e-01  2.9e-01  4.0e-03  2.9e-01
 331  F 0   3.725e-02   0e+00  0.62  1.0e-01  1.6e-04  1.6e-02  4.8e-01  2.7e-01  5.0e-03  2.7e-01
 332  F 0   3.639e-02   0e+00  0.59  1.0e-01  1.6e-04  1.0e-01  4.2e-01  2.7e-01  4.7e-03  2.8e-01
 333  F 0   3.673e-02   0e+00  0.71  1.0e-01  1.8e-02  1.0e-01  3.1e-01  2.8e-01  4.5e-03  2.8e-01
 334  F 0   5.560e-02   0e+00  0.72  1.0e-01  8.9e-01  7.1e-02  4.7e-01  2.7e-01  4.5e-03  2.7e-01
 335  F 0   3.783e-02   0e+00  0.41  1.0e-01  1.3e-04  1.0e-01  1.3e+00  3.2e-01  4.0e-03  3.3e-01
 336  F 0   3.629e-02   0e+00  0.67  1.0e-01  4.8e-04  1.0e-01  1.2e+00  2.8e-01  4.6e-03  2.9e-01
 337  F 0   3.634e-02   0e+00  0.64  1.0e-01  1.8e-04  5.5e-02  3.7e-01  2.0e-01  3.4e-03  2.0e-01
 338  F 0   3.620e-02   0e+00  0.76  1.0e-01  1.9e-03  2.4e-02  2.9e-01  1.9e-01  2.8e-03  1.9e-01
 339  F 0   3.668e-02   0e+00  0.69  1.0e-01  4.6e-04  1.8e-02  4.3e-01  2.0e-01  2.7e-03  2.0e-01
 340  F 0   3.633e-02   0e+00  0.68  1.0e-01  1.7e-04  2.2e-02  3.4e-01  1.9e-01  2.7e-03  1.9e-01
 341  F 0   3.597e-02   0e+00  0.67  1.0e-01  1.7e-04  1.2e-02  2.7e-01  1.9e-01  3.0e-03  1.9e-01
 342  F 0   3.580e-02   0e+00  0.77  1.0e-01  1.3e-03  1.7e-02  2.4e-01  2.1e-01  2.7e-03  2.2e-01
 343  F 0   3.714e-02   0e+00  0.66  1.0e-01  1.5e-03  1.0e-01  4.9e-01  2.0e-01  2.5e-03  2.0e-01
 344  F 0   3.663e-02   0e+00  0.61  1.0e-01  4.3e-04  1.0e-01  3.9e-01  2.3e-01  2.8e-03  2.3e-01
 345  F 0   3.599e-02   0e+00  0.63  1.0e-01  1.5e-04  3.5e-02  3.0e-01  1.9e-01  3.1e-03  2.0e-01
 346  F 0   3.570e-02   0e+00  0.76  1.0e-01  4.3e-03  1.7e-02  1.9e-01  1.9e-01  2.8e-03  2.0e-01
 347  F 0   3.706e-02   0e+00  0.69  1.0e-01  1.3e-03  1.9e-02  4.7e-01  1.9e-01  3.5e-03  2.0e-01
 348  F 0   3.671e-02   0e+00  0.62  1.0e-01  2.3e-03  1.9e-02  3.9e-01  2.0e-01  2.7e-03  2.0e-01
 349  F 0   3.634e-02   0e+00  0.58  1.0e-01  1.5e-04  1.0e-01  9.6e-01  1.9e-01  2.7e-03  1.9e-01
 350  F 0   3.701e-02   0e+00  0.73  1.0e-01  3.0e-01  1.0e-01  7.1e-01  2.1e-01  3.2e-03  2.1e-01
 351  F 0   3.718e-02   0e+00  0.65  1.0e-01  2.0e-04  1.0e-01  5.4e-01  2.0e-01  3.1e-03  2.1e-01
 352  F 0   3.682e-02   0e+00  0.57  1.0e-01  1.6e-04  1.0e-01  4.4e-01  1.9e-01  2.5e-03  1.9e-01
 353  F 0   3.600e-02   0e+00  0.62  1.0e-01  7.5e-04  3.1e-02  2.7e-01  1.9e-01  3.1e-03  1.9e-01
 354  F 0   3.572e-02   0e+00  0.73  1.0e-01  5.2e-04  2.3e-02  3.0e-01  2.0e-01  2.8e-03  2.0e-01
 355  F 0   3.652e-02   0e+00  0.73  1.0e-01  1.2e-03  5.0e-02  3.4e-01  2.0e-01  3.4e-03  2.1e-01
 356  F 0   3.705e-02   0e+00  0.63  1.0e-01  2.6e-03  3.3e-02  4.2e-01  2.1e-01  2.8e-03  2.1e-01
 357  F 0   3.652e-02   0e+00  0.57  1.0e-01  1.5e-04  9.4e-02  4.6e-01  1.9e-01  2.8e-03  2.0e-01
 358  F 0   3.590e-02   0e+00  0.71  1.0e-01  6.6e-03  2.4e-02  2.2e-01  2.0e-01  2.8e-03  2.0e-01
 359  F 0   3.642e-02   0e+00  0.73  1.0e-01  1.3e-03  2.1e-02  3.3e-01  2.0e-01  2.2e-03  2.0e-01
 360  F 0   3.638e-02   0e+00  0.68  1.0e-01  6.7e-04  3.7e-02  3.4e-01  2.3e-01  3.0e-03  2.3e-01
 361  F 0   3.631e-02   0e+00  0.64  1.0e-01  2.6e-04  1.0e-01  5.6e-01  2.1e-01  3.2e-03  2.1e-01
 362  F 0   3.597e-02   0e+00  0.70  1.0e-01  1.4e-02  5.2e-02  3.4e-01  1.9e-01  2.8e-03  1.9e-01
 363  F 0   3.665e-02   0e+00  0.68  1.0e-01  8.3e-04  5.5e-02  4.0e-01  1.9e-01  2.8e-03  2.0e-01
 364  F 0   3.632e-02   0e+00  0.65  1.0e-01  3.2e-04  2.7e-02  3.2e-01  2.2e-01  3.1e-03  2.3e-01
 365  F 0   3.619e-02   0e+00  0.66  1.0e-01  4.2e-04  4.6e-02  3.7e-01  2.0e-01  2.9e-03  2.0e-01
 366  F 0   4.204e-02   0e+00  0.72  1.0e-01  2.3e-02  8.1e-02  2.9e-01  2.1e-01  2.8e-03  2.1e-01
 367  F 0   3.700e-02   0e+00  0.69  1.0e-01  2.0e-03  6.4e-02  4.2e-01  2.1e-01  2.2e-03  2.1e-01
 368  F 0   3.666e-02   0e+00  0.61  1.0e-01  1.6e-04  2.3e-02  3.9e-01  2.1e-01  2.9e-03  2.1e-01
 369  F 0   3.608e-02   0e+00  0.64  1.0e-01  1.5e-04  5.0e-02  3.0e-01  2.2e-01  2.8e-03  2.2e-01
 370  F 0   3.647e-02   0e+00  0.75  1.0e-01  1.0e-02  1.6e-02  1.8e-01  2.3e-01  3.5e-03  2.3e-01
 371  F 0   3.694e-02   0e+00  0.75  1.0e-01  4.3e-04  2.5e-02  4.0e-01  2.5e-01  2.8e-03  2.6e-01
 372  F 0   3.687e-02   0e+00  0.60  1.0e-01  1.2e-03  4.8e-02  4.3e-01  2.0e-01  3.1e-03  2.0e-01
 373  F 0   3.623e-02   0e+00  0.59  1.0e-01  1.5e-04  4.2e-02  3.4e-01  2.0e-01  2.8e-03  2.0e-01
 374  F 0   3.623e-02   0e+00  0.75  1.0e-01  9.8e-03  2.7e-02  1.8e-01  2.0e-01  3.0e-03  2.0e-01
 375  F 0   3.721e-02   0e+00  0.76  1.0e-01  6.0e-04  2.1e-02  4.1e-01  1.9e-01  2.8e-03  1.9e-01
 376  F 0   3.737e-02   0e+00  0.52  1.0e-01  9.8e-04  1.0e-01  6.3e-01  1.9e-01  3.1e-03  1.9e-01
 377  F 0   3.641e-02   0e+00  0.54  1.0e-01  1.4e-04  7.6e-02  3.9e-01  1.9e-01  2.4e-03  1.9e-01
 378  F 0   4.138e-02   0e+00  0.68  1.0e-01  3.1e-02  2.4e-02  2.1e-01  2.1e-01  3.1e-03  2.1e-01
 379  F 0   3.736e-02   0e+00  0.72  1.0e-01  8.9e-04  2.9e-02  4.3e-01  2.0e-01  2.2e-03  2.0e-01
 380  F 0   3.720e-02   0e+00  0.60  1.0e-01  2.9e-03  7.4e-02  4.8e-01  2.0e-01  2.8e-03  2.1e-01
 381  F 0   3.659e-02   0e+00  0.54  1.0e-01  1.5e-04  6.7e-02  4.8e-01  2.0e-01  3.1e-03  2.0e-01
 382  F 0   3.739e-02   0e+00  0.66  1.0e-01  1.3e-02  4.5e-02  2.6e-01  1.9e-01  2.8e-03  1.9e-01
 383  F 0   3.699e-02   0e+00  0.70  1.0e-01  6.6e-04  5.7e-02  3.9e-01  2.2e-01  2.1e-03  2.2e-01
 384  F 0   3.719e-02   0e+00  0.62  1.0e-01  3.5e-03  7.6e-02  4.7e-01  2.2e-01  2.8e-03  2.2e-01
 385  F 0   3.645e-02   0e+00  0.58  1.0e-01  1.5e-04  3.5e-02  3.7e-01  2.0e-01  2.8e-03  2.1e-01
 386  F 0   3.602e-02   0e+00  0.70  1.0e-01  7.8e-03  2.6e-02  2.0e-01  2.0e-01  3.4e-03  2.1e-01
 387  F 0   3.720e-02   0e+00  0.73  1.0e-01  1.4e-03  1.0e-01  4.9e-01  2.2e-01  3.2e-03  2.2e-01
 388  F 0   3.758e-02   0e+00  0.57  1.0e-01  2.1e-03  9.8e-02  5.5e-01  2.6e-01  3.0e-03  2.6e-01
 389  F 0   3.674e-02   0e+00  0.51  1.0e-01  1.4e-04  8.3e-02  4.8e-01  2.5e-01  3.4e-03  2.5e-01
 390  F 0   3.588e-02   0e+00  0.64  1.0e-01  1.1e-04  5.2e-02  2.6e-01  2.4e-01  3.8e-03  2.5e-01
 391  F 0   3.870e-02   0e+00  0.80  1.0e-01  2.3e-02  5.5e-02  1.6e-01  2.4e-01  4.9e-03  2.5e-01
 392  F 0   3.834e-02   0e+00  0.69  1.0e-01  1.7e-02  1.0e-01  5.5e-01  2.5e-01  3.4e-03  2.5e-01
 393  F 0   3.720e-02   0e+00  0.52  1.0e-01  1.5e-04  1.0e-01  7.1e-01  2.4e-01  3.9e-03  2.5e-01
 394  F 0   3.612e-02   0e+00  0.63  1.0e-01  1.1e-04  1.0e-01  4.5e-01  2.6e-01  3.9e-03  2.6e-01
 395  F 0   3.565e-02   0e+00  0.76  1.0e-01  7.1e-03  3.7e-02  2.1e-01  2.4e-01  4.0e-03  2.5e-01
 396  F 0   3.887e-02   0e+00  0.66  1.0e-01  1.4e-02  4.6e-02  5.5e-01  2.5e-01  3.4e-03  2.5e-01
 397  F 0   3.727e-02   0e+00  0.49  1.0e-01  1.4e-04  7.9e-02  5.2e-01  2.4e-01  4.3e-03  2.4e-01
 398  F 0   3.612e-02   0e+00  0.60  1.0e-01  3.0e-04  2.2e-02  2.9e-01  2.5e-01  4.4e-03  2.5e-01
 399  F 0   3.636e-02   0e+00  0.71  1.0e-01  1.2e-02  1.9e-02  2.5e-01  2.5e-01  3.9e-03  2.5e-01
 400  F 0   3.704e-02   0e+00  0.64  1.0e-01  1.1e-03  1.4e-02  4.5e-01  2.6e-01  3.7e-03  2.6e-01
 401  F 0   3.661e-02   0e+00  0.65  1.0e-01  1.0e-03  1.7e-02  3.7e-01  2.4e-01  4.8e-03  2.5e-01
 402  F 0   3.617e-02   0e+00  0.61  1.0e-01  1.6e-04  1.0e-01  4.6e-01  2.4e-01  4.0e-03  2.5e-01
 403  F 0   3.977e-02   0e+00  0.75  1.0e-01  2.1e-02  3.7e-02  2.1e-01  2.5e-01  4.0e-03  2.5e-01
 404  F 0   3.912e-02   0e+00  0.66  1.0e-01  2.9e-02  4.2e-02  5.1e-01  2.4e-01  3.0e-03  2.5e-01
 405  F 0   3.729e-02   0e+00  0.48  1.0e-01  1.5e-04  1.0e-01  6.3e-01  2.5e-01  4.3e-03  2.5e-01
 406  F 0   3.609e-02   0e+00  0.61  1.0e-01  1.5e-04  1.0e-01  3.7e-01  2.8e-01  4.3e-03  2.9e-01
 407  F 0   3.581e-02   0e+00  0.72  1.0e-01  2.8e-03  3.3e-02  2.4e-01  2.6e-01  2.8e-02  2.9e-01
 408  F 0   3.723e-02   0e+00  0.70  1.0e-01  1.8e-03  2.1e-02  4.5e-01  2.5e-01  4.1e-03  2.6e-01
 409  F 0   3.677e-02   0e+00  0.60  1.0e-01  1.5e-04  7.8e-02  4.2e-01  2.5e-01  3.8e-03  2.5e-01
 410  F 0   3.594e-02   0e+00  0.67  1.0e-01  2.3e-04  1.8e-02  2.4e-01  2.4e-01  4.5e-03  2.5e-01
 411  F 0   4.707e-02   0e+00  0.73  1.0e-01  3.1e+00  1.0e-01  3.7e-01  2.4e-01  3.4e-03  2.4e-01
 412  F 0   3.755e-02   0e+00  0.62  1.0e-01  2.0e-03  4.3e-02  5.1e-01  2.5e-01  3.0e-03  2.5e-01
 413  F 0   3.677e-02   0e+00  0.57  1.0e-01  1.6e-04  6.5e-02  4.1e-01  2.9e-01  4.3e-03  2.9e-01
 414  F 0   3.589e-02   0e+00  0.67  1.0e-01  5.7e-04  2.3e-02  2.2e-01  2.6e-01  4.4e-03  2.7e-01
 415  F 0   4.368e-02   0e+00  0.76  1.0e-01  2.9e-02  2.3e-02  3.1e-01  3.1e-01  3.9e-03  3.2e-01
 416  F 0   3.866e-02   0e+00  0.62  1.0e-01  7.1e-03  3.7e-02  5.5e-01  2.8e-01  3.5e-03  2.8e-01
 417  F 0   3.727e-02   0e+00  0.48  1.0e-01  1.5e-04  1.0e-01  4.9e-01  2.7e-01  4.0e-03  2.8e-01
 418  F 0   3.607e-02   0e+00  0.60  1.0e-01  1.5e-04  1.6e-02  2.5e-01  2.8e-01  4.1e-03  2.8e-01
 419  F 0   4.992e-02   0e+00  0.77  1.0e-01  5.5e-02  9.9e-03  1.8e-01  2.8e-01  5.2e-03  2.8e-01
 420  F 0   3.780e-02   0e+00  0.67  1.0e-01  2.8e-03  2.4e-02  5.2e-01  2.8e-01  4.0e-03  2.9e-01
 421  F 0   3.710e-02   0e+00  0.54  1.0e-01  1.6e-04  2.4e-02  4.6e-01  2.7e-01  4.6e-03  2.8e-01
 422  F 0   3.603e-02   0e+00  0.61  1.0e-01  1.5e-04  1.9e-02  2.5e-01  2.8e-01  4.5e-03  2.8e-01
 423  F 0   3.890e-02   0e+00  0.76  1.0e-01  2.4e-02  2.4e-02  1.7e-01  3.1e-01  4.7e-03  3.2e-01
 424  F 0   3.894e-02   0e+00  0.69  1.0e-01  1.7e-02  9.0e-02  5.6e-01  2.8e-01  4.0e-03  2.8e-01
 425  F 0   3.743e-02   0e+00  0.48  1.0e-01  1.5e-04  1.0e-01  5.7e-01  2.7e-01  4.7e-03  2.8e-01
 426  F 0   3.617e-02   0e+00  0.57  1.0e-01  1.5e-04  3.8e-02  2.8e-01  2.7e-01  4.1e-03  2.7e-01
 427  F 0   3.903e-02   0e+00  0.74  1.0e-01  2.1e-02  1.8e-02  1.7e-01  2.7e-01  4.6e-03  2.7e-01
 428  F 0   3.815e-02   0e+00  0.70  1.0e-01  5.2e-03  4.1e-02  5.2e-01  2.9e-01  4.2e-03  2.9e-01
 429  F 0   3.734e-02   0e+00  0.50  1.0e-01  1.5e-04  4.8e-02  5.4e-01  3.2e-01  4.1e-03  3.2e-01
 430  F 0   3.612e-02   0e+00  0.58  1.0e-01  1.5e-04  2.4e-02  2.6e-01  2.8e-01  4.2e-03  2.8e-01
 431  F 0   5.407e-02   0e+00  0.74  1.0e-01  5.2e-02  1.1e-02  1.7e-01  2.7e-01  4.5e-03  2.8e-01
 432  F 0   3.766e-02   0e+00  0.66  1.0e-01  1.6e-03  1.6e-02  5.2e-01  2.7e-01  3.1e-03  2.8e-01
 433  F 0   3.702e-02   0e+00  0.57  1.0e-01  1.6e-04  1.7e-02  4.3e-01  3.4e-01  5.1e-03  3.5e-01
 434  F 0   3.607e-02   0e+00  0.61  1.0e-01  1.5e-04  2.4e-02  2.7e-01  2.7e-01  4.5e-03  2.7e-01
 435  F 0   4.052e-02   0e+00  0.75  1.0e-01  2.7e-02  4.5e-02  2.0e-01  3.6e-01  4.9e-03  3.7e-01
 436  F 0   3.854e-02   0e+00  0.71  1.0e-01  7.0e-03  4.5e-02  5.1e-01  2.7e-01  1.6e-02  2.9e-01
 437  F 0   3.747e-02   0e+00  0.49  1.0e-01  1.5e-04  8.4e-02  5.7e-01  2.8e-01  4.0e-03  2.8e-01
 438  F 0   3.621e-02   0e+00  0.55  1.0e-01  1.5e-04  3.4e-02  2.8e-01  2.8e-01  4.2e-03  2.8e-01
 439  F 0   4.343e-02   0e+00  0.72  1.0e-01  4.3e-02  1.8e-02  1.8e-01  2.6e-01  4.7e-03  2.7e-01
 440  F 0   3.829e-02   0e+00  0.69  1.0e-01  6.0e-03  2.1e-02  5.2e-01  3.4e-01  4.1e-03  3.5e-01
 441  F 0   3.740e-02   0e+00  0.51  1.0e-01  1.5e-04  1.9e-02  5.2e-01  2.9e-01  4.2e-03  2.9e-01
 442  F 0   3.627e-02   0e+00  0.54  1.0e-01  1.5e-04  6.5e-02  3.5e-01  2.8e-01  3.5e-03  2.8e-01
 443  F 0   3.942e-02   0e+00  0.72  1.0e-01  2.5e-02  2.8e-02  1.9e-01  3.2e-01  4.7e-03  3.2e-01
 444  F 0   3.906e-02   0e+00  0.68  1.0e-01  8.1e-03  2.8e-02  5.1e-01  2.7e-01  4.0e-03  2.7e-01
 445  F 0   3.748e-02   0e+00  0.48  1.0e-01  1.5e-04  8.2e-02  5.5e-01  2.7e-01  4.1e-03  2.7e-01
 446  F 0   3.619e-02   0e+00  0.58  1.0e-01  1.5e-04  3.3e-02  2.6e-01  2.9e-01  4.0e-03  3.0e-01
 447  F 0   5.074e-02   0e+00  0.71  1.0e-01  7.2e-02  2.0e-02  2.2e-01  2.8e-01  4.8e-03  2.8e-01
 448  F 0   3.804e-02   0e+00  0.67  1.0e-01  3.6e-03  2.6e-02  5.1e-01  2.8e-01  3.1e-03  2.9e-01
 449  F 0   3.720e-02   0e+00  0.53  1.0e-01  1.5e-04  2.2e-02  4.8e-01  2.8e-01  4.7e-03  2.9e-01
 450  F 0   3.608e-02   0e+00  0.60  1.0e-01  1.5e-04  2.0e-02  2.5e-01  2.7e-01  4.0e-03  2.7e-01
 451  F 0   3.638e-02   0e+00  0.76  1.0e-01  7.5e-03  3.0e-02  1.6e-01  2.8e-01  4.5e-03  2.8e-01
 452  F 0   3.840e-02   0e+00  0.71  1.0e-01  5.6e-03  1.6e-02  5.1e-01  2.8e-01  4.7e-03  2.8e-01
 453  F 0   3.754e-02   0e+00  0.47  1.0e-01  1.5e-04  1.0e-01  6.8e-01  2.9e-01  3.5e-03  3.0e-01
 454  F 0   3.620e-02   0e+00  0.55  1.0e-01  1.6e-04  7.1e-02  3.4e-01  3.4e-01  3.6e-03  3.4e-01
 455  F 0   5.363e-02   0e+00  0.70  1.0e-01  3.1e-01  2.6e-02  2.0e-01  3.5e-01  4.7e-03  3.5e-01
 456  F 0   3.746e-02   0e+00  0.62  1.0e-01  9.6e-04  1.9e-02  4.9e-01  3.0e-01  4.0e-03  3.1e-01
 457  F 0   3.689e-02   0e+00  0.60  1.0e-01  7.7e-04  3.5e-02  4.1e-01  2.7e-01  5.2e-03  2.7e-01
 458  F 0   3.627e-02   0e+00  0.56  1.0e-01  1.5e-04  1.0e-01  4.3e-01  2.7e-01  4.1e-03  2.8e-01
 459  F 0   4.215e-02   0e+00  0.74  1.0e-01  3.5e-02  4.0e-02  2.0e-01  2.7e-01  4.9e-03  2.8e-01
 460  F 0   4.030e-02   0e+00  0.65  1.0e-01  4.2e-03  5.4e-02  5.2e-01  2.8e-01  3.6e-03  2.9e-01
 461  F 0   3.752e-02   0e+00  0.44  1.0e-01  1.4e-04  1.0e-01  6.0e-01  2.7e-01  4.5e-03  2.7e-01
 462  F 0   3.617e-02   0e+00  0.58  1.0e-01  1.4e-04  7.6e-02  3.2e-01  2.7e-01  4.5e-03  2.7e-01
 463  F 0   3.621e-02   0e+00  0.74  1.0e-01  9.2e-03  2.8e-02  1.8e-01  2.7e-01  4.7e-03  2.7e-01
 464  F 0   3.912e-02   0e+00  0.70  1.0e-01  7.2e-03  4.4e-02  5.3e-01  2.8e-01  4.0e-03  2.8e-01
 465  F 0   3.749e-02   0e+00  0.48  1.0e-01  1.5e-04  3.8e-02  5.5e-01  2.7e-01  4.5e-03  2.8e-01
 466  F 0   3.620e-02   0e+00  0.57  1.0e-01  1.6e-04  2.7e-02  2.7e-01  3.0e-01  4.5e-03  3.1e-01
 467  F 0   4.468e-02   0e+00  0.73  1.0e-01  4.7e-02  1.2e-02  1.7e-01  3.1e-01  4.5e-03  3.2e-01
 468  F 0   3.844e-02   0e+00  0.70  1.0e-01  3.1e-03  1.9e-02  5.2e-01  2.8e-01  4.1e-03  2.8e-01
 469  F 0   3.741e-02   0e+00  0.48  1.0e-01  1.5e-04  1.7e-02  5.2e-01  2.6e-01  4.1e-03  2.7e-01
 470  F 0   3.614e-02   0e+00  0.57  1.0e-01  1.4e-04  1.0e-02  2.5e-01  2.8e-01  4.0e-03  2.8e-01
 471  F 0   3.574e-02   0e+00  0.75  1.0e-01  6.1e-03  6.1e-03  1.5e-01  3.0e-01  4.5e-03  3.1e-01
 472  F 0   3.873e-02   0e+00  0.72  1.0e-01  5.9e-03  1.3e-02  5.2e-01  2.9e-01  4.6e-03  3.0e-01
 473  F 0   3.769e-02   0e+00  0.45  1.0e-01  1.5e-04  1.0e-01  6.5e-01  3.2e-01  4.0e-03  3.3e-01
 474  F 0   3.632e-02   0e+00  0.52  1.0e-01  1.5e-04  5.1e-02  3.3e-01  3.3e-01  4.0e-03  3.3e-01
 475  F 0   4.494e-02   0e+00  0.68  1.0e-01  4.4e-02  2.7e-02  2.0e-01  2.7e-01  4.6e-03  2.8e-01
 476  F 0   3.849e-02   0e+00  0.69  1.0e-01  5.0e-03  3.0e-02  5.2e-01  3.6e-01  3.1e-03  3.7e-01
 477  F 0   3.740e-02   0e+00  0.53  1.0e-01  1.5e-04  2.6e-02  5.2e-01  3.0e-01  4.1e-03  3.0e-01
 478  F 0   3.623e-02   0e+00  0.57  1.0e-01  1.4e-04  1.6e-02  2.8e-01  3.3e-01  4.2e-03  3.3e-01
 479  F 0   3.581e-02   0e+00  0.72  1.0e-01  5.8e-03  7.4e-02  2.3e-01  2.7e-01  4.4e-03  2.8e-01
 480  F 0   3.934e-02   0e+00  0.70  1.0e-01  1.5e-02  5.5e-02  5.2e-01  2.7e-01  4.0e-03  2.7e-01
 481  F 0   3.752e-02   0e+00  0.51  1.0e-01  1.5e-04  6.9e-02  5.5e-01  2.8e-01  4.5e-03  2.9e-01
 482  F 0   3.625e-02   0e+00  0.58  1.0e-01  1.6e-04  2.0e-02  2.6e-01  2.6e-01  4.6e-03  2.7e-01
 483  F 0   4.439e-02   0e+00  0.69  1.0e-01  9.6e-02  6.5e-02  2.9e-01  3.1e-01  4.2e-03  3.1e-01
 484  F 0   3.871e-02   0e+00  0.68  1.0e-01  7.0e-03  2.6e-02  5.1e-01  3.1e-01  3.0e-03  3.1e-01
 485  F 0   3.752e-02   0e+00  0.49  1.0e-01  1.5e-04  1.9e-02  5.4e-01  3.4e-01  4.0e-03  3.5e-01
 486  F 0   3.625e-02   0e+00  0.56  1.0e-01  1.6e-04  2.0e-02  2.6e-01  3.2e-01  3.7e-03  3.2e-01
 487  F 0   3.595e-02   0e+00  0.74  1.0e-01  6.4e-03  8.8e-03  1.6e-01  2.8e-01  4.5e-03  2.8e-01
 488  F 0   3.833e-02   0e+00  0.71  1.0e-01  1.7e-02  1.3e-02  5.0e-01  2.8e-01  4.1e-03  2.9e-01
 489  F 0   3.746e-02   0e+00  0.53  1.0e-01  1.6e-04  7.4e-02  5.3e-01  3.0e-01  3.1e-03  3.0e-01
 490  F 0   3.631e-02   0e+00  0.55  1.0e-01  1.6e-04  8.7e-02  3.2e-01  2.8e-01  4.1e-03  2.8e-01
 491  F 0   4.384e-02   0e+00  0.71  1.0e-01  3.0e-02  3.0e-02  2.0e-01  3.0e-01  4.5e-03  3.1e-01
 492  F 0   3.785e-02   0e+00  0.67  1.0e-01  3.4e-03  2.2e-02  4.9e-01  2.8e-01  3.1e-03  2.8e-01
 493  F 0   3.731e-02   0e+00  0.55  1.0e-01  1.9e-04  4.1e-02  5.0e-01  2.7e-01  4.5e-03  2.7e-01
 494  F 0   3.627e-02   0e+00  0.56  1.0e-01  1.6e-04  1.7e-02  2.9e-01  2.7e-01  3.5e-03  2.8e-01
 495  F 0   3.642e-02   0e+00  0.71  1.0e-01  9.5e-03  1.5e-02  2.0e-01  3.0e-01  4.6e-03  3.0e-01
 496  F 0   3.899e-02   0e+00  0.71  1.0e-01  1.2e-02  1.9e-02  4.9e-01  2.9e-01  4.2e-03  2.9e-01
 497  F 0   3.754e-02   0e+00  0.51  1.0e-01  1.9e-04  1.0e-01  5.7e-01  2.8e-01  4.6e-03  2.8e-01
 498  F 0   3.631e-02   0e+00  0.56  1.0e-01  1.7e-04  3.3e-02  2.9e-01  2.8e-01  5.1e-03  2.8e-01
 499  F 0   3.886e-02   0e+00  0.69  1.0e-01  2.0e-02  3.6e-02  2.1e-01  3.3e-01  4.5e-03  3.3e-01
 500  F 0   3.860e-02   0e+00  0.71  1.0e-01  1.1e-02  3.5e-02  4.8e-01  2.8e-01  3.0e-03  2.8e-01
 501  F 0   3.748e-02   0e+00  0.52  1.0e-01  1.5e-04  2.0e-02  5.5e-01  3.0e-01  4.0e-03  3.0e-01
 502  F 0   3.627e-02   0e+00  0.57  1.0e-01  1.7e-04  3.7e-02  2.7e-01  2.8e-01  4.5e-03  2.8e-01
 503  F 0   3.593e-02   0e+00  0.70  1.0e-01  3.3e-03  2.0e-02  2.2e-01  2.8e-01  4.5e-03  2.8e-01
 504  F 0   3.957e-02   0e+00  0.71  1.0e-01  1.7e-02  4.1e-02  4.9e-01  2.8e-01  4.0e-03  2.8e-01
 505  F 0   3.762e-02   0e+00  0.45  1.0e-01  1.5e-04  8.8e-02  6.0e-01  3.5e-01  4.5e-03  3.5e-01
 506  F 0   3.629e-02   0e+00  0.55  1.0e-01  1.7e-04  5.8e-02  2.9e-01  2.7e-01  5.1e-03  2.8e-01
 507  F 0   3.713e-02   0e+00  0.70  1.0e-01  7.1e-02  2.2e-02  1.9e-01  2.9e-01  4.7e-03  2.9e-01
 508  F 0   3.722e-02   0e+00  0.67  1.0e-01  1.4e-03  3.2e-02  4.6e-01  2.7e-01  4.1e-03  2.7e-01
 509  F 0   3.696e-02   0e+00  0.59  1.0e-01  1.7e-04  6.9e-02  4.4e-01  2.7e-01  5.0e-03  2.7e-01
 510  F 0   3.618e-02   0e+00  0.59  1.0e-01  1.7e-04  4.8e-02  3.3e-01  2.8e-01  4.1e-03  2.8e-01
 511  F 0   3.689e-02   0e+00  0.73  1.0e-01  5.9e-02  4.0e-02  2.0e-01  2.7e-01  4.6e-03  2.8e-01
 512  F 0   4.168e-02   0e+00  0.71  1.0e-01  6.3e-02  2.6e-02  4.7e-01  2.8e-01  4.7e-03  2.9e-01
 513  F 0   3.765e-02   0e+00  0.46  1.0e-01  1.4e-04  1.0e-01  8.7e-01  2.8e-01  4.5e-03  2.9e-01
 514  F 0   3.626e-02   0e+00  0.58  1.0e-01  1.7e-04  1.0e-01  5.8e-01  2.7e-01  5.0e-03  2.7e-01
 515  F 0   3.733e-02   0e+00  0.69  1.0e-01  2.1e-01  3.9e-02  2.4e-01  2.8e-01  4.7e-03  2.8e-01
 516  F 0   3.766e-02   0e+00  0.71  1.0e-01  4.3e-03  6.7e-02  4.6e-01  2.8e-01  4.0e-03  2.8e-01
 517  F 0   3.733e-02   0e+00  0.56  1.0e-01  2.5e-04  7.7e-02  5.2e-01  2.7e-01  4.5e-03  2.7e-01
 518  F 0   3.629e-02   0e+00  0.57  1.0e-01  1.8e-04  6.6e-02  3.3e-01  2.7e-01  4.2e-03  2.8e-01
 519  F 0   4.555e-02   0e+00  0.71  1.0e-01  3.2e-02  3.4e-02  2.1e-01  2.7e-01  4.6e-03  2.8e-01
 520  F 0   3.715e-02   0e+00  0.65  1.0e-01  9.1e-04  8.6e-02  4.7e-01  2.7e-01  4.1e-03  2.7e-01
 521  F 0   3.690e-02   0e+00  0.59  1.0e-01  1.7e-04  5.9e-02  4.2e-01  2.8e-01  4.9e-03  2.8e-01
 522  F 0   3.602e-02   0e+00  0.63  1.0e-01  1.7e-04  2.0e-02  2.5e-01  2.9e-01  4.5e-03  2.9e-01
 523  F 0   3.847e-02   0e+00  0.75  1.0e-01  1.6e-01  2.3e-02  1.8e-01  2.8e-01  4.7e-03  2.8e-01
 524  F 0   3.733e-02   0e+00  0.72  1.0e-01  2.2e-03  2.3e-02  4.5e-01  2.6e-01  4.1e-03  2.7e-01
 525  F 0   3.730e-02   0e+00  0.55  1.0e-01  1.9e-04  3.5e-02  5.2e-01  2.9e-01  4.9e-03  2.9e-01
 526  F 0   3.621e-02   0e+00  0.58  1.0e-01  1.7e-04  1.6e-02  2.9e-01  2.7e-01  4.0e-03  2.7e-01
 527  F 0   3.589e-02   0e+00  0.73  1.0e-01  8.4e-03  2.2e-02  1.9e-01  3.1e-01  4.6e-03  3.2e-01
 528  F 0   3.758e-02   0e+00  0.71  1.0e-01  1.5e-02  7.3e-02  4.7e-01  2.6e-01  4.5e-03  2.7e-01
 529  F 0   3.730e-02   0e+00  0.54  1.0e-01  5.0e-04  1.0e-01  5.4e-01  2.6e-01  4.2e-03  2.7e-01
 530  F 0   3.626e-02   0e+00  0.58  1.0e-01  1.7e-04  3.6e-02  3.0e-01  2.8e-01  3.6e-03  2.9e-01
 531  F 0   3.608e-02   0e+00  0.70  1.0e-01  9.3e-03  1.9e-02  2.0e-01  2.7e-01  4.6e-03  2.8e-01
 532  F 0   3.686e-02   0e+00  0.70  1.0e-01  2.5e-03  2.2e-02  4.1e-01  2.6e-01  4.2e-03  2.7e-01
 533  F 0   3.687e-02   0e+00  0.64  1.0e-01  2.8e-04  2.2e-02  4.4e-01  3.2e-01  3.9e-03  3.3e-01
 534  F 0   3.630e-02   0e+00  0.60  1.0e-01  1.7e-04  1.6e-02  3.4e-01  3.2e-01  3.7e-03  3.2e-01
 535  F 0   3.772e-02   0e+00  0.68  1.0e-01  2.6e-01  4.5e-02  2.5e-01  3.0e-01  4.5e-03  3.1e-01
 536  F 0   3.702e-02   0e+00  0.69  1.0e-01  2.9e-03  3.3e-02  4.0e-01  2.7e-01  4.2e-03  2.8e-01
 537  F 0   3.706e-02   0e+00  0.62  1.0e-01  6.6e-04  3.1e-02  4.8e-01  2.7e-01  5.0e-03  2.8e-01
 538  F 0   3.628e-02   0e+00  0.62  1.0e-01  2.8e-04  2.1e-02  3.1e-01  2.7e-01  4.0e-03  2.8e-01
 539  F 0   3.690e-02   0e+00  0.67  1.0e-01  6.8e-02  1.0e-01  3.9e-01  2.8e-01  4.2e-03  2.8e-01
 540  F 0   3.725e-02   0e+00  0.70  1.0e-01  6.8e-03  4.0e-02  4.3e-01  2.7e-01  4.6e-03  2.7e-01
 541  F 0   3.701e-02   0e+00  0.60  1.0e-01  2.8e-04  3.9e-02  4.8e-01  2.6e-01  4.7e-03  2.7e-01
 542  F 0   3.622e-02   0e+00  0.63  1.0e-01  1.8e-04  3.8e-02  3.0e-01  2.6e-01  4.4e-03  2.7e-01
 543  F 0   3.907e-02   0e+00  0.69  1.0e-01  2.9e-01  1.0e-01  3.0e-01  2.8e-01  4.0e-03  2.8e-01
 544  F 0   3.678e-02   0e+00  0.63  1.0e-01  6.3e-04  3.7e-02  4.3e-01  2.7e-01  5.1e-03  2.7e-01
 545  F 0   3.662e-02   0e+00  0.63  1.0e-01  3.8e-04  4.1e-02  3.9e-01  2.7e-01  5.1e-03  2.7e-01
 546  F 0   3.604e-02   0e+00  0.65  1.0e-01  2.2e-04  2.7e-02  2.8e-01  2.7e-01  4.7e-03  2.8e-01
 547  F 0   3.618e-02   0e+00  0.74  1.0e-01  8.9e-02  2.1e-02  2.0e-01  2.7e-01  4.5e-03  2.8e-01
 548  F 0   3.663e-02   0e+00  0.74  1.0e-01  1.4e-03  1.8e-02  3.9e-01  2.6e-01  3.7e-03  2.7e-01
 549  F 0   3.680e-02   0e+00  0.64  1.0e-01  2.4e-04  1.9e-02  4.3e-01  2.8e-01  5.0e-03  2.8e-01
 550  F 0   3.606e-02   0e+00  0.64  1.0e-01  1.7e-04  6.5e-02  2.9e-01  2.8e-01  5.1e-03  2.9e-01
 551  F 0   3.584e-02   0e+00  0.73  1.0e-01  4.8e-03  2.5e-02  2.5e-01  2.8e-01  5.2e-03  2.8e-01
 552  F 0   3.650e-02   0e+00  0.73  1.0e-01  2.3e-03  3.2e-02  3.7e-01  2.8e-01  4.6e-03  2.8e-01
 553  F 0   3.684e-02   0e+00  0.62  1.0e-01  1.7e-04  1.8e-02  4.4e-01  2.7e-01  4.5e-03  2.7e-01
 554  F 0   3.611e-02   0e+00  0.63  1.0e-01  1.7e-04  2.1e-02  2.7e-01  2.7e-01  4.5e-03  2.7e-01
 555  F 0   3.574e-02   0e+00  0.71  1.0e-01  2.6e-03  1.3e-02  1.9e-01  3.5e-01  4.6e-03  3.6e-01
 556  F 0   3.637e-02   0e+00  0.74  1.0e-01  3.5e-03  2.0e-02  3.6e-01  2.8e-01  3.6e-03  2.8e-01
 557  F 0   3.689e-02   0e+00  0.63  1.0e-01  1.7e-04  9.7e-02  4.7e-01  2.7e-01  5.0e-03  2.8e-01
 558  F 0   3.606e-02   0e+00  0.67  1.0e-01  2.4e-04  3.5e-02  2.3e-01  2.8e-01  4.5e-03  2.8e-01
 559  F 0   3.574e-02   0e+00  0.72  1.0e-01  1.5e-03  1.7e-02  2.1e-01  2.5e-01  4.6e-03  2.5e-01
 560  F 0   3.596e-02   0e+00  0.74  1.0e-01  7.5e-03  2.7e-02  3.3e-01  1.9e-01  2.8e-03  1.9e-01
 561  F 0   3.684e-02   0e+00  0.64  1.0e-01  1.6e-03  2.0e-02  4.3e-01  2.5e-01  3.3e-03  2.5e-01
 562  F 0   3.635e-02   0e+00  0.62  1.0e-01  1.7e-04  1.8e-02  3.5e-01  1.9e-01  3.2e-03  1.9e-01
 563  F 0   3.587e-02   0e+00  0.68  1.0e-01  4.0e-04  1.2e-02  2.3e-01  2.1e-01  3.1e-03  2.1e-01
 564  F 0   3.612e-02   0e+00  0.74  1.0e-01  5.2e-03  1.3e-02  2.5e-01  2.2e-01  1.2e-02  2.3e-01
 565  F 0   3.683e-02   0e+00  0.68  1.0e-01  1.9e-04  1.6e-02  4.5e-01  1.9e-01  3.6e-03  1.9e-01
 566  F 0   3.632e-02   0e+00  0.66  1.0e-01  3.4e-04  1.2e-02  2.7e-01  1.9e-01  3.1e-03  2.0e-01
 567  F 0   3.600e-02   0e+00  0.64  1.0e-01  1.6e-04  1.9e-02  3.3e-01  1.9e-01  3.1e-03  1.9e-01
 568  F 0   4.233e-02   0e+00  0.75  1.0e-01  3.0e-02  1.2e-02  2.2e-01  1.9e-01  2.5e-03  1.9e-01
 569  F 0   3.746e-02   0e+00  0.65  1.0e-01  3.6e-03  3.1e-02  4.7e-01  2.0e-01  2.8e-03  2.0e-01
 570  F 0   3.665e-02   0e+00  0.59  1.0e-01  1.6e-04  3.0e-02  3.8e-01  2.0e-01  3.1e-03  2.0e-01
 571  F 0   3.585e-02   0e+00  0.64  1.0e-01  1.5e-04  1.5e-02  2.3e-01  1.9e-01  3.1e-03  1.9e-01
 572  T 0   3.543e-02   0e+00  0.77  1.0e-01  1.1e-03  1.0e-01  3.6e-01  1.9e-01  2.8e-03  1.9e-01
 573  F 0   3.737e-02   0e+00  0.74  1.0e-01  2.9e-03  1.0e-01  5.1e-01  2.0e-01  3.4e-03  2.1e-01
 574  F 0   3.713e-02   0e+00  0.54  1.0e-01  4.4e-04  3.7e-02  5.0e-01  1.9e-01  2.8e-03  2.0e-01
 575  F 0   3.613e-02   0e+00  0.57  1.0e-01  1.6e-04  2.3e-02  3.1e-01  2.0e-01  2.8e-03  2.0e-01
 576  F 0   3.672e-02   0e+00  0.71  1.0e-01  3.4e-02  1.7e-02  1.9e-01  1.9e-01  3.1e-03  2.0e-01
 577  F 0   3.726e-02   0e+00  0.67  1.0e-01  2.4e-03  1.6e-02  4.6e-01  2.1e-01  2.5e-03  2.1e-01
 578  F 0   3.675e-02   0e+00  0.58  1.0e-01  1.6e-04  1.8e-02  4.0e-01  1.9e-01  3.3e-03  1.9e-01
 579  F 0   3.599e-02   0e+00  0.61  1.0e-01  2.2e-04  1.0e-01  4.7e-01  1.9e-01  3.0e-03  1.9e-01
 580  F 0   3.728e-02   0e+00  0.76  1.0e-01  2.1e-02  7.8e-02  2.4e-01  1.9e-01  2.8e-03  2.0e-01
 581  F 0   3.857e-02   0e+00  0.71  1.0e-01  2.8e-02  4.7e-02  5.0e-01  2.0e-01  2.4e-03  2.0e-01
 582  F 0   3.744e-02   0e+00  0.47  1.0e-01  1.6e-04  1.0e-01  6.2e-01  1.9e-01  3.1e-03  2.0e-01
 583  F 0   3.633e-02   0e+00  0.53  1.0e-01  1.5e-04  7.0e-02  3.3e-01  2.0e-01  2.8e-03  2.0e-01
 584  F 0   5.209e-02   0e+00  0.68  1.0e-01  5.2e-02  3.0e-02  2.0e-01  1.9e-01  3.1e-03  2.0e-01
 585  F 0   3.749e-02   0e+00  0.64  1.0e-01  4.1e-03  1.9e-02  4.7e-01  2.1e-01  2.7e-03  2.1e-01
 586  F 0   3.686e-02   0e+00  0.59  1.0e-01  6.7e-04  2.9e-02  4.1e-01  2.0e-01  3.7e-03  2.0e-01
 587  F 0   3.627e-02   0e+00  0.55  1.0e-01  1.5e-04  5.7e-02  4.0e-01  2.0e-01  2.8e-03  2.0e-01
 588  F 0   3.560e-02   0e+00  0.74  1.0e-01  3.1e-03  1.6e-02  1.8e-01  2.0e-01  3.1e-03  2.0e-01
 589  F 0   3.811e-02   0e+00  0.70  1.0e-01  1.0e-03  2.3e-02  4.3e-01  1.9e-01  3.4e-03  2.0e-01
 590  F 0   3.722e-02   0e+00  0.51  1.0e-01  1.5e-04  7.4e-02  5.3e-01  2.0e-01  3.0e-03  2.1e-01
 591  F 0   3.607e-02   0e+00  0.64  1.0e-01  1.6e-04  3.8e-02  2.5e-01  1.9e-01  2.9e-03  2.0e-01
 592  F 0   4.395e-02   0e+00  0.74  1.0e-01  5.4e-01  2.0e-02  1.9e-01  2.5e-01  3.1e-03  2.5e-01
 593  F 0   3.754e-02   0e+00  0.61  1.0e-01  2.4e-03  2.7e-02  5.1e-01  2.0e-01  2.1e-03  2.1e-01
 594  F 0   3.690e-02   0e+00  0.54  1.0e-01  1.6e-04  3.1e-02  4.2e-01  2.1e-01  3.4e-03  2.2e-01
 595  F 0   3.595e-02   0e+00  0.64  1.0e-01  1.5e-04  3.0e-02  2.4e-01  1.9e-01  3.1e-03  1.9e-01
 596  F 0   3.689e-02   0e+00  0.76  1.0e-01  1.9e-02  2.8e-02  1.7e-01  1.9e-01  3.3e-03  2.0e-01
 597  F 0   3.793e-02   0e+00  0.76  1.0e-01  6.4e-03  2.8e-02  4.5e-01  1.9e-01  3.1e-03  2.0e-01
 598  F 0   3.736e-02   0e+00  0.54  1.0e-01  1.5e-04  5.6e-02  5.5e-01  1.9e-01  2.5e-03  1.9e-01
 599  F 0   3.614e-02   0e+00  0.60  1.0e-01  1.6e-04  1.4e-02  2.6e-01  2.0e-01  2.8e-03  2.0e-01
 600  F 0   3.569e-02   0e+00  0.71  1.0e-01  3.7e-03  2.4e-02  2.1e-01  2.3e-01  3.1e-03  2.4e-01
 601  F 0   3.677e-02   0e+00  0.74  1.0e-01  3.0e-03  1.3e-02  3.6e-01  1.9e-01  2.6e-03  1.9e-01
 602  F 0   3.673e-02   0e+00  0.63  1.0e-01  1.6e-04  2.7e-02  4.4e-01  2.0e-01  3.1e-03  2.0e-01
 603  F 0   3.606e-02   0e+00  0.66  1.0e-01  4.8e-04  1.5e-02  2.9e-01  2.3e-01  2.8e-03  2.4e-01
 604  F 0   3.582e-02   0e+00  0.70  1.0e-01  5.5e-03  1.7e-02  2.6e-01  2.3e-01  2.8e-03  2.3e-01
 605  F 0   3.744e-02   0e+00  0.74  1.0e-01  3.4e-03  1.5e-02  3.8e-01  2.0e-01  2.8e-03  2.1e-01
 606  F 0   3.723e-02   0e+00  0.56  1.0e-01  1.6e-04  1.0e-01  5.4e-01  2.0e-01  3.4e-03  2.1e-01
 607  F 0   3.620e-02   0e+00  0.63  1.0e-01  4.0e-04  4.2e-02  2.7e-01  2.8e-01  2.8e-03  2.8e-01
 608  F 0   3.612e-02   0e+00  0.66  1.0e-01  2.7e-02  2.6e-02  2.6e-01  2.6e-01  3.0e-03  2.7e-01
 609  F 0   3.676e-02   0e+00  0.74  1.0e-01  2.5e-03  2.3e-02  3.5e-01  2.1e-01  3.1e-03  2.1e-01
 610  F 0   3.677e-02   0e+00  0.64  1.0e-01  1.2e-03  3.4e-02  4.2e-01  2.4e-01  4.0e-03  2.4e-01
 611  F 0   3.638e-02   0e+00  0.61  1.0e-01  5.6e-04  1.9e-02  4.0e-01  2.4e-01  3.8e-03  2.4e-01
 612  F 0   3.577e-02   0e+00  0.69  1.0e-01  1.4e-04  1.3e-02  2.5e-01  2.4e-01  3.9e-03  2.5e-01
 613  F 0   3.598e-02   0e+00  0.75  1.0e-01  3.6e-02  1.5e-02  2.2e-01  2.5e-01  3.9e-03  2.5e-01
 614  F 0   3.695e-02   0e+00  0.68  1.0e-01  2.8e-04  5.8e-02  4.8e-01  2.5e-01  4.4e-03  2.6e-01
 615  F 0   3.632e-02   0e+00  0.65  1.0e-01  6.7e-04  2.7e-02  3.2e-01  2.5e-01  3.4e-03  2.5e-01
 616  F 0   3.584e-02   0e+00  0.66  1.0e-01  1.2e-04  2.0e-02  2.9e-01  2.4e-01  4.4e-03  2.5e-01
 617  F 0   3.651e-02   0e+00  0.79  1.0e-01  3.0e-01  2.2e-02  1.8e-01  2.4e-01  4.0e-03  2.4e-01
 618  F 0   3.711e-02   0e+00  0.71  1.0e-01  1.3e-03  1.9e-02  4.7e-01  2.8e-01  4.9e-03  2.8e-01
 619  F 0   3.677e-02   0e+00  0.62  1.0e-01  1.6e-03  9.4e-02  4.2e-01  3.7e-01  3.9e-03  3.7e-01
 620  F 0   3.609e-02   0e+00  0.60  1.0e-01  1.6e-04  1.0e-01  3.6e-01  2.6e-01  4.5e-03  2.6e-01
 621  F 0   8.241e-02   0e+00  0.74  1.0e-01  6.4e-02  4.1e-02  2.1e-01  2.5e-01  3.7e-03  2.6e-01
 622  F 0   3.723e-02   0e+00  0.69  1.0e-01  1.8e-03  3.3e-02  4.9e-01  2.6e-01  2.9e-03  2.6e-01
 623  F 0   3.680e-02   0e+00  0.61  1.0e-01  4.9e-04  1.0e-01  4.4e-01  2.4e-01  4.7e-03  2.5e-01
 624  F 0   3.613e-02   0e+00  0.61  1.0e-01  1.5e-04  5.0e-02  3.4e-01  2.5e-01  3.9e-03  2.5e-01
 625  F 0   5.143e-02   0e+00  0.74  1.0e-01  4.5e-02  9.2e-02  3.1e-01  3.2e-01  3.8e-03  3.3e-01
 626  F 0   3.812e-02   0e+00  0.66  1.0e-01  3.5e-03  8.6e-02  5.4e-01  2.6e-01  3.5e-03  2.6e-01
 627  F 0   3.710e-02   0e+00  0.54  1.0e-01  1.3e-03  1.0e-01  5.1e-01  2.5e-01  4.4e-03  2.6e-01
 628  F 0   3.616e-02   0e+00  0.59  1.0e-01  1.5e-04  3.6e-02  3.1e-01  2.9e-01  3.4e-03  3.0e-01
 629  F 0   5.393e-02   0e+00  0.75  1.0e-01  4.6e-02  2.3e-02  1.8e-01  2.4e-01  4.1e-03  2.5e-01
 630  F 0   3.867e-02   0e+00  0.65  1.0e-01  1.0e-02  6.9e-02  5.6e-01  2.3e-01  3.9e-03  2.4e-01
 631  F 0   3.724e-02   0e+00  0.48  1.0e-01  1.7e-04  8.1e-02  5.1e-01  2.6e-01  3.4e-03  2.6e-01
 632  F 0   3.607e-02   0e+00  0.57  1.0e-01  1.5e-04  2.3e-02  2.6e-01  2.9e-01  3.7e-03  2.9e-01
 633  F 0   5.028e-02   0e+00  0.75  1.0e-01  3.8e-02  1.5e-02  1.7e-01  2.6e-01  4.2e-03  2.7e-01
 634  F 0   3.726e-02   0e+00  0.65  1.0e-01  9.5e-04  2.0e-02  5.0e-01  2.6e-01  2.8e-03  2.6e-01
 635  F 0   3.660e-02   0e+00  0.60  1.0e-01  1.6e-04  3.2e-02  3.6e-01  2.6e-01  4.5e-03  2.6e-01
 636  F 0   3.577e-02   0e+00  0.65  1.0e-01  1.4e-04  2.0e-02  2.1e-01  2.4e-01  4.1e-03  2.5e-01
 637  F 0   3.743e-02   0e+00  0.78  1.0e-01  5.1e-02  4.3e-02  2.3e-01  2.6e-01  5.8e-03  2.7e-01
 638  F 0   3.791e-02   0e+00  0.77  1.0e-01  1.6e-02  5.0e-02  5.0e-01  2.6e-01  4.6e-03  2.7e-01
 639  F 0   3.744e-02   0e+00  0.51  1.0e-01  1.5e-04  1.0e-01  6.0e-01  3.0e-01  4.0e-03  3.0e-01
 640  F 0   3.615e-02   0e+00  0.57  1.0e-01  1.5e-04  3.7e-02  2.9e-01  2.9e-01  4.0e-03  2.9e-01
 641  F 0   4.530e-02   0e+00  0.71  1.0e-01  4.3e-02  2.1e-02  1.9e-01  2.9e-01  4.5e-03  2.9e-01
 642  F 0   3.763e-02   0e+00  0.70  1.0e-01  4.6e-03  2.9e-02  4.9e-01  3.7e-01  3.0e-03  3.7e-01
 643  F 0   3.703e-02   0e+00  0.60  1.0e-01  2.6e-04  9.5e-02  4.6e-01  3.5e-01  4.5e-03  3.6e-01
 644  F 0   3.627e-02   0e+00  0.56  1.0e-01  1.5e-04  5.2e-02  4.1e-01  2.8e-01  3.8e-03  2.9e-01
 645  F 0   5.512e-02   0e+00  0.71  1.0e-01  1.9e-01  2.8e-02  2.2e-01  2.7e-01  4.0e-03  2.8e-01
 646  F 0   3.828e-02   0e+00  0.66  1.0e-01  5.9e-03  3.2e-02  5.0e-01  2.7e-01  3.4e-03  2.7e-01
 647  F 0   3.709e-02   0e+00  0.55  1.0e-01  1.5e-04  4.5e-02  4.7e-01  2.8e-01  4.0e-03  2.9e-01
 648  F 0   3.605e-02   0e+00  0.64  1.0e-01  2.1e-04  3.0e-02  2.6e-01  2.7e-01  3.5e-03  2.8e-01
 649  F 0   5.102e-02   0e+00  0.74  1.0e-01  4.7e-02  3.5e-02  2.5e-01  2.9e-01  4.2e-03  2.9e-01
 650  F 0   3.760e-02   0e+00  0.65  1.0e-01  2.9e-03  3.5e-02  5.1e-01  2.7e-01  3.0e-03  2.8e-01
 651  F 0   3.688e-02   0e+00  0.58  1.0e-01  1.6e-04  1.7e-02  4.0e-01  2.7e-01  4.7e-03  2.7e-01
 652  F 0   3.601e-02   0e+00  0.60  1.0e-01  1.5e-04  1.8e-02  2.8e-01  3.0e-01  4.5e-03  3.1e-01
 653  F 0   4.093e-02   0e+00  0.77  1.0e-01  3.3e-02  1.1e-02  1.7e-01  3.1e-01  4.5e-03  3.2e-01
 654  F 0   3.786e-02   0e+00  0.72  1.0e-01  5.1e-03  2.5e-02  4.9e-01  2.7e-01  4.1e-03  2.8e-01
 655  F 0   3.707e-02   0e+00  0.61  1.0e-01  2.0e-04  1.0e-01  4.9e-01  3.2e-01  2.8e-03  3.2e-01
 656  F 0   3.625e-02   0e+00  0.56  1.0e-01  1.5e-04  4.6e-02  3.7e-01  2.7e-01  4.0e-03  2.7e-01
 657  F 0   5.852e-02   0e+00  0.70  1.0e-01  5.6e-02  2.9e-02  2.3e-01  2.9e-01  4.5e-03  2.9e-01
 658  F 0   3.809e-02   0e+00  0.68  1.0e-01  7.5e-03  2.4e-02  4.9e-01  2.9e-01  3.1e-03  2.9e-01
 659  F 0   3.714e-02   0e+00  0.58  1.0e-01  2.3e-04  1.0e-01  4.9e-01  2.7e-01  4.0e-03  2.8e-01
 660  F 0   3.616e-02   0e+00  0.60  1.0e-01  2.6e-04  3.2e-02  2.8e-01  2.6e-01  3.9e-03  2.7e-01
 661  F 0   4.505e-02   0e+00  0.71  1.0e-01  4.1e-02  2.4e-02  2.6e-01  2.7e-01  4.0e-03  2.8e-01
 662  F 0   3.809e-02   0e+00  0.67  1.0e-01  5.6e-03  3.2e-02  5.1e-01  2.7e-01  3.1e-03  2.8e-01
 663  F 0   3.712e-02   0e+00  0.54  1.0e-01  1.5e-04  1.0e-01  4.8e-01  2.7e-01  4.1e-03  2.7e-01
 664  F 0   3.608e-02   0e+00  0.60  1.0e-01  1.5e-04  3.3e-02  2.7e-01  3.6e-01  4.0e-03  3.6e-01
 665  F 0   4.850e-02   0e+00  0.74  1.0e-01  3.6e-02  5.0e-02  2.0e-01  2.7e-01  4.5e-03  2.8e-01
 666  F 0   3.733e-02   0e+00  0.68  1.0e-01  1.4e-03  5.3e-02  4.9e-01  2.7e-01  3.0e-03  2.7e-01
 667  F 0   3.688e-02   0e+00  0.58  1.0e-01  1.6e-04  3.0e-02  4.2e-01  2.8e-01  5.0e-03  2.8e-01
 668  F 0   3.606e-02   0e+00  0.59  1.0e-01  1.5e-04  2.2e-02  2.8e-01  2.7e-01  4.5e-03  2.8e-01
 669  F 0   4.286e-02   0e+00  0.74  1.0e-01  3.0e-02  6.7e-02  2.7e-01  2.7e-01  4.5e-03  2.7e-01
 670  F 0   3.892e-02   0e+00  0.72  1.0e-01  2.3e-02  6.2e-02  5.2e-01  2.8e-01  4.0e-03  2.8e-01
 671  F 0   3.735e-02   0e+00  0.52  1.0e-01  1.5e-04  1.0e-01  5.4e-01  2.7e-01  4.5e-03  2.7e-01
 672  F 0   3.618e-02   0e+00  0.57  1.0e-01  1.4e-04  3.5e-02  2.9e-01  3.0e-01  4.5e-03  3.1e-01
 673  F 0   3.608e-02   0e+00  0.75  1.0e-01  8.8e-03  2.4e-02  1.8e-01  2.8e-01  4.5e-03  2.8e-01
 674  F 0   3.974e-02   0e+00  0.69  1.0e-01  3.1e-02  7.9e-02  5.5e-01  2.6e-01  4.1e-03  2.7e-01
 675  F 0   3.749e-02   0e+00  0.48  1.0e-01  4.0e-04  1.0e-01  5.4e-01  3.7e-01  4.5e-03  3.7e-01
 676  F 0   3.628e-02   0e+00  0.53  1.0e-01  1.5e-04  4.1e-02  3.1e-01  2.7e-01  4.7e-03  2.7e-01
 677  F 0   3.577e-02   0e+00  0.73  1.0e-01  2.6e-02  1.8e-02  1.8e-01  2.8e-01  4.7e-03  2.8e-01
 678  F 0   3.832e-02   0e+00  0.74  1.0e-01  1.7e-02  2.7e-02  4.7e-01  2.8e-01  4.3e-03  2.8e-01
 679  F 0   3.755e-02   0e+00  0.50  1.0e-01  2.4e-04  3.3e-02  5.7e-01  2.7e-01  4.1e-03  2.7e-01
 680  F 0   3.627e-02   0e+00  0.53  1.0e-01  1.5e-04  1.1e-02  2.9e-01  3.4e-01  4.0e-03  3.5e-01
 681  F 0   3.997e-02   0e+00  0.70  1.0e-01  2.5e-02  1.7e-02  1.7e-01  2.9e-01  4.5e-03  2.9e-01
 682  F 0   3.837e-02   0e+00  0.73  1.0e-01  1.4e-02  1.6e-02  4.8e-01  2.8e-01  3.5e-03  2.8e-01
 683  F 0   3.749e-02   0e+00  0.55  1.0e-01  1.7e-04  4.2e-02  5.3e-01  2.7e-01  3.5e-03  2.7e-01
 684  F 0   3.648e-02   0e+00  0.52  1.0e-01  1.5e-04  5.1e-02  4.0e-01  2.9e-01  4.7e-03  3.0e-01
 685  F 0   3.888e-02   0e+00  0.68  1.0e-01  2.2e-02  4.1e-02  2.3e-01  2.8e-01  4.5e-03  2.8e-01
 686  F 0   4.088e-02   0e+00  0.69  1.0e-01  1.3e-02  1.8e-02  4.9e-01  3.0e-01  4.2e-03  3.1e-01
 687  F 0   3.764e-02   0e+00  0.48  1.0e-01  1.5e-04  1.0e-01  5.7e-01  3.0e-01  3.6e-03  3.1e-01
 688  F 0   3.632e-02   0e+00  0.58  1.0e-01  1.5e-04  3.0e-02  2.8e-01  2.8e-01  5.1e-03  2.9e-01
 689  F 0   3.593e-02   0e+00  0.72  1.0e-01  1.8e-02  1.8e-02  2.0e-01  2.8e-01  4.7e-03  2.8e-01
 690  F 0   4.121e-02   0e+00  0.71  1.0e-01  4.8e-02  4.5e-02  5.1e-01  2.8e-01  4.1e-03  2.9e-01
 691  F 0   3.772e-02   0e+00  0.48  1.0e-01  1.5e-04  6.5e-02  5.6e-01  3.2e-01  4.7e-03  3.2e-01
 692  F 0   3.641e-02   0e+00  0.55  1.0e-01  1.6e-04  2.9e-02  2.9e-01  3.5e-01  5.0e-03  3.6e-01
 693  F 0   3.567e-02   0e+00  0.68  1.0e-01  1.5e-04  1.4e-02  1.8e-01  2.8e-01  4.5e-03  2.8e-01
 694  F 0   3.559e-02   0e+00  0.73  1.0e-01  2.8e-04  2.4e-02  2.3e-01  2.7e-01  5.7e-03  2.8e-01
 695  F 0   3.626e-02   0e+00  0.79  1.0e-01  4.3e-03  5.3e-02  3.3e-01  2.7e-01  4.0e-03  2.8e-01
 696  F 0   3.732e-02   0e+00  0.55  1.0e-01  1.6e-04  1.0e-01  7.2e-01  2.7e-01  3.6e-03  2.7e-01
 697  F 0   3.624e-02   0e+00  0.61  1.0e-01  1.8e-04  6.3e-02  3.3e-01  2.8e-01  4.0e-03  2.9e-01
 698  F 0   3.594e-02   0e+00  0.62  1.0e-01  1.7e-03  2.1e-02  2.8e-01  2.7e-01  4.4e-03  2.7e-01
 699  F 0   3.631e-02   0e+00  0.68  1.0e-01  3.3e-04  1.7e-02  3.2e-01  2.7e-01  4.7e-03  2.8e-01
 700  F 0   3.599e-02   0e+00  0.72  1.0e-01  2.2e-04  1.8e-02  2.9e-01  2.8e-01  4.1e-03  2.9e-01
 701  F 0   3.602e-02   0e+00  0.71  1.0e-01  6.9e-04  2.1e-02  3.6e-01  2.7e-01  4.5e-03  2.8e-01
 702  F 0   3.594e-02   0e+00  0.71  1.0e-01  3.8e-03  1.9e-02  3.3e-01  2.7e-01  3.6e-03  2.8e-01
 703  F 0   3.680e-02   0e+00  0.69  1.0e-01  6.2e-04  5.3e-02  3.9e-01  2.7e-01  4.0e-03  2.7e-01
 704  F 0   3.629e-02   0e+00  0.66  1.0e-01  1.5e-04  4.6e-02  3.5e-01  3.1e-01  4.5e-03  3.2e-01
 705  F 0   3.571e-02   0e+00  0.72  1.0e-01  4.5e-04  1.4e-02  2.2e-01  3.1e-01  4.0e-03  3.1e-01
 706  F 0   3.656e-02   0e+00  0.74  1.0e-01  2.5e-01  1.5e-02  2.7e-01  2.7e-01  4.0e-03  2.8e-01
 707  F 0   3.692e-02   0e+00  0.70  1.0e-01  7.9e-04  1.9e-02  4.1e-01  3.0e-01  4.1e-03  3.0e-01
 708  F 0   3.663e-02   0e+00  0.60  1.0e-01  1.9e-04  1.8e-02  4.0e-01  3.3e-01  4.7e-03  3.3e-01
 709  F 0   3.590e-02   0e+00  0.65  1.0e-01  3.8e-04  2.3e-02  2.5e-01  3.1e-01  4.5e-03  3.1e-01
 710  F 0   3.568e-02   0e+00  0.75  1.0e-01  5.1e-03  1.4e-02  2.1e-01  2.7e-01  4.1e-03  2.7e-01
 711  F 0   3.671e-02   0e+00  0.77  1.0e-01  3.6e-04  2.0e-02  3.7e-01  2.9e-01  4.1e-03  2.9e-01
 712  F 0   3.683e-02   0e+00  0.66  1.0e-01  2.9e-03  2.0e-02  3.7e-01  2.7e-01  4.8e-03  2.7e-01
 713  F 0   3.644e-02   0e+00  0.59  1.0e-01  1.5e-04  3.2e-02  4.4e-01  3.6e-01  4.1e-03  3.7e-01
 714  F 0   3.903e-02   0e+00  0.71  1.0e-01  2.2e-02  1.8e-02  2.5e-01  2.8e-01  3.7e-03  2.8e-01
 715  F 0   3.685e-02   0e+00  0.71  1.0e-01  2.3e-04  4.4e-02  3.9e-01  2.8e-01  2.6e-03  2.8e-01
 716  F 0   3.670e-02   0e+00  0.63  1.0e-01  2.2e-03  6.2e-02  4.0e-01  2.7e-01  3.5e-03  2.8e-01
 717  F 0   3.626e-02   0e+00  0.60  1.0e-01  1.5e-04  3.6e-02  3.9e-01  3.2e-01  3.5e-03  3.2e-01
 718  F 0   4.934e-02   0e+00  0.73  1.0e-01  5.0e-02  2.0e-02  2.1e-01  2.8e-01  4.2e-03  2.8e-01
 719  F 0   3.700e-02   0e+00  0.71  1.0e-01  2.4e-04  1.9e-02  4.0e-01  2.9e-01  3.0e-03  3.0e-01
 720  F 0   3.664e-02   0e+00  0.65  1.0e-01  9.9e-04  1.9e-02  3.6e-01  2.8e-01  3.5e-03  2.8e-01
 721  F 0   3.635e-02   0e+00  0.61  1.0e-01  3.8e-04  2.3e-02  3.9e-01  2.7e-01  4.1e-03  2.8e-01
 722  F 0   3.582e-02   0e+00  0.70  1.0e-01  3.2e-03  1.7e-02  2.7e-01  2.7e-01  3.8e-03  2.7e-01
 723  F 0   3.680e-02   0e+00  0.72  1.0e-01  2.4e-04  1.6e-02  3.7e-01  2.6e-01  2.6e-03  2.7e-01
 724  F 0   3.687e-02   0e+00  0.66  1.0e-01  4.2e-03  2.8e-02  4.0e-01  3.5e-01  3.9e-03  3.6e-01
 725  F 0   3.656e-02   0e+00  0.56  1.0e-01  1.5e-04  2.7e-02  4.5e-01  2.7e-01  3.5e-03  2.7e-01
 726  F 0   5.179e-02   0e+00  0.68  1.0e-01  5.4e-02  1.7e-02  2.4e-01  2.8e-01  3.5e-03  2.8e-01
 727  F 0   3.694e-02   0e+00  0.68  1.0e-01  2.4e-04  4.8e-02  3.9e-01  2.7e-01  4.0e-03  2.7e-01
 728  F 0   3.660e-02   0e+00  0.67  1.0e-01  5.1e-04  5.6e-02  3.8e-01  2.7e-01  4.2e-03  2.7e-01
 729  F 0   3.640e-02   0e+00  0.59  1.0e-01  1.5e-04  4.2e-02  4.3e-01  2.9e-01  3.7e-03  3.0e-01
 730  F 0   3.662e-02   0e+00  0.67  1.0e-01  1.3e-02  4.1e-02  3.1e-01  3.2e-01  3.5e-03  3.3e-01
 731  F 0   3.694e-02   0e+00  0.68  1.0e-01  3.0e-04  5.5e-02  3.9e-01  2.8e-01  4.2e-03  2.8e-01
 732  F 0   3.681e-02   0e+00  0.66  1.0e-01  3.5e-03  4.7e-02  3.9e-01  2.6e-01  4.0e-03  2.7e-01
 733  F 0   3.649e-02   0e+00  0.57  1.0e-01  1.5e-04  2.0e-02  4.3e-01  2.8e-01  4.5e-03  2.8e-01
 734  F 0   3.677e-02   0e+00  0.71  1.0e-01  1.3e-02  2.8e-02  2.2e-01  2.7e-01  4.0e-03  2.8e-01
 735  F 0   3.691e-02   0e+00  0.71  1.0e-01  5.0e-04  5.8e-02  3.9e-01  3.3e-01  3.0e-03  3.4e-01
 736  F 0   3.667e-02   0e+00  0.66  1.0e-01  6.0e-04  9.3e-02  4.0e-01  2.7e-01  1.7e-02  2.8e-01
 737  F 0   3.640e-02   0e+00  0.60  1.0e-01  3.0e-04  2.7e-02  4.1e-01  2.7e-01  4.5e-03  2.7e-01
 738  F 0   4.937e-02   0e+00  0.67  1.0e-01  4.3e-02  6.2e-02  3.0e-01  2.8e-01  3.5e-03  2.9e-01
 739  F 0   3.701e-02   0e+00  0.66  1.0e-01  3.8e-03  1.0e-01  4.1e-01  2.8e-01  4.4e-03  2.8e-01
 740  F 0   3.667e-02   0e+00  0.65  1.0e-01  1.2e-03  1.0e-01  4.1e-01  2.7e-01  4.0e-03  2.7e-01
 741  F 0   3.629e-02   0e+00  0.62  1.0e-01  2.3e-04  4.3e-02  3.9e-01  3.1e-01  4.5e-03  3.2e-01
 742  F 0   4.446e-02   0e+00  0.69  1.0e-01  3.7e-02  4.9e-02  2.6e-01  2.8e-01  3.6e-03  2.8e-01
 743  F 0   3.697e-02   0e+00  0.70  1.0e-01  3.8e-04  4.0e-02  4.0e-01  2.8e-01  3.0e-03  2.8e-01
 744  F 0   3.678e-02   0e+00  0.67  1.0e-01  3.4e-03  1.0e-01  4.4e-01  2.8e-01  4.0e-03  2.8e-01
 745  F 0   3.649e-02   0e+00  0.59  1.0e-01  1.5e-04  1.0e-01  4.5e-01  2.6e-01  4.5e-03  2.6e-01
 746  F 0   3.579e-02   0e+00  0.68  1.0e-01  1.1e-04  3.8e-02  2.5e-01  2.8e-01  4.2e-03  2.8e-01
 747  F 0   3.558e-02   0e+00  0.78  1.0e-01  8.4e-03  1.0e-01  2.8e-01  2.7e-01  4.6e-03  2.8e-01
 748  F 0   3.818e-02   0e+00  0.72  1.0e-01  3.9e-02  1.0e-01  5.8e-01  2.6e-01  3.5e-03  2.6e-01
 749  F 0   3.712e-02   0e+00  0.49  1.0e-01  1.4e-04  1.0e-01  5.8e-01  2.8e-01  4.5e-03  2.8e-01
 750  F 0   3.592e-02   0e+00  0.65  1.0e-01  1.1e-04  7.5e-02  2.8e-01  2.7e-01  4.2e-03  2.7e-01
 751  F 0   6.356e-02   0e+00  0.74  1.0e-01  6.6e-02  1.0e-01  2.2e-01  2.7e-01  4.2e-03  2.7e-01
 752  F 0   3.748e-02   0e+00  0.69  1.0e-01  8.3e-03  5.9e-02  4.9e-01  3.6e-01  3.0e-03  3.6e-01
 753  F 0   3.671e-02   0e+00  0.61  1.0e-01  1.6e-04  5.7e-02  4.1e-01  2.7e-01  4.5e-03  2.8e-01
 754  F 0   3.601e-02   0e+00  0.62  1.0e-01  1.4e-04  7.9e-02  3.6e-01  2.7e-01  3.5e-03  2.8e-01
 755  F 0   5.793e-02   0e+00  0.75  1.0e-01  4.5e-02  6.7e-02  2.2e-01  2.6e-01  4.0e-03  2.6e-01
 756  F 0   3.744e-02   0e+00  0.72  1.0e-01  1.1e-02  8.3e-02  4.9e-01  2.7e-01  3.0e-03  2.8e-01
 757  F 0   3.676e-02   0e+00  0.61  1.0e-01  1.6e-04  5.5e-02  4.4e-01  2.6e-01  4.5e-03  2.6e-01
 758  F 0   3.601e-02   0e+00  0.61  1.0e-01  1.3e-04  4.1e-02  3.1e-01  3.1e-01  3.6e-03  3.1e-01
 759  F 0   3.673e-02   0e+00  0.74  1.0e-01  9.0e-01  9.6e-02  2.5e-01  2.7e-01  4.5e-03  2.7e-01
 760  F 0   3.829e-02   0e+00  0.72  1.0e-01  9.1e-03  1.0e-01  5.6e-01  2.8e-01  4.5e-03  2.9e-01
 761  F 0   3.712e-02   0e+00  0.55  1.0e-01  1.5e-04  1.0e-01  5.2e-01  2.6e-01  4.6e-03  2.7e-01
 762  F 0   3.601e-02   0e+00  0.61  1.0e-01  1.5e-04  3.7e-02  2.8e-01  2.7e-01  4.5e-03  2.7e-01
 763  F 0   4.091e-02   0e+00  0.77  1.0e-01  3.4e-02  4.6e-02  2.0e-01  2.7e-01  4.5e-03  2.8e-01
 764  F 0   3.871e-02   0e+00  0.68  1.0e-01  8.7e-03  1.0e-01  5.8e-01  3.1e-01  3.5e-03  3.1e-01
 765  F 0   3.718e-02   0e+00  0.50  1.0e-01  1.8e-04  1.0e-01  5.2e-01  2.6e-01  4.5e-03  2.7e-01
 766  F 0   3.599e-02   0e+00  0.60  1.0e-01  1.4e-04  2.0e-02  2.6e-01  2.7e-01  4.1e-03  2.8e-01
 767  F 0   5.014e-02   0e+00  0.75  1.0e-01  3.8e-02  3.1e-02  1.9e-01  2.8e-01  4.6e-03  2.9e-01
 768  F 0   3.748e-02   0e+00  0.73  1.0e-01  1.7e-03  3.3e-02  4.8e-01  2.8e-01  3.1e-03  2.8e-01
 769  F 0   3.708e-02   0e+00  0.52  1.0e-01  1.9e-04  8.7e-02  5.7e-01  3.1e-01  5.0e-03  3.1e-01
 770  F 0   3.600e-02   0e+00  0.57  1.0e-01  1.3e-04  3.6e-02  3.1e-01  2.7e-01  4.0e-03  2.8e-01
 771  F 0   6.547e-02   0e+00  0.72  1.0e-01  6.9e-02  3.0e-02  2.0e-01  2.8e-01  4.6e-03  2.9e-01
 772  F 0   3.786e-02   0e+00  0.71  1.0e-01  2.8e-03  2.5e-02  4.8e-01  2.9e-01  3.1e-03  3.0e-01
 773  F 0   3.705e-02   0e+00  0.57  1.0e-01  1.6e-04  2.4e-02  4.9e-01  2.9e-01  4.1e-03  2.9e-01
 774  F 0   3.612e-02   0e+00  0.61  1.0e-01  1.8e-04  1.8e-02  3.3e-01  3.2e-01  4.1e-03  3.2e-01
 775  F 0   8.126e-02   0e+00  0.72  1.0e-01  6.2e-02  1.4e-02  2.2e-01  3.1e-01  1.8e-02  3.3e-01
 776  F 0   3.707e-02   0e+00  0.61  1.0e-01  5.1e-04  5.4e-02  5.1e-01  2.8e-01  6.0e-03  2.9e-01
 777  F 0   3.650e-02   0e+00  0.63  1.0e-01  5.7e-04  9.1e-02  5.0e-01  2.8e-01  4.7e-03  2.9e-01
 778  F 0   3.584e-02   0e+00  0.65  1.0e-01  1.3e-04  4.5e-02  3.4e-01  2.9e-01  4.8e-03  2.9e-01
 779  F 0   4.130e-02   0e+00  0.77  1.0e-01  3.2e-02  3.0e-02  2.6e-01  2.6e-01  4.2e-03  2.7e-01
 780  F 0   3.794e-02   0e+00  0.66  1.0e-01  1.7e-03  4.3e-02  5.3e-01  2.9e-01  3.6e-03  2.9e-01
 781  F 0   3.698e-02   0e+00  0.56  1.0e-01  5.2e-04  4.6e-02  4.6e-01  2.7e-01  4.5e-03  2.8e-01
 782  F 0   3.600e-02   0e+00  0.62  1.0e-01  1.3e-04  2.4e-02  3.2e-01  2.7e-01  4.1e-03  2.7e-01
 783  F 0   4.678e-02   0e+00  0.76  1.0e-01  5.4e-02  2.4e-02  1.9e-01  2.7e-01  4.2e-03  2.7e-01
 784  F 0   3.841e-02   0e+00  0.67  1.0e-01  9.3e-03  2.3e-02  5.3e-01  2.8e-01  4.0e-03  2.8e-01
 785  F 0   3.711e-02   0e+00  0.57  1.0e-01  1.5e-04  2.9e-02  4.8e-01  2.7e-01  4.7e-03  2.8e-01
 786  F 0   3.612e-02   0e+00  0.59  1.0e-01  1.4e-04  1.5e-02  3.2e-01  2.9e-01  4.4e-03  2.9e-01
 787  F 0   3.841e-02   0e+00  0.75  1.0e-01  2.9e-02  1.5e-02  1.9e-01  2.8e-01  4.2e-03  2.8e-01
 788  F 0   3.862e-02   0e+00  0.70  1.0e-01  2.4e-02  5.0e-02  5.2e-01  2.6e-01  4.2e-03  2.7e-01
 789  F 0   3.718e-02   0e+00  0.54  1.0e-01  1.5e-04  2.9e-02  4.9e-01  2.7e-01  4.7e-03  2.7e-01
 790  F 0   3.605e-02   0e+00  0.59  1.0e-01  1.3e-04  1.1e-02  2.7e-01  2.7e-01  4.1e-03  2.7e-01
 791  F 0   3.546e-02   0e+00  0.76  1.0e-01  2.5e-03  1.1e-02  1.7e-01  2.9e-01  4.5e-03  3.0e-01
 792  F 0   3.829e-02   0e+00  0.73  1.0e-01  7.0e-03  4.2e-02  4.9e-01  2.7e-01  4.5e-03  2.7e-01
 793  F 0   3.711e-02   0e+00  0.54  1.0e-01  2.9e-04  2.2e-02  4.8e-01  3.0e-01  5.2e-03  3.1e-01
 794  F 0   3.604e-02   0e+00  0.59  1.0e-01  1.3e-04  5.2e-02  2.9e-01  2.8e-01  4.1e-03  2.8e-01
 795  F 0   3.713e-02   0e+00  0.76  1.0e-01  1.9e-02  1.8e-02  1.6e-01  2.9e-01  4.5e-03  2.9e-01
 796  F 0   3.843e-02   0e+00  0.73  1.0e-01  1.3e-02  2.7e-02  4.9e-01  2.8e-01  4.0e-03  2.8e-01
 797  F 0   3.753e-02   0e+00  0.48  1.0e-01  1.6e-04  4.1e-02  5.8e-01  2.8e-01  4.1e-03  2.8e-01
 798  F 0   3.623e-02   0e+00  0.52  1.0e-01  1.4e-04  2.4e-02  3.2e-01  2.6e-01  4.1e-03  2.7e-01
 799  F 0   3.552e-02   0e+00  0.68  1.0e-01  1.9e-03  1.3e-02  1.8e-01  2.6e-01  4.6e-03  2.7e-01
 800  F 0   3.843e-02   0e+00  0.73  1.0e-01  1.0e-02  1.3e-02  4.6e-01  2.7e-01  4.0e-03  2.7e-01
 801  F 0   3.731e-02   0e+00  0.57  1.0e-01  1.9e-03  1.9e-02  5.0e-01  2.6e-01  4.5e-03  2.7e-01
 802  F 0   3.640e-02   0e+00  0.55  1.0e-01  1.3e-04  2.5e-02  4.3e-01  2.7e-01  5.0e-03  2.7e-01
 803  F 0   3.634e-02   0e+00  0.69  1.0e-01  1.3e-02  1.3e-02  2.2e-01  2.8e-01  4.1e-03  2.8e-01
 804  F 0   3.914e-02   0e+00  0.67  1.0e-01  2.4e-02  1.6e-02  4.7e-01  2.6e-01  4.0e-03  2.7e-01
 805  F 0   3.723e-02   0e+00  0.54  1.0e-01  2.7e-04  3.2e-02  5.0e-01  2.6e-01  4.5e-03  2.7e-01
 806  F 0   3.617e-02   0e+00  0.59  1.0e-01  1.4e-04  1.3e-02  3.0e-01  2.6e-01  5.0e-03  2.7e-01
 807  F 0   3.553e-02   0e+00  0.73  1.0e-01  5.2e-04  9.8e-03  1.8e-01  2.6e-01  4.5e-03  2.6e-01
 808  F 0   3.684e-02   0e+00  0.75  1.0e-01  5.8e-03  1.3e-02  3.7e-01  3.0e-01  3.5e-03  3.1e-01
 809  F 0   3.679e-02   0e+00  0.64  1.0e-01  5.2e-04  1.5e-02  4.3e-01  2.9e-01  3.6e-03  2.9e-01
 810  F 0   3.637e-02   0e+00  0.60  1.0e-01  1.5e-04  6.4e-02  4.3e-01  2.9e-01  4.2e-03  3.0e-01
 811  F 0   3.569e-02   0e+00  0.70  1.0e-01  7.3e-04  3.0e-02  2.3e-01  2.9e-01  4.1e-03  2.9e-01
 812  F 0   3.746e-02   0e+00  0.71  1.0e-01  7.9e-03  2.2e-02  3.7e-01  2.7e-01  3.7e-03  2.8e-01
 813  F 0   3.688e-02   0e+00  0.61  1.0e-01  1.5e-04  3.4e-02  4.6e-01  3.0e-01  4.5e-03  3.1e-01
 814  F 0   3.615e-02   0e+00  0.62  1.0e-01  1.6e-04  6.0e-02  3.3e-01  2.8e-01  4.5e-03  2.8e-01
 815  F 0   3.574e-02   0e+00  0.67  1.0e-01  2.6e-04  3.7e-02  3.0e-01  2.7e-01  4.0e-03  2.7e-01
 816  F 0   3.733e-02   0e+00  0.76  1.0e-01  1.2e-01  2.6e-02  3.1e-01  2.7e-01  4.1e-03  2.7e-01
 817  F 0   3.686e-02   0e+00  0.64  1.0e-01  9.5e-04  2.0e-02  4.7e-01  2.7e-01  4.5e-03  2.8e-01
 818  F 0   3.625e-02   0e+00  0.65  1.0e-01  1.7e-04  1.8e-02  3.4e-01  3.3e-01  5.3e-03  3.4e-01
 819  F 0   3.576e-02   0e+00  0.65  1.0e-01  2.5e-04  1.4e-02  2.5e-01  3.1e-01  4.7e-03  3.2e-01
 820  F 0   3.680e-02   0e+00  0.76  1.0e-01  2.7e-02  1.4e-02  2.6e-01  3.4e-01  4.1e-03  3.4e-01
 821  F 0   3.681e-02   0e+00  0.67  1.0e-01  9.2e-04  1.3e-02  4.7e-01  2.7e-01  4.2e-03  2.7e-01
 822  F 0   3.625e-02   0e+00  0.67  1.0e-01  3.0e-04  1.8e-02  3.2e-01  2.7e-01  5.7e-03  2.8e-01
 823  F 0   3.601e-02   0e+00  0.63  1.0e-01  1.7e-04  2.8e-02  3.7e-01  2.9e-01  4.0e-03  3.0e-01
 824  F 0   4.021e-02   0e+00  0.74  1.0e-01  4.8e-01  1.6e-02  2.3e-01  2.7e-01  4.2e-03  2.7e-01
 825  F 0   3.721e-02   0e+00  0.65  1.0e-01  2.1e-03  5.9e-02  5.2e-01  2.7e-01  3.6e-03  2.8e-01
 826  F 0   3.667e-02   0e+00  0.59  1.0e-01  1.6e-04  2.5e-02  3.9e-01  3.0e-01  4.7e-03  3.0e-01
 827  F 0   3.576e-02   0e+00  0.66  1.0e-01  1.5e-04  1.8e-02  2.3e-01  2.2e-01  4.7e-03  2.2e-01
 828  F 0   3.544e-02   0e+00  0.77  1.0e-01  4.5e-04  3.2e-02  2.7e-01  1.9e-01  2.4e-03  1.9e-01
 829  F 0   3.639e-02   0e+00  0.76  1.0e-01  1.3e-03  3.0e-02  3.6e-01  1.9e-01  3.4e-03  1.9e-01
 830  F 0   3.677e-02   0e+00  0.62  1.0e-01  1.9e-04  1.9e-02  4.7e-01  2.4e-01  3.0e-03  2.5e-01
 831  F 0   3.600e-02   0e+00  0.66  1.0e-01  3.5e-04  1.6e-02  3.0e-01  2.0e-01  2.9e-03  2.0e-01
 832  F 0   3.571e-02   0e+00  0.71  1.0e-01  7.7e-04  1.2e-02  2.4e-01  2.2e-01  2.8e-03  2.2e-01
 833  F 0   3.556e-02   0e+00  0.75  1.0e-01  3.3e-04  2.0e-02  2.3e-01  2.0e-01  2.7e-03  2.0e-01
 834  F 0   3.626e-02   0e+00  0.77  1.0e-01  3.1e-03  2.9e-02  3.3e-01  1.9e-01  3.1e-03  1.9e-01
 835  F 0   3.645e-02   0e+00  0.65  1.0e-01  2.0e-04  2.3e-02  4.3e-01  2.0e-01  3.1e-03  2.0e-01
 836  F 0   3.590e-02   0e+00  0.68  1.0e-01  1.4e-04  2.3e-02  3.1e-01  1.9e-01  2.8e-03  1.9e-01
 837  F 0   3.557e-02   0e+00  0.74  1.0e-01  4.0e-04  1.7e-02  2.2e-01  2.0e-01  2.8e-03  2.1e-01
 838  F 0   3.659e-02   0e+00  0.75  1.0e-01  2.7e-03  1.7e-02  3.4e-01  1.9e-01  2.9e-03  1.9e-01
 839  F 0   3.659e-02   0e+00  0.59  1.0e-01  6.3e-04  1.0e-01  6.9e-01  2.5e-01  3.1e-03  2.5e-01
 840  F 0   3.596e-02   0e+00  0.65  1.0e-01  1.6e-04  1.0e-01  5.1e-01  1.9e-01  2.5e-03  1.9e-01
 841  F 0   3.553e-02   0e+00  0.73  1.0e-01  1.2e-04  3.2e-02  2.2e-01  2.3e-01  3.2e-03  2.3e-01
 842  F 0   3.544e-02   0e+00  0.80  1.0e-01  3.7e-03  1.6e-02  1.6e-01  1.9e-01  3.1e-03  1.9e-01
 843  F 0   3.669e-02   0e+00  0.73  1.0e-01  1.2e-03  4.1e-02  4.4e-01  1.9e-01  3.4e-03  2.0e-01
 844  F 0   3.667e-02   0e+00  0.54  1.0e-01  1.5e-04  4.1e-02  5.1e-01  1.9e-01  2.8e-03  2.0e-01
 845  F 0   3.570e-02   0e+00  0.68  1.0e-01  1.0e-04  1.8e-02  2.5e-01  1.9e-01  3.1e-03  1.9e-01
 846  T 0   3.541e-02   0e+00  0.76  1.0e-01  1.2e-03  1.0e-02  1.6e-01  1.9e-01  2.9e-03  2.0e-01
 847  F 0   3.757e-02   0e+00  0.66  1.0e-01  4.2e-03  4.2e-02  4.9e-01  2.1e-01  2.4e-03  2.1e-01
 848  F 0   3.674e-02   0e+00  0.54  1.0e-01  1.4e-04  3.0e-02  4.5e-01  1.9e-01  3.0e-03  1.9e-01
 849  F 0   3.577e-02   0e+00  0.68  1.0e-01  1.0e-04  1.5e-02  2.5e-01  1.8e-01  2.8e-03  1.9e-01
 850  T 0   3.540e-02   0e+00  0.78  1.0e-01  1.0e-03  2.6e-02  1.7e-01  1.8e-01  2.7e-03  1.9e-01
 851  F 0   3.753e-02   0e+00  0.69  1.0e-01  7.8e-03  2.6e-02  4.9e-01  2.0e-01  3.1e-03  2.0e-01
 852  F 0   3.691e-02   0e+00  0.55  1.0e-01  1.4e-04  3.0e-02  4.8e-01  1.8e-01  3.1e-03  1.9e-01
 853  F 0   3.589e-02   0e+00  0.64  1.0e-01  1.3e-04  1.5e-02  2.6e-01  2.0e-01  3.7e-03  2.0e-01
 854  F 0   3.564e-02   0e+00  0.75  1.0e-01  4.5e-04  1.0e-02  1.9e-01  1.8e-01  3.0e-03  1.9e-01
 855  F 0   3.687e-02   0e+00  0.70  1.0e-01  3.1e-03  1.9e-02  4.2e-01  2.1e-01  3.0e-03  2.2e-01
 856  F 0   3.662e-02   0e+00  0.65  1.0e-01  5.6e-04  1.8e-02  4.0e-01  1.9e-01  2.8e-03  1.9e-01
 857  F 0   3.620e-02   0e+00  0.60  1.0e-01  1.5e-04  3.0e-02  4.0e-01  2.0e-01  2.5e-03  2.0e-01
 858  F 0   4.415e-02   0e+00  0.74  1.0e-01  4.0e-02  1.8e-02  1.8e-01  1.9e-01  3.1e-03  2.0e-01
 859  F 0   3.814e-02   0e+00  0.71  1.0e-01  5.4e-02  1.6e-02  4.6e-01  2.0e-01  2.8e-03  2.0e-01
 860  F 0   3.712e-02   0e+00  0.53  1.0e-01  1.5e-04  5.4e-02  5.0e-01  2.0e-01  3.1e-03  2.0e-01
 861  F 0   3.604e-02   0e+00  0.61  1.0e-01  1.4e-04  1.5e-02  2.8e-01  1.9e-01  2.8e-03  2.0e-01
 862  F 0   3.598e-02   0e+00  0.73  1.0e-01  1.1e-02  1.3e-02  2.0e-01  2.0e-01  3.2e-03  2.1e-01
 863  F 0   3.823e-02   0e+00  0.71  1.0e-01  6.1e-03  1.6e-02  4.8e-01  2.2e-01  2.8e-03  2.2e-01
 864  F 0   3.728e-02   0e+00  0.50  1.0e-01  2.0e-04  5.8e-02  5.6e-01  1.9e-01  2.8e-03  2.0e-01
 865  F 0   3.609e-02   0e+00  0.60  1.0e-01  1.4e-04  2.1e-02  2.8e-01  1.9e-01  2.8e-03  1.9e-01
 866  F 0   3.718e-02   0e+00  0.71  1.0e-01  2.1e-02  1.3e-02  2.0e-01  1.9e-01  3.1e-03  1.9e-01
 867  F 0   3.825e-02   0e+00  0.71  1.0e-01  6.5e-03  1.8e-02  4.8e-01  2.0e-01  2.8e-03  2.0e-01
 868  F 0   3.712e-02   0e+00  0.57  1.0e-01  1.5e-04  2.0e-02  4.8e-01  2.0e-01  3.0e-03  2.0e-01
 869  F 0   3.614e-02   0e+00  0.60  1.0e-01  2.9e-04  1.6e-02  3.0e-01  2.0e-01  3.1e-03  2.1e-01
 870  F 0   3.580e-02   0e+00  0.72  1.0e-01  7.7e-03  1.8e-02  2.2e-01  1.9e-01  3.1e-03  2.0e-01
 871  F 0   3.845e-02   0e+00  0.71  1.0e-01  7.8e-03  1.6e-02  4.7e-01  2.0e-01  2.8e-03  2.1e-01
 872  F 0   3.714e-02   0e+00  0.55  1.0e-01  2.6e-04  1.6e-02  4.9e-01  2.0e-01  3.1e-03  2.0e-01
 873  F 0   3.611e-02   0e+00  0.60  1.0e-01  3.3e-04  1.5e-02  2.9e-01  2.0e-01  3.2e-03  2.0e-01
 874  F 0   3.558e-02   0e+00  0.73  1.0e-01  5.1e-03  2.1e-02  2.0e-01  2.0e-01  3.5e-03  2.1e-01
 875  F 0   3.837e-02   0e+00  0.71  1.0e-01  5.9e-03  1.3e-02  4.6e-01  2.1e-01  3.1e-03  2.2e-01
 876  F 0   3.707e-02   0e+00  0.56  1.0e-01  5.0e-04  1.5e-02  4.7e-01  2.1e-01  3.8e-03  2.1e-01
 877  F 0   3.612e-02   0e+00  0.59  1.0e-01  1.3e-04  1.7e-02  3.2e-01  2.1e-01  3.6e-03  2.1e-01
 878  F 0   3.550e-02   0e+00  0.74  1.0e-01  2.4e-04  8.1e-03  1.7e-01  2.6e-01  3.5e-03  2.7e-01
 879  F 0   3.604e-02   0e+00  0.76  1.0e-01  2.9e-03  1.3e-02  2.7e-01  2.5e-01  3.4e-03  2.6e-01
 880  F 0   3.661e-02   0e+00  0.68  1.0e-01  4.9e-04  1.5e-02  4.2e-01  2.5e-01  4.4e-03  2.5e-01
 881  F 0   3.620e-02   0e+00  0.61  1.0e-01  1.6e-04  5.1e-02  3.9e-01  2.6e-01  4.0e-03  2.6e-01
 882  F 0   3.568e-02   0e+00  0.70  1.0e-01  1.5e-04  2.1e-02  2.3e-01  2.4e-01  4.6e-03  2.4e-01
 883  F 0   3.555e-02   0e+00  0.77  1.0e-01  8.3e-04  1.0e-02  1.9e-01  2.4e-01  3.9e-03  2.4e-01
 884  F 0   3.616e-02   0e+00  0.73  1.0e-01  8.3e-04  2.4e-02  3.7e-01  2.5e-01  4.4e-03  2.6e-01
 885  F 0   3.615e-02   0e+00  0.64  1.0e-01  1.8e-04  2.6e-02  3.8e-01  2.5e-01  3.9e-03  2.5e-01
 886  F 0   3.582e-02   0e+00  0.69  1.0e-01  2.8e-04  1.3e-02  2.7e-01  2.4e-01  4.4e-03  2.4e-01
 887  F 0   3.557e-02   0e+00  0.74  1.0e-01  6.9e-04  1.2e-02  1.9e-01  2.4e-01  3.9e-03  2.4e-01
 888  F 0   3.588e-02   0e+00  0.74  1.0e-01  2.7e-04  1.8e-02  3.2e-01  2.5e-01  3.4e-03  2.5e-01
 889  F 0   3.582e-02   0e+00  0.74  1.0e-01  7.7e-04  1.2e-02  2.5e-01  2.6e-01  4.0e-03  2.6e-01
 890  F 0   3.593e-02   0e+00  0.68  1.0e-01  1.2e-04  8.5e-02  4.2e-01  3.3e-01  4.0e-03  3.3e-01
 891  F 0   3.551e-02   0e+00  0.78  1.0e-01  5.4e-04  2.5e-02  2.1e-01  2.4e-01  3.9e-03  2.5e-01
 892  F 0   3.663e-02   0e+00  0.66  1.0e-01  1.0e-03  2.6e-02  4.1e-01  2.4e-01  3.4e-03  2.4e-01
 893  F 0   3.631e-02   0e+00  0.60  1.0e-01  1.5e-04  1.6e-02  3.5e-01  2.5e-01  4.4e-03  2.6e-01
 894  F 0   3.558e-02   0e+00  0.69  1.0e-01  1.2e-04  1.2e-02  2.0e-01  2.4e-01  4.4e-03  2.5e-01
 895  T 0   3.535e-02   0e+00  0.75  1.0e-01  1.0e-03  1.6e-02  1.8e-01  2.5e-01  4.4e-03  2.6e-01
 896  F 0   3.605e-02   0e+00  0.79  1.0e-01  1.9e-03  1.7e-02  3.0e-01  3.2e-01  4.4e-03  3.3e-01
 897  F 0   3.686e-02   0e+00  0.58  1.0e-01  1.6e-04  1.8e-02  5.1e-01  2.5e-01  3.6e-03  2.5e-01
 898  F 0   3.595e-02   0e+00  0.63  1.0e-01  1.3e-04  2.1e-02  2.8e-01  2.4e-01  4.7e-03  2.5e-01
 899  F 0   3.570e-02   0e+00  0.70  1.0e-01  5.4e-03  1.2e-02  1.8e-01  2.5e-01  4.4e-03  2.5e-01
 900  F 0   3.624e-02   0e+00  0.76  1.0e-01  1.8e-03  1.3e-02  3.1e-01  2.4e-01  3.5e-03  2.4e-01
 901  F 0   3.660e-02   0e+00  0.67  1.0e-01  2.4e-03  1.6e-02  4.1e-01  2.4e-01  4.9e-03  2.5e-01
 902  F 0   3.657e-02   0e+00  0.59  1.0e-01  1.3e-04  3.8e-02  5.2e-01  3.2e-01  4.4e-03  3.3e-01
 903  F 0   3.597e-02   0e+00  0.66  1.0e-01  3.0e-03  1.9e-02  2.9e-01  2.5e-01  4.0e-03  2.5e-01
 904  F 0   3.642e-02   0e+00  0.63  1.0e-01  1.8e-03  1.5e-02  3.5e-01  2.8e-01  3.0e-03  2.8e-01
 905  F 0   3.612e-02   0e+00  0.66  1.0e-01  2.5e-04  1.8e-02  3.2e-01  3.1e-01  6.9e-03  3.1e-01
 906  F 0   3.585e-02   0e+00  0.73  1.0e-01  6.0e-04  1.5e-02  2.6e-01  2.7e-01  4.2e-03  2.7e-01
 907  F 0   3.575e-02   0e+00  0.74  1.0e-01  8.8e-04  1.8e-02  2.9e-01  2.7e-01  4.2e-03  2.7e-01
 908  F 0   3.694e-02   0e+00  0.70  1.0e-01  2.3e-02  2.2e-02  4.2e-01  2.7e-01  5.0e-03  2.8e-01
 909  F 0   3.688e-02   0e+00  0.57  1.0e-01  1.5e-04  4.1e-02  4.7e-01  3.1e-01  4.5e-03  3.1e-01
 910  F 0   3.591e-02   0e+00  0.66  1.0e-01  1.7e-04  1.3e-02  2.3e-01  2.7e-01  4.6e-03  2.7e-01
 911  F 0   3.553e-02   0e+00  0.72  1.0e-01  5.1e-04  1.2e-02  1.9e-01  2.8e-01  4.5e-03  2.8e-01
 912  F 0   3.577e-02   0e+00  0.77  1.0e-01  3.0e-03  1.4e-02  2.8e-01  3.2e-01  3.6e-03  3.2e-01
 913  F 0   3.641e-02   0e+00  0.71  1.0e-01  9.2e-04  2.7e-02  3.9e-01  3.5e-01  5.0e-03  3.5e-01
 914  F 0   3.642e-02   0e+00  0.61  1.0e-01  1.6e-04  2.0e-02  4.1e-01  2.7e-01  3.5e-03  2.7e-01
 915  F 0   3.571e-02   0e+00  0.69  1.0e-01  1.8e-04  1.8e-02  2.2e-01  2.8e-01  4.5e-03  2.8e-01
 916  F 0   3.565e-02   0e+00  0.73  1.0e-01  6.9e-04  1.2e-02  2.2e-01  2.7e-01  4.0e-03  2.8e-01
 917  F 0   3.587e-02   0e+00  0.77  1.0e-01  2.8e-04  1.8e-02  2.9e-01  2.6e-01  3.5e-03  2.6e-01
 918  F 0   3.620e-02   0e+00  0.69  1.0e-01  1.1e-03  2.1e-02  3.8e-01  2.6e-01  5.0e-03  2.7e-01
 919  F 0   3.607e-02   0e+00  0.65  1.0e-01  2.3e-04  2.6e-02  3.5e-01  2.7e-01  4.4e-03  2.7e-01
 920  F 0   3.584e-02   0e+00  0.70  1.0e-01  1.7e-03  1.3e-02  2.5e-01  2.7e-01  4.4e-03  2.7e-01
 921  F 0   3.598e-02   0e+00  0.74  1.0e-01  3.3e-04  1.8e-02  3.1e-01  2.7e-01  3.6e-03  2.8e-01
 922  F 0   3.593e-02   0e+00  0.72  1.0e-01  4.0e-04  1.8e-02  3.0e-01  2.9e-01  4.2e-03  2.9e-01
 923  F 0   3.569e-02   0e+00  0.74  1.0e-01  2.3e-04  1.6e-02  2.4e-01  2.8e-01  4.0e-03  2.8e-01
 924  F 0   3.623e-02   0e+00  0.71  1.0e-01  2.4e-03  3.5e-02  4.0e-01  2.7e-01  4.7e-03  2.7e-01
 925  F 0   3.645e-02   0e+00  0.64  1.0e-01  1.6e-04  1.9e-02  4.1e-01  2.7e-01  4.0e-03  2.7e-01
 926  F 0   3.610e-02   0e+00  0.68  1.0e-01  1.3e-03  1.8e-02  3.0e-01  2.6e-01  4.7e-03  2.7e-01
 927  F 0   3.591e-02   0e+00  0.68  1.0e-01  1.6e-04  2.6e-02  3.3e-01  2.7e-01  4.0e-03  2.7e-01
 928  F 0   3.619e-02   0e+00  0.76  1.0e-01  1.4e-02  1.2e-02  2.3e-01  2.8e-01  4.1e-03  2.8e-01
 929  F 0   3.667e-02   0e+00  0.66  1.0e-01  4.0e-04  2.8e-02  4.5e-01  2.8e-01  4.6e-03  2.9e-01
 930  F 0   3.618e-02   0e+00  0.68  1.0e-01  4.0e-04  1.5e-02  3.1e-01  2.8e-01  4.0e-03  2.9e-01
 931  F 0   3.597e-02   0e+00  0.67  1.0e-01  3.2e-04  2.2e-02  3.2e-01  2.8e-01  4.6e-03  2.8e-01
 932  F 0   3.572e-02   0e+00  0.75  1.0e-01  3.6e-03  3.3e-02  2.8e-01  2.8e-01  4.0e-03  2.8e-01
 933  F 0   3.690e-02   0e+00  0.67  1.0e-01  7.0e-04  3.2e-02  4.6e-01  2.8e-01  5.1e-03  2.8e-01
 934  F 0   3.640e-02   0e+00  0.64  1.0e-01  1.6e-04  3.2e-02  3.6e-01  2.7e-01  4.6e-03  2.7e-01
 935  F 0   3.583e-02   0e+00  0.68  1.0e-01  1.4e-04  2.2e-02  2.9e-01  3.0e-01  4.7e-03  3.1e-01
 936  F 0   3.547e-02   0e+00  0.79  1.0e-01  1.2e-03  2.1e-02  2.1e-01  2.8e-01  4.0e-03  2.8e-01
 937  F 0   3.723e-02   0e+00  0.68  1.0e-01  1.6e-03  1.9e-02  4.7e-01  3.5e-01  3.6e-03  3.5e-01
 938  F 0   3.661e-02   0e+00  0.63  1.0e-01  2.3e-04  2.0e-02  3.8e-01  2.7e-01  4.7e-03  2.8e-01
 939  F 0   3.594e-02   0e+00  0.63  1.0e-01  1.4e-04  2.5e-02  3.1e-01  2.9e-01  4.0e-03  2.9e-01
 940  F 0   3.603e-02   0e+00  0.75  1.0e-01  1.2e-02  1.7e-02  2.0e-01  3.5e-01  4.0e-03  3.5e-01
 941  F 0   3.774e-02   0e+00  0.70  1.0e-01  1.8e-02  1.5e-02  4.7e-01  2.8e-01  6.1e-03  2.9e-01
 942  F 0   3.688e-02   0e+00  0.60  1.0e-01  8.5e-04  4.0e-02  4.5e-01  2.8e-01  4.6e-03  2.8e-01
 943  F 0   3.607e-02   0e+00  0.60  1.0e-01  1.4e-04  2.2e-02  3.3e-01  2.8e-01  4.0e-03  2.8e-01
 944  F 0   3.704e-02   0e+00  0.73  1.0e-01  1.6e-02  1.2e-02  1.9e-01  2.7e-01  4.0e-03  2.7e-01
 945  F 0   3.808e-02   0e+00  0.71  1.0e-01  5.4e-03  1.7e-02  4.8e-01  2.7e-01  4.0e-03  2.7e-01
 946  F 0   3.699e-02   0e+00  0.56  1.0e-01  4.8e-03  5.8e-02  4.6e-01  2.8e-01  4.5e-03  2.9e-01
 947  F 0   3.619e-02   0e+00  0.56  1.0e-01  1.4e-04  1.0e-01  5.1e-01  2.7e-01  4.6e-03  2.8e-01
 948  F 0   3.958e-02   0e+00  0.71  1.0e-01  2.3e-02  5.7e-02  2.4e-01  2.8e-01  4.1e-03  2.9e-01
 949  F 0   3.858e-02   0e+00  0.67  1.0e-01  6.8e-03  4.4e-02  5.0e-01  2.7e-01  4.0e-03  2.7e-01
 950  F 0   3.702e-02   0e+00  0.51  1.0e-01  1.5e-04  3.9e-02  4.8e-01  2.9e-01  4.6e-03  3.0e-01
 951  F 0   3.596e-02   0e+00  0.62  1.0e-01  1.4e-04  1.8e-02  2.7e-01  3.2e-01  4.6e-03  3.3e-01
 952  F 0   3.949e-02   0e+00  0.77  1.0e-01  2.7e-02  1.5e-02  1.6e-01  2.9e-01  4.7e-03  2.9e-01
 953  F 0   3.757e-02   0e+00  0.73  1.0e-01  2.1e-03  1.6e-02  4.8e-01  2.8e-01  4.1e-03  2.8e-01
 954  F 0   3.731e-02   0e+00  0.48  1.0e-01  1.5e-04  8.2e-02  5.6e-01  2.7e-01  4.5e-03  2.8e-01
 955  F 0   3.605e-02   0e+00  0.56  1.0e-01  1.4e-04  2.2e-02  2.8e-01  2.8e-01  4.1e-03  2.8e-01
 956  F 0   3.942e-02   0e+00  0.70  1.0e-01  2.5e-02  1.1e-02  1.7e-01  2.8e-01  4.5e-03  2.9e-01
 957  F 0   3.756e-02   0e+00  0.71  1.0e-01  4.5e-03  1.9e-02  4.8e-01  3.0e-01  3.2e-03  3.0e-01
 958  F 0   3.695e-02   0e+00  0.58  1.0e-01  7.0e-04  6.7e-02  4.8e-01  3.0e-01  4.5e-03  3.0e-01
 959  F 0   3.630e-02   0e+00  0.56  1.0e-01  1.4e-04  8.0e-02  4.6e-01  2.9e-01  4.1e-03  3.0e-01
 960  F 0   3.767e-02   0e+00  0.71  1.0e-01  2.0e-02  4.0e-02  2.2e-01  2.7e-01  4.1e-03  2.8e-01
 961  F 0   3.886e-02   0e+00  0.66  1.0e-01  3.6e-03  4.0e-02  4.9e-01  2.7e-01  4.0e-03  2.8e-01
 962  F 0   3.703e-02   0e+00  0.51  1.0e-01  1.5e-04  9.2e-02  4.9e-01  2.6e-01  4.5e-03  2.7e-01
 963  F 0   3.590e-02   0e+00  0.65  1.0e-01  1.4e-04  1.3e-02  2.3e-01  3.0e-01  4.6e-03  3.0e-01
 964  F 0   3.930e-02   0e+00  0.77  1.0e-01  2.5e-02  1.1e-02  1.7e-01  2.9e-01  4.6e-03  3.0e-01
 965  F 0   3.918e-02   0e+00  0.64  1.0e-01  4.1e-03  7.1e-02  6.2e-01  2.7e-01  3.8e-03  2.8e-01
 966  F 0   3.728e-02   0e+00  0.44  1.0e-01  1.5e-04  3.5e-02  5.1e-01  2.7e-01  4.0e-03  2.8e-01
 967  F 0   3.601e-02   0e+00  0.56  1.0e-01  1.4e-04  1.9e-02  2.5e-01  2.8e-01  4.2e-03  2.8e-01
 968  F 0   3.543e-02   0e+00  0.75  1.0e-01  1.4e-03  1.2e-02  1.6e-01  3.9e-01  4.7e-03  4.0e-01
 969  F 0   3.682e-02   0e+00  0.73  1.0e-01  1.8e-03  1.3e-02  4.0e-01  2.8e-01  5.0e-03  2.9e-01
 970  F 0   3.665e-02   0e+00  0.60  1.0e-01  1.5e-04  6.5e-02  4.6e-01  2.8e-01  4.5e-03  2.8e-01
 971  F 0   3.592e-02   0e+00  0.63  1.0e-01  1.4e-04  4.1e-02  3.2e-01  2.9e-01  4.1e-03  2.9e-01
 972  F 0   3.560e-02   0e+00  0.73  1.0e-01  2.7e-03  2.2e-02  2.1e-01  2.7e-01  4.2e-03  2.8e-01
 973  F 0   3.703e-02   0e+00  0.71  1.0e-01  3.4e-03  1.6e-02  4.2e-01  3.8e-01  4.0e-03  3.9e-01
 974  F 0   3.668e-02   0e+00  0.60  1.0e-01  1.5e-04  3.3e-02  4.5e-01  3.1e-01  1.1e-02  3.2e-01
 975  F 0   3.593e-02   0e+00  0.64  1.0e-01  1.4e-04  2.0e-02  2.9e-01  2.8e-01  4.2e-03  2.9e-01
 976  F 0   3.548e-02   0e+00  0.73  1.0e-01  3.7e-03  1.3e-02  1.8e-01  2.7e-01  4.5e-03  2.8e-01
 977  F 0   3.719e-02   0e+00  0.73  1.0e-01  3.3e-03  2.2e-02  4.2e-01  2.8e-01  4.0e-03  2.9e-01
 978  F 0   3.690e-02   0e+00  0.60  1.0e-01  1.5e-04  1.0e-01  5.0e-01  2.8e-01  3.6e-03  2.9e-01
 979  F 0   3.606e-02   0e+00  0.62  1.0e-01  1.4e-04  1.8e-02  3.0e-01  3.0e-01  4.2e-03  3.1e-01
 980  F 0   3.568e-02   0e+00  0.71  1.0e-01  3.3e-03  9.7e-03  1.8e-01  2.8e-01  4.7e-03  2.9e-01
 981  F 0   3.720e-02   0e+00  0.71  1.0e-01  4.5e-03  1.6e-02  4.2e-01  2.7e-01  3.5e-03  2.8e-01
 982  F 0   3.675e-02   0e+00  0.62  1.0e-01  3.2e-04  4.2e-02  4.4e-01  2.8e-01  4.0e-03  2.8e-01
 983  F 0   3.617e-02   0e+00  0.60  1.0e-01  1.4e-04  5.2e-02  4.1e-01  2.8e-01  4.6e-03  2.8e-01
 984  F 0   3.611e-02   0e+00  0.72  1.0e-01  8.4e-02  1.3e-02  2.0e-01  3.7e-01  4.7e-03  3.7e-01
 985  F 0   3.841e-02   0e+00  0.67  1.0e-01  1.4e-02  1.9e-02  4.7e-01  2.8e-01  4.1e-03  2.8e-01
 986  F 0   3.714e-02   0e+00  0.48  1.0e-01  1.4e-04  5.0e-02  5.2e-01  2.8e-01  4.7e-03  2.8e-01
 987  F 0   3.595e-02   0e+00  0.65  1.0e-01  1.4e-04  1.2e-02  2.5e-01  2.7e-01  4.1e-03  2.8e-01
 988  F 0   3.590e-02   0e+00  0.74  1.0e-01  6.3e-03  2.4e-02  2.0e-01  2.8e-01  4.1e-03  2.8e-01
 989  F 0   3.797e-02   0e+00  0.73  1.0e-01  7.9e-03  1.6e-02  4.7e-01  2.7e-01  4.0e-03  2.8e-01
 990  F 0   3.719e-02   0e+00  0.50  1.0e-01  1.5e-04  2.8e-02  5.4e-01  2.8e-01  4.2e-03  2.8e-01
 991  F 0   3.599e-02   0e+00  0.62  1.0e-01  1.4e-04  1.1e-02  2.5e-01  2.7e-01  4.0e-03  2.7e-01
 992  F 0   4.286e-02   0e+00  0.72  1.0e-01  2.9e-02  2.1e-02  1.8e-01  2.6e-01  4.6e-03  2.7e-01
 993  F 0   3.749e-02   0e+00  0.70  1.0e-01  3.6e-03  1.6e-02  4.7e-01  2.7e-01  2.9e-03  2.7e-01
 994  F 0   3.691e-02   0e+00  0.55  1.0e-01  1.5e-04  5.0e-02  4.8e-01  2.7e-01  4.5e-03  2.8e-01
 995  F 0   3.590e-02   0e+00  0.64  1.0e-01  1.4e-04  2.3e-02  2.5e-01  3.4e-01  4.1e-03  3.4e-01
 996  F 0   3.586e-02   0e+00  0.73  1.0e-01  8.6e-02  2.3e-02  2.0e-01  3.0e-01  4.5e-03  3.1e-01
 997  F 0   3.855e-02   0e+00  0.73  1.0e-01  1.1e-02  1.6e-02  4.7e-01  2.8e-01  4.3e-03  2.9e-01
 998  F 0   3.736e-02   0e+00  0.47  1.0e-01  1.5e-04  1.0e-01  6.0e-01  2.7e-01  4.6e-03  2.8e-01
 999  F 0   3.605e-02   0e+00  0.59  1.0e-01  1.4e-04  2.9e-02  2.8e-01  2.8e-01  4.5e-03  2.8e-01
Total number of system evaluations: 1000
