   k  l     Obj         Vio    Bou   ML       |KKT|    |dX|     ||dX|| 
   0  T 0   5.153e-01   0e+00  0.00  1.0e-01  6.6e+02  1.0e+00  1.0e+00
   1  T 0   3.597e-01   0e+00  0.00  1.0e-01  3.6e-02  1.0e-01  8.5e+00
   2  T 0   2.592e-01   0e+00  0.00  1.0e-01  2.1e-02  1.0e-01  8.5e+00
   3  T 0   1.953e-01   0e+00  0.00  1.0e-01  1.3e-02  1.0e-01  8.5e+00
   4  T 0   1.521e-01   0e+00  0.26  1.0e-01  1.6e-04  1.0e-01  8.0e+00
   5  T 0   1.331e-01   0e+00  0.24  1.0e-01  1.4e-04  1.0e-01  6.1e+00
   6  T 0   1.124e-01   0e+00  0.55  1.0e-01  1.3e-04  1.0e-01  5.7e+00
   7  T 0   1.072e-01   0e+00  0.51  1.0e-01  1.3e-04  1.0e-01  3.2e+00
   8  T 0   1.016e-01   0e+00  0.53  1.0e-01  1.3e-04  1.0e-01  3.0e+00
   9  T 0   9.710e-02   0e+00  0.53  1.0e-01  1.4e-04  8.1e-02  2.7e+00
  10  T 0   9.205e-02   0e+00  0.54  1.0e-01  1.4e-04  8.9e-02  3.0e+00
  11  T 0   8.662e-02   0e+00  0.54  9.7e-02  1.4e-04  9.7e-02  3.0e+00
  12  T 0   8.071e-02   0e+00  0.54  1.0e-01  1.4e-04  1.0e-01  3.2e+00
  13  T 0   7.575e-02   0e+00  0.58  1.0e-01  1.4e-04  1.0e-01  2.8e+00
  14  T 0   7.122e-02   0e+00  0.59  1.0e-01  4.4e-04  1.0e-01  2.9e+00
  15  F 0   6.905e-02   0e+00  0.67  1.0e-01  1.3e-04  1.0e-01  2.3e+00
  16  T 0   6.717e-02   0e+00  0.66  1.0e-01  1.3e-04  1.0e-01  2.2e+00
  17  T 0   6.563e-02   0e+00  0.69  1.0e-01  1.2e-04  1.0e-01  1.7e+00
  18  T 0   6.438e-02   0e+00  0.72  1.0e-01  1.2e-04  1.0e-01  1.4e+00
  19  T 0   6.343e-02   0e+00  0.74  1.0e-01  1.2e-04  9.5e-02  1.3e+00
  20  T 0   6.271e-02   0e+00  0.73  1.0e-01  1.3e-04  1.0e-01  1.3e+00
  21  T 0   6.180e-02   0e+00  0.73  1.0e-01  1.3e-04  1.0e-01  1.3e+00
  22  T 0   6.085e-02   0e+00  0.72  1.0e-01  1.3e-04  1.0e-01  1.3e+00
  23  T 0   5.982e-02   0e+00  0.75  1.0e-01  1.1e-04  1.0e-01  1.4e+00
  24  T 0   5.883e-02   0e+00  0.75  1.0e-01  1.3e-04  9.9e-02  1.3e+00
  25  T 0   5.779e-02   0e+00  0.77  1.0e-01  8.9e-05  1.0e-01  1.3e+00
  26  T 0   5.680e-02   0e+00  0.78  1.0e-01  9.2e-05  8.4e-02  1.4e+00
  27  T 0   5.578e-02   0e+00  0.80  1.0e-01  9.6e-05  9.3e-02  1.4e+00
  28  T 0   5.497e-02   0e+00  0.83  1.0e-01  9.8e-05  1.0e-01  1.4e+00
  29  T 0   5.427e-02   0e+00  0.84  1.0e-01  9.8e-05  1.0e-01  1.3e+00
  30  T 0   5.365e-02   0e+00  0.85  1.0e-01  9.7e-05  1.0e-01  1.3e+00
  31  T 0   5.318e-02   0e+00  0.88  1.0e-01  9.6e-05  1.0e-01  1.1e+00
  32  T 0   5.286e-02   0e+00  0.89  1.0e-01  9.5e-05  1.0e-01  8.8e-01
  33  T 0   5.260e-02   0e+00  0.89  1.0e-01  9.3e-05  8.2e-02  7.3e-01
  34  T 0   5.234e-02   0e+00  0.89  1.0e-01  9.1e-05  8.2e-02  7.5e-01
  35  T 0   5.207e-02   0e+00  0.90  9.0e-02  8.9e-05  9.0e-02  7.9e-01
  36  T 0   5.178e-02   0e+00  0.90  9.9e-02  8.8e-05  9.9e-02  8.2e-01
  37  T 0   5.148e-02   0e+00  0.90  1.0e-01  8.6e-05  1.0e-01  8.7e-01
  38  T 0   5.117e-02   0e+00  0.90  1.0e-01  8.3e-05  1.0e-01  9.0e-01
  39  T 0   5.090e-02   0e+00  0.91  1.0e-01  7.0e-05  9.9e-02  8.1e-01
  40  T 0   5.069e-02   0e+00  0.91  1.0e-01  7.1e-05  9.9e-02  7.2e-01
  41  T 0   5.048e-02   0e+00  0.92  1.0e-01  7.2e-05  1.0e-01  6.7e-01
  42  T 0   5.027e-02   0e+00  0.92  1.0e-01  7.3e-05  8.0e-02  7.0e-01
  43  T 0   5.007e-02   0e+00  0.92  1.0e-01  7.4e-05  8.8e-02  7.2e-01
  44  T 0   4.990e-02   0e+00  0.93  9.7e-02  7.5e-05  9.0e-02  7.4e-01
  45  T 0   4.975e-02   0e+00  0.93  1.0e-01  7.6e-05  9.7e-02  7.3e-01
  46  T 0   4.962e-02   0e+00  0.94  1.0e-01  7.7e-05  1.0e-01  7.1e-01
  47  T 0   4.950e-02   0e+00  0.94  1.0e-01  7.7e-05  1.0e-01  6.5e-01
  48  T 0   4.941e-02   0e+00  0.94  1.0e-01  7.8e-05  1.0e-01  5.7e-01
  49  T 0   4.932e-02   0e+00  0.94  1.0e-01  7.9e-05  7.1e-02  5.3e-01
  50  T 0   4.923e-02   0e+00  0.95  1.0e-01  7.9e-05  7.8e-02  5.2e-01
  51  T 0   4.914e-02   0e+00  0.95  8.6e-02  8.0e-05  8.6e-02  5.6e-01
  52  T 0   4.904e-02   0e+00  0.95  9.4e-02  8.1e-05  9.1e-02  5.9e-01
  53  T 0   4.894e-02   0e+00  0.95  1.0e-01  8.2e-05  8.8e-02  6.1e-01
  54  T 0   4.883e-02   0e+00  0.95  1.0e-01  8.2e-05  1.0e-01  6.6e-01
  55  T 0   4.873e-02   0e+00  0.96  1.0e-01  8.3e-05  1.0e-01  6.0e-01
  56  T 0   4.866e-02   0e+00  0.96  1.0e-01  8.3e-05  1.0e-01  4.5e-01
  57  T 0   4.860e-02   0e+00  0.96  1.0e-01  8.3e-05  7.1e-02  4.3e-01
  58  T 0   4.853e-02   0e+00  0.96  1.0e-01  8.3e-05  7.6e-02  4.3e-01
  59  T 0   4.846e-02   0e+00  0.96  8.3e-02  8.3e-05  8.3e-02  4.4e-01
  60  T 0   4.839e-02   0e+00  0.96  9.2e-02  8.3e-05  9.2e-02  4.6e-01
  61  T 0   4.832e-02   0e+00  0.96  1.0e-01  8.3e-05  8.3e-02  4.8e-01
  62  T 0   4.824e-02   0e+00  0.96  1.0e-01  8.3e-05  9.2e-02  5.1e-01
  63  T 0   4.817e-02   0e+00  0.97  1.0e-01  8.3e-05  9.2e-02  5.2e-01
  64  T 0   4.812e-02   0e+00  0.97  1.0e-01  8.2e-05  6.1e-02  3.6e-01
  65  T 0   4.808e-02   0e+00  0.97  1.0e-01  8.2e-05  6.1e-02  3.7e-01
  66  T 0   4.803e-02   0e+00  0.97  7.4e-02  8.2e-05  6.7e-02  4.1e-01
  67  T 0   4.798e-02   0e+00  0.97  7.4e-02  8.3e-05  7.4e-02  4.3e-01
  68  T 0   4.793e-02   0e+00  0.97  8.1e-02  8.3e-05  8.1e-02  4.5e-01
  69  T 0   4.787e-02   0e+00  0.97  8.9e-02  8.3e-05  8.9e-02  4.9e-01
  70  T 0   4.781e-02   0e+00  0.97  9.8e-02  8.3e-05  8.9e-02  5.2e-01
  71  T 0   4.775e-02   0e+00  0.96  1.0e-01  1.0e-04  8.9e-02  5.6e-01
  72  T 0   4.772e-02   0e+00  0.97  1.0e-01  1.0e-04  9.8e-02  3.4e-01
  73  T 0   4.770e-02   0e+00  0.96  1.0e-01  1.0e-04  6.7e-02  3.1e-01
  74  T 0   4.767e-02   0e+00  0.96  1.0e-01  1.0e-04  7.2e-02  3.1e-01
  75  T 0   4.765e-02   0e+00  0.96  7.9e-02  1.0e-04  7.9e-02  3.3e-01
  76  T 0   4.763e-02   0e+00  0.96  8.7e-02  1.0e-04  8.7e-02  3.4e-01
  77  T 0   4.760e-02   0e+00  0.96  9.6e-02  1.0e-04  8.7e-02  3.5e-01
  78  T 0   4.758e-02   0e+00  0.96  1.0e-01  1.0e-04  8.7e-02  3.6e-01
  79  T 0   4.755e-02   0e+00  0.96  1.0e-01  1.0e-04  8.7e-02  3.6e-01
  80  T 0   4.753e-02   0e+00  0.96  1.0e-01  1.0e-04  7.5e-02  2.6e-01
  81  T 0   4.752e-02   0e+00  0.96  1.0e-01  1.0e-04  5.8e-02  2.3e-01
  82  T 0   4.750e-02   0e+00  0.95  5.8e-02  1.0e-04  5.8e-02  2.2e-01
  83  T 0   4.748e-02   0e+00  0.95  6.4e-02  1.0e-04  6.4e-02  2.4e-01
  84  T 0   4.746e-02   0e+00  0.95  7.1e-02  1.0e-04  7.1e-02  2.5e-01
  85  T 0   4.743e-02   0e+00  0.95  7.8e-02  1.0e-04  7.8e-02  2.6e-01
  86  T 0   4.741e-02   0e+00  0.95  8.6e-02  1.0e-04  8.6e-02  2.7e-01
  87  T 0   4.738e-02   0e+00  0.95  9.4e-02  1.0e-04  8.5e-02  2.8e-01
  88  T 0   4.735e-02   0e+00  0.95  1.0e-01  1.0e-04  7.3e-02  2.6e-01
  89  T 0   4.733e-02   0e+00  0.95  1.0e-01  1.0e-04  4.7e-02  2.4e-01
  90  T 0   4.730e-02   0e+00  0.95  5.1e-02  1.0e-04  5.1e-02  2.5e-01
  91  T 0   4.727e-02   0e+00  0.94  5.6e-02  1.0e-04  5.6e-02  2.8e-01
  92  T 0   4.723e-02   0e+00  0.94  6.2e-02  1.0e-04  6.2e-02  3.0e-01
  93  T 0   4.720e-02   0e+00  0.94  6.8e-02  1.0e-04  6.8e-02  3.2e-01
  94  T 0   4.716e-02   0e+00  0.94  7.5e-02  9.9e-05  7.5e-02  3.5e-01
  95  T 0   4.712e-02   0e+00  0.94  8.3e-02  9.9e-05  8.3e-02  3.6e-01
  96  T 0   4.708e-02   0e+00  0.94  9.1e-02  9.8e-05  9.1e-02  3.9e-01
  97  T 0   4.705e-02   0e+00  0.94  1.0e-01  9.8e-05  1.0e-01  2.7e-01
  98  T 0   4.702e-02   0e+00  0.94  1.0e-01  9.7e-05  6.1e-02  2.7e-01
  99  T 0   4.699e-02   0e+00  0.94  6.7e-02  9.7e-05  6.7e-02  2.8e-01
 100  T 0   4.696e-02   0e+00  0.94  7.3e-02  9.7e-05  7.3e-02  3.0e-01
 101  T 0   4.692e-02   0e+00  0.94  8.1e-02  9.6e-05  8.1e-02  3.1e-01
 102  T 0   4.688e-02   0e+00  0.94  8.9e-02  9.6e-05  8.9e-02  3.3e-01
 103  T 0   4.684e-02   0e+00  0.94  9.7e-02  9.5e-05  8.9e-02  3.3e-01
 104  T 0   4.680e-02   0e+00  0.94  1.0e-01  9.5e-05  8.9e-02  3.3e-01
 105  T 0   4.677e-02   0e+00  0.94  1.0e-01  9.4e-05  8.9e-02  2.6e-01
 106  T 0   4.674e-02   0e+00  0.94  1.0e-01  9.4e-05  4.9e-02  2.5e-01
 107  T 0   4.670e-02   0e+00  0.95  1.0e-01  9.4e-05  5.4e-02  2.8e-01
 108  T 0   4.666e-02   0e+00  0.95  5.9e-02  9.3e-05  5.9e-02  2.9e-01
 109  T 0   4.662e-02   0e+00  0.95  6.5e-02  9.2e-05  6.5e-02  3.1e-01
 110  T 0   4.657e-02   0e+00  0.95  7.1e-02  9.2e-05  7.1e-02  3.3e-01
 111  T 0   4.652e-02   0e+00  0.95  7.8e-02  9.1e-05  7.8e-02  3.6e-01
 112  T 0   4.647e-02   0e+00  0.95  8.6e-02  9.0e-05  8.6e-02  3.9e-01
 113  T 0   4.642e-02   0e+00  0.95  9.5e-02  8.9e-05  9.5e-02  3.1e-01
 114  T 0   4.638e-02   0e+00  0.95  1.0e-01  8.8e-05  5.1e-02  2.3e-01
 115  T 0   4.634e-02   0e+00  0.95  1.0e-01  8.7e-05  5.2e-02  2.3e-01
 116  T 0   4.629e-02   0e+00  0.95  5.7e-02  8.6e-05  5.7e-02  2.5e-01
 117  T 0   4.624e-02   0e+00  0.95  6.3e-02  8.5e-05  6.3e-02  2.6e-01
 118  T 0   4.619e-02   0e+00  0.95  7.0e-02  8.4e-05  7.0e-02  2.8e-01
 119  T 0   4.613e-02   0e+00  0.95  7.6e-02  8.3e-05  7.6e-02  2.9e-01
 120  T 0   4.607e-02   0e+00  0.95  8.4e-02  8.1e-05  8.4e-02  3.1e-01
 121  T 0   4.600e-02   0e+00  0.95  9.3e-02  8.0e-05  7.5e-02  3.0e-01
 122  T 0   4.594e-02   0e+00  0.95  1.0e-01  7.9e-05  4.6e-02  2.1e-01
 123  T 0   4.588e-02   0e+00  0.95  5.1e-02  7.7e-05  5.1e-02  2.3e-01
 124  T 0   4.582e-02   0e+00  0.95  5.6e-02  7.6e-05  5.6e-02  2.4e-01
 125  T 0   4.574e-02   0e+00  0.95  6.2e-02  7.6e-05  6.2e-02  2.7e-01
 126  T 0   4.567e-02   0e+00  0.95  6.8e-02  7.6e-05  6.8e-02  2.9e-01
 127  T 0   4.558e-02   0e+00  0.95  7.5e-02  7.5e-05  7.5e-02  3.1e-01
 128  T 0   4.550e-02   0e+00  0.95  8.2e-02  7.5e-05  8.2e-02  3.4e-01
 129  T 0   4.540e-02   0e+00  0.95  9.0e-02  7.4e-05  9.0e-02  3.7e-01
 130  T 0   4.532e-02   0e+00  0.95  9.9e-02  7.3e-05  6.0e-02  3.1e-01
 131  T 0   4.522e-02   0e+00  0.95  1.0e-01  7.2e-05  6.6e-02  3.3e-01
 132  T 0   4.513e-02   0e+00  0.96  7.3e-02  7.1e-05  7.3e-02  3.6e-01
 133  T 0   4.503e-02   0e+00  0.96  8.0e-02  6.9e-05  6.0e-02  3.9e-01
 134  T 0   4.492e-02   0e+00  0.96  8.8e-02  6.7e-05  6.6e-02  4.2e-01
 135  T 0   4.481e-02   0e+00  0.96  7.3e-02  6.5e-05  7.3e-02  4.6e-01
 136  T 0   4.469e-02   0e+00  0.96  8.0e-02  6.3e-05  8.0e-02  5.0e-01
 137  T 0   4.457e-02   0e+00  0.96  8.8e-02  6.2e-05  8.8e-02  5.5e-01
 138  T 0   4.445e-02   0e+00  0.96  9.7e-02  6.1e-05  8.8e-02  4.8e-01
 139  T 0   4.435e-02   0e+00  0.96  1.0e-01  6.1e-05  9.7e-02  5.0e-01
 140  T 0   4.423e-02   0e+00  0.96  1.0e-01  6.0e-05  1.0e-01  5.3e-01
 141  T 0   4.411e-02   0e+00  0.96  1.0e-01  5.9e-05  7.7e-02  5.7e-01
 142  T 0   4.399e-02   0e+00  0.96  1.0e-01  5.9e-05  8.4e-02  6.2e-01
 143  T 0   4.388e-02   0e+00  0.97  9.3e-02  5.8e-05  9.3e-02  6.3e-01
 144  T 0   4.379e-02   0e+00  0.97  1.0e-01  5.6e-05  8.4e-02  5.8e-01
 145  T 0   4.371e-02   0e+00  0.97  1.0e-01  5.5e-05  8.6e-02  5.5e-01
 146  T 0   4.365e-02   0e+00  0.97  1.0e-01  5.6e-05  9.3e-02  4.7e-01
 147  T 0   4.360e-02   0e+00  0.97  1.0e-01  5.7e-05  8.4e-02  4.2e-01
 148  T 0   4.355e-02   0e+00  0.97  1.0e-01  5.8e-05  1.0e-01  4.3e-01
 149  T 0   4.350e-02   0e+00  0.97  1.0e-01  5.9e-05  7.7e-02  4.3e-01
 150  T 0   4.345e-02   0e+00  0.97  8.4e-02  6.0e-05  8.4e-02  4.6e-01
 151  T 0   4.340e-02   0e+00  0.98  9.3e-02  6.1e-05  8.4e-02  4.7e-01
 152  T 0   4.336e-02   0e+00  0.98  1.0e-01  6.1e-05  8.7e-02  4.5e-01
 153  T 0   4.332e-02   0e+00  0.98  1.0e-01  6.2e-05  8.4e-02  4.3e-01
 154  T 0   4.328e-02   0e+00  0.98  1.0e-01  6.2e-05  8.4e-02  4.0e-01
 155  T 0   4.325e-02   0e+00  0.98  1.0e-01  6.2e-05  8.4e-02  3.8e-01
 156  T 0   4.322e-02   0e+00  0.98  1.0e-01  6.2e-05  8.4e-02  3.3e-01
 157  T 0   4.320e-02   0e+00  0.98  1.0e-01  6.2e-05  8.4e-02  3.1e-01
 158  T 0   4.318e-02   0e+00  0.98  1.0e-01  6.2e-05  8.4e-02  3.1e-01
 159  T 0   4.316e-02   0e+00  0.98  1.0e-01  6.2e-05  8.4e-02  3.0e-01
 160  T 0   4.313e-02   0e+00  0.98  1.0e-01  6.1e-05  7.7e-02  2.9e-01
 161  T 0   4.311e-02   0e+00  0.98  1.0e-01  6.1e-05  8.4e-02  2.7e-01
 162  T 0   4.309e-02   0e+00  0.98  9.3e-02  6.0e-05  8.9e-02  2.8e-01
 163  T 0   4.307e-02   0e+00  0.98  1.0e-01  6.0e-05  7.7e-02  2.7e-01
 164  T 0   4.305e-02   0e+00  0.98  1.0e-01  6.0e-05  8.4e-02  2.5e-01
 165  T 0   4.303e-02   0e+00  0.98  9.3e-02  6.0e-05  8.4e-02  2.5e-01
 166  T 0   4.301e-02   0e+00  0.98  1.0e-01  6.0e-05  7.3e-02  2.3e-01
 167  T 0   4.299e-02   0e+00  0.98  1.0e-01  6.0e-05  7.9e-02  2.2e-01
 168  T 0   4.298e-02   0e+00  0.98  8.7e-02  6.1e-05  7.7e-02  2.4e-01
 169  T 0   4.296e-02   0e+00  0.97  9.6e-02  6.1e-05  8.4e-02  2.4e-01
 170  T 0   4.294e-02   0e+00  0.97  9.3e-02  6.1e-05  8.4e-02  2.5e-01
 171  T 0   4.292e-02   0e+00  0.97  1.0e-01  6.1e-05  8.4e-02  2.4e-01
 172  T 0   4.290e-02   0e+00  0.97  9.3e-02  6.1e-05  7.7e-02  2.4e-01
 173  T 0   4.288e-02   0e+00  0.97  1.0e-01  6.1e-05  8.4e-02  2.5e-01
 174  T 0   4.286e-02   0e+00  0.97  9.3e-02  6.0e-05  7.7e-02  2.4e-01
 175  T 0   4.284e-02   0e+00  0.97  1.0e-01  6.0e-05  8.4e-02  2.3e-01
 176  T 0   4.281e-02   0e+00  0.97  9.3e-02  6.0e-05  7.3e-02  2.3e-01
 177  T 0   4.280e-02   0e+00  0.97  1.0e-01  6.0e-05  1.0e-01  2.4e-01
 178  T 0   4.278e-02   0e+00  0.96  8.4e-02  5.9e-05  8.4e-02  2.4e-01
 179  T 0   4.275e-02   0e+00  0.96  9.3e-02  5.9e-05  8.4e-02  2.4e-01
 180  T 0   4.273e-02   0e+00  0.96  1.0e-01  5.9e-05  8.0e-02  2.3e-01
 181  T 0   4.271e-02   0e+00  0.96  1.0e-01  5.9e-05  8.4e-02  2.1e-01
 182  T 0   4.269e-02   0e+00  0.96  9.3e-02  5.9e-05  7.7e-02  2.1e-01
 183  T 0   4.267e-02   0e+00  0.95  1.0e-01  5.9e-05  8.4e-02  2.1e-01
 184  T 0   4.265e-02   0e+00  0.95  9.3e-02  5.9e-05  8.4e-02  2.2e-01
 185  T 0   4.263e-02   0e+00  0.95  1.0e-01  5.9e-05  7.3e-02  2.1e-01
 186  T 0   4.261e-02   0e+00  0.94  1.0e-01  6.0e-05  5.8e-02  2.0e-01
 187  T 0   4.258e-02   0e+00  0.94  6.3e-02  5.9e-05  6.3e-02  2.2e-01
 188  T 0   4.256e-02   0e+00  0.94  7.0e-02  6.0e-05  7.0e-02  2.4e-01
 189  T 0   4.253e-02   0e+00  0.94  7.7e-02  6.0e-05  7.7e-02  2.6e-01
 190  T 0   4.250e-02   0e+00  0.94  8.4e-02  6.0e-05  8.4e-02  2.8e-01
 191  T 0   4.247e-02   0e+00  0.94  9.3e-02  6.0e-05  8.4e-02  3.0e-01
 192  T 0   4.244e-02   0e+00  0.94  1.0e-01  6.0e-05  8.8e-02  2.9e-01
 193  T 0   4.240e-02   0e+00  0.94  1.0e-01  6.0e-05  8.4e-02  2.8e-01
 194  T 0   4.238e-02   0e+00  0.94  1.0e-01  6.0e-05  7.7e-02  2.6e-01
 195  T 0   4.235e-02   0e+00  0.94  1.0e-01  6.0e-05  8.4e-02  2.7e-01
 196  T 0   4.233e-02   0e+00  0.94  9.3e-02  6.0e-05  8.7e-02  2.8e-01
 197  T 0   4.230e-02   0e+00  0.94  1.0e-01  6.0e-05  9.6e-02  2.6e-01
 198  T 0   4.228e-02   0e+00  0.94  1.0e-01  6.0e-05  8.6e-02  2.3e-01
 199  T 0   4.225e-02   0e+00  0.94  9.4e-02  6.0e-05  7.3e-02  2.3e-01
 200  T 0   4.222e-02   0e+00  0.94  1.0e-01  6.0e-05  7.7e-02  2.3e-01
 201  T 0   4.219e-02   0e+00  0.94  8.4e-02  6.0e-05  8.4e-02  2.4e-01
 202  T 0   4.216e-02   0e+00  0.94  9.3e-02  6.0e-05  7.7e-02  2.5e-01
 203  T 0   4.213e-02   0e+00  0.94  1.0e-01  6.0e-05  8.4e-02  2.5e-01
 204  T 0   4.210e-02   0e+00  0.94  9.3e-02  6.0e-05  7.3e-02  2.6e-01
 205  T 0   4.207e-02   0e+00  0.94  1.0e-01  6.0e-05  8.0e-02  2.6e-01
 206  T 0   4.203e-02   0e+00  0.94  8.8e-02  6.0e-05  8.8e-02  2.9e-01
 207  T 0   4.200e-02   0e+00  0.94  9.7e-02  6.0e-05  8.4e-02  2.8e-01
 208  T 0   4.196e-02   0e+00  0.94  1.0e-01  6.0e-05  8.4e-02  2.8e-01
 209  T 0   4.193e-02   0e+00  0.94  1.0e-01  6.0e-05  8.4e-02  2.7e-01
 210  T 0   4.189e-02   0e+00  0.94  1.0e-01  6.0e-05  7.7e-02  2.5e-01
 211  T 0   4.186e-02   0e+00  0.94  8.4e-02  6.0e-05  8.4e-02  2.7e-01
 212  T 0   4.182e-02   0e+00  0.94  9.3e-02  6.0e-05  8.4e-02  2.9e-01
 213  T 0   4.178e-02   0e+00  0.94  1.0e-01  6.0e-05  8.4e-02  2.8e-01
 214  T 0   4.175e-02   0e+00  0.94  1.0e-01  6.0e-05  7.7e-02  2.8e-01
 215  T 0   4.171e-02   0e+00  0.94  1.0e-01  6.0e-05  8.4e-02  2.8e-01
 216  T 0   4.166e-02   0e+00  0.94  9.3e-02  6.0e-05  8.4e-02  3.0e-01
 217  T 0   4.162e-02   0e+00  0.94  1.0e-01  6.0e-05  7.7e-02  3.0e-01
 218  T 0   4.158e-02   0e+00  0.94  1.0e-01  6.0e-05  8.4e-02  3.0e-01
 219  T 0   4.154e-02   0e+00  0.94  9.3e-02  6.0e-05  8.8e-02  3.2e-01
 220  T 0   4.150e-02   0e+00  0.94  1.0e-01  6.0e-05  7.8e-02  3.0e-01
 221  T 0   4.146e-02   0e+00  0.94  1.0e-01  6.0e-05  8.6e-02  2.8e-01
 222  T 0   4.142e-02   0e+00  0.94  7.0e-02  6.0e-05  7.0e-02  2.9e-01
 223  T 0   4.137e-02   0e+00  0.94  7.7e-02  6.0e-05  7.7e-02  3.0e-01
 224  T 0   4.132e-02   0e+00  0.94  8.4e-02  5.9e-05  8.4e-02  3.3e-01
 225  T 0   4.128e-02   0e+00  0.95  9.3e-02  5.9e-05  8.9e-02  3.5e-01
 226  T 0   4.123e-02   0e+00  0.95  1.0e-01  5.9e-05  7.7e-02  3.6e-01
 227  T 0   4.117e-02   0e+00  0.95  1.0e-01  5.8e-05  8.4e-02  3.8e-01
 228  T 0   4.112e-02   0e+00  0.95  9.3e-02  5.8e-05  9.3e-02  4.1e-01
 229  T 0   4.106e-02   0e+00  0.95  1.0e-01  5.7e-05  8.4e-02  4.3e-01
 230  T 0   4.101e-02   0e+00  0.95  1.0e-01  5.7e-05  8.4e-02  4.5e-01
 231  T 0   4.095e-02   0e+00  0.95  1.0e-01  5.6e-05  8.4e-02  4.5e-01
 232  T 0   4.089e-02   0e+00  0.95  1.0e-01  5.5e-05  8.4e-02  4.4e-01
 233  T 0   4.083e-02   0e+00  0.95  1.0e-01  5.4e-05  8.4e-02  4.4e-01
 234  T 0   4.078e-02   0e+00  0.96  1.0e-01  5.2e-05  8.7e-02  4.4e-01
 235  T 0   4.072e-02   0e+00  0.96  1.0e-01  5.1e-05  7.7e-02  4.3e-01
 236  T 0   4.067e-02   0e+00  0.96  1.0e-01  4.9e-05  8.4e-02  4.4e-01
 237  T 0   4.061e-02   0e+00  0.96  9.3e-02  5.0e-05  8.4e-02  4.5e-01
 238  T 0   4.055e-02   0e+00  0.96  1.0e-01  5.2e-05  1.0e-01  4.6e-01
 239  T 0   4.049e-02   0e+00  0.96  1.0e-01  1.4e-04  8.4e-02  4.7e-01
 240  T 0   4.044e-02   0e+00  0.96  1.0e-01  1.5e-04  8.4e-02  4.8e-01
 241  T 0   4.038e-02   0e+00  0.96  1.0e-01  1.6e-04  8.4e-02  4.8e-01
 242  T 0   4.033e-02   0e+00  0.96  1.0e-01  1.6e-04  8.4e-02  4.9e-01
 243  T 0   4.027e-02   0e+00  0.96  1.0e-01  1.8e-04  8.4e-02  4.9e-01
 244  T 0   4.022e-02   0e+00  0.97  1.0e-01  2.0e-04  8.4e-02  4.9e-01
 245  T 0   4.017e-02   0e+00  0.97  1.0e-01  2.2e-04  8.4e-02  5.1e-01
 246  T 0   4.012e-02   0e+00  0.97  1.0e-01  2.2e-04  8.4e-02  5.2e-01
 247  T 0   4.007e-02   0e+00  0.97  1.0e-01  2.4e-04  1.0e-01  5.4e-01
 248  T 0   4.001e-02   0e+00  0.97  1.0e-01  2.4e-04  8.4e-02  5.3e-01
 249  T 0   3.996e-02   0e+00  0.97  1.0e-01  2.5e-04  8.4e-02  5.2e-01
 250  T 0   3.990e-02   0e+00  0.97  1.0e-01  2.6e-04  9.0e-02  5.1e-01
 251  T 0   3.985e-02   0e+00  0.97  1.0e-01  2.6e-04  9.9e-02  5.1e-01
 252  T 0   3.979e-02   0e+00  0.97  1.0e-01  2.9e-04  8.7e-02  5.0e-01
 253  T 0   3.973e-02   0e+00  0.97  1.0e-01  3.0e-04  8.4e-02  4.8e-01
 254  T 0   3.967e-02   0e+00  0.97  1.0e-01  3.0e-04  8.9e-02  4.6e-01
 255  T 0   3.962e-02   0e+00  0.97  1.0e-01  3.2e-04  9.7e-02  4.4e-01
 256  T 0   3.957e-02   0e+00  0.98  1.0e-01  3.3e-04  1.0e-01  4.0e-01
 257  T 0   3.953e-02   0e+00  0.98  1.0e-01  3.1e-04  1.0e-01  3.8e-01
 258  T 0   3.948e-02   0e+00  0.98  1.0e-01  3.0e-04  8.0e-02  3.4e-01
 259  T 0   3.944e-02   0e+00  0.98  1.0e-01  3.4e-04  8.4e-02  3.1e-01
 260  T 0   3.940e-02   0e+00  0.98  9.7e-02  3.4e-04  8.4e-02  3.1e-01
 261  T 0   3.935e-02   0e+00  0.98  1.0e-01  3.5e-04  8.0e-02  2.8e-01
 262  T 0   3.930e-02   0e+00  0.98  1.0e-01  3.6e-04  8.8e-02  2.8e-01
 263  T 0   3.925e-02   0e+00  0.98  9.7e-02  3.2e-04  8.0e-02  2.9e-01
 264  T 0   3.920e-02   0e+00  0.97  1.0e-01  3.0e-04  8.8e-02  3.0e-01
 265  T 0   3.915e-02   0e+00  0.98  9.7e-02  2.6e-04  8.4e-02  2.8e-01
 266  T 0   3.911e-02   0e+00  0.98  1.0e-01  2.3e-04  9.3e-02  3.0e-01
 267  T 0   3.906e-02   0e+00  0.98  8.0e-02  2.1e-04  8.0e-02  3.0e-01
 268  T 0   3.901e-02   0e+00  0.98  8.8e-02  2.2e-04  8.8e-02  3.1e-01
 269  T 0   3.898e-02   0e+00  0.98  9.7e-02  1.9e-04  7.7e-02  2.9e-01
 270  T 0   3.894e-02   0e+00  0.98  1.0e-01  1.7e-04  8.4e-02  2.9e-01
 271  T 0   3.891e-02   0e+00  0.98  9.3e-02  1.5e-04  8.8e-02  2.9e-01
 272  T 0   3.888e-02   0e+00  0.98  1.0e-01  1.2e-04  8.4e-02  2.6e-01
 273  T 0   3.884e-02   0e+00  0.98  1.0e-01  1.2e-04  8.8e-02  2.3e-01
 274  T 0   3.882e-02   0e+00  0.97  1.0e-01  9.5e-05  1.0e-01  2.0e-01
 275  T 0   3.879e-02   0e+00  0.97  1.0e-01  1.0e-04  6.0e-02  1.8e-01
 276  T 0   3.876e-02   0e+00  0.97  6.6e-02  9.3e-05  6.6e-02  1.7e-01
 277  T 0   3.874e-02   0e+00  0.97  7.3e-02  9.3e-05  7.3e-02  1.9e-01
 278  T 0   3.871e-02   0e+00  0.97  8.0e-02  9.3e-05  8.0e-02  1.9e-01
 279  T 0   3.868e-02   0e+00  0.97  8.8e-02  9.4e-05  8.8e-02  1.9e-01
 280  T 0   3.865e-02   0e+00  0.97  9.7e-02  9.5e-05  9.5e-02  2.0e-01
 281  T 0   3.862e-02   0e+00  0.97  1.0e-01  9.6e-05  7.0e-02  2.0e-01
 282  T 0   3.860e-02   0e+00  0.97  7.7e-02  9.6e-05  7.7e-02  2.1e-01
 283  T 0   3.857e-02   0e+00  0.97  8.4e-02  9.6e-05  8.4e-02  2.1e-01
 284  T 0   3.854e-02   0e+00  0.97  9.3e-02  9.6e-05  7.3e-02  2.0e-01
 285  T 0   3.851e-02   0e+00  0.97  1.0e-01  9.6e-05  7.7e-02  1.8e-01
 286  T 0   3.848e-02   0e+00  0.96  8.4e-02  9.6e-05  8.4e-02  1.8e-01
 287  T 0   3.845e-02   0e+00  0.96  9.3e-02  9.7e-05  7.3e-02  1.8e-01
 288  T 0   3.842e-02   0e+00  0.96  1.0e-01  9.7e-05  7.0e-02  1.8e-01
 289  T 0   3.838e-02   0e+00  0.96  7.7e-02  9.8e-05  7.7e-02  1.9e-01
 290  T 0   3.834e-02   0e+00  0.96  8.4e-02  9.7e-05  8.4e-02  2.1e-01
 291  T 0   3.831e-02   0e+00  0.96  9.3e-02  9.7e-05  8.4e-02  2.1e-01
 292  T 0   3.828e-02   0e+00  0.96  1.0e-01  9.7e-05  7.3e-02  1.9e-01
 293  T 0   3.825e-02   0e+00  0.96  1.0e-01  9.7e-05  7.9e-02  2.0e-01
 294  T 0   3.821e-02   0e+00  0.96  8.7e-02  9.7e-05  8.7e-02  2.1e-01
 295  T 0   3.819e-02   0e+00  0.96  9.6e-02  2.8e-04  7.0e-02  2.1e-01
 296  F 0   3.816e-02   0e+00  0.96  1.0e-01  9.8e-05  1.0e-01  2.3e-01
 297  T 0   3.813e-02   0e+00  0.96  8.4e-02  9.8e-05  8.4e-02  2.2e-01
 298  T 0   3.809e-02   0e+00  0.96  9.3e-02  1.0e-04  8.9e-02  2.3e-01
 299  T 0   3.806e-02   0e+00  0.95  1.0e-01  2.0e-04  7.0e-02  2.0e-01
 300  T 0   3.803e-02   0e+00  0.95  7.7e-02  1.0e-04  7.7e-02  2.1e-01
 301  T 0   3.800e-02   0e+00  0.95  8.4e-02  1.0e-04  8.4e-02  2.3e-01
 302  T 0   3.797e-02   0e+00  0.95  9.3e-02  1.1e-04  7.3e-02  2.3e-01
 303  F 0   3.793e-02   0e+00  0.95  1.0e-01  1.0e-04  7.2e-02  2.2e-01
 304  T 0   3.789e-02   0e+00  0.95  7.9e-02  1.0e-04  7.9e-02  2.2e-01
 305  T 0   3.785e-02   0e+00  0.95  7.9e-02  1.0e-04  7.1e-02  2.3e-01
 306  T 0   3.781e-02   0e+00  0.96  8.7e-02  1.1e-04  8.7e-02  2.6e-01
 307  T 0   3.780e-02   0e+00  0.96  9.6e-02  2.1e-03  9.6e-02  2.8e-01
 308  F 0   3.775e-02   0e+00  0.96  9.4e-02  1.1e-04  9.4e-02  2.7e-01
 309  T 0   3.770e-02   0e+00  0.96  1.0e-01  1.1e-04  7.7e-02  2.7e-01
 310  T 0   3.766e-02   0e+00  0.96  8.4e-02  1.1e-04  8.4e-02  2.9e-01
 311  T 0   3.762e-02   0e+00  0.96  9.3e-02  1.3e-04  9.1e-02  3.1e-01
 312  T 0   3.759e-02   0e+00  0.96  1.0e-01  1.1e-04  8.4e-02  3.1e-01
 313  T 0   3.756e-02   0e+00  0.96  1.0e-01  1.0e-04  1.0e-01  3.1e-01
 314  T 0   3.754e-02   2e-06  0.96  1.0e-01  1.0e-04  7.7e-02  2.5e-01
 315  F 0   3.752e-02   0e+00  0.96  1.0e-01  1.0e-04  1.0e-01  2.7e-01
 316  T 0   3.750e-02   0e+00  0.96  6.7e-02  1.1e-04  6.7e-02  2.5e-01
 317  T 0   3.748e-02   9e-06  0.96  7.3e-02  1.0e-04  7.3e-02  2.6e-01
 318  T 0   3.746e-02   0e+00  0.97  8.1e-02  1.0e-04  8.1e-02  2.7e-01
 319  T 0   3.745e-02   0e+00  0.97  8.9e-02  9.1e-05  8.9e-02  2.8e-01
 320  T 0   3.744e-02   8e-06  0.97  9.7e-02  1.1e-04  8.4e-02  2.8e-01
 321  T 0   3.742e-02   0e+00  0.97  1.0e-01  9.8e-05  8.9e-02  3.0e-01
 322  T 0   3.741e-02   0e+00  0.97  1.0e-01  1.0e-04  9.0e-02  2.5e-01
 323  T 0   3.741e-02   9e-10  0.97  9.9e-02  9.2e-05  7.9e-02  2.3e-01
 324  T 0   3.740e-02   0e+00  0.97  1.0e-01  8.1e-05  5.6e-02  1.9e-01
 325  T 0   3.739e-02   0e+00  0.97  6.2e-02  1.0e-04  6.2e-02  1.8e-01
 326  T 0   3.738e-02   0e+00  0.97  6.8e-02  8.5e-05  6.8e-02  1.8e-01
 327  T 0   3.737e-02   1e-05  0.97  7.5e-02  8.1e-05  6.8e-02  1.6e-01
 328  T 0   3.736e-02   0e+00  0.97  8.2e-02  8.2e-05  7.5e-02  1.7e-01
 329  T 0   3.735e-02   0e+00  0.98  7.3e-02  8.4e-05  7.3e-02  1.6e-01
 330  T 0   3.734e-02   5e-06  0.98  8.1e-02  8.4e-05  8.1e-02  1.7e-01
 331  T 0   3.733e-02   8e-06  0.98  8.9e-02  8.4e-05  8.9e-02  1.9e-01
 332  T 0   3.732e-02   7e-06  0.98  9.8e-02  8.4e-05  9.8e-02  2.0e-01
 333  T 0   3.731e-02   2e-05  0.98  1.0e-01  8.4e-05  8.4e-02  1.8e-01
 334  T 0   3.729e-02   0e+00  0.98  1.0e-01  8.3e-05  8.4e-02  1.6e-01
 335  T 0   3.728e-02   0e+00  0.98  1.0e-01  8.3e-05  7.3e-02  1.5e-01
 336  T 0   3.726e-02   2e-06  0.98  1.0e-01  8.3e-05  7.0e-02  1.4e-01
 337  T 0   3.725e-02   1e-05  0.98  7.7e-02  8.3e-05  7.7e-02  1.4e-01
 338  T 0   3.723e-02   2e-05  0.98  8.4e-02  8.3e-05  8.4e-02  1.6e-01
 339  T 0   3.721e-02   1e-05  0.98  9.3e-02  8.4e-05  7.3e-02  1.6e-01
 340  T 0   3.719e-02   4e-06  0.98  1.0e-01  8.3e-05  7.3e-02  1.6e-01
 341  T 0   3.717e-02   4e-05  0.98  8.0e-02  8.3e-05  8.0e-02  1.7e-01
 342  T 0   3.715e-02   8e-06  0.98  8.8e-02  8.3e-05  8.8e-02  1.9e-01
 343  T 0   3.713e-02   0e+00  0.98  9.7e-02  8.2e-05  7.0e-02  1.8e-01
 344  T 0   3.711e-02   3e-05  0.98  1.0e-01  8.1e-05  7.7e-02  1.9e-01
 345  T 0   3.709e-02   2e-06  0.98  8.4e-02  8.1e-05  8.4e-02  2.0e-01
 346  T 0   3.707e-02   5e-05  0.98  9.3e-02  8.1e-05  7.8e-02  2.3e-01
 347  T 0   3.705e-02   0e+00  0.98  1.0e-01  8.0e-05  7.0e-02  2.3e-01
 348  T 0   3.703e-02   1e-05  0.98  5.8e-02  7.9e-05  5.8e-02  2.3e-01
 349  T 0   3.702e-02   4e-06  0.98  6.3e-02  7.8e-05  6.3e-02  2.5e-01
 350  T 0   3.700e-02   0e+00  0.98  7.0e-02  8.0e-05  7.0e-02  2.6e-01
 351  T 0   3.698e-02   2e-06  0.98  7.7e-02  8.1e-05  7.7e-02  2.6e-01
 352  T 0   3.697e-02   9e-06  0.98  8.4e-02  8.2e-05  8.4e-02  2.7e-01
 353  T 0   3.695e-02   0e+00  0.98  9.3e-02  8.3e-05  8.4e-02  2.9e-01
 354  T 0   3.693e-02   0e+00  0.98  1.0e-01  8.2e-05  8.4e-02  2.8e-01
 355  T 0   3.692e-02   3e-05  0.98  1.0e-01  8.2e-05  9.0e-02  2.7e-01
 356  T 0   3.690e-02   2e-05  0.98  1.0e-01  8.2e-05  8.4e-02  2.6e-01
 357  T 0   3.689e-02   2e-05  0.98  1.0e-01  8.2e-05  8.4e-02  2.5e-01
 358  T 0   3.688e-02   1e-06  0.98  1.0e-01  8.2e-05  8.4e-02  2.5e-01
 359  T 0   3.686e-02   0e+00  0.98  1.0e-01  8.3e-05  9.0e-02  2.4e-01
 360  T 0   3.685e-02   3e-06  0.98  1.0e-01  8.3e-05  8.4e-02  2.0e-01
 361  T 0   3.684e-02   0e+00  0.98  1.0e-01  1.0e-04  8.4e-02  2.1e-01
 362  T 0   3.683e-02   0e+00  0.98  1.0e-01  3.8e-05  8.4e-02  2.0e-01
 363  T 0   3.682e-02   3e-06  0.98  1.0e-01  1.9e-05  7.3e-02  1.8e-01
 364  F 0   3.682e-02   3e-05  0.98  1.0e-01  3.8e-05  1.0e-01  1.9e-01
 365  T 0   3.681e-02   0e+00  0.98  6.3e-02  3.8e-05  6.3e-02  1.8e-01
 366  T 0   3.681e-02   0e+00  0.98  7.0e-02  3.8e-05  7.0e-02  1.9e-01
 367  T 0   3.680e-02   0e+00  0.98  7.7e-02  1.7e-05  7.7e-02  2.1e-01
 368  T 0   3.679e-02   4e-06  0.98  8.4e-02  1.7e-05  8.4e-02  2.2e-01
 369  T 0   3.678e-02   2e-06  0.98  9.3e-02  1.8e-05  7.7e-02  2.4e-01
 370  T 0   3.677e-02   1e-05  0.98  1.0e-01  1.8e-05  8.4e-02  2.4e-01
 371  T 0   3.677e-02   2e-06  0.98  9.3e-02  1.8e-05  8.4e-02  2.4e-01
 372  T 0   3.676e-02   3e-06  0.98  1.0e-01  1.8e-05  8.4e-02  2.3e-01
 373  T 0   3.676e-02   7e-06  0.98  1.0e-01  1.8e-05  8.4e-02  2.0e-01
 374  T 0   3.675e-02   0e+00  0.98  1.0e-01  1.9e-05  8.4e-02  1.8e-01
 375  T 0   3.675e-02   4e-06  0.98  1.0e-01  1.8e-05  7.3e-02  1.7e-01
 376  T 0   3.674e-02   7e-06  0.98  1.0e-01  1.8e-05  7.0e-02  1.5e-01
 377  T 0   3.674e-02   9e-06  0.98  7.7e-02  1.8e-05  7.7e-02  1.6e-01
 378  T 0   3.674e-02   0e+00  0.98  8.4e-02  1.8e-05  8.4e-02  1.7e-01
 379  T 0   3.673e-02   8e-06  0.98  9.3e-02  1.8e-05  7.3e-02  1.6e-01
 380  T 0   3.673e-02   2e-05  0.98  1.0e-01  1.8e-05  7.7e-02  1.5e-01
 381  T 0   3.673e-02   0e+00  0.98  8.4e-02  1.8e-05  8.4e-02  1.6e-01
 382  T 0   3.672e-02   3e-05  0.98  9.3e-02  1.8e-05  8.3e-02  1.4e-01
 383  T 0   3.672e-02   7e-06  0.98  1.0e-01  1.8e-05  4.3e-02  9.0e-02
Termination on Convergence criteria
Total number of system evaluations: 384
