   k  l     Obj        Vio     Bou   ML       |KKT|    |dX|     ||dX||   T_s      T_o      T_t
   0  T 0   3.084e+00   0e+00  0.00  1.0e-01  3.3e+03  1.0e+00  1.0e+00  5.7e-01  0.0e+00  0.0e+00
   1  F 0   3.084e+00   0e+00  0.00  1.0e-01  3.3e+03  0.0e+00  0.0e+00  2.7e-01  6.1e-03  2.8e-01
   1  F 1   3.084e+00   0e+00  0.00  1.0e-01  3.3e+03  0.0e+00  0.0e+00  2.3e-01  2.2e-03  2.4e-01
   1  F 2   3.084e+00   0e+00  0.00  1.0e-01  3.3e+03  0.0e+00  0.0e+00  2.0e-01  2.3e-03  2.0e-01
   1  F 3   3.084e+00   0e+00  0.00  1.0e-01  3.3e+03  0.0e+00  0.0e+00  2.0e-01  2.3e-03  2.0e-01
   1  F 4   3.084e+00   0e+00  0.00  1.0e-01  3.3e+03  0.0e+00  0.0e+00  2.3e-01  2.3e-03  2.3e-01
   1  F 5   3.084e+00   0e+00  0.00  1.0e-01  3.3e+03  0.0e+00  0.0e+00  2.0e-01  2.3e-03  2.1e-01
   1  F 6   3.084e+00   0e+00  0.00  1.0e-01  3.3e+03  0.0e+00  0.0e+00  2.1e-01  2.2e-03  2.1e-01
   1  T 7   1.641e+00   0e+00  0.00  1.0e-01  2.2e-01  3.5e-01  1.5e+00  2.1e-01  2.2e-03  2.1e-01
   2  F 0   1.641e+00   0e+00  0.00  1.0e-01  2.2e-01  0.0e+00  0.0e+00  2.1e-01  2.0e-03  2.1e-01
   2  F 1   1.641e+00   0e+00  0.00  1.0e-01  2.2e-01  0.0e+00  0.0e+00  2.1e-01  1.5e-03  2.1e-01
   2  F 2   1.641e+00   0e+00  0.00  1.0e-01  2.2e-01  0.0e+00  0.0e+00  2.0e-01  1.5e-03  2.1e-01
   2  T 3   9.114e-01   0e+00  0.02  1.0e-01  3.0e-03  3.4e-01  8.4e+00  2.0e-01  1.6e-03  2.0e-01
   3  T 0   5.433e-01   0e+00  0.09  1.0e-01  2.0e-03  3.8e-01  1.4e+01  2.1e-01  2.1e-03  2.1e-01
   4  T 0   3.494e-01   0e+00  0.47  1.0e-01  8.5e-04  4.4e-01  1.1e+01  2.0e-01  2.1e-03  2.0e-01
   5  T 0   2.654e-01   0e+00  0.55  1.0e-01  7.6e-04  3.9e-01  7.2e+00  2.1e-01  2.0e-03  2.1e-01
   6  T 0   1.973e-01   0e+00  0.54  1.0e-01  7.2e-04  3.9e-01  6.3e+00  2.0e-01  2.0e-03  2.0e-01
   7  T 0   1.330e-01   0e+00  0.67  1.0e-01  4.6e-04  3.9e-01  5.9e+00  2.0e-01  2.0e-03  2.0e-01
   8  T 0   1.059e-01   0e+00  0.78  1.0e-01  5.3e-04  3.5e-01  4.3e+00  2.1e-01  2.0e-03  2.1e-01
   9  T 0   9.349e-02   0e+00  0.82  1.0e-01  4.2e-04  3.4e-01  3.0e+00  2.0e-01  2.0e-03  2.0e-01
  10  T 0   8.302e-02   0e+00  0.82  1.0e-01  5.4e-04  3.4e-01  2.9e+00  2.7e-01  2.2e-03  2.7e-01
  11  T 0   7.276e-02   0e+00  0.85  1.0e-01  3.6e-04  3.2e-01  2.7e+00  2.2e-01  2.1e-03  2.3e-01
  12  T 0   6.468e-02   0e+00  0.87  1.0e-01  5.5e-04  3.7e-01  2.7e+00  2.0e-01  2.0e-03  2.0e-01
  13  T 0   6.017e-02   0e+00  0.90  1.0e-01  3.3e-04  2.9e-01  2.0e+00  2.0e-01  2.1e-03  2.0e-01
  14  T 0   5.745e-02   0e+00  0.90  1.0e-01  4.3e-04  3.4e-01  1.7e+00  2.0e-01  2.1e-03  2.0e-01
  15  T 0   5.535e-02   0e+00  0.91  1.0e-01  3.3e-04  2.9e-01  1.5e+00  2.0e-01  2.0e-03  2.0e-01
  16  T 0   5.336e-02   0e+00  0.92  1.0e-01  3.6e-04  2.6e-01  1.5e+00  2.0e-01  2.0e-03  2.0e-01
  17  T 0   5.173e-02   0e+00  0.93  1.0e-01  3.0e-04  2.8e-01  1.3e+00  2.0e-01  2.1e-03  2.0e-01
  18  T 0   5.052e-02   0e+00  0.94  1.0e-01  3.0e-04  2.4e-01  1.2e+00  2.4e-01  2.0e-03  2.4e-01
  19  T 0   4.978e-02   0e+00  0.94  1.0e-01  2.3e-04  2.2e-01  8.1e-01  2.0e-01  3.4e-03  2.0e-01
  20  T 0   4.943e-02   0e+00  0.95  1.0e-01  1.9e-04  1.1e-01  4.5e-01  1.6e-01  3.8e-03  1.6e-01
  21  T 0   4.920e-02   0e+00  0.95  1.0e-01  1.7e-04  1.2e-01  4.1e-01  1.4e-01  2.1e-03  1.5e-01
  22  T 0   4.897e-02   0e+00  0.95  1.0e-01  1.6e-04  1.5e-01  4.3e-01  1.5e-01  1.9e-03  1.5e-01
  23  T 0   4.874e-02   0e+00  0.95  1.0e-01  1.6e-04  1.5e-01  4.5e-01  1.5e-01  1.8e-03  1.5e-01
  24  T 0   4.851e-02   0e+00  0.96  1.0e-01  1.4e-04  1.3e-01  4.8e-01  1.5e-01  1.9e-03  1.5e-01
  25  T 0   4.831e-02   0e+00  0.96  1.0e-01  1.5e-04  1.5e-01  4.9e-01  1.5e-01  1.7e-03  1.5e-01
  26  T 0   4.815e-02   0e+00  0.96  1.0e-01  1.4e-04  1.7e-01  4.7e-01  1.5e-01  1.9e-03  1.5e-01
  27  T 0   4.799e-02   0e+00  0.97  1.0e-01  1.3e-04  1.9e-01  5.1e-01  1.8e-01  1.8e-03  1.9e-01
  28  T 0   4.785e-02   0e+00  0.97  1.0e-01  1.3e-04  2.0e-01  4.9e-01  1.4e-01  1.5e-03  1.4e-01
  29  T 0   4.771e-02   0e+00  0.97  1.0e-01  1.3e-04  1.8e-01  4.8e-01  1.5e-01  1.9e-03  1.5e-01
  30  T 0   4.758e-02   0e+00  0.98  1.0e-01  1.2e-04  2.2e-01  4.8e-01  1.7e-01  2.0e-03  1.7e-01
  31  T 0   4.747e-02   0e+00  0.98  1.0e-01  1.4e-04  1.7e-01  5.1e-01  1.5e-01  1.9e-03  1.5e-01
  32  F 0   4.747e-02   0e+00  0.98  1.0e-01  1.4e-04  0.0e+00  0.0e+00  1.5e-01  2.2e-03  1.5e-01
  32  T 1   4.741e-02   0e+00  0.98  1.0e-01  1.3e-04  1.4e-01  3.4e-01  1.5e-01  1.8e-03  1.5e-01
  33  F 0   4.741e-02   0e+00  0.98  1.0e-01  1.3e-04  0.0e+00  0.0e+00  1.5e-01  2.0e-03  1.5e-01
  33  F 1   4.741e-02   0e+00  0.98  1.0e-01  1.3e-04  0.0e+00  0.0e+00  1.5e-01  1.5e-03  1.5e-01
  33  T 2   4.735e-02   0e+00  0.98  1.0e-01  1.5e-04  1.9e-01  3.8e-01  1.6e-01  1.5e-03  1.6e-01
  34  F 0   4.735e-02   0e+00  0.98  1.0e-01  1.5e-04  0.0e+00  0.0e+00  1.7e-01  2.0e-03  1.7e-01
  34  T 1   4.730e-02   0e+00  0.98  1.0e-01  1.0e-04  1.5e-01  3.4e-01  1.7e-01  1.6e-03  1.7e-01
  35  T 0   4.726e-02   0e+00  0.99  1.0e-01  1.2e-04  1.7e-01  3.6e-01  1.5e-01  1.8e-03  1.6e-01
  36  T 0   4.723e-02   0e+00  0.99  1.0e-01  6.1e-05  1.3e-01  2.7e-01  1.5e-01  1.9e-03  1.6e-01
  37  T 0   4.721e-02   0e+00  0.99  1.0e-01  4.5e-05  1.7e-01  2.9e-01  1.5e-01  1.9e-03  1.6e-01
  38  T 0   4.719e-02   0e+00  0.99  1.0e-01  4.6e-05  9.2e-02  1.8e-01  1.6e-01  1.6e-03  1.6e-01
  39  T 0   4.719e-02   0e+00  0.99  1.0e-01  4.5e-05  6.6e-02  1.3e-01  1.5e-01  1.8e-03  1.5e-01
  40  T 0   4.719e-02   0e+00  0.99  1.0e-01  4.2e-05  8.0e-02  1.1e-01  1.5e-01  1.7e-03  1.5e-01
  41  T 0   4.718e-02   0e+00  0.99  1.0e-01  4.1e-05  6.4e-02  1.1e-01  1.5e-01  1.9e-03  1.5e-01
  42  T 0   4.718e-02   0e+00  0.99  1.0e-01  3.9e-05  4.4e-02  8.3e-02  1.5e-01  1.6e-03  1.5e-01
Termination on Convergence criteria
Total number of system evaluations: 57
