   k  l     Obj         Vio    Bou   ML       |KKT|    |dX|     ||dX||   T_s      T_o      T_t
   0  T 0   9.457e+07  -9e+00  1.00  1.0e-01  0.0e+00  1.0e+00  1.0e+00  4.9e-01  0.0e+00  0.0e+00
   1  T 0   8.219e+07  -8e+00  0.12  1.0e-01  6.7e-04  1.0e-01  5.6e+00  2.2e-01  3.6e-03  2.2e-01
   2  T 0   7.133e+07  -7e+00  0.14  1.0e-01  6.7e-04  1.0e-01  5.6e+00  2.0e-01  1.2e-03  2.0e-01
   3  T 0   6.197e+07  -6e+00  0.11  1.0e-01  6.8e-04  1.0e-01  5.7e+00  2.6e-01  1.2e-03  2.6e-01
   4  T 0   5.414e+07  -6e+00  0.13  1.0e-01  7.0e-04  1.0e-01  5.7e+00  2.4e-01  1.4e-03  2.5e-01
   5  T 0   4.739e+07  -5e+00  0.09  1.0e-01  7.3e-04  1.0e-01  5.7e+00  2.5e-01  1.2e-03  2.5e-01
   6  T 0   4.082e+07  -4e+00  0.12  1.0e-01  1.1e-03  1.0e-01  5.7e+00  2.0e-01  1.2e-03  2.1e-01
   7  T 0   3.328e+07  -4e+00  0.10  1.0e-01  6.9e-04  1.0e-01  5.7e+00  2.1e-01  1.2e-03  2.1e-01
   8  T 0   2.577e+07  -3e+00  0.14  1.0e-01  7.3e-04  1.0e-01  5.7e+00  2.0e-01  1.2e-03  2.1e-01
   9  T 0   1.979e+07  -2e+00  0.13  1.0e-01  1.4e-03  1.0e-01  5.6e+00  2.0e-01  1.2e-03  2.1e-01
  10  T 0   1.283e+07  -2e+00  0.53  1.0e-01  5.1e-04  1.0e-01  5.2e+00  2.2e-01  1.2e-03  2.2e-01
  11  T 0   9.869e+06  -2e+00  0.51  1.0e-01  9.6e-04  1.0e-01  4.2e+00  2.2e-01  1.2e-03  2.2e-01
  12  T 0   7.636e+06  -1e+00  0.71  1.0e-01  7.1e-04  1.0e-01  3.5e+00  2.3e-01  1.2e-03  2.3e-01
  13  T 0   6.247e+06  -1e+00  0.76  1.0e-01  2.5e-03  1.0e-01  3.2e+00  2.0e-01  1.2e-03  2.0e-01
  14  T 0   5.217e+06  -8e-01  0.82  1.0e-01  6.0e-04  1.0e-01  2.9e+00  2.1e-01  1.2e-03  2.1e-01
  15  T 0   4.603e+06  -6e-01  0.83  1.0e-01  8.1e-04  1.0e-01  2.5e+00  2.1e-01  1.2e-03  2.1e-01
  16  T 0   4.026e+06  -4e-01  0.88  1.0e-01  1.2e-03  1.0e-01  2.5e+00  2.0e-01  1.3e-03  2.0e-01
  17  T 0   3.744e+06  -3e-01  0.88  1.0e-01  4.4e-03  1.0e-01  2.1e+00  2.0e-01  1.2e-03  2.0e-01
  18  T 0   3.401e+06  -2e-01  0.90  1.0e-01  1.5e-03  1.0e-01  2.1e+00  2.1e-01  1.2e-03  2.1e-01
  19  T 0   3.150e+06  -2e-01  0.91  1.0e-01  4.3e-04  1.0e-01  1.9e+00  2.0e-01  1.2e-03  2.1e-01
  20  T 0   3.025e+06  -1e-01  0.92  1.0e-01  8.5e-03  1.0e-01  1.9e+00  2.1e-01  1.2e-03  2.1e-01
  21  T 0   2.996e+06  -6e-02  0.93  1.0e-01  6.4e-04  1.0e-01  1.9e+00  2.5e-01  1.2e-03  2.5e-01
  22  T 0   2.895e+06  -6e-02  0.93  1.0e-01  1.0e-02  1.0e-01  1.7e+00  2.1e-01  1.2e-03  2.1e-01
  23  T 0   2.873e+06  -2e-02  0.93  1.0e-01  6.7e-04  1.0e-01  1.8e+00  2.1e-01  1.2e-03  2.1e-01
  24  T 0   2.755e+06  -4e-02  0.94  1.0e-01  9.3e-04  1.0e-01  1.7e+00  2.4e-01  1.2e-03  2.4e-01
  25  F 0   2.755e+06  -4e-02  0.94  7.0e-02  9.3e-04  0.0e+00  0.0e+00  2.3e-01  1.2e-03  2.3e-01
  25  T 1   2.718e+06  -2e-02  0.91  8.4e-02  1.1e-03  7.0e-02  1.2e+00  2.2e-01  9.7e-04  2.2e-01
  26  T 0   2.683e+06  -1e-02  0.95  1.0e-01  2.6e-04  8.4e-02  1.3e+00  2.0e-01  1.2e-03  2.0e-01
  27  F 0   2.683e+06  -1e-02  0.95  7.0e-02  2.6e-04  0.0e+00  0.0e+00  2.0e-01  2.7e-03  2.1e-01
  27  T 1   2.657e+06   2e-05  0.93  8.4e-02  5.9e-04  7.0e-02  1.1e+00  2.0e-01  1.9e-03  2.1e-01
  28  F 0   2.657e+06   2e-05  0.93  5.9e-02  5.9e-04  0.0e+00  0.0e+00  2.0e-01  2.5e-03  2.1e-01
  28  T 1   2.628e+06  -6e-06  0.93  7.1e-02  1.8e-04  5.9e-02  9.6e-01  2.0e-01  3.1e-03  2.1e-01
  29  F 0   2.628e+06  -6e-06  0.93  4.9e-02  1.8e-04  0.0e+00  0.0e+00  2.2e-01  4.3e-03  2.2e-01
  29  T 1   2.612e+06  -3e-06  0.94  5.9e-02  3.2e-04  4.9e-02  7.3e-01  2.0e-01  3.3e-03  2.1e-01
  30  T 0   2.597e+06   2e-05  0.95  7.1e-02  1.8e-03  5.9e-02  8.5e-01  2.1e-01  2.2e-03  2.1e-01
  31  T 0   2.594e+06  -1e-06  0.95  8.5e-02  3.3e-04  7.1e-02  9.5e-01  2.1e-01  3.9e-03  2.1e-01
  32  F 0   2.594e+06  -1e-06  0.95  6.0e-02  3.3e-04  0.0e+00  0.0e+00  2.0e-01  3.1e-03  2.1e-01
  32  T 1   2.581e+06   2e-05  0.94  7.2e-02  3.5e-04  6.0e-02  8.5e-01  2.0e-01  2.3e-03  2.1e-01
  33  T 0   2.576e+06  -1e-05  0.95  8.6e-02  1.2e-03  7.2e-02  9.9e-01  2.0e-01  3.3e-03  2.1e-01
  34  F 0   2.576e+06  -1e-05  0.95  6.0e-02  1.2e-03  0.0e+00  0.0e+00  2.6e-01  3.3e-03  2.6e-01
  34  T 1   2.558e+06  -9e-08  0.94  7.2e-02  2.0e-04  6.0e-02  8.7e-01  2.2e-01  2.2e-03  2.3e-01
  35  F 0   2.558e+06  -9e-08  0.94  5.1e-02  2.0e-04  0.0e+00  0.0e+00  2.3e-01  2.5e-03  2.3e-01
  35  T 1   2.546e+06  -5e-05  0.95  6.1e-02  5.1e-04  5.1e-02  7.1e-01  2.1e-01  2.5e-03  2.1e-01
  36  F 0   2.546e+06  -5e-05  0.95  4.2e-02  5.1e-04  0.0e+00  0.0e+00  2.2e-01  2.3e-03  2.2e-01
  36  T 1   2.537e+06   1e-05  0.95  5.1e-02  5.0e-04  4.2e-02  5.6e-01  2.0e-01  1.9e-03  2.1e-01
  37  T 0   2.514e+06  -3e-05  0.96  6.1e-02  7.3e-04  5.1e-02  6.5e-01  2.0e-01  2.3e-03  2.1e-01
  38  T 0   2.503e+06  -1e-06  0.97  7.3e-02  4.5e-04  6.1e-02  6.9e-01  2.0e-01  2.1e-03  2.1e-01
  39  T 0   2.496e+06  -9e-06  0.97  8.8e-02  9.5e-04  7.3e-02  7.8e-01  2.0e-01  2.5e-03  2.1e-01
  40  F 0   2.496e+06  -9e-06  0.97  6.2e-02  9.5e-04  0.0e+00  0.0e+00  2.0e-01  1.4e-03  2.1e-01
  40  T 1   2.495e+06   7e-08  0.96  7.4e-02  2.0e-04  6.2e-02  7.2e-01  2.1e-01  1.9e-03  2.1e-01
  41  F 0   2.495e+06   7e-08  0.96  5.2e-02  2.0e-04  0.0e+00  0.0e+00  2.1e-01  2.3e-03  2.1e-01
  41  T 1   2.485e+06   9e-07  0.96  6.2e-02  4.9e-04  5.2e-02  6.1e-01  2.1e-01  2.1e-03  2.1e-01
  42  F 0   2.485e+06   9e-07  0.96  4.4e-02  4.9e-04  0.0e+00  0.0e+00  2.1e-01  2.4e-03  2.1e-01
  42  T 1   2.482e+06  -8e-14  0.97  5.2e-02  1.3e-04  4.4e-02  4.8e-01  2.1e-01  2.5e-03  2.1e-01
  43  T 0   2.480e+06  -3e-06  0.97  6.3e-02  1.5e-04  5.2e-02  5.6e-01  2.1e-01  1.6e-03  2.1e-01
  44  F 0   2.480e+06  -3e-06  0.97  4.4e-02  1.5e-04  0.0e+00  0.0e+00  2.1e-01  3.2e-03  2.1e-01
  44  T 1   2.478e+06  -9e-07  0.97  5.3e-02  1.5e-04  4.4e-02  4.8e-01  2.1e-01  2.5e-03  2.1e-01
  45  T 0   2.476e+06  -2e-06  0.97  6.3e-02  1.6e-04  5.3e-02  5.5e-01  2.1e-01  2.2e-03  2.1e-01
  46  F 0   2.476e+06  -2e-06  0.97  4.4e-02  1.6e-04  0.0e+00  0.0e+00  2.0e-01  2.0e-03  2.1e-01
  46  T 1   2.474e+06   5e-06  0.97  5.3e-02  1.2e-04  4.4e-02  4.6e-01  2.1e-01  1.3e-03  2.1e-01
  47  T 0   2.471e+06  -6e-06  0.98  6.4e-02  1.4e-04  5.3e-02  5.3e-01  2.0e-01  2.1e-03  2.1e-01
  48  F 0   2.471e+06  -6e-06  0.98  4.5e-02  1.4e-04  0.0e+00  0.0e+00  2.0e-01  3.2e-03  2.1e-01
  48  F 1   2.471e+06  -6e-06  0.98  3.1e-02  1.4e-04  0.0e+00  0.0e+00  2.1e-01  2.5e-03  2.1e-01
  48  T 2   2.468e+06   2e-05  0.97  3.7e-02  9.0e-05  3.1e-02  3.2e-01  2.1e-01  1.9e-03  2.1e-01
  49  T 0   2.461e+06  -2e-05  0.98  4.5e-02  5.6e-05  3.7e-02  3.6e-01  2.0e-01  2.3e-03  2.1e-01
  50  T 0   2.458e+06   3e-06  0.98  5.4e-02  4.0e-05  4.5e-02  3.7e-01  2.0e-01  3.4e-03  2.1e-01
  51  T 0   2.456e+06  -1e-05  0.98  6.5e-02  3.8e-05  5.4e-02  4.3e-01  2.0e-01  2.4e-03  2.1e-01
  52  T 0   2.453e+06  -6e-07  0.98  7.8e-02  4.9e-05  6.5e-02  5.2e-01  2.2e-01  4.2e-03  2.2e-01
  53  F 0   2.453e+06  -6e-07  0.98  5.4e-02  4.9e-05  0.0e+00  0.0e+00  2.1e-01  2.5e-03  2.1e-01
  53  T 1   2.452e+06  -7e-05  0.98  6.5e-02  5.5e-05  5.4e-02  4.4e-01  2.1e-01  2.1e-03  2.1e-01
  54  T 0   2.450e+06  -1e-05  0.98  7.8e-02  6.2e-05  6.5e-02  5.3e-01  2.2e-01  2.4e-03  2.2e-01
  55  F 0   2.450e+06  -1e-05  0.98  5.5e-02  6.2e-05  0.0e+00  0.0e+00  2.1e-01  1.7e-03  2.1e-01
  55  T 1   2.450e+06  -4e-06  0.98  6.6e-02  5.6e-05  5.5e-02  4.4e-01  2.0e-01  3.5e-03  2.1e-01
  56  T 0   2.449e+06   4e-13  0.99  7.9e-02  6.6e-05  6.6e-02  5.1e-01  2.0e-01  2.9e-03  2.0e-01
  57  F 0   2.449e+06   4e-13  0.99  5.5e-02  6.6e-05  0.0e+00  0.0e+00  2.0e-01  2.5e-03  2.1e-01
  57  T 1   2.448e+06  -1e-05  0.98  6.6e-02  5.4e-05  5.5e-02  4.2e-01  2.0e-01  1.9e-03  2.0e-01
  58  T 0   2.448e+06  -4e-06  0.98  8.0e-02  6.8e-05  6.6e-02  5.2e-01  2.0e-01  4.5e-03  2.0e-01
  59  F 0   2.448e+06  -4e-06  0.98  5.6e-02  6.8e-05  0.0e+00  0.0e+00  2.0e-01  2.8e-03  2.1e-01
  59  T 1   2.448e+06  -1e-06  0.98  6.7e-02  4.8e-05  5.6e-02  4.5e-01  2.0e-01  1.8e-03  2.1e-01
  60  F 0   2.448e+06  -1e-06  0.98  4.7e-02  4.8e-05  0.0e+00  0.0e+00  2.0e-01  2.7e-03  2.1e-01
  60  T 1   2.447e+06  -4e-14  0.98  5.6e-02  5.4e-05  4.7e-02  3.8e-01  2.0e-01  2.1e-03  2.1e-01
  61  F 0   2.447e+06  -4e-14  0.98  3.9e-02  5.4e-05  0.0e+00  0.0e+00  2.0e-01  2.1e-03  2.1e-01
  61  T 1   2.446e+06   8e-13  0.98  4.7e-02  3.2e-05  3.9e-02  3.0e-01  2.0e-01  2.3e-03  2.0e-01
  62  T 0   2.445e+06   2e-05  0.98  5.7e-02  4.1e-05  4.7e-02  3.7e-01  2.0e-01  2.3e-03  2.0e-01
  63  F 0   2.445e+06   2e-05  0.98  4.0e-02  4.1e-05  0.0e+00  0.0e+00  2.0e-01  2.6e-03  2.1e-01
  63  T 1   2.445e+06  -6e-06  0.99  4.8e-02  2.9e-05  4.0e-02  2.9e-01  2.0e-01  1.5e-03  2.1e-01
  64  T 0   2.445e+06   1e-06  0.99  5.7e-02  3.1e-05  4.8e-02  3.4e-01  2.0e-01  2.9e-03  2.1e-01
  65  F 0   2.445e+06   1e-06  0.99  4.0e-02  3.1e-05  0.0e+00  0.0e+00  2.0e-01  2.0e-03  2.1e-01
  65  T 1   2.445e+06   8e-06  0.98  4.8e-02  3.5e-05  4.0e-02  3.0e-01  2.0e-01  2.3e-03  2.1e-01
  66  T 0   2.445e+06   4e-05  0.99  5.7e-02  3.7e-05  4.8e-02  3.5e-01  2.0e-01  2.3e-03  2.1e-01
  67  F 0   2.445e+06   4e-05  0.99  4.0e-02  3.7e-05  0.0e+00  0.0e+00  2.0e-01  2.4e-03  2.0e-01
  67  T 1   2.444e+06  -7e-06  0.98  4.8e-02  3.0e-05  4.0e-02  3.0e-01  2.0e-01  2.9e-03  2.0e-01
  68  T 0   2.444e+06   2e-05  0.99  5.8e-02  8.4e-05  4.8e-02  3.5e-01  2.0e-01  3.0e-03  2.1e-01
  69  F 0   2.444e+06   2e-05  0.99  4.1e-02  8.4e-05  0.0e+00  0.0e+00  2.0e-01  2.9e-03  2.1e-01
  69  T 1   2.443e+06   2e-05  0.99  4.9e-02  3.2e-05  4.1e-02  2.9e-01  2.0e-01  1.7e-03  2.0e-01
  70  F 0   2.443e+06   2e-05  0.99  3.4e-02  3.2e-05  0.0e+00  0.0e+00  2.0e-01  2.7e-03  2.1e-01
  70  T 1   2.443e+06  -4e-06  0.99  4.1e-02  3.0e-05  3.4e-02  2.4e-01  2.0e-01  2.3e-03  2.0e-01
  71  T 0   2.443e+06  -3e-13  0.99  4.9e-02  4.6e-05  4.1e-02  2.8e-01  2.0e-01  2.5e-03  2.0e-01
  72  T 0   2.442e+06   1e-05  0.99  5.9e-02  3.9e-05  4.9e-02  3.3e-01  2.0e-01  1.5e-03  2.0e-01
  73  F 0   2.442e+06   1e-05  0.99  4.1e-02  3.9e-05  0.0e+00  0.0e+00  2.0e-01  1.9e-03  2.0e-01
  73  F 1   2.442e+06   1e-05  0.99  2.9e-02  3.9e-05  0.0e+00  0.0e+00  2.0e-01  1.5e-03  2.1e-01
  73  T 2   2.442e+06   9e-08  0.99  3.5e-02  3.8e-05  2.9e-02  2.0e-01  2.0e-01  1.5e-03  2.1e-01
  74  T 0   2.442e+06  -4e-14  0.99  4.2e-02  1.9e-05  3.5e-02  2.3e-01  2.1e-01  2.3e-03  2.1e-01
  75  F 0   2.442e+06  -4e-14  0.99  2.9e-02  1.9e-05  0.0e+00  0.0e+00  2.0e-01  2.1e-03  2.1e-01
  75  F 1   2.442e+06  -4e-14  0.99  2.0e-02  1.9e-05  0.0e+00  0.0e+00  2.0e-01  1.5e-03  2.1e-01
  75  T 2   2.441e+06   5e-06  0.99  2.4e-02  4.0e-05  2.0e-02  1.4e-01  2.0e-01  1.3e-03  2.0e-01
  76  T 0   2.441e+06  -9e-07  0.99  2.9e-02  1.7e-05  2.4e-02  1.6e-01  2.0e-01  3.1e-03  2.1e-01
  77  F 0   2.441e+06  -9e-07  0.99  2.1e-02  1.7e-05  0.0e+00  0.0e+00  2.0e-01  1.9e-03  2.1e-01
  77  T 1   2.441e+06  -2e-05  0.99  2.5e-02  3.7e-05  2.1e-02  1.4e-01  2.0e-01  2.3e-03  2.1e-01
  78  T 0   2.441e+06   2e-05  0.99  3.0e-02  1.6e-05  2.5e-02  1.6e-01  2.1e-01  1.8e-03  2.1e-01
  79  F 0   2.441e+06   2e-05  0.99  2.1e-02  1.6e-05  0.0e+00  0.0e+00  2.1e-01  1.4e-03  2.1e-01
  79  F 1   2.441e+06   2e-05  0.99  1.4e-02  1.6e-05  0.0e+00  0.0e+00  2.0e-01  1.1e-03  2.1e-01
  79  T 2   2.441e+06   3e-06  0.99  1.7e-02  3.1e-05  1.4e-02  9.6e-02  2.0e-01  1.2e-03  2.0e-01
  80  T 0   2.441e+06   1e-05  0.99  2.1e-02  1.9e-05  1.7e-02  1.1e-01  2.6e-01  2.1e-03  2.6e-01
  81  T 0   2.440e+06  -4e-06  0.99  2.5e-02  2.1e-05  2.1e-02  1.3e-01  2.8e-01  2.6e-03  2.8e-01
  82  T 0   2.440e+06   1e-06  0.99  3.0e-02  2.6e-05  2.5e-02  1.5e-01  2.1e-01  9.7e-03  2.2e-01
  83  F 0   2.440e+06   1e-06  0.99  2.1e-02  2.6e-05  0.0e+00  0.0e+00  2.0e-01  1.9e-03  2.0e-01
  83  T 1   2.440e+06  -1e-05  0.99  2.5e-02  2.1e-05  2.1e-02  1.2e-01  2.0e-01  1.9e-03  2.0e-01
  84  T 0   2.440e+06   6e-06  0.99  3.0e-02  2.4e-05  2.5e-02  1.4e-01  2.1e-01  1.6e-03  2.1e-01
  85  T 0   2.440e+06  -5e-05  0.99  3.6e-02  1.1e-05  3.0e-02  1.7e-01  2.2e-01  2.3e-03  2.2e-01
  86  T 0   2.440e+06   3e-05  0.99  4.4e-02  3.3e-05  3.6e-02  2.1e-01  2.1e-01  1.9e-03  2.1e-01
  87  F 0   2.440e+06   3e-05  0.99  3.0e-02  3.3e-05  0.0e+00  0.0e+00  2.2e-01  2.0e-03  2.2e-01
  87  T 1   2.440e+06  -2e-06  0.99  3.7e-02  1.2e-05  3.0e-02  1.8e-01  2.0e-01  3.1e-03  2.0e-01
  88  F 0   2.440e+06  -2e-06  0.99  2.6e-02  1.2e-05  0.0e+00  0.0e+00  2.0e-01  2.7e-03  2.1e-01
  88  F 1   2.440e+06  -2e-06  0.99  1.8e-02  1.2e-05  0.0e+00  0.0e+00  2.0e-01  1.9e-03  2.0e-01
  88  T 2   2.440e+06   6e-06  0.99  2.2e-02  2.8e-05  1.8e-02  1.1e-01  2.1e-01  1.7e-03  2.2e-01
  89  T 0   2.439e+06   2e-05  0.99  2.6e-02  7.7e-06  2.2e-02  1.3e-01  2.1e-01  1.9e-03  2.1e-01
  90  F 0   2.439e+06   2e-05  0.99  1.8e-02  7.7e-06  0.0e+00  0.0e+00  2.0e-01  2.1e-03  2.1e-01
  90  T 1   2.439e+06  -5e-06  0.99  2.2e-02  9.4e-06  1.8e-02  9.6e-02  2.0e-01  1.9e-03  2.0e-01
  91  T 0   2.439e+06  -4e-06  0.99  2.6e-02  6.0e-06  2.2e-02  1.2e-01  2.0e-01  1.2e-03  2.0e-01
  92  T 0   2.439e+06  -5e-06  0.99  3.1e-02  7.9e-06  2.6e-02  1.4e-01  2.0e-01  1.6e-03  2.0e-01
  93  T 0   2.439e+06   3e-05  0.99  3.7e-02  9.4e-06  3.1e-02  1.6e-01  2.0e-01  2.3e-03  2.0e-01
  94  T 0   2.439e+06  -5e-05  0.99  4.5e-02  1.2e-05  3.7e-02  2.0e-01  2.0e-01  1.6e-03  2.0e-01
  95  T 0   2.438e+06   6e-08  0.99  5.4e-02  1.1e-05  4.5e-02  2.3e-01  2.0e-01  1.8e-03  2.0e-01
  96  T 0   2.438e+06  -6e-05  0.99  6.5e-02  2.1e-05  5.4e-02  2.9e-01  2.0e-01  2.1e-03  2.1e-01
  97  T 0   2.438e+06  -2e-06  0.99  7.8e-02  2.4e-05  6.5e-02  3.5e-01  2.0e-01  2.1e-03  2.1e-01
  98  F 0   2.438e+06  -2e-06  0.99  5.4e-02  2.4e-05  0.0e+00  0.0e+00  2.0e-01  2.5e-03  2.0e-01
  98  F 1   2.438e+06  -2e-06  0.99  3.8e-02  2.4e-05  0.0e+00  0.0e+00  2.0e-01  3.5e-03  2.0e-01
  98  T 2   2.438e+06  -8e-06  0.99  4.6e-02  2.6e-05  3.8e-02  2.3e-01  2.0e-01  2.9e-03  2.0e-01
  99  T 0   2.438e+06   4e-05  0.99  5.5e-02  2.3e-05  4.6e-02  2.6e-01  2.0e-01  1.7e-03  2.0e-01
 100  F 0   2.438e+06   4e-05  0.99  3.8e-02  2.3e-05  0.0e+00  0.0e+00  2.0e-01  2.4e-03  2.0e-01
 100  T 1   2.438e+06   7e-06  0.99  4.6e-02  2.8e-05  3.8e-02  2.2e-01  2.0e-01  1.5e-03  2.0e-01
 101  T 0   2.437e+06  -4e-06  0.99  5.5e-02  1.6e-05  4.6e-02  2.5e-01  2.0e-01  2.1e-03  2.0e-01
 102  T 0   2.437e+06  -8e-05  0.99  6.6e-02  2.8e-05  5.5e-02  3.1e-01  2.1e-01  1.9e-03  2.1e-01
 103  T 0   2.437e+06  -1e-06  0.99  8.0e-02  2.6e-05  6.6e-02  3.7e-01  2.0e-01  2.5e-03  2.0e-01
 104  F 0   2.437e+06  -1e-06  0.99  5.6e-02  2.6e-05  0.0e+00  0.0e+00  2.0e-01  1.8e-03  2.0e-01
 104  T 1   2.437e+06  -3e-05  0.99  6.7e-02  3.5e-05  5.6e-02  3.4e-01  2.0e-01  1.9e-03  2.0e-01
 105  F 0   2.437e+06  -3e-05  0.99  4.7e-02  3.5e-05  0.0e+00  0.0e+00  2.1e-01  2.3e-03  2.1e-01
 105  T 1   2.436e+06   4e-07  0.99  5.6e-02  2.2e-05  4.7e-02  2.8e-01  2.0e-01  2.3e-03  2.0e-01
 106  T 0   2.436e+06   3e-14  0.99  6.7e-02  2.9e-05  5.6e-02  3.3e-01  2.0e-01  2.8e-03  2.0e-01
 107  T 0   2.435e+06   2e-13  0.99  8.1e-02  1.4e-05  6.7e-02  3.7e-01  2.0e-01  2.7e-03  2.0e-01
 108  T 0   2.435e+06   3e-13  0.99  9.7e-02  2.9e-05  8.1e-02  4.2e-01  2.0e-01  2.5e-03  2.0e-01
 109  F 0   2.435e+06   3e-13  0.99  6.8e-02  2.9e-05  0.0e+00  0.0e+00  2.0e-01  2.2e-03  2.0e-01
 109  F 1   2.435e+06   3e-13  0.99  4.8e-02  2.9e-05  0.0e+00  0.0e+00  2.0e-01  2.5e-03  2.0e-01
 109  T 2   2.435e+06   9e-05  0.99  5.7e-02  1.8e-05  4.8e-02  2.7e-01  2.0e-01  1.9e-03  2.0e-01
 110  F 0   2.435e+06   9e-05  0.99  4.0e-02  1.8e-05  0.0e+00  0.0e+00  2.0e-01  3.1e-03  2.0e-01
 110  T 1   2.434e+06  -2e-06  0.99  4.8e-02  2.3e-05  4.0e-02  2.3e-01  2.0e-01  3.1e-03  2.0e-01
 111  T 0   2.434e+06   3e-05  0.99  5.8e-02  1.3e-05  4.8e-02  2.5e-01  2.1e-01  2.0e-03  2.1e-01
 112  T 0   2.434e+06  -2e-06  0.99  6.9e-02  2.3e-05  5.8e-02  3.0e-01  2.0e-01  2.3e-03  2.0e-01
 113  T 0   2.434e+06  -1e-04  0.99  8.3e-02  1.5e-05  6.9e-02  3.2e-01  2.0e-01  2.4e-03  2.0e-01
 114  T 0   2.434e+06   1e-06  0.99  9.9e-02  2.5e-05  8.3e-02  3.8e-01  2.0e-01  2.5e-03  2.0e-01
 115  F 0   2.434e+06   1e-06  0.99  7.0e-02  2.5e-05  0.0e+00  0.0e+00  2.1e-01  2.6e-03  2.1e-01
 115  F 1   2.434e+06   1e-06  0.99  4.9e-02  2.5e-05  0.0e+00  0.0e+00  2.1e-01  1.7e-03  2.1e-01
 115  T 2   2.433e+06   4e-06  0.99  5.8e-02  1.5e-05  4.9e-02  2.3e-01  2.0e-01  2.3e-03  2.0e-01
 116  F 0   2.433e+06   4e-06  0.99  4.1e-02  1.5e-05  0.0e+00  0.0e+00  2.0e-01  2.8e-03  2.0e-01
 116  F 1   2.433e+06   4e-06  0.99  2.9e-02  1.5e-05  0.0e+00  0.0e+00  2.0e-01  2.9e-03  2.0e-01
 116  T 2   2.433e+06   9e-14  0.99  3.4e-02  1.4e-05  2.9e-02  1.4e-01  2.0e-01  2.3e-03  2.0e-01
 117  T 0   2.433e+06  -3e-05  0.99  4.1e-02  1.1e-05  3.4e-02  1.6e-01  2.0e-01  2.1e-03  2.0e-01
 118  T 0   2.433e+06   3e-07  0.99  4.9e-02  1.5e-05  4.1e-02  1.9e-01  2.0e-01  3.1e-03  2.0e-01
 119  F 0   2.433e+06   3e-07  0.99  3.5e-02  1.5e-05  0.0e+00  0.0e+00  2.0e-01  2.5e-03  2.1e-01
 119  T 1   2.433e+06   5e-05  0.99  4.2e-02  1.3e-05  3.5e-02  1.7e-01  2.3e-01  2.2e-03  2.3e-01
 120  T 0   2.433e+06   8e-06  0.99  5.0e-02  1.3e-05  4.2e-02  2.0e-01  2.0e-01  3.2e-03  2.1e-01
 121  F 0   2.433e+06   8e-06  0.99  3.5e-02  1.3e-05  0.0e+00  0.0e+00  2.3e-01  3.1e-03  2.4e-01
 121  F 1   2.433e+06   8e-06  0.99  2.4e-02  1.3e-05  0.0e+00  0.0e+00  2.3e-01  2.1e-03  2.3e-01
 121  T 2   2.433e+06  -6e-06  0.99  2.9e-02  9.7e-06  2.4e-02  1.2e-01  2.1e-01  2.3e-03  2.1e-01
 122  T 0   2.433e+06  -1e-06  0.99  3.5e-02  6.8e-06  2.9e-02  1.4e-01  2.0e-01  1.9e-03  2.0e-01
 123  T 0   2.433e+06   6e-05  0.99  4.2e-02  1.1e-05  3.5e-02  1.7e-01  2.3e-01  2.1e-03  2.3e-01
 124  F 0   2.433e+06   6e-05  0.99  3.0e-02  1.1e-05  0.0e+00  0.0e+00  2.4e-01  2.7e-03  2.4e-01
 124  T 1   2.433e+06   1e-06  0.99  3.5e-02  6.5e-06  3.0e-02  1.5e-01  2.6e-01  1.9e-03  2.6e-01
 125  F 0   2.433e+06   1e-06  0.99  2.5e-02  6.5e-06  0.0e+00  0.0e+00  2.0e-01  2.3e-03  2.0e-01
 125  T 1   2.433e+06  -3e-06  0.99  3.0e-02  6.3e-06  2.5e-02  1.1e-01  2.0e-01  1.7e-03  2.0e-01
 126  F 0   2.433e+06  -3e-06  0.99  2.1e-02  6.3e-06  0.0e+00  0.0e+00  2.6e-01  3.1e-03  2.6e-01
 126  T 1   2.433e+06   2e-05  0.99  2.5e-02  6.6e-06  2.1e-02  9.8e-02  2.6e-01  2.1e-03  2.6e-01
 127  F 0   2.433e+06   2e-05  0.99  1.8e-02  6.6e-06  0.0e+00  0.0e+00  2.0e-01  2.6e-03  2.1e-01
 127  F 1   2.433e+06   2e-05  0.99  1.2e-02  6.6e-06  0.0e+00  0.0e+00  2.0e-01  2.8e-03  2.1e-01
 127  F 2   2.433e+06   2e-05  0.99  8.6e-03  6.6e-06  0.0e+00  0.0e+00  2.0e-01  1.5e-03  2.1e-01
 127  F 3   2.433e+06   2e-05  0.99  6.0e-03  6.6e-06  0.0e+00  0.0e+00  2.0e-01  1.7e-03  2.1e-01
 127  F 4   2.433e+06   2e-05  0.99  4.2e-03  6.6e-06  0.0e+00  0.0e+00  2.4e-01  1.7e-03  2.4e-01
 127  F 5   2.433e+06   2e-05  0.99  2.9e-03  6.6e-06  0.0e+00  0.0e+00  2.0e-01  1.8e-03  2.1e-01
 127  T 6   2.433e+06   1e-05  0.99  3.5e-03  6.7e-06  2.9e-03  1.4e-02  2.3e-01  1.9e-03  2.3e-01
 128  T 0   2.433e+06   8e-06  0.99  4.2e-03  5.7e-06  3.5e-03  1.7e-02  2.3e-01  1.9e-03  2.3e-01
 129  F 0   2.433e+06   8e-06  0.99  3.0e-03  5.7e-06  0.0e+00  0.0e+00  2.3e-01  1.4e-03  2.4e-01
 129  F 1   2.433e+06   8e-06  0.99  2.1e-03  5.7e-06  0.0e+00  0.0e+00  2.5e-01  1.3e-03  2.5e-01
 129  F 2   2.433e+06   8e-06  0.99  1.5e-03  5.7e-06  0.0e+00  0.0e+00  2.5e-01  1.4e-03  2.5e-01
 129  F 3   2.433e+06   8e-06  0.99  1.0e-03  5.7e-06  0.0e+00  0.0e+00  2.4e-01  1.4e-03  2.4e-01
 129  F 4   2.433e+06   8e-06  0.99  7.1e-04  5.7e-06  0.0e+00  0.0e+00  2.3e-01  1.1e-03  2.3e-01
 129  F 5   2.433e+06   8e-06  0.99  5.0e-04  5.7e-06  0.0e+00  0.0e+00  2.3e-01  1.0e-03  2.3e-01
 129  F 6   2.433e+06   8e-06  0.99  3.5e-04  5.7e-06  0.0e+00  0.0e+00  2.4e-01  1.0e-03  2.4e-01
 129  F 7   2.433e+06   8e-06  0.99  2.4e-04  5.7e-06  0.0e+00  0.0e+00  2.3e-01  1.0e-03  2.3e-01
 129  F 8   2.433e+06   8e-06  0.99  1.7e-04  5.7e-06  0.0e+00  0.0e+00  2.4e-01  1.0e-03  2.4e-01
 129  F 9   2.433e+06   8e-06  0.99  1.2e-04  5.7e-06  0.0e+00  0.0e+00  2.5e-01  1.0e-03  2.5e-01
 129  F10   2.433e+06   8e-06  0.99  8.4e-05  5.7e-06  0.0e+00  0.0e+00  2.2e-01  9.9e-04  2.2e-01
 129  F11   2.433e+06   8e-06  0.99  5.9e-05  5.7e-06  0.0e+00  0.0e+00  2.0e-01  1.0e-03  2.0e-01
 129  F12   2.433e+06   8e-06  0.99  4.1e-05  5.7e-06  0.0e+00  0.0e+00  2.1e-01  1.0e-03  2.1e-01
 129  F13   2.433e+06   8e-06  0.99  2.9e-05  5.7e-06  0.0e+00  0.0e+00  2.0e-01  1.0e-03  2.0e-01
 129  F14   2.433e+06   8e-06  0.99  2.0e-05  5.7e-06  0.0e+00  0.0e+00  2.0e-01  1.0e-03  2.0e-01
 129  F15   2.433e+06   8e-06  0.99  1.4e-05  5.7e-06  0.0e+00  0.0e+00  2.0e-01  1.0e-03  2.0e-01
 129  F16   2.433e+06   8e-06  0.99  9.9e-06  5.7e-06  0.0e+00  0.0e+00  2.0e-01  1.1e-03  2.1e-01
 129  F17   2.433e+06   8e-06  0.99  6.9e-06  5.7e-06  0.0e+00  0.0e+00  2.0e-01  1.0e-03  2.1e-01
 129  F18   2.433e+06   8e-06  0.99  4.8e-06  5.7e-06  0.0e+00  0.0e+00  2.1e-01  1.0e-03  2.1e-01
 129  F19   2.433e+06   8e-06  0.99  3.4e-06  5.7e-06  0.0e+00  0.0e+00  2.0e-01  1.0e-03  2.0e-01
 129  F20   2.433e+06   8e-06  0.99  2.4e-06  5.7e-06  0.0e+00  0.0e+00  2.0e-01  1.0e-03  2.0e-01
 129  F21   2.433e+06   8e-06  0.99  1.7e-06  5.7e-06  0.0e+00  0.0e+00  2.4e-01  1.0e-03  2.4e-01
 129  F22   2.433e+06   8e-06  0.99  1.2e-06  5.7e-06  0.0e+00  0.0e+00  2.0e-01  1.0e-03  2.0e-01
 129  F23   2.433e+06   8e-06  0.99  8.1e-07  5.7e-06  0.0e+00  0.0e+00  2.0e-01  1.0e-03  2.0e-01
 129  F24   2.433e+06   8e-06  0.99  5.7e-07  5.7e-06  0.0e+00  0.0e+00  2.0e-01  1.0e-03  2.0e-01
 129  F25   2.433e+06   8e-06  0.99  4.0e-07  5.7e-06  0.0e+00  0.0e+00  2.0e-01  1.0e-03  2.0e-01
 129  F26   2.433e+06   8e-06  0.99  2.8e-07  5.7e-06  0.0e+00  0.0e+00  2.2e-01  1.0e-03  2.2e-01
 129  F27   2.433e+06   8e-06  0.99  2.0e-07  5.7e-06  0.0e+00  0.0e+00  2.0e-01  1.0e-03  2.0e-01
 129  F28   2.433e+06   8e-06  0.99  1.4e-07  5.7e-06  0.0e+00  0.0e+00  2.0e-01  1.0e-03  2.1e-01
 129  F29   2.433e+06   8e-06  0.99  9.6e-08  5.7e-06  0.0e+00  0.0e+00  2.0e-01  1.0e-03  2.0e-01
 129  F30   2.433e+06   8e-06  0.99  6.7e-08  5.7e-06  0.0e+00  0.0e+00  2.0e-01  1.0e-03  2.1e-01
 129  F31   2.433e+06   8e-06  0.99  4.7e-08  5.7e-06  0.0e+00  0.0e+00  2.0e-01  1.0e-03  2.0e-01
Enforced Termination; excessively reduced trust-region
Total number of system evaluations: 223
