   k  l     Obj         Vio    Bou   ML       |KKT|    |dX|     ||dX||   T_s      T_o      T_t
   0  T 0   5.388e+09   2e-02  0.00  1.0e-01  7.5e+02  1.0e+00  1.0e+00  5.6e-01  0.0e+00  0.0e+00
   1  T 0   5.372e+09   1e-02  0.00  1.0e-01  7.5e+02  7.5e-04  5.8e-02  2.8e-01  1.6e-03  2.8e-01
   2  T 0   2.640e+09  -4e-06  0.00  1.0e-01  1.3e-02  1.0e-01  7.4e+00  2.8e-01  6.5e-03  2.9e-01
   3  T 0   1.729e+09  -7e-02  0.00  1.0e-01  5.4e-03  1.0e-01  4.0e+00  2.8e-01  1.9e-03  2.8e-01
   4  T 0   1.181e+09  -8e-02  0.08  1.0e-01  2.5e-03  1.0e-01  3.5e+00  3.2e-01  1.9e-03  3.3e-01
   5  T 0   7.929e+08  -1e-01  0.16  1.0e-01  1.4e-03  1.0e-01  4.6e+00  3.3e-01  1.6e-03  3.3e-01
   6  T 0   5.525e+08  -2e-01  0.24  1.0e-01  1.1e-03  1.0e-01  5.1e+00  3.0e-01  1.6e-03  3.1e-01
   7  T 0   4.290e+08  -3e-01  0.31  1.0e-01  1.4e-03  1.0e-01  5.0e+00  3.0e-01  1.5e-03  3.0e-01
   8  T 0   3.570e+08  -3e-01  0.36  1.0e-01  7.9e-04  1.0e-01  4.6e+00  2.9e-01  1.5e-03  2.9e-01
   9  T 0   3.043e+08  -4e-01  0.40  1.0e-01  3.9e-04  1.0e-01  4.8e+00  2.8e-01  1.5e-03  2.8e-01
  10  T 0   2.783e+08  -4e-01  0.47  1.0e-01  1.3e-04  1.0e-01  3.9e+00  2.7e-01  1.5e-03  2.7e-01
  11  T 0   2.605e+08  -4e-01  0.52  1.0e-01  2.0e-04  1.0e-01  3.5e+00  2.7e-01  1.5e-03  2.7e-01
  12  T 0   2.452e+08  -3e-01  0.60  1.0e-01  2.1e-03  1.0e-01  3.4e+00  2.7e-01  1.5e-03  2.7e-01
  13  T 0   2.328e+08  -3e-01  0.65  1.0e-01  1.9e-04  1.0e-01  3.1e+00  3.1e-01  1.6e-03  3.1e-01
  14  T 0   2.224e+08  -3e-01  0.69  1.0e-01  8.8e-05  1.0e-01  2.9e+00  2.7e-01  1.5e-03  2.7e-01
  15  T 0   2.122e+08  -2e-01  0.72  1.0e-01  1.6e-04  1.0e-01  3.1e+00  2.9e-01  1.5e-03  2.9e-01
  16  T 0   2.035e+08  -2e-01  0.76  1.0e-01  4.4e-04  1.0e-01  3.1e+00  3.0e-01  1.5e-03  3.0e-01
  17  T 0   1.975e+08  -2e-01  0.79  1.0e-01  2.2e-04  1.0e-01  2.5e+00  2.9e-01  1.5e-03  2.9e-01
  18  T 0   1.927e+08  -1e-01  0.81  1.0e-01  6.1e-05  1.0e-01  2.3e+00  2.7e-01  1.5e-03  2.7e-01
  19  T 0   1.883e+08  -1e-01  0.82  1.0e-01  9.0e-05  1.0e-01  2.1e+00  3.0e-01  1.5e-03  3.0e-01
  20  T 0   1.847e+08  -8e-02  0.84  1.0e-01  6.1e-05  1.0e-01  2.1e+00  2.8e-01  1.6e-03  2.8e-01
  21  T 0   1.813e+08  -5e-02  0.85  1.0e-01  1.4e-04  1.0e-01  2.0e+00  2.9e-01  1.5e-03  2.9e-01
  22  T 0   1.787e+08  -3e-02  0.86  1.0e-01  6.2e-05  1.0e-01  1.8e+00  2.7e-01  1.7e-03  2.7e-01
  23  T 0   1.759e+08  -1e-02  0.87  1.0e-01  5.4e-05  1.0e-01  1.9e+00  2.7e-01  1.5e-03  2.8e-01
  24  T 0   1.737e+08  -2e-06  0.88  1.0e-01  6.2e-05  1.0e-01  1.7e+00  2.7e-01  2.4e-03  2.8e-01
  25  T 0   1.724e+08  -1e-06  0.89  1.0e-01  5.1e-05  1.0e-01  1.5e+00  2.7e-01  2.5e-03  2.7e-01
  26  T 0   1.712e+08  -6e-06  0.90  1.0e-01  5.4e-05  1.0e-01  1.3e+00  2.7e-01  2.2e-03  2.7e-01
  27  T 0   1.701e+08   6e-07  0.90  1.0e-01  8.3e-05  1.0e-01  1.3e+00  3.1e-01  2.2e-03  3.1e-01
  28  T 0   1.696e+08   3e-06  0.90  1.0e-01  8.1e-05  1.0e-01  1.0e+00  2.7e-01  2.2e-03  2.7e-01
  29  T 0   1.683e+08  -9e-06  0.91  1.0e-01  7.5e-05  1.0e-01  8.8e-01  2.8e-01  2.2e-03  2.8e-01
  30  T 0   1.673e+08  -1e-07  0.91  1.0e-01  2.9e-04  1.0e-01  7.1e-01  2.8e-01  2.2e-03  2.9e-01
  31  F 0   1.673e+08  -1e-07  0.91  7.0e-02  2.9e-04  0.0e+00  0.0e+00  2.7e-01  2.2e-03  2.8e-01
  31  F 1   1.673e+08  -1e-07  0.91  4.9e-02  2.9e-04  0.0e+00  0.0e+00  2.7e-01  1.9e-03  2.7e-01
  31  F 2   1.673e+08  -1e-07  0.91  3.4e-02  2.9e-04  0.0e+00  0.0e+00  3.1e-01  1.9e-03  3.1e-01
  31  T 3   1.672e+08  -4e-06  0.91  4.1e-02  1.9e-04  3.4e-02  4.5e-01  2.7e-01  1.8e-03  2.7e-01
  32  T 0   1.668e+08  -5e-06  0.91  4.9e-02  3.8e-04  4.1e-02  3.4e-01  2.9e-01  2.1e-03  2.9e-01
  33  T 0   1.665e+08   4e-06  0.91  5.9e-02  2.2e-04  4.9e-02  2.3e-01  2.9e-01  2.1e-03  2.9e-01
  34  T 0   1.662e+08  -5e-07  0.91  7.1e-02  1.2e-04  5.7e-02  2.0e-01  2.9e-01  2.6e-03  2.9e-01
  35  T 0   1.655e+08  -2e-06  0.92  8.5e-02  2.9e-04  7.1e-02  3.5e-01  2.7e-01  2.0e-03  2.7e-01
  36  T 0   1.648e+08  -1e-06  0.93  1.0e-01  6.7e-05  8.5e-02  1.9e+00  2.8e-01  2.8e-03  2.8e-01
  37  T 0   1.636e+08   4e-07  0.94  1.0e-01  1.3e-04  1.0e-01  2.0e+00  2.8e-01  2.4e-03  2.9e-01
  38  T 0   1.629e+08  -2e-07  0.94  1.0e-01  8.2e-05  1.0e-01  1.7e+00  2.7e-01  2.9e-03  2.7e-01
  39  T 0   1.625e+08  -3e-07  0.94  1.0e-01  2.9e-05  1.0e-01  1.3e+00  2.7e-01  2.5e-03  2.7e-01
  40  T 0   1.622e+08  -5e-06  0.95  1.0e-01  3.3e-05  1.0e-01  1.1e+00  2.7e-01  2.4e-03  2.7e-01
  41  T 0   1.621e+08   1e-06  0.95  1.0e-01  3.0e-05  1.0e-01  9.7e-01  2.9e-01  2.2e-03  2.9e-01
  42  T 0   1.619e+08   5e-07  0.94  1.0e-01  3.4e-05  1.0e-01  7.9e-01  2.9e-01  2.3e-03  2.9e-01
  43  T 0   1.618e+08  -1e-07  0.95  1.0e-01  1.2e-05  6.7e-02  3.7e-01  2.8e-01  2.1e-03  2.9e-01
  44  T 0   1.617e+08  -3e-05  0.95  1.0e-01  1.0e-05  2.8e-02  1.6e-01  2.8e-01  1.9e-03  2.8e-01
  45  T 0   1.615e+08  -7e-15  0.96  1.0e-01  1.0e-05  1.0e-01  7.7e-01  2.9e-01  2.1e-03  2.9e-01
  46  T 0   1.614e+08   7e-07  0.96  1.0e-01  2.7e-05  1.0e-01  1.7e+00  2.8e-01  2.2e-03  2.8e-01
  47  F 0   1.614e+08   7e-07  0.96  7.0e-02  2.7e-05  0.0e+00  0.0e+00  2.7e-01  2.1e-03  2.8e-01
  47  T 1   1.614e+08  -7e-07  0.96  8.4e-02  3.7e-05  7.0e-02  1.0e+00  2.7e-01  1.8e-03  2.7e-01
  48  T 0   1.613e+08   8e-08  0.95  1.0e-01  3.2e-05  8.4e-02  7.8e-01  2.7e-01  2.1e-03  2.7e-01
  49  T 0   1.611e+08   3e-07  0.95  1.0e-01  1.9e-05  8.5e-02  4.7e-01  2.7e-01  2.2e-03  2.7e-01
  50  T 0   1.611e+08  -5e-07  0.96  1.0e-01  7.6e-06  3.2e-02  1.4e-01  2.8e-01  2.2e-03  2.8e-01
  51  T 0   1.610e+08  -1e-05  0.96  1.0e-01  7.8e-06  4.3e-02  2.1e-01  2.8e-01  1.9e-03  2.8e-01
  52  T 0   1.609e+08   9e-09  0.96  1.0e-01  9.8e-06  1.0e-01  7.9e-01  2.7e-01  2.1e-03  2.7e-01
  53  F 0   1.609e+08   9e-09  0.96  7.0e-02  9.8e-06  0.0e+00  0.0e+00  3.1e-01  2.1e-03  3.2e-01
  53  F 1   1.609e+08   9e-09  0.96  4.9e-02  9.8e-06  0.0e+00  0.0e+00  2.8e-01  1.9e-03  2.8e-01
  53  T 2   1.609e+08  -1e-06  0.96  5.9e-02  1.8e-05  4.9e-02  7.3e-01  2.8e-01  1.9e-03  2.8e-01
  54  T 0   1.609e+08   1e-07  0.96  7.1e-02  2.2e-05  5.9e-02  6.3e-01  2.7e-01  2.2e-03  2.7e-01
  55  T 0   1.608e+08   2e-07  0.96  8.5e-02  1.9e-05  6.6e-02  4.1e-01  2.7e-01  2.2e-03  2.7e-01
  56  T 0   1.607e+08   2e-06  0.96  1.0e-01  7.2e-06  3.3e-02  1.6e-01  2.7e-01  2.2e-03  2.7e-01
  57  T 0   1.607e+08  -1e-07  0.96  1.0e-01  7.3e-06  2.2e-02  8.6e-02  2.6e-01  2.2e-03  2.6e-01
  58  T 0   1.606e+08  -4e-06  0.97  1.0e-01  8.2e-06  1.0e-01  1.0e+00  2.6e-01  2.1e-03  2.7e-01
  59  F 0   1.606e+08  -4e-06  0.97  7.0e-02  8.2e-06  0.0e+00  0.0e+00  2.8e-01  2.7e-03  2.8e-01
  59  F 1   1.606e+08  -4e-06  0.97  4.9e-02  8.2e-06  0.0e+00  0.0e+00  2.6e-01  2.1e-03  2.7e-01
  59  T 2   1.606e+08   1e-06  0.97  5.9e-02  1.7e-05  4.9e-02  7.4e-01  2.7e-01  2.5e-03  2.7e-01
  60  F 0   1.606e+08   1e-06  0.97  4.1e-02  1.7e-05  0.0e+00  0.0e+00  2.6e-01  2.1e-03  2.7e-01
  60  T 1   1.606e+08  -2e-06  0.96  4.9e-02  2.0e-05  4.1e-02  4.8e-01  2.9e-01  1.8e-03  2.9e-01
  61  T 0   1.605e+08  -2e-06  0.96  5.9e-02  1.0e-05  4.9e-02  3.0e-01  2.9e-01  2.2e-03  2.9e-01
  62  T 0   1.605e+08  -8e-07  0.96  7.1e-02  8.6e-06  2.9e-02  1.6e-01  2.9e-01  2.2e-03  2.9e-01
  63  T 0   1.605e+08   3e-05  0.97  8.5e-02  5.8e-06  2.2e-02  1.0e-01  2.7e-01  1.8e-03  2.7e-01
  64  T 0   1.604e+08   2e-07  0.97  1.0e-01  9.9e-06  8.5e-02  7.2e-01  2.6e-01  2.2e-03  2.7e-01
  65  F 0   1.604e+08   2e-07  0.97  7.0e-02  9.9e-06  0.0e+00  0.0e+00  2.7e-01  2.2e-03  2.7e-01
  65  F 1   1.604e+08   2e-07  0.97  4.9e-02  9.9e-06  0.0e+00  0.0e+00  2.9e-01  1.8e-03  2.9e-01
  65  F 2   1.604e+08   2e-07  0.97  3.4e-02  9.9e-06  0.0e+00  0.0e+00  3.1e-01  1.8e-03  3.1e-01
  65  T 3   1.604e+08  -2e-05  0.97  4.1e-02  1.3e-05  3.4e-02  4.8e-01  3.2e-01  1.5e-03  3.2e-01
  66  T 0   1.604e+08  -1e-07  0.97  4.9e-02  1.7e-05  4.1e-02  3.7e-01  3.6e-01  2.2e-03  3.6e-01
  67  T 0   1.603e+08  -5e-07  0.97  5.9e-02  6.8e-06  4.3e-02  2.3e-01  3.0e-01  2.2e-03  3.0e-01
  68  T 0   1.603e+08  -7e-07  0.97  7.1e-02  5.5e-06  1.6e-02  8.5e-02  3.6e-01  2.2e-03  3.6e-01
  69  T 0   1.603e+08   2e-05  0.97  8.5e-02  5.5e-06  3.5e-02  1.4e-01  2.7e-01  1.9e-03  2.7e-01
  70  T 0   1.603e+08  -7e-06  0.97  1.0e-01  1.3e-05  8.5e-02  1.0e+00  3.0e-01  2.1e-03  3.0e-01
  71  F 0   1.603e+08  -7e-06  0.97  7.0e-02  1.3e-05  0.0e+00  0.0e+00  2.9e-01  2.2e-03  2.9e-01
  71  F 1   1.603e+08  -7e-06  0.97  4.9e-02  1.3e-05  0.0e+00  0.0e+00  2.7e-01  1.8e-03  2.7e-01
  71  F 2   1.603e+08  -7e-06  0.97  3.4e-02  1.3e-05  0.0e+00  0.0e+00  2.8e-01  1.8e-03  2.8e-01
  71  T 3   1.602e+08  -3e-06  0.97  4.1e-02  1.5e-05  3.4e-02  4.7e-01  2.7e-01  1.8e-03  2.8e-01
  72  T 0   1.602e+08  -4e-07  0.97  4.9e-02  1.5e-05  4.1e-02  3.2e-01  2.8e-01  2.2e-03  2.8e-01
  73  T 0   1.602e+08   1e-06  0.97  5.9e-02  7.8e-06  3.6e-02  2.1e-01  2.7e-01  2.1e-03  2.8e-01
  74  T 0   1.602e+08  -1e-06  0.97  7.1e-02  4.8e-06  2.1e-02  8.0e-02  2.8e-01  2.2e-03  2.8e-01
  75  T 0   1.602e+08   2e-05  0.97  8.5e-02  4.5e-06  3.6e-02  1.7e-01  2.9e-01  1.8e-03  2.9e-01
  76  T 0   1.601e+08  -3e-07  0.98  1.0e-01  1.1e-05  8.5e-02  7.6e-01  2.9e-01  2.2e-03  2.9e-01
  77  F 0   1.601e+08  -3e-07  0.98  7.0e-02  1.1e-05  0.0e+00  0.0e+00  3.0e-01  2.5e-03  3.1e-01
  77  F 1   1.601e+08  -3e-07  0.98  4.9e-02  1.1e-05  0.0e+00  0.0e+00  3.2e-01  1.9e-03  3.2e-01
  77  F 2   1.601e+08  -3e-07  0.98  3.4e-02  1.1e-05  0.0e+00  0.0e+00  2.9e-01  2.1e-03  2.9e-01
  77  T 3   1.601e+08   7e-06  0.97  4.1e-02  1.2e-05  3.4e-02  4.4e-01  3.0e-01  2.0e-03  3.0e-01
  78  F 0   1.601e+08   7e-06  0.97  2.9e-02  1.2e-05  0.0e+00  0.0e+00  2.9e-01  2.4e-03  2.9e-01
  78  T 1   1.601e+08  -6e-07  0.97  3.5e-02  1.2e-05  2.9e-02  2.7e-01  2.7e-01  1.9e-03  2.7e-01
  79  T 0   1.601e+08   3e-07  0.97  4.1e-02  6.5e-06  2.9e-02  1.5e-01  3.0e-01  2.2e-03  3.1e-01
  80  T 0   1.601e+08  -6e-07  0.97  5.0e-02  4.4e-06  1.3e-02  6.2e-02  2.7e-01  2.2e-03  2.7e-01
  81  T 0   1.600e+08  -3e-08  0.97  6.0e-02  3.9e-06  3.4e-02  1.5e-01  2.6e-01  2.1e-03  2.7e-01
  82  T 0   1.600e+08   2e-06  0.98  7.2e-02  8.8e-06  6.0e-02  5.5e-01  5.2e-01  2.2e-03  5.2e-01
  83  F 0   1.600e+08   2e-06  0.98  5.0e-02  8.8e-06  0.0e+00  0.0e+00  3.8e-01  2.2e-03  3.8e-01
  83  F 1   1.600e+08   2e-06  0.98  3.5e-02  8.8e-06  0.0e+00  0.0e+00  3.2e-01  1.8e-03  3.2e-01
  83  T 2   1.600e+08   1e-06  0.97  4.2e-02  1.3e-05  3.5e-02  4.2e-01  2.8e-01  1.8e-03  2.8e-01
  84  T 0   1.600e+08  -1e-06  0.97  5.1e-02  1.4e-05  4.2e-02  3.1e-01  2.7e-01  2.2e-03  2.7e-01
  85  T 0   1.600e+08   2e-06  0.97  6.1e-02  6.4e-06  3.0e-02  1.7e-01  2.7e-01  2.1e-03  2.7e-01
  86  T 0   1.600e+08  -7e-07  0.97  7.3e-02  3.2e-06  7.9e-03  4.1e-02  2.7e-01  2.2e-03  2.8e-01
  87  T 0   1.600e+08  -1e-05  0.97  8.7e-02  3.2e-06  5.2e-02  2.2e-01  2.8e-01  1.9e-03  2.8e-01
  88  T 0   1.599e+08  -2e-07  0.98  1.0e-01  9.4e-06  8.7e-02  8.4e-01  3.1e-01  2.5e-03  3.1e-01
  89  F 0   1.599e+08  -2e-07  0.98  7.0e-02  9.4e-06  0.0e+00  0.0e+00  3.1e-01  2.7e-03  3.1e-01
  89  F 1   1.599e+08  -2e-07  0.98  4.9e-02  9.4e-06  0.0e+00  0.0e+00  2.8e-01  2.1e-03  2.8e-01
  89  F 2   1.599e+08  -2e-07  0.98  3.4e-02  9.4e-06  0.0e+00  0.0e+00  2.7e-01  2.2e-03  2.8e-01
  89  T 3   1.599e+08   4e-06  0.97  4.1e-02  1.3e-05  3.4e-02  4.6e-01  2.7e-01  1.9e-03  2.8e-01
  90  F 0   1.599e+08   4e-06  0.97  2.9e-02  1.3e-05  0.0e+00  0.0e+00  2.7e-01  2.2e-03  2.7e-01
  90  T 1   1.599e+08  -3e-07  0.97  3.5e-02  1.1e-05  2.9e-02  2.7e-01  2.7e-01  1.8e-03  2.7e-01
  91  T 0   1.599e+08   5e-07  0.97  4.1e-02  4.4e-06  2.8e-02  1.3e-01  2.7e-01  2.2e-03  2.7e-01
  92  T 0   1.599e+08   2e-07  0.97  5.0e-02  3.1e-06  9.6e-03  4.9e-02  2.8e-01  2.1e-03  2.8e-01
  93  T 0   1.599e+08   1e-05  0.97  6.0e-02  3.1e-06  2.8e-02  1.2e-01  2.7e-01  1.9e-03  2.7e-01
  94  T 0   1.599e+08  -1e-06  0.98  7.2e-02  5.8e-06  6.0e-02  4.7e-01  2.7e-01  2.1e-03  2.7e-01
  95  F 0   1.599e+08  -1e-06  0.98  5.0e-02  5.8e-06  0.0e+00  0.0e+00  2.7e-01  3.0e-03  2.7e-01
  95  F 1   1.599e+08  -1e-06  0.98  3.5e-02  5.8e-06  0.0e+00  0.0e+00  2.7e-01  2.2e-03  2.7e-01
  95  F 2   1.599e+08  -1e-06  0.98  2.5e-02  5.8e-06  0.0e+00  0.0e+00  2.7e-01  1.8e-03  2.7e-01
  95  T 3   1.599e+08  -8e-06  0.97  3.0e-02  8.7e-06  2.5e-02  3.2e-01  2.7e-01  1.5e-03  2.7e-01
  96  T 0   1.599e+08  -9e-07  0.97  3.5e-02  1.1e-05  3.0e-02  2.4e-01  2.7e-01  2.2e-03  2.7e-01
  97  T 0   1.598e+08  -2e-06  0.97  4.2e-02  4.0e-06  2.9e-02  1.4e-01  2.8e-01  2.2e-03  2.8e-01
  98  T 0   1.598e+08  -9e-07  0.97  5.1e-02  3.0e-06  7.2e-03  3.6e-02  2.7e-01  2.2e-03  2.8e-01
  99  T 0   1.598e+08   8e-06  0.98  6.1e-02  2.9e-06  2.7e-02  1.0e-01  2.8e-01  1.9e-03  2.8e-01
 100  T 0   1.598e+08   2e-06  0.98  7.3e-02  1.1e-05  6.1e-02  7.1e-01  2.8e-01  2.2e-03  2.9e-01
 101  F 0   1.598e+08   2e-06  0.98  5.1e-02  1.1e-05  0.0e+00  0.0e+00  2.9e-01  2.3e-03  2.9e-01
 101  F 1   1.598e+08   2e-06  0.98  3.6e-02  1.1e-05  0.0e+00  0.0e+00  2.8e-01  1.8e-03  2.8e-01
 101  T 2   1.598e+08  -3e-08  0.97  4.3e-02  1.3e-05  3.6e-02  4.5e-01  2.9e-01  1.8e-03  3.0e-01
 102  T 0   1.598e+08  -1e-06  0.97  5.2e-02  1.5e-05  4.3e-02  3.3e-01  2.8e-01  2.2e-03  2.8e-01
 103  T 0   1.598e+08  -8e-08  0.97  6.2e-02  5.5e-06  3.6e-02  1.9e-01  3.0e-01  2.5e-03  3.0e-01
 104  T 0   1.598e+08  -4e-07  0.97  7.5e-02  2.8e-06  8.1e-03  4.3e-02  2.7e-01  2.3e-03  2.7e-01
 105  T 0   1.598e+08   4e-06  0.97  9.0e-02  2.7e-06  3.0e-02  1.5e-01  2.8e-01  1.9e-03  2.8e-01
 106  T 0   1.597e+08   1e-07  0.98  1.0e-01  2.7e-06  9.0e-02  5.5e-01  2.7e-01  2.2e-03  2.7e-01
 107  F 0   1.597e+08   1e-07  0.98  7.0e-02  2.7e-06  0.0e+00  0.0e+00  2.8e-01  2.5e-03  2.8e-01
 107  T 1   1.597e+08  -6e-06  0.98  8.4e-02  8.7e-06  7.0e-02  8.7e-01  2.9e-01  2.2e-03  2.9e-01
 108  F 0   1.597e+08  -6e-06  0.98  5.9e-02  8.7e-06  0.0e+00  0.0e+00  2.7e-01  2.3e-03  2.8e-01
 108  T 1   1.597e+08   2e-06  0.97  7.1e-02  1.2e-05  5.9e-02  6.2e-01  3.1e-01  1.9e-03  3.1e-01
 109  F 0   1.597e+08   2e-06  0.97  4.9e-02  1.2e-05  0.0e+00  0.0e+00  3.5e-01  2.2e-03  3.5e-01
 109  F 1   1.597e+08   2e-06  0.97  3.5e-02  1.2e-05  0.0e+00  0.0e+00  3.0e-01  1.6e-03  3.0e-01
 109  T 2   1.597e+08   2e-07  0.97  4.1e-02  1.2e-05  3.5e-02  3.5e-01  2.7e-01  2.0e-03  2.7e-01
 110  T 0   1.597e+08   6e-07  0.97  5.0e-02  1.0e-05  4.1e-02  2.8e-01  2.7e-01  2.2e-03  2.8e-01
 111  T 0   1.597e+08   3e-06  0.97  6.0e-02  3.6e-06  2.5e-02  1.3e-01  2.8e-01  2.2e-03  2.8e-01
 112  T 0   1.597e+08  -3e-05  0.97  7.2e-02  3.1e-06  7.9e-03  4.1e-02  2.7e-01  1.9e-03  2.7e-01
 113  T 0   1.596e+08  -3e-07  0.97  8.6e-02  2.8e-06  6.6e-02  3.0e-01  2.7e-01  2.2e-03  2.7e-01
 114  T 0   1.596e+08  -5e-06  0.98  1.0e-01  1.5e-05  8.6e-02  8.0e-01  2.7e-01  2.5e-03  2.7e-01
 115  F 0   1.596e+08  -5e-06  0.98  7.0e-02  1.5e-05  0.0e+00  0.0e+00  2.7e-01  2.1e-03  2.8e-01
 115  F 1   1.596e+08  -5e-06  0.98  4.9e-02  1.5e-05  0.0e+00  0.0e+00  2.9e-01  1.8e-03  2.9e-01
 115  F 2   1.596e+08  -5e-06  0.98  3.4e-02  1.5e-05  0.0e+00  0.0e+00  3.0e-01  1.8e-03  3.0e-01
 115  T 3   1.596e+08   2e-06  0.97  4.1e-02  1.5e-05  3.4e-02  4.4e-01  3.2e-01  1.8e-03  3.3e-01
 116  T 0   1.596e+08   4e-07  0.97  4.9e-02  1.2e-05  4.1e-02  3.0e-01  2.9e-01  2.4e-03  2.9e-01
 117  T 0   1.596e+08   1e-07  0.97  5.9e-02  4.0e-06  3.0e-02  1.5e-01  2.8e-01  2.2e-03  2.9e-01
 118  T 0   1.596e+08  -3e-05  0.97  7.1e-02  3.5e-06  9.8e-03  5.1e-02  2.9e-01  2.0e-03  2.9e-01
 119  T 0   1.596e+08   5e-06  0.98  8.5e-02  3.2e-06  4.2e-02  2.0e-01  2.9e-01  1.9e-03  2.9e-01
 120  T 0   1.595e+08   9e-06  0.98  1.0e-01  9.5e-06  8.5e-02  5.8e-01  2.8e-01  2.5e-03  2.8e-01
 121  F 0   1.595e+08   9e-06  0.98  7.0e-02  9.5e-06  0.0e+00  0.0e+00  2.7e-01  2.1e-03  2.8e-01
 121  F 1   1.595e+08   9e-06  0.98  4.9e-02  9.5e-06  0.0e+00  0.0e+00  2.8e-01  2.2e-03  2.8e-01
 121  F 2   1.595e+08   9e-06  0.98  3.4e-02  9.5e-06  0.0e+00  0.0e+00  2.8e-01  2.2e-03  2.9e-01
 121  F 3   1.595e+08   9e-06  0.98  2.4e-02  9.5e-06  0.0e+00  0.0e+00  2.8e-01  1.6e-03  2.8e-01
 121  T 4   1.595e+08   4e-06  0.97  2.9e-02  1.0e-05  2.4e-02  3.1e-01  2.8e-01  1.8e-03  2.8e-01
 122  T 0   1.595e+08  -1e-08  0.97  3.5e-02  8.6e-06  2.9e-02  2.3e-01  2.7e-01  2.2e-03  2.7e-01
 123  T 0   1.595e+08  -6e-06  0.97  4.1e-02  3.7e-06  2.5e-02  1.3e-01  2.8e-01  1.6e-03  2.8e-01
 124  T 0   1.595e+08  -3e-05  0.97  5.0e-02  3.4e-06  9.2e-03  4.9e-02  2.8e-01  1.9e-03  2.8e-01
 125  T 0   1.595e+08   5e-06  0.98  6.0e-02  3.3e-06  2.8e-02  1.2e-01  2.8e-01  1.6e-03  2.8e-01
 126  F 0   1.595e+08   5e-06  0.98  4.2e-02  3.3e-06  0.0e+00  0.0e+00  2.8e-01  2.2e-03  2.8e-01
 126  F 1   1.595e+08   5e-06  0.98  2.9e-02  3.3e-06  0.0e+00  0.0e+00  2.7e-01  1.8e-03  2.7e-01
 126  F 2   1.595e+08   5e-06  0.98  2.0e-02  3.3e-06  0.0e+00  0.0e+00  2.7e-01  2.1e-03  2.7e-01
 126  F 3   1.595e+08   5e-06  0.98  1.4e-02  3.3e-06  0.0e+00  0.0e+00  2.9e-01  1.9e-03  2.9e-01
 126  T 4   1.595e+08   2e-06  0.98  1.7e-02  5.1e-06  1.4e-02  1.8e-01  2.7e-01  1.8e-03  2.7e-01
 127  T 0   1.595e+08  -1e-07  0.98  2.1e-02  5.8e-06  1.7e-02  1.9e-01  2.8e-01  2.1e-03  2.8e-01
 128  T 0   1.595e+08   5e-07  0.98  2.5e-02  4.9e-06  1.8e-02  1.3e-01  2.8e-01  2.2e-03  2.9e-01
 129  T 0   1.595e+08  -4e-07  0.98  3.0e-02  2.9e-06  1.2e-02  8.0e-02  3.0e-01  2.2e-03  3.0e-01
 130  T 0   1.595e+08  -3e-05  0.98  3.6e-02  2.9e-06  9.6e-03  4.4e-02  2.6e-01  1.9e-03  2.7e-01
 131  T 0   1.595e+08  -7e-06  0.98  4.3e-02  2.9e-06  3.6e-02  1.5e-01  2.7e-01  1.9e-03  2.7e-01
 132  F 0   1.595e+08  -7e-06  0.98  3.0e-02  2.9e-06  0.0e+00  0.0e+00  2.7e-01  2.2e-03  2.7e-01
 132  F 1   1.595e+08  -7e-06  0.98  2.1e-02  2.9e-06  0.0e+00  0.0e+00  2.7e-01  1.5e-03  2.7e-01
 132  F 2   1.595e+08  -7e-06  0.98  1.5e-02  2.9e-06  0.0e+00  0.0e+00  2.8e-01  1.9e-03  2.8e-01
 132  T 3   1.595e+08  -2e-06  0.98  1.8e-02  5.9e-06  1.5e-02  1.8e-01  2.8e-01  1.5e-03  2.9e-01
 133  T 0   1.594e+08  -5e-07  0.98  2.1e-02  5.9e-06  1.8e-02  1.8e-01  2.8e-01  2.2e-03  2.8e-01
 134  T 0   1.594e+08   3e-07  0.98  2.5e-02  3.8e-06  1.6e-02  1.1e-01  2.8e-01  2.2e-03  2.8e-01
 135  T 0   1.594e+08   1e-08  0.98  3.0e-02  3.0e-06  1.0e-02  6.0e-02  2.8e-01  2.2e-03  2.8e-01
 136  T 0   1.594e+08  -3e-05  0.98  3.7e-02  3.0e-06  1.2e-02  5.2e-02  2.8e-01  2.1e-03  2.8e-01
 137  T 0   1.594e+08   5e-05  0.98  4.4e-02  3.2e-06  3.7e-02  2.7e-01  3.1e-01  1.9e-03  3.2e-01
 138  F 0   1.594e+08   5e-05  0.98  3.1e-02  3.2e-06  0.0e+00  0.0e+00  2.9e-01  2.2e-03  2.9e-01
 138  F 1   1.594e+08   5e-05  0.98  2.1e-02  3.2e-06  0.0e+00  0.0e+00  2.9e-01  1.5e-03  2.9e-01
 138  F 2   1.594e+08   5e-05  0.98  1.5e-02  3.2e-06  0.0e+00  0.0e+00  3.7e-01  1.5e-03  3.7e-01
 138  F 3   1.594e+08   5e-05  0.98  1.1e-02  3.2e-06  0.0e+00  0.0e+00  2.9e-01  1.5e-03  2.9e-01
 138  T 4   1.594e+08  -1e-05  0.98  1.3e-02  3.8e-06  1.1e-02  1.3e-01  2.8e-01  1.5e-03  2.8e-01
 139  T 0   1.594e+08   7e-06  0.98  1.5e-02  3.5e-06  1.3e-02  1.1e-01  2.7e-01  1.5e-03  2.7e-01
 140  T 0   1.594e+08  -3e-05  0.98  1.8e-02  3.4e-06  1.5e-02  9.6e-02  2.7e-01  1.9e-03  2.7e-01
 141  T 0   1.594e+08  -9e-06  0.98  2.2e-02  3.0e-06  1.0e-02  5.8e-02  2.7e-01  1.9e-03  2.7e-01
 142  T 0   1.594e+08  -1e-05  0.98  2.6e-02  3.0e-06  1.4e-02  5.8e-02  2.7e-01  1.8e-03  2.7e-01
 143  T 0   1.594e+08  -2e-05  0.98  3.1e-02  3.7e-06  2.6e-02  2.0e-01  2.8e-01  1.9e-03  2.8e-01
 144  F 0   1.594e+08  -2e-05  0.98  2.2e-02  3.7e-06  0.0e+00  0.0e+00  2.7e-01  1.8e-03  2.7e-01
 144  F 1   1.594e+08  -2e-05  0.98  1.5e-02  3.7e-06  0.0e+00  0.0e+00  2.8e-01  1.9e-03  2.8e-01
 144  T 2   1.594e+08   3e-06  0.98  1.8e-02  6.2e-06  1.5e-02  1.8e-01  2.8e-01  1.8e-03  2.8e-01
 145  T 0   1.594e+08  -7e-08  0.98  2.2e-02  4.5e-06  1.8e-02  1.5e-01  4.4e-01  2.1e-03  4.4e-01
 146  T 0   1.594e+08  -9e-08  0.98  2.7e-02  3.0e-06  1.4e-02  8.7e-02  3.1e-01  2.3e-03  3.2e-01
 147  T 0   1.594e+08   3e-05  0.98  3.2e-02  3.0e-06  9.0e-03  4.1e-02  4.0e-01  1.9e-03  4.0e-01
 148  T 0   1.594e+08   2e-15  0.98  3.8e-02  3.1e-06  3.2e-02  1.3e-01  2.8e-01  2.8e-03  2.8e-01
 149  F 0   1.594e+08   2e-15  0.98  2.7e-02  3.1e-06  0.0e+00  0.0e+00  2.8e-01  2.2e-03  2.8e-01
 149  F 1   1.594e+08   2e-15  0.98  1.9e-02  3.1e-06  0.0e+00  0.0e+00  3.2e-01  1.8e-03  3.2e-01
 149  F 2   1.594e+08   2e-15  0.98  1.3e-02  3.1e-06  0.0e+00  0.0e+00  3.1e-01  1.9e-03  3.1e-01
 149  F 3   1.594e+08   2e-15  0.98  9.2e-03  3.1e-06  0.0e+00  0.0e+00  3.0e-01  1.8e-03  3.0e-01
 149  T 4   1.594e+08   2e-05  0.98  1.1e-02  3.4e-06  9.2e-03  1.1e-01  2.8e-01  1.6e-03  2.9e-01
 150  T 0   1.594e+08  -7e-06  0.98  1.3e-02  3.6e-06  1.1e-02  1.1e-01  2.7e-01  2.0e-03  2.7e-01
 151  T 0   1.593e+08   2e-05  0.98  1.6e-02  3.2e-06  1.3e-02  7.0e-02  2.7e-01  2.0e-03  2.7e-01
 152  T 0   1.593e+08   5e-07  0.98  1.9e-02  3.1e-06  1.4e-02  5.9e-02  2.7e-01  1.6e-03  2.7e-01
 153  T 0   1.593e+08  -5e-06  0.98  2.3e-02  3.2e-06  1.9e-02  8.6e-02  2.7e-01  1.6e-03  2.7e-01
 154  F 0   1.593e+08  -5e-06  0.98  1.6e-02  3.2e-06  0.0e+00  0.0e+00  2.8e-01  2.3e-03  2.8e-01
 154  T 1   1.593e+08  -1e-05  0.98  1.9e-02  5.8e-06  1.6e-02  1.6e-01  4.3e-01  1.5e-03  4.3e-01
 155  T 0   1.593e+08   7e-06  0.98  2.3e-02  3.9e-06  1.9e-02  1.6e-01  3.0e-01  2.2e-03  3.0e-01
 156  T 0   1.593e+08  -2e-05  0.98  2.8e-02  3.1e-06  1.3e-02  8.6e-02  3.0e-01  1.9e-03  3.0e-01
 157  T 0   1.593e+08   7e-07  0.98  3.3e-02  3.1e-06  9.3e-03  4.2e-02  2.8e-01  1.6e-03  2.8e-01
 158  T 0   1.593e+08  -7e-07  0.98  4.0e-02  3.1e-06  2.0e-02  7.2e-02  2.8e-01  1.5e-03  2.8e-01
 159  F 0   1.593e+08  -7e-07  0.98  2.8e-02  3.1e-06  0.0e+00  0.0e+00  2.7e-01  2.2e-03  2.7e-01
 159  F 1   1.593e+08  -7e-07  0.98  2.0e-02  3.1e-06  0.0e+00  0.0e+00  2.7e-01  1.8e-03  2.7e-01
 159  F 2   1.593e+08  -7e-07  0.98  1.4e-02  3.1e-06  0.0e+00  0.0e+00  2.7e-01  1.9e-03  2.7e-01
 159  T 3   1.593e+08   1e-05  0.98  1.6e-02  4.8e-06  1.4e-02  1.6e-01  2.7e-01  1.6e-03  2.7e-01
 160  T 0   1.593e+08  -2e-05  0.98  2.0e-02  5.2e-06  1.6e-02  1.6e-01  2.8e-01  1.8e-03  2.8e-01
 161  T 0   1.593e+08   2e-05  0.98  2.4e-02  3.2e-06  1.6e-02  9.4e-02  3.0e-01  1.9e-03  3.0e-01
 162  T 0   1.593e+08  -2e-06  0.98  2.8e-02  3.0e-06  9.5e-03  4.8e-02  3.0e-01  1.7e-03  3.1e-01
 163  T 0   1.593e+08   2e-06  0.98  3.4e-02  3.1e-06  1.4e-02  5.0e-02  2.8e-01  1.6e-03  2.8e-01
 164  T 0   1.593e+08   4e-08  0.98  4.1e-02  6.6e-06  3.4e-02  3.1e-01  2.9e-01  2.3e-03  2.9e-01
 165  F 0   1.593e+08   4e-08  0.98  2.9e-02  6.6e-06  0.0e+00  0.0e+00  2.7e-01  1.8e-03  2.7e-01
 165  F 1   1.593e+08   4e-08  0.98  2.0e-02  6.6e-06  0.0e+00  0.0e+00  2.8e-01  1.8e-03  2.8e-01
 165  T 2   1.593e+08   2e-05  0.98  2.4e-02  5.0e-06  2.0e-02  2.3e-01  2.7e-01  1.5e-03  2.7e-01
 166  T 0   1.593e+08   0e+00  0.98  2.9e-02  6.0e-06  2.4e-02  1.5e-01  3.1e-01  2.1e-03  3.1e-01
 167  T 0   1.593e+08   3e-05  0.98  3.5e-02  3.2e-06  1.5e-02  8.8e-02  3.0e-01  2.0e-03  3.0e-01
 168  T 0   1.593e+08   1e-05  0.98  4.2e-02  3.1e-06  9.0e-03  3.4e-02  3.1e-01  1.9e-03  3.1e-01
 169  T 0   1.593e+08  -1e-06  0.98  5.0e-02  3.1e-06  4.1e-02  1.4e-01  2.8e-01  2.1e-03  2.8e-01
 170  F 0   1.593e+08  -1e-06  0.98  3.5e-02  3.1e-06  0.0e+00  0.0e+00  2.7e-01  2.2e-03  2.7e-01
 170  F 1   1.593e+08  -1e-06  0.98  2.4e-02  3.1e-06  0.0e+00  0.0e+00  2.7e-01  1.8e-03  2.7e-01
 170  F 2   1.593e+08  -1e-06  0.98  1.7e-02  3.1e-06  0.0e+00  0.0e+00  2.7e-01  1.8e-03  2.7e-01
 170  F 3   1.593e+08  -1e-06  0.98  1.2e-02  3.1e-06  0.0e+00  0.0e+00  2.8e-01  1.8e-03  2.8e-01
 170  T 4   1.593e+08  -7e-06  0.98  1.4e-02  3.9e-06  1.2e-02  1.4e-01  3.2e-01  2.0e-03  3.3e-01
 171  T 0   1.593e+08  -2e-06  0.98  1.7e-02  3.8e-06  1.4e-02  1.5e-01  3.0e-01  2.4e-03  3.0e-01
 172  T 0   1.593e+08  -1e-08  0.98  2.1e-02  4.4e-06  1.7e-02  1.1e-01  3.1e-01  2.9e-03  3.1e-01
 173  T 0   1.593e+08   3e-07  0.98  2.5e-02  3.2e-06  1.1e-02  6.7e-02  3.0e-01  2.2e-03  3.1e-01
 174  T 0   1.593e+08  -2e-05  0.98  3.0e-02  3.1e-06  9.8e-03  3.3e-02  2.9e-01  1.9e-03  2.9e-01
 175  T 0   1.592e+08  -1e-06  0.98  3.6e-02  3.1e-06  3.0e-02  1.3e-01  2.9e-01  1.9e-03  3.0e-01
 176  F 0   1.592e+08  -1e-06  0.98  2.5e-02  3.1e-06  0.0e+00  0.0e+00  2.7e-01  2.4e-03  2.7e-01
 176  F 1   1.592e+08  -1e-06  0.98  1.8e-02  3.1e-06  0.0e+00  0.0e+00  3.3e-01  2.1e-03  3.3e-01
 176  F 2   1.592e+08  -1e-06  0.98  1.2e-02  3.1e-06  0.0e+00  0.0e+00  2.9e-01  1.8e-03  2.9e-01
 176  T 3   1.592e+08   1e-06  0.98  1.5e-02  4.1e-06  1.2e-02  1.5e-01  2.7e-01  2.1e-03  2.7e-01
 177  T 0   1.592e+08  -1e-06  0.98  1.8e-02  3.8e-06  1.5e-02  1.5e-01  2.7e-01  2.2e-03  2.7e-01
 178  T 0   1.592e+08   3e-07  0.98  2.1e-02  4.0e-06  1.6e-02  1.0e-01  2.9e-01  2.1e-03  3.0e-01
 179  T 0   1.592e+08   4e-05  0.98  2.5e-02  2.9e-06  9.2e-03  5.8e-02  2.9e-01  1.9e-03  3.0e-01
 180  T 0   1.592e+08   3e-05  0.98  3.0e-02  2.9e-06  9.6e-03  3.3e-02  2.8e-01  1.9e-03  2.8e-01
 181  T 0   1.592e+08   4e-07  0.98  3.7e-02  3.0e-06  3.0e-02  1.8e-01  2.7e-01  2.1e-03  2.7e-01
 182  F 0   1.592e+08   4e-07  0.98  2.6e-02  3.0e-06  0.0e+00  0.0e+00  3.6e-01  2.1e-03  3.6e-01
 182  F 1   1.592e+08   4e-07  0.98  1.8e-02  3.0e-06  0.0e+00  0.0e+00  2.8e-01  1.8e-03  2.8e-01
 182  F 2   1.592e+08   4e-07  0.98  1.3e-02  3.0e-06  0.0e+00  0.0e+00  2.7e-01  1.8e-03  2.7e-01
 182  T 3   1.592e+08  -2e-06  0.98  1.5e-02  4.2e-06  1.3e-02  1.5e-01  3.0e-01  2.1e-03  3.0e-01
 183  T 0   1.592e+08   3e-05  0.98  1.8e-02  3.7e-06  1.5e-02  1.5e-01  2.7e-01  1.8e-03  2.7e-01
 184  T 0   1.592e+08  -1e-05  0.98  2.2e-02  3.6e-06  1.5e-02  9.7e-02  2.7e-01  1.9e-03  2.7e-01
 185  T 0   1.592e+08   7e-06  0.98  2.6e-02  2.6e-06  8.7e-03  5.1e-02  2.7e-01  1.5e-03  2.7e-01
 186  T 0   1.592e+08  -3e-06  0.98  3.1e-02  2.6e-06  8.7e-03  3.1e-02  3.6e-01  1.6e-03  3.6e-01
 187  T 0   1.592e+08  -8e-06  0.98  3.7e-02  2.7e-06  3.1e-02  2.2e-01  2.8e-01  1.6e-03  2.8e-01
 188  F 0   1.592e+08  -8e-06  0.98  2.6e-02  2.7e-06  0.0e+00  0.0e+00  2.7e-01  2.1e-03  2.7e-01
 188  F 1   1.592e+08  -8e-06  0.98  1.8e-02  2.7e-06  0.0e+00  0.0e+00  2.7e-01  1.8e-03  2.7e-01
 188  F 2   1.592e+08  -8e-06  0.98  1.3e-02  2.7e-06  0.0e+00  0.0e+00  2.7e-01  1.8e-03  2.7e-01
 188  T 3   1.592e+08   3e-05  0.98  1.5e-02  4.3e-06  1.3e-02  1.5e-01  2.6e-01  1.5e-03  2.7e-01
 189  T 0   1.592e+08  -6e-07  0.98  1.9e-02  4.3e-06  1.5e-02  1.5e-01  2.7e-01  2.1e-03  2.7e-01
 190  T 0   1.592e+08   8e-07  0.98  2.2e-02  3.6e-06  1.5e-02  9.8e-02  2.6e-01  2.1e-03  2.7e-01
 191  T 0   1.592e+08   3e-07  0.98  2.7e-02  2.7e-06  9.1e-03  4.6e-02  2.7e-01  2.1e-03  2.7e-01
 192  T 0   1.592e+08  -2e-05  0.98  3.2e-02  2.7e-06  9.4e-03  3.1e-02  2.7e-01  1.9e-03  2.7e-01
 193  T 0   1.592e+08  -3e-07  0.98  3.8e-02  2.7e-06  3.2e-02  2.5e-01  2.7e-01  2.1e-03  2.7e-01
 194  F 0   1.592e+08  -3e-07  0.98  2.7e-02  2.7e-06  0.0e+00  0.0e+00  2.9e-01  2.1e-03  2.9e-01
 194  F 1   1.592e+08  -3e-07  0.98  1.9e-02  2.7e-06  0.0e+00  0.0e+00  2.7e-01  1.9e-03  2.7e-01
 194  F 2   1.592e+08  -3e-07  0.98  1.3e-02  2.7e-06  0.0e+00  0.0e+00  2.7e-01  1.2e-03  2.7e-01
 194  T 3   1.592e+08   6e-06  0.98  1.6e-02  5.1e-06  1.3e-02  1.6e-01  3.0e-01  1.2e-03  3.0e-01
 195  T 0   1.592e+08   2e-06  0.98  1.9e-02  4.7e-06  1.6e-02  1.6e-01  2.9e-01  2.3e-03  3.0e-01
 196  T 0   1.592e+08   6e-07  0.98  2.3e-02  3.9e-06  1.6e-02  1.0e-01  2.9e-01  2.2e-03  3.0e-01
 197  T 0   1.592e+08   4e-07  0.98  2.7e-02  2.7e-06  9.2e-03  4.4e-02  3.0e-01  2.4e-03  3.0e-01
 198  T 0   1.592e+08  -2e-05  0.98  3.3e-02  2.7e-06  9.2e-03  3.0e-02  3.0e-01  1.9e-03  3.0e-01
 199  T 0   1.592e+08  -1e-08  0.98  3.9e-02  2.6e-06  3.3e-02  2.8e-01  2.7e-01  2.1e-03  2.8e-01
 200  F 0   1.592e+08  -1e-08  0.98  2.8e-02  2.6e-06  0.0e+00  0.0e+00  3.0e-01  2.1e-03  3.0e-01
 200  F 1   1.592e+08  -1e-08  0.98  1.9e-02  2.6e-06  0.0e+00  0.0e+00  3.1e-01  1.9e-03  3.1e-01
 200  T 2   1.592e+08   4e-06  0.98  2.3e-02  4.8e-06  1.9e-02  2.3e-01  2.9e-01  1.8e-03  2.9e-01
 201  F 0   1.592e+08   4e-06  0.98  1.6e-02  4.8e-06  0.0e+00  0.0e+00  2.8e-01  2.2e-03  2.8e-01
 201  T 1   1.592e+08  -3e-06  0.98  1.9e-02  4.1e-06  1.6e-02  1.7e-01  2.8e-01  1.9e-03  2.8e-01
 202  T 0   1.591e+08   5e-08  0.98  2.3e-02  4.5e-06  1.9e-02  1.1e-01  2.8e-01  2.2e-03  2.8e-01
 203  T 0   1.591e+08   3e-05  0.98  2.8e-02  2.7e-06  1.2e-02  6.7e-02  2.9e-01  2.0e-03  2.9e-01
 204  T 0   1.591e+08   2e-05  0.98  3.4e-02  2.6e-06  7.8e-03  2.9e-02  2.8e-01  1.9e-03  2.8e-01
 205  T 0   1.591e+08   4e-06  0.98  4.0e-02  2.5e-06  3.1e-02  1.0e-01  2.9e-01  1.9e-03  2.9e-01
 206  F 0   1.591e+08   4e-06  0.98  2.8e-02  2.5e-06  0.0e+00  0.0e+00  3.1e-01  2.2e-03  3.1e-01
 206  F 1   1.591e+08   4e-06  0.98  2.0e-02  2.5e-06  0.0e+00  0.0e+00  3.1e-01  1.8e-03  3.1e-01
 206  F 2   1.591e+08   4e-06  0.98  1.4e-02  2.5e-06  0.0e+00  0.0e+00  2.8e-01  1.5e-03  2.8e-01
 206  F 3   1.591e+08   4e-06  0.98  9.7e-03  2.5e-06  0.0e+00  0.0e+00  2.8e-01  1.5e-03  2.9e-01
 206  T 4   1.591e+08  -9e-07  0.98  1.2e-02  3.1e-06  9.7e-03  1.1e-01  2.7e-01  1.6e-03  2.7e-01
 207  T 0   1.591e+08   3e-05  0.98  1.4e-02  3.2e-06  1.2e-02  1.2e-01  2.7e-01  1.9e-03  2.7e-01
 208  F 0   1.591e+08   3e-05  0.98  9.7e-03  3.2e-06  0.0e+00  0.0e+00  2.8e-01  1.9e-03  2.8e-01
 208  F 1   1.591e+08   3e-05  0.98  6.8e-03  3.2e-06  0.0e+00  0.0e+00  2.9e-01  1.5e-03  2.9e-01
 208  T 2   1.591e+08  -1e-05  0.98  8.2e-03  2.4e-06  6.8e-03  6.1e-02  2.9e-01  1.5e-03  3.0e-01
 209  T 0   1.591e+08  -3e-06  0.98  9.8e-03  2.3e-06  8.1e-03  3.2e-02  2.7e-01  1.5e-03  2.7e-01
 210  T 0   1.591e+08  -9e-06  0.98  1.2e-02  2.3e-06  9.8e-03  5.5e-02  2.8e-01  1.8e-03  2.8e-01
 211  T 0   1.591e+08   7e-06  0.98  1.4e-02  4.0e-06  1.2e-02  1.2e-01  2.7e-01  1.9e-03  2.7e-01
 212  T 0   1.591e+08   6e-07  0.98  1.7e-02  4.4e-06  1.4e-02  1.2e-01  2.8e-01  2.2e-03  2.8e-01
 213  T 0   1.591e+08   3e-07  0.98  2.0e-02  2.4e-06  1.3e-02  6.3e-02  2.8e-01  2.2e-03  2.8e-01
 214  F 0   1.591e+08   3e-07  0.98  1.4e-02  2.4e-06  0.0e+00  0.0e+00  2.8e-01  1.9e-03  2.8e-01
 214  F 1   1.591e+08   3e-07  0.98  1.0e-02  2.4e-06  0.0e+00  0.0e+00  2.7e-01  1.5e-03  2.7e-01
 214  F 2   1.591e+08   3e-07  0.98  7.0e-03  2.4e-06  0.0e+00  0.0e+00  2.7e-01  1.5e-03  2.7e-01
 214  F 3   1.591e+08   3e-07  0.98  4.9e-03  2.4e-06  0.0e+00  0.0e+00  2.7e-01  1.5e-03  2.7e-01
 214  F 4   1.591e+08   3e-07  0.98  3.4e-03  2.4e-06  0.0e+00  0.0e+00  2.7e-01  1.5e-03  2.7e-01
 214  F 5   1.591e+08   3e-07  0.98  2.4e-03  2.4e-06  0.0e+00  0.0e+00  2.7e-01  1.5e-03  2.7e-01
 214  F 6   1.591e+08   3e-07  0.98  1.7e-03  2.4e-06  0.0e+00  0.0e+00  2.8e-01  1.5e-03  2.8e-01
 214  F 7   1.591e+08   3e-07  0.98  1.2e-03  2.4e-06  0.0e+00  0.0e+00  2.8e-01  1.5e-03  2.8e-01
 214  F 8   1.591e+08   3e-07  0.98  8.2e-04  2.4e-06  0.0e+00  0.0e+00  2.8e-01  1.5e-03  2.8e-01
 214  F 9   1.591e+08   3e-07  0.98  5.8e-04  2.4e-06  0.0e+00  0.0e+00  2.9e-01  1.3e-03  2.9e-01
 214  F10   1.591e+08   3e-07  0.98  4.0e-04  2.4e-06  0.0e+00  0.0e+00  2.8e-01  1.2e-03  2.9e-01
 214  F11   1.591e+08   3e-07  0.98  2.8e-04  2.4e-06  0.0e+00  0.0e+00  2.8e-01  1.2e-03  2.8e-01
 214  F12   1.591e+08   3e-07  0.98  2.0e-04  2.4e-06  0.0e+00  0.0e+00  3.0e-01  1.2e-03  3.0e-01
 214  F13   1.591e+08   3e-07  0.98  1.4e-04  2.4e-06  0.0e+00  0.0e+00  2.9e-01  1.2e-03  2.9e-01
 214  F14   1.591e+08   3e-07  0.98  9.7e-05  2.4e-06  0.0e+00  0.0e+00  2.8e-01  1.2e-03  2.9e-01
 214  F15   1.591e+08   3e-07  0.98  6.8e-05  2.4e-06  0.0e+00  0.0e+00  2.8e-01  1.2e-03  2.9e-01
 214  F16   1.591e+08   3e-07  0.98  4.7e-05  2.4e-06  0.0e+00  0.0e+00  3.0e-01  1.2e-03  3.0e-01
 214  F17   1.591e+08   3e-07  0.98  3.3e-05  2.4e-06  0.0e+00  0.0e+00  2.8e-01  1.3e-03  2.9e-01
 214  F18   1.591e+08   3e-07  0.98  2.3e-05  2.4e-06  0.0e+00  0.0e+00  3.0e-01  1.2e-03  3.0e-01
 214  F19   1.591e+08   3e-07  0.98  1.6e-05  2.4e-06  0.0e+00  0.0e+00  3.0e-01  1.5e-03  3.0e-01
 214  F20   1.591e+08   3e-07  0.98  1.1e-05  2.4e-06  0.0e+00  0.0e+00  2.9e-01  1.2e-03  2.9e-01
 214  F21   1.591e+08   3e-07  0.98  8.0e-06  2.4e-06  0.0e+00  0.0e+00  3.0e-01  1.2e-03  3.0e-01
 214  F22   1.591e+08   3e-07  0.98  5.6e-06  2.4e-06  0.0e+00  0.0e+00  2.9e-01  9.4e-04  2.9e-01
 214  F23   1.591e+08   3e-07  0.98  3.9e-06  2.4e-06  0.0e+00  0.0e+00  3.0e-01  1.2e-03  3.0e-01
 214  F24   1.591e+08   3e-07  0.98  2.7e-06  2.4e-06  0.0e+00  0.0e+00  3.0e-01  1.2e-03  3.0e-01
 214  F25   1.591e+08   3e-07  0.98  1.9e-06  2.4e-06  0.0e+00  0.0e+00  3.3e-01  1.4e-03  3.3e-01
 214  F26   1.591e+08   3e-07  0.98  1.3e-06  2.4e-06  0.0e+00  0.0e+00  3.4e-01  1.2e-03  3.4e-01
 214  F27   1.591e+08   3e-07  0.98  9.4e-07  2.4e-06  0.0e+00  0.0e+00  2.8e-01  1.2e-03  2.8e-01
 214  F28   1.591e+08   3e-07  0.98  6.6e-07  2.4e-06  0.0e+00  0.0e+00  2.8e-01  1.2e-03  2.9e-01
 214  F29   1.591e+08   3e-07  0.98  4.6e-07  2.4e-06  0.0e+00  0.0e+00  3.0e-01  1.2e-03  3.0e-01
 214  F30   1.591e+08   3e-07  0.98  3.2e-07  2.4e-06  0.0e+00  0.0e+00  2.8e-01  1.2e-03  2.9e-01
 214  F31   1.591e+08   3e-07  0.98  2.2e-07  2.4e-06  0.0e+00  0.0e+00  2.8e-01  1.2e-03  2.9e-01
Enforced Termination; excessively reduced trust-region
Total number of system evaluations: 335
