   k  l     Obj         Vio    Bou   ML       |KKT|    |dX|     ||dX||   T_s      T_o      T_t
   0  T 0   4.248e+08   1e-02  0.00  1.0e-01  3.0e+03  1.0e+00  1.0e+00  4.6e-01  0.0e+00  0.0e+00
   1  T 0   4.153e+08  -1e-02  0.00  1.0e-01  3.0e+03  3.0e-03  1.6e-01  2.2e-01  1.3e-03  2.2e-01
   2  T 0   1.289e+08   6e-09  0.00  1.0e-01  3.0e-02  1.0e-01  3.8e+00  2.1e-01  5.7e-03  2.1e-01
   3  T 0   9.843e+07  -8e-02  0.04  1.0e-01  2.8e-01  1.0e-01  1.8e+00  2.7e-01  1.7e-03  2.7e-01
   4  T 0   7.059e+07  -1e-01  0.07  1.0e-01  2.5e-02  1.0e-01  1.5e+00  2.4e-01  1.3e-03  2.4e-01
   5  F 0   7.059e+07  -1e-01  0.07  7.0e-02  2.5e-02  0.0e+00  0.0e+00  2.5e-01  1.2e-03  2.5e-01
   5  T 1   5.201e+07  -2e-01  0.18  8.4e-02  5.1e-01  7.0e-02  2.5e+00  2.2e-01  1.0e-03  2.3e-01
   6  T 0   4.018e+07  -2e-01  0.18  1.0e-01  4.8e-02  8.4e-02  9.5e-01  2.1e-01  1.3e-03  2.1e-01
   7  F 0   4.018e+07  -2e-01  0.18  7.0e-02  4.8e-02  0.0e+00  0.0e+00  2.1e-01  1.2e-03  2.1e-01
   7  T 1   3.161e+07  -2e-01  0.37  8.4e-02  1.8e-01  7.0e-02  3.5e+00  2.4e-01  1.0e-03  2.4e-01
   8  T 0   2.144e+07  -2e-01  0.36  1.0e-01  2.4e-02  8.4e-02  1.2e+00  2.4e-01  1.3e-03  2.4e-01
   9  T 0   1.907e+07  -2e-01  0.38  1.0e-01  1.2e-03  7.1e-02  5.3e-01  2.3e-01  1.3e-03  2.3e-01
  10  T 0   1.324e+07  -2e-01  0.51  1.0e-01  3.2e-02  1.0e-01  2.0e+00  2.3e-01  1.3e-03  2.3e-01
  11  F 0   1.324e+07  -2e-01  0.51  7.0e-02  3.2e-02  0.0e+00  0.0e+00  2.3e-01  1.3e-03  2.3e-01
  11  T 1   1.265e+07  -2e-01  0.59  8.4e-02  1.3e-01  7.0e-02  2.8e+00  2.4e-01  1.0e-03  2.4e-01
  12  T 0   8.191e+06  -3e-01  0.60  1.0e-01  2.1e-03  8.4e-02  3.3e+00  2.1e-01  1.2e-03  2.1e-01
  13  T 0   6.211e+06  -3e-01  0.68  1.0e-01  1.7e-02  1.0e-01  3.5e+00  2.0e-01  1.2e-03  2.0e-01
  14  T 0   5.667e+06  -3e-01  0.72  1.0e-01  4.4e-04  1.0e-01  3.3e+00  2.1e-01  1.2e-03  2.1e-01
  15  T 0   4.778e+06  -3e-01  0.74  1.0e-01  3.0e-04  1.0e-01  2.0e+00  2.5e-01  1.3e-03  2.5e-01
  16  T 0   4.513e+06  -3e-01  0.75  1.0e-01  1.0e-04  1.0e-01  1.1e+00  2.1e-01  1.5e-03  2.1e-01
  17  T 0   4.102e+06  -3e-01  0.77  1.0e-01  6.2e-04  1.0e-01  1.4e+00  2.0e-01  1.2e-03  2.0e-01
  18  T 0   3.930e+06  -3e-01  0.78  1.0e-01  9.2e-05  1.0e-01  1.1e+00  2.3e-01  1.3e-03  2.3e-01
  19  T 0   3.629e+06  -2e-01  0.79  1.0e-01  3.9e-04  1.0e-01  1.3e+00  2.0e-01  1.2e-03  2.0e-01
  20  T 0   3.495e+06  -2e-01  0.83  1.0e-01  5.3e-04  1.0e-01  2.5e+00  2.1e-01  1.2e-03  2.2e-01
  21  T 0   3.349e+06  -2e-01  0.83  1.0e-01  1.3e-04  1.0e-01  2.0e+00  2.2e-01  1.3e-03  2.2e-01
  22  T 0   3.141e+06  -2e-01  0.83  1.0e-01  7.3e-05  1.0e-01  1.1e+00  2.2e-01  1.3e-03  2.2e-01
  23  T 0   3.063e+06  -2e-01  0.84  1.0e-01  5.6e-05  6.6e-02  4.8e-01  2.0e-01  1.2e-03  2.0e-01
  24  T 0   2.979e+06  -2e-01  0.85  1.0e-01  1.9e-04  8.5e-02  5.6e-01  2.0e-01  1.3e-03  2.0e-01
  25  T 0   2.783e+06  -9e-02  0.90  1.0e-01  2.0e-04  1.0e-01  2.0e+00  2.0e-01  1.2e-03  2.0e-01
  26  T 0   2.771e+06  -4e-02  0.91  1.0e-01  1.3e-04  1.0e-01  1.8e+00  2.0e-01  1.3e-03  2.1e-01
  27  F 0   2.771e+06  -4e-02  0.91  7.0e-02  1.3e-04  0.0e+00  0.0e+00  2.1e-01  1.3e-03  2.2e-01
  27  T 1   2.717e+06  -3e-02  0.87  8.4e-02  1.2e-04  7.0e-02  1.2e+00  2.1e-01  1.1e-03  2.1e-01
  28  T 0   2.629e+06  -2e-02  0.89  1.0e-01  5.5e-05  8.4e-02  6.2e-01  2.0e-01  1.7e-03  2.0e-01
  29  T 0   2.602e+06  -2e-02  0.89  1.0e-01  1.0e-04  4.2e-02  2.6e-01  2.1e-01  1.2e-03  2.1e-01
  30  T 0   2.570e+06  -9e-03  0.91  1.0e-01  3.6e-05  5.3e-02  3.3e-01  2.1e-01  1.3e-03  2.1e-01
  31  T 0   2.505e+06   6e-06  0.93  1.0e-01  6.2e-05  1.0e-01  1.6e+00  2.0e-01  2.2e-03  2.1e-01
  32  F 0   2.505e+06   6e-06  0.93  7.0e-02  6.2e-05  0.0e+00  0.0e+00  2.1e-01  2.2e-03  2.2e-01
  32  F 1   2.505e+06   6e-06  0.93  4.9e-02  6.2e-05  0.0e+00  0.0e+00  2.0e-01  1.9e-03  2.1e-01
  32  T 2   2.494e+06   3e-06  0.94  5.9e-02  4.2e-05  4.9e-02  7.1e-01  2.0e-01  1.7e-03  2.1e-01
  33  T 0   2.475e+06  -2e-07  0.93  7.1e-02  4.9e-05  5.9e-02  4.4e-01  2.0e-01  2.1e-03  2.0e-01
  34  T 0   2.464e+06  -1e-07  0.94  8.5e-02  7.0e-05  4.5e-02  2.3e-01  2.1e-01  2.1e-03  2.1e-01
  35  T 0   2.456e+06  -3e-06  0.95  1.0e-01  2.3e-05  4.1e-02  1.9e-01  2.0e-01  1.7e-03  2.0e-01
  36  T 0   2.432e+06   8e-05  0.96  1.0e-01  2.3e-05  1.0e-01  1.3e+00  2.0e-01  2.3e-03  2.0e-01
  37  F 0   2.432e+06   8e-05  0.96  7.0e-02  2.3e-05  0.0e+00  0.0e+00  2.0e-01  1.9e-03  2.0e-01
  37  T 1   2.431e+06   2e-08  0.97  8.4e-02  3.6e-05  7.0e-02  7.2e-01  2.2e-01  1.9e-03  2.2e-01
  38  F 0   2.431e+06   2e-08  0.97  5.9e-02  3.6e-05  0.0e+00  0.0e+00  2.2e-01  1.7e-03  2.2e-01
  38  F 1   2.431e+06   2e-08  0.97  4.1e-02  3.6e-05  0.0e+00  0.0e+00  2.1e-01  1.6e-03  2.2e-01
  38  T 2   2.429e+06  -2e-06  0.96  4.9e-02  3.8e-05  4.1e-02  3.9e-01  2.1e-01  1.6e-03  2.1e-01
  39  T 0   2.422e+06  -8e-07  0.96  5.9e-02  2.4e-05  4.1e-02  2.0e-01  2.1e-01  2.2e-03  2.1e-01
  40  T 0   2.421e+06  -2e-07  0.97  7.1e-02  1.2e-05  2.4e-02  8.4e-02  2.0e-01  2.1e-03  2.1e-01
  41  T 0   2.418e+06  -3e-15  0.97  8.5e-02  2.6e-05  6.1e-02  1.6e-01  2.0e-01  1.8e-03  2.0e-01
  42  T 0   2.413e+06   3e-07  0.97  1.0e-01  1.3e-05  8.5e-02  8.2e-01  2.1e-01  2.3e-03  2.2e-01
  43  F 0   2.413e+06   3e-07  0.97  7.0e-02  1.3e-05  0.0e+00  0.0e+00  2.4e-01  1.7e-03  2.4e-01
  43  F 1   2.413e+06   3e-07  0.97  4.9e-02  1.3e-05  0.0e+00  0.0e+00  2.3e-01  1.8e-03  2.3e-01
  43  T 2   2.412e+06   1e-05  0.98  5.9e-02  1.8e-05  4.9e-02  4.4e-01  2.1e-01  1.7e-03  2.1e-01
  44  T 0   2.411e+06   2e-07  0.98  7.1e-02  2.5e-05  5.9e-02  3.4e-01  2.2e-01  1.7e-03  2.2e-01
  45  T 0   2.409e+06   5e-06  0.97  8.5e-02  1.5e-05  5.3e-02  1.9e-01  2.1e-01  1.7e-03  2.2e-01
  46  T 0   2.408e+06   2e-06  0.98  1.0e-01  4.8e-05  5.1e-02  7.9e-02  2.0e-01  1.7e-03  2.0e-01
  47  T 0   2.407e+06  -2e-06  0.98  1.0e-01  1.9e-05  1.0e-01  8.1e-01  2.0e-01  2.0e-03  2.1e-01
  48  F 0   2.407e+06  -2e-06  0.98  7.0e-02  1.9e-05  0.0e+00  0.0e+00  2.0e-01  1.9e-03  2.0e-01
  48  F 1   2.407e+06  -2e-06  0.98  4.9e-02  1.9e-05  0.0e+00  0.0e+00  2.0e-01  1.7e-03  2.0e-01
  48  F 2   2.407e+06  -2e-06  0.98  3.4e-02  1.9e-05  0.0e+00  0.0e+00  2.0e-01  1.9e-03  2.1e-01
  48  T 3   2.406e+06  -3e-07  0.98  4.1e-02  2.0e-05  3.4e-02  2.8e-01  2.0e-01  1.9e-03  2.1e-01
  49  T 0   2.405e+06   4e-06  0.98  4.9e-02  1.0e-05  4.1e-02  1.4e-01  2.1e-01  1.8e-03  2.1e-01
  50  T 0   2.404e+06  -9e-06  0.98  5.9e-02  5.3e-06  4.0e-02  9.7e-02  2.0e-01  1.8e-03  2.0e-01
  51  T 0   2.404e+06   1e-07  0.98  7.1e-02  4.5e-06  2.9e-02  9.1e-02  2.1e-01  1.7e-03  2.1e-01
  52  T 0   2.403e+06   2e-08  0.98  8.5e-02  4.0e-06  7.1e-02  2.1e-01  2.1e-01  1.9e-03  2.1e-01
  53  F 0   2.403e+06   2e-08  0.98  6.0e-02  4.0e-06  0.0e+00  0.0e+00  2.0e-01  1.9e-03  2.1e-01
  53  F 1   2.403e+06   2e-08  0.98  4.2e-02  4.0e-06  0.0e+00  0.0e+00  2.4e-01  1.7e-03  2.4e-01
  53  F 2   2.403e+06   2e-08  0.98  2.9e-02  4.0e-06  0.0e+00  0.0e+00  2.0e-01  1.5e-03  2.1e-01
  53  F 3   2.403e+06   2e-08  0.98  2.0e-02  4.0e-06  0.0e+00  0.0e+00  2.0e-01  1.5e-03  2.0e-01
  53  T 4   2.403e+06   6e-06  0.98  2.5e-02  5.6e-06  2.0e-02  1.4e-01  2.1e-01  1.5e-03  2.2e-01
  54  T 0   2.403e+06  -9e-06  0.98  3.0e-02  3.5e-06  2.5e-02  9.9e-02  2.0e-01  1.7e-03  2.0e-01
  55  T 0   2.403e+06   5e-07  0.98  3.5e-02  3.0e-06  1.6e-02  5.3e-02  2.0e-01  1.7e-03  2.1e-01
  56  T 0   2.403e+06   1e-07  0.98  4.2e-02  2.8e-06  1.8e-02  4.7e-02  2.0e-01  1.9e-03  2.1e-01
  57  T 0   2.402e+06  -8e-06  0.99  5.1e-02  5.2e-06  4.2e-02  2.3e-01  2.0e-01  1.9e-03  2.1e-01
  58  F 0   2.402e+06  -8e-06  0.99  3.6e-02  5.2e-06  0.0e+00  0.0e+00  2.1e-01  2.4e-03  2.1e-01
  58  T 1   2.402e+06   1e-04  0.99  4.3e-02  9.2e-06  3.6e-02  2.4e-01  2.0e-01  1.9e-03  2.0e-01
  59  F 0   2.402e+06   1e-04  0.99  3.0e-02  9.2e-06  0.0e+00  0.0e+00  2.2e-01  1.7e-03  2.2e-01
  59  T 1   2.402e+06   3e-06  0.98  3.6e-02  7.8e-06  3.0e-02  1.7e-01  2.1e-01  1.5e-03  2.1e-01
  60  T 0   2.402e+06   5e-07  0.98  4.3e-02  3.4e-06  3.0e-02  8.3e-02  2.3e-01  2.0e-03  2.3e-01
  61  T 0   2.401e+06  -7e-06  0.99  5.2e-02  2.9e-06  1.4e-02  3.8e-02  2.6e-01  1.7e-03  2.6e-01
  62  T 0   2.401e+06  -5e-06  0.99  6.2e-02  2.8e-06  4.0e-02  9.8e-02  2.0e-01  1.7e-03  2.0e-01
  63  F 0   2.401e+06  -5e-06  0.99  4.4e-02  2.8e-06  0.0e+00  0.0e+00  2.0e-01  2.2e-03  2.1e-01
  63  F 1   2.401e+06  -5e-06  0.99  3.0e-02  2.8e-06  0.0e+00  0.0e+00  2.0e-01  2.2e-03  2.1e-01
  63  F 2   2.401e+06  -5e-06  0.99  2.1e-02  2.8e-06  0.0e+00  0.0e+00  2.0e-01  1.8e-03  2.0e-01
  63  F 3   2.401e+06  -5e-06  0.99  1.5e-02  2.8e-06  0.0e+00  0.0e+00  2.0e-01  1.7e-03  2.0e-01
  63  T 4   2.401e+06   3e-06  0.99  1.8e-02  4.2e-06  1.5e-02  1.0e-01  2.1e-01  1.9e-03  2.1e-01
  64  T 0   2.401e+06  -7e-07  0.99  2.1e-02  3.0e-06  1.8e-02  8.9e-02  2.2e-01  1.7e-03  2.2e-01
  65  T 0   2.401e+06   1e-06  0.99  2.6e-02  2.7e-06  2.1e-02  6.3e-02  2.0e-01  1.7e-03  2.0e-01
  66  T 0   2.401e+06  -4e-06  0.99  3.1e-02  2.7e-06  2.1e-02  6.1e-02  2.3e-01  1.7e-03  2.3e-01
  67  T 0   2.401e+06  -2e-06  0.99  3.7e-02  3.1e-06  2.5e-02  7.1e-02  2.2e-01  1.7e-03  2.2e-01
  68  T 0   2.400e+06  -6e-06  0.99  4.5e-02  3.1e-06  2.9e-02  8.2e-02  2.3e-01  1.7e-03  2.4e-01
  69  T 0   2.400e+06   3e-07  0.99  5.3e-02  3.2e-06  2.1e-02  7.4e-02  2.2e-01  1.8e-03  2.2e-01
  70  T 0   2.400e+06  -5e-06  0.99  6.4e-02  2.4e-06  1.7e-02  4.9e-02  2.4e-01  1.8e-03  2.4e-01
  71  T 0   2.400e+06  -4e-07  0.99  7.7e-02  2.1e-06  1.6e-02  4.2e-02  2.0e-01  1.9e-03  2.1e-01
  72  T 0   2.400e+06  -1e-06  0.99  9.2e-02  2.6e-06  4.7e-02  1.2e-01  2.1e-01  1.7e-03  2.1e-01
  73  F 0   2.400e+06  -1e-06  0.99  6.5e-02  2.6e-06  0.0e+00  0.0e+00  2.1e-01  1.9e-03  2.1e-01
  73  F 1   2.400e+06  -1e-06  0.99  4.5e-02  2.6e-06  0.0e+00  0.0e+00  2.1e-01  1.7e-03  2.1e-01
  73  F 2   2.400e+06  -1e-06  0.99  3.2e-02  2.6e-06  0.0e+00  0.0e+00  2.2e-01  1.7e-03  2.2e-01
  73  F 3   2.400e+06  -1e-06  0.99  2.2e-02  2.6e-06  0.0e+00  0.0e+00  2.1e-01  1.4e-03  2.1e-01
  73  T 4   2.400e+06  -1e-07  0.99  2.7e-02  5.0e-06  2.2e-02  1.2e-01  2.0e-01  1.5e-03  2.1e-01
  74  T 0   2.400e+06  -8e-06  0.99  3.2e-02  4.4e-06  2.7e-02  1.0e-01  2.2e-01  1.7e-03  2.3e-01
  75  T 0   2.400e+06  -1e-06  0.99  3.8e-02  1.8e-06  1.4e-02  4.9e-02  2.1e-01  1.7e-03  2.2e-01
  76  T 0   2.400e+06  -2e-06  0.99  4.6e-02  1.3e-06  7.1e-03  2.1e-02  2.2e-01  1.7e-03  2.2e-01
  77  T 0   2.400e+06  -6e-07  0.99  5.5e-02  1.1e-06  4.6e-02  1.4e-01  2.2e-01  2.1e-03  2.2e-01
  78  T 0   2.399e+06   1e-05  0.99  6.6e-02  3.9e-06  5.5e-02  3.2e-01  2.1e-01  2.0e-03  2.1e-01
  79  F 0   2.399e+06   1e-05  0.99  4.6e-02  3.9e-06  0.0e+00  0.0e+00  2.1e-01  1.9e-03  2.1e-01
  79  F 1   2.399e+06   1e-05  0.99  3.2e-02  3.9e-06  0.0e+00  0.0e+00  2.7e-01  1.9e-03  2.7e-01
  79  F 2   2.399e+06   1e-05  0.99  2.3e-02  3.9e-06  0.0e+00  0.0e+00  2.3e-01  1.7e-03  2.3e-01
  79  F 3   2.399e+06   1e-05  0.99  1.6e-02  3.9e-06  0.0e+00  0.0e+00  2.2e-01  1.9e-03  2.2e-01
  79  T 4   2.399e+06   2e-05  0.99  1.9e-02  4.6e-06  1.6e-02  1.0e-01  2.1e-01  2.0e-03  2.2e-01
  80  T 0   2.399e+06   1e-06  0.99  2.3e-02  3.6e-06  1.9e-02  7.6e-02  2.2e-01  2.1e-03  2.3e-01
  81  T 0   2.399e+06  -8e-06  0.99  2.7e-02  2.2e-06  1.7e-02  4.3e-02  2.3e-01  1.9e-03  2.3e-01
  82  T 0   2.399e+06  -8e-06  0.99  3.3e-02  1.2e-06  1.1e-02  2.4e-02  2.6e-01  1.9e-03  2.6e-01
  83  T 0   2.399e+06   2e-06  0.99  4.0e-02  1.5e-06  2.6e-02  7.9e-02  2.1e-01  1.8e-03  2.2e-01
  84  F 0   2.399e+06   2e-06  0.99  2.8e-02  1.5e-06  0.0e+00  0.0e+00  2.1e-01  2.0e-03  2.1e-01
  84  F 1   2.399e+06   2e-06  0.99  1.9e-02  1.5e-06  0.0e+00  0.0e+00  2.1e-01  1.7e-03  2.1e-01
  84  T 2   2.399e+06   7e-06  0.99  2.3e-02  3.4e-06  1.9e-02  1.0e-01  2.1e-01  1.5e-03  2.1e-01
  85  F 0   2.399e+06   7e-06  0.99  1.6e-02  3.4e-06  0.0e+00  0.0e+00  2.1e-01  2.0e-03  2.1e-01
  85  T 1   2.399e+06   6e-06  0.99  2.0e-02  3.5e-06  1.6e-02  8.8e-02  2.1e-01  1.5e-03  2.1e-01
  86  T 0   2.399e+06  -4e-06  0.99  2.3e-02  2.2e-06  1.9e-02  5.3e-02  2.0e-01  1.7e-03  2.1e-01
  87  T 0   2.399e+06   1e-06  0.99  2.8e-02  1.4e-06  7.7e-03  2.6e-02  2.0e-01  1.8e-03  2.1e-01
  88  T 0   2.399e+06  -1e-06  0.99  3.4e-02  1.2e-06  1.1e-02  2.6e-02  2.1e-01  1.8e-03  2.1e-01
  89  T 0   2.399e+06   5e-06  0.99  4.1e-02  4.0e-06  3.4e-02  1.5e-01  2.0e-01  1.8e-03  2.1e-01
  90  F 0   2.399e+06   5e-06  0.99  2.8e-02  4.0e-06  0.0e+00  0.0e+00  2.1e-01  1.8e-03  2.1e-01
  90  F 1   2.399e+06   5e-06  0.99  2.0e-02  4.0e-06  0.0e+00  0.0e+00  2.1e-01  1.5e-03  2.1e-01
  90  F 2   2.399e+06   5e-06  0.99  1.4e-02  4.0e-06  0.0e+00  0.0e+00  2.1e-01  1.5e-03  2.1e-01
  90  T 3   2.399e+06  -2e-06  0.99  1.7e-02  3.2e-06  1.4e-02  7.6e-02  2.1e-01  1.8e-03  2.1e-01
  91  F 0   2.399e+06  -2e-06  0.99  1.2e-02  3.2e-06  0.0e+00  0.0e+00  2.1e-01  1.6e-03  2.1e-01
  91  F 1   2.399e+06  -2e-06  0.99  8.2e-03  3.2e-06  0.0e+00  0.0e+00  2.1e-01  1.3e-03  2.1e-01
  91  T 2   2.399e+06  -3e-05  0.99  9.8e-03  1.7e-06  8.2e-03  3.6e-02  2.1e-01  1.3e-03  2.1e-01
  92  T 0   2.398e+06  -1e-06  0.99  1.2e-02  1.5e-06  9.1e-03  2.2e-02  2.2e-01  1.8e-03  2.2e-01
  93  T 0   2.398e+06  -2e-06  0.99  1.4e-02  1.4e-06  1.2e-02  5.2e-02  2.2e-01  1.8e-03  2.2e-01
  94  T 0   2.398e+06  -8e-06  0.99  1.7e-02  1.1e-06  1.4e-02  7.9e-02  2.1e-01  1.4e-03  2.2e-01
  95  T 0   2.398e+06   6e-05  0.99  2.0e-02  3.3e-06  1.7e-02  1.0e-01  2.4e-01  1.8e-03  2.5e-01
  96  F 0   2.398e+06   6e-05  0.99  1.4e-02  3.3e-06  0.0e+00  0.0e+00  2.1e-01  1.8e-03  2.1e-01
  96  F 1   2.398e+06   6e-05  0.99  1.0e-02  3.3e-06  0.0e+00  0.0e+00  2.3e-01  1.6e-03  2.3e-01
  96  T 2   2.398e+06  -1e-06  0.99  1.2e-02  2.3e-06  1.0e-02  5.6e-02  2.2e-01  1.5e-03  2.2e-01
  97  T 0   2.398e+06  -1e-06  0.99  1.4e-02  1.5e-06  1.0e-02  2.4e-02  2.3e-01  1.8e-03  2.3e-01
  98  T 0   2.398e+06   8e-06  0.99  1.7e-02  1.5e-06  1.4e-02  4.4e-02  2.2e-01  1.7e-03  2.3e-01
  99  T 0   2.398e+06   3e-06  0.99  2.1e-02  2.4e-06  1.7e-02  6.5e-02  2.2e-01  1.9e-03  2.2e-01
 100  T 0   2.398e+06  -2e-06  0.99  2.5e-02  4.2e-06  2.1e-02  7.2e-02  2.1e-01  1.8e-03  2.1e-01
 101  T 0   2.398e+06  -4e-06  0.99  3.0e-02  1.7e-06  1.7e-02  4.5e-02  2.1e-01  1.8e-03  2.1e-01
 102  T 0   2.398e+06   1e-06  0.99  3.6e-02  9.5e-07  7.5e-03  1.7e-02  2.1e-01  1.8e-03  2.2e-01
 103  T 0   2.398e+06  -4e-08  0.99  4.3e-02  1.0e-06  1.4e-02  3.4e-02  2.0e-01  1.8e-03  2.1e-01
 104  F 0   2.398e+06  -4e-08  0.99  3.0e-02  1.0e-06  0.0e+00  0.0e+00  2.2e-01  1.8e-03  2.2e-01
 104  F 1   2.398e+06  -4e-08  0.99  2.1e-02  1.0e-06  0.0e+00  0.0e+00  2.2e-01  1.5e-03  2.2e-01
 104  F 2   2.398e+06  -4e-08  0.99  1.5e-02  1.0e-06  0.0e+00  0.0e+00  2.3e-01  1.5e-03  2.3e-01
 104  T 3   2.398e+06   9e-06  0.99  1.8e-02  2.6e-06  1.5e-02  8.7e-02  2.5e-01  1.5e-03  2.5e-01
 105  F 0   2.398e+06   9e-06  0.99  1.2e-02  2.6e-06  0.0e+00  0.0e+00  2.3e-01  1.7e-03  2.3e-01
 105  T 1   2.398e+06  -1e-06  0.99  1.5e-02  1.8e-06  1.2e-02  6.3e-02  2.1e-01  1.7e-03  2.1e-01
 106  T 0   2.398e+06  -5e-15  0.99  1.8e-02  1.6e-06  1.3e-02  3.7e-02  2.1e-01  1.8e-03  2.1e-01
 107  T 0   2.398e+06  -5e-07  0.99  2.1e-02  1.9e-06  1.5e-02  2.7e-02  2.1e-01  1.7e-03  2.1e-01
 108  T 0   2.398e+06   1e-06  0.99  2.6e-02  1.4e-06  2.1e-02  5.1e-02  2.0e-01  1.9e-03  2.0e-01
 109  F 0   2.398e+06   1e-06  0.99  1.8e-02  1.4e-06  0.0e+00  0.0e+00  2.1e-01  2.0e-03  2.1e-01
 109  T 1   2.398e+06   4e-07  0.99  2.2e-02  2.8e-06  1.8e-02  7.3e-02  2.2e-01  1.7e-03  2.2e-01
 110  T 0   2.398e+06   9e-06  0.99  2.6e-02  4.8e-06  2.2e-02  8.0e-02  2.2e-01  1.8e-03  2.2e-01
 111  T 0   2.398e+06  -3e-06  0.99  3.1e-02  2.1e-06  1.7e-02  4.6e-02  2.1e-01  1.9e-03  2.1e-01
 112  T 0   2.398e+06   2e-06  0.99  3.7e-02  1.8e-06  9.4e-03  1.6e-02  2.1e-01  1.8e-03  2.1e-01
 113  T 0   2.398e+06  -3e-07  0.99  4.5e-02  1.3e-06  3.7e-02  7.2e-02  2.8e-01  1.9e-03  2.8e-01
 114  T 0   2.398e+06  -3e-06  0.99  5.4e-02  1.1e-06  4.5e-02  2.1e-01  2.1e-01  1.9e-03  2.1e-01
 115  F 0   2.398e+06  -3e-06  0.99  3.7e-02  1.1e-06  0.0e+00  0.0e+00  2.2e-01  1.9e-03  2.2e-01
 115  F 1   2.398e+06  -3e-06  0.99  2.6e-02  1.1e-06  0.0e+00  0.0e+00  2.2e-01  1.7e-03  2.2e-01
 115  T 2   2.397e+06   2e-05  0.99  3.1e-02  3.4e-06  2.6e-02  1.5e-01  2.1e-01  1.5e-03  2.2e-01
 116  F 0   2.397e+06   2e-05  0.99  2.2e-02  3.4e-06  0.0e+00  0.0e+00  2.0e-01  2.1e-03  2.0e-01
 116  F 1   2.397e+06   2e-05  0.99  1.5e-02  3.4e-06  0.0e+00  0.0e+00  2.2e-01  1.5e-03  2.2e-01
 116  T 2   2.397e+06   6e-06  0.99  1.9e-02  4.7e-06  1.5e-02  8.5e-02  2.6e-01  1.6e-03  2.7e-01
 117  T 0   2.397e+06  -2e-06  0.99  2.2e-02  1.6e-06  1.5e-02  4.5e-02  2.2e-01  1.7e-03  2.2e-01
 118  T 0   2.397e+06  -2e-06  0.99  2.7e-02  9.7e-07  7.0e-03  2.0e-02  2.0e-01  1.8e-03  2.0e-01
 119  T 0   2.397e+06  -8e-07  0.99  3.2e-02  8.3e-07  9.2e-03  2.5e-02  2.4e-01  1.7e-03  2.4e-01
 120  T 0   2.397e+06   6e-06  0.99  3.8e-02  3.0e-06  3.2e-02  1.6e-01  3.0e-01  1.7e-03  3.0e-01
 121  F 0   2.397e+06   6e-06  0.99  2.7e-02  3.0e-06  0.0e+00  0.0e+00  2.1e-01  1.0e-02  2.2e-01
 121  F 1   2.397e+06   6e-06  0.99  1.9e-02  3.0e-06  0.0e+00  0.0e+00  2.1e-01  1.7e-03  2.1e-01
 121  T 2   2.397e+06   1e-07  0.99  2.3e-02  2.2e-06  1.9e-02  1.0e-01  2.4e-01  1.7e-03  2.4e-01
 122  T 0   2.397e+06   1e-06  0.99  2.7e-02  2.9e-06  2.0e-02  6.6e-02  2.0e-01  1.7e-03  2.0e-01
 123  T 0   2.397e+06  -7e-06  0.99  3.3e-02  1.3e-06  1.4e-02  3.6e-02  2.0e-01  1.7e-03  2.0e-01
 124  T 0   2.397e+06   3e-07  0.99  3.9e-02  9.0e-07  6.4e-03  1.6e-02  2.0e-01  1.7e-03  2.0e-01
 125  T 0   2.397e+06  -3e-06  0.99  4.7e-02  9.6e-07  3.3e-02  8.1e-02  2.1e-01  1.8e-03  2.1e-01
 126  F 0   2.397e+06  -3e-06  0.99  3.3e-02  9.6e-07  0.0e+00  0.0e+00  2.0e-01  1.9e-03  2.0e-01
 126  F 1   2.397e+06  -3e-06  0.99  2.3e-02  9.6e-07  0.0e+00  0.0e+00  2.0e-01  1.5e-03  2.0e-01
 126  F 2   2.397e+06  -3e-06  0.99  1.6e-02  9.6e-07  0.0e+00  0.0e+00  2.1e-01  1.3e-03  2.1e-01
 126  T 3   2.397e+06  -5e-06  0.99  1.9e-02  2.7e-06  1.6e-02  9.7e-02  2.1e-01  1.1e-03  2.1e-01
 127  T 0   2.397e+06   4e-07  0.99  2.3e-02  2.7e-06  1.9e-02  9.3e-02  2.1e-01  5.7e-03  2.1e-01
 128  T 0   2.397e+06   3e-06  0.99  2.8e-02  2.5e-06  2.0e-02  6.4e-02  2.0e-01  1.7e-03  2.1e-01
 129  T 0   2.397e+06  -6e-06  0.99  3.3e-02  1.3e-06  1.2e-02  3.0e-02  2.0e-01  1.8e-03  2.1e-01
 130  T 0   2.397e+06   2e-07  0.99  4.0e-02  9.0e-07  7.1e-03  1.8e-02  2.1e-01  1.7e-03  2.1e-01
 131  T 0   2.397e+06   5e-06  0.99  4.8e-02  1.3e-06  4.0e-02  1.4e-01  2.1e-01  1.7e-03  2.1e-01
 132  F 0   2.397e+06   5e-06  0.99  3.4e-02  1.3e-06  0.0e+00  0.0e+00  2.0e-01  2.1e-03  2.0e-01
 132  F 1   2.397e+06   5e-06  0.99  2.3e-02  1.3e-06  0.0e+00  0.0e+00  2.0e-01  1.7e-03  2.0e-01
 132  F 2   2.397e+06   5e-06  0.99  1.6e-02  1.3e-06  0.0e+00  0.0e+00  2.0e-01  1.7e-03  2.1e-01
 132  F 3   2.397e+06   5e-06  0.99  1.2e-02  1.3e-06  0.0e+00  0.0e+00  2.0e-01  1.7e-03  2.0e-01
 132  T 4   2.397e+06   3e-07  0.99  1.4e-02  2.7e-06  1.2e-02  6.8e-02  2.7e-01  1.9e-03  2.7e-01
 133  T 0   2.397e+06  -4e-06  0.99  1.7e-02  1.9e-06  1.4e-02  6.0e-02  2.3e-01  1.9e-03  2.3e-01
 134  T 0   2.397e+06   9e-07  0.99  2.0e-02  1.5e-06  1.2e-02  3.5e-02  2.2e-01  1.7e-03  2.2e-01
 135  T 0   2.397e+06  -3e-07  0.99  2.4e-02  9.9e-07  8.6e-03  1.9e-02  2.2e-01  1.8e-03  2.2e-01
 136  T 0   2.397e+06  -3e-15  0.99  2.9e-02  1.0e-06  1.4e-02  3.3e-02  2.2e-01  1.8e-03  2.2e-01
 137  T 0   2.397e+06  -8e-06  0.99  3.4e-02  3.1e-06  2.9e-02  1.0e-01  2.3e-01  1.7e-03  2.3e-01
 138  F 0   2.397e+06  -8e-06  0.99  2.4e-02  3.1e-06  0.0e+00  0.0e+00  2.2e-01  2.0e-03  2.2e-01
 138  F 1   2.397e+06  -8e-06  0.99  1.7e-02  3.1e-06  0.0e+00  0.0e+00  2.2e-01  1.7e-03  2.2e-01
 138  T 2   2.397e+06  -2e-06  0.99  2.0e-02  3.3e-06  1.7e-02  8.5e-02  2.6e-01  1.5e-03  2.6e-01
 139  T 0   2.397e+06  -2e-06  0.99  2.4e-02  2.1e-06  2.0e-02  5.5e-02  2.2e-01  1.7e-03  2.2e-01
 140  T 0   2.397e+06   3e-07  0.99  2.9e-02  1.1e-06  9.8e-03  2.0e-02  2.2e-01  1.7e-03  2.2e-01
 141  T 0   2.397e+06   1e-14  0.99  3.5e-02  7.4e-07  7.5e-03  1.4e-02  2.2e-01  1.7e-03  2.2e-01
 142  T 0   2.396e+06   3e-06  0.99  4.2e-02  1.4e-06  3.5e-02  1.0e-01  2.2e-01  1.7e-03  2.2e-01
 143  F 0   2.396e+06   3e-06  0.99  2.9e-02  1.4e-06  0.0e+00  0.0e+00  2.2e-01  1.7e-03  2.2e-01
 143  F 1   2.396e+06   3e-06  0.99  2.1e-02  1.4e-06  0.0e+00  0.0e+00  2.2e-01  1.5e-03  2.2e-01
 143  F 2   2.396e+06   3e-06  0.99  1.4e-02  1.4e-06  0.0e+00  0.0e+00  2.3e-01  1.5e-03  2.3e-01
 143  F 3   2.396e+06   3e-06  0.99  1.0e-02  1.4e-06  0.0e+00  0.0e+00  2.3e-01  1.5e-03  2.3e-01
 143  F 4   2.396e+06   3e-06  0.99  7.0e-03  1.4e-06  0.0e+00  0.0e+00  2.4e-01  1.5e-03  2.4e-01
 143  T 5   2.396e+06   5e-06  0.99  8.5e-03  7.7e-07  7.0e-03  3.6e-02  2.3e-01  1.5e-03  2.3e-01
 144  T 0   2.396e+06  -6e-07  0.99  1.0e-02  1.4e-06  8.5e-03  3.1e-02  2.4e-01  1.7e-03  2.4e-01
 145  T 0   2.396e+06  -1e-06  0.99  1.2e-02  1.2e-06  1.0e-02  2.7e-02  2.3e-01  1.9e-03  2.3e-01
 146  F 0   2.396e+06  -1e-06  0.99  8.5e-03  1.2e-06  0.0e+00  0.0e+00  2.3e-01  1.7e-03  2.3e-01
 146  F 1   2.396e+06  -1e-06  0.99  6.0e-03  1.2e-06  0.0e+00  0.0e+00  2.3e-01  1.3e-03  2.3e-01
 146  T 2   2.396e+06   5e-06  0.99  7.2e-03  7.4e-07  6.0e-03  1.6e-02  2.2e-01  1.5e-03  2.2e-01
 147  F 0   2.396e+06   5e-06  0.99  5.0e-03  7.4e-07  0.0e+00  0.0e+00  2.0e-01  1.7e-03  2.1e-01
 147  F 1   2.396e+06   5e-06  0.99  3.5e-03  7.4e-07  0.0e+00  0.0e+00  2.0e-01  1.5e-03  2.0e-01
 147  T 2   2.396e+06   7e-05  0.99  4.2e-03  4.9e-07  3.5e-03  1.1e-02  2.0e-01  1.3e-03  2.0e-01
 148  F 0   2.396e+06   7e-05  0.99  2.9e-03  4.9e-07  0.0e+00  0.0e+00  2.1e-01  1.7e-03  2.1e-01
 148  F 1   2.396e+06   7e-05  0.99  2.1e-03  4.9e-07  0.0e+00  0.0e+00  2.0e-01  1.5e-03  2.0e-01
 148  F 2   2.396e+06   7e-05  0.99  1.4e-03  4.9e-07  0.0e+00  0.0e+00  2.0e-01  1.3e-03  2.0e-01
 148  F 3   2.396e+06   7e-05  0.99  1.0e-03  4.9e-07  0.0e+00  0.0e+00  2.0e-01  1.5e-03  2.0e-01
 148  F 4   2.396e+06   7e-05  0.99  7.1e-04  4.9e-07  0.0e+00  0.0e+00  2.0e-01  1.5e-03  2.0e-01
 148  F 5   2.396e+06   7e-05  0.99  4.9e-04  4.9e-07  0.0e+00  0.0e+00  2.0e-01  1.5e-03  2.0e-01
 148  F 6   2.396e+06   7e-05  0.99  3.5e-04  4.9e-07  0.0e+00  0.0e+00  2.0e-01  1.9e-03  2.0e-01
 148  F 7   2.396e+06   7e-05  0.99  2.4e-04  4.9e-07  0.0e+00  0.0e+00  2.0e-01  1.9e-03  2.0e-01
 148  F 8   2.396e+06   7e-05  0.99  1.7e-04  4.9e-07  0.0e+00  0.0e+00  2.0e-01  1.9e-03  2.0e-01
 148  F 9   2.396e+06   7e-05  0.99  1.2e-04  4.9e-07  0.0e+00  0.0e+00  2.0e-01  1.9e-03  2.1e-01
 148  F10   2.396e+06   7e-05  0.99  8.3e-05  4.9e-07  0.0e+00  0.0e+00  2.0e-01  1.9e-03  2.0e-01
 148  F11   2.396e+06   7e-05  0.99  5.8e-05  4.9e-07  0.0e+00  0.0e+00  2.0e-01  1.9e-03  2.0e-01
 148  F12   2.396e+06   7e-05  0.99  4.1e-05  4.9e-07  0.0e+00  0.0e+00  2.0e-01  2.2e-03  2.1e-01
 148  F13   2.396e+06   7e-05  0.99  2.9e-05  4.9e-07  0.0e+00  0.0e+00  2.0e-01  1.9e-03  2.1e-01
 148  F14   2.396e+06   7e-05  0.99  2.0e-05  4.9e-07  0.0e+00  0.0e+00  2.0e-01  2.1e-03  2.0e-01
 148  F15   2.396e+06   7e-05  0.99  1.4e-05  4.9e-07  0.0e+00  0.0e+00  2.1e-01  2.5e-03  2.1e-01
 148  F16   2.396e+06   7e-05  0.99  9.8e-06  4.9e-07  0.0e+00  0.0e+00  2.0e-01  2.5e-03  2.1e-01
 148  F17   2.396e+06   7e-05  0.99  6.9e-06  4.9e-07  0.0e+00  0.0e+00  2.0e-01  2.2e-03  2.1e-01
 148  F18   2.396e+06   7e-05  0.99  4.8e-06  4.9e-07  0.0e+00  0.0e+00  2.0e-01  1.9e-03  2.1e-01
 148  F19   2.396e+06   7e-05  0.99  3.4e-06  4.9e-07  0.0e+00  0.0e+00  2.0e-01  4.5e-03  2.1e-01
 148  F20   2.396e+06   7e-05  0.99  2.3e-06  4.9e-07  0.0e+00  0.0e+00  2.1e-01  4.3e-03  2.2e-01
 148  F21   2.396e+06   7e-05  0.99  1.6e-06  4.9e-07  0.0e+00  0.0e+00  2.0e-01  4.2e-03  2.1e-01
 148  F22   2.396e+06   7e-05  0.99  1.2e-06  4.9e-07  0.0e+00  0.0e+00  2.0e-01  4.0e-03  2.1e-01
 148  F23   2.396e+06   7e-05  0.99  8.1e-07  4.9e-07  0.0e+00  0.0e+00  2.2e-01  3.9e-03  2.3e-01
 148  F24   2.396e+06   7e-05  0.99  5.6e-07  4.9e-07  0.0e+00  0.0e+00  2.0e-01  3.7e-03  2.1e-01
 148  F25   2.396e+06   7e-05  0.99  3.9e-07  4.9e-07  0.0e+00  0.0e+00  2.0e-01  3.9e-03  2.1e-01
 148  F26   2.396e+06   7e-05  0.99  2.8e-07  4.9e-07  0.0e+00  0.0e+00  2.0e-01  3.7e-03  2.1e-01
 148  F27   2.396e+06   7e-05  0.99  1.9e-07  4.9e-07  0.0e+00  0.0e+00  2.0e-01  3.7e-03  2.1e-01
 148  F28   2.396e+06   7e-05  0.99  1.4e-07  4.9e-07  0.0e+00  0.0e+00  2.0e-01  3.7e-03  2.1e-01
 148  F29   2.396e+06   7e-05  0.99  9.5e-08  4.9e-07  0.0e+00  0.0e+00  2.1e-01  3.7e-03  2.2e-01
 148  F30   2.396e+06   7e-05  0.99  6.6e-08  4.9e-07  0.0e+00  0.0e+00  2.5e-01  3.5e-03  2.5e-01
 148  F31   2.396e+06   7e-05  0.99  4.6e-08  4.9e-07  0.0e+00  0.0e+00  2.8e-01  1.5e-02  3.0e-01
Enforced Termination; excessively reduced trust-region
Total number of system evaluations: 251
