   k  l     Obj         Vio    Bou   ML       |KKT|    |dX|     ||dX||   T_s      T_o      T_t
   0  T 0   4.248e+08   1e-02  0.00  1.0e-01  3.0e+03  1.0e+00  1.0e+00  5.0e-01  0.0e+00  0.0e+00
   1  F 0   4.248e+08   1e-02  0.00  1.0e-01  3.0e+03  0.0e+00  0.0e+00  2.2e-01  1.0e-02  2.3e-01
   1  F 1   4.248e+08   1e-02  0.00  1.0e-01  3.0e+03  0.0e+00  0.0e+00  2.1e-01  4.2e-03  2.2e-01
   1  F 2   4.248e+08   1e-02  0.00  1.0e-01  3.0e+03  0.0e+00  0.0e+00  2.1e-01  3.8e-03  2.2e-01
   1  F 3   4.248e+08   1e-02  0.00  1.0e-01  3.0e+03  0.0e+00  0.0e+00  2.1e-01  3.9e-03  2.2e-01
   1  F 4   4.248e+08   1e-02  0.00  1.0e-01  3.0e+03  0.0e+00  0.0e+00  2.3e-01  3.9e-03  2.3e-01
   1  F 5   4.248e+08   1e-02  0.00  1.0e-01  3.0e+03  0.0e+00  0.0e+00  2.3e-01  4.3e-03  2.3e-01
   1  F 6   4.248e+08   1e-02  0.00  1.0e-01  3.0e+03  0.0e+00  0.0e+00  2.3e-01  4.3e-03  2.4e-01
   1  T 7   2.660e+08  -2e-03  0.00  1.0e-01  4.5e-02  9.3e-02  5.4e-01  2.2e-01  4.3e-03  2.2e-01
   2  F 0   2.660e+08  -2e-03  0.00  1.0e-01  4.5e-02  0.0e+00  0.0e+00  2.1e-01  3.9e-03  2.1e-01
   2  F 1   2.660e+08  -2e-03  0.00  1.0e-01  4.5e-02  0.0e+00  0.0e+00  2.1e-01  3.1e-03  2.1e-01
   2  F 2   2.660e+08  -2e-03  0.00  1.0e-01  4.5e-02  0.0e+00  0.0e+00  2.2e-01  3.5e-03  2.2e-01
   2  F 3   2.660e+08  -2e-03  0.00  1.0e-01  4.5e-02  0.0e+00  0.0e+00  2.1e-01  2.4e-03  2.1e-01
   2  F 4   2.660e+08  -2e-03  0.00  1.0e-01  4.5e-02  0.0e+00  0.0e+00  2.2e-01  2.4e-03  2.2e-01
   2  F 5   2.660e+08  -2e-03  0.00  1.0e-01  4.5e-02  0.0e+00  0.0e+00  2.1e-01  2.4e-03  2.2e-01
   2  T 6   1.520e+08  -3e-02  0.00  1.0e-01  9.9e-03  1.1e-01  1.3e+00  2.1e-01  2.4e-03  2.1e-01
   3  F 0   1.520e+08  -3e-02  0.00  1.0e-01  9.9e-03  0.0e+00  0.0e+00  2.1e-01  2.1e-03  2.1e-01
   3  F 1   1.520e+08  -3e-02  0.00  1.0e-01  9.9e-03  0.0e+00  0.0e+00  2.1e-01  1.6e-03  2.1e-01
   3  F 2   1.520e+08  -3e-02  0.00  1.0e-01  9.9e-03  0.0e+00  0.0e+00  2.1e-01  1.6e-03  2.1e-01
   3  F 3   1.520e+08  -3e-02  0.00  1.0e-01  9.9e-03  0.0e+00  0.0e+00  2.1e-01  1.6e-03  2.1e-01
   3  F 4   1.520e+08  -3e-02  0.00  1.0e-01  9.9e-03  0.0e+00  0.0e+00  2.2e-01  1.6e-03  2.2e-01
   3  T 5   7.208e+07  -1e-01  0.00  1.0e-01  1.1e-02  1.5e-01  2.6e+00  2.1e-01  1.6e-03  2.1e-01
   4  F 0   7.208e+07  -1e-01  0.00  1.0e-01  1.1e-02  0.0e+00  0.0e+00  2.1e-01  2.1e-03  2.1e-01
   4  F 1   7.208e+07  -1e-01  0.00  1.0e-01  1.1e-02  0.0e+00  0.0e+00  2.2e-01  1.6e-03  2.2e-01
   4  F 2   7.208e+07  -1e-01  0.00  1.0e-01  1.1e-02  0.0e+00  0.0e+00  2.2e-01  1.6e-03  2.2e-01
   4  F 3   7.208e+07  -1e-01  0.00  1.0e-01  1.1e-02  0.0e+00  0.0e+00  2.2e-01  1.8e-03  2.2e-01
   4  F 4   7.208e+07  -1e-01  0.00  1.0e-01  1.1e-02  0.0e+00  0.0e+00  2.2e-01  1.7e-03  2.3e-01
   4  F 5   7.208e+07  -1e-01  0.00  1.0e-01  1.1e-02  0.0e+00  0.0e+00  2.2e-01  1.7e-03  2.2e-01
   4  F 6   7.208e+07  -1e-01  0.00  1.0e-01  1.1e-02  0.0e+00  0.0e+00  2.1e-01  1.6e-03  2.1e-01
   4  F 7   7.208e+07  -1e-01  0.00  1.0e-01  1.1e-02  0.0e+00  0.0e+00  2.2e-01  1.6e-03  2.2e-01
   4  T 8   7.040e+07  -1e-01  0.00  1.0e-01  4.8e-03  1.3e-02  9.4e-02  2.2e-01  1.6e-03  2.2e-01
   5  F 0   7.040e+07  -1e-01  0.00  1.0e-01  4.8e-03  0.0e+00  0.0e+00  2.1e-01  2.2e-03  2.1e-01
   5  F 1   7.040e+07  -1e-01  0.00  1.0e-01  4.8e-03  0.0e+00  0.0e+00  2.2e-01  1.6e-03  2.2e-01
   5  T 2   5.809e+07  -1e-01  0.07  1.0e-01  2.9e-01  8.6e-02  1.1e+00  2.1e-01  1.6e-03  2.1e-01
   6  F 0   5.809e+07  -1e-01  0.07  1.0e-01  2.9e-01  0.0e+00  0.0e+00  2.1e-01  2.1e-03  2.1e-01
   6  F 1   5.809e+07  -1e-01  0.07  1.0e-01  2.9e-01  0.0e+00  0.0e+00  2.1e-01  1.6e-03  2.1e-01
   6  F 2   5.809e+07  -1e-01  0.07  1.0e-01  2.9e-01  0.0e+00  0.0e+00  2.2e-01  1.5e-03  2.2e-01
   6  F 3   5.809e+07  -1e-01  0.07  1.0e-01  2.9e-01  0.0e+00  0.0e+00  2.0e-01  1.6e-03  2.1e-01
   6  F 4   5.809e+07  -1e-01  0.07  1.0e-01  2.9e-01  0.0e+00  0.0e+00  2.1e-01  1.6e-03  2.1e-01
   6  F 5   5.809e+07  -1e-01  0.07  1.0e-01  2.9e-01  0.0e+00  0.0e+00  2.1e-01  1.6e-03  2.1e-01
   6  F 6   5.809e+07  -1e-01  0.07  1.0e-01  2.9e-01  0.0e+00  0.0e+00  2.2e-01  1.6e-03  2.2e-01
   6  F 7   5.809e+07  -1e-01  0.07  1.0e-01  2.9e-01  0.0e+00  0.0e+00  2.1e-01  1.6e-03  2.1e-01
   6  F 8   5.809e+07  -1e-01  0.07  1.0e-01  2.9e-01  0.0e+00  0.0e+00  2.2e-01  1.6e-03  2.2e-01
   6  F 9   5.809e+07  -1e-01  0.07  1.0e-01  2.9e-01  0.0e+00  0.0e+00  2.5e-01  1.3e-03  2.5e-01
   6  T10   5.457e+07  -1e-01  0.07  1.0e-01  4.3e-02  6.8e-03  2.3e-02  2.6e-01  3.7e-03  2.7e-01
   7  F 0   5.457e+07  -1e-01  0.07  1.0e-01  4.3e-02  0.0e+00  0.0e+00  2.0e-01  2.1e-03  2.1e-01
   7  F 1   5.457e+07  -1e-01  0.07  1.0e-01  4.3e-02  0.0e+00  0.0e+00  2.5e-01  1.5e-03  2.5e-01
   7  F 2   5.457e+07  -1e-01  0.07  1.0e-01  4.3e-02  0.0e+00  0.0e+00  2.0e-01  1.5e-03  2.0e-01
   7  F 3   5.457e+07  -1e-01  0.07  1.0e-01  4.3e-02  0.0e+00  0.0e+00  2.1e-01  1.5e-03  2.1e-01
   7  F 4   5.457e+07  -1e-01  0.07  1.0e-01  4.3e-02  0.0e+00  0.0e+00  2.0e-01  1.5e-03  2.0e-01
   7  F 5   5.457e+07  -1e-01  0.07  1.0e-01  4.3e-02  0.0e+00  0.0e+00  2.1e-01  1.5e-03  2.1e-01
   7  F 6   5.457e+07  -1e-01  0.07  1.0e-01  4.3e-02  0.0e+00  0.0e+00  2.0e-01  1.5e-03  2.0e-01
   7  F 7   5.457e+07  -1e-01  0.07  1.0e-01  4.3e-02  0.0e+00  0.0e+00  2.3e-01  1.5e-03  2.3e-01
   7  T 8   5.237e+07  -1e-01  0.07  1.0e-01  1.0e-02  1.2e-02  5.7e-02  2.5e-01  1.5e-03  2.5e-01
   8  F 0   5.237e+07  -1e-01  0.07  1.0e-01  1.0e-02  0.0e+00  0.0e+00  2.3e-01  2.0e-03  2.3e-01
   8  F 1   5.237e+07  -1e-01  0.07  1.0e-01  1.0e-02  0.0e+00  0.0e+00  2.3e-01  1.5e-03  2.3e-01
   8  F 2   5.237e+07  -1e-01  0.07  1.0e-01  1.0e-02  0.0e+00  0.0e+00  2.3e-01  1.6e-03  2.3e-01
   8  F 3   5.237e+07  -1e-01  0.07  1.0e-01  1.0e-02  0.0e+00  0.0e+00  2.1e-01  1.5e-03  2.2e-01
   8  T 4   4.628e+07  -1e-01  0.11  1.0e-01  3.5e-03  5.6e-02  6.3e-01  2.1e-01  1.5e-03  2.1e-01
   9  F 0   4.628e+07  -1e-01  0.11  1.0e-01  3.5e-03  0.0e+00  0.0e+00  2.1e-01  2.2e-03  2.2e-01
   9  F 1   4.628e+07  -1e-01  0.11  1.0e-01  3.5e-03  0.0e+00  0.0e+00  2.1e-01  1.5e-03  2.1e-01
   9  T 2   3.714e+07  -2e-01  0.18  1.0e-01  8.1e-03  1.2e-01  1.1e+00  2.2e-01  1.5e-03  2.2e-01
  10  F 0   3.714e+07  -2e-01  0.18  1.0e-01  8.1e-03  0.0e+00  0.0e+00  2.1e-01  2.0e-03  2.1e-01
  10  F 1   3.714e+07  -2e-01  0.18  1.0e-01  8.1e-03  0.0e+00  0.0e+00  2.2e-01  1.5e-03  2.2e-01
  10  F 2   3.714e+07  -2e-01  0.18  1.0e-01  8.1e-03  0.0e+00  0.0e+00  2.0e-01  1.6e-03  2.0e-01
  10  F 3   3.714e+07  -2e-01  0.18  1.0e-01  8.1e-03  0.0e+00  0.0e+00  2.0e-01  1.5e-03  2.1e-01
  10  F 4   3.714e+07  -2e-01  0.18  1.0e-01  8.1e-03  0.0e+00  0.0e+00  2.2e-01  1.5e-03  2.2e-01
  10  F 5   3.714e+07  -2e-01  0.18  1.0e-01  8.1e-03  0.0e+00  0.0e+00  2.0e-01  1.5e-03  2.1e-01
  10  F 6   3.714e+07  -2e-01  0.18  1.0e-01  8.1e-03  0.0e+00  0.0e+00  2.1e-01  1.5e-03  2.1e-01
  10  F 7   3.714e+07  -2e-01  0.18  1.0e-01  8.1e-03  0.0e+00  0.0e+00  2.3e-01  1.5e-03  2.3e-01
  10  F 8   3.714e+07  -2e-01  0.18  1.0e-01  8.1e-03  0.0e+00  0.0e+00  2.0e-01  1.5e-03  2.1e-01
  10  F 9   3.714e+07  -2e-01  0.18  1.0e-01  8.1e-03  0.0e+00  0.0e+00  2.0e-01  1.5e-03  2.0e-01
  10  F10   3.714e+07  -2e-01  0.18  1.0e-01  8.1e-03  0.0e+00  0.0e+00  2.1e-01  1.5e-03  2.1e-01
  10  T11   3.695e+07  -2e-01  0.18  1.0e-01  3.8e-03  3.7e-03  1.8e-02  2.1e-01  1.5e-03  2.1e-01
  11  F 0   3.695e+07  -2e-01  0.18  1.0e-01  3.8e-03  0.0e+00  0.0e+00  2.1e-01  2.0e-03  2.1e-01
  11  F 1   3.695e+07  -2e-01  0.18  1.0e-01  3.8e-03  0.0e+00  0.0e+00  2.1e-01  1.5e-03  2.2e-01
  11  T 2   3.162e+07  -2e-01  0.23  1.0e-01  3.2e-03  8.1e-02  8.6e-01  2.1e-01  1.5e-03  2.1e-01
  12  F 0   3.162e+07  -2e-01  0.23  1.0e-01  3.2e-03  0.0e+00  0.0e+00  2.0e-01  2.1e-03  2.1e-01
  12  F 1   3.162e+07  -2e-01  0.23  1.0e-01  3.2e-03  0.0e+00  0.0e+00  2.0e-01  1.5e-03  2.1e-01
  12  T 2   2.698e+07  -2e-01  0.26  1.0e-01  6.2e-03  1.1e-01  1.1e+00  2.1e-01  1.6e-03  2.1e-01
  13  F 0   2.698e+07  -2e-01  0.26  1.0e-01  6.2e-03  0.0e+00  0.0e+00  2.1e-01  2.0e-03  2.1e-01
  13  F 1   2.698e+07  -2e-01  0.26  1.0e-01  6.2e-03  0.0e+00  0.0e+00  2.1e-01  1.5e-03  2.1e-01
  13  T 2   2.292e+07  -3e-01  0.29  1.0e-01  2.5e-03  9.2e-02  8.5e-01  2.0e-01  1.5e-03  2.1e-01
  14  F 0   2.292e+07  -3e-01  0.29  1.0e-01  2.5e-03  0.0e+00  0.0e+00  2.2e-01  2.0e-03  2.2e-01
  14  F 1   2.292e+07  -3e-01  0.29  1.0e-01  2.5e-03  0.0e+00  0.0e+00  2.3e-01  1.5e-03  2.3e-01
  14  T 2   1.930e+07  -3e-01  0.31  1.0e-01  1.8e-03  1.1e-01  9.5e-01  2.5e-01  1.5e-03  2.5e-01
  15  F 0   1.930e+07  -3e-01  0.31  1.0e-01  1.8e-03  0.0e+00  0.0e+00  2.3e-01  2.8e-03  2.4e-01
  15  F 1   1.930e+07  -3e-01  0.31  1.0e-01  1.8e-03  0.0e+00  0.0e+00  2.1e-01  2.6e-03  2.2e-01
  15  T 2   1.655e+07  -3e-01  0.33  1.0e-01  3.9e-03  1.1e-01  8.7e-01  2.1e-01  1.6e-03  2.1e-01
  16  F 0   1.655e+07  -3e-01  0.33  1.0e-01  3.9e-03  0.0e+00  0.0e+00  2.9e-01  2.0e-03  2.9e-01
  16  F 1   1.655e+07  -3e-01  0.33  1.0e-01  3.9e-03  0.0e+00  0.0e+00  2.6e-01  1.5e-03  2.6e-01
  16  T 2   1.512e+07  -3e-01  0.34  1.0e-01  2.7e-03  7.1e-02  6.0e-01  2.1e-01  1.6e-03  2.1e-01
  17  F 0   1.512e+07  -3e-01  0.34  1.0e-01  2.7e-03  0.0e+00  0.0e+00  2.4e-01  2.1e-03  2.4e-01
  17  F 1   1.512e+07  -3e-01  0.34  1.0e-01  2.7e-03  0.0e+00  0.0e+00  2.1e-01  1.5e-03  2.1e-01
  17  T 2   1.122e+07  -4e-01  0.41  1.0e-01  6.3e-03  2.0e-01  1.9e+00  2.3e-01  1.5e-03  2.3e-01
  18  F 0   1.122e+07  -4e-01  0.41  1.0e-01  6.3e-03  0.0e+00  0.0e+00  2.4e-01  2.2e-03  2.4e-01
  18  F 1   1.122e+07  -4e-01  0.41  1.0e-01  6.3e-03  0.0e+00  0.0e+00  2.0e-01  1.6e-03  2.1e-01
  18  F 2   1.122e+07  -4e-01  0.41  1.0e-01  6.3e-03  0.0e+00  0.0e+00  2.3e-01  1.6e-03  2.3e-01
  18  F 3   1.122e+07  -4e-01  0.41  1.0e-01  6.3e-03  0.0e+00  0.0e+00  2.3e-01  1.5e-03  2.3e-01
  18  F 4   1.122e+07  -4e-01  0.41  1.0e-01  6.3e-03  0.0e+00  0.0e+00  2.2e-01  1.6e-03  2.2e-01
  18  F 5   1.122e+07  -4e-01  0.41  1.0e-01  6.3e-03  0.0e+00  0.0e+00  2.6e-01  1.5e-03  2.7e-01
  18  F 6   1.122e+07  -4e-01  0.41  1.0e-01  6.3e-03  0.0e+00  0.0e+00  2.4e-01  1.6e-03  2.4e-01
  18  F 7   1.122e+07  -4e-01  0.41  1.0e-01  6.3e-03  0.0e+00  0.0e+00  2.4e-01  1.5e-03  2.4e-01
  18  F 8   1.122e+07  -4e-01  0.41  1.0e-01  6.3e-03  0.0e+00  0.0e+00  2.4e-01  1.5e-03  2.4e-01
  18  F 9   1.122e+07  -4e-01  0.41  1.0e-01  6.3e-03  0.0e+00  0.0e+00  2.6e-01  1.5e-03  2.6e-01
  18  F10   1.122e+07  -4e-01  0.41  1.0e-01  6.3e-03  0.0e+00  0.0e+00  2.0e-01  1.6e-03  2.1e-01
  18  T11   1.114e+07  -4e-01  0.40  1.0e-01  1.8e-03  6.2e-03  2.1e-02  2.1e-01  1.5e-03  2.1e-01
  19  F 0   1.114e+07  -4e-01  0.40  1.0e-01  1.8e-03  0.0e+00  0.0e+00  2.1e-01  2.1e-03  2.1e-01
  19  F 1   1.114e+07  -4e-01  0.40  1.0e-01  1.8e-03  0.0e+00  0.0e+00  2.1e-01  1.5e-03  2.1e-01
  19  T 2   1.026e+07  -4e-01  0.42  1.0e-01  6.7e-04  5.2e-02  5.6e-01  2.1e-01  1.5e-03  2.1e-01
  20  F 0   1.026e+07  -4e-01  0.42  1.0e-01  6.7e-04  0.0e+00  0.0e+00  2.1e-01  2.0e-03  2.1e-01
  20  T 1   6.326e+06  -5e-01  0.63  1.0e-01  2.8e-02  3.0e-01  5.4e+00  2.1e-01  1.5e-03  2.1e-01
  21  F 0   6.326e+06  -5e-01  0.63  1.0e-01  2.8e-02  0.0e+00  0.0e+00  2.0e-01  2.1e-03  2.1e-01
  21  F 1   6.326e+06  -5e-01  0.63  1.0e-01  2.8e-02  0.0e+00  0.0e+00  2.0e-01  1.5e-03  2.1e-01
  21  F 2   6.326e+06  -5e-01  0.63  1.0e-01  2.8e-02  0.0e+00  0.0e+00  2.1e-01  1.5e-03  2.1e-01
  21  F 3   6.326e+06  -5e-01  0.63  1.0e-01  2.8e-02  0.0e+00  0.0e+00  2.3e-01  1.6e-03  2.4e-01
  21  F 4   6.326e+06  -5e-01  0.63  1.0e-01  2.8e-02  0.0e+00  0.0e+00  2.2e-01  1.5e-03  2.2e-01
  21  F 5   6.326e+06  -5e-01  0.63  1.0e-01  2.8e-02  0.0e+00  0.0e+00  2.1e-01  1.6e-03  2.1e-01
  21  F 6   6.326e+06  -5e-01  0.63  1.0e-01  2.8e-02  0.0e+00  0.0e+00  2.0e-01  1.5e-03  2.1e-01
  21  F 7   6.326e+06  -5e-01  0.63  1.0e-01  2.8e-02  0.0e+00  0.0e+00  2.1e-01  1.5e-03  2.1e-01
  21  F 8   6.326e+06  -5e-01  0.63  1.0e-01  2.8e-02  0.0e+00  0.0e+00  2.2e-01  1.5e-03  2.2e-01
  21  T 9   5.830e+06  -5e-01  0.61  1.0e-01  5.9e-03  1.8e-02  4.6e-02  2.0e-01  1.5e-03  2.0e-01
  22  F 0   5.830e+06  -5e-01  0.61  1.0e-01  5.9e-03  0.0e+00  0.0e+00  2.3e-01  2.1e-03  2.3e-01
  22  F 1   5.830e+06  -5e-01  0.61  1.0e-01  5.9e-03  0.0e+00  0.0e+00  2.3e-01  1.6e-03  2.3e-01
  22  F 2   5.830e+06  -5e-01  0.61  1.0e-01  5.9e-03  0.0e+00  0.0e+00  2.3e-01  1.5e-03  2.3e-01
  22  F 3   5.830e+06  -5e-01  0.61  1.0e-01  5.9e-03  0.0e+00  0.0e+00  2.5e-01  1.6e-03  2.6e-01
  22  F 4   5.830e+06  -5e-01  0.61  1.0e-01  5.9e-03  0.0e+00  0.0e+00  2.1e-01  1.5e-03  2.2e-01
  22  F 5   5.830e+06  -5e-01  0.61  1.0e-01  5.9e-03  0.0e+00  0.0e+00  2.0e-01  1.5e-03  2.0e-01
  22  F 6   5.830e+06  -5e-01  0.61  1.0e-01  5.9e-03  0.0e+00  0.0e+00  2.1e-01  1.6e-03  2.1e-01
  22  F 7   5.830e+06  -5e-01  0.61  1.0e-01  5.9e-03  0.0e+00  0.0e+00  2.0e-01  1.6e-03  2.0e-01
  22  T 8   5.678e+06  -5e-01  0.61  1.0e-01  1.2e-03  2.1e-02  8.0e-02  2.1e-01  1.5e-03  2.1e-01
  23  F 0   5.678e+06  -5e-01  0.61  1.0e-01  1.2e-03  0.0e+00  0.0e+00  2.0e-01  2.1e-03  2.1e-01
  23  F 1   5.678e+06  -5e-01  0.61  1.0e-01  1.2e-03  0.0e+00  0.0e+00  2.1e-01  1.6e-03  2.1e-01
  23  F 2   5.678e+06  -5e-01  0.61  1.0e-01  1.2e-03  0.0e+00  0.0e+00  2.0e-01  1.5e-03  2.0e-01
  23  F 3   5.678e+06  -5e-01  0.61  1.0e-01  1.2e-03  0.0e+00  0.0e+00  2.0e-01  1.5e-03  2.0e-01
  23  T 4   5.164e+06  -4e-01  0.64  1.0e-01  6.3e-04  1.7e-01  1.3e+00  2.4e-01  1.5e-03  2.4e-01
  24  F 0   5.164e+06  -4e-01  0.64  1.0e-01  6.3e-04  0.0e+00  0.0e+00  2.8e-01  2.5e-03  2.8e-01
  24  T 1   4.518e+06  -4e-01  0.72  1.0e-01  2.6e-03  1.7e-01  2.3e+00  2.0e-01  1.5e-03  2.0e-01
  25  F 0   4.518e+06  -4e-01  0.72  1.0e-01  2.6e-03  0.0e+00  0.0e+00  2.3e-01  2.0e-03  2.3e-01
  25  F 1   4.518e+06  -4e-01  0.72  1.0e-01  2.6e-03  0.0e+00  0.0e+00  2.0e-01  1.6e-03  2.0e-01
  25  F 2   4.518e+06  -4e-01  0.72  1.0e-01  2.6e-03  0.0e+00  0.0e+00  2.0e-01  1.5e-03  2.0e-01
  25  F 3   4.518e+06  -4e-01  0.72  1.0e-01  2.6e-03  0.0e+00  0.0e+00  2.0e-01  1.5e-03  2.1e-01
  25  F 4   4.518e+06  -4e-01  0.72  1.0e-01  2.6e-03  0.0e+00  0.0e+00  2.0e-01  1.6e-03  2.0e-01
  25  F 5   4.518e+06  -4e-01  0.72  1.0e-01  2.6e-03  0.0e+00  0.0e+00  2.0e-01  1.5e-03  2.1e-01
  25  F 6   4.518e+06  -4e-01  0.72  1.0e-01  2.6e-03  0.0e+00  0.0e+00  2.1e-01  1.6e-03  2.1e-01
  25  F 7   4.518e+06  -4e-01  0.72  1.0e-01  2.6e-03  0.0e+00  0.0e+00  2.0e-01  1.6e-03  2.1e-01
  25  F 8   4.518e+06  -4e-01  0.72  1.0e-01  2.6e-03  0.0e+00  0.0e+00  2.1e-01  1.6e-03  2.2e-01
  25  F 9   4.518e+06  -4e-01  0.72  1.0e-01  2.6e-03  0.0e+00  0.0e+00  2.2e-01  1.5e-03  2.2e-01
  25  F10   4.518e+06  -4e-01  0.72  1.0e-01  2.6e-03  0.0e+00  0.0e+00  2.0e-01  1.7e-03  2.0e-01
  25  T11   4.380e+06  -4e-01  0.72  1.0e-01  2.8e-03  6.8e-03  1.8e-02  2.0e-01  1.5e-03  2.0e-01
  26  F 0   4.380e+06  -4e-01  0.72  1.0e-01  2.8e-03  0.0e+00  0.0e+00  2.0e-01  2.0e-03  2.0e-01
  26  F 1   4.380e+06  -4e-01  0.72  1.0e-01  2.8e-03  0.0e+00  0.0e+00  2.0e-01  1.6e-03  2.0e-01
  26  F 2   4.380e+06  -4e-01  0.72  1.0e-01  2.8e-03  0.0e+00  0.0e+00  2.0e-01  1.6e-03  2.0e-01
  26  F 3   4.380e+06  -4e-01  0.72  1.0e-01  2.8e-03  0.0e+00  0.0e+00  2.0e-01  1.5e-03  2.1e-01
  26  F 4   4.380e+06  -4e-01  0.72  1.0e-01  2.8e-03  0.0e+00  0.0e+00  2.0e-01  1.6e-03  2.0e-01
  26  F 5   4.380e+06  -4e-01  0.72  1.0e-01  2.8e-03  0.0e+00  0.0e+00  2.2e-01  1.5e-03  2.3e-01
  26  F 6   4.380e+06  -4e-01  0.72  1.0e-01  2.8e-03  0.0e+00  0.0e+00  2.2e-01  1.6e-03  2.2e-01
  26  F 7   4.380e+06  -4e-01  0.72  1.0e-01  2.8e-03  0.0e+00  0.0e+00  2.0e-01  1.5e-03  2.0e-01
  26  F 8   4.380e+06  -4e-01  0.72  1.0e-01  2.8e-03  0.0e+00  0.0e+00  2.1e-01  1.5e-03  2.2e-01
  26  F 9   4.380e+06  -4e-01  0.72  1.0e-01  2.8e-03  0.0e+00  0.0e+00  2.0e-01  1.5e-03  2.0e-01
  26  T10   4.337e+06  -4e-01  0.71  1.0e-01  8.4e-04  8.6e-03  2.5e-02  2.1e-01  1.7e-03  2.1e-01
  27  F 0   4.337e+06  -4e-01  0.71  1.0e-01  8.4e-04  0.0e+00  0.0e+00  2.2e-01  2.1e-03  2.2e-01
  27  F 1   4.337e+06  -4e-01  0.71  1.0e-01  8.4e-04  0.0e+00  0.0e+00  2.0e-01  1.6e-03  2.0e-01
  27  F 2   4.337e+06  -4e-01  0.71  1.0e-01  8.4e-04  0.0e+00  0.0e+00  2.3e-01  1.5e-03  2.3e-01
  27  F 3   4.337e+06  -4e-01  0.71  1.0e-01  8.4e-04  0.0e+00  0.0e+00  2.0e-01  1.5e-03  2.0e-01
  27  F 4   4.337e+06  -4e-01  0.71  1.0e-01  8.4e-04  0.0e+00  0.0e+00  2.0e-01  1.5e-03  2.1e-01
  27  F 5   4.337e+06  -4e-01  0.71  1.0e-01  8.4e-04  0.0e+00  0.0e+00  2.0e-01  1.5e-03  2.1e-01
  27  F 6   4.337e+06  -4e-01  0.71  1.0e-01  8.4e-04  0.0e+00  0.0e+00  2.1e-01  1.6e-03  2.1e-01
  27  F 7   4.337e+06  -4e-01  0.71  1.0e-01  8.4e-04  0.0e+00  0.0e+00  2.0e-01  1.6e-03  2.0e-01
  27  F 8   4.337e+06  -4e-01  0.71  1.0e-01  8.4e-04  0.0e+00  0.0e+00  2.1e-01  1.5e-03  2.1e-01
  27  T 9   4.289e+06  -4e-01  0.71  1.0e-01  1.7e-04  2.8e-02  1.0e-01  2.0e-01  1.6e-03  2.1e-01
  28  F 0   4.289e+06  -4e-01  0.71  1.0e-01  1.7e-04  0.0e+00  0.0e+00  2.1e-01  2.1e-03  2.1e-01
  28  T 1   3.834e+06  -3e-01  0.77  1.0e-01  4.0e-03  2.3e-01  1.9e+00  2.1e-01  1.5e-03  2.1e-01
  29  F 0   3.834e+06  -3e-01  0.77  1.0e-01  4.0e-03  0.0e+00  0.0e+00  2.0e-01  2.1e-03  2.0e-01
  29  F 1   3.834e+06  -3e-01  0.77  1.0e-01  4.0e-03  0.0e+00  0.0e+00  2.0e-01  1.5e-03  2.0e-01
  29  T 2   3.583e+06  -3e-01  0.80  1.0e-01  1.6e-03  1.6e-01  1.4e+00  2.0e-01  1.6e-03  2.0e-01
  30  F 0   3.583e+06  -3e-01  0.80  1.0e-01  1.6e-03  0.0e+00  0.0e+00  2.0e-01  2.0e-03  2.0e-01
  30  F 1   3.583e+06  -3e-01  0.80  1.0e-01  1.6e-03  0.0e+00  0.0e+00  2.0e-01  1.5e-03  2.0e-01
  30  F 2   3.583e+06  -3e-01  0.80  1.0e-01  1.6e-03  0.0e+00  0.0e+00  2.0e-01  1.5e-03  2.0e-01
  30  T 3   3.404e+06  -2e-01  0.81  1.0e-01  1.6e-04  1.8e-01  1.0e+00  2.1e-01  1.5e-03  2.1e-01
  31  F 0   3.404e+06  -2e-01  0.81  1.0e-01  1.6e-04  0.0e+00  0.0e+00  2.0e-01  2.1e-03  2.0e-01
  31  T 1   3.053e+06  -1e-01  0.88  1.0e-01  7.1e-04  3.1e-01  2.8e+00  2.0e-01  1.5e-03  2.0e-01
  32  F 0   3.053e+06  -1e-01  0.88  1.0e-01  7.1e-04  0.0e+00  0.0e+00  2.2e-01  2.1e-03  2.2e-01
  32  F 1   3.053e+06  -1e-01  0.88  1.0e-01  7.1e-04  0.0e+00  0.0e+00  2.1e-01  1.6e-03  2.1e-01
  32  F 2   3.053e+06  -1e-01  0.88  1.0e-01  7.1e-04  0.0e+00  0.0e+00  2.1e-01  1.5e-03  2.1e-01
  32  F 3   3.053e+06  -1e-01  0.88  1.0e-01  7.1e-04  0.0e+00  0.0e+00  2.0e-01  1.7e-03  2.0e-01
  32  F 4   3.053e+06  -1e-01  0.88  1.0e-01  7.1e-04  0.0e+00  0.0e+00  2.0e-01  1.6e-03  2.1e-01
  32  F 5   3.053e+06  -1e-01  0.88  1.0e-01  7.1e-04  0.0e+00  0.0e+00  2.0e-01  1.6e-03  2.1e-01
  32  F 6   3.053e+06  -1e-01  0.88  1.0e-01  7.1e-04  0.0e+00  0.0e+00  2.0e-01  1.5e-03  2.0e-01
  32  F 7   3.053e+06  -1e-01  0.88  1.0e-01  7.1e-04  0.0e+00  0.0e+00  2.0e-01  1.5e-03  2.0e-01
  32  T 8   3.027e+06  -1e-01  0.87  1.0e-01  3.8e-04  1.7e-02  5.0e-02  2.0e-01  1.5e-03  2.1e-01
  33  F 0   3.027e+06  -1e-01  0.87  1.0e-01  3.8e-04  0.0e+00  0.0e+00  2.0e-01  2.0e-03  2.0e-01
  33  F 1   3.027e+06  -1e-01  0.87  1.0e-01  3.8e-04  0.0e+00  0.0e+00  2.0e-01  1.6e-03  2.1e-01
  33  T 2   2.892e+06  -1e-01  0.88  1.0e-01  3.5e-04  2.8e-01  8.7e-01  2.1e-01  1.5e-03  2.1e-01
  34  F 0   2.892e+06  -1e-01  0.88  1.0e-01  3.5e-04  0.0e+00  0.0e+00  2.0e-01  2.0e-03  2.0e-01
  34  F 1   2.892e+06  -1e-01  0.88  1.0e-01  3.5e-04  0.0e+00  0.0e+00  2.0e-01  1.5e-03  2.0e-01
  34  F 2   2.892e+06  -1e-01  0.88  1.0e-01  3.5e-04  0.0e+00  0.0e+00  2.1e-01  1.5e-03  2.1e-01
  34  F 3   2.892e+06  -1e-01  0.88  1.0e-01  3.5e-04  0.0e+00  0.0e+00  2.1e-01  1.6e-03  2.1e-01
  34  F 4   2.892e+06  -1e-01  0.88  1.0e-01  3.5e-04  0.0e+00  0.0e+00  2.0e-01  1.5e-03  2.0e-01
  34  T 5   2.836e+06  -1e-01  0.89  1.0e-01  1.2e-04  2.6e-01  6.5e-01  2.1e-01  1.5e-03  2.1e-01
  35  F 0   2.836e+06  -1e-01  0.89  1.0e-01  1.2e-04  0.0e+00  0.0e+00  2.1e-01  3.1e-03  2.1e-01
  35  F 1   2.836e+06  -1e-01  0.89  1.0e-01  1.2e-04  0.0e+00  0.0e+00  2.4e-01  1.5e-03  2.4e-01
  35  T 2   2.648e+06  -2e-02  0.93  1.0e-01  5.5e-05  7.5e-01  2.9e+00  2.6e-01  1.5e-03  2.6e-01
  36  F 0   2.648e+06  -2e-02  0.93  1.0e-01  5.5e-05  0.0e+00  0.0e+00  2.0e-01  3.8e-03  2.1e-01
  36  F 1   2.648e+06  -2e-02  0.93  1.0e-01  5.5e-05  0.0e+00  0.0e+00  2.0e-01  1.5e-03  2.0e-01
  36  T 2   2.610e+06  -2e-02  0.92  1.0e-01  6.8e-05  1.1e-01  5.2e-01  2.0e-01  1.5e-03  2.0e-01
  37  F 0   2.610e+06  -2e-02  0.92  1.0e-01  6.8e-05  0.0e+00  0.0e+00  2.0e-01  3.9e-03  2.1e-01
  37  F 1   2.610e+06  -2e-02  0.92  1.0e-01  6.8e-05  0.0e+00  0.0e+00  2.0e-01  3.0e-03  2.0e-01
  37  T 2   2.548e+06  -1e-03  0.95  1.0e-01  6.8e-05  4.1e-01  1.2e+00  2.0e-01  2.6e-03  2.1e-01
  38  F 0   2.548e+06  -1e-03  0.95  1.0e-01  6.8e-05  0.0e+00  0.0e+00  2.0e-01  3.5e-03  2.1e-01
  38  F 1   2.548e+06  -1e-03  0.95  1.0e-01  6.8e-05  0.0e+00  0.0e+00  2.0e-01  2.7e-03  2.1e-01
  38  T 2   2.521e+06  -1e-04  0.94  1.0e-01  4.1e-05  8.8e-02  4.0e-01  2.0e-01  2.2e-03  2.0e-01
  39  T 0   2.470e+06  -2e-03  0.96  1.0e-01  2.4e-05  5.4e-01  1.6e+00  2.1e-01  3.5e-03  2.2e-01
  40  F 0   2.470e+06  -2e-03  0.96  1.0e-01  2.4e-05  0.0e+00  0.0e+00  2.0e-01  3.1e-03  2.1e-01
  40  T 1   2.463e+06  -8e-05  0.96  1.0e-01  1.6e-05  8.5e-02  2.6e-01  2.7e-01  2.6e-03  2.7e-01
  41  T 0   2.451e+06  -1e-03  0.97  1.0e-01  2.8e-05  2.4e-01  1.0e+00  2.0e-01  3.5e-03  2.1e-01
  42  F 0   2.451e+06  -1e-03  0.97  1.0e-01  2.8e-05  0.0e+00  0.0e+00  2.1e-01  3.3e-03  2.1e-01
  42  F 1   2.451e+06  -1e-03  0.97  1.0e-01  2.8e-05  0.0e+00  0.0e+00  2.1e-01  2.7e-03  2.1e-01
  42  T 2   2.445e+06  -6e-05  0.96  1.0e-01  1.4e-05  3.7e-02  2.0e-01  2.0e-01  2.6e-03  2.0e-01
  43  T 0   2.435e+06  -7e-04  0.98  1.0e-01  1.3e-05  2.3e-01  8.0e-01  2.0e-01  3.1e-03  2.1e-01
  44  F 0   2.435e+06  -7e-04  0.98  1.0e-01  1.3e-05  0.0e+00  0.0e+00  2.0e-01  3.1e-03  2.0e-01
  44  T 1   2.432e+06  -1e-04  0.98  1.0e-01  9.1e-06  1.1e-01  3.0e-01  2.0e-01  2.7e-03  2.0e-01
  45  F 0   2.432e+06  -1e-04  0.98  1.0e-01  9.1e-06  0.0e+00  0.0e+00  2.1e-01  3.3e-03  2.1e-01
  45  T 1   2.429e+06  -3e-04  0.98  1.0e-01  1.5e-05  1.4e-01  4.8e-01  2.0e-01  3.0e-03  2.0e-01
  46  F 0   2.429e+06  -3e-04  0.98  1.0e-01  1.5e-05  0.0e+00  0.0e+00  2.3e-01  3.2e-03  2.4e-01
  46  T 1   2.426e+06  -1e-04  0.98  1.0e-01  8.0e-06  1.2e-01  2.9e-01  2.2e-01  3.0e-03  2.2e-01
  47  T 0   2.423e+06  -3e-04  0.98  1.0e-01  1.2e-05  2.1e-01  5.6e-01  2.7e-01  3.3e-03  2.7e-01
  48  F 0   2.423e+06  -3e-04  0.98  1.0e-01  1.2e-05  0.0e+00  0.0e+00  2.5e-01  3.2e-03  2.5e-01
  48  T 1   2.421e+06  -2e-04  0.98  1.0e-01  7.1e-06  1.1e-01  3.2e-01  2.0e-01  2.7e-03  2.1e-01
  49  T 0   2.419e+06  -1e-04  0.98  1.0e-01  6.5e-06  2.0e-01  3.5e-01  2.0e-01  3.2e-03  2.1e-01
  50  T 0   2.418e+06  -9e-05  0.98  1.0e-01  7.9e-06  1.0e-01  2.7e-01  2.1e-01  3.1e-03  2.1e-01
  51  T 0   2.417e+06  -9e-05  0.98  1.0e-01  6.2e-06  9.9e-02  2.5e-01  2.0e-01  3.1e-03  2.1e-01
  52  T 0   2.416e+06  -8e-05  0.99  1.0e-01  6.4e-06  1.1e-01  2.5e-01  2.1e-01  3.1e-03  2.1e-01
  53  T 0   2.416e+06  -7e-05  0.99  1.0e-01  6.0e-06  8.4e-02  2.1e-01  2.1e-01  3.2e-03  2.1e-01
  54  T 0   2.415e+06  -5e-05  0.99  1.0e-01  5.4e-06  7.9e-02  1.6e-01  2.0e-01  2.8e-03  2.0e-01
  55  T 0   2.415e+06  -6e-05  0.99  1.0e-01  5.3e-06  7.5e-02  1.7e-01  2.0e-01  2.8e-03  2.0e-01
  56  T 0   2.414e+06  -5e-05  0.99  1.0e-01  4.8e-06  8.2e-02  1.8e-01  2.1e-01  2.8e-03  2.2e-01
  57  T 0   2.414e+06  -5e-05  0.99  1.0e-01  4.9e-06  7.2e-02  1.9e-01  2.0e-01  2.9e-03  2.0e-01
  58  T 0   2.413e+06  -5e-05  0.99  1.0e-01  4.4e-06  7.3e-02  1.8e-01  2.1e-01  2.9e-03  2.1e-01
  59  T 0   2.412e+06  -6e-05  0.99  1.0e-01  5.0e-06  7.1e-02  1.9e-01  2.5e-01  2.8e-03  2.6e-01
  60  T 0   2.412e+06  -6e-05  0.99  1.0e-01  5.6e-06  6.5e-02  1.9e-01  2.2e-01  2.8e-03  2.2e-01
  61  T 0   2.411e+06  -6e-05  0.99  1.0e-01  6.3e-06  8.4e-02  2.2e-01  2.0e-01  2.7e-03  2.0e-01
  62  T 0   2.411e+06  -9e-05  0.99  1.0e-01  6.4e-06  8.7e-02  2.3e-01  2.1e-01  3.5e-03  2.1e-01
  63  F 0   2.411e+06  -9e-05  0.99  1.0e-01  6.4e-06  0.0e+00  0.0e+00  2.0e-01  3.2e-03  2.1e-01
  63  T 1   2.410e+06  -2e-05  0.99  1.0e-01  4.7e-06  5.3e-02  1.2e-01  2.0e-01  2.7e-03  2.1e-01
  64  T 0   2.410e+06  -4e-05  0.99  1.0e-01  4.6e-06  9.6e-02  1.8e-01  2.0e-01  3.3e-03  2.1e-01
  65  T 0   2.410e+06  -3e-05  0.99  1.0e-01  5.6e-06  7.3e-02  1.5e-01  2.1e-01  2.8e-03  2.2e-01
  66  T 0   2.409e+06  -4e-05  0.99  1.0e-01  4.5e-06  7.8e-02  1.5e-01  2.1e-01  2.9e-03  2.2e-01
  67  T 0   2.409e+06  -3e-05  0.99  1.0e-01  6.5e-06  8.3e-02  1.9e-01  2.1e-01  3.4e-03  2.1e-01
  68  T 0   2.409e+06  -4e-05  0.99  1.0e-01  3.9e-06  7.5e-02  1.8e-01  2.1e-01  3.2e-03  2.1e-01
  69  T 0   2.409e+06  -5e-05  0.99  1.0e-01  8.0e-06  1.1e-01  2.4e-01  2.0e-01  3.2e-03  2.1e-01
  70  T 0   2.408e+06  -8e-05  0.99  1.0e-01  4.0e-06  1.0e-01  2.4e-01  2.0e-01  3.1e-03  2.1e-01
  71  T 0   2.408e+06  -6e-05  0.99  1.0e-01  6.4e-06  7.7e-02  1.9e-01  2.1e-01  3.2e-03  2.1e-01
  72  T 0   2.407e+06  -5e-05  0.99  1.0e-01  4.3e-06  1.1e-01  2.2e-01  2.0e-01  3.2e-03  2.1e-01
  73  T 0   2.407e+06   4e-06  0.99  1.0e-01  3.6e-06  5.7e-02  1.3e-01  2.0e-01  3.1e-03  2.0e-01
  74  T 0   2.407e+06  -2e-05  0.99  1.0e-01  3.2e-06  5.4e-02  1.2e-01  2.3e-01  2.8e-03  2.3e-01
  75  T 0   2.407e+06  -2e-05  0.99  1.0e-01  3.2e-06  5.6e-02  1.1e-01  2.1e-01  2.7e-03  2.2e-01
  76  T 0   2.407e+06  -3e-05  0.99  1.0e-01  3.1e-06  5.5e-02  1.1e-01  2.0e-01  2.8e-03  2.1e-01
  77  T 0   2.407e+06  -2e-05  0.99  1.0e-01  2.9e-06  5.5e-02  1.1e-01  2.1e-01  2.8e-03  2.1e-01
  78  T 0   2.406e+06  -2e-05  0.99  1.0e-01  2.9e-06  6.2e-02  1.2e-01  2.2e-01  2.9e-03  2.2e-01
  79  T 0   2.406e+06  -2e-05  0.99  1.0e-01  2.7e-06  6.8e-02  1.1e-01  2.0e-01  3.0e-03  2.0e-01
  80  T 0   2.406e+06  -3e-05  0.99  1.0e-01  2.7e-06  6.8e-02  1.1e-01  2.0e-01  2.9e-03  2.0e-01
  81  T 0   2.406e+06  -2e-05  0.99  1.0e-01  2.5e-06  6.2e-02  1.1e-01  2.0e-01  2.9e-03  2.1e-01
  82  T 0   2.406e+06  -2e-05  0.99  1.0e-01  3.2e-06  5.6e-02  1.3e-01  2.0e-01  3.1e-03  2.0e-01
  83  F 0   2.406e+06  -4e-05  0.99  1.0e-01  6.1e-06  1.1e-01  2.1e-01  2.1e-01  2.8e-03  2.2e-01
  84  F 0   2.406e+06  -4e-05  0.99  1.0e-01  6.1e-06  0.0e+00  0.0e+00  2.0e-01  3.3e-03  2.1e-01
  84  T 1   2.406e+06  -1e-05  0.99  1.0e-01  3.5e-06  4.8e-02  1.1e-01  2.0e-01  2.3e-03  2.1e-01
  85  T 0   2.405e+06  -1e-05  0.99  1.0e-01  3.4e-06  6.6e-02  1.2e-01  2.1e-01  2.7e-03  2.1e-01
  86  T 0   2.405e+06  -2e-05  0.99  1.0e-01  4.1e-06  6.3e-02  1.2e-01  2.1e-01  2.8e-03  2.2e-01
  87  F 0   2.405e+06  -2e-05  0.99  1.0e-01  4.1e-06  0.0e+00  0.0e+00  2.1e-01  3.1e-03  2.1e-01
  87  T 1   2.405e+06  -7e-06  0.99  1.0e-01  2.7e-06  3.9e-02  7.4e-02  2.5e-01  2.3e-03  2.5e-01
  88  T 0   2.405e+06  -2e-05  0.99  1.0e-01  2.8e-06  3.8e-02  8.9e-02  2.0e-01  2.5e-03  2.1e-01
  89  T 0   2.405e+06  -1e-05  0.99  1.0e-01  2.4e-06  4.3e-02  8.8e-02  2.1e-01  2.8e-03  2.1e-01
  90  T 0   2.405e+06  -1e-05  0.99  1.0e-01  3.9e-06  4.6e-02  9.8e-02  2.2e-01  2.8e-03  2.3e-01
  91  T 0   2.405e+06  -2e-05  0.99  1.0e-01  2.2e-06  6.4e-02  1.1e-01  2.5e-01  2.7e-03  2.5e-01
  92  T 0   2.405e+06  -2e-05  0.99  1.0e-01  4.9e-06  7.0e-02  1.5e-01  2.0e-01  4.6e-03  2.1e-01
  93  T 0   2.405e+06  -2e-05  0.99  1.0e-01  3.2e-06  7.2e-02  1.3e-01  2.1e-01  2.7e-03  2.1e-01
  94  T 0   2.405e+06  -9e-05  0.99  1.0e-01  4.8e-06  8.5e-02  1.4e-01  2.1e-01  3.1e-03  2.1e-01
  95  T 0   2.405e+06  -2e-05  0.99  1.0e-01  2.4e-06  4.9e-02  8.5e-02  2.0e-01  3.1e-03  2.1e-01
  96  T 0   2.404e+06  -3e-05  0.99  1.0e-01  3.5e-06  5.4e-02  6.6e-02  2.1e-01  3.1e-03  2.1e-01
  97  T 0   2.404e+06  -4e-06  0.99  1.0e-01  2.7e-06  3.8e-02  5.0e-02  2.0e-01  2.8e-03  2.1e-01
  98  T 0   2.404e+06  -5e-06  0.99  1.0e-01  2.9e-06  3.1e-02  4.9e-02  2.1e-01  2.8e-03  2.1e-01
  99  T 0   2.404e+06  -6e-06  0.99  1.0e-01  3.0e-06  3.6e-02  5.5e-02  2.1e-01  2.8e-03  2.1e-01
 100  T 0   2.404e+06   4e-06  0.99  1.0e-01  3.2e-06  4.0e-02  6.1e-02  2.0e-01  2.0e-03  2.0e-01
 101  T 0   2.404e+06  -5e-06  0.99  1.0e-01  2.6e-06  3.1e-02  4.8e-02  2.1e-01  2.7e-03  2.1e-01
 102  T 0   2.404e+06  -4e-06  0.99  1.0e-01  2.8e-06  2.2e-02  3.9e-02  2.0e-01  2.8e-03  2.0e-01
 103  T 0   2.404e+06  -4e-06  0.99  1.0e-01  2.7e-06  2.3e-02  4.3e-02  2.4e-01  2.7e-03  2.4e-01
 104  T 0   2.404e+06  -5e-06  0.99  1.0e-01  2.9e-06  2.6e-02  4.8e-02  2.1e-01  1.0e-02  2.2e-01
 105  T 0   2.404e+06  -5e-06  0.99  1.0e-01  2.9e-06  2.9e-02  5.2e-02  2.0e-01  2.9e-03  2.1e-01
 106  T 0   2.404e+06  -5e-06  0.99  1.0e-01  3.4e-06  3.1e-02  4.6e-02  2.1e-01  2.9e-03  2.1e-01
 107  T 0   2.404e+06  -2e-06  0.99  1.0e-01  2.7e-06  2.4e-02  3.6e-02  2.1e-01  2.9e-03  2.2e-01
 108  T 0   2.404e+06  -3e-06  0.99  1.0e-01  3.2e-06  1.5e-02  3.3e-02  2.1e-01  2.9e-03  2.2e-01
 109  T 0   2.404e+06  -3e-06  0.99  1.0e-01  2.3e-06  1.4e-02  2.5e-02  2.1e-01  2.8e-03  2.1e-01
 110  T 0   2.404e+06  -1e-06  0.99  1.0e-01  2.7e-06  1.9e-02  3.0e-02  2.1e-01  3.2e-03  2.1e-01
 111  T 0   2.404e+06  -2e-06  0.99  1.0e-01  2.1e-06  1.6e-02  2.0e-02  2.1e-01  2.8e-03  2.1e-01
 112  T 0   2.404e+06  -2e-06  0.99  1.0e-01  2.0e-06  1.6e-02  2.2e-02  2.0e-01  2.9e-03  2.1e-01
 113  T 0   2.404e+06  -2e-06  0.99  1.0e-01  1.8e-06  1.8e-02  2.3e-02  2.1e-01  2.9e-03  2.1e-01
 114  T 0   2.404e+06  -4e-06  0.99  1.0e-01  1.6e-06  1.9e-02  2.6e-02  2.2e-01  2.1e-03  2.2e-01
 115  T 0   2.404e+06  -2e-06  0.99  1.0e-01  1.4e-06  2.0e-02  2.8e-02  2.2e-01  2.9e-03  2.2e-01
 116  T 0   2.404e+06  -4e-07  0.99  1.0e-01  1.2e-06  2.0e-02  3.0e-02  2.2e-01  2.2e-03  2.3e-01
 117  T 0   2.404e+06  -2e-06  0.99  1.0e-01  9.9e-07  2.1e-02  3.1e-02  2.2e-01  3.0e-03  2.2e-01
 118  T 0   2.404e+06  -2e-06  0.99  1.0e-01  1.1e-06  2.0e-02  3.3e-02  2.2e-01  2.9e-03  2.2e-01
 119  T 0   2.404e+06  -2e-06  0.99  1.0e-01  7.4e-07  2.2e-02  3.1e-02  2.2e-01  3.0e-03  2.2e-01
 120  T 0   2.404e+06  -3e-06  0.99  1.0e-01  1.6e-06  2.8e-02  4.7e-02  2.1e-01  3.1e-03  2.1e-01
 121  F 0   2.404e+06  -6e-06  0.99  1.0e-01  2.8e-06  4.6e-02  8.5e-02  2.0e-01  2.9e-03  2.1e-01
 122  F 0   2.404e+06  -6e-06  0.99  1.0e-01  2.8e-06  0.0e+00  0.0e+00  2.1e-01  3.2e-03  2.1e-01
 122  T 1   2.404e+06  -8e-07  0.99  1.0e-01  7.9e-07  3.7e-02  6.1e-02  2.1e-01  2.3e-03  2.1e-01
 123  T 0   2.404e+06   2e-06  0.99  1.0e-01  1.2e-06  2.0e-02  3.1e-02  2.0e-01  3.3e-03  2.1e-01
 124  F 0   2.404e+06  -2e-06  0.99  1.0e-01  9.8e-07  1.6e-02  3.1e-02  2.2e-01  2.9e-03  2.2e-01
 125  T 0   2.404e+06   4e-06  0.99  1.0e-01  1.8e-06  2.8e-02  4.8e-02  2.2e-01  3.0e-03  2.2e-01
 126  F 0   2.404e+06  -6e-06  0.99  1.0e-01  1.2e-06  1.9e-02  4.2e-02  2.1e-01  2.9e-03  2.1e-01
 127  T 0   2.404e+06   5e-06  0.99  1.0e-01  9.4e-07  1.5e-02  2.7e-02  2.3e-01  3.0e-03  2.3e-01
 128  F 0   2.404e+06  -6e-07  0.99  1.0e-01  4.9e-07  7.1e-03  8.9e-03  2.9e-01  2.9e-03  3.0e-01
 129  F 0   2.404e+06  -2e-07  0.99  1.0e-01  5.6e-07  4.5e-03  6.5e-03  2.3e-01  2.8e-03  2.3e-01
 130  F 0   2.404e+06  -2e-06  0.99  1.0e-01  5.4e-07  4.5e-03  7.1e-03  2.4e-01  2.2e-03  2.4e-01
 131  T 0   2.404e+06  -2e-06  0.99  1.0e-01  5.2e-07  5.2e-03  8.2e-03  2.3e-01  2.1e-03  2.3e-01
 132  T 0   2.404e+06  -2e-06  0.99  1.0e-01  4.9e-07  5.8e-03  9.4e-03  2.3e-01  2.1e-03  2.3e-01
 133  T 0   2.404e+06  -2e-06  0.99  1.0e-01  4.7e-07  6.5e-03  1.1e-02  2.1e-01  2.1e-03  2.1e-01
 134  T 0   2.404e+06  -4e-06  0.99  1.0e-01  4.4e-07  7.2e-03  1.2e-02  2.1e-01  2.1e-03  2.1e-01
 135  T 0   2.404e+06  -7e-06  0.99  1.0e-01  4.6e-07  8.1e-03  1.3e-02  2.0e-01  2.1e-03  2.1e-01
 136  T 0   2.404e+06  -4e-07  0.99  1.0e-01  4.9e-07  8.9e-03  1.5e-02  2.1e-01  3.0e-03  2.1e-01
 137  T 0   2.404e+06  -4e-07  0.99  1.0e-01  4.7e-07  1.0e-02  1.6e-02  2.1e-01  2.9e-03  2.1e-01
 138  T 0   2.404e+06  -4e-07  0.99  1.0e-01  5.5e-07  1.1e-02  1.8e-02  2.0e-01  2.9e-03  2.1e-01
 139  T 0   2.404e+06  -5e-07  0.99  1.0e-01  5.3e-07  1.3e-02  1.9e-02  2.1e-01  2.9e-03  2.1e-01
 140  F 0   2.404e+06  -4e-06  0.99  1.0e-01  9.4e-07  2.0e-02  2.7e-02  2.0e-01  2.8e-03  2.1e-01
 141  F 0   2.404e+06  -2e-06  0.99  1.0e-01  1.6e-06  2.8e-02  4.7e-02  2.1e-01  3.2e-03  2.1e-01
 142  F 0   2.404e+06  -1e-05  0.99  1.0e-01  4.9e-06  7.4e-02  1.3e-01  2.1e-01  3.2e-03  2.1e-01
 143  F 0   2.404e+06  -1e-05  0.99  1.0e-01  4.9e-06  0.0e+00  0.0e+00  2.1e-01  4.0e-03  2.1e-01
 143  T 1   2.404e+06   2e-05  0.99  1.0e-01  1.1e-06  4.1e-02  7.9e-02  2.1e-01  2.7e-03  2.1e-01
 144  F 0   2.404e+06  -6e-07  0.99  1.0e-01  4.1e-07  9.8e-03  2.3e-02  2.1e-01  3.6e-03  2.1e-01
 145  F 0   2.404e+06  -2e-06  0.99  1.0e-01  6.1e-07  7.1e-03  1.2e-02  2.1e-01  2.9e-03  2.2e-01
 146  F 0   2.404e+06  -3e-07  0.99  1.0e-01  3.8e-07  6.6e-03  8.5e-03  2.1e-01  2.9e-03  2.1e-01
 147  F 0   2.404e+06  -2e-07  0.99  1.0e-01  4.8e-07  5.7e-03  8.5e-03  2.1e-01  2.9e-03  2.1e-01
 148  F 0   2.404e+06  -2e-07  0.99  1.0e-01  4.1e-07  7.5e-03  9.1e-03  2.1e-01  2.8e-03  2.2e-01
 149  F 0   2.404e+06  -2e-07  0.99  1.0e-01  4.2e-07  8.1e-03  1.1e-02  2.2e-01  2.9e-03  2.2e-01
 150  T 0   2.404e+06  -9e-07  0.99  1.0e-01  4.1e-07  9.8e-03  1.3e-02  2.1e-01  2.1e-03  2.1e-01
 151  T 0   2.404e+06   1e-06  0.99  1.0e-01  4.2e-07  1.2e-02  1.5e-02  2.1e-01  2.1e-03  2.1e-01
 152  T 0   2.404e+06   1e-06  0.99  1.0e-01  4.0e-07  1.4e-02  1.8e-02  2.1e-01  2.1e-03  2.1e-01
 153  T 0   2.404e+06   7e-06  0.99  1.0e-01  4.2e-07  1.6e-02  2.1e-02  2.1e-01  2.1e-03  2.1e-01
 154  F 0   2.404e+06  -1e-07  0.99  1.0e-01  3.6e-07  2.0e-02  2.5e-02  2.1e-01  2.1e-03  2.1e-01
 155  T 0   2.404e+06   1e-06  0.99  1.0e-01  4.4e-07  1.6e-02  2.2e-02  2.1e-01  3.1e-03  2.1e-01
 156  F 0   2.404e+06  -4e-07  0.99  1.0e-01  5.3e-07  7.8e-03  1.4e-02  2.1e-01  2.9e-03  2.1e-01
 157  T 0   2.404e+06   4e-06  0.99  1.0e-01  6.8e-07  1.8e-02  2.4e-02  2.5e-01  3.0e-03  2.5e-01
 158  F 0   2.404e+06  -6e-06  0.99  1.0e-01  6.7e-07  1.5e-02  2.2e-02  2.0e-01  2.8e-03  2.1e-01
 159  T 0   2.404e+06   2e-06  0.99  1.0e-01  3.1e-07  9.7e-03  1.3e-02  2.2e-01  2.9e-03  2.2e-01
 160  F 0   2.404e+06   3e-07  0.99  1.0e-01  2.1e-07  2.1e-03  3.4e-03  2.2e-01  2.8e-03  2.2e-01
 161  T 0   2.404e+06   9e-06  0.99  1.0e-01  1.9e-07  1.1e-03  2.0e-03  2.1e-01  2.1e-03  2.1e-01
 162  F 0   2.404e+06  -5e-06  0.99  1.0e-01  2.0e-07  1.8e-03  2.6e-03  2.1e-01  2.4e-03  2.1e-01
 163  F 0   2.404e+06   3e-06  0.99  1.0e-01  2.0e-07  1.5e-03  2.4e-03  2.1e-01  2.5e-03  2.1e-01
 164  F 0   2.404e+06   5e-06  0.99  1.0e-01  2.0e-07  1.5e-03  2.5e-03  2.1e-01  2.5e-03  2.1e-01
 165  F 0   2.404e+06   6e-06  0.99  1.0e-01  2.0e-07  1.8e-03  2.9e-03  2.0e-01  2.1e-03  2.1e-01
 166  T 0   2.404e+06   8e-06  0.99  1.0e-01  1.9e-07  2.2e-03  3.4e-03  2.1e-01  2.1e-03  2.2e-01
 167  F 0   2.404e+06  -9e-06  0.99  1.0e-01  1.8e-07  2.9e-03  4.1e-03  2.1e-01  2.5e-03  2.1e-01
 168  F 0   2.404e+06  -9e-08  0.99  1.0e-01  2.2e-07  3.6e-03  4.9e-03  2.2e-01  2.8e-03  2.2e-01
 169  F 0   2.404e+06  -4e-06  0.99  1.0e-01  1.8e-07  4.2e-03  5.4e-03  2.2e-01  2.1e-03  2.2e-01
 170  F 0   2.404e+06   5e-06  0.99  1.0e-01  2.5e-07  5.1e-03  6.7e-03  2.1e-01  2.2e-03  2.1e-01
 171  F 0   2.404e+06  -9e-06  0.99  1.0e-01  3.0e-07  6.7e-03  7.7e-03  2.3e-01  2.1e-03  2.3e-01
 172  F 0   2.404e+06  -2e-07  0.99  1.0e-01  5.4e-07  1.1e-02  1.2e-02  2.1e-01  3.1e-03  2.2e-01
 173  F 0   2.404e+06  -9e-07  0.99  1.0e-01  1.3e-06  1.8e-02  2.5e-02  2.6e-01  3.1e-03  2.7e-01
 174  F 0   2.404e+06  -2e-06  0.99  1.0e-01  2.6e-06  3.5e-02  5.7e-02  2.2e-01  3.1e-03  2.2e-01
 175  F 0   2.404e+06  -1e-05  0.99  1.0e-01  4.5e-06  7.2e-02  1.0e-01  2.3e-01  3.5e-03  2.3e-01
 176  F 0   2.404e+06  -2e-05  0.99  1.0e-01  4.8e-06  5.9e-02  1.1e-01  2.7e-01  8.3e-03  2.8e-01
 177  F 0   2.404e+06  -4e-05  0.99  1.0e-01  3.3e-06  4.5e-02  8.7e-02  2.1e-01  3.6e-03  2.1e-01
 178  F 0   2.404e+06   2e-07  0.99  1.0e-01  1.5e-06  2.0e-02  3.8e-02  2.2e-01  2.9e-03  2.2e-01
 179  F 0   2.404e+06  -9e-08  0.99  1.0e-01  8.3e-07  1.9e-02  2.0e-02  2.1e-01  3.1e-03  2.2e-01
 180  F 0   2.404e+06   8e-07  0.99  1.0e-01  2.9e-07  3.2e-03  4.4e-03  2.1e-01  2.9e-03  2.1e-01
 181  F 0   2.404e+06  -5e-06  0.99  1.0e-01  1.4e-07  1.7e-03  2.2e-03  2.2e-01  2.1e-03  2.2e-01
 182  F 0   2.404e+06  -1e-05  0.99  1.0e-01  1.3e-07  1.4e-03  1.7e-03  2.1e-01  2.6e-03  2.1e-01
 183  F 0   2.404e+06  -8e-06  0.99  1.0e-01  1.3e-07  1.8e-03  2.0e-03  2.2e-01  2.5e-03  2.2e-01
 184  F 0   2.404e+06  -4e-06  0.99  1.0e-01  1.4e-07  1.7e-03  2.2e-03  2.2e-01  2.5e-03  2.2e-01
 185  F 0   2.404e+06  -3e-06  0.99  1.0e-01  1.4e-07  1.8e-03  2.4e-03  2.2e-01  2.1e-03  2.3e-01
 186  F 0   2.404e+06  -4e-07  0.99  1.0e-01  1.4e-07  2.0e-03  2.9e-03  2.2e-01  2.3e-03  2.2e-01
 187  T 0   2.404e+06   1e-06  0.99  1.0e-01  1.3e-07  2.4e-03  3.3e-03  2.1e-01  2.2e-03  2.2e-01
 188  T 0   2.404e+06   4e-06  0.99  1.0e-01  1.3e-07  2.6e-03  3.9e-03  2.2e-01  2.2e-03  2.3e-01
 189  T 0   2.404e+06   6e-06  0.99  1.0e-01  1.3e-07  3.2e-03  4.4e-03  2.2e-01  2.2e-03  2.3e-01
 190  F 0   2.404e+06  -9e-06  0.99  1.0e-01  1.4e-07  4.2e-03  5.1e-03  2.1e-01  2.5e-03  2.2e-01
 191  F 0   2.404e+06  -2e-07  0.99  1.0e-01  3.3e-07  7.0e-03  7.4e-03  2.1e-01  2.2e-03  2.1e-01
 192  F 0   2.404e+06  -2e-07  0.99  1.0e-01  5.2e-07  9.7e-03  1.1e-02  2.1e-01  3.0e-03  2.1e-01
 193  F 0   2.404e+06   2e-06  0.99  1.0e-01  8.1e-07  1.2e-02  1.6e-02  2.1e-01  3.2e-03  2.2e-01
 194  F 0   2.404e+06  -2e-06  0.99  1.0e-01  8.5e-07  1.7e-02  1.9e-02  2.1e-01  2.9e-03  2.1e-01
 195  F 0   2.404e+06  -6e-07  0.99  1.0e-01  5.1e-07  8.4e-03  1.2e-02  2.2e-01  2.9e-03  2.2e-01
 196  F 0   2.404e+06   1e-07  0.99  1.0e-01  1.9e-07  3.0e-03  3.3e-03  2.1e-01  3.0e-03  2.1e-01
 197  T 0   2.404e+06   5e-06  0.99  1.0e-01  1.6e-07  1.1e-03  1.5e-03  2.2e-01  2.6e-03  2.2e-01
 198  T 0   2.404e+06   7e-06  0.99  1.0e-01  1.5e-07  9.1e-04  1.4e-03  2.5e-01  2.3e-03  2.5e-01
Termination on Convergence criteria
Total number of system evaluations: 384
