   k  l     Obj         Vio    Bou   ML       |KKT|    |dX|     ||dX||   T_s      T_o      T_t
   0  T 0   4.248e+08   1e-02  0.00  1.0e-01  3.0e+03  1.0e+00  1.0e+00  4.5e-01  0.0e+00  0.0e+00
   1  T 0   4.153e+08  -1e-02  0.00  1.0e-01  3.0e+03  3.0e-03  1.6e-01  2.7e-01  1.3e-03  2.8e-01
   2  T 0   1.289e+08   6e-09  0.00  1.0e-01  3.0e-02  1.0e-01  3.8e+00  2.1e-01  5.7e-03  2.2e-01
   3  T 0   9.843e+07  -8e-02  0.04  1.0e-01  2.8e-01  1.0e-01  1.8e+00  2.3e-01  1.8e-03  2.3e-01
   4  T 0   7.059e+07  -1e-01  0.07  1.0e-01  2.5e-02  1.0e-01  1.5e+00  2.5e-01  1.3e-03  2.5e-01
   5  F 0   7.913e+07  -2e-01  0.19  1.0e-01  1.4e+00  1.0e-01  2.9e+00  2.8e-01  1.2e-03  2.8e-01
   6  T 0   4.300e+07  -2e-01  0.16  1.0e-01  6.0e-03  1.0e-01  1.2e+00  2.3e-01  1.3e-03  2.3e-01
   7  T 0   4.006e+07  -2e-01  0.17  1.0e-01  2.1e-03  4.2e-02  2.7e-01  2.1e-01  1.4e-03  2.1e-01
   8  T 0   3.593e+07  -2e-01  0.20  1.0e-01  1.7e-03  3.9e-02  4.4e-01  2.4e-01  1.2e-03  2.4e-01
   9  T 0   1.986e+07  -3e-01  0.37  1.0e-01  4.9e-02  1.0e-01  2.9e+00  2.2e-01  1.2e-03  2.3e-01
  10  F 0   1.586e+08  -3e-01  0.53  1.0e-01  1.1e+00  1.0e-01  4.3e+00  2.2e-01  1.2e-03  2.2e-01
  11  T 0   1.259e+07  -3e-01  0.49  1.0e-01  3.1e-03  1.0e-01  1.4e+00  2.1e-01  1.2e-03  2.2e-01
  12  T 0   1.224e+07  -3e-01  0.48  1.0e-01  1.2e-03  2.1e-02  7.4e-02  2.1e-01  1.2e-03  2.1e-01
  13  T 0   1.215e+07  -3e-01  0.48  1.0e-01  1.4e-03  6.4e-03  3.4e-02  2.1e-01  1.3e-03  2.1e-01
  14  T 0   1.128e+07  -3e-01  0.48  1.0e-01  7.8e-04  6.3e-02  4.1e-01  2.1e-01  1.2e-03  2.1e-01
  15  T 0   8.559e+06  -3e-01  0.54  1.0e-01  4.9e-03  1.0e-01  1.5e+00  2.1e-01  1.2e-03  2.1e-01
  16  T 0   6.122e+06  -3e-01  0.70  1.0e-01  1.2e-03  1.0e-01  3.5e+00  2.1e-01  1.2e-03  2.1e-01
  17  T 0   5.100e+06  -3e-01  0.73  1.0e-01  1.0e-03  1.0e-01  3.2e+00  2.1e-01  1.2e-03  2.1e-01
  18  T 0   4.676e+06  -3e-01  0.74  1.0e-01  8.3e-04  1.0e-01  2.0e+00  2.0e-01  1.2e-03  2.1e-01
  19  T 0   4.459e+06  -3e-01  0.74  1.0e-01  1.0e-04  1.0e-01  7.4e-01  2.1e-01  1.1e-03  2.1e-01
  20  T 0   4.115e+06  -3e-01  0.77  1.0e-01  2.2e-03  9.7e-02  1.0e+00  2.0e-01  1.6e-03  2.1e-01
  21  T 0   3.708e+06  -3e-01  0.80  1.0e-01  9.7e-05  1.0e-01  2.8e+00  2.1e-01  1.2e-03  2.1e-01
  22  T 0   3.586e+06  -2e-01  0.84  1.0e-01  1.4e-03  1.0e-01  2.5e+00  2.2e-01  1.3e-03  2.3e-01
  23  T 0   3.399e+06  -2e-01  0.82  1.0e-01  1.1e-04  1.0e-01  1.6e+00  2.1e-01  1.2e-03  2.1e-01
  24  T 0   3.202e+06  -2e-01  0.84  1.0e-01  2.7e-04  1.0e-01  8.5e-01  2.1e-01  1.2e-03  2.1e-01
  25  T 0   3.144e+06  -2e-01  0.84  1.0e-01  9.4e-05  1.0e-01  4.7e-01  2.1e-01  1.2e-03  2.1e-01
  26  T 0   2.973e+06  -2e-01  0.87  1.0e-01  5.8e-04  1.0e-01  1.1e+00  2.1e-01  1.3e-03  2.1e-01
  27  T 0   2.885e+06  -1e-01  0.89  1.0e-01  4.5e-04  1.0e-01  1.5e+00  2.2e-01  1.2e-03  2.2e-01
  28  T 0   2.848e+06  -1e-01  0.91  1.0e-01  3.5e-04  1.0e-01  1.5e+00  2.2e-01  1.3e-03  2.2e-01
  29  T 0   2.777e+06  -1e-01  0.87  1.0e-01  9.1e-05  1.0e-01  1.0e+00  2.1e-01  1.2e-03  2.1e-01
  30  T 0   2.708e+06  -9e-02  0.90  1.0e-01  4.7e-05  9.1e-02  4.8e-01  2.1e-01  1.2e-03  2.1e-01
  31  T 0   2.680e+06  -9e-02  0.91  1.0e-01  1.1e-04  4.0e-02  2.7e-01  2.1e-01  1.1e-03  2.1e-01
  32  T 0   2.574e+06  -3e-02  0.93  1.0e-01  3.8e-05  1.0e-01  1.6e+00  2.1e-01  1.2e-03  2.1e-01
  33  T 0   2.515e+06   3e-05  0.94  1.0e-01  5.8e-05  1.0e-01  1.5e+00  2.8e-01  2.1e-03  2.8e-01
  34  F 0   2.595e+06   1e-07  0.94  1.0e-01  1.1e-04  1.0e-01  1.3e+00  2.2e-01  2.2e-03  2.2e-01
  35  F 0   2.522e+06   3e-08  0.92  1.0e-01  9.1e-05  1.0e-01  9.9e-01  2.3e-01  2.2e-03  2.3e-01
  36  T 0   2.482e+06  -8e-06  0.92  1.0e-01  4.8e-05  6.8e-02  4.0e-01  2.2e-01  1.9e-03  2.2e-01
  37  T 0   2.473e+06  -5e-07  0.94  1.0e-01  2.6e-05  3.0e-02  1.3e-01  2.0e-01  1.9e-03  2.1e-01
  38  T 0   2.452e+06  -1e-06  0.95  1.0e-01  1.7e-05  1.0e-01  5.3e-01  2.9e-01  2.0e-03  3.0e-01
  39  T 0   2.439e+06   4e-06  0.96  1.0e-01  3.7e-05  1.0e-01  9.9e-01  2.5e-01  1.9e-03  2.5e-01
  40  F 0   2.509e+06   7e-08  0.96  1.0e-01  1.2e-04  1.0e-01  1.0e+00  2.3e-01  2.0e-03  2.3e-01
  41  F 0   2.479e+06  -4e-04  0.91  1.0e-01  9.6e-05  1.0e-01  8.2e-01  2.3e-01  1.4e-03  2.3e-01
  42  T 0   2.436e+06   1e-06  0.93  1.0e-01  2.6e-05  6.4e-02  3.6e-01  2.2e-01  1.8e-03  2.2e-01
  43  T 0   2.429e+06  -4e-07  0.95  1.0e-01  2.9e-05  2.7e-02  1.3e-01  2.3e-01  1.8e-03  2.3e-01
  44  T 0   2.421e+06   9e-08  0.97  1.0e-01  1.3e-05  6.0e-02  2.8e-01  2.4e-01  2.1e-03  2.4e-01
  45  T 0   2.412e+06   4e-07  0.98  1.0e-01  1.9e-05  1.0e-01  8.5e-01  2.2e-01  2.1e-03  2.2e-01
  46  F 0   2.429e+06   5e-07  0.98  1.0e-01  5.4e-05  1.0e-01  8.0e-01  2.3e-01  1.9e-03  2.3e-01
  47  F 0   2.433e+06  -2e-07  0.95  1.0e-01  6.2e-05  1.0e-01  7.0e-01  2.3e-01  2.1e-03  2.3e-01
  48  F 0   2.416e+06  -1e-05  0.95  1.0e-01  4.3e-05  9.1e-02  4.0e-01  2.3e-01  1.9e-03  2.3e-01
  49  T 0   2.409e+06   2e-07  0.97  1.0e-01  2.1e-05  2.8e-02  1.3e-01  2.3e-01  1.7e-03  2.3e-01
  50  T 0   2.408e+06   5e-06  0.97  1.0e-01  1.3e-05  2.4e-02  5.8e-02  2.4e-01  1.7e-03  2.4e-01
  51  T 0   2.407e+06   2e-06  0.98  1.0e-01  1.7e-05  1.0e-01  5.1e-01  2.3e-01  1.6e-03  2.3e-01
  52  F 0   2.416e+06   1e-06  0.98  1.0e-01  4.6e-05  1.0e-01  6.0e-01  2.1e-01  1.8e-03  2.1e-01
  53  F 0   2.410e+06   1e-05  0.96  1.0e-01  4.9e-05  1.0e-01  4.5e-01  2.0e-01  1.8e-03  2.0e-01
  54  T 0   2.404e+06  -3e-07  0.97  1.0e-01  1.6e-05  5.3e-02  1.7e-01  2.1e-01  1.9e-03  2.1e-01
  55  T 0   2.404e+06  -3e-07  0.98  1.0e-01  7.8e-06  1.5e-02  4.3e-02  2.1e-01  1.6e-03  2.1e-01
  56  T 0   2.403e+06   3e-07  0.98  1.0e-01  5.7e-06  5.5e-02  1.2e-01  2.1e-01  1.7e-03  2.2e-01
  57  T 0   2.402e+06   1e-06  0.98  1.0e-01  1.2e-05  1.0e-01  3.0e-01  2.1e-01  1.8e-03  2.1e-01
  58  F 0   2.405e+06   6e-06  0.99  1.0e-01  2.1e-05  1.0e-01  4.1e-01  2.1e-01  1.9e-03  2.1e-01
  59  F 0   2.403e+06  -1e-07  0.97  1.0e-01  2.6e-05  8.2e-02  3.2e-01  2.1e-01  2.1e-03  2.1e-01
  60  T 0   2.401e+06  -9e-06  0.98  1.0e-01  6.9e-06  4.2e-02  1.2e-01  2.1e-01  1.9e-03  2.1e-01
  61  T 0   2.401e+06  -3e-07  0.98  1.0e-01  5.9e-06  1.5e-02  3.9e-02  2.0e-01  1.7e-03  2.0e-01
  62  T 0   2.400e+06   1e-06  0.99  1.0e-01  4.6e-06  7.2e-02  1.4e-01  2.0e-01  1.7e-03  2.1e-01
  63  F 0   2.400e+06   5e-07  0.99  1.0e-01  9.2e-06  8.8e-02  2.1e-01  2.1e-01  1.8e-03  2.1e-01
  64  F 0   2.401e+06  -4e-06  0.98  1.0e-01  1.5e-05  8.2e-02  2.5e-01  2.0e-01  2.0e-03  2.1e-01
  65  T 0   2.400e+06  -7e-08  0.98  1.0e-01  9.0e-06  4.9e-02  1.6e-01  2.0e-01  2.0e-03  2.1e-01
  66  T 0   2.399e+06  -8e-06  0.99  1.0e-01  2.9e-06  1.3e-02  3.6e-02  2.2e-01  1.6e-03  2.2e-01
  67  T 0   2.399e+06   3e-07  0.99  1.0e-01  3.0e-06  2.2e-02  4.8e-02  2.0e-01  1.6e-03  2.0e-01
  68  T 0   2.399e+06   2e-05  0.99  1.0e-01  5.9e-06  1.0e-01  4.5e-01  2.0e-01  1.6e-03  2.0e-01
  69  F 0   2.405e+06   9e-06  0.99  1.0e-01  2.6e-05  1.0e-01  5.0e-01  2.0e-01  2.1e-03  2.1e-01
  70  F 0   2.408e+06   3e-08  0.97  1.0e-01  4.4e-05  1.0e-01  5.1e-01  2.0e-01  2.2e-03  2.0e-01
  71  F 0   2.400e+06  -2e-06  0.97  1.0e-01  3.4e-05  7.0e-02  2.8e-01  2.0e-01  2.0e-03  2.1e-01
  72  F 0   2.399e+06  -2e-16  0.98  1.0e-01  6.7e-06  2.8e-02  7.8e-02  2.1e-01  2.0e-03  2.1e-01
  73  T 0   2.399e+06  -4e-07  0.98  1.0e-01  4.5e-06  1.1e-02  3.6e-02  2.0e-01  1.6e-03  2.0e-01
  74  T 0   2.398e+06   5e-07  0.99  1.0e-01  1.7e-06  3.1e-02  8.0e-02  2.0e-01  1.6e-03  2.1e-01
  75  T 0   2.398e+06   4e-16  0.99  1.0e-01  3.5e-06  7.8e-02  1.7e-01  2.0e-01  1.9e-03  2.1e-01
  76  F 0   2.401e+06   2e-05  0.99  1.0e-01  2.1e-05  1.0e-01  3.5e-01  2.0e-01  1.8e-03  2.0e-01
  77  F 0   2.401e+06  -2e-07  0.98  1.0e-01  3.1e-05  1.0e-01  3.6e-01  2.1e-01  2.0e-03  2.1e-01
  78  F 0   2.398e+06   1e-07  0.98  1.0e-01  1.5e-05  5.4e-02  1.7e-01  2.0e-01  2.1e-03  2.0e-01
  79  T 0   2.398e+06  -8e-06  0.98  1.0e-01  2.8e-06  1.9e-02  4.0e-02  2.1e-01  1.7e-03  2.1e-01
  80  T 0   2.398e+06   3e-05  0.99  1.0e-01  1.6e-06  8.4e-03  2.9e-02  2.1e-01  1.4e-03  2.1e-01
  81  T 0   2.398e+06   5e-06  0.99  1.0e-01  1.7e-06  3.6e-02  8.9e-02  2.0e-01  1.6e-03  2.0e-01
  82  F 0   2.398e+06  -1e-07  0.99  1.0e-01  7.9e-06  8.7e-02  2.4e-01  2.1e-01  1.8e-03  2.2e-01
  83  F 0   2.402e+06  -1e-05  0.99  1.0e-01  2.7e-05  1.0e-01  4.1e-01  2.0e-01  1.8e-03  2.1e-01
  84  F 0   2.399e+06  -4e-07  0.98  1.0e-01  3.2e-05  1.0e-01  3.5e-01  2.0e-01  2.1e-03  2.1e-01
  85  T 0   2.398e+06   2e-06  0.98  1.0e-01  9.3e-06  5.2e-02  1.2e-01  2.0e-01  1.6e-03  2.0e-01
  86  T 0   2.398e+06   2e-09  0.99  1.0e-01  3.9e-06  1.2e-02  3.2e-02  2.1e-01  1.6e-03  2.1e-01
  87  T 0   2.397e+06  -2e-06  0.99  1.0e-01  3.0e-06  2.5e-02  4.4e-02  2.0e-01  1.7e-03  2.0e-01
  88  T 0   2.397e+06   2e-15  0.99  1.0e-01  3.2e-06  7.1e-02  1.7e-01  2.0e-01  1.9e-03  2.0e-01
  89  F 0   2.399e+06   1e-07  0.99  1.0e-01  1.5e-05  7.7e-02  2.5e-01  2.0e-01  1.9e-03  2.1e-01
  90  F 0   2.398e+06   9e-06  0.98  1.0e-01  1.6e-05  8.4e-02  2.4e-01  2.0e-01  1.8e-03  2.0e-01
  91  T 0   2.397e+06   2e-06  0.99  1.0e-01  4.0e-06  3.7e-02  8.2e-02  2.0e-01  1.9e-03  2.0e-01
  92  T 0   2.397e+06   5e-07  0.99  1.0e-01  1.4e-06  9.0e-03  2.1e-02  2.0e-01  1.7e-03  2.0e-01
  93  T 0   2.397e+06   6e-08  0.99  1.0e-01  8.3e-07  8.3e-03  2.5e-02  2.0e-01  1.7e-03  2.1e-01
  94  T 0   2.397e+06  -7e-07  0.99  1.0e-01  2.6e-06  1.0e-01  2.7e-01  2.0e-01  1.7e-03  2.0e-01
  95  F 0   2.404e+06   1e-06  0.99  1.0e-01  3.5e-05  1.0e-01  5.3e-01  2.0e-01  2.0e-03  2.1e-01
  96  F 0   2.405e+06  -1e-06  0.97  1.0e-01  4.9e-05  1.0e-01  4.8e-01  2.0e-01  2.1e-03  2.1e-01
  97  F 0   2.399e+06  -5e-07  0.97  1.0e-01  2.3e-05  7.1e-02  2.3e-01  2.0e-01  1.8e-03  2.1e-01
  98  F 0   2.397e+06  -2e-07  0.98  1.0e-01  9.7e-06  2.3e-02  7.2e-02  2.1e-01  1.6e-03  2.1e-01
  99  F 0   2.397e+06  -2e-06  0.98  1.0e-01  3.6e-06  2.6e-02  5.0e-02  2.1e-01  1.7e-03  2.1e-01
 100  T 0   2.397e+06  -1e-07  0.99  1.0e-01  4.0e-06  4.7e-02  1.3e-01  2.0e-01  1.6e-03  2.1e-01
 101  F 0   2.397e+06  -3e-07  0.99  1.0e-01  6.7e-06  5.3e-02  1.3e-01  2.1e-01  1.8e-03  2.1e-01
 102  T 0   2.397e+06  -4e-07  0.99  1.0e-01  4.6e-06  3.2e-02  8.9e-02  2.0e-01  1.9e-03  2.1e-01
 103  T 0   2.397e+06  -9e-06  0.99  1.0e-01  1.0e-06  5.8e-03  1.8e-02  2.0e-01  1.6e-03  2.1e-01
 104  T 0   2.397e+06  -7e-07  0.99  1.0e-01  9.4e-07  1.3e-02  3.5e-02  2.1e-01  1.6e-03  2.1e-01
 105  F 0   2.397e+06   2e-14  0.99  1.0e-01  7.1e-06  1.0e-01  3.9e-01  2.0e-01  2.1e-03  2.1e-01
 106  F 0   2.401e+06  -2e-06  0.99  1.0e-01  2.2e-05  1.0e-01  4.6e-01  2.2e-01  1.6e-03  2.2e-01
 107  F 0   2.402e+06  -2e-07  0.97  1.0e-01  3.8e-05  1.0e-01  4.3e-01  2.1e-01  2.1e-03  2.1e-01
 108  F 0   2.397e+06  -3e-07  0.97  1.0e-01  2.5e-05  5.9e-02  2.2e-01  2.1e-01  2.0e-03  2.1e-01
 109  F 0   2.397e+06  -7e-06  0.98  1.0e-01  4.2e-06  1.9e-02  5.1e-02  2.0e-01  1.7e-03  2.1e-01
 110  T 0   2.397e+06   2e-05  0.98  1.0e-01  3.0e-06  1.1e-02  3.2e-02  2.0e-01  1.5e-03  2.0e-01
 111  T 0   2.396e+06  -2e-06  0.99  1.0e-01  1.5e-06  4.3e-02  1.1e-01  2.0e-01  1.6e-03  2.1e-01
 112  F 0   2.397e+06  -8e-08  0.99  1.0e-01  8.3e-06  6.3e-02  1.3e-01  2.6e-01  1.8e-03  2.6e-01
 113  F 0   2.397e+06  -2e-06  0.99  1.0e-01  7.0e-06  5.2e-02  1.3e-01  2.6e-01  1.9e-03  2.7e-01
 114  T 0   2.396e+06  -5e-07  0.99  1.0e-01  1.4e-06  1.5e-02  4.5e-02  2.3e-01  1.8e-03  2.3e-01
 115  T 0   2.396e+06  -2e-06  0.99  1.0e-01  4.2e-07  4.0e-03  9.4e-03  2.0e-01  1.8e-03  2.0e-01
 116  T 0   2.396e+06  -1e-14  0.99  1.0e-01  5.1e-07  4.5e-03  1.4e-02  2.1e-01  1.6e-03  2.2e-01
 117  T 0   2.396e+06  -5e-06  0.99  1.0e-01  4.8e-07  4.2e-02  1.2e-01  2.1e-01  1.6e-03  2.1e-01
 118  F 0   2.396e+06   2e-04  0.99  1.0e-01  3.5e-06  1.0e-01  3.4e-01  2.0e-01  1.7e-03  2.0e-01
 119  F 0   2.397e+06   3e-08  0.99  1.0e-01  1.1e-05  1.0e-01  3.9e-01  2.3e-01  1.8e-03  2.4e-01
 120  F 0   2.399e+06   2e-06  0.99  1.0e-01  2.2e-05  1.0e-01  3.6e-01  2.3e-01  1.9e-03  2.3e-01
 121  F 0   2.397e+06   1e-05  0.98  1.0e-01  2.1e-05  9.7e-02  2.6e-01  2.1e-01  1.9e-03  2.1e-01
 122  F 0   2.396e+06  -6e-07  0.99  1.0e-01  5.0e-06  2.8e-02  8.0e-02  2.3e-01  1.8e-03  2.3e-01
 123  T 0   2.396e+06   0e+00  0.99  1.0e-01  3.0e-06  9.4e-03  2.1e-02  2.0e-01  1.7e-03  2.1e-01
 124  T 0   2.396e+06  -2e-06  0.99  1.0e-01  6.0e-07  1.5e-02  4.1e-02  2.1e-01  1.6e-03  2.2e-01
 125  F 0   2.396e+06   1e-08  0.99  1.0e-01  2.1e-06  2.0e-02  5.1e-02  2.0e-01  1.9e-03  2.0e-01
 126  F 0   2.396e+06  -4e-07  0.99  1.0e-01  2.8e-06  2.8e-02  6.4e-02  2.4e-01  1.7e-03  2.5e-01
 127  T 0   2.396e+06   1e-06  0.99  1.0e-01  1.6e-06  1.6e-02  3.8e-02  2.2e-01  1.6e-03  2.3e-01
 128  T 0   2.396e+06  -1e-06  0.99  1.0e-01  4.2e-07  6.2e-03  8.8e-03  2.1e-01  1.9e-03  2.1e-01
 129  T 0   2.396e+06   1e-07  0.99  1.0e-01  2.8e-07  3.4e-03  7.2e-03  2.1e-01  1.6e-03  2.1e-01
 130  T 0   2.396e+06  -1e-07  0.99  1.0e-01  4.1e-07  9.2e-03  2.2e-02  2.1e-01  1.7e-03  2.2e-01
 131  F 0   2.396e+06   6e-15  0.99  1.0e-01  5.0e-06  4.7e-02  1.0e-01  2.1e-01  1.9e-03  2.1e-01
 132  F 0   2.396e+06  -5e-06  0.99  1.0e-01  5.8e-06  6.1e-02  1.4e-01  2.0e-01  1.6e-03  2.0e-01
 133  T 0   2.396e+06   6e-06  0.99  1.0e-01  3.4e-06  3.2e-02  7.7e-02  2.0e-01  1.6e-03  2.0e-01
 134  T 0   2.396e+06  -2e-06  0.99  1.0e-01  8.1e-07  1.1e-02  1.8e-02  2.0e-01  1.6e-03  2.0e-01
 135  F 0   2.396e+06  -6e-05  0.99  1.0e-01  1.0e-06  6.1e-03  8.5e-03  2.2e-01  1.5e-03  2.2e-01
 136  F 0   2.396e+06  -1e-06  0.99  1.0e-01  3.7e-06  4.0e-02  7.9e-02  2.0e-01  1.8e-03  2.1e-01
 137  F 0   2.396e+06  -2e-07  0.99  1.0e-01  4.5e-06  5.0e-02  1.1e-01  2.0e-01  1.6e-03  2.0e-01
 138  T 0   2.396e+06   2e-06  0.99  1.0e-01  2.9e-06  2.6e-02  6.1e-02  2.0e-01  1.6e-03  2.1e-01
 139  T 0   2.396e+06  -5e-06  0.99  1.0e-01  8.3e-07  9.8e-03  1.4e-02  2.0e-01  1.7e-03  2.0e-01
 140  F 0   2.396e+06  -6e-05  0.99  1.0e-01  3.4e-07  3.7e-03  7.0e-03  2.0e-01  1.4e-03  2.1e-01
 141  F 0   2.396e+06  -9e-07  0.99  1.0e-01  2.7e-06  2.9e-02  5.8e-02  2.1e-01  1.8e-03  2.1e-01
 142  F 0   2.396e+06   9e-07  0.99  1.0e-01  3.5e-06  3.7e-02  8.0e-02  2.0e-01  1.6e-03  2.0e-01
 143  T 0   2.396e+06   2e-06  0.99  1.0e-01  1.9e-06  2.0e-02  4.6e-02  2.0e-01  1.7e-03  2.0e-01
 144  F 0   2.396e+06  -6e-06  0.99  1.0e-01  4.8e-07  8.5e-03  1.1e-02  2.2e-01  1.7e-03  2.2e-01
 145  T 0   2.396e+06   5e-15  0.99  1.0e-01  1.7e-07  3.3e-03  5.8e-03  2.0e-01  1.7e-03  2.0e-01
 146  T 0   2.396e+06   2e-15  0.99  1.0e-01  2.0e-07  1.9e-03  5.5e-03  2.0e-01  1.7e-03  2.1e-01
 147  T 0   2.396e+06  -1e-07  0.99  1.0e-01  5.8e-07  1.0e-02  2.4e-02  2.0e-01  1.6e-03  2.0e-01
 148  F 0   2.396e+06  -2e-06  0.99  1.0e-01  3.8e-06  3.1e-02  6.1e-02  2.0e-01  1.7e-03  2.0e-01
 149  F 0   2.396e+06   2e-06  0.99  1.0e-01  2.6e-06  2.7e-02  6.1e-02  2.0e-01  1.6e-03  2.1e-01
 150  F 0   2.396e+06  -9e-06  0.99  1.0e-01  6.1e-07  1.2e-02  1.9e-02  2.1e-01  1.7e-03  2.1e-01
 151  F 0   2.396e+06  -6e-05  0.99  1.0e-01  2.2e-07  2.0e-03  5.4e-03  2.1e-01  1.4e-03  2.1e-01
 152  T 0   2.396e+06   3e-06  0.99  1.0e-01  3.1e-07  5.3e-03  9.7e-03  2.1e-01  1.6e-03  2.1e-01
 153  F 0   2.396e+06  -8e-06  0.99  1.0e-01  1.0e-06  9.6e-03  1.9e-02  2.1e-01  1.2e-03  2.1e-01
 154  F 0   2.396e+06   6e-07  0.99  1.0e-01  6.3e-07  9.3e-03  1.9e-02  2.2e-01  1.7e-03  2.2e-01
 155  T 0   2.396e+06   4e-05  0.99  1.0e-01  2.2e-07  2.9e-03  7.5e-03  2.2e-01  1.5e-03  2.2e-01
 156  F 0   2.396e+06   1e-06  0.99  1.0e-01  1.5e-07  1.8e-03  4.6e-03  2.1e-01  1.7e-03  2.1e-01
 157  F 0   2.396e+06   4e-06  0.99  1.0e-01  5.8e-07  9.5e-03  1.9e-02  2.1e-01  1.6e-03  2.1e-01
 158  F 0   2.396e+06  -3e-06  0.99  1.0e-01  2.6e-06  2.1e-02  4.2e-02  2.7e-01  1.6e-03  2.7e-01
 159  F 0   2.396e+06   2e-07  0.99  1.0e-01  1.8e-06  1.7e-02  3.7e-02  2.2e-01  1.7e-03  2.2e-01
 160  F 0   2.396e+06  -1e-06  0.99  1.0e-01  3.3e-07  4.8e-03  8.5e-03  2.0e-01  1.6e-03  2.0e-01
 161  F 0   2.396e+06  -4e-05  0.99  1.0e-01  1.6e-07  1.3e-03  3.6e-03  2.6e-01  1.4e-03  2.6e-01
 162  F 0   2.396e+06   4e-06  0.99  1.0e-01  3.6e-07  7.8e-03  1.5e-02  2.2e-01  1.8e-03  2.2e-01
 163  F 0   2.396e+06  -2e-06  0.99  1.0e-01  3.2e-06  2.8e-02  5.2e-02  2.0e-01  1.6e-03  2.0e-01
 164  F 0   2.396e+06   6e-07  0.99  1.0e-01  2.7e-06  2.5e-02  5.6e-02  2.1e-01  1.7e-03  2.1e-01
 165  F 0   2.396e+06  -2e-06  0.99  1.0e-01  5.2e-07  9.8e-03  2.0e-02  2.2e-01  1.6e-03  2.2e-01
 166  F 0   2.396e+06  -4e-07  0.99  1.0e-01  1.3e-07  1.9e-03  3.2e-03  2.1e-01  1.7e-03  2.1e-01
 167  F 0   2.396e+06  -6e-06  0.99  1.0e-01  1.1e-07  1.3e-03  3.2e-03  2.0e-01  1.3e-03  2.1e-01
 168  T 0   2.396e+06   2e-04  0.99  1.0e-01  5.0e-07  5.9e-02  1.4e-01  2.1e-01  1.6e-03  2.1e-01
 169  F 0   2.397e+06  -6e-06  0.99  1.0e-01  1.3e-05  1.0e-01  3.1e-01  2.0e-01  1.8e-03  2.0e-01
 170  F 0   2.400e+06  -2e-16  0.99  1.0e-01  2.6e-05  1.0e-01  4.0e-01  2.0e-01  2.0e-03  2.0e-01
 171  F 0   2.397e+06  -1e-07  0.98  1.0e-01  2.7e-05  8.7e-02  2.9e-01  2.0e-01  2.0e-03  2.0e-01
 172  F 0   2.396e+06  -1e-05  0.98  1.0e-01  5.3e-06  3.5e-02  9.1e-02  2.0e-01  1.6e-03  2.0e-01
 173  F 0   2.396e+06  -1e-07  0.99  1.0e-01  2.5e-06  7.0e-03  2.3e-02  2.0e-01  1.6e-03  2.0e-01
 174  F 0   2.396e+06  -6e-06  0.99  1.0e-01  6.7e-07  4.5e-02  1.2e-01  2.0e-01  1.7e-03  2.1e-01
 175  F 0   2.396e+06  -2e-07  0.99  1.0e-01  1.2e-06  2.2e-02  5.2e-02  2.2e-01  2.0e-03  2.2e-01
 176  F 0   2.396e+06   4e-07  0.99  1.0e-01  2.3e-06  1.7e-02  4.5e-02  2.1e-01  1.6e-03  2.1e-01
 177  F 0   2.396e+06  -4e-07  0.99  1.0e-01  1.7e-06  1.5e-02  3.3e-02  2.0e-01  1.7e-03  2.1e-01
 178  F 0   2.396e+06  -8e-07  0.99  1.0e-01  2.6e-07  4.0e-03  7.1e-03  2.0e-01  1.6e-03  2.1e-01
 179  F 0   2.396e+06  -4e-05  0.99  1.0e-01  1.7e-07  1.4e-03  3.9e-03  2.0e-01  1.5e-03  2.0e-01
 180  F 0   2.396e+06  -7e-06  0.99  1.0e-01  2.5e-07  6.9e-03  1.4e-02  2.0e-01  1.6e-03  2.0e-01
 181  F 0   2.396e+06  -7e-07  0.99  1.0e-01  1.9e-06  1.5e-02  3.2e-02  2.0e-01  1.7e-03  2.0e-01
 182  F 0   2.396e+06   3e-07  0.99  1.0e-01  1.9e-06  1.5e-02  3.3e-02  2.0e-01  1.6e-03  2.0e-01
 183  F 0   2.396e+06  -5e-07  0.99  1.0e-01  2.1e-07  4.0e-03  8.7e-03  2.0e-01  1.8e-03  2.0e-01
 184  F 0   2.396e+06  -1e-05  0.99  1.0e-01  1.1e-07  6.8e-04  1.7e-03  2.1e-01  1.4e-03  2.1e-01
Termination on Convergence criteria
Total number of system evaluations: 185
