   k  l     Obj         Vio    Bou   ML       |KKT|    |dX|     ||dX||   T_s      T_o      T_t
   0  T 0   5.388e+09   2e-02  0.00  1.0e-01  7.5e+02  1.0e+00  1.0e+00  5.7e-01  0.0e+00  0.0e+00
   1  F 0   5.388e+09   2e-02  0.00  1.0e-01  7.5e+02  0.0e+00  0.0e+00  3.0e-01  1.7e-02  3.2e-01
   1  F 1   5.388e+09   2e-02  0.00  1.0e-01  7.5e+02  0.0e+00  0.0e+00  2.8e-01  5.4e-03  2.9e-01
   1  F 2   5.388e+09   2e-02  0.00  1.0e-01  7.5e+02  0.0e+00  0.0e+00  3.3e-01  4.9e-03  3.3e-01
   1  F 3   5.388e+09   2e-02  0.00  1.0e-01  7.5e+02  0.0e+00  0.0e+00  3.2e-01  3.0e-03  3.3e-01
   1  F 4   5.388e+09   2e-02  0.00  1.0e-01  7.5e+02  0.0e+00  0.0e+00  2.7e-01  3.0e-03  2.7e-01
   1  F 5   5.388e+09   2e-02  0.00  1.0e-01  7.5e+02  0.0e+00  0.0e+00  2.7e-01  3.3e-03  2.8e-01
   1  F 6   5.388e+09   2e-02  0.00  1.0e-01  7.5e+02  0.0e+00  0.0e+00  2.7e-01  3.2e-03  2.8e-01
   1  T 7   3.229e+09  -2e-02  0.00  1.0e-01  4.4e-03  2.8e-01  3.2e+00  2.7e-01  3.0e-03  2.7e-01
   2  F 0   3.229e+09  -2e-02  0.00  1.0e-01  4.4e-03  0.0e+00  0.0e+00  2.9e-01  4.7e-03  3.0e-01
   2  F 1   3.229e+09  -2e-02  0.00  1.0e-01  4.4e-03  0.0e+00  0.0e+00  2.7e-01  3.5e-03  2.8e-01
   2  F 2   3.229e+09  -2e-02  0.00  1.0e-01  4.4e-03  0.0e+00  0.0e+00  2.7e-01  3.7e-03  2.7e-01
   2  F 3   3.229e+09  -2e-02  0.00  1.0e-01  4.4e-03  0.0e+00  0.0e+00  2.7e-01  2.0e-03  2.7e-01
   2  T 4   1.469e+09  -1e-01  0.00  1.0e-01  1.7e-03  2.3e-01  7.9e+00  2.7e-01  2.0e-03  2.7e-01
   3  F 0   1.469e+09  -1e-01  0.00  1.0e-01  1.7e-03  0.0e+00  0.0e+00  2.7e-01  2.7e-03  2.7e-01
   3  F 1   1.469e+09  -1e-01  0.00  1.0e-01  1.7e-03  0.0e+00  0.0e+00  2.7e-01  2.0e-03  2.7e-01
   3  F 2   1.469e+09  -1e-01  0.00  1.0e-01  1.7e-03  0.0e+00  0.0e+00  2.7e-01  2.0e-03  2.7e-01
   3  F 3   1.469e+09  -1e-01  0.00  1.0e-01  1.7e-03  0.0e+00  0.0e+00  2.7e-01  2.0e-03  2.7e-01
   3  F 4   1.469e+09  -1e-01  0.00  1.0e-01  1.7e-03  0.0e+00  0.0e+00  2.7e-01  2.0e-03  2.7e-01
   3  T 5   9.241e+08  -2e-01  0.12  1.0e-01  1.2e-03  2.2e-01  6.2e+00  3.0e-01  1.9e-03  3.0e-01
   4  F 0   9.241e+08  -2e-01  0.12  1.0e-01  1.2e-03  0.0e+00  0.0e+00  2.8e-01  2.7e-03  2.8e-01
   4  F 1   9.241e+08  -2e-01  0.12  1.0e-01  1.2e-03  0.0e+00  0.0e+00  2.7e-01  1.9e-03  2.7e-01
   4  T 2   5.240e+08  -4e-01  0.22  1.0e-01  6.1e-04  3.7e-01  1.0e+01  2.7e-01  1.9e-03  2.7e-01
   5  F 0   5.240e+08  -4e-01  0.22  1.0e-01  6.1e-04  0.0e+00  0.0e+00  2.9e-01  2.8e-03  2.9e-01
   5  F 1   5.240e+08  -4e-01  0.22  1.0e-01  6.1e-04  0.0e+00  0.0e+00  2.7e-01  2.2e-03  2.7e-01
   5  F 2   5.240e+08  -4e-01  0.22  1.0e-01  6.1e-04  0.0e+00  0.0e+00  3.0e-01  2.0e-03  3.0e-01
   5  F 3   5.240e+08  -4e-01  0.22  1.0e-01  6.1e-04  0.0e+00  0.0e+00  2.7e-01  2.2e-03  2.7e-01
   5  T 4   3.952e+08  -5e-01  0.29  1.0e-01  3.0e-04  2.3e-01  6.4e+00  2.7e-01  2.0e-03  2.7e-01
   6  F 0   3.952e+08  -5e-01  0.29  1.0e-01  3.0e-04  0.0e+00  0.0e+00  2.7e-01  2.7e-03  2.8e-01
   6  F 1   3.952e+08  -5e-01  0.29  1.0e-01  3.0e-04  0.0e+00  0.0e+00  2.7e-01  1.9e-03  2.7e-01
   6  F 2   3.952e+08  -5e-01  0.29  1.0e-01  3.0e-04  0.0e+00  0.0e+00  2.7e-01  1.9e-03  2.7e-01
   6  F 3   3.952e+08  -5e-01  0.29  1.0e-01  3.0e-04  0.0e+00  0.0e+00  2.8e-01  2.0e-03  2.8e-01
   6  T 4   3.398e+08  -6e-01  0.37  1.0e-01  2.9e-04  5.4e-01  5.7e+00  2.7e-01  2.0e-03  2.7e-01
   7  F 0   3.398e+08  -6e-01  0.37  1.0e-01  2.9e-04  0.0e+00  0.0e+00  2.7e-01  2.7e-03  2.7e-01
   7  F 1   3.398e+08  -6e-01  0.37  1.0e-01  2.9e-04  0.0e+00  0.0e+00  2.9e-01  1.9e-03  2.9e-01
   7  F 2   3.398e+08  -6e-01  0.37  1.0e-01  2.9e-04  0.0e+00  0.0e+00  2.9e-01  1.9e-03  2.9e-01
   7  F 3   3.398e+08  -6e-01  0.37  1.0e-01  2.9e-04  0.0e+00  0.0e+00  2.7e-01  2.0e-03  2.7e-01
   7  F 4   3.398e+08  -6e-01  0.37  1.0e-01  2.9e-04  0.0e+00  0.0e+00  2.7e-01  1.9e-03  2.7e-01
   7  F 5   3.398e+08  -6e-01  0.37  1.0e-01  2.9e-04  0.0e+00  0.0e+00  2.7e-01  2.0e-03  2.7e-01
   7  F 6   3.398e+08  -6e-01  0.37  1.0e-01  2.9e-04  0.0e+00  0.0e+00  2.7e-01  1.9e-03  2.7e-01
   7  F 7   3.398e+08  -6e-01  0.37  1.0e-01  2.9e-04  0.0e+00  0.0e+00  2.7e-01  2.0e-03  2.7e-01
   7  F 8   3.398e+08  -6e-01  0.37  1.0e-01  2.9e-04  0.0e+00  0.0e+00  2.7e-01  1.9e-03  2.7e-01
   7  F 9   3.398e+08  -6e-01  0.37  1.0e-01  2.9e-04  0.0e+00  0.0e+00  2.8e-01  1.9e-03  2.8e-01
   7  F10   3.398e+08  -6e-01  0.37  1.0e-01  2.9e-04  0.0e+00  0.0e+00  2.7e-01  1.9e-03  2.7e-01
   7  F11   3.398e+08  -6e-01  0.37  1.0e-01  2.9e-04  0.0e+00  0.0e+00  2.7e-01  1.9e-03  2.7e-01
   7  T12   3.305e+08  -6e-01  0.38  1.0e-01  1.1e-04  2.3e-01  1.6e+00  2.8e-01  1.9e-03  2.8e-01
   8  T 0   2.880e+08  -6e-01  0.58  1.0e-01  1.5e-02  4.7e-01  1.1e+01  2.8e-01  2.7e-03  2.8e-01
   9  F 0   2.880e+08  -6e-01  0.58  1.0e-01  1.5e-02  0.0e+00  0.0e+00  2.8e-01  2.7e-03  2.8e-01
   9  F 1   2.880e+08  -6e-01  0.58  1.0e-01  1.5e-02  0.0e+00  0.0e+00  2.8e-01  2.0e-03  2.8e-01
   9  F 2   2.880e+08  -6e-01  0.58  1.0e-01  1.5e-02  0.0e+00  0.0e+00  2.7e-01  1.9e-03  2.7e-01
   9  F 3   2.880e+08  -6e-01  0.58  1.0e-01  1.5e-02  0.0e+00  0.0e+00  2.6e-01  2.0e-03  2.6e-01
   9  F 4   2.880e+08  -6e-01  0.58  1.0e-01  1.5e-02  0.0e+00  0.0e+00  2.6e-01  2.0e-03  2.7e-01
   9  F 5   2.880e+08  -6e-01  0.58  1.0e-01  1.5e-02  0.0e+00  0.0e+00  2.7e-01  2.0e-03  2.7e-01
   9  F 6   2.880e+08  -6e-01  0.58  1.0e-01  1.5e-02  0.0e+00  0.0e+00  2.8e-01  1.9e-03  2.8e-01
   9  F 7   2.880e+08  -6e-01  0.58  1.0e-01  1.5e-02  0.0e+00  0.0e+00  2.8e-01  2.0e-03  2.8e-01
   9  F 8   2.880e+08  -6e-01  0.58  1.0e-01  1.5e-02  0.0e+00  0.0e+00  3.0e-01  2.0e-03  3.0e-01
   9  T 9   2.822e+08  -6e-01  0.58  1.0e-01  1.9e-03  1.1e-02  3.3e-02  2.8e-01  2.0e-03  2.8e-01
  10  F 0   2.822e+08  -6e-01  0.58  1.0e-01  1.9e-03  0.0e+00  0.0e+00  2.8e-01  2.7e-03  2.8e-01
  10  F 1   2.822e+08  -6e-01  0.58  1.0e-01  1.9e-03  0.0e+00  0.0e+00  2.7e-01  1.9e-03  2.7e-01
  10  F 2   2.822e+08  -6e-01  0.58  1.0e-01  1.9e-03  0.0e+00  0.0e+00  2.7e-01  1.9e-03  2.7e-01
  10  F 3   2.822e+08  -6e-01  0.58  1.0e-01  1.9e-03  0.0e+00  0.0e+00  2.6e-01  1.9e-03  2.7e-01
  10  F 4   2.822e+08  -6e-01  0.58  1.0e-01  1.9e-03  0.0e+00  0.0e+00  2.6e-01  1.9e-03  2.7e-01
  10  F 5   2.822e+08  -6e-01  0.58  1.0e-01  1.9e-03  0.0e+00  0.0e+00  2.7e-01  2.0e-03  2.7e-01
  10  F 6   2.822e+08  -6e-01  0.58  1.0e-01  1.9e-03  0.0e+00  0.0e+00  2.8e-01  2.0e-03  2.8e-01
  10  F 7   2.822e+08  -6e-01  0.58  1.0e-01  1.9e-03  0.0e+00  0.0e+00  2.8e-01  2.0e-03  2.8e-01
  10  F 8   2.822e+08  -6e-01  0.58  1.0e-01  1.9e-03  0.0e+00  0.0e+00  2.6e-01  2.0e-03  2.7e-01
  10  T 9   2.817e+08  -6e-01  0.58  1.0e-01  6.9e-04  7.5e-03  2.3e-02  2.6e-01  2.0e-03  2.7e-01
  11  F 0   2.817e+08  -6e-01  0.58  1.0e-01  6.9e-04  0.0e+00  0.0e+00  3.2e-01  2.7e-03  3.3e-01
  11  T 1   2.693e+08  -6e-01  0.57  1.0e-01  2.0e-04  2.9e-01  2.7e+00  2.7e-01  2.0e-03  2.8e-01
  12  F 0   2.693e+08  -6e-01  0.57  1.0e-01  2.0e-04  0.0e+00  0.0e+00  2.6e-01  2.7e-03  2.6e-01
  12  T 1   2.485e+08  -4e-01  0.64  1.0e-01  8.3e-05  5.7e-01  6.8e+00  2.6e-01  2.0e-03  2.6e-01
  13  F 0   2.485e+08  -4e-01  0.64  1.0e-01  8.3e-05  0.0e+00  0.0e+00  3.3e-01  2.7e-03  3.3e-01
  13  F 1   2.485e+08  -4e-01  0.64  1.0e-01  8.3e-05  0.0e+00  0.0e+00  2.8e-01  2.0e-03  2.8e-01
  13  F 2   2.485e+08  -4e-01  0.64  1.0e-01  8.3e-05  0.0e+00  0.0e+00  2.7e-01  2.0e-03  2.7e-01
  13  F 3   2.485e+08  -4e-01  0.64  1.0e-01  8.3e-05  0.0e+00  0.0e+00  2.7e-01  2.1e-03  2.7e-01
  13  T 4   2.389e+08  -4e-01  0.67  1.0e-01  1.2e-04  5.2e-01  4.4e+00  2.7e-01  2.0e-03  2.7e-01
  14  F 0   2.389e+08  -4e-01  0.67  1.0e-01  1.2e-04  0.0e+00  0.0e+00  2.6e-01  2.7e-03  2.7e-01
  14  T 1   2.312e+08  -4e-01  0.69  1.0e-01  1.2e-04  2.5e-01  2.5e+00  2.8e-01  1.9e-03  2.8e-01
  15  T 0   2.098e+08  -2e-01  0.77  1.0e-01  1.1e-04  7.5e-01  9.0e+00  2.7e-01  2.8e-03  2.7e-01
  16  F 0   2.098e+08  -2e-01  0.77  1.0e-01  1.1e-04  0.0e+00  0.0e+00  2.7e-01  2.8e-03  2.7e-01
  16  F 1   2.098e+08  -2e-01  0.77  1.0e-01  1.1e-04  0.0e+00  0.0e+00  2.7e-01  2.0e-03  2.7e-01
  16  F 2   2.098e+08  -2e-01  0.77  1.0e-01  1.1e-04  0.0e+00  0.0e+00  2.6e-01  1.9e-03  2.7e-01
  16  F 3   2.098e+08  -2e-01  0.77  1.0e-01  1.1e-04  0.0e+00  0.0e+00  2.6e-01  1.9e-03  2.7e-01
  16  F 4   2.098e+08  -2e-01  0.77  1.0e-01  1.1e-04  0.0e+00  0.0e+00  2.7e-01  2.0e-03  2.7e-01
  16  T 5   2.072e+08  -2e-01  0.75  1.0e-01  7.4e-05  3.5e-01  1.5e+00  2.7e-01  2.0e-03  2.7e-01
  17  T 0   1.923e+08  -9e-02  0.84  1.0e-01  1.5e-03  7.2e-01  6.8e+00  2.7e-01  2.7e-03  2.7e-01
  18  F 0   1.923e+08  -9e-02  0.84  1.0e-01  1.5e-03  0.0e+00  0.0e+00  2.7e-01  2.7e-03  2.8e-01
  18  F 1   1.923e+08  -9e-02  0.84  1.0e-01  1.5e-03  0.0e+00  0.0e+00  2.7e-01  2.0e-03  2.7e-01
  18  F 2   1.923e+08  -9e-02  0.84  1.0e-01  1.5e-03  0.0e+00  0.0e+00  2.8e-01  2.0e-03  2.8e-01
  18  F 3   1.923e+08  -9e-02  0.84  1.0e-01  1.5e-03  0.0e+00  0.0e+00  2.8e-01  1.9e-03  2.8e-01
  18  F 4   1.923e+08  -9e-02  0.84  1.0e-01  1.5e-03  0.0e+00  0.0e+00  3.1e-01  2.0e-03  3.1e-01
  18  F 5   1.923e+08  -9e-02  0.84  1.0e-01  1.5e-03  0.0e+00  0.0e+00  2.8e-01  2.0e-03  2.8e-01
  18  F 6   1.923e+08  -9e-02  0.84  1.0e-01  1.5e-03  0.0e+00  0.0e+00  2.8e-01  2.0e-03  2.8e-01
  18  F 7   1.923e+08  -9e-02  0.84  1.0e-01  1.5e-03  0.0e+00  0.0e+00  2.7e-01  2.0e-03  2.7e-01
  18  F 8   1.923e+08  -9e-02  0.84  1.0e-01  1.5e-03  0.0e+00  0.0e+00  2.7e-01  2.0e-03  2.7e-01
  18  F 9   1.923e+08  -9e-02  0.84  1.0e-01  1.5e-03  0.0e+00  0.0e+00  2.9e-01  2.0e-03  2.9e-01
  18  T10   1.922e+08  -9e-02  0.83  1.0e-01  4.6e-04  1.0e-02  3.3e-02  2.7e-01  1.9e-03  2.7e-01
  19  F 0   1.922e+08  -9e-02  0.83  1.0e-01  4.6e-04  0.0e+00  0.0e+00  2.7e-01  4.9e-03  2.7e-01
  19  F 1   1.922e+08  -9e-02  0.83  1.0e-01  4.6e-04  0.0e+00  0.0e+00  2.7e-01  2.0e-03  2.7e-01
  19  F 2   1.922e+08  -9e-02  0.83  1.0e-01  4.6e-04  0.0e+00  0.0e+00  2.8e-01  2.0e-03  2.8e-01
  19  T 3   1.879e+08  -7e-02  0.82  1.0e-01  7.9e-05  3.5e-01  2.4e+00  2.6e-01  2.0e-03  2.7e-01
  20  F 0   1.879e+08  -7e-02  0.82  1.0e-01  7.9e-05  0.0e+00  0.0e+00  2.7e-01  6.7e-03  2.7e-01
  20  T 1   1.825e+08  -3e-02  0.86  1.0e-01  7.7e-05  4.6e-01  3.7e+00  2.7e-01  2.1e-03  2.8e-01
  21  F 0   1.825e+08  -3e-02  0.86  1.0e-01  7.7e-05  0.0e+00  0.0e+00  3.0e-01  5.8e-03  3.0e-01
  21  F 1   1.825e+08  -3e-02  0.86  1.0e-01  7.7e-05  0.0e+00  0.0e+00  2.8e-01  1.9e-03  2.8e-01
  21  T 2   1.800e+08  -2e-02  0.84  1.0e-01  5.4e-05  2.7e-01  1.5e+00  3.2e-01  2.0e-03  3.3e-01
  22  T 0   1.757e+08  -1e-02  0.90  1.0e-01  4.9e-05  7.0e-01  3.7e+00  2.6e-01  5.4e-03  2.7e-01
  23  F 0   1.757e+08  -1e-02  0.90  1.0e-01  4.9e-05  0.0e+00  0.0e+00  2.6e-01  4.9e-03  2.7e-01
  23  T 1   1.739e+08  -2e-03  0.90  1.0e-01  4.3e-05  3.1e-01  1.6e+00  2.7e-01  3.1e-03  2.7e-01
  24  F 0   1.739e+08  -2e-03  0.90  1.0e-01  4.3e-05  0.0e+00  0.0e+00  2.6e-01  4.3e-03  2.7e-01
  24  T 1   1.729e+08  -2e-03  0.91  1.0e-01  4.0e-05  3.7e-01  1.4e+00  2.6e-01  3.1e-03  2.7e-01
  25  F 0   1.729e+08  -2e-03  0.91  1.0e-01  4.0e-05  0.0e+00  0.0e+00  2.7e-01  3.8e-03  2.7e-01
  25  T 1   1.715e+08  -4e-03  0.92  1.0e-01  4.6e-05  5.5e-01  2.5e+00  2.6e-01  3.0e-03  2.7e-01
  26  F 0   1.715e+08  -4e-03  0.92  1.0e-01  4.6e-05  0.0e+00  0.0e+00  2.7e-01  3.8e-03  2.7e-01
  26  T 1   1.706e+08  -2e-03  0.92  1.0e-01  4.2e-05  2.8e-01  1.3e+00  2.7e-01  3.1e-03  2.8e-01
  27  T 0   1.697e+08  -3e-03  0.93  1.0e-01  4.1e-05  4.2e-01  1.7e+00  2.6e-01  3.8e-03  2.7e-01
  28  T 0   1.690e+08  -1e-03  0.94  1.0e-01  3.1e-05  4.0e-01  1.2e+00  2.7e-01  3.8e-03  2.7e-01
  29  T 0   1.684e+08  -1e-03  0.94  1.0e-01  3.2e-05  2.8e-01  1.0e+00  2.7e-01  3.8e-03  2.7e-01
  30  T 0   1.680e+08  -9e-04  0.94  1.0e-01  3.2e-05  2.4e-01  8.6e-01  2.6e-01  3.8e-03  2.7e-01
  31  T 0   1.677e+08  -8e-04  0.95  1.0e-01  3.3e-05  2.1e-01  8.0e-01  2.7e-01  2.8e-03  2.7e-01
  32  T 0   1.674e+08  -7e-04  0.95  1.0e-01  3.6e-05  2.4e-01  8.3e-01  2.7e-01  3.8e-03  2.7e-01
  33  T 0   1.671e+08  -7e-04  0.95  1.0e-01  2.6e-05  2.4e-01  8.6e-01  2.7e-01  3.8e-03  2.7e-01
  34  F 0   1.671e+08  -7e-04  0.95  1.0e-01  2.6e-05  0.0e+00  0.0e+00  2.7e-01  4.0e-03  2.7e-01
  34  T 1   1.670e+08  -4e-04  0.95  1.0e-01  2.5e-05  1.4e-01  6.5e-01  2.6e-01  3.2e-03  2.7e-01
  35  T 0   1.668e+08  -7e-04  0.95  1.0e-01  2.1e-05  2.6e-01  9.6e-01  2.6e-01  3.8e-03  2.7e-01
  36  T 0   1.666e+08  -7e-04  0.96  1.0e-01  2.3e-05  2.9e-01  9.2e-01  2.7e-01  3.8e-03  2.8e-01
  37  T 0   1.664e+08  -5e-04  0.96  1.0e-01  2.2e-05  2.3e-01  8.6e-01  2.6e-01  3.8e-03  2.7e-01
  38  T 0   1.662e+08  -4e-04  0.96  1.0e-01  2.1e-05  2.2e-01  8.0e-01  2.9e-01  3.7e-03  2.9e-01
  39  T 0   1.661e+08  -3e-04  0.96  1.0e-01  2.1e-05  2.0e-01  7.1e-01  2.8e-01  3.8e-03  2.8e-01
  40  T 0   1.660e+08  -3e-04  0.96  1.0e-01  2.0e-05  2.4e-01  6.8e-01  2.7e-01  3.8e-03  2.7e-01
  41  T 0   1.659e+08  -2e-04  0.96  1.0e-01  1.9e-05  1.9e-01  6.2e-01  2.7e-01  3.9e-03  2.7e-01
  42  T 0   1.658e+08  -2e-04  0.97  1.0e-01  1.9e-05  2.1e-01  6.3e-01  2.9e-01  3.0e-03  2.9e-01
  43  T 0   1.657e+08  -2e-04  0.97  1.0e-01  1.9e-05  2.0e-01  6.3e-01  2.7e-01  3.9e-03  2.8e-01
  44  T 0   1.656e+08  -2e-04  0.97  1.0e-01  1.8e-05  1.9e-01  6.3e-01  2.6e-01  3.8e-03  2.7e-01
  45  T 0   1.656e+08  -2e-04  0.97  1.0e-01  1.5e-05  2.1e-01  7.4e-01  2.7e-01  3.8e-03  2.7e-01
  46  T 0   1.655e+08  -2e-04  0.97  1.0e-01  1.4e-05  2.3e-01  7.9e-01  2.8e-01  3.8e-03  2.8e-01
  47  T 0   1.654e+08  -2e-04  0.97  1.0e-01  1.0e-05  2.1e-01  7.8e-01  2.7e-01  3.9e-03  2.7e-01
  48  T 0   1.654e+08  -2e-04  0.97  1.0e-01  1.1e-05  3.5e-01  9.3e-01  2.7e-01  3.9e-03  2.7e-01
  49  T 0   1.653e+08  -2e-04  0.97  1.0e-01  1.1e-05  3.6e-01  1.0e+00  2.7e-01  3.8e-03  2.7e-01
  50  T 0   1.652e+08  -2e-04  0.97  1.0e-01  1.0e-05  2.7e-01  8.7e-01  2.7e-01  3.8e-03  2.8e-01
  51  T 0   1.651e+08  -2e-04  0.97  1.0e-01  9.8e-06  3.7e-01  8.1e-01  2.7e-01  4.1e-03  2.8e-01
  52  T 0   1.651e+08  -2e-04  0.97  1.0e-01  9.8e-06  2.3e-01  8.2e-01  2.8e-01  4.0e-03  2.9e-01
  53  T 0   1.650e+08  -2e-04  0.97  1.0e-01  1.0e-05  2.6e-01  9.5e-01  2.7e-01  3.9e-03  2.8e-01
  54  T 0   1.649e+08  -2e-04  0.97  1.0e-01  9.6e-06  3.2e-01  9.9e-01  2.7e-01  3.9e-03  2.8e-01
  55  T 0   1.648e+08  -2e-04  0.97  1.0e-01  6.5e-06  2.8e-01  9.0e-01  2.8e-01  3.9e-03  2.9e-01
  56  T 0   1.647e+08  -2e-04  0.97  1.0e-01  6.3e-06  2.5e-01  8.7e-01  2.9e-01  4.6e-03  2.9e-01
  57  T 0   1.647e+08  -2e-04  0.97  1.0e-01  6.0e-06  3.0e-01  9.2e-01  2.8e-01  3.9e-03  2.8e-01
  58  T 0   1.646e+08  -2e-04  0.97  1.0e-01  7.4e-06  2.9e-01  9.7e-01  2.8e-01  3.8e-03  2.8e-01
  59  T 0   1.645e+08  -2e-04  0.97  1.0e-01  7.4e-06  2.8e-01  9.8e-01  2.7e-01  3.9e-03  2.7e-01
  60  F 0   1.645e+08  -2e-04  0.97  1.0e-01  7.4e-06  0.0e+00  0.0e+00  2.6e-01  4.0e-03  2.7e-01
  60  T 1   1.645e+08  -1e-04  0.97  1.0e-01  1.1e-05  1.8e-01  7.1e-01  2.7e-01  3.1e-03  2.7e-01
  61  T 0   1.644e+08  -4e-04  0.97  1.0e-01  7.3e-06  3.2e-01  1.2e+00  2.7e-01  3.9e-03  2.7e-01
  62  F 0   1.644e+08  -4e-04  0.97  1.0e-01  7.3e-06  0.0e+00  0.0e+00  2.7e-01  3.9e-03  2.7e-01
  62  T 1   1.643e+08  -3e-04  0.97  1.0e-01  9.6e-06  3.3e-01  1.1e+00  2.8e-01  3.1e-03  2.8e-01
  63  F 0   1.643e+08  -3e-04  0.97  1.0e-01  9.6e-06  0.0e+00  0.0e+00  2.7e-01  3.8e-03  2.7e-01
  63  T 1   1.642e+08  -1e-04  0.97  1.0e-01  9.9e-06  2.5e-01  6.9e-01  2.7e-01  3.2e-03  2.7e-01
  64  T 0   1.642e+08  -3e-04  0.97  1.0e-01  1.4e-05  3.8e-01  1.2e+00  2.7e-01  3.9e-03  2.7e-01
  65  F 0   1.642e+08  -3e-04  0.97  1.0e-01  1.4e-05  0.0e+00  0.0e+00  2.7e-01  3.8e-03  2.8e-01
  65  T 1   1.641e+08  -2e-04  0.97  1.0e-01  1.4e-05  2.2e-01  7.7e-01  2.7e-01  3.3e-03  2.7e-01
  66  T 0   1.640e+08  -3e-04  0.97  1.0e-01  8.5e-06  3.8e-01  1.2e+00  2.7e-01  4.0e-03  2.8e-01
  67  T 0   1.638e+08  -3e-04  0.97  1.0e-01  7.8e-06  3.2e-01  1.1e+00  2.9e-01  3.9e-03  2.9e-01
  68  T 0   1.637e+08  -3e-04  0.97  1.0e-01  7.6e-06  3.3e-01  1.1e+00  2.8e-01  3.8e-03  2.9e-01
  69  T 0   1.636e+08  -3e-04  0.97  1.0e-01  8.8e-06  3.6e-01  1.1e+00  2.7e-01  3.8e-03  2.7e-01
  70  T 0   1.635e+08  -3e-04  0.97  1.0e-01  1.0e-05  2.6e-01  1.1e+00  2.7e-01  3.9e-03  2.7e-01
  71  T 0   1.634e+08  -4e-04  0.97  1.0e-01  1.2e-05  3.6e-01  1.2e+00  2.7e-01  3.8e-03  2.7e-01
  72  T 0   1.632e+08  -3e-04  0.97  1.0e-01  1.2e-05  3.6e-01  1.1e+00  2.7e-01  3.9e-03  2.7e-01
  73  T 0   1.631e+08  -4e-04  0.97  1.0e-01  1.4e-05  2.9e-01  1.1e+00  2.7e-01  3.8e-03  2.7e-01
  74  F 0   1.631e+08  -4e-04  0.97  1.0e-01  1.4e-05  0.0e+00  0.0e+00  2.8e-01  3.8e-03  2.9e-01
  74  T 1   1.629e+08  -5e-04  0.97  1.0e-01  1.7e-05  3.0e-01  1.2e+00  2.6e-01  3.0e-03  2.7e-01
  75  F 0   1.629e+08  -5e-04  0.97  1.0e-01  1.7e-05  0.0e+00  0.0e+00  2.7e-01  3.8e-03  2.7e-01
  75  T 1   1.627e+08  -4e-04  0.97  1.0e-01  1.4e-05  3.4e-01  1.1e+00  2.8e-01  3.1e-03  2.9e-01
  76  F 0   1.627e+08  -4e-04  0.97  1.0e-01  1.4e-05  0.0e+00  0.0e+00  2.8e-01  3.8e-03  2.8e-01
  76  T 1   1.626e+08  -6e-04  0.97  1.0e-01  1.9e-05  3.8e-01  1.4e+00  2.8e-01  3.1e-03  2.8e-01
  77  T 0   1.623e+08  -7e-04  0.97  1.0e-01  1.8e-05  3.3e-01  1.3e+00  2.8e-01  3.8e-03  2.8e-01
  78  T 0   1.621e+08  -8e-04  0.97  1.0e-01  2.5e-05  5.5e-01  1.6e+00  2.7e-01  3.8e-03  2.8e-01
  79  T 0   1.617e+08  -9e-04  0.97  1.0e-01  2.4e-05  3.5e-01  1.4e+00  2.8e-01  3.8e-03  2.9e-01
  80  T 0   1.613e+08  -1e-03  0.97  1.0e-01  2.9e-05  3.6e-01  1.6e+00  2.7e-01  3.8e-03  2.7e-01
  81  T 0   1.609e+08  -9e-04  0.97  1.0e-01  3.7e-05  4.3e-01  1.5e+00  2.7e-01  3.8e-03  2.7e-01
  82  T 0   1.605e+08  -1e-03  0.97  1.0e-01  3.7e-05  3.5e-01  1.6e+00  2.7e-01  3.8e-03  2.7e-01
  83  T 0   1.599e+08  -1e-03  0.97  1.0e-01  5.6e-05  3.1e-01  1.4e+00  2.7e-01  3.8e-03  2.7e-01
  84  T 0   1.595e+08  -8e-04  0.97  1.0e-01  6.0e-05  3.6e-01  1.3e+00  2.6e-01  4.3e-03  2.7e-01
  85  T 0   1.590e+08  -8e-04  0.97  1.0e-01  8.5e-05  3.0e-01  1.1e+00  2.7e-01  3.8e-03  2.7e-01
  86  T 0   1.586e+08  -6e-04  0.97  1.0e-01  7.7e-05  2.3e-01  8.8e-01  2.9e-01  3.8e-03  2.9e-01
  87  F 0   1.586e+08  -6e-04  0.97  1.0e-01  7.7e-05  0.0e+00  0.0e+00  2.8e-01  4.6e-03  2.8e-01
  87  F 1   1.586e+08  -6e-04  0.97  1.0e-01  7.7e-05  0.0e+00  0.0e+00  2.8e-01  4.3e-03  2.8e-01
  87  F 2   1.586e+08  -6e-04  0.97  1.0e-01  7.7e-05  0.0e+00  0.0e+00  2.7e-01  5.2e-03  2.7e-01
  87  F 3   1.586e+08  -6e-04  0.97  1.0e-01  7.7e-05  0.0e+00  0.0e+00  2.7e-01  4.6e-03  2.7e-01
  87  T 4   1.586e+08   5e-06  0.95  1.0e-01  9.4e-05  3.5e-02  8.2e-02  2.7e-01  4.4e-03  2.7e-01
  88  T 0   1.582e+08  -6e-04  0.97  1.0e-01  5.1e-05  2.5e-01  8.9e-01  2.6e-01  6.4e-03  2.7e-01
  89  T 0   1.579e+08  -5e-04  0.97  1.0e-01  6.0e-05  2.2e-01  7.6e-01  2.8e-01  4.3e-03  2.8e-01
  90  T 0   1.577e+08  -4e-04  0.97  1.0e-01  6.0e-05  2.1e-01  7.4e-01  2.8e-01  3.8e-03  2.8e-01
  91  T 0   1.574e+08  -4e-04  0.97  1.0e-01  5.5e-05  2.0e-01  7.4e-01  2.8e-01  3.2e-03  2.8e-01
  92  T 0   1.573e+08  -2e-04  0.98  1.0e-01  6.4e-05  2.1e-01  7.1e-01  2.8e-01  3.8e-03  2.9e-01
  93  T 0   1.572e+08  -3e-04  0.97  1.0e-01  5.6e-05  2.4e-01  7.2e-01  2.7e-01  3.8e-03  2.7e-01
  94  T 0   1.571e+08  -2e-04  0.98  1.0e-01  5.3e-05  2.1e-01  6.9e-01  2.7e-01  3.8e-03  2.7e-01
  95  T 0   1.570e+08  -2e-04  0.98  1.0e-01  6.4e-05  2.5e-01  6.6e-01  2.6e-01  3.9e-03  2.7e-01
  96  F 0   1.570e+08  -2e-04  0.98  1.0e-01  6.4e-05  0.0e+00  0.0e+00  2.6e-01  4.7e-03  2.7e-01
  96  F 1   1.570e+08  -2e-04  0.98  1.0e-01  6.4e-05  0.0e+00  0.0e+00  2.6e-01  3.1e-03  2.7e-01
  96  T 2   1.570e+08  -2e-05  0.98  1.0e-01  5.2e-05  6.0e-02  1.8e-01  2.7e-01  3.1e-03  2.7e-01
  97  T 0   1.569e+08  -2e-04  0.98  1.0e-01  6.4e-05  1.9e-01  7.0e-01  2.7e-01  4.3e-03  2.8e-01
  98  T 0   1.568e+08  -2e-04  0.98  1.0e-01  4.7e-05  2.4e-01  7.2e-01  2.7e-01  3.8e-03  2.7e-01
  99  T 0   1.567e+08  -2e-04  0.98  1.0e-01  4.6e-05  2.4e-01  7.0e-01  2.7e-01  3.7e-03  2.7e-01
 100  F 0   1.567e+08  -2e-04  0.98  1.0e-01  4.6e-05  0.0e+00  0.0e+00  2.6e-01  3.8e-03  2.7e-01
 100  T 1   1.567e+08  -3e-05  0.98  1.0e-01  5.4e-05  9.4e-02  2.5e-01  2.6e-01  3.1e-03  2.7e-01
 101  T 0   1.565e+08  -2e-04  0.98  1.0e-01  2.9e-05  2.0e-01  7.6e-01  2.6e-01  3.8e-03  2.7e-01
 102  T 0   1.564e+08  -2e-04  0.98  1.0e-01  2.6e-05  2.4e-01  8.1e-01  2.6e-01  3.7e-03  2.7e-01
 103  T 0   1.564e+08  -1e-04  0.98  1.0e-01  2.7e-05  2.0e-01  7.6e-01  2.7e-01  3.8e-03  2.7e-01
 104  T 0   1.563e+08  -1e-04  0.98  1.0e-01  2.1e-05  2.1e-01  7.0e-01  2.8e-01  3.8e-03  2.9e-01
 105  F 0   1.563e+08  -1e-04  0.98  1.0e-01  2.1e-05  0.0e+00  0.0e+00  2.7e-01  3.7e-03  2.8e-01
 105  T 1   1.563e+08  -5e-05  0.98  1.0e-01  1.4e-05  1.4e-01  5.0e-01  2.7e-01  3.1e-03  2.8e-01
 106  T 0   1.563e+08  -1e-04  0.98  1.0e-01  5.7e-05  1.8e-01  6.6e-01  2.7e-01  3.8e-03  2.8e-01
 107  F 0   1.563e+08  -1e-04  0.98  1.0e-01  5.7e-05  0.0e+00  0.0e+00  2.8e-01  3.8e-03  2.8e-01
 107  T 1   1.562e+08  -4e-05  0.98  1.0e-01  4.9e-06  1.4e-01  4.2e-01  2.8e-01  3.1e-03  2.8e-01
 108  T 0   1.562e+08  -6e-05  0.98  1.0e-01  5.0e-06  2.2e-01  6.4e-01  2.7e-01  3.8e-03  2.7e-01
 109  T 0   1.562e+08  -5e-05  0.98  1.0e-01  4.8e-06  2.1e-01  6.0e-01  2.7e-01  3.8e-03  2.7e-01
 110  T 0   1.562e+08  -5e-05  0.98  1.0e-01  4.9e-06  2.1e-01  5.6e-01  2.7e-01  3.8e-03  2.7e-01
 111  T 0   1.562e+08  -4e-05  0.98  1.0e-01  4.8e-06  1.6e-01  5.1e-01  2.7e-01  3.8e-03  2.7e-01
 112  T 0   1.561e+08  -4e-05  0.98  1.0e-01  4.8e-06  1.7e-01  5.0e-01  2.7e-01  3.8e-03  2.7e-01
 113  T 0   1.561e+08  -5e-05  0.98  1.0e-01  4.4e-06  2.0e-01  5.2e-01  2.8e-01  3.8e-03  2.8e-01
 114  T 0   1.561e+08  -5e-05  0.98  1.0e-01  4.4e-06  2.1e-01  5.1e-01  2.6e-01  3.7e-03  2.7e-01
 115  T 0   1.561e+08  -4e-05  0.98  1.0e-01  3.4e-06  1.2e-01  4.5e-01  2.6e-01  3.8e-03  2.7e-01
 116  T 0   1.561e+08  -5e-05  0.98  1.0e-01  4.6e-06  1.1e-01  4.0e-01  2.6e-01  3.8e-03  2.7e-01
 117  F 0   1.561e+08  -5e-05  0.98  1.0e-01  4.6e-06  0.0e+00  0.0e+00  2.6e-01  3.9e-03  2.7e-01
 117  T 1   1.561e+08  -1e-05  0.98  1.0e-01  3.5e-06  7.4e-02  2.5e-01  2.7e-01  3.1e-03  2.7e-01
 118  T 0   1.561e+08  -3e-05  0.98  1.0e-01  3.7e-06  1.3e-01  4.2e-01  2.7e-01  3.8e-03  2.7e-01
 119  T 0   1.561e+08  -3e-05  0.98  1.0e-01  3.6e-06  1.3e-01  4.4e-01  2.6e-01  3.8e-03  2.7e-01
 120  T 0   1.560e+08  -3e-05  0.98  1.0e-01  3.6e-06  1.2e-01  3.7e-01  2.6e-01  3.8e-03  2.7e-01
 121  T 0   1.560e+08  -3e-05  0.98  1.0e-01  3.5e-06  1.1e-01  4.3e-01  2.6e-01  3.8e-03  2.7e-01
 122  T 0   1.560e+08  -3e-05  0.98  1.0e-01  3.6e-06  1.4e-01  3.8e-01  2.6e-01  3.8e-03  2.7e-01
 123  T 0   1.560e+08  -3e-05  0.98  1.0e-01  3.4e-06  1.6e-01  4.1e-01  2.6e-01  3.9e-03  2.7e-01
 124  T 0   1.560e+08  -2e-05  0.98  1.0e-01  3.3e-06  1.8e-01  3.6e-01  2.7e-01  3.8e-03  2.7e-01
 125  T 0   1.560e+08  -1e-05  0.98  1.0e-01  3.1e-06  1.4e-01  2.6e-01  2.6e-01  3.8e-03  2.7e-01
 126  T 0   1.560e+08   6e-05  0.98  1.0e-01  2.9e-06  9.7e-02  2.4e-01  2.7e-01  3.3e-03  2.7e-01
 127  F 0   1.560e+08  -1e-05  0.98  1.0e-01  2.6e-06  1.1e-01  2.3e-01  2.8e-01  3.8e-03  2.8e-01
 128  T 0   1.560e+08  -2e-05  0.98  1.0e-01  2.3e-06  1.2e-01  2.5e-01  2.6e-01  2.7e-03  2.6e-01
 129  T 0   1.560e+08  -1e-05  0.98  1.0e-01  1.9e-06  1.2e-01  2.7e-01  2.6e-01  3.8e-03  2.7e-01
 130  T 0   1.560e+08  -1e-05  0.98  1.0e-01  1.6e-06  1.0e-01  2.8e-01  2.6e-01  3.8e-03  2.7e-01
 131  T 0   1.560e+08  -1e-05  0.98  1.0e-01  1.5e-06  1.2e-01  3.0e-01  2.7e-01  3.8e-03  2.7e-01
 132  T 0   1.560e+08  -1e-05  0.99  1.0e-01  1.5e-06  1.5e-01  3.3e-01  2.7e-01  3.8e-03  2.7e-01
 133  T 0   1.560e+08  -2e-05  0.99  1.0e-01  1.4e-06  1.6e-01  3.5e-01  2.7e-01  3.8e-03  2.7e-01
 134  T 0   1.560e+08  -1e-05  0.98  1.0e-01  1.3e-06  1.3e-01  3.4e-01  2.7e-01  3.8e-03  2.7e-01
 135  T 0   1.560e+08  -1e-05  0.98  1.0e-01  1.2e-06  1.4e-01  3.2e-01  2.7e-01  3.7e-03  2.7e-01
 136  T 0   1.560e+08  -1e-05  0.98  1.0e-01  2.4e-06  1.0e-01  2.9e-01  2.7e-01  3.8e-03  2.7e-01
 137  F 0   1.560e+08  -1e-05  0.98  1.0e-01  2.4e-06  0.0e+00  0.0e+00  2.6e-01  3.7e-03  2.7e-01
 137  T 1   1.560e+08  -4e-06  0.98  1.0e-01  1.2e-06  3.1e-02  1.2e-01  2.6e-01  2.6e-03  2.6e-01
 138  T 0   1.559e+08  -1e-05  0.98  1.0e-01  1.5e-06  9.1e-02  2.7e-01  2.6e-01  3.7e-03  2.7e-01
 139  T 0   1.559e+08  -1e-05  0.98  1.0e-01  2.6e-06  1.0e-01  3.0e-01  2.6e-01  3.8e-03  2.7e-01
 140  T 0   1.559e+08  -2e-05  0.98  1.0e-01  3.3e-06  1.0e-01  3.0e-01  2.7e-01  4.0e-03  2.8e-01
 141  T 0   1.559e+08  -3e-05  0.98  1.0e-01  2.9e-06  1.2e-01  3.4e-01  2.8e-01  3.8e-03  2.8e-01
 142  T 0   1.559e+08  -1e-05  0.98  1.0e-01  1.7e-06  1.1e-01  2.4e-01  2.7e-01  4.0e-03  2.7e-01
 143  T 0   1.559e+08  -5e-06  0.98  1.0e-01  1.3e-06  7.9e-02  1.8e-01  2.6e-01  3.8e-03  2.7e-01
 144  T 0   1.559e+08   4e-05  0.98  1.0e-01  1.3e-06  8.2e-02  1.7e-01  2.7e-01  3.2e-03  2.7e-01
 145  F 0   1.559e+08  -6e-05  0.98  1.0e-01  1.3e-06  7.1e-02  1.8e-01  2.6e-01  3.3e-03  2.7e-01
 146  F 0   1.559e+08  -4e-06  0.98  1.0e-01  1.2e-06  8.5e-02  1.8e-01  2.7e-01  3.8e-03  2.7e-01
 147  T 0   1.559e+08   1e-06  0.98  1.0e-01  1.2e-06  9.1e-02  1.9e-01  2.7e-01  2.7e-03  2.7e-01
 148  T 0   1.559e+08  -4e-06  0.98  1.0e-01  1.1e-06  9.5e-02  2.0e-01  2.7e-01  3.8e-03  2.7e-01
 149  T 0   1.559e+08  -5e-06  0.98  1.0e-01  1.0e-06  9.8e-02  2.1e-01  2.7e-01  3.8e-03  2.7e-01
 150  T 0   1.559e+08  -5e-06  0.98  1.0e-01  9.8e-07  8.8e-02  2.0e-01  2.6e-01  3.8e-03  2.7e-01
 151  T 0   1.559e+08  -6e-06  0.98  1.0e-01  1.1e-06  9.5e-02  2.2e-01  2.6e-01  3.8e-03  2.7e-01
 152  T 0   1.559e+08  -8e-06  0.98  1.0e-01  1.2e-06  1.1e-01  2.6e-01  2.6e-01  3.7e-03  2.7e-01
 153  T 0   1.559e+08  -9e-06  0.98  1.0e-01  1.3e-06  1.3e-01  2.9e-01  2.6e-01  3.8e-03  2.6e-01
 154  T 0   1.559e+08  -9e-06  0.98  1.0e-01  1.4e-06  1.5e-01  3.2e-01  2.6e-01  2.7e-03  2.6e-01
 155  T 0   1.559e+08  -1e-05  0.99  1.0e-01  1.8e-06  1.8e-01  3.4e-01  2.6e-01  2.7e-03  2.7e-01
 156  T 0   1.559e+08  -1e-05  0.99  1.0e-01  1.9e-06  1.7e-01  3.3e-01  2.7e-01  3.8e-03  2.8e-01
 157  T 0   1.559e+08  -1e-05  0.98  1.0e-01  1.8e-06  1.2e-01  2.6e-01  2.6e-01  3.8e-03  2.7e-01
 158  T 0   1.559e+08  -8e-06  0.99  1.0e-01  1.6e-06  1.2e-01  2.1e-01  2.6e-01  3.8e-03  2.7e-01
 159  F 0   1.559e+08  -8e-06  0.99  1.0e-01  1.6e-06  0.0e+00  0.0e+00  2.7e-01  3.8e-03  2.7e-01
 159  T 1   1.559e+08  -6e-06  0.98  1.0e-01  1.6e-06  3.1e-02  7.0e-02  2.6e-01  2.5e-03  2.6e-01
 160  T 0   1.559e+08  -1e-05  0.99  1.0e-01  3.0e-06  1.3e-01  2.2e-01  2.6e-01  3.8e-03  2.7e-01
 161  F 0   1.559e+08  -1e-05  0.99  1.0e-01  3.0e-06  0.0e+00  0.0e+00  2.7e-01  3.8e-03  2.7e-01
 161  T 1   1.559e+08  -6e-07  0.98  1.0e-01  1.4e-06  2.2e-02  7.6e-02  2.6e-01  3.0e-03  2.7e-01
 162  T 0   1.559e+08  -6e-06  0.98  1.0e-01  9.9e-07  1.2e-01  1.7e-01  2.6e-01  4.0e-03  2.7e-01
 163  T 0   1.559e+08  -4e-06  0.98  1.0e-01  9.0e-07  7.5e-02  1.4e-01  2.6e-01  3.7e-03  2.7e-01
 164  T 0   1.559e+08  -3e-06  0.99  1.0e-01  8.0e-07  6.1e-02  1.3e-01  2.6e-01  3.7e-03  2.7e-01
 165  T 0   1.559e+08  -3e-06  0.99  1.0e-01  1.8e-06  5.8e-02  1.3e-01  2.6e-01  3.8e-03  2.7e-01
 166  F 0   1.559e+08  -3e-06  0.99  1.0e-01  1.8e-06  0.0e+00  0.0e+00  2.6e-01  3.8e-03  2.7e-01
 166  T 1   1.559e+08  -1e-06  0.99  1.0e-01  8.0e-07  1.9e-02  5.5e-02  2.6e-01  3.2e-03  2.7e-01
 167  T 0   1.559e+08  -3e-06  0.99  1.0e-01  1.3e-06  4.7e-02  1.3e-01  2.7e-01  4.0e-03  2.7e-01
 168  T 0   1.559e+08  -4e-06  0.99  1.0e-01  2.2e-06  5.3e-02  1.7e-01  3.0e-01  3.8e-03  3.0e-01
 169  F 0   1.559e+08  -4e-06  0.99  1.0e-01  2.2e-06  0.0e+00  0.0e+00  2.9e-01  3.8e-03  2.9e-01
 169  T 1   1.559e+08  -6e-07  0.98  1.0e-01  7.4e-07  2.1e-02  5.5e-02  2.7e-01  3.2e-03  2.8e-01
 170  T 0   1.559e+08  -5e-06  0.99  1.0e-01  7.1e-07  5.4e-02  9.5e-02  2.8e-01  3.8e-03  2.8e-01
 171  T 0   1.559e+08   4e-06  0.99  1.0e-01  7.6e-07  4.6e-02  8.8e-02  2.7e-01  2.7e-03  2.7e-01
 172  F 0   1.559e+08  -3e-05  0.99  1.0e-01  8.1e-07  3.8e-02  8.3e-02  2.9e-01  3.3e-03  2.9e-01
 173  T 0   1.559e+08  -1e-06  0.99  1.0e-01  8.1e-07  3.4e-02  8.4e-02  2.7e-01  3.8e-03  2.7e-01
 174  F 0   1.559e+08  -1e-05  0.99  1.0e-01  1.1e-06  2.7e-02  8.0e-02  2.8e-01  2.7e-03  2.9e-01
 175  T 0   1.559e+08  -1e-06  0.99  1.0e-01  1.1e-06  2.8e-02  9.2e-02  2.8e-01  3.8e-03  2.9e-01
 176  F 0   1.559e+08  -4e-06  0.99  1.0e-01  2.8e-06  6.2e-02  1.2e-01  2.7e-01  3.9e-03  2.7e-01
 177  F 0   1.559e+08  -4e-06  0.99  1.0e-01  2.8e-06  0.0e+00  0.0e+00  2.7e-01  3.8e-03  2.7e-01
 177  T 1   1.559e+08  -3e-06  0.98  1.0e-01  1.2e-06  4.1e-02  9.2e-02  2.7e-01  3.2e-03  2.7e-01
 178  F 0   1.559e+08  -9e-06  0.99  1.0e-01  1.3e-06  3.9e-02  6.0e-02  3.0e-01  4.0e-03  3.0e-01
 179  F 0   1.559e+08  -9e-05  0.99  1.0e-01  1.8e-06  3.1e-02  1.0e-01  2.8e-01  3.5e-03  2.8e-01
 180  F 0   1.559e+08  -6e-06  0.98  1.0e-01  2.9e-06  5.8e-02  1.5e-01  2.8e-01  4.3e-03  2.8e-01
 181  F 0   1.559e+08  -1e-05  0.98  1.0e-01  3.1e-06  7.7e-02  1.9e-01  3.1e-01  3.8e-03  3.1e-01
 182  F 0   1.559e+08  -1e-05  0.98  1.0e-01  2.3e-06  5.4e-02  1.4e-01  2.7e-01  3.8e-03  2.7e-01
 183  T 0   1.559e+08   8e-07  0.99  1.0e-01  5.9e-07  2.9e-02  6.6e-02  2.8e-01  3.9e-03  2.9e-01
 184  F 0   1.559e+08  -2e-05  0.99  1.0e-01  6.4e-07  6.8e-03  1.1e-02  2.8e-01  3.4e-03  2.8e-01
 185  F 0   1.559e+08  -2e-05  0.99  1.0e-01  6.4e-07  3.4e-03  7.9e-03  2.8e-01  3.3e-03  2.8e-01
 186  F 0   1.559e+08  -6e-06  0.99  1.0e-01  6.3e-07  4.1e-03  8.3e-03  2.7e-01  3.2e-03  2.7e-01
 187  T 0   1.559e+08   3e-06  0.99  1.0e-01  6.1e-07  4.4e-03  9.5e-03  2.7e-01  2.7e-03  2.8e-01
 188  T 0   1.559e+08   3e-06  0.99  1.0e-01  5.9e-07  4.5e-03  1.1e-02  2.7e-01  3.4e-03  2.7e-01
 189  T 0   1.559e+08   5e-06  0.99  1.0e-01  5.7e-07  4.6e-03  1.3e-02  2.6e-01  2.8e-03  2.7e-01
 190  F 0   1.559e+08  -9e-07  0.99  1.0e-01  5.5e-07  6.0e-03  1.6e-02  2.6e-01  3.3e-03  2.7e-01
 191  F 0   1.559e+08  -5e-07  0.99  1.0e-01  5.6e-07  5.8e-03  1.8e-02  2.8e-01  2.8e-03  2.8e-01
 192  F 0   1.559e+08   1e-06  0.99  1.0e-01  5.6e-07  6.7e-03  2.0e-02  2.7e-01  2.7e-03  2.7e-01
 193  T 0   1.559e+08   9e-06  0.99  1.0e-01  5.7e-07  6.5e-03  2.2e-02  2.8e-01  2.9e-03  2.8e-01
 194  F 0   1.559e+08  -2e-07  0.99  1.0e-01  5.5e-07  8.1e-03  2.6e-02  2.8e-01  3.8e-03  2.8e-01
 195  F 0   1.559e+08  -2e-07  0.99  1.0e-01  5.7e-07  8.0e-03  2.8e-02  2.7e-01  4.2e-03  2.7e-01
 196  F 0   1.559e+08   3e-06  0.99  1.0e-01  5.6e-07  9.3e-03  3.1e-02  2.7e-01  2.7e-03  2.7e-01
 197  F 0   1.559e+08  -3e-07  0.99  1.0e-01  6.1e-07  1.2e-02  3.8e-02  2.7e-01  3.8e-03  2.7e-01
 198  F 0   1.559e+08  -4e-06  0.99  1.0e-01  6.0e-07  1.6e-02  4.1e-02  2.6e-01  2.9e-03  2.7e-01
 199  F 0   1.559e+08  -1e-06  0.99  1.0e-01  1.9e-06  3.9e-02  8.5e-02  2.7e-01  3.8e-03  2.7e-01
 200  F 0   1.559e+08  -1e-06  0.99  1.0e-01  1.9e-06  0.0e+00  0.0e+00  2.7e-01  4.0e-03  2.8e-01
 200  T 1   1.559e+08  -6e-07  0.98  1.0e-01  5.1e-07  2.1e-02  5.1e-02  2.6e-01  3.2e-03  2.7e-01
 201  T 0   1.559e+08  -2e-07  0.99  1.0e-01  6.0e-07  1.5e-02  4.5e-02  2.6e-01  3.8e-03  2.6e-01
 202  T 0   1.559e+08  -4e-07  0.99  1.0e-01  4.4e-07  1.3e-02  4.0e-02  2.6e-01  3.8e-03  2.7e-01
 203  T 0   1.559e+08  -6e-07  0.99  1.0e-01  8.0e-07  2.0e-02  5.2e-02  2.6e-01  3.8e-03  2.7e-01
 204  F 0   1.559e+08  -2e-06  0.99  1.0e-01  1.3e-06  2.9e-02  7.1e-02  2.6e-01  3.8e-03  2.7e-01
 205  F 0   1.559e+08  -5e-06  0.99  1.0e-01  1.9e-06  4.0e-02  1.2e-01  2.7e-01  3.8e-03  2.8e-01
 206  F 0   1.559e+08  -9e-06  0.98  1.0e-01  1.9e-06  3.8e-02  1.3e-01  2.7e-01  3.9e-03  2.7e-01
 207  T 0   1.559e+08  -6e-06  0.98  1.0e-01  9.8e-07  5.8e-02  1.3e-01  2.6e-01  3.8e-03  2.7e-01
 208  T 0   1.559e+08  -2e-06  0.98  1.0e-01  6.8e-07  3.8e-02  8.6e-02  2.7e-01  3.8e-03  2.7e-01
 209  F 0   1.559e+08  -3e-05  0.98  1.0e-01  7.9e-07  5.0e-02  9.7e-02  2.6e-01  3.5e-03  2.7e-01
 210  T 0   1.559e+08   3e-05  0.99  1.0e-01  8.4e-07  5.1e-02  1.1e-01  2.9e-01  3.2e-03  3.0e-01
 211  F 0   1.559e+08  -2e-05  0.99  1.0e-01  8.5e-07  6.5e-02  1.2e-01  2.7e-01  3.3e-03  2.7e-01
 212  F 0   1.559e+08  -1e-06  0.99  1.0e-01  9.3e-07  6.9e-02  1.4e-01  2.7e-01  2.7e-03  2.7e-01
 213  T 0   1.559e+08   1e-05  0.99  1.0e-01  9.7e-07  7.6e-02  1.7e-01  2.7e-01  3.3e-03  2.7e-01
 214  F 0   1.559e+08  -5e-05  0.99  1.0e-01  9.8e-07  9.1e-02  1.9e-01  2.7e-01  3.3e-03  2.7e-01
 215  T 0   1.559e+08   2e-05  0.99  1.0e-01  9.9e-07  1.1e-01  2.0e-01  2.8e-01  3.2e-03  2.9e-01
 216  T 0   1.559e+08   2e-06  0.99  1.0e-01  8.3e-07  1.3e-01  2.1e-01  2.9e-01  2.7e-03  2.9e-01
 217  T 0   1.559e+08  -5e-06  0.99  1.0e-01  7.6e-07  1.3e-01  2.3e-01  2.7e-01  3.7e-03  2.7e-01
 218  T 0   1.559e+08  -4e-06  0.99  1.0e-01  6.9e-07  1.3e-01  2.0e-01  2.7e-01  3.8e-03  2.7e-01
 219  T 0   1.559e+08  -1e-05  0.99  1.0e-01  7.6e-07  8.8e-02  1.6e-01  2.7e-01  2.7e-03  2.7e-01
 220  T 0   1.559e+08  -2e-06  0.99  1.0e-01  7.6e-07  5.4e-02  1.1e-01  2.7e-01  3.8e-03  2.7e-01
 221  T 0   1.559e+08  -1e-06  0.99  1.0e-01  9.1e-07  3.7e-02  9.2e-02  2.7e-01  3.8e-03  2.7e-01
 222  T 0   1.559e+08  -2e-06  0.99  1.0e-01  1.5e-06  3.2e-02  7.9e-02  2.7e-01  3.8e-03  2.7e-01
 223  T 0   1.559e+08  -3e-06  0.99  1.0e-01  1.5e-06  3.2e-02  1.1e-01  2.7e-01  4.0e-03  2.7e-01
 224  T 0   1.559e+08  -3e-06  0.99  1.0e-01  9.3e-07  3.6e-02  8.6e-02  2.7e-01  3.8e-03  2.7e-01
 225  T 0   1.559e+08  -2e-06  0.99  1.0e-01  7.2e-07  4.0e-02  9.3e-02  2.7e-01  3.8e-03  2.7e-01
 226  T 0   1.559e+08   6e-05  0.99  1.0e-01  7.7e-07  4.3e-02  9.4e-02  2.8e-01  3.3e-03  2.8e-01
 227  F 0   1.559e+08  -8e-05  0.99  1.0e-01  7.6e-07  6.0e-02  1.2e-01  2.8e-01  3.4e-03  2.8e-01
 228  T 0   1.559e+08   1e-04  0.99  1.0e-01  7.8e-07  6.4e-02  1.3e-01  2.7e-01  3.4e-03  2.8e-01
 229  F 0   1.559e+08  -1e-04  0.99  1.0e-01  7.7e-07  8.1e-02  1.6e-01  2.8e-01  3.3e-03  2.8e-01
 230  F 0   1.559e+08  -3e-06  0.99  1.0e-01  7.4e-07  9.5e-02  1.4e-01  2.7e-01  3.9e-03  2.7e-01
 231  F 0   1.559e+08   1e-05  0.99  1.0e-01  6.8e-07  7.3e-02  1.4e-01  2.6e-01  3.3e-03  2.7e-01
 232  F 0   1.559e+08  -7e-05  0.99  1.0e-01  5.9e-07  7.0e-02  1.5e-01  2.7e-01  3.2e-03  2.7e-01
 233  F 0   1.559e+08  -2e-06  0.99  1.0e-01  5.9e-07  7.5e-02  1.4e-01  2.6e-01  3.8e-03  2.7e-01
 234  F 0   1.559e+08  -2e-06  0.99  1.0e-01  4.8e-07  7.3e-02  1.4e-01  3.1e-01  3.8e-03  3.1e-01
 235  F 0   1.559e+08  -2e-06  0.99  1.0e-01  6.0e-07  6.3e-02  1.4e-01  2.7e-01  3.9e-03  2.7e-01
 236  F 0   1.559e+08  -8e-07  0.99  1.0e-01  5.9e-07  6.3e-02  1.3e-01  2.7e-01  2.8e-03  2.7e-01
 237  T 0   1.559e+08  -2e-06  0.99  1.0e-01  8.8e-07  6.2e-02  1.4e-01  2.7e-01  3.8e-03  2.7e-01
 238  T 0   1.559e+08  -3e-06  0.99  1.0e-01  1.6e-06  7.1e-02  1.5e-01  2.7e-01  3.8e-03  2.7e-01
 239  F 0   1.559e+08  -6e-06  0.98  1.0e-01  2.7e-06  8.4e-02  1.9e-01  2.7e-01  3.8e-03  2.7e-01
 240  T 0   1.559e+08  -1e-05  0.98  1.0e-01  2.8e-06  8.8e-02  2.1e-01  2.7e-01  3.8e-03  2.7e-01
 241  T 0   1.559e+08  -1e-05  0.99  1.0e-01  1.8e-06  1.0e-01  2.1e-01  2.6e-01  3.8e-03  2.7e-01
 242  T 0   1.559e+08  -5e-06  0.98  1.0e-01  5.2e-07  6.7e-02  1.3e-01  2.7e-01  3.9e-03  2.7e-01
 243  T 0   1.558e+08  -2e-07  0.98  1.0e-01  5.4e-07  4.5e-02  9.4e-02  2.7e-01  3.8e-03  2.7e-01
 244  T 0   1.558e+08   7e-06  0.98  1.0e-01  5.2e-07  3.7e-02  8.3e-02  2.7e-01  2.7e-03  2.7e-01
 245  F 0   1.559e+08  -3e-05  0.98  1.0e-01  5.1e-07  3.9e-02  7.7e-02  2.7e-01  3.3e-03  2.7e-01
 246  T 0   1.558e+08   2e-05  0.98  1.0e-01  5.3e-07  2.6e-02  6.6e-02  2.8e-01  3.3e-03  2.8e-01
 247  F 0   1.559e+08  -4e-05  0.98  1.0e-01  5.6e-07  3.1e-02  6.6e-02  2.7e-01  3.3e-03  2.7e-01
 248  T 0   1.558e+08   4e-05  0.98  1.0e-01  5.6e-07  2.3e-02  6.4e-02  2.6e-01  3.3e-03  2.7e-01
 249  F 0   1.559e+08  -8e-05  0.99  1.0e-01  6.4e-07  2.4e-02  6.9e-02  2.6e-01  3.3e-03  2.7e-01
 250  T 0   1.558e+08   7e-05  0.99  1.0e-01  6.3e-07  2.1e-02  6.8e-02  2.6e-01  3.2e-03  2.7e-01
 251  F 0   1.559e+08  -1e-04  0.99  1.0e-01  8.4e-07  3.5e-02  8.1e-02  2.6e-01  3.3e-03  2.7e-01
 252  F 0   1.558e+08  -2e-06  0.98  1.0e-01  7.4e-07  2.2e-02  7.3e-02  2.6e-01  3.8e-03  2.7e-01
 253  F 0   1.558e+08  -3e-05  0.98  1.0e-01  1.0e-06  2.4e-02  6.8e-02  2.8e-01  3.3e-03  2.8e-01
 254  F 0   1.558e+08   5e-05  0.98  1.0e-01  1.1e-06  3.2e-02  9.2e-02  2.8e-01  3.3e-03  2.8e-01
 255  F 0   1.558e+08  -2e-06  0.98  1.0e-01  1.1e-06  3.0e-02  8.7e-02  2.7e-01  3.8e-03  2.7e-01
 256  F 0   1.558e+08  -9e-06  0.99  1.0e-01  1.2e-06  3.7e-02  1.3e-01  2.7e-01  3.9e-03  2.7e-01
 257  F 0   1.558e+08  -3e-06  0.99  1.0e-01  1.1e-06  6.1e-02  1.1e-01  2.6e-01  3.8e-03  2.6e-01
 258  F 0   1.558e+08  -8e-06  0.99  1.0e-01  1.1e-06  4.0e-02  1.1e-01  3.0e-01  4.0e-03  3.0e-01
 259  F 0   1.558e+08  -3e-06  0.99  1.0e-01  9.0e-07  1.9e-02  6.2e-02  3.1e-01  3.8e-03  3.2e-01
 260  T 0   1.558e+08   4e-05  0.99  1.0e-01  9.6e-07  2.9e-02  6.8e-02  2.8e-01  3.3e-03  2.8e-01
 261  F 0   1.558e+08  -5e-05  0.99  1.0e-01  8.8e-07  2.5e-02  7.9e-02  2.8e-01  3.3e-03  2.8e-01
 262  T 0   1.558e+08   2e-05  0.99  1.0e-01  9.4e-07  3.2e-02  8.9e-02  2.8e-01  3.3e-03  2.8e-01
 263  F 0   1.558e+08  -2e-06  0.99  1.0e-01  9.4e-07  2.7e-02  9.9e-02  2.7e-01  3.8e-03  2.7e-01
 264  T 0   1.558e+08  -3e-06  0.99  1.0e-01  9.8e-07  3.2e-02  1.2e-01  2.7e-01  3.8e-03  2.7e-01
 265  T 0   1.558e+08  -3e-06  0.99  1.0e-01  1.2e-06  4.6e-02  1.3e-01  2.7e-01  3.8e-03  2.7e-01
 266  T 0   1.558e+08  -4e-06  0.98  1.0e-01  1.2e-06  6.4e-02  1.5e-01  2.7e-01  3.8e-03  2.7e-01
 267  T 0   1.558e+08  -5e-06  0.98  1.0e-01  1.7e-06  6.9e-02  1.8e-01  2.7e-01  3.8e-03  2.7e-01
 268  T 0   1.558e+08  -6e-06  0.99  1.0e-01  1.5e-06  7.3e-02  1.9e-01  2.7e-01  3.8e-03  2.8e-01
 269  T 0   1.558e+08  -9e-06  0.98  1.0e-01  3.3e-06  8.5e-02  2.5e-01  2.8e-01  3.8e-03  2.8e-01
 270  F 0   1.558e+08  -9e-06  0.98  1.0e-01  3.3e-06  0.0e+00  0.0e+00  2.7e-01  3.8e-03  2.7e-01
 270  T 1   1.558e+08  -2e-06  0.98  1.0e-01  1.4e-06  3.5e-02  1.0e-01  2.7e-01  3.1e-03  2.7e-01
 271  T 0   1.558e+08  -7e-06  0.98  1.0e-01  2.0e-06  6.7e-02  1.9e-01  2.7e-01  3.8e-03  2.8e-01
 272  T 0   1.558e+08  -7e-06  0.98  1.0e-01  1.9e-06  7.1e-02  1.8e-01  2.8e-01  4.1e-03  2.8e-01
 273  F 0   1.558e+08  -7e-06  0.98  1.0e-01  1.9e-06  0.0e+00  0.0e+00  2.7e-01  3.8e-03  2.8e-01
 273  T 1   1.558e+08  -2e-06  0.98  1.0e-01  1.9e-06  2.7e-02  8.8e-02  2.8e-01  3.1e-03  2.9e-01
 274  T 0   1.558e+08  -6e-06  0.98  1.0e-01  1.5e-06  6.7e-02  1.9e-01  2.7e-01  3.8e-03  2.7e-01
 275  T 0   1.558e+08  -1e-05  0.98  1.0e-01  3.2e-06  7.1e-02  2.6e-01  2.7e-01  3.8e-03  2.7e-01
 276  T 0   1.558e+08  -1e-05  0.98  1.0e-01  3.1e-06  1.3e-01  2.7e-01  2.6e-01  3.8e-03  2.7e-01
 277  F 0   1.558e+08  -1e-05  0.98  1.0e-01  3.1e-06  0.0e+00  0.0e+00  2.7e-01  4.3e-03  2.8e-01
 277  T 1   1.558e+08  -6e-06  0.98  1.0e-01  1.8e-06  6.5e-02  1.7e-01  2.7e-01  3.6e-03  2.8e-01
 278  T 0   1.558e+08  -1e-05  0.98  1.0e-01  1.8e-06  7.2e-02  2.2e-01  2.7e-01  3.8e-03  2.7e-01
 279  T 0   1.558e+08  -8e-06  0.98  1.0e-01  1.9e-06  6.1e-02  1.9e-01  2.6e-01  3.8e-03  2.7e-01
 280  T 0   1.558e+08  -8e-06  0.98  1.0e-01  2.0e-06  5.5e-02  2.0e-01  2.6e-01  3.9e-03  2.6e-01
 281  T 0   1.558e+08  -9e-06  0.98  1.0e-01  2.0e-06  5.9e-02  2.2e-01  2.6e-01  3.8e-03  2.6e-01
 282  T 0   1.558e+08  -9e-06  0.98  1.0e-01  1.9e-06  7.2e-02  2.3e-01  2.6e-01  3.8e-03  2.7e-01
 283  T 0   1.558e+08  -9e-06  0.98  1.0e-01  1.8e-06  6.7e-02  2.3e-01  2.7e-01  3.8e-03  2.8e-01
 284  T 0   1.558e+08  -8e-06  0.98  1.0e-01  2.0e-06  6.6e-02  2.3e-01  2.7e-01  3.9e-03  2.8e-01
 285  T 0   1.558e+08  -6e-06  0.98  1.0e-01  2.1e-06  6.1e-02  2.2e-01  2.7e-01  3.7e-03  2.7e-01
 286  F 0   1.558e+08  -6e-06  0.98  1.0e-01  2.1e-06  0.0e+00  0.0e+00  2.6e-01  3.9e-03  2.6e-01
 286  T 1   1.558e+08  -6e-07  0.98  1.0e-01  2.2e-06  3.4e-02  9.5e-02  2.7e-01  3.2e-03  2.7e-01
 287  T 0   1.558e+08  -8e-06  0.98  1.0e-01  2.5e-06  6.4e-02  2.0e-01  2.7e-01  3.8e-03  2.7e-01
 288  F 0   1.558e+08  -8e-06  0.98  1.0e-01  2.5e-06  0.0e+00  0.0e+00  2.6e-01  3.8e-03  2.7e-01
 288  T 1   1.558e+08  -1e-06  0.98  1.0e-01  2.0e-06  3.9e-02  1.1e-01  2.7e-01  3.1e-03  2.7e-01
 289  T 0   1.558e+08  -1e-06  0.99  1.0e-01  1.7e-06  6.9e-02  1.7e-01  2.7e-01  3.8e-03  2.7e-01
 290  T 0   1.558e+08   6e-05  0.99  1.0e-01  2.5e-06  8.6e-02  1.9e-01  2.7e-01  3.3e-03  2.7e-01
 291  F 0   1.558e+08  -7e-06  0.98  1.0e-01  2.8e-06  5.2e-02  1.6e-01  2.8e-01  4.0e-03  2.8e-01
 292  F 0   1.558e+08  -2e-05  0.98  1.0e-01  3.9e-06  1.1e-01  2.7e-01  2.8e-01  3.8e-03  2.9e-01
 293  F 0   1.558e+08  -2e-05  0.98  1.0e-01  3.9e-06  0.0e+00  0.0e+00  2.7e-01  3.8e-03  2.8e-01
 293  F 1   1.558e+08   1e-05  0.98  1.0e-01  1.7e-06  4.8e-02  1.1e-01  2.8e-01  2.6e-03  2.8e-01
 294  T 0   1.558e+08   1e-05  0.98  1.0e-01  1.3e-06  3.8e-02  9.1e-02  2.8e-01  3.3e-03  2.8e-01
 295  T 0   1.558e+08   7e-06  0.98  1.0e-01  1.3e-06  3.4e-02  7.9e-02  2.8e-01  3.3e-03  2.8e-01
 296  F 0   1.558e+08  -9e-06  0.98  1.0e-01  1.3e-06  3.7e-02  8.1e-02  2.8e-01  3.3e-03  2.9e-01
 297  T 0   1.558e+08  -2e-06  0.99  1.0e-01  1.2e-06  3.6e-02  8.7e-02  2.8e-01  2.9e-03  2.8e-01
 298  F 0   1.558e+08  -2e-05  0.99  1.0e-01  1.3e-06  3.9e-02  9.7e-02  2.7e-01  3.3e-03  2.7e-01
 299  T 0   1.558e+08  -6e-06  0.99  1.0e-01  1.2e-06  3.9e-02  1.1e-01  2.7e-01  2.7e-03  2.7e-01
 300  T 0   1.558e+08  -3e-06  0.99  1.0e-01  1.6e-06  3.9e-02  1.1e-01  2.7e-01  3.8e-03  2.7e-01
 301  T 0   1.558e+08  -4e-06  0.99  1.0e-01  1.8e-06  4.4e-02  1.3e-01  2.7e-01  2.7e-03  2.7e-01
 302  F 0   1.558e+08  -6e-06  0.99  1.0e-01  3.2e-06  5.0e-02  1.6e-01  2.8e-01  3.8e-03  2.8e-01
 303  F 0   1.558e+08  -6e-06  0.99  1.0e-01  3.2e-06  0.0e+00  0.0e+00  2.7e-01  3.7e-03  2.7e-01
 303  T 1   1.558e+08  -9e-06  0.99  1.0e-01  1.3e-06  2.6e-02  8.3e-02  2.7e-01  2.5e-03  2.8e-01
 304  T 0   1.558e+08  -2e-05  0.99  1.0e-01  1.5e-06  4.5e-02  1.2e-01  2.7e-01  3.4e-03  2.7e-01
 305  T 0   1.558e+08   3e-05  0.99  1.0e-01  8.8e-07  3.8e-02  8.8e-02  2.7e-01  3.3e-03  2.7e-01
 306  F 0   1.558e+08  -4e-05  0.99  1.0e-01  1.5e-06  4.3e-02  1.0e-01  2.7e-01  3.3e-03  2.7e-01
 307  T 0   1.558e+08   8e-05  0.99  1.0e-01  1.2e-06  2.8e-02  7.6e-02  2.6e-01  3.5e-03  2.7e-01
 308  F 0   1.558e+08  -3e-06  0.99  1.0e-01  1.6e-06  4.3e-02  1.1e-01  2.6e-01  3.8e-03  2.7e-01
 309  F 0   1.558e+08  -4e-06  0.99  1.0e-01  9.5e-07  2.8e-02  7.9e-02  2.7e-01  3.8e-03  2.8e-01
 310  F 0   1.558e+08  -2e-06  0.99  1.0e-01  9.1e-07  3.7e-02  9.4e-02  2.7e-01  3.8e-03  2.7e-01
 311  T 0   1.558e+08   1e-04  0.99  1.0e-01  9.3e-07  3.5e-02  7.9e-02  2.7e-01  3.2e-03  2.7e-01
 312  F 0   1.558e+08  -1e-04  0.99  1.0e-01  7.2e-07  5.1e-02  1.2e-01  3.0e-01  3.3e-03  3.0e-01
 313  F 0   1.558e+08  -2e-06  0.99  1.0e-01  8.7e-07  6.9e-02  1.2e-01  2.7e-01  3.8e-03  2.7e-01
 314  F 0   1.558e+08   4e-05  0.99  1.0e-01  7.7e-07  5.5e-02  1.2e-01  2.6e-01  3.2e-03  2.7e-01
 315  F 0   1.558e+08  -9e-05  0.99  1.0e-01  7.2e-07  6.2e-02  1.4e-01  2.7e-01  3.4e-03  2.7e-01
 316  T 0   1.558e+08   9e-05  0.99  1.0e-01  8.0e-07  9.0e-02  1.5e-01  2.7e-01  3.3e-03  2.7e-01
 317  F 0   1.558e+08  -3e-06  0.99  1.0e-01  7.1e-07  8.7e-02  1.6e-01  2.6e-01  3.7e-03  2.7e-01
 318  F 0   1.558e+08  -3e-06  0.99  1.0e-01  8.9e-07  1.0e-01  1.7e-01  2.6e-01  4.3e-03  2.7e-01
 319  F 0   1.558e+08  -3e-06  0.99  1.0e-01  7.7e-07  8.9e-02  1.5e-01  2.7e-01  3.8e-03  2.7e-01
 320  F 0   1.558e+08  -3e-06  0.99  1.0e-01  9.0e-07  7.1e-02  1.5e-01  2.6e-01  3.8e-03  2.6e-01
 321  F 0   1.558e+08  -3e-06  0.99  1.0e-01  7.3e-07  5.0e-02  1.3e-01  2.8e-01  3.8e-03  2.8e-01
 322  F 0   1.558e+08  -3e-06  0.99  1.0e-01  9.5e-07  5.1e-02  1.4e-01  2.7e-01  3.8e-03  2.7e-01
 323  T 0   1.558e+08  -3e-06  0.99  1.0e-01  8.5e-07  5.7e-02  1.2e-01  2.6e-01  3.8e-03  2.7e-01
 324  T 0   1.558e+08  -3e-06  0.99  1.0e-01  7.7e-07  6.6e-02  1.4e-01  2.6e-01  3.8e-03  2.7e-01
 325  T 0   1.557e+08   1e-04  0.99  1.0e-01  6.1e-07  6.6e-02  1.3e-01  2.6e-01  3.3e-03  2.7e-01
 326  F 0   1.558e+08   1e-07  0.99  1.0e-01  4.7e-07  8.6e-02  1.2e-01  2.7e-01  3.8e-03  2.7e-01
 327  F 0   1.558e+08   3e-05  0.99  1.0e-01  4.6e-07  7.1e-02  9.5e-02  3.6e-01  3.3e-03  3.6e-01
 328  F 0   1.558e+08   9e-06  0.99  1.0e-01  3.7e-07  5.1e-02  6.7e-02  2.7e-01  2.8e-03  2.8e-01
 329  F 0   1.558e+08  -2e-05  0.99  1.0e-01  3.6e-07  3.5e-02  5.5e-02  2.7e-01  3.3e-03  2.7e-01
 330  F 0   1.558e+08   2e-05  0.99  1.0e-01  4.5e-07  2.2e-02  4.6e-02  2.7e-01  3.3e-03  2.8e-01
 331  F 0   1.558e+08  -3e-07  0.99  1.0e-01  4.0e-07  2.4e-02  4.3e-02  2.7e-01  3.8e-03  2.7e-01
 332  F 0   1.558e+08  -3e-07  0.99  1.0e-01  4.5e-07  2.5e-02  4.5e-02  2.8e-01  3.8e-03  2.8e-01
 333  F 0   1.558e+08  -3e-07  0.99  1.0e-01  4.8e-07  2.3e-02  4.0e-02  2.8e-01  3.8e-03  2.8e-01
 334  F 0   1.558e+08  -4e-07  0.99  1.0e-01  7.0e-07  2.5e-02  5.2e-02  2.8e-01  3.7e-03  2.8e-01
 335  F 0   1.558e+08  -9e-07  0.99  1.0e-01  9.2e-07  2.2e-02  5.5e-02  2.7e-01  3.8e-03  2.7e-01
 336  F 0   1.558e+08  -2e-06  0.99  1.0e-01  1.6e-06  4.4e-02  9.7e-02  2.7e-01  3.8e-03  2.7e-01
 337  F 0   1.558e+08  -9e-06  0.99  1.0e-01  9.8e-07  4.2e-02  9.1e-02  2.6e-01  3.8e-03  2.7e-01
 338  F 0   1.558e+08  -1e-06  0.99  1.0e-01  9.0e-07  2.7e-02  6.3e-02  2.7e-01  3.9e-03  2.7e-01
 339  F 0   1.558e+08  -3e-07  0.99  1.0e-01  4.3e-07  1.7e-02  2.6e-02  2.7e-01  3.8e-03  2.7e-01
 340  F 0   1.558e+08  -4e-06  0.99  1.0e-01  4.2e-07  1.9e-02  2.4e-02  2.7e-01  3.3e-03  2.8e-01
 341  F 0   1.558e+08  -9e-06  0.99  1.0e-01  4.1e-07  1.8e-02  2.3e-02  2.7e-01  2.7e-03  2.7e-01
 342  F 0   1.558e+08   3e-06  0.99  1.0e-01  4.2e-07  1.7e-02  2.2e-02  2.7e-01  3.3e-03  2.7e-01
 343  F 0   1.558e+08  -4e-06  0.99  1.0e-01  3.9e-07  1.7e-02  2.2e-02  2.7e-01  3.5e-03  2.7e-01
 344  F 0   1.558e+08  -4e-06  0.99  1.0e-01  3.9e-07  1.7e-02  2.1e-02  2.6e-01  2.7e-03  2.6e-01
 345  F 0   1.558e+08   7e-06  0.99  1.0e-01  3.9e-07  7.5e-03  1.5e-02  2.7e-01  2.8e-03  2.7e-01
 346  F 0   1.558e+08  -1e-05  0.99  1.0e-01  3.8e-07  1.0e-02  1.5e-02  2.7e-01  3.3e-03  2.7e-01
 347  F 0   1.558e+08   8e-06  0.99  1.0e-01  3.8e-07  7.8e-03  1.6e-02  3.1e-01  3.3e-03  3.1e-01
 348  F 0   1.558e+08  -1e-05  0.99  1.0e-01  3.9e-07  1.0e-02  1.6e-02  2.8e-01  3.3e-03  2.8e-01
 349  F 0   1.558e+08   1e-05  0.99  1.0e-01  3.9e-07  7.7e-03  1.8e-02  2.8e-01  3.4e-03  2.8e-01
 350  F 0   1.558e+08  -1e-05  0.99  1.0e-01  4.4e-07  1.0e-02  1.9e-02  2.7e-01  3.3e-03  2.7e-01
 351  F 0   1.558e+08   1e-05  0.99  1.0e-01  5.0e-07  9.3e-03  2.3e-02  2.7e-01  3.3e-03  2.8e-01
 352  F 0   1.558e+08  -2e-05  0.99  1.0e-01  7.1e-07  1.3e-02  3.1e-02  3.0e-01  3.3e-03  3.0e-01
 353  F 0   1.558e+08  -1e-06  0.99  1.0e-01  1.1e-06  2.3e-02  4.6e-02  3.0e-01  3.9e-03  3.0e-01
 354  F 0   1.558e+08   1e-06  0.99  1.0e-01  1.6e-06  3.2e-02  7.0e-02  3.0e-01  3.5e-03  3.1e-01
 355  F 0   1.558e+08   8e-06  0.99  1.0e-01  1.7e-06  4.5e-02  8.4e-02  2.7e-01  3.8e-03  2.7e-01
 356  F 0   1.558e+08   6e-06  0.99  1.0e-01  6.3e-07  2.1e-02  5.0e-02  2.7e-01  3.8e-03  2.7e-01
 357  F 0   1.558e+08   1e-07  0.99  1.0e-01  3.5e-07  7.5e-03  1.5e-02  2.7e-01  3.8e-03  2.7e-01
 358  F 0   1.558e+08   9e-06  0.99  1.0e-01  3.4e-07  5.0e-03  8.8e-03  2.7e-01  3.3e-03  2.8e-01
 359  F 0   1.558e+08   7e-06  0.99  1.0e-01  3.6e-07  3.9e-03  8.4e-03  2.7e-01  3.3e-03  2.7e-01
 360  F 0   1.558e+08   7e-06  0.99  1.0e-01  3.5e-07  4.2e-03  8.9e-03  2.7e-01  3.3e-03  2.8e-01
 361  F 0   1.558e+08   6e-06  0.99  1.0e-01  3.4e-07  4.9e-03  9.8e-03  2.7e-01  2.8e-03  2.8e-01
 362  F 0   1.558e+08   8e-06  0.99  1.0e-01  3.3e-07  4.8e-03  1.1e-02  2.7e-01  2.7e-03  2.7e-01
 363  F 0   1.558e+08   5e-06  0.99  1.0e-01  3.3e-07  6.1e-03  1.2e-02  2.7e-01  3.3e-03  2.8e-01
 364  F 0   1.558e+08   5e-06  0.99  1.0e-01  3.2e-07  6.0e-03  1.3e-02  2.7e-01  2.8e-03  2.8e-01
 365  F 0   1.558e+08   7e-06  0.99  1.0e-01  3.4e-07  6.1e-03  1.5e-02  2.8e-01  2.8e-03  2.8e-01
 366  F 0   1.558e+08   1e-06  0.99  1.0e-01  3.3e-07  7.5e-03  1.7e-02  2.8e-01  3.3e-03  2.8e-01
 367  F 0   1.558e+08   2e-06  0.99  1.0e-01  3.2e-07  7.8e-03  1.9e-02  2.7e-01  2.7e-03  2.7e-01
 368  F 0   1.558e+08   3e-07  0.99  1.0e-01  3.7e-07  1.0e-02  2.2e-02  2.7e-01  2.7e-03  2.7e-01
 369  F 0   1.558e+08  -1e-05  0.99  1.0e-01  3.5e-07  1.0e-02  2.5e-02  2.6e-01  3.3e-03  2.7e-01
 370  F 0   1.558e+08   3e-05  0.99  1.0e-01  5.8e-07  1.9e-02  3.4e-02  2.7e-01  3.5e-03  2.7e-01
 371  F 0   1.558e+08  -4e-07  0.99  1.0e-01  1.1e-06  2.0e-02  5.1e-02  2.7e-01  3.9e-03  2.7e-01
 372  F 0   1.558e+08  -1e-05  0.99  1.0e-01  3.4e-06  7.6e-02  1.4e-01  2.7e-01  3.8e-03  2.7e-01
 373  F 0   1.558e+08  -1e-05  0.99  1.0e-01  3.4e-06  0.0e+00  0.0e+00  2.7e-01  4.3e-03  2.7e-01
 373  F 1   1.558e+08   7e-06  0.98  1.0e-01  8.7e-07  3.4e-02  8.7e-02  2.7e-01  3.6e-03  2.7e-01
 374  F 0   1.558e+08  -8e-07  0.99  1.0e-01  4.3e-07  2.0e-02  5.5e-02  2.7e-01  4.5e-03  2.8e-01
 375  F 0   1.558e+08   4e-06  0.99  1.0e-01  5.5e-07  1.1e-02  2.8e-02  2.6e-01  3.3e-03  2.7e-01
 376  F 0   1.558e+08   9e-08  0.99  1.0e-01  5.9e-07  1.2e-02  2.3e-02  2.7e-01  4.2e-03  2.7e-01
 377  F 0   1.558e+08   1e-07  0.99  1.0e-01  8.2e-07  1.9e-02  3.8e-02  2.7e-01  3.9e-03  2.7e-01
 378  F 0   1.558e+08   1e-06  0.99  1.0e-01  7.1e-07  1.8e-02  3.3e-02  2.7e-01  3.8e-03  2.7e-01
 379  F 0   1.558e+08   1e-06  0.99  1.0e-01  4.3e-07  1.9e-02  2.8e-02  2.7e-01  3.8e-03  2.7e-01
 380  F 0   1.558e+08  -3e-05  0.99  1.0e-01  2.5e-07  7.3e-03  1.4e-02  2.7e-01  3.2e-03  2.7e-01
 381  F 0   1.558e+08  -2e-05  0.99  1.0e-01  2.6e-07  6.4e-03  1.0e-02  2.7e-01  3.3e-03  2.7e-01
 382  F 0   1.558e+08  -2e-05  0.99  1.0e-01  2.2e-07  5.3e-03  8.2e-03  2.7e-01  3.3e-03  2.7e-01
 383  F 0   1.558e+08  -2e-05  0.99  1.0e-01  2.4e-07  5.3e-03  8.2e-03  2.6e-01  3.3e-03  2.7e-01
 384  F 0   1.558e+08  -8e-06  0.99  1.0e-01  2.7e-07  5.9e-03  8.7e-03  2.7e-01  3.3e-03  2.7e-01
 385  F 0   1.558e+08  -1e-08  0.99  1.0e-01  2.8e-07  6.5e-03  9.5e-03  2.7e-01  2.8e-03  2.7e-01
 386  F 0   1.558e+08   9e-06  0.99  1.0e-01  2.8e-07  6.8e-03  1.1e-02  2.7e-01  2.7e-03  2.7e-01
 387  F 0   1.558e+08   9e-06  0.99  1.0e-01  2.5e-07  7.7e-03  1.3e-02  2.8e-01  3.3e-03  2.8e-01
 388  F 0   1.558e+08   9e-06  0.99  1.0e-01  2.4e-07  7.6e-03  1.5e-02  2.8e-01  3.3e-03  2.8e-01
 389  F 0   1.558e+08   9e-06  0.99  1.0e-01  2.3e-07  8.6e-03  1.6e-02  2.8e-01  2.7e-03  2.8e-01
 390  F 0   1.558e+08   6e-06  0.99  1.0e-01  2.0e-07  9.2e-03  1.9e-02  2.7e-01  3.3e-03  2.7e-01
 391  F 0   1.558e+08   6e-06  0.99  1.0e-01  2.1e-07  1.1e-02  2.1e-02  2.7e-01  2.7e-03  2.7e-01
 392  F 0   1.558e+08   6e-06  0.99  1.0e-01  2.1e-07  1.2e-02  2.3e-02  2.7e-01  2.7e-03  2.7e-01
 393  F 0   1.558e+08  -1e-06  0.99  1.0e-01  2.2e-07  1.5e-02  2.7e-02  2.7e-01  3.6e-03  2.7e-01
 394  F 0   1.558e+08   6e-06  0.99  1.0e-01  5.1e-07  1.8e-02  3.3e-02  2.7e-01  3.3e-03  2.7e-01
 395  F 0   1.558e+08  -6e-07  0.99  1.0e-01  1.4e-06  3.0e-02  5.9e-02  2.7e-01  3.9e-03  2.7e-01
 396  F 0   1.558e+08  -6e-07  0.99  1.0e-01  1.4e-06  0.0e+00  0.0e+00  2.7e-01  3.8e-03  2.7e-01
 396  F 1   1.558e+08  -2e-06  0.99  1.0e-01  7.3e-07  2.7e-02  4.6e-02  2.7e-01  3.6e-03  2.7e-01
 397  F 0   1.558e+08  -2e-07  0.99  1.0e-01  8.5e-07  2.7e-02  4.2e-02  2.8e-01  4.3e-03  2.8e-01
 398  F 0   1.558e+08  -1e-06  0.99  1.0e-01  1.4e-06  3.0e-02  6.3e-02  2.9e-01  4.3e-03  2.9e-01
 399  F 0   1.558e+08  -3e-06  0.99  1.0e-01  1.7e-06  4.0e-02  9.1e-02  2.7e-01  3.8e-03  2.7e-01
 400  F 0   1.558e+08  -2e-05  0.99  1.0e-01  1.9e-06  7.3e-02  1.4e-01  2.7e-01  4.3e-03  2.7e-01
 401  F 0   1.558e+08  -1e-06  0.99  1.0e-01  1.4e-06  7.1e-02  1.3e-01  2.6e-01  4.8e-03  2.7e-01
 402  F 0   1.558e+08   2e-06  0.99  1.0e-01  5.3e-07  3.5e-02  6.1e-02  2.6e-01  4.2e-03  2.7e-01
 403  F 0   1.558e+08   3e-07  0.99  1.0e-01  1.6e-07  9.5e-03  1.2e-02  2.6e-01  4.2e-03  2.7e-01
 404  F 0   1.558e+08  -6e-06  0.99  1.0e-01  1.7e-07  3.6e-03  5.6e-03  2.6e-01  2.7e-03  2.7e-01
 405  F 0   1.558e+08  -8e-06  0.99  1.0e-01  1.5e-07  4.6e-03  5.4e-03  2.6e-01  2.8e-03  2.7e-01
 406  F 0   1.558e+08  -9e-06  0.99  1.0e-01  1.4e-07  5.0e-03  6.1e-03  2.7e-01  3.3e-03  2.7e-01
 407  F 0   1.558e+08  -1e-05  0.99  1.0e-01  1.3e-07  5.6e-03  7.1e-03  2.6e-01  3.3e-03  2.7e-01
 408  F 0   1.558e+08  -1e-05  0.99  1.0e-01  1.6e-07  6.4e-03  8.1e-03  2.7e-01  3.3e-03  2.7e-01
 409  F 0   1.558e+08  -1e-05  0.99  1.0e-01  1.7e-07  7.7e-03  9.6e-03  2.6e-01  3.3e-03  2.7e-01
 410  F 0   1.558e+08  -9e-06  0.99  1.0e-01  1.8e-07  8.8e-03  1.1e-02  2.7e-01  3.3e-03  2.7e-01
 411  F 0   1.558e+08  -9e-06  0.99  1.0e-01  2.0e-07  9.8e-03  1.3e-02  2.6e-01  2.8e-03  2.7e-01
 412  F 0   1.558e+08  -7e-06  0.99  1.0e-01  1.9e-07  1.2e-02  1.6e-02  2.7e-01  2.8e-03  2.7e-01
 413  F 0   1.558e+08  -9e-06  0.99  1.0e-01  2.1e-07  1.3e-02  1.8e-02  2.8e-01  2.7e-03  2.8e-01
 414  F 0   1.558e+08  -2e-06  0.99  1.0e-01  1.4e-07  1.8e-02  2.2e-02  2.6e-01  2.7e-03  2.7e-01
 415  F 0   1.558e+08  -1e-05  0.99  1.0e-01  2.8e-07  1.5e-02  2.5e-02  2.7e-01  3.3e-03  2.7e-01
 416  F 0   1.558e+08   2e-05  0.99  1.0e-01  4.2e-07  3.8e-02  4.0e-02  2.7e-01  3.3e-03  2.7e-01
 417  F 0   1.558e+08   6e-09  0.99  1.0e-01  9.4e-07  4.6e-02  7.0e-02  2.7e-01  3.8e-03  2.7e-01
 418  F 0   1.558e+08   1e-06  0.99  1.0e-01  1.5e-06  8.8e-02  1.4e-01  2.7e-01  3.8e-03  2.8e-01
 419  F 0   1.558e+08  -1e-05  0.99  1.0e-01  2.3e-06  1.4e-01  2.3e-01  2.7e-01  4.9e-03  2.8e-01
 420  F 0   1.558e+08  -6e-06  0.99  1.0e-01  1.4e-06  1.2e-01  2.1e-01  2.7e-01  4.8e-03  2.8e-01
 421  F 0   1.558e+08   2e-06  0.99  1.0e-01  7.9e-07  6.2e-02  9.6e-02  2.7e-01  4.3e-03  2.7e-01
 422  F 0   1.558e+08   8e-07  0.99  1.0e-01  2.7e-07  1.3e-02  1.7e-02  2.7e-01  4.3e-03  2.7e-01
 423  F 0   1.558e+08  -1e-05  0.99  1.0e-01  3.0e-07  2.9e-03  5.5e-03  2.8e-01  2.8e-03  2.8e-01
 424  F 0   1.558e+08  -2e-05  0.99  1.0e-01  2.9e-07  4.3e-03  5.3e-03  2.8e-01  3.3e-03  2.9e-01
 425  F 0   1.558e+08  -2e-05  0.99  1.0e-01  2.6e-07  4.7e-03  5.9e-03  2.8e-01  3.4e-03  2.8e-01
 426  F 0   1.558e+08  -2e-05  0.99  1.0e-01  2.3e-07  5.2e-03  6.5e-03  2.7e-01  3.3e-03  2.7e-01
 427  F 0   1.558e+08  -3e-05  0.99  1.0e-01  2.0e-07  5.9e-03  7.4e-03  2.7e-01  3.3e-03  2.7e-01
 428  F 0   1.558e+08  -3e-05  0.99  1.0e-01  1.6e-07  6.9e-03  8.5e-03  2.7e-01  3.3e-03  2.7e-01
 429  F 0   1.558e+08  -2e-05  0.99  1.0e-01  1.3e-07  7.8e-03  9.8e-03  2.7e-01  3.3e-03  2.7e-01
 430  F 0   1.558e+08  -2e-05  0.99  1.0e-01  1.3e-07  9.0e-03  1.1e-02  2.9e-01  3.4e-03  2.9e-01
 431  F 0   1.558e+08  -1e-05  0.99  1.0e-01  1.4e-07  1.0e-02  1.3e-02  2.7e-01  3.4e-03  2.8e-01
 432  F 0   1.558e+08  -8e-06  0.99  1.0e-01  1.5e-07  1.2e-02  1.6e-02  2.7e-01  2.9e-03  2.8e-01
 433  F 0   1.558e+08   2e-07  0.99  1.0e-01  1.4e-07  1.5e-02  1.9e-02  3.0e-01  2.7e-03  3.0e-01
 434  F 0   1.558e+08   2e-06  0.99  1.0e-01  2.0e-07  1.3e-02  2.2e-02  3.3e-01  2.7e-03  3.4e-01
 435  F 0   1.558e+08   2e-05  0.99  1.0e-01  2.2e-07  2.9e-02  3.0e-02  2.6e-01  3.3e-03  2.7e-01
 436  F 0   1.558e+08  -9e-06  0.99  1.0e-01  4.1e-07  2.1e-02  3.0e-02  2.6e-01  3.4e-03  2.7e-01
 437  F 0   1.558e+08  -3e-08  0.99  1.0e-01  6.7e-07  4.2e-02  6.1e-02  2.6e-01  3.8e-03  2.7e-01
 438  F 0   1.558e+08   6e-07  0.99  1.0e-01  5.7e-07  4.4e-02  6.1e-02  2.6e-01  3.8e-03  2.7e-01
 439  F 0   1.558e+08   1e-06  0.99  1.0e-01  3.2e-07  2.3e-02  3.6e-02  2.6e-01  3.8e-03  2.7e-01
 440  F 0   1.558e+08  -4e-05  0.99  1.0e-01  3.3e-07  1.7e-02  2.5e-02  2.6e-01  3.3e-03  2.7e-01
 441  F 0   1.558e+08  -3e-05  0.99  1.0e-01  1.9e-07  8.6e-03  1.3e-02  2.7e-01  3.2e-03  2.8e-01
 442  F 0   1.558e+08  -4e-05  0.99  1.0e-01  1.4e-07  6.5e-03  7.1e-03  2.6e-01  3.3e-03  2.7e-01
 443  F 0   1.558e+08  -3e-05  0.99  1.0e-01  1.4e-07  3.7e-03  5.2e-03  2.7e-01  3.3e-03  2.7e-01
 444  F 0   1.558e+08  -2e-05  0.99  1.0e-01  1.8e-07  3.1e-03  4.0e-03  2.7e-01  3.3e-03  2.7e-01
 445  F 0   1.558e+08  -1e-05  0.99  1.0e-01  2.1e-07  2.9e-03  4.4e-03  2.6e-01  3.3e-03  2.7e-01
 446  F 0   1.558e+08  -4e-07  0.99  1.0e-01  2.2e-07  2.4e-03  3.9e-03  2.7e-01  2.7e-03  2.7e-01
 447  F 0   1.558e+08   9e-06  0.99  1.0e-01  2.0e-07  1.3e-03  3.0e-03  2.7e-01  3.3e-03  2.8e-01
 448  F 0   1.558e+08   1e-05  0.99  1.0e-01  1.8e-07  1.6e-03  2.9e-03  2.8e-01  3.3e-03  2.8e-01
 449  F 0   1.558e+08   2e-05  0.99  1.0e-01  1.5e-07  3.7e-03  4.3e-03  2.8e-01  3.3e-03  2.8e-01
 450  F 0   1.558e+08   1e-05  0.99  1.0e-01  1.3e-07  1.7e-03  3.0e-03  2.8e-01  3.2e-03  2.8e-01
 451  F 0   1.558e+08   1e-05  0.99  1.0e-01  1.1e-07  1.3e-03  3.0e-03  2.7e-01  3.3e-03  2.8e-01
 452  F 0   1.558e+08   8e-06  0.99  1.0e-01  1.1e-07  1.8e-03  3.5e-03  2.8e-01  3.3e-03  2.8e-01
 453  F 0   1.558e+08   5e-06  0.99  1.0e-01  1.2e-07  2.0e-03  3.6e-03  2.6e-01  2.7e-03  2.6e-01
 454  F 0   1.558e+08   2e-06  0.99  1.0e-01  1.1e-07  2.2e-03  4.0e-03  2.9e-01  2.7e-03  2.9e-01
 455  F 0   1.558e+08   1e-06  0.99  1.0e-01  1.3e-07  2.4e-03  4.3e-03  2.7e-01  2.7e-03  2.8e-01
 456  F 0   1.558e+08  -2e-06  0.99  1.0e-01  1.1e-07  2.7e-03  5.1e-03  2.7e-01  2.8e-03  2.8e-01
 457  F 0   1.558e+08   6e-06  0.99  1.0e-01  2.2e-07  3.2e-03  7.0e-03  2.9e-01  2.7e-03  2.9e-01
 458  F 0   1.558e+08  -4e-06  0.99  1.0e-01  3.7e-07  5.5e-03  1.1e-02  2.8e-01  3.3e-03  2.8e-01
 459  F 0   1.558e+08   1e-05  0.99  1.0e-01  7.2e-07  1.2e-02  2.2e-02  2.7e-01  3.3e-03  2.7e-01
 460  F 0   1.558e+08  -2e-05  0.99  1.0e-01  8.0e-07  1.2e-02  3.0e-02  2.7e-01  3.2e-03  2.7e-01
 461  F 0   1.558e+08   2e-05  0.99  1.0e-01  5.3e-07  1.2e-02  2.7e-02  2.7e-01  3.3e-03  2.7e-01
 462  F 0   1.558e+08  -9e-06  0.99  1.0e-01  1.3e-07  5.4e-03  1.4e-02  2.7e-01  2.7e-03  2.7e-01
 463  F 0   1.558e+08  -9e-06  0.99  1.0e-01  1.0e-07  2.3e-03  3.1e-03  2.6e-01  2.9e-03  2.7e-01
 464  F 0   1.558e+08  -8e-06  0.99  1.0e-01  1.1e-07  9.0e-04  1.8e-03  2.6e-01  3.2e-03  2.7e-01
Termination on Convergence criteria
Total number of system evaluations: 587
