   k  l     Obj         Vio    Bou   ML       |KKT|    |dX|     ||dX||   T_s      T_o      T_t
   0  T 0   4.248e+08   1e-02  0.00  1.0e-01  3.0e+03  1.0e+00  1.0e+00  4.9e-01  0.0e+00  0.0e+00
   1  T 0   1.409e+08   2e-07  0.20  1.0e-01  3.8e-02  1.0e-01  5.1e+00  2.1e-01  6.3e-03  2.2e-01
   2  F 0   6.886e+08   4e-07  0.37  1.0e-01  3.4e+01  1.0e-01  4.6e+00  2.0e-01  2.6e-03  2.0e-01
   3  T 0   4.887e+07   4e-07  0.43  1.0e-01  1.5e-02  1.0e-01  4.7e+00  2.4e-01  2.3e-03  2.4e-01
   4  F 0   1.287e+08  -2e-06  0.50  1.0e-01  3.1e+00  1.0e-01  4.2e+00  2.4e-01  2.3e-03  2.4e-01
   5  T 0   1.645e+07  -1e-01  0.49  1.0e-01  1.6e-03  1.0e-01  4.0e+00  2.2e-01  1.8e-03  2.2e-01
   6  T 0   1.112e+07  -9e-02  0.58  1.0e-01  2.7e-02  1.0e-01  3.5e+00  2.1e-01  1.5e-03  2.1e-01
   7  T 0   8.473e+06  -2e-01  0.61  1.0e-01  7.6e-04  1.0e-01  3.0e+00  2.0e-01  1.4e-03  2.0e-01
   8  T 0   6.769e+06  -1e-01  0.61  1.0e-01  3.8e-04  1.0e-01  2.8e+00  2.1e-01  1.5e-03  2.1e-01
   9  T 0   6.003e+06  -2e-01  0.68  1.0e-01  4.6e-04  1.0e-01  2.6e+00  2.0e-01  1.4e-03  2.0e-01
  10  T 0   5.111e+06  -1e-01  0.71  1.0e-01  2.5e-04  1.0e-01  2.1e+00  2.2e-01  1.5e-03  2.2e-01
  11  T 0   4.629e+06  -2e-01  0.72  1.0e-01  1.6e-04  1.0e-01  1.8e+00  2.0e-01  1.4e-03  2.1e-01
  12  T 0   4.228e+06  -2e-01  0.75  1.0e-01  2.3e-04  1.0e-01  1.6e+00  2.0e-01  1.4e-03  2.0e-01
  13  T 0   3.962e+06  -2e-01  0.78  1.0e-01  2.6e-04  1.0e-01  1.4e+00  2.0e-01  1.4e-03  2.0e-01
  14  T 0   3.737e+06  -2e-01  0.79  1.0e-01  1.6e-04  1.0e-01  1.3e+00  2.2e-01  1.4e-03  2.2e-01
  15  T 0   3.601e+06  -2e-01  0.80  1.0e-01  4.9e-04  1.0e-01  1.3e+00  2.1e-01  1.4e-03  2.2e-01
  16  T 0   3.437e+06  -1e-01  0.80  1.0e-01  1.5e-04  1.0e-01  1.3e+00  2.0e-01  1.4e-03  2.0e-01
  17  T 0   3.319e+06  -9e-02  0.81  1.0e-01  2.3e-04  1.0e-01  1.3e+00  2.1e-01  1.4e-03  2.1e-01
  18  T 0   3.183e+06  -5e-02  0.83  1.0e-01  1.3e-04  1.0e-01  1.3e+00  2.1e-01  1.6e-03  2.1e-01
  19  T 0   3.079e+06  -5e-02  0.85  1.0e-01  3.2e-04  1.0e-01  1.2e+00  2.2e-01  1.4e-03  2.2e-01
  20  T 0   2.980e+06  -1e-02  0.86  1.0e-01  3.9e-04  1.0e-01  1.1e+00  2.1e-01  1.6e-03  2.1e-01
  21  T 0   2.925e+06  -5e-03  0.86  1.0e-01  1.7e-04  1.0e-01  9.9e-01  2.0e-01  1.6e-03  2.0e-01
  22  T 0   2.873e+06  -6e-06  0.87  1.0e-01  1.4e-04  1.0e-01  7.5e-01  2.0e-01  2.5e-03  2.0e-01
  23  T 0   2.859e+06   8e-06  0.87  1.0e-01  1.6e-04  1.0e-01  7.1e-01  2.2e-01  2.2e-03  2.2e-01
  24  T 0   2.824e+06   2e-06  0.88  1.0e-01  9.1e-05  1.0e-01  5.0e-01  2.0e-01  2.3e-03  2.0e-01
  25  T 0   2.800e+06   2e-07  0.89  1.0e-01  1.4e-04  1.0e-01  4.6e-01  2.1e-01  2.4e-03  2.1e-01
  26  T 0   2.775e+06   1e-06  0.89  1.0e-01  1.2e-04  1.0e-01  4.5e-01  2.0e-01  2.1e-03  2.0e-01
  27  T 0   2.747e+06  -3e-06  0.90  1.0e-01  2.1e-04  1.0e-01  4.3e-01  2.0e-01  2.2e-03  2.0e-01
  28  T 0   2.722e+06   2e-06  0.90  1.0e-01  1.9e-04  1.0e-01  5.0e-01  2.0e-01  2.1e-03  2.1e-01
  29  T 0   2.697e+06  -8e-06  0.91  1.0e-01  8.2e-05  1.0e-01  5.2e-01  2.0e-01  2.1e-03  2.1e-01
  30  T 0   2.685e+06  -9e-07  0.91  1.0e-01  1.5e-04  1.0e-01  7.8e-01  2.1e-01  2.3e-03  2.1e-01
  31  T 0   2.657e+06  -1e-05  0.92  1.0e-01  1.1e-04  1.0e-01  5.5e-01  2.0e-01  2.4e-03  2.1e-01
  32  T 0   2.631e+06   4e-08  0.93  1.0e-01  2.2e-04  1.0e-01  5.2e-01  2.0e-01  2.3e-03  2.0e-01
  33  T 0   2.603e+06   1e-06  0.93  1.0e-01  2.7e-04  1.0e-01  5.6e-01  2.0e-01  2.1e-03  2.1e-01
  34  T 0   2.577e+06  -2e-06  0.93  1.0e-01  1.9e-04  1.0e-01  6.8e-01  2.1e-01  2.1e-03  2.2e-01
  35  T 0   2.555e+06   2e-07  0.94  1.0e-01  2.2e-04  1.0e-01  6.2e-01  2.1e-01  2.3e-03  2.1e-01
  36  T 0   2.541e+06  -8e-07  0.94  1.0e-01  3.3e-04  1.0e-01  7.0e-01  2.2e-01  2.3e-03  2.2e-01
  37  T 0   2.527e+06  -8e-06  0.95  1.0e-01  7.9e-05  1.0e-01  5.0e-01  2.1e-01  2.4e-03  2.1e-01
  38  T 0   2.516e+06  -1e-06  0.95  1.0e-01  1.2e-04  1.0e-01  4.8e-01  2.2e-01  2.3e-03  2.2e-01
  39  T 0   2.509e+06  -2e-05  0.96  1.0e-01  4.9e-05  1.0e-01  4.1e-01  2.1e-01  2.1e-03  2.1e-01
  40  T 0   2.502e+06  -2e-06  0.96  1.0e-01  1.0e-04  1.0e-01  4.6e-01  2.1e-01  2.3e-03  2.1e-01
  41  T 0   2.496e+06   2e-16  0.96  1.0e-01  7.4e-05  1.0e-01  3.7e-01  2.0e-01  2.6e-03  2.0e-01
  42  T 0   2.490e+06  -2e-05  0.96  1.0e-01  9.8e-05  1.0e-01  3.9e-01  2.0e-01  2.4e-03  2.1e-01
  43  T 0   2.485e+06  -8e-06  0.97  1.0e-01  1.1e-04  8.9e-02  3.4e-01  2.0e-01  2.3e-03  2.1e-01
  44  T 0   2.480e+06  -2e-16  0.97  1.0e-01  5.8e-05  1.0e-01  3.8e-01  2.0e-01  2.3e-03  2.0e-01
  45  T 0   2.474e+06  -4e-06  0.97  1.0e-01  9.0e-05  1.0e-01  3.7e-01  2.0e-01  2.1e-03  2.0e-01
  46  T 0   2.470e+06   1e-05  0.97  1.0e-01  1.3e-04  1.0e-01  4.1e-01  2.1e-01  2.2e-03  2.1e-01
  47  T 0   2.466e+06   3e-07  0.97  1.0e-01  2.5e-05  1.0e-01  3.9e-01  2.0e-01  2.3e-03  2.0e-01
  48  T 0   2.463e+06  -1e-05  0.97  1.0e-01  3.0e-05  1.0e-01  4.0e-01  2.0e-01  2.3e-03  2.1e-01
  49  T 0   2.460e+06  -2e-16  0.98  1.0e-01  8.2e-05  1.0e-01  3.4e-01  2.1e-01  2.1e-03  2.1e-01
  50  T 0   2.457e+06  -8e-07  0.98  1.0e-01  5.6e-05  1.0e-01  3.3e-01  2.1e-01  2.1e-03  2.1e-01
  51  T 0   2.455e+06   3e-07  0.98  1.0e-01  9.8e-05  1.0e-01  3.2e-01  2.0e-01  2.1e-03  2.0e-01
  52  T 0   2.451e+06   5e-06  0.98  1.0e-01  3.9e-05  1.0e-01  3.5e-01  2.2e-01  2.1e-03  2.2e-01
  53  T 0   2.448e+06  -6e-07  0.98  1.0e-01  7.1e-05  1.0e-01  3.4e-01  2.2e-01  2.1e-03  2.2e-01
  54  T 0   2.445e+06   6e-05  0.98  1.0e-01  1.8e-05  1.0e-01  3.3e-01  2.0e-01  2.1e-03  2.0e-01
  55  T 0   2.444e+06  -1e-05  0.98  1.0e-01  1.3e-05  1.0e-01  3.6e-01  2.2e-01  2.1e-03  2.2e-01
  56  F 0   2.444e+06   2e-05  0.98  1.0e-01  3.1e-05  1.0e-01  4.8e-01  2.0e-01  2.3e-03  2.1e-01
  57  T 0   2.441e+06  -1e-05  0.98  1.0e-01  2.3e-05  1.0e-01  4.1e-01  2.6e-01  2.2e-03  2.6e-01
  58  T 0   2.437e+06   9e-06  0.98  1.0e-01  8.3e-05  1.0e-01  4.4e-01  2.0e-01  2.4e-03  2.1e-01
  59  T 0   2.433e+06   4e-05  0.98  1.0e-01  3.4e-05  1.0e-01  2.6e-01  2.1e-01  2.5e-03  2.1e-01
  60  T 0   2.433e+06   4e-07  0.98  1.0e-01  4.2e-05  7.5e-02  1.9e-01  2.6e-01  2.0e-03  2.6e-01
  61  T 0   2.432e+06  -4e-05  0.98  1.0e-01  6.6e-05  1.0e-01  2.0e-01  2.9e-01  2.3e-03  3.0e-01
  62  T 0   2.431e+06   2e-06  0.98  1.0e-01  3.6e-05  1.0e-01  1.7e-01  2.3e-01  1.9e-03  2.3e-01
  63  T 0   2.429e+06   4e-06  0.99  1.0e-01  3.2e-05  6.4e-02  1.7e-01  2.2e-01  1.9e-03  2.2e-01
  64  T 0   2.428e+06  -2e-06  0.99  1.0e-01  7.7e-05  4.8e-02  1.4e-01  2.7e-01  2.2e-03  2.7e-01
  65  T 0   2.427e+06  -1e-08  0.99  1.0e-01  4.4e-05  9.6e-02  1.8e-01  2.2e-01  2.0e-03  2.2e-01
  66  T 0   2.426e+06   1e-05  0.99  1.0e-01  2.4e-05  1.0e-01  2.7e-01  2.1e-01  2.2e-03  2.1e-01
  67  T 0   2.423e+06  -1e-05  0.99  1.0e-01  3.5e-06  1.0e-01  2.4e-01  2.1e-01  2.2e-03  2.1e-01
  68  T 0   2.423e+06  -2e-06  0.99  1.0e-01  3.5e-06  7.0e-02  1.6e-01  2.0e-01  2.0e-03  2.1e-01
  69  T 0   2.423e+06   7e-09  0.99  1.0e-01  3.3e-06  8.2e-02  1.2e-01  2.2e-01  2.1e-03  2.2e-01
  70  T 0   2.423e+06   2e-06  0.99  1.0e-01  3.2e-06  8.7e-02  1.2e-01  2.3e-01  2.0e-03  2.3e-01
  71  T 0   2.422e+06   1e-05  0.99  1.0e-01  3.6e-06  9.8e-02  1.3e-01  2.3e-01  2.2e-03  2.4e-01
  72  T 0   2.422e+06   3e-07  0.99  1.0e-01  2.8e-06  1.0e-01  1.4e-01  2.3e-01  2.3e-03  2.3e-01
  73  T 0   2.422e+06  -2e-16  0.99  1.0e-01  2.9e-06  1.0e-01  1.7e-01  2.1e-01  2.3e-03  2.1e-01
  74  T 0   2.422e+06  -6e-06  0.99  1.0e-01  3.4e-06  1.0e-01  2.1e-01  2.4e-01  2.1e-03  2.5e-01
  75  F 0   2.422e+06   1e-06  0.99  1.0e-01  9.3e-06  1.0e-01  2.4e-01  2.2e-01  2.3e-03  2.2e-01
  76  T 0   2.422e+06  -5e-08  0.99  1.0e-01  5.4e-06  1.0e-01  2.6e-01  2.0e-01  2.6e-03  2.0e-01
  77  T 0   2.422e+06  -2e-06  0.99  1.0e-01  5.8e-06  9.6e-02  2.0e-01  2.0e-01  2.4e-03  2.0e-01
  78  T 0   2.422e+06  -7e-07  0.99  1.0e-01  3.3e-06  5.0e-02  8.2e-02  2.0e-01  2.2e-03  2.1e-01
  79  T 0   2.422e+06  -1e-07  0.99  1.0e-01  3.0e-06  1.2e-02  2.3e-02  2.0e-01  2.2e-03  2.1e-01
  80  T 0   2.422e+06  -3e-08  0.99  1.0e-01  2.8e-06  8.8e-03  1.6e-02  2.0e-01  1.9e-03  2.0e-01
  81  T 0   2.422e+06   6e-15  0.99  1.0e-01  2.6e-06  8.6e-03  1.8e-02  2.0e-01  1.9e-03  2.0e-01
  82  T 0   2.422e+06   8e-16  0.99  1.0e-01  2.5e-06  8.0e-03  1.9e-02  2.1e-01  2.0e-03  2.1e-01
  83  T 0   2.422e+06  -1e-14  0.99  1.0e-01  2.5e-06  8.4e-03  2.1e-02  2.1e-01  1.9e-03  2.1e-01
  84  T 0   2.422e+06   8e-06  0.99  1.0e-01  2.5e-06  8.8e-03  2.3e-02  2.4e-01  1.4e-03  2.4e-01
  85  T 0   2.422e+06   3e-08  0.99  1.0e-01  2.4e-06  9.4e-03  2.6e-02  2.1e-01  2.0e-03  2.1e-01
  86  T 0   2.422e+06  -5e-06  0.99  1.0e-01  2.5e-06  1.1e-02  3.0e-02  2.0e-01  1.5e-03  2.0e-01
  87  T 0   2.421e+06  -2e-14  0.99  1.0e-01  2.5e-06  1.3e-02  3.4e-02  2.0e-01  1.9e-03  2.0e-01
  88  T 0   2.421e+06  -5e-06  0.99  1.0e-01  2.5e-06  1.6e-02  3.8e-02  2.0e-01  1.5e-03  2.0e-01
  89  T 0   2.421e+06   1e-09  0.99  1.0e-01  2.5e-06  1.8e-02  4.3e-02  2.3e-01  2.0e-03  2.4e-01
  90  T 0   2.421e+06  -1e-15  0.99  1.0e-01  2.6e-06  2.0e-02  4.7e-02  2.0e-01  2.0e-03  2.1e-01
  91  T 0   2.421e+06  -8e-15  0.99  1.0e-01  2.7e-06  2.4e-02  5.3e-02  2.0e-01  2.1e-03  2.0e-01
  92  T 0   2.421e+06  -1e-08  0.99  1.0e-01  2.6e-06  2.4e-02  5.8e-02  2.0e-01  2.0e-03  2.0e-01
  93  T 0   2.421e+06   7e-16  0.99  1.0e-01  4.1e-06  4.1e-02  7.9e-02  2.0e-01  1.9e-03  2.1e-01
  94  F 0   2.421e+06   3e-08  0.99  1.0e-01  5.3e-06  7.3e-02  1.5e-01  2.3e-01  2.1e-03  2.4e-01
  95  F 0   2.425e+06   4e-06  0.99  1.0e-01  2.5e-05  1.0e-01  4.4e-01  2.0e-01  2.6e-03  2.0e-01
  96  F 0   2.426e+06  -2e-06  0.98  1.0e-01  3.8e-05  1.0e-01  5.3e-01  2.1e-01  2.2e-03  2.1e-01
  97  F 0   2.437e+06   2e-06  0.98  1.0e-01  5.1e-05  1.0e-01  6.5e-01  2.1e-01  2.3e-03  2.2e-01
  98  F 0   2.436e+06  -7e-06  0.97  1.0e-01  4.5e-05  1.0e-01  6.9e-01  2.2e-01  2.2e-03  2.2e-01
  99  F 0   2.448e+06  -1e-06  0.97  1.0e-01  5.9e-05  1.0e-01  7.4e-01  2.3e-01  2.4e-03  2.4e-01
 100  F 0   2.435e+06  -2e-05  0.96  1.0e-01  2.5e-05  1.0e-01  7.1e-01  2.6e-01  2.4e-03  2.6e-01
 101  F 0   2.430e+06  -9e-07  0.98  1.0e-01  4.0e-05  1.0e-01  5.2e-01  2.0e-01  2.5e-03  2.1e-01
 102  F 0   2.426e+06   3e-06  0.97  1.0e-01  2.1e-05  1.0e-01  3.4e-01  2.0e-01  2.1e-03  2.1e-01
 103  F 0   2.425e+06   9e-06  0.98  1.0e-01  2.1e-05  1.0e-01  2.0e-01  2.0e-01  2.3e-03  2.1e-01
 104  F 0   2.424e+06   5e-06  0.98  1.0e-01  1.8e-05  1.0e-01  1.7e-01  2.3e-01  2.1e-03  2.3e-01
 105  F 0   2.423e+06   6e-05  0.98  1.0e-01  1.6e-05  6.0e-02  1.0e-01  2.0e-01  2.3e-03  2.0e-01
 106  F 0   2.423e+06  -9e-06  0.98  1.0e-01  1.3e-05  7.6e-02  1.2e-01  2.0e-01  2.1e-03  2.1e-01
 107  F 0   2.422e+06   2e-16  0.98  1.0e-01  9.6e-06  6.3e-02  1.2e-01  2.0e-01  2.1e-03  2.0e-01
 108  F 0   2.422e+06  -5e-06  0.99  1.0e-01  6.1e-06  7.5e-02  1.3e-01  2.0e-01  2.2e-03  2.1e-01
 109  F 0   2.422e+06  -2e-08  0.99  1.0e-01  5.9e-06  8.5e-02  1.4e-01  2.0e-01  2.1e-03  2.0e-01
 110  F 0   2.422e+06  -3e-06  0.99  1.0e-01  6.0e-06  9.1e-02  1.4e-01  2.0e-01  2.0e-03  2.1e-01
 111  F 0   2.422e+06  -7e-06  0.99  1.0e-01  6.2e-06  1.0e-01  1.4e-01  2.1e-01  1.4e-03  2.1e-01
 112  F 0   2.422e+06  -4e-05  0.99  1.0e-01  6.3e-06  1.0e-01  1.2e-01  2.0e-01  1.9e-03  2.0e-01
 113  F 0   2.421e+06  -5e-06  0.99  1.0e-01  6.0e-06  9.6e-02  1.1e-01  2.0e-01  1.9e-03  2.0e-01
 114  F 0   2.421e+06  -2e-05  0.99  1.0e-01  2.0e-06  4.6e-02  7.8e-02  2.1e-01  1.9e-03  2.1e-01
 115  F 0   2.421e+06  -2e-05  0.99  1.0e-01  1.9e-06  4.4e-02  6.2e-02  2.1e-01  1.8e-03  2.1e-01
 116  F 0   2.421e+06  -4e-06  0.99  1.0e-01  1.8e-06  3.5e-02  5.7e-02  2.0e-01  1.9e-03  2.0e-01
 117  F 0   2.421e+06   5e-06  0.99  1.0e-01  1.6e-06  3.4e-02  5.7e-02  2.1e-01  1.8e-03  2.2e-01
 118  T 0   2.421e+06   9e-06  0.99  1.0e-01  1.5e-06  3.1e-02  5.6e-02  2.1e-01  1.9e-03  2.1e-01
 119  T 0   2.421e+06   6e-06  0.99  1.0e-01  1.4e-06  2.5e-02  5.1e-02  2.0e-01  2.0e-03  2.1e-01
 120  T 0   2.421e+06  -1e-08  0.99  1.0e-01  1.3e-06  2.0e-02  4.9e-02  2.1e-01  1.9e-03  2.1e-01
 121  T 0   2.421e+06  -4e-07  0.99  1.0e-01  1.8e-06  3.8e-02  7.5e-02  2.2e-01  1.5e-03  2.2e-01
 122  F 0   2.422e+06   3e-05  0.99  1.0e-01  9.3e-06  9.3e-02  2.0e-01  2.1e-01  1.9e-03  2.1e-01
 123  F 0   2.423e+06  -2e-06  0.99  1.0e-01  1.6e-05  1.0e-01  3.8e-01  2.1e-01  2.1e-03  2.1e-01
 124  F 0   2.430e+06   2e-05  0.98  1.0e-01  4.2e-05  1.0e-01  5.9e-01  2.1e-01  2.1e-03  2.1e-01
 125  F 0   2.424e+06   1e-05  0.97  1.0e-01  2.3e-05  1.0e-01  5.6e-01  2.1e-01  2.1e-03  2.1e-01
 126  F 0   2.424e+06   6e-07  0.98  1.0e-01  3.0e-05  1.0e-01  4.1e-01  2.1e-01  2.3e-03  2.1e-01
 127  F 0   2.422e+06  -2e-05  0.98  1.0e-01  1.6e-05  1.0e-01  3.3e-01  2.0e-01  2.3e-03  2.1e-01
 128  F 0   2.422e+06  -9e-07  0.99  1.0e-01  5.5e-06  1.0e-01  1.6e-01  2.1e-01  2.5e-03  2.1e-01
 129  F 0   2.421e+06  -2e-05  0.99  1.0e-01  4.0e-06  9.0e-02  1.3e-01  2.0e-01  2.2e-03  2.1e-01
 130  F 0   2.421e+06   0e+00  0.99  1.0e-01  3.6e-06  5.7e-02  8.3e-02  2.0e-01  2.2e-03  2.1e-01
 131  F 0   2.421e+06  -2e-05  0.99  1.0e-01  2.4e-06  7.7e-02  9.1e-02  2.0e-01  1.9e-03  2.0e-01
 132  F 0   2.421e+06   2e-06  0.99  1.0e-01  2.3e-06  6.1e-02  7.4e-02  2.0e-01  2.0e-03  2.0e-01
 133  F 0   2.421e+06   5e-06  0.99  1.0e-01  1.5e-06  5.5e-02  6.9e-02  2.1e-01  1.8e-03  2.1e-01
 134  F 0   2.421e+06  -1e-05  0.99  1.0e-01  1.4e-06  5.2e-02  6.7e-02  2.1e-01  1.8e-03  2.1e-01
 135  F 0   2.421e+06   4e-06  0.99  1.0e-01  1.3e-06  2.8e-02  4.6e-02  2.0e-01  1.9e-03  2.0e-01
 136  F 0   2.421e+06   6e-06  0.99  1.0e-01  9.4e-07  2.5e-02  4.7e-02  2.0e-01  1.9e-03  2.0e-01
 137  F 0   2.421e+06   5e-07  0.99  1.0e-01  1.0e-06  2.0e-02  4.5e-02  2.0e-01  2.1e-03  2.1e-01
 138  T 0   2.421e+06   1e-05  0.99  1.0e-01  1.2e-06  2.4e-02  4.6e-02  2.0e-01  1.4e-03  2.1e-01
 139  F 0   2.421e+06   2e-06  0.99  1.0e-01  2.8e-06  4.5e-02  7.8e-02  2.0e-01  1.5e-03  2.0e-01
 140  F 0   2.422e+06  -3e-06  0.99  1.0e-01  1.2e-05  7.9e-02  2.0e-01  2.0e-01  1.9e-03  2.0e-01
 141  F 0   2.422e+06   9e-06  0.99  1.0e-01  1.1e-05  1.0e-01  4.0e-01  2.1e-01  2.1e-03  2.1e-01
 142  F 0   2.427e+06   2e-06  0.98  1.0e-01  3.5e-05  1.0e-01  5.1e-01  2.0e-01  1.9e-03  2.0e-01
 143  F 0   2.423e+06   9e-07  0.98  1.0e-01  1.9e-05  1.0e-01  4.7e-01  2.1e-01  2.6e-03  2.1e-01
 144  F 0   2.422e+06  -4e-05  0.99  1.0e-01  1.4e-05  1.0e-01  1.9e-01  2.1e-01  3.0e-03  2.1e-01
 145  F 0   2.421e+06   6e-06  0.99  1.0e-01  4.3e-06  1.0e-01  1.5e-01  2.2e-01  2.1e-03  2.2e-01
 146  F 0   2.421e+06   6e-06  0.99  1.0e-01  2.8e-06  8.8e-02  1.1e-01  2.3e-01  2.1e-03  2.4e-01
 147  F 0   2.421e+06  -5e-06  0.99  1.0e-01  1.8e-06  6.7e-02  8.2e-02  2.1e-01  1.9e-03  2.1e-01
 148  F 0   2.421e+06   1e-06  0.99  1.0e-01  1.5e-06  3.6e-02  5.5e-02  2.1e-01  1.9e-03  2.1e-01
 149  F 0   2.421e+06   1e-05  0.99  1.0e-01  1.2e-06  3.9e-02  5.3e-02  2.1e-01  1.9e-03  2.1e-01
 150  F 0   2.421e+06   1e-05  0.99  1.0e-01  1.3e-06  3.9e-02  5.5e-02  2.0e-01  1.9e-03  2.1e-01
 151  F 0   2.421e+06   7e-06  0.99  1.0e-01  1.3e-06  3.8e-02  5.1e-02  3.0e-01  1.9e-03  3.0e-01
 152  F 0   2.421e+06   1e-05  0.99  1.0e-01  1.3e-06  2.9e-02  4.5e-02  2.1e-01  2.0e-03  2.1e-01
 153  F 0   2.421e+06   5e-06  0.99  1.0e-01  1.3e-06  2.5e-02  4.4e-02  2.0e-01  2.3e-03  2.0e-01
 154  T 0   2.421e+06   2e-05  0.99  1.0e-01  1.4e-06  2.2e-02  4.4e-02  2.3e-01  2.2e-03  2.4e-01
 155  T 0   2.421e+06   1e-05  0.99  1.0e-01  1.4e-06  2.6e-02  4.6e-02  2.4e-01  2.9e-03  2.4e-01
 156  T 0   2.421e+06   8e-06  0.99  1.0e-01  1.4e-06  3.6e-02  5.6e-02  2.4e-01  2.1e-03  2.4e-01
 157  T 0   2.421e+06  -8e-07  0.99  1.0e-01  1.5e-06  4.2e-02  6.1e-02  2.2e-01  1.9e-03  2.2e-01
 158  F 0   2.421e+06  -3e-05  0.99  1.0e-01  1.4e-06  8.0e-02  1.2e-01  2.1e-01  2.0e-03  2.1e-01
 159  T 0   2.421e+06  -2e-16  0.99  1.0e-01  2.0e-06  1.0e-01  1.5e-01  2.0e-01  2.1e-03  2.0e-01
 160  F 0   2.421e+06  -9e-06  0.99  1.0e-01  2.8e-06  1.0e-01  1.9e-01  2.0e-01  1.9e-03  2.0e-01
 161  F 0   2.422e+06  -1e-05  0.99  1.0e-01  9.5e-06  1.0e-01  2.5e-01  2.1e-01  1.9e-03  2.1e-01
 162  F 0   2.421e+06  -1e-06  0.99  1.0e-01  7.3e-06  1.0e-01  3.5e-01  2.0e-01  2.3e-03  2.0e-01
 163  F 0   2.424e+06  -2e-16  0.99  1.0e-01  3.2e-05  1.0e-01  4.0e-01  2.0e-01  2.6e-03  2.0e-01
 164  F 0   2.421e+06  -4e-06  0.98  1.0e-01  1.8e-05  1.0e-01  3.8e-01  2.0e-01  2.3e-03  2.0e-01
 165  F 0   2.421e+06   8e-05  0.99  1.0e-01  5.8e-06  1.0e-01  1.8e-01  2.0e-01  2.1e-03  2.0e-01
 166  F 0   2.421e+06   1e-05  0.99  1.0e-01  1.3e-06  4.2e-02  7.3e-02  2.0e-01  1.9e-03  2.0e-01
 167  F 0   2.421e+06   2e-05  0.99  1.0e-01  1.3e-06  4.6e-02  7.1e-02  2.0e-01  2.0e-03  2.1e-01
 168  F 0   2.421e+06  -8e-15  0.99  1.0e-01  1.3e-06  4.9e-02  7.3e-02  2.0e-01  2.0e-03  2.1e-01
 169  F 0   2.421e+06   2e-09  0.99  1.0e-01  1.1e-06  3.9e-02  5.6e-02  2.0e-01  1.9e-03  2.0e-01
 170  T 0   2.421e+06   8e-06  0.99  1.0e-01  1.1e-06  5.4e-02  6.7e-02  2.0e-01  1.9e-03  2.0e-01
 171  T 0   2.421e+06  -3e-14  0.99  1.0e-01  1.2e-06  7.3e-02  8.3e-02  2.1e-01  2.2e-03  2.1e-01
 172  T 0   2.421e+06  -4e-15  0.99  1.0e-01  1.1e-06  8.1e-02  8.8e-02  2.1e-01  1.9e-03  2.1e-01
 173  T 0   2.421e+06   2e-06  0.99  1.0e-01  1.2e-06  6.9e-02  7.9e-02  2.1e-01  1.9e-03  2.1e-01
 174  T 0   2.421e+06   4e-06  0.99  1.0e-01  1.0e-06  4.9e-02  6.2e-02  2.0e-01  1.8e-03  2.0e-01
 175  T 0   2.421e+06   6e-06  0.99  1.0e-01  1.1e-06  3.4e-02  5.3e-02  2.0e-01  1.8e-03  2.1e-01
 176  T 0   2.421e+06   3e-15  0.99  1.0e-01  1.0e-06  2.1e-02  4.0e-02  2.0e-01  1.9e-03  2.0e-01
 177  T 0   2.421e+06  -3e-08  0.99  1.0e-01  1.3e-06  1.9e-02  4.9e-02  2.0e-01  2.0e-03  2.0e-01
 178  F 0   2.421e+06  -7e-07  0.99  1.0e-01  2.5e-06  4.1e-02  7.6e-02  2.0e-01  2.3e-03  2.1e-01
 179  F 0   2.421e+06   2e-07  0.99  1.0e-01  4.3e-06  7.7e-02  1.6e-01  2.0e-01  2.1e-03  2.1e-01
 180  F 0   2.421e+06  -1e-05  0.99  1.0e-01  3.5e-06  1.0e-01  2.4e-01  2.2e-01  2.3e-03  2.2e-01
 181  F 0   2.421e+06  -4e-09  0.99  1.0e-01  6.8e-06  8.0e-02  1.9e-01  2.1e-01  2.4e-03  2.1e-01
 182  T 0   2.421e+06   1e-04  0.99  1.0e-01  1.0e-06  5.4e-02  1.2e-01  2.1e-01  2.1e-03  2.1e-01
 183  F 0   2.421e+06   2e-05  0.99  1.0e-01  7.1e-07  2.5e-02  4.1e-02  2.1e-01  2.1e-03  2.2e-01
 184  F 0   2.421e+06  -1e-14  0.99  1.0e-01  6.9e-07  1.1e-02  1.8e-02  2.1e-01  1.9e-03  2.1e-01
 185  F 0   2.421e+06   8e-06  0.99  1.0e-01  7.2e-07  9.6e-03  1.6e-02  2.0e-01  1.4e-03  2.0e-01
 186  F 0   2.421e+06   2e-14  0.99  1.0e-01  7.5e-07  1.1e-02  1.9e-02  2.0e-01  1.9e-03  2.1e-01
 187  F 0   2.421e+06  -1e-08  0.99  1.0e-01  7.7e-07  9.8e-03  2.0e-02  2.0e-01  1.5e-03  2.0e-01
 188  F 0   2.421e+06  -1e-05  0.99  1.0e-01  7.9e-07  8.6e-03  2.0e-02  2.0e-01  1.5e-03  2.0e-01
 189  F 0   2.421e+06   7e-15  0.99  1.0e-01  8.0e-07  9.1e-03  2.1e-02  2.0e-01  1.9e-03  2.1e-01
 190  F 0   2.421e+06   8e-06  0.99  1.0e-01  8.3e-07  1.1e-02  2.3e-02  2.0e-01  1.4e-03  2.0e-01
 191  F 0   2.421e+06  -1e-15  0.99  1.0e-01  8.5e-07  1.4e-02  2.8e-02  2.2e-01  1.8e-03  2.2e-01
 192  F 0   2.421e+06   2e-14  0.99  1.0e-01  8.5e-07  2.1e-02  3.6e-02  2.1e-01  1.9e-03  2.1e-01
 193  F 0   2.421e+06   5e-15  0.99  1.0e-01  9.6e-07  2.2e-02  3.6e-02  2.0e-01  1.9e-03  2.0e-01
 194  F 0   2.421e+06   7e-16  0.99  1.0e-01  1.1e-06  3.4e-02  4.3e-02  2.0e-01  1.9e-03  2.0e-01
 195  T 0   2.421e+06  -4e-15  0.99  1.0e-01  8.7e-07  1.0e-02  2.5e-02  2.2e-01  2.1e-03  2.2e-01
 196  F 0   2.421e+06  -1e-05  0.99  1.0e-01  1.1e-06  9.3e-03  2.1e-02  2.1e-01  1.9e-03  2.1e-01
 197  T 0   2.421e+06   9e-06  0.99  1.0e-01  1.1e-06  1.2e-02  3.0e-02  2.0e-01  2.0e-03  2.0e-01
 198  F 0   2.421e+06   4e-07  0.99  1.0e-01  2.4e-06  3.6e-02  7.4e-02  2.0e-01  2.1e-03  2.0e-01
 199  F 0   2.421e+06  -2e-16  0.99  1.0e-01  7.1e-06  5.7e-02  1.4e-01  2.1e-01  2.2e-03  2.1e-01
 200  F 0   2.421e+06  -5e-08  0.99  1.0e-01  6.1e-06  1.0e-01  2.4e-01  2.8e-01  2.3e-03  2.8e-01
 201  F 0   2.422e+06  -2e-16  0.99  1.0e-01  1.7e-05  1.0e-01  2.5e-01  2.1e-01  2.5e-03  2.1e-01
 202  F 0   2.421e+06  -3e-06  0.99  1.0e-01  5.1e-06  1.0e-01  2.7e-01  2.1e-01  2.3e-03  2.1e-01
 203  F 0   2.421e+06  -4e-05  0.99  1.0e-01  1.9e-06  9.6e-02  1.3e-01  2.1e-01  2.4e-03  2.1e-01
 204  F 0   2.421e+06  -5e-09  0.99  1.0e-01  1.6e-06  2.6e-02  4.7e-02  2.1e-01  2.1e-03  2.1e-01
 205  F 0   2.421e+06   4e-06  0.99  1.0e-01  1.8e-06  3.0e-02  5.4e-02  2.1e-01  3.8e-03  2.1e-01
 206  F 0   2.421e+06  -1e-05  0.99  1.0e-01  1.5e-06  2.0e-02  3.1e-02  2.0e-01  1.9e-03  2.0e-01
 207  F 0   2.421e+06  -2e-09  0.99  1.0e-01  1.3e-06  1.4e-02  1.8e-02  2.1e-01  1.8e-03  2.1e-01
 208  T 0   2.421e+06   6e-06  0.99  1.0e-01  1.0e-06  1.4e-02  2.0e-02  2.0e-01  1.9e-03  2.1e-01
 209  T 0   2.421e+06   7e-06  0.99  1.0e-01  8.7e-07  1.4e-02  2.1e-02  2.1e-01  1.9e-03  2.1e-01
 210  F 0   2.421e+06   2e-06  0.99  1.0e-01  7.3e-07  1.2e-02  2.2e-02  2.4e-01  1.8e-03  2.5e-01
 211  T 0   2.421e+06   3e-15  0.99  1.0e-01  6.1e-07  1.2e-02  2.1e-02  2.2e-01  1.8e-03  2.2e-01
 212  T 0   2.421e+06   5e-15  0.99  1.0e-01  5.0e-07  1.1e-02  2.0e-02  2.1e-01  1.9e-03  2.1e-01
 213  T 0   2.421e+06   8e-16  0.99  1.0e-01  4.7e-07  9.0e-03  1.8e-02  2.0e-01  1.9e-03  2.0e-01
 214  T 0   2.421e+06  -3e-15  0.99  1.0e-01  4.9e-07  8.7e-03  1.7e-02  2.0e-01  1.9e-03  2.1e-01
 215  T 0   2.421e+06   8e-06  0.99  1.0e-01  4.9e-07  8.0e-03  1.6e-02  2.0e-01  1.4e-03  2.0e-01
 216  F 0   2.421e+06  -3e-15  0.99  1.0e-01  5.0e-07  6.9e-03  1.6e-02  2.0e-01  1.9e-03  2.1e-01
 217  F 0   2.421e+06   6e-15  0.99  1.0e-01  4.7e-07  6.5e-03  1.6e-02  2.0e-01  1.9e-03  2.1e-01
 218  T 0   2.421e+06  -3e-15  0.99  1.0e-01  5.1e-07  7.2e-03  1.6e-02  2.1e-01  2.0e-03  2.1e-01
 219  T 0   2.421e+06   1e-05  0.99  1.0e-01  4.0e-07  1.2e-02  2.2e-02  2.1e-01  1.9e-03  2.1e-01
 220  T 0   2.420e+06   6e-05  0.99  1.0e-01  1.2e-06  2.1e-02  4.4e-02  2.0e-01  1.9e-03  2.0e-01
 221  F 0   2.421e+06  -1e-08  0.99  1.0e-01  4.9e-06  6.2e-02  1.3e-01  2.0e-01  2.1e-03  2.0e-01
 222  F 0   2.421e+06   7e-06  0.99  1.0e-01  9.6e-06  1.0e-01  3.1e-01  2.1e-01  2.3e-03  2.1e-01
 223  F 0   2.424e+06  -3e-05  0.99  1.0e-01  3.3e-05  1.0e-01  4.4e-01  2.3e-01  2.3e-03  2.3e-01
 224  F 0   2.421e+06  -3e-06  0.98  1.0e-01  2.0e-05  1.0e-01  4.5e-01  2.3e-01  2.5e-03  2.3e-01
 225  F 0   2.421e+06  -1e-05  0.99  1.0e-01  1.2e-05  1.0e-01  2.5e-01  2.3e-01  2.5e-03  2.3e-01
 226  F 0   2.421e+06   4e-06  0.99  1.0e-01  3.0e-06  1.0e-01  1.7e-01  2.1e-01  2.4e-03  2.1e-01
 227  F 0   2.421e+06   0e+00  0.99  1.0e-01  2.3e-06  2.6e-02  4.0e-02  2.0e-01  2.5e-03  2.0e-01
 228  F 0   2.421e+06   1e-05  0.99  1.0e-01  1.9e-06  1.4e-02  2.6e-02  2.1e-01  1.8e-03  2.1e-01
 229  F 0   2.421e+06   3e-06  0.99  1.0e-01  1.6e-06  1.9e-02  3.3e-02  2.0e-01  2.5e-03  2.0e-01
 230  F 0   2.421e+06   8e-15  0.99  1.0e-01  1.4e-06  2.7e-02  4.0e-02  2.0e-01  1.9e-03  2.1e-01
 231  F 0   2.421e+06   5e-15  0.99  1.0e-01  1.4e-06  3.4e-02  4.6e-02  2.3e-01  1.9e-03  2.3e-01
 232  F 0   2.421e+06   0e+00  0.99  1.0e-01  1.6e-06  3.9e-02  5.2e-02  2.0e-01  2.0e-03  2.1e-01
 233  F 0   2.421e+06   3e-15  0.99  1.0e-01  1.8e-06  3.4e-02  4.9e-02  2.0e-01  2.1e-03  2.1e-01
 234  F 0   2.421e+06  -1e-14  0.99  1.0e-01  1.8e-06  3.2e-02  5.1e-02  2.1e-01  2.0e-03  2.2e-01
 235  F 0   2.421e+06   5e-06  0.99  1.0e-01  1.5e-06  3.6e-02  5.4e-02  2.0e-01  2.0e-03  2.0e-01
 236  F 0   2.421e+06   2e-06  0.99  1.0e-01  1.1e-06  3.2e-02  5.4e-02  2.0e-01  2.0e-03  2.0e-01
 237  F 0   2.421e+06  -2e-15  0.99  1.0e-01  7.5e-07  2.2e-02  4.5e-02  2.2e-01  2.0e-03  2.2e-01
 238  F 0   2.421e+06  -2e-15  0.99  1.0e-01  6.0e-07  1.5e-02  3.0e-02  2.6e-01  1.9e-03  2.6e-01
 239  F 0   2.421e+06  -2e-05  0.99  1.0e-01  1.0e-06  2.8e-02  4.5e-02  2.0e-01  2.0e-03  2.0e-01
 240  F 0   2.421e+06   4e-16  0.99  1.0e-01  4.3e-06  7.8e-02  1.2e-01  2.0e-01  1.9e-03  2.0e-01
 241  F 0   2.421e+06  -7e-07  0.99  1.0e-01  8.2e-06  1.0e-01  2.3e-01  2.0e-01  2.3e-03  2.0e-01
 242  F 0   2.423e+06   9e-06  0.99  1.0e-01  2.9e-05  1.0e-01  4.2e-01  2.1e-01  2.0e-03  2.1e-01
 243  F 0   2.421e+06   4e-06  0.98  1.0e-01  1.7e-05  1.0e-01  4.3e-01  2.1e-01  2.3e-03  2.1e-01
 244  F 0   2.421e+06  -9e-07  0.99  1.0e-01  6.5e-06  1.0e-01  2.0e-01  2.6e-01  2.6e-03  2.6e-01
 245  F 0   2.421e+06   8e-09  0.99  1.0e-01  3.4e-06  1.0e-01  1.3e-01  2.8e-01  1.0e-02  2.9e-01
 246  F 0   2.421e+06   7e-08  0.99  1.0e-01  2.4e-06  6.8e-02  9.9e-02  2.2e-01  2.3e-03  2.2e-01
 247  F 0   2.421e+06   0e+00  0.99  1.0e-01  1.6e-06  5.3e-02  6.3e-02  2.1e-01  2.1e-03  2.1e-01
 248  F 0   2.421e+06   1e-05  0.99  1.0e-01  1.7e-06  2.8e-02  4.2e-02  2.1e-01  2.0e-03  2.1e-01
 249  F 0   2.421e+06   6e-06  0.99  1.0e-01  1.8e-06  2.1e-02  4.5e-02  2.1e-01  1.9e-03  2.1e-01
 250  F 0   2.421e+06   6e-10  0.99  1.0e-01  1.6e-06  2.6e-02  5.1e-02  2.0e-01  2.0e-03  2.0e-01
 251  F 0   2.421e+06  -1e-06  0.99  1.0e-01  7.2e-07  3.5e-02  5.5e-02  2.0e-01  1.9e-03  2.0e-01
 252  F 0   2.421e+06  -2e-05  0.99  1.0e-01  7.6e-07  4.5e-02  5.9e-02  2.0e-01  1.9e-03  2.0e-01
 253  F 0   2.421e+06   4e-07  0.99  1.0e-01  8.0e-07  4.6e-02  5.4e-02  2.1e-01  1.9e-03  2.1e-01
 254  F 0   2.421e+06  -4e-08  0.99  1.0e-01  1.0e-06  5.2e-02  6.0e-02  2.4e-01  2.0e-03  2.5e-01
 255  F 0   2.420e+06  -2e-15  0.99  1.0e-01  6.1e-07  4.5e-02  5.4e-02  2.2e-01  1.9e-03  2.2e-01
 256  F 0   2.421e+06  -2e-05  0.99  1.0e-01  7.9e-07  3.8e-02  5.0e-02  2.2e-01  1.9e-03  2.3e-01
 257  F 0   2.420e+06  -3e-14  0.99  1.0e-01  1.7e-06  2.4e-02  4.5e-02  2.5e-01  2.1e-03  2.5e-01
 258  F 0   2.421e+06  -1e-09  0.99  1.0e-01  2.1e-06  3.8e-02  8.2e-02  2.0e-01  2.3e-03  2.1e-01
 259  F 0   2.421e+06   0e+00  0.99  1.0e-01  6.5e-06  7.3e-02  1.4e-01  2.0e-01  2.1e-03  2.1e-01
 260  F 0   2.421e+06  -4e-10  0.99  1.0e-01  2.6e-06  7.4e-02  1.5e-01  2.2e-01  2.5e-03  2.2e-01
 261  F 0   2.420e+06   9e-06  0.99  1.0e-01  1.4e-06  3.2e-02  7.3e-02  2.1e-01  2.4e-03  2.2e-01
 262  F 0   2.420e+06  -4e-09  0.99  1.0e-01  7.0e-07  1.2e-02  2.2e-02  2.1e-01  2.1e-03  2.1e-01
 263  F 0   2.420e+06   2e-14  0.99  1.0e-01  5.5e-07  8.4e-03  1.1e-02  2.1e-01  1.9e-03  2.1e-01
 264  T 0   2.420e+06   8e-06  0.99  1.0e-01  4.4e-07  4.7e-03  7.7e-03  2.1e-01  1.4e-03  2.1e-01
 265  F 0   2.420e+06  -2e-14  0.99  1.0e-01  3.6e-07  6.4e-03  1.0e-02  2.0e-01  1.9e-03  2.0e-01
 266  T 0   2.420e+06   7e-06  0.99  1.0e-01  3.5e-07  5.8e-03  8.0e-03  2.1e-01  1.5e-03  2.1e-01
 267  F 0   2.420e+06  -2e-15  0.99  1.0e-01  3.6e-07  7.3e-03  1.0e-02  2.2e-01  1.9e-03  2.2e-01
 268  F 0   2.420e+06   8e-08  0.99  1.0e-01  3.6e-07  7.2e-03  1.0e-02  2.3e-01  1.5e-03  2.3e-01
 269  F 0   2.420e+06   3e-07  0.99  1.0e-01  3.7e-07  6.9e-03  9.9e-03  2.2e-01  1.4e-03  2.2e-01
 270  F 0   2.420e+06  -3e-06  0.99  1.0e-01  3.9e-07  6.2e-03  9.4e-03  2.2e-01  1.6e-03  2.2e-01
 271  F 0   2.420e+06  -5e-07  0.99  1.0e-01  3.8e-07  4.7e-03  8.8e-03  2.1e-01  1.5e-03  2.1e-01
 272  T 0   2.420e+06   6e-06  0.99  1.0e-01  3.9e-07  4.2e-03  9.3e-03  2.2e-01  1.7e-03  2.2e-01
 273  F 0   2.420e+06  -1e-14  0.99  1.0e-01  3.7e-07  4.4e-03  1.0e-02  2.0e-01  1.9e-03  2.1e-01
 274  F 0   2.420e+06   1e-08  0.99  1.0e-01  4.3e-07  4.8e-03  1.2e-02  2.1e-01  1.4e-03  2.1e-01
 275  F 0   2.420e+06   5e-15  0.99  1.0e-01  4.5e-07  4.4e-03  1.0e-02  2.1e-01  1.9e-03  2.1e-01
 276  F 0   2.420e+06   1e-15  0.99  1.0e-01  7.8e-07  1.4e-02  2.5e-02  2.1e-01  1.9e-03  2.1e-01
 277  F 0   2.420e+06  -6e-15  0.99  1.0e-01  2.3e-06  2.9e-02  5.7e-02  2.1e-01  1.9e-03  2.1e-01
 278  F 0   2.421e+06  -2e-05  0.99  1.0e-01  3.4e-06  7.2e-02  1.3e-01  2.1e-01  1.9e-03  2.1e-01
 279  F 0   2.421e+06   1e-06  0.99  1.0e-01  1.0e-05  1.0e-01  2.4e-01  2.1e-01  2.2e-03  2.1e-01
 280  F 0   2.421e+06  -7e-06  0.99  1.0e-01  3.2e-06  9.0e-02  1.9e-01  2.1e-01  1.9e-03  2.1e-01
 281  F 0   2.420e+06   1e-05  0.99  1.0e-01  1.9e-06  3.8e-02  8.3e-02  2.0e-01  2.4e-03  2.0e-01
 282  F 0   2.420e+06  -3e-06  0.99  1.0e-01  1.1e-06  2.0e-02  3.2e-02  2.1e-01  1.9e-03  2.1e-01
 283  F 0   2.420e+06  -2e-14  0.99  1.0e-01  8.7e-07  1.0e-02  1.4e-02  2.1e-01  1.8e-03  2.1e-01
 284  T 0   2.420e+06   7e-06  0.99  1.0e-01  7.1e-07  8.7e-03  1.2e-02  2.0e-01  1.4e-03  2.1e-01
 285  F 0   2.420e+06  -4e-14  0.99  1.0e-01  6.0e-07  9.3e-03  1.3e-02  2.0e-01  2.0e-03  2.1e-01
 286  T 0   2.420e+06   3e-06  0.99  1.0e-01  5.3e-07  7.0e-03  1.1e-02  2.0e-01  1.5e-03  2.0e-01
 287  F 0   2.420e+06   2e-14  0.99  1.0e-01  4.8e-07  6.5e-03  1.1e-02  2.0e-01  1.9e-03  2.0e-01
 288  T 0   2.420e+06   2e-06  0.99  1.0e-01  4.3e-07  5.1e-03  9.9e-03  2.0e-01  1.4e-03  2.0e-01
 289  T 0   2.420e+06   4e-06  0.99  1.0e-01  3.8e-07  4.2e-03  8.5e-03  2.0e-01  1.4e-03  2.0e-01
 290  T 0   2.420e+06   3e-06  0.99  1.0e-01  3.6e-07  2.5e-03  7.2e-03  2.1e-01  1.4e-03  2.2e-01
 291  T 0   2.420e+06   6e-06  0.99  1.0e-01  3.4e-07  2.7e-03  7.5e-03  2.1e-01  1.4e-03  2.1e-01
 292  T 0   2.420e+06   9e-06  0.99  1.0e-01  3.6e-07  3.1e-03  8.9e-03  2.0e-01  1.4e-03  2.0e-01
 293  F 0   2.420e+06   2e-14  0.99  1.0e-01  3.6e-07  3.9e-03  1.0e-02  2.1e-01  1.9e-03  2.2e-01
 294  F 0   2.420e+06  -4e-06  0.99  1.0e-01  4.1e-07  5.0e-03  1.3e-02  2.1e-01  1.4e-03  2.1e-01
 295  F 0   2.420e+06   4e-15  0.99  1.0e-01  7.0e-07  6.4e-03  1.4e-02  2.0e-01  2.1e-03  2.0e-01
 296  F 0   2.420e+06   1e-14  0.99  1.0e-01  1.0e-06  1.8e-02  3.4e-02  2.2e-01  1.9e-03  2.2e-01
 297  F 0   2.421e+06  -2e-05  0.99  1.0e-01  3.0e-06  3.9e-02  7.9e-02  2.1e-01  2.0e-03  2.1e-01
 298  F 0   2.421e+06   1e-05  0.99  1.0e-01  3.0e-06  6.9e-02  1.2e-01  2.0e-01  1.9e-03  2.0e-01
 299  F 0   2.421e+06   9e-06  0.99  1.0e-01  7.6e-06  9.4e-02  1.8e-01  2.0e-01  2.2e-03  2.1e-01
 300  F 0   2.420e+06  -1e-07  0.99  1.0e-01  1.8e-06  5.3e-02  1.1e-01  2.4e-01  2.1e-03  2.5e-01
 301  F 0   2.420e+06  -5e-06  0.99  1.0e-01  7.7e-07  1.3e-02  2.6e-02  2.0e-01  1.8e-03  2.0e-01
 302  F 0   2.420e+06  -3e-14  0.99  1.0e-01  6.0e-07  3.5e-03  8.3e-03  2.0e-01  2.1e-03  2.1e-01
 303  T 0   2.420e+06  -1e-06  0.99  1.0e-01  5.4e-07  3.2e-03  6.2e-03  2.1e-01  1.5e-03  2.1e-01
 304  T 0   2.420e+06  -1e-07  0.99  1.0e-01  4.9e-07  3.6e-03  6.5e-03  2.0e-01  1.5e-03  2.1e-01
 305  T 0   2.420e+06   5e-07  0.99  1.0e-01  4.5e-07  4.0e-03  7.2e-03  2.1e-01  1.2e-03  2.1e-01
 306  T 0   2.420e+06   2e-07  0.99  1.0e-01  4.2e-07  4.4e-03  8.1e-03  2.0e-01  1.5e-03  2.0e-01
 307  F 0   2.420e+06  -3e-06  0.99  1.0e-01  3.9e-07  4.9e-03  9.4e-03  2.1e-01  1.4e-03  2.2e-01
 308  T 0   2.420e+06  -4e-14  0.99  1.0e-01  3.3e-07  4.3e-03  8.9e-03  2.1e-01  2.0e-03  2.1e-01
 309  T 0   2.420e+06  -3e-14  0.99  1.0e-01  3.6e-07  5.4e-03  1.0e-02  2.1e-01  1.8e-03  2.1e-01
 310  F 0   2.420e+06  -2e-06  0.99  1.0e-01  3.2e-07  5.8e-03  1.2e-02  2.3e-01  1.5e-03  2.3e-01
 311  T 0   2.420e+06  -2e-14  0.99  1.0e-01  3.4e-07  7.2e-03  1.4e-02  2.1e-01  1.9e-03  2.1e-01
 312  T 0   2.420e+06  -2e-06  0.99  1.0e-01  3.1e-07  7.9e-03  1.6e-02  2.2e-01  1.4e-03  2.2e-01
 313  T 0   2.420e+06  -2e-14  0.99  1.0e-01  3.7e-07  1.0e-02  1.9e-02  2.0e-01  1.9e-03  2.1e-01
 314  T 0   2.420e+06   9e-15  0.99  1.0e-01  3.8e-07  1.2e-02  2.3e-02  2.7e-01  1.9e-03  2.7e-01
 315  F 0   2.420e+06  -3e-06  0.99  1.0e-01  1.0e-06  2.1e-02  3.3e-02  2.2e-01  1.9e-03  2.2e-01
 316  F 0   2.420e+06  -3e-08  0.99  1.0e-01  2.9e-06  4.0e-02  7.7e-02  2.4e-01  2.2e-03  2.5e-01
 317  F 0   2.421e+06  -2e-07  0.99  1.0e-01  1.2e-05  1.0e-01  2.9e-01  2.1e-01  2.4e-03  2.1e-01
 318  F 0   2.421e+06   7e-07  0.99  1.0e-01  1.2e-05  1.0e-01  3.9e-01  2.7e-01  2.1e-03  2.7e-01
 319  F 0   2.422e+06  -3e-06  0.98  1.0e-01  2.2e-05  1.0e-01  4.4e-01  2.6e-01  2.4e-03  2.6e-01
 320  F 0   2.421e+06  -2e-06  0.99  1.0e-01  1.6e-05  1.0e-01  3.9e-01  2.1e-01  2.3e-03  2.1e-01
 321  F 0   2.421e+06  -6e-06  0.98  1.0e-01  8.7e-06  1.0e-01  2.9e-01  2.0e-01  2.3e-03  2.0e-01
 322  F 0   2.421e+06   2e-05  0.99  1.0e-01  3.0e-06  7.9e-02  1.3e-01  2.0e-01  2.5e-03  2.0e-01
 323  F 0   2.421e+06  -9e-06  0.99  1.0e-01  2.9e-06  2.2e-02  4.2e-02  2.1e-01  1.9e-03  2.1e-01
 324  F 0   2.420e+06   2e-09  0.99  1.0e-01  2.4e-06  1.9e-02  2.6e-02  2.4e-01  1.9e-03  2.4e-01
 325  F 0   2.420e+06   4e-14  0.99  1.0e-01  1.7e-06  2.0e-02  2.4e-02  2.1e-01  1.9e-03  2.1e-01
 326  F 0   2.420e+06  -1e-14  0.99  1.0e-01  1.6e-06  8.5e-03  1.5e-02  2.2e-01  1.9e-03  2.2e-01
 327  F 0   2.420e+06  -3e-10  0.99  1.0e-01  1.5e-06  7.4e-03  1.7e-02  2.7e-01  1.9e-03  2.7e-01
 328  F 0   2.420e+06  -3e-08  0.99  1.0e-01  6.1e-07  8.4e-03  1.9e-02  2.6e-01  1.9e-03  2.6e-01
 329  F 0   2.420e+06  -3e-14  0.99  1.0e-01  5.5e-07  1.1e-02  2.1e-02  2.4e-01  2.0e-03  2.4e-01
 330  F 0   2.420e+06  -1e-15  0.99  1.0e-01  5.0e-07  1.1e-02  2.3e-02  2.4e-01  1.9e-03  2.4e-01
 331  F 0   2.420e+06  -6e-06  0.99  1.0e-01  4.7e-07  1.3e-02  2.6e-02  2.8e-01  1.5e-03  2.8e-01
 332  T 0   2.420e+06   9e-07  0.99  1.0e-01  4.3e-07  1.5e-02  2.9e-02  2.7e-01  1.5e-03  2.7e-01
 333  T 0   2.420e+06   2e-15  0.99  1.0e-01  5.3e-07  1.5e-02  3.3e-02  2.5e-01  1.9e-03  2.6e-01
 334  T 0   2.420e+06  -3e-06  0.99  1.0e-01  7.9e-07  1.6e-02  3.6e-02  3.0e-01  1.6e-03  3.1e-01
 335  T 0   2.420e+06   1e-08  0.99  1.0e-01  1.1e-06  2.9e-02  5.4e-02  2.5e-01  1.9e-03  2.5e-01
 336  F 0   2.420e+06   3e-08  0.99  1.0e-01  4.1e-06  7.0e-02  1.2e-01  2.1e-01  2.2e-03  2.1e-01
 337  F 0   2.421e+06  -6e-07  0.99  1.0e-01  7.5e-06  1.0e-01  2.5e-01  2.6e-01  2.3e-03  2.6e-01
 338  F 0   2.421e+06   7e-06  0.99  1.0e-01  1.5e-05  1.0e-01  3.5e-01  2.3e-01  2.3e-03  2.4e-01
 339  F 0   2.421e+06   1e-05  0.99  1.0e-01  5.4e-06  1.0e-01  3.0e-01  2.3e-01  2.2e-03  2.3e-01
 340  F 0   2.421e+06  -5e-06  0.99  1.0e-01  9.8e-06  1.0e-01  2.4e-01  2.2e-01  2.5e-03  2.3e-01
 341  F 0   2.420e+06  -3e-07  0.99  1.0e-01  1.5e-06  5.4e-02  1.1e-01  2.2e-01  2.3e-03  2.2e-01
 342  F 0   2.420e+06  -1e-14  0.99  1.0e-01  1.6e-06  1.9e-02  3.0e-02  2.0e-01  1.9e-03  2.0e-01
 343  F 0   2.420e+06   1e-14  0.99  1.0e-01  7.2e-07  1.4e-02  1.9e-02  2.0e-01  1.9e-03  2.1e-01
 344  F 0   2.420e+06  -1e-05  0.99  1.0e-01  6.4e-07  1.6e-02  2.1e-02  2.0e-01  1.4e-03  2.0e-01
 345  F 0   2.420e+06  -4e-06  0.99  1.0e-01  6.0e-07  6.5e-03  1.5e-02  2.1e-01  1.4e-03  2.1e-01
 346  F 0   2.420e+06   1e-14  0.99  1.0e-01  6.2e-07  6.9e-03  1.6e-02  2.2e-01  1.9e-03  2.2e-01
 347  T 0   2.420e+06   2e-14  0.99  1.0e-01  6.8e-07  7.8e-03  1.8e-02  2.2e-01  1.9e-03  2.2e-01
 348  T 0   2.420e+06  -2e-14  0.99  1.0e-01  7.4e-07  8.4e-03  2.0e-02  2.2e-01  1.9e-03  2.3e-01
 349  T 0   2.420e+06   2e-06  0.99  1.0e-01  8.0e-07  8.9e-03  2.2e-02  2.1e-01  1.5e-03  2.1e-01
 350  T 0   2.420e+06  -1e-06  0.99  1.0e-01  8.6e-07  1.0e-02  2.5e-02  2.3e-01  1.5e-03  2.3e-01
 351  T 0   2.420e+06  -3e-15  0.99  1.0e-01  9.1e-07  1.2e-02  2.9e-02  2.4e-01  1.9e-03  2.4e-01
 352  T 0   2.420e+06   3e-07  0.99  1.0e-01  9.8e-07  1.3e-02  2.9e-02  2.4e-01  1.9e-03  2.4e-01
 353  T 0   2.420e+06   2e-05  0.99  1.0e-01  9.9e-07  4.1e-02  5.4e-02  2.4e-01  1.9e-03  2.4e-01
 354  F 0   2.420e+06   0e+00  0.99  1.0e-01  1.8e-06  1.0e-01  1.2e-01  2.3e-01  2.1e-03  2.3e-01
 355  F 0   2.420e+06   0e+00  0.99  1.0e-01  5.1e-06  1.0e-01  2.2e-01  2.4e-01  2.1e-03  2.4e-01
 356  F 0   2.421e+06   0e+00  0.99  1.0e-01  7.3e-06  1.0e-01  3.1e-01  2.9e-01  2.2e-03  2.9e-01
 357  F 0   2.422e+06  -7e-08  0.99  1.0e-01  1.7e-05  1.0e-01  3.9e-01  2.3e-01  2.3e-03  2.3e-01
 358  F 0   2.421e+06   4e-06  0.99  1.0e-01  1.1e-05  1.0e-01  3.4e-01  2.1e-01  2.3e-03  2.1e-01
 359  F 0   2.421e+06   7e-06  0.98  1.0e-01  1.2e-05  1.0e-01  3.1e-01  2.5e-01  2.5e-03  2.6e-01
 360  F 0   2.420e+06  -5e-08  0.99  1.0e-01  1.6e-06  1.0e-01  1.6e-01  2.9e-01  2.3e-03  3.0e-01
 361  F 0   2.420e+06  -2e-07  0.99  1.0e-01  1.5e-06  3.4e-02  5.3e-02  2.2e-01  4.8e-03  2.2e-01
 362  F 0   2.420e+06   4e-08  0.99  1.0e-01  8.6e-07  2.6e-02  3.5e-02  2.4e-01  2.1e-03  2.5e-01
 363  F 0   2.420e+06  -4e-06  0.99  1.0e-01  7.9e-07  1.0e-02  2.0e-02  2.4e-01  1.6e-03  2.4e-01
 364  F 0   2.420e+06   2e-14  0.99  1.0e-01  7.5e-07  1.1e-02  2.2e-02  2.2e-01  2.0e-03  2.3e-01
 365  F 0   2.420e+06   5e-06  0.99  1.0e-01  7.4e-07  1.3e-02  2.5e-02  2.2e-01  1.5e-03  2.2e-01
 366  F 0   2.420e+06   7e-06  0.99  1.0e-01  7.1e-07  1.6e-02  2.8e-02  2.2e-01  1.4e-03  2.2e-01
 367  F 0   2.420e+06   2e-14  0.99  1.0e-01  7.3e-07  9.1e-03  2.7e-02  2.2e-01  2.1e-03  2.2e-01
 368  T 0   2.420e+06   1e-14  0.99  1.0e-01  6.4e-07  1.3e-02  3.2e-02  2.2e-01  2.0e-03  2.2e-01
 369  T 0   2.420e+06  -1e-14  0.99  1.0e-01  6.7e-07  1.4e-02  3.6e-02  2.2e-01  2.0e-03  2.2e-01
 370  T 0   2.420e+06  -3e-14  0.99  1.0e-01  6.2e-07  1.7e-02  4.3e-02  2.2e-01  2.1e-03  2.2e-01
 371  T 0   2.420e+06  -7e-09  0.99  1.0e-01  8.4e-07  2.2e-02  5.1e-02  2.2e-01  2.1e-03  2.2e-01
 372  T 0   2.420e+06   9e-08  0.99  1.0e-01  1.5e-06  4.4e-02  6.8e-02  2.2e-01  2.0e-03  2.2e-01
 373  F 0   2.420e+06   9e-07  0.99  1.0e-01  6.2e-06  1.0e-01  1.7e-01  2.3e-01  2.2e-03  2.4e-01
 374  F 0   2.421e+06  -1e-06  0.99  1.0e-01  8.1e-06  1.0e-01  3.0e-01  2.3e-01  2.4e-03  2.3e-01
 375  F 0   2.422e+06   8e-06  0.99  1.0e-01  1.9e-05  1.0e-01  4.0e-01  2.2e-01  2.4e-03  2.2e-01
 376  F 0   2.421e+06   3e-05  0.99  1.0e-01  1.5e-05  1.0e-01  3.8e-01  2.2e-01  2.4e-03  2.2e-01
 377  F 0   2.421e+06  -7e-06  0.98  1.0e-01  1.4e-05  1.0e-01  3.0e-01  2.2e-01  2.7e-03  2.2e-01
 378  F 0   2.420e+06   4e-06  0.99  1.0e-01  1.9e-06  6.8e-02  1.6e-01  2.3e-01  2.5e-03  2.3e-01
 379  F 0   2.420e+06  -4e-08  0.99  1.0e-01  1.4e-06  1.5e-02  2.9e-02  2.2e-01  2.0e-03  2.2e-01
 380  F 0   2.420e+06   2e-08  0.99  1.0e-01  1.1e-06  1.2e-02  2.4e-02  2.1e-01  2.1e-03  2.2e-01
 381  F 0   2.420e+06  -4e-06  0.99  1.0e-01  9.6e-07  1.0e-02  2.5e-02  2.2e-01  1.6e-03  2.2e-01
 382  F 0   2.420e+06  -6e-06  0.99  1.0e-01  9.3e-07  1.2e-02  2.7e-02  2.2e-01  1.6e-03  2.2e-01
 383  F 0   2.420e+06  -3e-14  0.99  1.0e-01  8.8e-07  1.2e-02  3.0e-02  2.1e-01  2.0e-03  2.2e-01
 384  T 0   2.420e+06   2e-09  0.99  1.0e-01  8.5e-07  1.5e-02  3.4e-02  2.1e-01  2.0e-03  2.2e-01
 385  T 0   2.420e+06  -5e-08  0.99  1.0e-01  7.8e-07  1.9e-02  3.9e-02  2.1e-01  2.3e-03  2.2e-01
 386  T 0   2.420e+06   9e-06  0.99  1.0e-01  8.9e-07  1.6e-02  3.7e-02  2.1e-01  1.6e-03  2.2e-01
 387  T 0   2.420e+06  -4e-09  0.99  1.0e-01  6.2e-07  2.4e-02  4.2e-02  2.2e-01  2.0e-03  2.2e-01
 388  T 0   2.420e+06  -6e-15  0.99  1.0e-01  8.3e-07  2.3e-02  4.7e-02  2.1e-01  2.1e-03  2.2e-01
 389  T 0   2.420e+06   8e-07  0.99  1.0e-01  8.7e-07  2.0e-02  3.7e-02  2.1e-01  2.2e-03  2.2e-01
 390  T 0   2.420e+06   0e+00  0.99  1.0e-01  9.4e-07  2.7e-02  4.8e-02  2.2e-01  2.4e-03  2.2e-01
 391  T 0   2.420e+06   2e-06  0.99  1.0e-01  1.2e-06  4.9e-02  7.6e-02  2.4e-01  2.3e-03  2.4e-01
 392  F 0   2.420e+06   2e-16  0.99  1.0e-01  1.6e-06  1.0e-01  1.4e-01  2.1e-01  2.6e-03  2.1e-01
 393  F 0   2.420e+06   0e+00  0.99  1.0e-01  2.1e-06  1.0e-01  1.7e-01  2.2e-01  2.5e-03  2.3e-01
 394  T 0   2.420e+06   4e-06  0.99  1.0e-01  1.2e-06  9.2e-02  1.5e-01  2.1e-01  2.5e-03  2.1e-01
 395  T 0   2.420e+06   8e-06  0.99  1.0e-01  1.1e-06  4.6e-02  7.3e-02  2.1e-01  2.3e-03  2.2e-01
 396  F 0   2.420e+06  -4e-06  0.99  1.0e-01  6.2e-07  1.6e-02  2.3e-02  2.1e-01  2.1e-03  2.2e-01
 397  F 0   2.420e+06  -3e-08  0.99  1.0e-01  5.9e-07  5.8e-03  9.5e-03  2.1e-01  2.2e-03  2.1e-01
 398  F 0   2.420e+06  -4e-06  0.99  1.0e-01  5.9e-07  5.8e-03  1.0e-02  2.1e-01  1.6e-03  2.1e-01
 399  T 0   2.420e+06  -9e-15  0.99  1.0e-01  5.9e-07  6.8e-03  1.2e-02  2.1e-01  2.0e-03  2.1e-01
 400  T 0   2.420e+06   1e-13  0.99  1.0e-01  5.8e-07  7.0e-03  1.3e-02  2.2e-01  1.9e-03  2.2e-01
 401  T 0   2.420e+06  -3e-06  0.99  1.0e-01  5.7e-07  8.0e-03  1.5e-02  2.1e-01  1.6e-03  2.1e-01
 402  T 0   2.420e+06  -9e-14  0.99  1.0e-01  5.7e-07  8.7e-03  1.7e-02  2.1e-01  2.1e-03  2.1e-01
 403  T 0   2.420e+06  -4e-16  0.99  1.0e-01  5.5e-07  9.6e-03  2.0e-02  2.1e-01  1.9e-03  2.2e-01
 404  T 0   2.420e+06  -5e-06  0.99  1.0e-01  5.2e-07  9.9e-03  2.2e-02  2.1e-01  1.5e-03  2.2e-01
 405  T 0   2.420e+06  -5e-15  0.99  1.0e-01  5.8e-07  1.3e-02  2.5e-02  2.1e-01  2.0e-03  2.2e-01
 406  T 0   2.420e+06  -2e-08  0.99  1.0e-01  4.4e-07  1.1e-02  2.4e-02  2.1e-01  2.0e-03  2.1e-01
 407  T 0   2.420e+06   6e-06  0.99  1.0e-01  1.9e-06  5.0e-02  6.1e-02  2.1e-01  2.1e-03  2.2e-01
 408  F 0   2.420e+06   0e+00  0.99  1.0e-01  5.9e-06  1.0e-01  1.6e-01  2.4e-01  2.3e-03  2.4e-01
 409  F 0   2.420e+06  -2e-06  0.99  1.0e-01  7.4e-06  1.0e-01  2.9e-01  2.1e-01  2.3e-03  2.2e-01
 410  F 0   2.422e+06  -2e-05  0.99  1.0e-01  2.1e-05  1.0e-01  4.1e-01  2.3e-01  2.5e-03  2.3e-01
 411  F 0   2.420e+06  -1e-05  0.99  1.0e-01  1.4e-05  1.0e-01  3.4e-01  2.1e-01  2.2e-03  2.2e-01
 412  F 0   2.420e+06  -8e-07  0.99  1.0e-01  7.9e-06  1.0e-01  2.4e-01  2.2e-01  2.8e-03  2.2e-01
 413  F 0   2.420e+06   2e-07  0.99  1.0e-01  1.6e-06  1.0e-01  1.4e-01  2.1e-01  2.3e-03  2.2e-01
 414  F 0   2.420e+06   5e-07  0.99  1.0e-01  7.1e-07  1.2e-02  2.1e-02  2.2e-01  2.0e-03  2.2e-01
 415  F 0   2.420e+06  -2e-09  0.99  1.0e-01  5.6e-07  4.4e-03  9.3e-03  2.1e-01  2.1e-03  2.1e-01
 416  F 0   2.420e+06   3e-14  0.99  1.0e-01  5.1e-07  3.9e-03  8.5e-03  2.3e-01  2.1e-03  2.3e-01
 417  F 0   2.420e+06  -2e-14  0.99  1.0e-01  4.6e-07  4.5e-03  9.4e-03  2.3e-01  2.1e-03  2.3e-01
 418  F 0   2.420e+06   2e-14  0.99  1.0e-01  4.2e-07  5.0e-03  1.0e-02  2.2e-01  2.1e-03  2.2e-01
 419  T 0   2.420e+06  -2e-14  0.99  1.0e-01  4.0e-07  5.2e-03  1.2e-02  2.3e-01  2.1e-03  2.3e-01
 420  T 0   2.420e+06   8e-06  0.99  1.0e-01  4.1e-07  5.0e-03  1.2e-02  2.1e-01  1.6e-03  2.2e-01
 421  T 0   2.420e+06   5e-06  0.99  1.0e-01  4.0e-07  5.3e-03  1.4e-02  2.2e-01  1.6e-03  2.2e-01
 422  F 0   2.420e+06   3e-15  0.99  1.0e-01  4.2e-07  6.0e-03  1.5e-02  2.2e-01  2.1e-03  2.2e-01
 423  T 0   2.420e+06   1e-14  0.99  1.0e-01  3.6e-07  7.3e-03  1.7e-02  2.2e-01  2.1e-03  2.2e-01
 424  T 0   2.420e+06  -5e-15  0.99  1.0e-01  3.6e-07  8.6e-03  1.8e-02  2.2e-01  2.0e-03  2.2e-01
 425  T 0   2.420e+06   8e-08  0.99  1.0e-01  3.6e-07  1.1e-02  2.1e-02  2.3e-01  2.2e-03  2.3e-01
 426  F 0   2.420e+06  -7e-06  0.99  1.0e-01  3.2e-07  1.9e-02  3.0e-02  2.3e-01  2.1e-03  2.3e-01
 427  F 0   2.420e+06   1e-06  0.99  1.0e-01  9.5e-07  6.8e-02  8.5e-02  2.3e-01  2.3e-03  2.3e-01
 428  F 0   2.420e+06  -2e-06  0.99  1.0e-01  3.2e-06  1.0e-01  1.9e-01  2.3e-01  2.9e-03  2.3e-01
 429  F 0   2.420e+06   2e-07  0.99  1.0e-01  3.9e-06  1.0e-01  2.4e-01  2.2e-01  2.3e-03  2.2e-01
 430  F 0   2.420e+06  -7e-06  0.99  1.0e-01  9.9e-06  1.0e-01  2.6e-01  2.2e-01  2.1e-03  2.2e-01
 431  F 0   2.420e+06  -5e-08  0.99  1.0e-01  3.7e-06  1.0e-01  2.1e-01  2.3e-01  4.0e-03  2.3e-01
 432  F 0   2.420e+06   3e-05  0.99  1.0e-01  6.0e-06  8.9e-02  1.7e-01  2.4e-01  2.3e-03  2.4e-01
 433  F 0   2.420e+06   1e-06  0.99  1.0e-01  8.1e-07  6.4e-02  1.1e-01  2.2e-01  2.3e-03  2.2e-01
 434  F 0   2.420e+06   3e-07  0.99  1.0e-01  5.7e-07  1.9e-02  3.2e-02  2.2e-01  2.1e-03  2.2e-01
 435  T 0   2.420e+06   3e-09  0.99  1.0e-01  4.1e-07  6.1e-03  9.0e-03  2.3e-01  2.0e-03  2.3e-01
 436  F 0   2.420e+06  -2e-06  0.99  1.0e-01  4.7e-07  5.0e-03  8.6e-03  2.2e-01  1.6e-03  2.2e-01
 437  T 0   2.420e+06   4e-06  0.99  1.0e-01  5.0e-07  4.4e-03  7.8e-03  2.2e-01  1.6e-03  2.2e-01
 438  F 0   2.420e+06  -5e-14  0.99  1.0e-01  3.5e-07  3.8e-03  7.4e-03  2.1e-01  2.1e-03  2.2e-01
 439  F 0   2.420e+06   3e-14  0.99  1.0e-01  3.3e-07  4.4e-03  7.9e-03  2.1e-01  2.0e-03  2.1e-01
 440  T 0   2.420e+06   8e-06  0.99  1.0e-01  3.3e-07  4.3e-03  8.1e-03  2.1e-01  1.6e-03  2.1e-01
 441  F 0   2.420e+06  -5e-14  0.99  1.0e-01  3.1e-07  3.1e-03  8.9e-03  2.1e-01  1.9e-03  2.1e-01
 442  F 0   2.420e+06  -3e-14  0.99  1.0e-01  3.3e-07  4.4e-03  1.0e-02  2.3e-01  2.0e-03  2.3e-01
 443  F 0   2.420e+06   8e-15  0.99  1.0e-01  3.3e-07  3.6e-03  1.0e-02  2.3e-01  2.1e-03  2.3e-01
 444  F 0   2.420e+06  -9e-15  0.99  1.0e-01  3.0e-07  6.3e-03  1.3e-02  2.3e-01  2.1e-03  2.3e-01
 445  F 0   2.420e+06   1e-07  0.99  1.0e-01  3.6e-07  5.7e-03  1.4e-02  2.1e-01  2.1e-03  2.1e-01
 446  T 0   2.420e+06   3e-06  0.99  1.0e-01  7.6e-07  1.7e-02  2.6e-02  2.1e-01  2.1e-03  2.1e-01
 447  F 0   2.420e+06   3e-08  0.99  1.0e-01  8.9e-07  1.9e-02  3.3e-02  2.1e-01  2.2e-03  2.1e-01
 448  F 0   2.420e+06   4e-07  0.99  1.0e-01  8.6e-07  2.0e-02  3.7e-02  2.1e-01  2.2e-03  2.1e-01
 449  F 0   2.420e+06  -4e-06  0.99  1.0e-01  3.5e-07  3.2e-02  3.9e-02  2.1e-01  2.0e-03  2.1e-01
 450  T 0   2.420e+06   3e-05  0.99  1.0e-01  3.6e-07  4.1e-02  4.4e-02  2.1e-01  2.1e-03  2.1e-01
 451  F 0   2.420e+06  -3e-06  0.99  1.0e-01  2.8e-07  2.0e-02  2.3e-02  2.4e-01  2.1e-03  2.4e-01
 452  F 0   2.420e+06   4e-07  0.99  1.0e-01  1.6e-07  2.4e-03  2.9e-03  2.2e-01  1.9e-03  2.2e-01
 453  F 0   2.420e+06   8e-14  0.99  1.0e-01  1.7e-07  6.7e-04  1.4e-03  2.3e-01  2.0e-03  2.3e-01
Termination on Convergence criteria
Total number of system evaluations: 454
