   k  l     Obj         Vio    Bou   ML       |KKT|    |dX|     ||dX||   T_s      T_o      T_t
   0  T 0   1.353e+09  -4e+00  1.00  1.0e-01  0.0e+00  1.0e+00  1.0e+00  4.9e-01  0.0e+00  0.0e+00
   1  T 0   1.259e+09  -4e+00  0.40  1.0e-01  4.1e-04  1.0e-01  6.6e+00  2.6e-01  4.7e-03  2.7e-01
   2  T 0   1.165e+09  -3e+00  0.42  1.0e-01  4.1e-04  1.0e-01  6.7e+00  2.8e-01  1.4e-03  2.8e-01
   3  T 0   1.070e+09  -3e+00  0.38  1.0e-01  4.1e-04  1.0e-01  6.7e+00  2.8e-01  1.4e-03  2.8e-01
   4  T 0   9.742e+08  -3e+00  0.40  1.0e-01  4.1e-04  1.0e-01  6.7e+00  2.8e-01  1.7e-03  2.8e-01
   5  T 0   8.840e+08  -2e+00  0.38  1.0e-01  4.1e-04  1.0e-01  6.7e+00  3.0e-01  1.4e-03  3.0e-01
   6  T 0   8.014e+08  -2e+00  0.37  1.0e-01  4.2e-04  1.0e-01  6.8e+00  3.5e-01  1.5e-03  3.5e-01
   7  T 0   7.294e+08  -2e+00  0.34  1.0e-01  4.3e-04  1.0e-01  6.9e+00  2.8e-01  1.5e-03  2.8e-01
   8  T 0   6.522e+08  -2e+00  0.33  1.0e-01  4.3e-04  1.0e-01  7.0e+00  2.7e-01  1.4e-03  2.7e-01
   9  T 0   5.665e+08  -2e+00  0.31  1.0e-01  4.5e-04  1.0e-01  7.1e+00  2.7e-01  1.4e-03  2.7e-01
  10  T 0   4.651e+08  -1e+00  0.58  1.0e-01  4.0e-04  1.0e-01  7.2e+00  2.7e-01  1.4e-03  2.7e-01
  11  T 0   4.233e+08  -1e+00  0.58  1.0e-01  4.2e-04  1.0e-01  5.6e+00  2.7e-01  1.4e-03  2.7e-01
  12  T 0   3.825e+08  -1e+00  0.66  1.0e-01  4.3e-04  1.0e-01  5.6e+00  3.1e-01  1.4e-03  3.1e-01
  13  T 0   3.488e+08  -9e-01  0.65  1.0e-01  4.3e-04  1.0e-01  5.1e+00  2.9e-01  1.5e-03  2.9e-01
  14  T 0   3.148e+08  -8e-01  0.74  1.0e-01  4.5e-04  1.0e-01  5.0e+00  2.8e-01  1.4e-03  2.8e-01
  15  T 0   2.903e+08  -7e-01  0.74  1.0e-01  4.2e-04  1.0e-01  4.5e+00  3.1e-01  1.4e-03  3.2e-01
  16  T 0   2.658e+08  -6e-01  0.80  1.0e-01  4.5e-04  1.0e-01  4.4e+00  2.8e-01  1.4e-03  2.9e-01
  17  T 0   2.483e+08  -5e-01  0.80  1.0e-01  4.2e-04  1.0e-01  4.0e+00  2.8e-01  1.5e-03  2.8e-01
  18  T 0   2.321e+08  -4e-01  0.84  1.0e-01  4.3e-04  1.0e-01  3.9e+00  2.8e-01  1.5e-03  2.8e-01
  19  T 0   2.198e+08  -3e-01  0.85  1.0e-01  3.5e-04  1.0e-01  3.5e+00  2.7e-01  1.6e-03  2.7e-01
  20  T 0   2.087e+08  -3e-01  0.88  1.0e-01  3.9e-04  1.0e-01  3.3e+00  2.7e-01  1.4e-03  2.7e-01
  21  T 0   1.989e+08  -2e-01  0.88  1.0e-01  4.4e-04  1.0e-01  3.1e+00  2.8e-01  1.4e-03  2.8e-01
  22  T 0   1.920e+08  -2e-01  0.91  1.0e-01  6.5e-03  1.0e-01  3.0e+00  2.7e-01  1.4e-03  2.7e-01
  23  T 0   1.849e+08  -1e-01  0.90  1.0e-01  1.3e-03  1.0e-01  2.8e+00  2.7e-01  1.5e-03  2.7e-01
  24  T 0   1.794e+08  -9e-02  0.92  1.0e-01  1.6e-03  1.0e-01  2.7e+00  2.7e-01  1.5e-03  2.7e-01
  25  T 0   1.762e+08  -6e-02  0.92  1.0e-01  2.1e-03  1.0e-01  2.6e+00  2.7e-01  1.5e-03  2.7e-01
  26  T 0   1.746e+08  -4e-02  0.93  1.0e-01  8.5e-04  1.0e-01  2.7e+00  2.7e-01  1.4e-03  2.7e-01
  27  F 0   1.746e+08  -4e-02  0.93  7.0e-02  8.5e-04  0.0e+00  0.0e+00  2.7e-01  1.4e-03  2.7e-01
  27  T 1   1.737e+08  -2e-02  0.88  8.4e-02  8.9e-04  7.0e-02  2.0e+00  2.7e-01  1.2e-03  2.7e-01
  28  F 0   1.737e+08  -2e-02  0.88  5.9e-02  8.9e-04  0.0e+00  0.0e+00  2.0e-01  1.4e-03  2.0e-01
  28  T 1   1.728e+08  -2e-02  0.88  7.1e-02  7.5e-04  5.9e-02  1.7e+00  1.8e-01  9.0e-04  1.9e-01
  29  T 0   1.722e+08  -1e-02  0.90  8.5e-02  4.1e-04  7.1e-02  2.0e+00  2.0e-01  1.1e-03  2.0e-01
  30  F 0   1.722e+08  -1e-02  0.90  5.9e-02  4.1e-04  0.0e+00  0.0e+00  1.8e-01  1.1e-03  1.9e-01
  30  T 1   1.717e+08  -1e-02  0.89  7.1e-02  4.8e-04  5.9e-02  1.7e+00  1.9e-01  8.7e-04  1.9e-01
  31  T 0   1.716e+08  -4e-03  0.91  8.5e-02  5.7e-04  7.1e-02  1.9e+00  1.9e-01  1.1e-03  1.9e-01
  32  F 0   1.716e+08  -4e-03  0.91  6.0e-02  5.7e-04  0.0e+00  0.0e+00  1.9e-01  1.2e-03  1.9e-01
  32  T 1   1.710e+08  -4e-03  0.89  7.2e-02  8.4e-04  6.0e-02  1.6e+00  1.8e-01  8.8e-04  1.9e-01
  33  F 0   1.710e+08  -4e-03  0.89  5.0e-02  8.4e-04  0.0e+00  0.0e+00  1.9e-01  1.3e-03  1.9e-01
  33  T 1   1.699e+08  -2e-03  0.90  6.0e-02  6.0e-04  5.0e-02  1.4e+00  2.0e-01  8.7e-04  2.0e-01
  34  T 0   1.692e+08  -4e-04  0.91  7.2e-02  9.2e-04  6.0e-02  1.5e+00  1.9e-01  1.1e-03  1.9e-01
  35  F 0   1.692e+08  -4e-04  0.91  5.1e-02  9.2e-04  0.0e+00  0.0e+00  1.9e-01  2.6e-03  1.9e-01
  35  T 1   1.686e+08  -7e-06  0.92  6.1e-02  1.0e-03  5.1e-02  1.2e+00  1.9e-01  2.3e-03  2.0e-01
  36  T 0   1.681e+08   5e-06  0.93  7.3e-02  5.3e-04  6.1e-02  1.4e+00  1.9e-01  1.9e-03  1.9e-01
  37  F 0   1.681e+08   5e-06  0.93  5.1e-02  5.3e-04  0.0e+00  0.0e+00  1.9e-01  1.9e-03  2.0e-01
  37  T 1   1.677e+08  -2e-06  0.93  6.1e-02  3.3e-04  5.1e-02  1.1e+00  2.4e-01  2.7e-03  2.4e-01
  38  T 0   1.674e+08  -3e-07  0.94  7.3e-02  9.5e-04  6.1e-02  1.3e+00  2.0e-01  2.5e-03  2.0e-01
  39  F 0   1.674e+08  -3e-07  0.94  5.1e-02  9.5e-04  0.0e+00  0.0e+00  2.0e-01  1.9e-03  2.0e-01
  39  T 1   1.670e+08   7e-06  0.94  6.2e-02  4.8e-04  5.1e-02  1.1e+00  2.0e-01  1.4e-03  2.1e-01
  40  T 0   1.667e+08  -5e-06  0.96  7.4e-02  2.6e-04  6.2e-02  1.2e+00  1.9e-01  1.5e-03  1.9e-01
  41  T 0   1.667e+08  -1e-05  0.95  8.9e-02  2.4e-04  7.4e-02  1.4e+00  2.0e-01  1.9e-03  2.0e-01
  42  F 0   1.667e+08  -1e-05  0.95  6.2e-02  2.4e-04  0.0e+00  0.0e+00  1.9e-01  2.3e-03  1.9e-01
  42  F 1   1.667e+08  -1e-05  0.95  4.4e-02  2.4e-04  0.0e+00  0.0e+00  1.9e-01  1.8e-03  1.9e-01
  42  T 2   1.664e+08   2e-06  0.94  5.2e-02  1.6e-04  4.4e-02  9.1e-01  1.9e-01  1.9e-03  2.0e-01
  43  T 0   1.658e+08   5e-06  0.95  6.3e-02  1.7e-04  5.2e-02  1.0e+00  1.9e-01  2.0e-03  1.9e-01
  44  T 0   1.656e+08   4e-06  0.96  7.5e-02  1.6e-04  6.3e-02  1.1e+00  1.9e-01  1.7e-03  1.9e-01
  45  F 0   1.656e+08   4e-06  0.96  5.3e-02  1.6e-04  0.0e+00  0.0e+00  1.9e-01  1.7e-03  1.9e-01
  45  T 1   1.654e+08   1e-05  0.95  6.3e-02  1.7e-04  5.3e-02  9.8e-01  1.9e-01  1.8e-03  1.9e-01
  46  F 0   1.654e+08   1e-05  0.95  4.4e-02  1.7e-04  0.0e+00  0.0e+00  1.9e-01  1.8e-03  1.9e-01
  46  T 1   1.653e+08  -3e-07  0.95  5.3e-02  1.3e-04  4.4e-02  8.2e-01  1.8e-01  2.9e-03  1.9e-01
  47  T 0   1.650e+08  -3e-05  0.96  6.4e-02  1.4e-04  5.3e-02  9.4e-01  1.9e-01  1.9e-03  1.9e-01
  48  T 0   1.648e+08   3e-06  0.96  7.6e-02  1.1e-04  6.4e-02  1.1e+00  1.9e-01  2.5e-03  1.9e-01
  49  T 0   1.645e+08  -2e-05  0.96  9.2e-02  1.3e-04  7.6e-02  1.3e+00  1.9e-01  2.1e-03  1.9e-01
  50  F 0   1.645e+08  -2e-05  0.96  6.4e-02  1.3e-04  0.0e+00  0.0e+00  1.9e-01  1.9e-03  1.9e-01
  50  F 1   1.645e+08  -2e-05  0.96  4.5e-02  1.3e-04  0.0e+00  0.0e+00  1.9e-01  1.3e-03  1.9e-01
  50  T 2   1.644e+08  -9e-06  0.96  5.4e-02  1.0e-04  4.5e-02  7.9e-01  1.9e-01  1.3e-03  1.9e-01
  51  T 0   1.640e+08   2e-06  0.96  6.5e-02  7.0e-05  5.4e-02  9.3e-01  1.8e-01  2.4e-03  1.9e-01
  52  T 0   1.638e+08  -3e-06  0.96  7.8e-02  6.6e-05  6.5e-02  1.1e+00  2.1e-01  1.8e-03  2.1e-01
  53  F 0   1.638e+08  -3e-06  0.96  5.4e-02  6.6e-05  0.0e+00  0.0e+00  2.2e-01  2.5e-03  2.2e-01
  53  T 1   1.638e+08   8e-07  0.96  6.5e-02  1.1e-04  5.4e-02  9.1e-01  1.9e-01  1.7e-03  1.9e-01
  54  T 0   1.637e+08   3e-06  0.96  7.8e-02  1.3e-04  6.5e-02  1.1e+00  1.9e-01  2.1e-03  1.9e-01
  55  F 0   1.637e+08   3e-06  0.96  5.5e-02  1.3e-04  0.0e+00  0.0e+00  1.9e-01  2.4e-03  2.0e-01
  55  T 1   1.637e+08  -5e-06  0.96  6.6e-02  1.3e-04  5.5e-02  9.8e-01  2.0e-01  1.5e-03  2.0e-01
  56  F 0   1.637e+08  -5e-06  0.96  4.6e-02  1.3e-04  0.0e+00  0.0e+00  1.9e-01  2.4e-03  2.0e-01
  56  T 1   1.635e+08   1e-05  0.96  5.5e-02  1.1e-04  4.6e-02  8.3e-01  2.1e-01  1.7e-03  2.1e-01
  57  F 0   1.635e+08   1e-05  0.96  3.9e-02  1.1e-04  0.0e+00  0.0e+00  2.7e-01  1.9e-03  2.8e-01
  57  T 1   1.634e+08   4e-06  0.96  4.6e-02  1.0e-04  3.9e-02  6.6e-01  2.5e-01  1.5e-03  2.5e-01
  58  T 0   1.632e+08   1e-05  0.96  5.6e-02  6.5e-05  4.6e-02  7.7e-01  2.0e-01  2.0e-03  2.1e-01
  59  T 0   1.630e+08   2e-06  0.97  6.7e-02  4.6e-05  5.6e-02  8.8e-01  2.2e-01  2.4e-03  2.2e-01
  60  T 0   1.627e+08   8e-06  0.97  8.0e-02  7.3e-05  6.7e-02  1.0e+00  2.2e-01  2.5e-03  2.2e-01
  61  T 0   1.627e+08  -1e-05  0.97  9.6e-02  1.1e-04  8.0e-02  1.2e+00  2.6e-01  3.2e-03  2.6e-01
  62  F 0   1.627e+08  -1e-05  0.97  6.7e-02  1.1e-04  0.0e+00  0.0e+00  2.6e-01  2.6e-03  2.6e-01
  62  T 1   1.626e+08  -2e-05  0.96  8.1e-02  1.2e-04  6.7e-02  1.1e+00  2.6e-01  2.8e-03  2.6e-01
  63  F 0   1.626e+08  -2e-05  0.96  5.7e-02  1.2e-04  0.0e+00  0.0e+00  2.4e-01  2.6e-03  2.5e-01
  63  F 1   1.626e+08  -2e-05  0.96  4.0e-02  1.2e-04  0.0e+00  0.0e+00  2.5e-01  2.1e-03  2.5e-01
  63  T 2   1.625e+08   1e-05  0.96  4.8e-02  1.2e-04  4.0e-02  6.9e-01  2.6e-01  2.2e-03  2.6e-01
  64  T 0   1.623e+08   3e-06  0.97  5.7e-02  7.3e-05  4.8e-02  7.8e-01  2.6e-01  3.7e-03  2.6e-01
  65  T 0   1.621e+08   2e-06  0.97  6.8e-02  5.7e-05  5.7e-02  8.6e-01  2.4e-01  2.9e-03  2.5e-01
  66  T 0   1.621e+08   3e-05  0.97  8.2e-02  1.1e-04  6.8e-02  1.0e+00  2.5e-01  2.9e-03  2.6e-01
  67  F 0   1.621e+08   3e-05  0.97  5.7e-02  1.1e-04  0.0e+00  0.0e+00  2.5e-01  2.3e-03  2.5e-01
  67  T 1   1.621e+08   8e-06  0.97  6.9e-02  1.2e-04  5.7e-02  9.1e-01  2.5e-01  2.0e-03  2.5e-01
  68  F 0   1.621e+08   8e-06  0.97  4.8e-02  1.2e-04  0.0e+00  0.0e+00  2.4e-01  2.5e-03  2.4e-01
  68  T 1   1.620e+08  -1e-05  0.96  5.8e-02  1.0e-04  4.8e-02  7.8e-01  2.4e-01  2.2e-03  2.4e-01
  69  T 0   1.620e+08   5e-06  0.97  7.0e-02  1.1e-04  5.8e-02  8.9e-01  2.4e-01  3.8e-03  2.4e-01
  70  F 0   1.620e+08   5e-06  0.97  4.9e-02  1.1e-04  0.0e+00  0.0e+00  2.4e-01  2.7e-03  2.5e-01
  70  T 1   1.619e+08   3e-06  0.97  5.8e-02  1.0e-04  4.9e-02  7.6e-01  2.4e-01  2.7e-03  2.4e-01
  71  T 0   1.618e+08   5e-06  0.97  7.0e-02  9.3e-05  5.8e-02  8.8e-01  3.0e-01  2.7e-03  3.0e-01
  72  F 0   1.618e+08   5e-06  0.97  4.9e-02  9.3e-05  0.0e+00  0.0e+00  2.5e-01  2.4e-03  2.5e-01
  72  T 1   1.617e+08  -3e-06  0.97  5.9e-02  8.1e-05  4.9e-02  7.3e-01  2.6e-01  2.7e-03  2.6e-01
  73  T 0   1.616e+08   2e-05  0.97  7.1e-02  9.3e-05  5.9e-02  8.7e-01  2.5e-01  2.7e-03  2.6e-01
  74  F 0   1.616e+08   2e-05  0.97  4.9e-02  9.3e-05  0.0e+00  0.0e+00  2.4e-01  2.4e-03  2.4e-01
  74  T 1   1.615e+08   6e-05  0.97  5.9e-02  8.4e-05  4.9e-02  7.4e-01  2.4e-01  2.4e-03  2.4e-01
  75  T 0   1.615e+08   8e-06  0.97  7.1e-02  9.1e-05  5.9e-02  8.6e-01  2.5e-01  2.7e-03  2.6e-01
  76  F 0   1.615e+08   8e-06  0.97  5.0e-02  9.1e-05  0.0e+00  0.0e+00  2.6e-01  2.6e-03  2.7e-01
  76  T 1   1.614e+08   8e-06  0.97  6.0e-02  7.4e-05  5.0e-02  7.3e-01  2.7e-01  2.1e-03  2.7e-01
  77  T 0   1.613e+08  -6e-07  0.98  7.2e-02  7.5e-05  6.0e-02  8.5e-01  2.7e-01  3.8e-03  2.7e-01
  78  F 0   1.613e+08  -6e-07  0.98  5.0e-02  7.5e-05  0.0e+00  0.0e+00  3.0e-01  3.0e-03  3.0e-01
  78  T 1   1.613e+08  -6e-06  0.97  6.0e-02  7.1e-05  5.0e-02  7.2e-01  2.7e-01  3.2e-03  2.8e-01
  79  F 0   1.613e+08  -6e-06  0.97  4.2e-02  7.1e-05  0.0e+00  0.0e+00  2.8e-01  3.7e-03  2.8e-01
  79  T 1   1.612e+08   8e-06  0.97  5.1e-02  7.0e-05  4.2e-02  6.0e-01  2.8e-01  2.8e-03  2.8e-01
  80  T 0   1.612e+08  -5e-06  0.97  6.1e-02  8.8e-05  5.1e-02  7.2e-01  2.7e-01  2.7e-03  2.7e-01
  81  F 0   1.612e+08  -5e-06  0.97  4.3e-02  8.8e-05  0.0e+00  0.0e+00  2.7e-01  3.1e-03  2.7e-01
  81  T 1   1.611e+08   2e-06  0.97  5.1e-02  7.4e-05  4.3e-02  6.2e-01  2.8e-01  2.2e-03  2.8e-01
  82  F 0   1.611e+08   2e-06  0.97  3.6e-02  7.4e-05  0.0e+00  0.0e+00  2.8e-01  2.4e-03  2.9e-01
  82  T 1   1.611e+08  -4e-06  0.97  4.3e-02  7.0e-05  3.6e-02  5.1e-01  2.8e-01  2.5e-03  2.8e-01
  83  T 0   1.610e+08  -2e-05  0.97  5.1e-02  5.0e-05  4.3e-02  6.1e-01  2.7e-01  2.7e-03  2.7e-01
  84  T 0   1.609e+08  -8e-06  0.97  6.2e-02  3.4e-05  5.1e-02  7.1e-01  2.7e-01  2.7e-03  2.7e-01
  85  T 0   1.608e+08   1e-05  0.98  7.4e-02  6.8e-05  6.2e-02  8.3e-01  2.7e-01  1.9e-03  2.7e-01
  86  F 0   1.608e+08   1e-05  0.98  5.2e-02  6.8e-05  0.0e+00  0.0e+00  2.7e-01  3.2e-03  2.8e-01
  86  T 1   1.607e+08  -5e-06  0.97  6.2e-02  6.9e-05  5.2e-02  7.1e-01  2.8e-01  2.1e-03  2.8e-01
  87  F 0   1.607e+08  -5e-06  0.97  4.4e-02  6.9e-05  0.0e+00  0.0e+00  2.8e-01  3.0e-03  2.8e-01
  87  T 1   1.607e+08   5e-06  0.97  5.2e-02  7.3e-05  4.4e-02  6.3e-01  2.7e-01  3.0e-03  2.7e-01
  88  F 0   1.607e+08   5e-06  0.97  3.7e-02  7.3e-05  0.0e+00  0.0e+00  2.7e-01  2.7e-03  2.7e-01
  88  T 1   1.607e+08   3e-07  0.97  4.4e-02  6.4e-05  3.7e-02  5.4e-01  2.7e-01  2.8e-03  2.7e-01
  89  F 0   1.607e+08   3e-07  0.97  3.1e-02  6.4e-05  0.0e+00  0.0e+00  2.7e-01  3.0e-03  2.7e-01
  89  T 1   1.606e+08  -7e-06  0.97  3.7e-02  5.9e-05  3.1e-02  4.5e-01  2.6e-01  2.4e-03  2.7e-01
  90  T 0   1.605e+08  -2e-05  0.98  4.4e-02  4.4e-05  3.7e-02  5.3e-01  2.6e-01  3.5e-03  2.7e-01
  91  F 0   1.605e+08  -2e-05  0.98  3.1e-02  4.4e-05  0.0e+00  0.0e+00  2.6e-01  3.6e-03  2.7e-01
  91  T 1   1.605e+08   6e-06  0.97  3.7e-02  5.4e-05  3.1e-02  4.4e-01  2.7e-01  2.4e-03  2.7e-01
  92  T 0   1.605e+08  -2e-07  0.97  4.5e-02  5.0e-05  3.7e-02  5.2e-01  2.8e-01  3.4e-03  2.8e-01
  93  F 0   1.605e+08  -2e-07  0.97  3.1e-02  5.0e-05  0.0e+00  0.0e+00  2.7e-01  3.3e-03  2.7e-01
  93  T 1   1.605e+08  -5e-06  0.97  3.7e-02  5.4e-05  3.1e-02  4.5e-01  2.7e-01  2.7e-03  2.7e-01
  94  T 0   1.604e+08  -1e-06  0.97  4.5e-02  6.3e-05  3.7e-02  5.3e-01  2.7e-01  3.5e-03  2.7e-01
  95  F 0   1.604e+08  -1e-06  0.97  3.1e-02  6.3e-05  0.0e+00  0.0e+00  2.7e-01  3.0e-03  2.7e-01
  95  T 1   1.604e+08  -4e-06  0.97  3.8e-02  5.0e-05  3.1e-02  4.6e-01  2.7e-01  2.4e-03  2.7e-01
  96  T 0   1.603e+08  -2e-06  0.97  4.5e-02  4.7e-05  3.8e-02  5.4e-01  2.9e-01  2.2e-03  2.9e-01
  97  F 0   1.603e+08  -2e-06  0.97  3.2e-02  4.7e-05  0.0e+00  0.0e+00  2.7e-01  2.7e-03  2.8e-01
  97  T 1   1.603e+08   9e-06  0.97  3.8e-02  5.1e-05  3.2e-02  4.6e-01  2.8e-01  2.1e-03  2.8e-01
  98  T 0   1.603e+08  -8e-06  0.97  4.6e-02  6.7e-05  3.8e-02  5.4e-01  2.7e-01  3.0e-03  2.8e-01
  99  T 0   1.603e+08   3e-06  0.97  5.5e-02  7.2e-05  4.6e-02  6.6e-01  2.8e-01  2.8e-03  2.8e-01
 100  F 0   1.603e+08   3e-06  0.97  3.8e-02  7.2e-05  0.0e+00  0.0e+00  2.7e-01  3.3e-03  2.8e-01
 100  T 1   1.603e+08  -1e-06  0.97  4.6e-02  7.9e-05  3.8e-02  5.7e-01  2.7e-01  2.7e-03  2.7e-01
 101  F 0   1.603e+08  -1e-06  0.97  3.2e-02  7.9e-05  0.0e+00  0.0e+00  2.7e-01  3.3e-03  2.7e-01
 101  T 1   1.602e+08   3e-06  0.97  3.9e-02  5.5e-05  3.2e-02  4.8e-01  2.7e-01  2.4e-03  2.7e-01
 102  T 0   1.602e+08  -1e-05  0.98  4.6e-02  5.4e-05  3.9e-02  5.5e-01  2.7e-01  2.7e-03  2.7e-01
 103  F 0   1.602e+08  -1e-05  0.98  3.3e-02  5.4e-05  0.0e+00  0.0e+00  2.7e-01  2.4e-03  2.7e-01
 103  T 1   1.602e+08  -3e-05  0.97  3.9e-02  5.0e-05  3.3e-02  4.6e-01  2.8e-01  2.5e-03  2.8e-01
 104  T 0   1.602e+08   2e-06  0.98  4.7e-02  6.0e-05  3.9e-02  5.4e-01  2.8e-01  3.1e-03  2.8e-01
 105  F 0   1.602e+08   2e-06  0.98  3.3e-02  6.0e-05  0.0e+00  0.0e+00  2.8e-01  2.4e-03  2.8e-01
 105  T 1   1.601e+08  -6e-06  0.97  3.9e-02  5.3e-05  3.3e-02  4.6e-01  2.7e-01  2.4e-03  2.8e-01
 106  T 0   1.601e+08  -3e-05  0.98  4.7e-02  5.2e-05  3.9e-02  5.4e-01  2.7e-01  2.8e-03  2.7e-01
 107  F 0   1.601e+08  -3e-05  0.98  3.3e-02  5.2e-05  0.0e+00  0.0e+00  2.8e-01  2.4e-03  2.8e-01
 107  T 1   1.601e+08   1e-05  0.97  4.0e-02  5.2e-05  3.3e-02  4.6e-01  2.7e-01  2.4e-03  2.8e-01
 108  F 0   1.601e+08   1e-05  0.97  2.8e-02  5.2e-05  0.0e+00  0.0e+00  2.8e-01  3.4e-03  2.9e-01
 108  T 1   1.601e+08  -6e-05  0.97  3.3e-02  4.7e-05  2.8e-02  3.9e-01  2.7e-01  2.4e-03  2.8e-01
 109  T 0   1.600e+08   8e-06  0.97  4.0e-02  5.2e-05  3.3e-02  4.6e-01  2.8e-01  3.0e-03  2.8e-01
 110  F 0   1.600e+08   8e-06  0.97  2.8e-02  5.2e-05  0.0e+00  0.0e+00  2.7e-01  3.2e-03  2.8e-01
 110  T 1   1.600e+08   1e-05  0.97  3.4e-02  4.8e-05  2.8e-02  3.9e-01  2.7e-01  3.6e-03  2.8e-01
 111  F 0   1.600e+08   1e-05  0.97  2.3e-02  4.8e-05  0.0e+00  0.0e+00  2.8e-01  2.7e-03  2.8e-01
 111  T 1   1.600e+08   1e-05  0.97  2.8e-02  4.1e-05  2.3e-02  3.3e-01  2.8e-01  3.0e-03  2.9e-01
 112  T 0   1.600e+08   7e-06  0.97  3.4e-02  2.9e-05  2.8e-02  3.9e-01  2.7e-01  2.7e-03  2.8e-01
 113  T 0   1.599e+08  -2e-05  0.98  4.1e-02  5.5e-05  3.4e-02  4.5e-01  2.8e-01  3.0e-03  2.8e-01
 114  F 0   1.599e+08  -2e-05  0.98  2.8e-02  5.5e-05  0.0e+00  0.0e+00  2.7e-01  3.2e-03  2.8e-01
 114  T 1   1.599e+08   8e-06  0.97  3.4e-02  4.8e-05  2.8e-02  3.9e-01  2.7e-01  2.4e-03  2.7e-01
 115  F 0   1.599e+08   8e-06  0.97  2.4e-02  4.8e-05  0.0e+00  0.0e+00  2.8e-01  2.5e-03  2.9e-01
 115  T 1   1.599e+08   1e-06  0.97  2.9e-02  4.6e-05  2.4e-02  3.3e-01  2.7e-01  3.4e-03  2.8e-01
 116  T 0   1.599e+08  -1e-05  0.97  3.4e-02  4.2e-05  2.9e-02  3.9e-01  2.7e-01  2.4e-03  2.7e-01
 117  T 0   1.599e+08  -1e-05  0.98  4.1e-02  6.2e-05  3.4e-02  4.7e-01  2.8e-01  2.7e-03  2.8e-01
 118  F 0   1.599e+08  -1e-05  0.98  2.9e-02  6.2e-05  0.0e+00  0.0e+00  2.8e-01  2.8e-03  2.8e-01
 118  T 1   1.599e+08   4e-06  0.97  3.5e-02  4.6e-05  2.9e-02  4.0e-01  2.7e-01  2.4e-03  2.8e-01
 119  T 0   1.598e+08   2e-05  0.98  4.2e-02  6.1e-05  3.5e-02  4.7e-01  2.9e-01  2.8e-03  3.0e-01
 120  F 0   1.598e+08   2e-05  0.98  2.9e-02  6.1e-05  0.0e+00  0.0e+00  2.8e-01  3.8e-03  2.8e-01
 120  T 1   1.598e+08  -1e-06  0.97  3.5e-02  4.9e-05  2.9e-02  4.1e-01  2.7e-01  3.5e-03  2.7e-01
 121  F 0   1.598e+08  -1e-06  0.97  2.4e-02  4.9e-05  0.0e+00  0.0e+00  2.7e-01  2.4e-03  2.7e-01
 121  T 1   1.598e+08   9e-06  0.97  2.9e-02  4.9e-05  2.4e-02  3.4e-01  2.7e-01  2.1e-03  2.7e-01
 122  T 0   1.598e+08  -2e-06  0.97  3.5e-02  3.5e-05  2.9e-02  4.0e-01  2.8e-01  2.9e-03  2.8e-01
 123  F 0   1.598e+08  -2e-06  0.97  2.5e-02  3.5e-05  0.0e+00  0.0e+00  2.7e-01  3.5e-03  2.7e-01
 123  T 1   1.598e+08   1e-05  0.97  3.0e-02  4.5e-05  2.5e-02  3.3e-01  2.7e-01  3.2e-03  2.7e-01
 124  T 0   1.598e+08  -3e-05  0.98  3.5e-02  4.8e-05  3.0e-02  4.0e-01  2.6e-01  2.4e-03  2.7e-01
 125  F 0   1.598e+08  -3e-05  0.98  2.5e-02  4.8e-05  0.0e+00  0.0e+00  2.6e-01  3.0e-03  2.7e-01
 125  T 1   1.597e+08   2e-05  0.97  3.0e-02  4.0e-05  2.5e-02  3.4e-01  2.8e-01  2.7e-03  2.8e-01
 126  T 0   1.597e+08  -8e-06  0.98  3.6e-02  3.4e-05  3.0e-02  4.1e-01  2.7e-01  3.0e-03  2.7e-01
 127  F 0   1.597e+08  -8e-06  0.98  2.5e-02  3.4e-05  0.0e+00  0.0e+00  2.7e-01  2.7e-03  2.7e-01
 127  T 1   1.597e+08   7e-07  0.97  3.0e-02  4.1e-05  2.5e-02  3.4e-01  2.7e-01  3.0e-03  2.8e-01
 128  F 0   1.597e+08   7e-07  0.97  2.1e-02  4.1e-05  0.0e+00  0.0e+00  2.7e-01  3.2e-03  2.8e-01
 128  T 1   1.597e+08  -7e-06  0.97  2.5e-02  3.7e-05  2.1e-02  2.9e-01  2.7e-01  1.8e-03  2.7e-01
 129  T 0   1.597e+08  -9e-06  0.98  3.0e-02  4.9e-05  2.5e-02  3.4e-01  2.6e-01  3.3e-03  2.7e-01
 130  T 0   1.597e+08   6e-06  0.97  3.6e-02  5.3e-05  3.0e-02  4.1e-01  2.7e-01  2.1e-03  2.8e-01
 131  F 0   1.597e+08   6e-06  0.97  2.5e-02  5.3e-05  0.0e+00  0.0e+00  2.9e-01  2.7e-03  2.9e-01
 131  T 1   1.597e+08   9e-06  0.97  3.1e-02  4.3e-05  2.5e-02  3.6e-01  2.7e-01  2.3e-03  2.8e-01
 132  T 0   1.596e+08  -5e-06  0.98  3.7e-02  4.8e-05  3.1e-02  4.2e-01  2.8e-01  2.4e-03  2.8e-01
 133  F 0   1.596e+08  -5e-06  0.98  2.6e-02  4.8e-05  0.0e+00  0.0e+00  2.8e-01  3.5e-03  2.8e-01
 133  T 1   1.596e+08   2e-05  0.97  3.1e-02  4.0e-05  2.6e-02  3.5e-01  2.8e-01  3.0e-03  2.8e-01
 134  T 0   1.596e+08   3e-06  0.98  3.7e-02  5.1e-05  3.1e-02  4.2e-01  2.7e-01  2.7e-03  2.7e-01
 135  T 0   1.596e+08  -2e-06  0.97  4.4e-02  6.2e-05  3.7e-02  5.0e-01  2.6e-01  3.5e-03  2.7e-01
 136  F 0   1.596e+08  -2e-06  0.97  3.1e-02  6.2e-05  0.0e+00  0.0e+00  2.7e-01  4.4e-03  2.8e-01
 136  T 1   1.596e+08  -9e-06  0.97  3.7e-02  5.8e-05  3.1e-02  4.4e-01  2.7e-01  2.7e-03  2.7e-01
 137  F 0   1.596e+08  -9e-06  0.97  2.6e-02  5.8e-05  0.0e+00  0.0e+00  2.7e-01  2.7e-03  2.7e-01
 137  T 1   1.596e+08   2e-05  0.97  3.1e-02  5.1e-05  2.6e-02  3.7e-01  2.7e-01  2.1e-03  2.7e-01
 138  T 0   1.595e+08  -6e-07  0.98  3.8e-02  5.6e-05  3.1e-02  4.3e-01  2.7e-01  3.0e-03  2.7e-01
 139  F 0   1.595e+08  -6e-07  0.98  2.6e-02  5.6e-05  0.0e+00  0.0e+00  2.7e-01  2.9e-03  2.7e-01
 139  T 1   1.595e+08  -2e-06  0.97  3.2e-02  4.5e-05  2.6e-02  3.6e-01  2.9e-01  2.1e-03  2.9e-01
 140  T 0   1.595e+08  -6e-06  0.98  3.8e-02  2.5e-05  3.2e-02  4.2e-01  2.7e-01  3.0e-03  2.8e-01
 141  F 0   1.595e+08  -6e-06  0.98  2.6e-02  2.5e-05  0.0e+00  0.0e+00  2.6e-01  2.4e-03  2.7e-01
 141  T 1   1.595e+08   1e-05  0.97  3.2e-02  4.8e-05  2.6e-02  3.6e-01  2.6e-01  2.7e-03  2.7e-01
 142  T 0   1.595e+08  -8e-06  0.98  3.8e-02  5.2e-05  3.2e-02  4.3e-01  2.6e-01  3.2e-03  2.7e-01
 143  F 0   1.595e+08  -8e-06  0.98  2.7e-02  5.2e-05  0.0e+00  0.0e+00  2.8e-01  2.7e-03  2.8e-01
 143  T 1   1.594e+08  -3e-05  0.97  3.2e-02  4.3e-05  2.7e-02  3.7e-01  2.8e-01  2.4e-03  2.8e-01
 144  T 0   1.594e+08  -8e-08  0.98  3.8e-02  5.0e-05  3.2e-02  4.3e-01  2.8e-01  3.2e-03  2.8e-01
 145  F 0   1.594e+08  -8e-08  0.98  2.7e-02  5.0e-05  0.0e+00  0.0e+00  2.7e-01  2.9e-03  2.7e-01
 145  T 1   1.594e+08  -3e-07  0.98  3.2e-02  3.9e-05  2.7e-02  3.6e-01  2.6e-01  2.3e-03  2.7e-01
 146  T 0   1.594e+08  -1e-05  0.98  3.9e-02  5.3e-05  3.2e-02  4.2e-01  2.7e-01  2.7e-03  2.7e-01
 147  F 0   1.594e+08  -1e-05  0.98  2.7e-02  5.3e-05  0.0e+00  0.0e+00  2.8e-01  2.8e-03  2.9e-01
 147  T 1   1.594e+08  -6e-06  0.98  3.3e-02  3.7e-05  2.7e-02  3.6e-01  2.8e-01  3.0e-03  2.8e-01
 148  F 0   1.594e+08  -6e-06  0.98  2.3e-02  3.7e-05  0.0e+00  0.0e+00  2.7e-01  2.3e-03  2.8e-01
 148  T 1   1.594e+08  -3e-06  0.98  2.7e-02  4.1e-05  2.3e-02  3.1e-01  2.7e-01  2.1e-03  2.7e-01
 149  T 0   1.594e+08   8e-06  0.98  3.3e-02  4.8e-05  2.7e-02  3.6e-01  2.7e-01  3.0e-03  2.7e-01
 150  F 0   1.594e+08   8e-06  0.98  2.3e-02  4.8e-05  0.0e+00  0.0e+00  2.7e-01  3.8e-03  2.7e-01
 150  T 1   1.593e+08   1e-05  0.97  2.8e-02  3.9e-05  2.3e-02  3.1e-01  2.7e-01  2.4e-03  2.8e-01
 151  F 0   1.593e+08   1e-05  0.97  1.9e-02  3.9e-05  0.0e+00  0.0e+00  2.7e-01  2.4e-03  2.7e-01
 151  T 1   1.593e+08   5e-06  0.98  2.3e-02  3.9e-05  1.9e-02  2.6e-01  2.8e-01  2.4e-03  2.8e-01
 152  T 0   1.593e+08   7e-05  0.98  2.8e-02  2.4e-05  2.3e-02  3.0e-01  2.7e-01  2.7e-03  2.7e-01
 153  T 0   1.593e+08  -2e-06  0.98  3.3e-02  4.0e-05  2.8e-02  3.6e-01  2.6e-01  2.7e-03  2.7e-01
 154  F 0   1.593e+08  -2e-06  0.98  2.3e-02  4.0e-05  0.0e+00  0.0e+00  2.7e-01  3.2e-03  2.7e-01
 154  T 1   1.593e+08   8e-06  0.98  2.8e-02  3.5e-05  2.3e-02  3.0e-01  2.7e-01  2.4e-03  2.7e-01
 155  F 0   1.593e+08   8e-06  0.98  2.0e-02  3.5e-05  0.0e+00  0.0e+00  2.7e-01  2.6e-03  2.7e-01
 155  T 1   1.593e+08  -5e-06  0.98  2.4e-02  3.4e-05  2.0e-02  2.6e-01  2.6e-01  1.9e-03  2.7e-01
 156  T 0   1.593e+08   2e-06  0.98  2.8e-02  2.9e-05  2.4e-02  3.1e-01  2.7e-01  3.0e-03  2.7e-01
 157  F 0   1.593e+08   2e-06  0.98  2.0e-02  2.9e-05  0.0e+00  0.0e+00  2.6e-01  2.8e-03  2.7e-01
 157  T 1   1.592e+08  -7e-06  0.98  2.4e-02  3.4e-05  2.0e-02  2.6e-01  2.7e-01  2.1e-03  2.7e-01
 158  T 0   1.592e+08  -2e-05  0.98  2.8e-02  4.0e-05  2.4e-02  3.1e-01  2.7e-01  2.4e-03  2.7e-01
 159  T 0   1.592e+08   4e-06  0.98  3.4e-02  4.7e-05  2.8e-02  3.7e-01  2.7e-01  2.7e-03  2.7e-01
 160  F 0   1.592e+08   4e-06  0.98  2.4e-02  4.7e-05  0.0e+00  0.0e+00  2.9e-01  2.7e-03  3.0e-01
 160  T 1   1.592e+08   2e-06  0.97  2.9e-02  3.9e-05  2.4e-02  3.3e-01  2.7e-01  2.7e-03  2.7e-01
 161  F 0   1.592e+08   2e-06  0.97  2.0e-02  3.9e-05  0.0e+00  0.0e+00  2.7e-01  2.8e-03  2.8e-01
 161  T 1   1.592e+08   2e-06  0.97  2.4e-02  3.7e-05  2.0e-02  2.7e-01  2.6e-01  3.2e-03  2.7e-01
 162  F 0   1.592e+08   2e-06  0.97  1.7e-02  3.7e-05  0.0e+00  0.0e+00  2.7e-01  2.1e-03  2.7e-01
 162  T 1   1.592e+08  -8e-06  0.98  2.0e-02  3.1e-05  1.7e-02  2.3e-01  2.6e-01  2.3e-03  2.7e-01
 163  T 0   1.592e+08  -5e-07  0.98  2.4e-02  2.7e-05  2.0e-02  2.7e-01  2.6e-01  2.8e-03  2.6e-01
 164  T 0   1.592e+08   6e-06  0.98  2.9e-02  2.9e-05  2.4e-02  3.2e-01  2.8e-01  2.4e-03  2.8e-01
 165  F 0   1.592e+08   6e-06  0.98  2.0e-02  2.9e-05  0.0e+00  0.0e+00  2.7e-01  3.2e-03  2.7e-01
 165  T 1   1.592e+08  -1e-05  0.98  2.4e-02  2.9e-05  2.0e-02  2.7e-01  2.7e-01  2.6e-03  2.7e-01
 166  F 0   1.592e+08  -1e-05  0.98  1.7e-02  2.9e-05  0.0e+00  0.0e+00  2.6e-01  3.0e-03  2.6e-01
 166  T 1   1.592e+08  -7e-06  0.98  2.1e-02  2.9e-05  1.7e-02  2.3e-01  2.7e-01  2.1e-03  2.7e-01
 167  T 0   1.592e+08  -1e-05  0.98  2.5e-02  3.5e-05  2.1e-02  2.7e-01  2.6e-01  3.3e-03  2.7e-01
 168  F 0   1.592e+08  -1e-05  0.98  1.7e-02  3.5e-05  0.0e+00  0.0e+00  2.7e-01  3.1e-03  2.7e-01
 168  T 1   1.591e+08   6e-06  0.98  2.1e-02  3.0e-05  1.7e-02  2.3e-01  2.7e-01  1.8e-03  2.7e-01
 169  T 0   1.591e+08   4e-06  0.98  2.5e-02  4.0e-05  2.1e-02  2.7e-01  2.7e-01  2.9e-03  2.7e-01
 170  T 0   1.591e+08   1e-05  0.98  3.0e-02  4.6e-05  2.5e-02  3.2e-01  2.7e-01  2.7e-03  2.7e-01
 171  F 0   1.591e+08   1e-05  0.98  2.1e-02  4.6e-05  0.0e+00  0.0e+00  3.4e-01  2.7e-03  3.4e-01
 171  T 1   1.591e+08  -8e-06  0.98  2.5e-02  3.4e-05  2.1e-02  2.8e-01  3.2e-01  2.7e-03  3.2e-01
 172  T 0   1.591e+08   2e-06  0.98  3.0e-02  3.4e-05  2.5e-02  3.3e-01  2.7e-01  2.7e-03  2.7e-01
 173  F 0   1.591e+08   2e-06  0.98  2.1e-02  3.4e-05  0.0e+00  0.0e+00  2.7e-01  3.0e-03  2.8e-01
 173  T 1   1.591e+08  -8e-06  0.98  2.5e-02  3.2e-05  2.1e-02  2.7e-01  2.7e-01  2.4e-03  2.7e-01
 174  F 0   1.591e+08  -8e-06  0.98  1.8e-02  3.2e-05  0.0e+00  0.0e+00  2.7e-01  2.7e-03  2.7e-01
 174  T 1   1.591e+08  -8e-06  0.98  2.1e-02  3.2e-05  1.8e-02  2.3e-01  2.7e-01  2.7e-03  2.7e-01
 175  T 0   1.591e+08   4e-06  0.98  2.5e-02  3.9e-05  2.1e-02  2.7e-01  2.8e-01  2.9e-03  2.8e-01
 176  F 0   1.591e+08   4e-06  0.98  1.8e-02  3.9e-05  0.0e+00  0.0e+00  2.7e-01  3.5e-03  2.7e-01
 176  T 1   1.591e+08  -1e-06  0.98  2.1e-02  3.2e-05  1.8e-02  2.3e-01  2.6e-01  3.3e-03  2.7e-01
 177  F 0   1.591e+08  -1e-06  0.98  1.5e-02  3.2e-05  0.0e+00  0.0e+00  3.1e-01  3.3e-03  3.1e-01
 177  T 1   1.591e+08  -1e-05  0.98  1.8e-02  3.1e-05  1.5e-02  2.0e-01  2.7e-01  2.4e-03  2.7e-01
 178  T 0   1.591e+08   9e-06  0.98  2.2e-02  2.0e-05  1.8e-02  2.3e-01  2.7e-01  2.4e-03  2.7e-01
 179  T 0   1.590e+08   1e-05  0.98  2.6e-02  3.1e-05  2.2e-02  2.7e-01  2.7e-01  2.7e-03  2.7e-01
 180  F 0   1.590e+08   1e-05  0.98  1.8e-02  3.1e-05  0.0e+00  0.0e+00  3.0e-01  2.9e-03  3.0e-01
 180  T 1   1.590e+08   7e-06  0.98  2.2e-02  3.0e-05  1.8e-02  2.3e-01  2.7e-01  2.1e-03  2.7e-01
 181  F 0   1.590e+08   7e-06  0.98  1.5e-02  3.0e-05  0.0e+00  0.0e+00  2.7e-01  4.0e-03  2.8e-01
 181  T 1   1.590e+08  -9e-07  0.98  1.8e-02  2.7e-05  1.5e-02  2.0e-01  2.7e-01  3.2e-03  2.7e-01
 182  T 0   1.590e+08   6e-06  0.98  2.2e-02  1.7e-05  1.8e-02  2.4e-01  2.7e-01  2.4e-03  2.7e-01
 183  F 0   1.590e+08   6e-06  0.98  1.5e-02  1.7e-05  0.0e+00  0.0e+00  2.9e-01  2.8e-03  3.0e-01
 183  T 1   1.590e+08   2e-05  0.98  1.8e-02  2.7e-05  1.5e-02  2.0e-01  3.0e-01  2.8e-03  3.0e-01
 184  T 0   1.590e+08  -8e-06  0.98  2.2e-02  2.8e-05  1.8e-02  2.3e-01  3.1e-01  2.5e-03  3.1e-01
 185  T 0   1.590e+08   3e-06  0.98  2.6e-02  3.8e-05  2.2e-02  2.9e-01  3.1e-01  3.1e-03  3.1e-01
 186  F 0   1.590e+08   3e-06  0.98  1.9e-02  3.8e-05  0.0e+00  0.0e+00  2.7e-01  2.7e-03  2.7e-01
 186  T 1   1.590e+08   1e-05  0.98  2.2e-02  2.9e-05  1.9e-02  2.4e-01  2.7e-01  2.7e-03  2.7e-01
 187  F 0   1.590e+08   1e-05  0.98  1.6e-02  2.9e-05  0.0e+00  0.0e+00  2.7e-01  2.9e-03  2.7e-01
 187  T 1   1.590e+08   2e-05  0.98  1.9e-02  3.0e-05  1.6e-02  2.0e-01  3.3e-01  2.7e-03  3.4e-01
 188  T 0   1.590e+08   3e-07  0.98  2.2e-02  3.1e-05  1.9e-02  2.4e-01  2.8e-01  3.1e-03  2.9e-01
 189  F 0   1.590e+08   3e-07  0.98  1.6e-02  3.1e-05  0.0e+00  0.0e+00  2.8e-01  2.4e-03  2.8e-01
 189  T 1   1.590e+08   4e-06  0.98  1.9e-02  2.7e-05  1.6e-02  2.0e-01  2.7e-01  2.1e-03  2.7e-01
 190  T 0   1.590e+08  -4e-06  0.98  2.3e-02  1.9e-05  1.9e-02  2.4e-01  2.7e-01  2.7e-03  2.7e-01
 191  F 0   1.590e+08  -4e-06  0.98  1.6e-02  1.9e-05  0.0e+00  0.0e+00  2.8e-01  2.4e-03  2.8e-01
 191  T 1   1.590e+08   3e-06  0.98  1.9e-02  2.7e-05  1.6e-02  2.0e-01  2.8e-01  2.4e-03  2.9e-01
 192  T 0   1.590e+08   7e-06  0.98  2.3e-02  3.1e-05  1.9e-02  2.4e-01  2.7e-01  3.9e-03  2.7e-01
 193  F 0   1.590e+08   7e-06  0.98  1.6e-02  3.1e-05  0.0e+00  0.0e+00  2.7e-01  3.3e-03  2.7e-01
 193  T 1   1.589e+08   4e-06  0.98  1.9e-02  2.4e-05  1.6e-02  2.1e-01  2.7e-01  3.0e-03  2.7e-01
 194  T 0   1.589e+08   2e-06  0.98  2.3e-02  2.8e-05  1.9e-02  2.4e-01  2.7e-01  4.5e-03  2.8e-01
 195  F 0   1.589e+08   2e-06  0.98  1.6e-02  2.8e-05  0.0e+00  0.0e+00  2.7e-01  3.1e-03  2.7e-01
 195  T 1   1.589e+08  -1e-05  0.98  1.9e-02  2.5e-05  1.6e-02  2.1e-01  2.7e-01  2.4e-03  2.7e-01
 196  T 0   1.589e+08  -4e-06  0.98  2.3e-02  3.3e-05  1.9e-02  2.4e-01  2.7e-01  3.3e-03  2.7e-01
 197  F 0   1.589e+08  -4e-06  0.98  1.6e-02  3.3e-05  0.0e+00  0.0e+00  2.8e-01  2.7e-03  2.8e-01
 197  T 1   1.589e+08  -6e-07  0.98  1.9e-02  2.5e-05  1.6e-02  2.1e-01  2.7e-01  2.4e-03  2.7e-01
 198  T 0   1.589e+08  -1e-05  0.98  2.3e-02  2.8e-05  1.9e-02  2.5e-01  2.7e-01  3.0e-03  2.7e-01
 199  T 0   1.589e+08   8e-06  0.98  2.8e-02  3.9e-05  2.3e-02  2.9e-01  2.7e-01  2.7e-03  2.7e-01
 200  F 0   1.589e+08   8e-06  0.98  2.0e-02  3.9e-05  0.0e+00  0.0e+00  3.0e-01  2.5e-03  3.0e-01
 200  T 1   1.589e+08   2e-06  0.98  2.4e-02  2.9e-05  2.0e-02  2.6e-01  2.7e-01  3.3e-03  2.7e-01
 201  F 0   1.589e+08   2e-06  0.98  1.6e-02  2.9e-05  0.0e+00  0.0e+00  2.7e-01  2.7e-03  2.7e-01
 201  T 1   1.589e+08   2e-05  0.98  2.0e-02  3.3e-05  1.6e-02  2.2e-01  2.7e-01  2.5e-03  2.7e-01
 202  T 0   1.589e+08  -5e-06  0.98  2.4e-02  3.6e-05  2.0e-02  2.5e-01  2.7e-01  2.4e-03  2.7e-01
 203  F 0   1.589e+08  -5e-06  0.98  1.7e-02  3.6e-05  0.0e+00  0.0e+00  2.6e-01  3.9e-03  2.7e-01
 203  T 1   1.589e+08  -3e-06  0.98  2.0e-02  2.8e-05  1.7e-02  2.1e-01  2.6e-01  3.5e-03  2.7e-01
 204  T 0   1.589e+08   1e-05  0.98  2.4e-02  2.8e-05  2.0e-02  2.5e-01  2.8e-01  2.4e-03  2.9e-01
 205  F 0   1.589e+08   1e-05  0.98  1.7e-02  2.8e-05  0.0e+00  0.0e+00  3.6e-01  3.0e-03  3.6e-01
 205  T 1   1.589e+08  -3e-05  0.98  2.0e-02  2.7e-05  1.7e-02  2.1e-01  2.7e-01  2.6e-03  2.7e-01
 206  T 0   1.589e+08   5e-06  0.98  2.4e-02  3.6e-05  2.0e-02  2.5e-01  2.7e-01  2.9e-03  2.7e-01
 207  T 0   1.589e+08  -4e-06  0.98  2.9e-02  4.1e-05  2.4e-02  3.1e-01  2.7e-01  2.7e-03  2.8e-01
 208  F 0   1.589e+08  -4e-06  0.98  2.0e-02  4.1e-05  0.0e+00  0.0e+00  2.7e-01  3.4e-03  2.7e-01
 208  T 1   1.589e+08   2e-06  0.98  2.4e-02  3.3e-05  2.0e-02  2.7e-01  2.7e-01  3.2e-03  2.7e-01
 209  F 0   1.589e+08   2e-06  0.98  1.7e-02  3.3e-05  0.0e+00  0.0e+00  2.7e-01  3.3e-03  2.7e-01
 209  T 1   1.589e+08  -3e-05  0.98  2.0e-02  3.3e-05  1.7e-02  2.2e-01  2.7e-01  2.7e-03  2.7e-01
 210  T 0   1.589e+08   7e-06  0.98  2.4e-02  3.7e-05  2.0e-02  2.6e-01  3.0e-01  2.7e-03  3.0e-01
 211  F 0   1.589e+08   7e-06  0.98  1.7e-02  3.7e-05  0.0e+00  0.0e+00  2.7e-01  2.2e-03  2.7e-01
 211  T 1   1.588e+08   5e-06  0.98  2.1e-02  2.8e-05  1.7e-02  2.2e-01  2.7e-01  2.1e-03  2.7e-01
 212  T 0   1.588e+08  -3e-05  0.98  2.5e-02  2.5e-05  2.1e-02  2.6e-01  2.7e-01  3.6e-03  2.7e-01
 213  F 0   1.588e+08  -3e-05  0.98  1.7e-02  2.5e-05  0.0e+00  0.0e+00  2.7e-01  2.5e-03  2.7e-01
 213  T 1   1.588e+08  -8e-07  0.98  2.1e-02  2.7e-05  1.7e-02  2.2e-01  2.7e-01  3.0e-03  2.7e-01
 214  F 0   1.588e+08  -8e-07  0.98  1.5e-02  2.7e-05  0.0e+00  0.0e+00  2.7e-01  3.0e-03  2.7e-01
 214  T 1   1.588e+08  -1e-05  0.98  1.7e-02  2.6e-05  1.5e-02  1.9e-01  2.7e-01  2.5e-03  2.7e-01
 215  T 0   1.588e+08  -3e-06  0.98  2.1e-02  3.3e-05  1.7e-02  2.2e-01  2.7e-01  3.2e-03  2.7e-01
 216  T 0   1.588e+08   6e-06  0.98  2.5e-02  3.7e-05  2.1e-02  2.6e-01  2.8e-01  3.0e-03  2.8e-01
 217  F 0   1.588e+08   6e-06  0.98  1.8e-02  3.7e-05  0.0e+00  0.0e+00  2.7e-01  3.3e-03  2.7e-01
 217  T 1   1.588e+08  -6e-06  0.98  2.1e-02  2.8e-05  1.8e-02  2.3e-01  2.7e-01  3.0e-03  2.7e-01
 218  T 0   1.588e+08  -1e-05  0.98  2.5e-02  3.1e-05  2.1e-02  2.7e-01  2.7e-01  3.1e-03  2.7e-01
 219  F 0   1.588e+08  -1e-05  0.98  1.8e-02  3.1e-05  0.0e+00  0.0e+00  2.6e-01  4.9e-03  2.7e-01
 219  T 1   1.588e+08  -9e-06  0.98  2.1e-02  2.6e-05  1.8e-02  2.2e-01  2.7e-01  2.1e-03  2.7e-01
 220  F 0   1.588e+08  -9e-06  0.98  1.5e-02  2.6e-05  0.0e+00  0.0e+00  2.7e-01  3.0e-03  2.7e-01
 220  T 1   1.588e+08   2e-06  0.98  1.8e-02  2.8e-05  1.5e-02  1.9e-01  2.7e-01  2.8e-03  2.8e-01
 221  T 0   1.588e+08  -9e-06  0.98  2.1e-02  3.4e-05  1.8e-02  2.2e-01  2.7e-01  2.4e-03  2.7e-01
 222  F 0   1.588e+08  -9e-06  0.98  1.5e-02  3.4e-05  0.0e+00  0.0e+00  2.7e-01  2.4e-03  2.7e-01
 222  T 1   1.588e+08   5e-07  0.98  1.8e-02  2.7e-05  1.5e-02  1.9e-01  2.7e-01  2.9e-03  2.8e-01
 223  T 0   1.588e+08  -4e-06  0.98  2.2e-02  2.9e-05  1.8e-02  2.2e-01  2.8e-01  2.8e-03  2.8e-01
 224  T 0   1.588e+08   9e-06  0.98  2.6e-02  3.9e-05  2.2e-02  2.7e-01  2.6e-01  2.9e-03  2.7e-01
 225  F 0   1.588e+08   9e-06  0.98  1.8e-02  3.9e-05  0.0e+00  0.0e+00  2.7e-01  3.3e-03  2.7e-01
 225  T 1   1.588e+08  -1e-06  0.98  2.2e-02  2.8e-05  1.8e-02  2.3e-01  2.6e-01  2.7e-03  2.7e-01
 226  T 0   1.587e+08  -5e-06  0.98  2.6e-02  2.3e-05  2.2e-02  2.8e-01  3.2e-01  2.8e-03  3.3e-01
 227  F 0   1.587e+08  -5e-06  0.98  1.8e-02  2.3e-05  0.0e+00  0.0e+00  2.8e-01  3.6e-03  2.8e-01
 227  T 1   1.587e+08  -7e-06  0.98  2.2e-02  2.7e-05  1.8e-02  2.3e-01  2.7e-01  2.1e-03  2.7e-01
 228  T 0   1.587e+08  -3e-06  0.98  2.6e-02  3.2e-05  2.2e-02  2.8e-01  2.7e-01  3.0e-03  2.8e-01
 229  T 0   1.587e+08  -3e-06  0.98  3.2e-02  4.5e-05  2.6e-02  3.4e-01  2.8e-01  2.5e-03  2.8e-01
 230  F 0   1.587e+08  -3e-06  0.98  2.2e-02  4.5e-05  0.0e+00  0.0e+00  2.7e-01  3.9e-03  2.7e-01
 230  T 1   1.587e+08   2e-06  0.97  2.7e-02  4.1e-05  2.2e-02  3.0e-01  2.8e-01  2.5e-03  2.8e-01
 231  F 0   1.587e+08   2e-06  0.97  1.9e-02  4.1e-05  0.0e+00  0.0e+00  2.8e-01  2.7e-03  2.8e-01
 231  T 1   1.587e+08  -1e-05  0.98  2.2e-02  3.1e-05  1.9e-02  2.5e-01  2.7e-01  2.5e-03  2.8e-01
 232  T 0   1.587e+08  -1e-05  0.98  2.7e-02  3.7e-05  2.2e-02  2.9e-01  2.7e-01  2.7e-03  2.7e-01
 233  F 0   1.587e+08  -1e-05  0.98  1.9e-02  3.7e-05  0.0e+00  0.0e+00  2.6e-01  3.3e-03  2.7e-01
 233  T 1   1.587e+08  -2e-05  0.98  2.2e-02  3.0e-05  1.9e-02  2.5e-01  2.7e-01  3.0e-03  2.7e-01
 234  F 0   1.587e+08  -2e-05  0.98  1.6e-02  3.0e-05  0.0e+00  0.0e+00  2.7e-01  2.4e-03  2.7e-01
 234  T 1   1.587e+08   2e-06  0.98  1.9e-02  2.8e-05  1.6e-02  2.0e-01  2.6e-01  2.6e-03  2.7e-01
 235  T 0   1.587e+08  -4e-06  0.98  2.3e-02  3.3e-05  1.9e-02  2.4e-01  2.8e-01  3.3e-03  2.8e-01
 236  F 0   1.587e+08  -4e-06  0.98  1.6e-02  3.3e-05  0.0e+00  0.0e+00  2.7e-01  2.7e-03  2.7e-01
 236  T 1   1.587e+08  -2e-05  0.98  1.9e-02  2.8e-05  1.6e-02  2.0e-01  2.8e-01  2.6e-03  2.8e-01
 237  T 0   1.587e+08  -3e-05  0.98  2.3e-02  3.1e-05  1.9e-02  2.4e-01  2.8e-01  2.7e-03  2.8e-01
 238  F 0   1.587e+08  -3e-05  0.98  1.6e-02  3.1e-05  0.0e+00  0.0e+00  2.8e-01  3.3e-03  2.8e-01
 238  T 1   1.587e+08   5e-06  0.98  1.9e-02  2.8e-05  1.6e-02  2.1e-01  2.8e-01  3.6e-03  2.8e-01
 239  T 0   1.587e+08   2e-05  0.98  2.3e-02  3.8e-05  1.9e-02  2.4e-01  2.8e-01  2.5e-03  2.8e-01
 240  F 0   1.587e+08   2e-05  0.98  1.6e-02  3.8e-05  0.0e+00  0.0e+00  3.0e-01  2.5e-03  3.0e-01
 240  T 1   1.587e+08  -4e-06  0.98  1.9e-02  2.7e-05  1.6e-02  2.1e-01  2.7e-01  2.4e-03  2.8e-01
 241  T 0   1.586e+08  -4e-06  0.98  2.3e-02  2.9e-05  1.9e-02  2.4e-01  2.8e-01  3.0e-03  2.8e-01
 242  F 0   1.586e+08  -4e-06  0.98  1.6e-02  2.9e-05  0.0e+00  0.0e+00  2.8e-01  2.7e-03  2.8e-01
 242  T 1   1.586e+08  -1e-06  0.98  1.9e-02  2.8e-05  1.6e-02  2.0e-01  2.7e-01  2.1e-03  2.7e-01
 243  T 0   1.586e+08   8e-06  0.98  2.3e-02  3.5e-05  1.9e-02  2.4e-01  2.7e-01  2.8e-03  2.8e-01
 244  F 0   1.586e+08   8e-06  0.98  1.6e-02  3.5e-05  0.0e+00  0.0e+00  2.7e-01  2.5e-03  2.8e-01
 244  T 1   1.586e+08  -4e-06  0.98  2.0e-02  2.7e-05  1.6e-02  2.1e-01  2.7e-01  2.2e-03  2.7e-01
 245  T 0   1.586e+08  -1e-06  0.98  2.4e-02  3.3e-05  2.0e-02  2.5e-01  3.2e-01  3.0e-03  3.2e-01
 246  F 0   1.586e+08  -1e-06  0.98  1.6e-02  3.3e-05  0.0e+00  0.0e+00  3.2e-01  3.5e-03  3.2e-01
 246  T 1   1.586e+08  -1e-05  0.98  2.0e-02  2.8e-05  1.6e-02  2.1e-01  2.7e-01  2.8e-03  2.8e-01
 247  F 0   1.586e+08  -1e-05  0.98  1.4e-02  2.8e-05  0.0e+00  0.0e+00  2.7e-01  2.4e-03  2.8e-01
 247  T 1   1.586e+08   4e-06  0.98  1.7e-02  2.8e-05  1.4e-02  1.8e-01  2.8e-01  2.4e-03  2.8e-01
 248  T 0   1.586e+08   2e-06  0.98  2.0e-02  2.4e-05  1.7e-02  2.1e-01  2.8e-01  2.4e-03  2.8e-01
 249  T 0   1.586e+08   7e-06  0.98  2.4e-02  3.7e-05  2.0e-02  2.4e-01  2.8e-01  3.2e-03  2.8e-01
 250  F 0   1.586e+08   7e-06  0.98  1.7e-02  3.7e-05  0.0e+00  0.0e+00  2.6e-01  2.7e-03  2.7e-01
 250  T 1   1.586e+08  -5e-06  0.98  2.0e-02  2.8e-05  1.7e-02  2.1e-01  2.6e-01  2.7e-03  2.6e-01
 251  T 0   1.586e+08   2e-06  0.98  2.4e-02  3.1e-05  2.0e-02  2.5e-01  2.6e-01  3.0e-03  2.7e-01
 252  F 0   1.586e+08   2e-06  0.98  1.7e-02  3.1e-05  0.0e+00  0.0e+00  2.7e-01  2.7e-03  2.8e-01
 252  T 1   1.586e+08   7e-06  0.98  2.0e-02  3.1e-05  1.7e-02  2.2e-01  2.6e-01  2.4e-03  2.6e-01
 253  F 0   1.586e+08   7e-06  0.98  1.4e-02  3.1e-05  0.0e+00  0.0e+00  2.6e-01  2.1e-03  2.7e-01
 253  T 1   1.586e+08  -1e-06  0.98  1.7e-02  2.7e-05  1.4e-02  1.8e-01  2.7e-01  2.4e-03  2.7e-01
 254  T 0   1.586e+08  -2e-06  0.98  2.0e-02  2.8e-05  1.7e-02  2.1e-01  2.8e-01  4.1e-03  2.8e-01
 255  T 0   1.586e+08   1e-05  0.98  2.5e-02  3.8e-05  2.0e-02  2.5e-01  2.7e-01  2.7e-03  2.7e-01
 256  F 0   1.586e+08   1e-05  0.98  1.7e-02  3.8e-05  0.0e+00  0.0e+00  2.9e-01  3.3e-03  2.9e-01
 256  T 1   1.586e+08   1e-06  0.98  2.1e-02  3.0e-05  1.7e-02  2.2e-01  2.8e-01  1.9e-03  2.8e-01
 257  F 0   1.586e+08   1e-06  0.98  1.4e-02  3.0e-05  0.0e+00  0.0e+00  2.7e-01  3.0e-03  2.8e-01
 257  T 1   1.586e+08   7e-06  0.98  1.7e-02  2.8e-05  1.4e-02  1.9e-01  2.9e-01  2.7e-03  2.9e-01
 258  T 0   1.586e+08   8e-06  0.98  2.1e-02  3.4e-05  1.7e-02  2.1e-01  2.6e-01  3.0e-03  2.7e-01
 259  F 0   1.586e+08   8e-06  0.98  1.5e-02  3.4e-05  0.0e+00  0.0e+00  2.7e-01  2.4e-03  2.8e-01
 259  T 1   1.585e+08  -2e-06  0.98  1.7e-02  2.4e-05  1.5e-02  1.8e-01  2.7e-01  2.1e-03  2.7e-01
 260  T 0   1.585e+08  -1e-05  0.98  2.1e-02  2.0e-05  1.7e-02  2.1e-01  2.7e-01  2.6e-03  2.7e-01
 261  T 0   1.585e+08   3e-06  0.98  2.5e-02  3.5e-05  2.1e-02  2.5e-01  2.7e-01  3.1e-03  2.8e-01
 262  F 0   1.585e+08   3e-06  0.98  1.8e-02  3.5e-05  0.0e+00  0.0e+00  2.6e-01  3.6e-03  2.7e-01
 262  T 1   1.585e+08  -2e-06  0.98  2.1e-02  2.7e-05  1.8e-02  2.2e-01  2.7e-01  2.2e-03  2.7e-01
 263  F 0   1.585e+08  -2e-06  0.98  1.5e-02  2.7e-05  0.0e+00  0.0e+00  2.6e-01  3.0e-03  2.7e-01
 263  T 1   1.585e+08   6e-06  0.98  1.8e-02  3.0e-05  1.5e-02  1.9e-01  2.7e-01  2.4e-03  2.8e-01
 264  T 0   1.585e+08  -5e-06  0.98  2.1e-02  2.7e-05  1.8e-02  2.2e-01  3.3e-01  3.1e-03  3.3e-01
 265  F 0   1.585e+08  -5e-06  0.98  1.5e-02  2.7e-05  0.0e+00  0.0e+00  3.4e-01  2.7e-03  3.4e-01
 265  T 1   1.585e+08   3e-05  0.98  1.8e-02  2.8e-05  1.5e-02  1.9e-01  2.8e-01  2.4e-03  2.8e-01
 266  T 0   1.585e+08  -6e-07  0.98  2.1e-02  3.0e-05  1.8e-02  2.2e-01  2.7e-01  2.4e-03  2.7e-01
 267  F 0   1.585e+08  -6e-07  0.98  1.5e-02  3.0e-05  0.0e+00  0.0e+00  2.6e-01  2.6e-03  2.7e-01
 267  T 1   1.585e+08  -2e-08  0.98  1.8e-02  2.4e-05  1.5e-02  1.9e-01  2.6e-01  2.1e-03  2.7e-01
 268  T 0   1.585e+08  -8e-06  0.98  2.2e-02  3.2e-05  1.8e-02  2.2e-01  2.6e-01  2.9e-03  2.6e-01
 269  F 0   1.585e+08  -8e-06  0.98  1.5e-02  3.2e-05  0.0e+00  0.0e+00  2.7e-01  3.0e-03  2.7e-01
 269  T 1   1.585e+08   9e-06  0.98  1.8e-02  2.4e-05  1.5e-02  1.9e-01  2.7e-01  2.4e-03  2.7e-01
 270  F 0   1.585e+08   9e-06  0.98  1.3e-02  2.4e-05  0.0e+00  0.0e+00  2.7e-01  2.7e-03  2.7e-01
 270  T 1   1.585e+08  -2e-06  0.98  1.5e-02  2.4e-05  1.3e-02  1.6e-01  3.1e-01  2.1e-03  3.1e-01
 271  T 0   1.585e+08  -3e-06  0.98  1.8e-02  2.7e-05  1.5e-02  1.8e-01  2.9e-01  2.4e-03  2.9e-01
 272  F 0   1.585e+08  -3e-06  0.98  1.3e-02  2.7e-05  0.0e+00  0.0e+00  2.7e-01  4.2e-03  2.7e-01
 272  T 1   1.585e+08   7e-06  0.98  1.5e-02  2.3e-05  1.3e-02  1.5e-01  2.8e-01  3.3e-03  2.8e-01
 273  T 0   1.585e+08  -1e-06  0.98  1.8e-02  3.0e-05  1.5e-02  1.9e-01  2.7e-01  2.4e-03  2.7e-01
 274  F 0   1.585e+08  -1e-06  0.98  1.3e-02  3.0e-05  0.0e+00  0.0e+00  2.6e-01  2.7e-03  2.7e-01
 274  T 1   1.585e+08   9e-06  0.98  1.5e-02  2.3e-05  1.3e-02  1.6e-01  2.8e-01  3.2e-03  2.8e-01
 275  T 0   1.585e+08   1e-05  0.98  1.9e-02  2.3e-05  1.5e-02  1.9e-01  2.8e-01  3.4e-03  2.8e-01
 276  T 0   1.585e+08   8e-06  0.98  2.2e-02  2.7e-05  1.9e-02  2.2e-01  2.7e-01  3.8e-03  2.7e-01
 277  F 0   1.585e+08   8e-06  0.98  1.6e-02  2.7e-05  0.0e+00  0.0e+00  2.7e-01  2.1e-03  2.7e-01
 277  T 1   1.585e+08   7e-06  0.98  1.9e-02  2.4e-05  1.6e-02  1.9e-01  2.7e-01  1.8e-03  2.7e-01
 278  F 0   1.585e+08   7e-06  0.98  1.3e-02  2.4e-05  0.0e+00  0.0e+00  2.8e-01  2.1e-03  2.8e-01
 278  T 1   1.585e+08   3e-06  0.98  1.6e-02  2.5e-05  1.3e-02  1.6e-01  2.7e-01  3.2e-03  2.7e-01
 279  T 0   1.585e+08  -8e-07  0.98  1.9e-02  2.6e-05  1.6e-02  1.9e-01  2.7e-01  3.2e-03  2.7e-01
 280  F 0   1.585e+08  -8e-07  0.98  1.3e-02  2.6e-05  0.0e+00  0.0e+00  2.8e-01  2.1e-03  2.8e-01
 280  T 1   1.584e+08  -1e-05  0.98  1.6e-02  2.4e-05  1.3e-02  1.6e-01  3.0e-01  2.1e-03  3.1e-01
 281  T 0   1.584e+08   4e-06  0.98  1.9e-02  2.8e-05  1.6e-02  1.9e-01  3.2e-01  2.7e-03  3.3e-01
 282  F 0   1.584e+08   4e-06  0.98  1.3e-02  2.8e-05  0.0e+00  0.0e+00  3.1e-01  3.6e-03  3.1e-01
 282  T 1   1.584e+08   2e-06  0.98  1.6e-02  2.4e-05  1.3e-02  1.6e-01  2.8e-01  2.7e-03  2.8e-01
 283  F 0   1.584e+08   2e-06  0.98  1.1e-02  2.4e-05  0.0e+00  0.0e+00  2.8e-01  2.9e-03  2.8e-01
 283  T 1   1.584e+08   9e-06  0.98  1.3e-02  2.0e-05  1.1e-02  1.4e-01  2.9e-01  2.7e-03  2.9e-01
 284  T 0   1.584e+08  -2e-05  0.98  1.6e-02  1.8e-05  1.3e-02  1.6e-01  2.7e-01  3.0e-03  2.7e-01
 285  T 0   1.584e+08  -7e-06  0.98  1.9e-02  2.9e-05  1.6e-02  1.9e-01  2.7e-01  2.9e-03  2.7e-01
 286  F 0   1.584e+08  -7e-06  0.98  1.4e-02  2.9e-05  0.0e+00  0.0e+00  2.7e-01  3.8e-03  2.7e-01
 286  T 1   1.584e+08  -2e-05  0.98  1.6e-02  2.2e-05  1.4e-02  1.7e-01  2.6e-01  2.9e-03  2.7e-01
 287  F 0   1.584e+08  -2e-05  0.98  1.1e-02  2.2e-05  0.0e+00  0.0e+00  2.7e-01  2.7e-03  2.7e-01
 287  T 1   1.584e+08  -9e-06  0.98  1.4e-02  2.3e-05  1.1e-02  1.4e-01  2.7e-01  2.4e-03  2.7e-01
 288  T 0   1.584e+08  -4e-07  0.98  1.6e-02  2.5e-05  1.4e-02  1.6e-01  2.7e-01  3.0e-03  2.7e-01
 289  F 0   1.584e+08  -4e-07  0.98  1.1e-02  2.5e-05  0.0e+00  0.0e+00  2.7e-01  2.1e-03  2.7e-01
 289  T 1   1.584e+08   7e-07  0.98  1.4e-02  2.3e-05  1.1e-02  1.4e-01  2.8e-01  1.9e-03  2.8e-01
 290  T 0   1.584e+08   9e-06  0.98  1.7e-02  1.8e-05  1.4e-02  1.7e-01  2.7e-01  2.5e-03  2.7e-01
 291  F 0   1.584e+08   9e-06  0.98  1.2e-02  1.8e-05  0.0e+00  0.0e+00  3.0e-01  2.5e-03  3.0e-01
 291  T 1   1.584e+08   6e-07  0.98  1.4e-02  2.2e-05  1.2e-02  1.4e-01  2.7e-01  2.4e-03  2.7e-01
 292  T 0   1.584e+08   8e-06  0.98  1.7e-02  2.4e-05  1.4e-02  1.7e-01  2.6e-01  2.7e-03  2.7e-01
 293  F 0   1.584e+08   8e-06  0.98  1.2e-02  2.4e-05  0.0e+00  0.0e+00  2.6e-01  3.4e-03  2.7e-01
 293  T 1   1.584e+08  -1e-06  0.98  1.4e-02  2.0e-05  1.2e-02  1.4e-01  2.6e-01  2.9e-03  2.7e-01
 294  T 0   1.584e+08   9e-06  0.98  1.7e-02  1.7e-05  1.4e-02  1.7e-01  2.6e-01  2.9e-03  2.7e-01
 295  F 0   1.584e+08   9e-06  0.98  1.2e-02  1.7e-05  0.0e+00  0.0e+00  2.7e-01  2.7e-03  2.7e-01
 295  T 1   1.584e+08   5e-06  0.98  1.4e-02  2.1e-05  1.2e-02  1.4e-01  2.7e-01  2.6e-03  2.7e-01
 296  T 0   1.584e+08   7e-06  0.98  1.7e-02  2.6e-05  1.4e-02  1.7e-01  2.7e-01  2.7e-03  2.8e-01
 297  T 0   1.584e+08   2e-05  0.98  2.0e-02  3.0e-05  1.7e-02  2.1e-01  2.8e-01  2.7e-03  2.8e-01
 298  F 0   1.584e+08   2e-05  0.98  1.4e-02  3.0e-05  0.0e+00  0.0e+00  2.8e-01  3.2e-03  2.8e-01
 298  T 1   1.584e+08  -1e-06  0.98  1.7e-02  2.2e-05  1.4e-02  1.8e-01  2.8e-01  2.7e-03  2.8e-01
 299  F 0   1.584e+08  -1e-06  0.98  1.2e-02  2.2e-05  0.0e+00  0.0e+00  2.8e-01  2.7e-03  2.8e-01
 299  T 1   1.584e+08  -4e-06  0.98  1.4e-02  2.4e-05  1.2e-02  1.5e-01  2.6e-01  2.1e-03  2.7e-01
 300  T 0   1.584e+08   2e-06  0.98  1.7e-02  2.8e-05  1.4e-02  1.8e-01  2.6e-01  3.2e-03  2.7e-01
 301  F 0   1.584e+08   2e-06  0.98  1.2e-02  2.8e-05  0.0e+00  0.0e+00  2.7e-01  2.5e-03  2.7e-01
 301  T 1   1.584e+08  -6e-06  0.98  1.4e-02  2.1e-05  1.2e-02  1.5e-01  2.7e-01  2.4e-03  2.7e-01
 302  T 0   1.584e+08  -4e-06  0.98  1.7e-02  2.1e-05  1.4e-02  1.8e-01  2.6e-01  2.7e-03  2.7e-01
 303  F 0   1.584e+08  -4e-06  0.98  1.2e-02  2.1e-05  0.0e+00  0.0e+00  2.6e-01  2.4e-03  2.7e-01
 303  T 1   1.584e+08  -1e-06  0.98  1.5e-02  2.0e-05  1.2e-02  1.5e-01  2.7e-01  2.1e-03  2.7e-01
 304  F 0   1.584e+08  -1e-06  0.98  1.0e-02  2.0e-05  0.0e+00  0.0e+00  2.7e-01  2.7e-03  2.7e-01
 304  T 1   1.584e+08   5e-07  0.98  1.2e-02  1.8e-05  1.0e-02  1.3e-01  2.7e-01  3.0e-03  2.7e-01
 305  T 0   1.584e+08   4e-06  0.98  1.5e-02  2.3e-05  1.2e-02  1.5e-01  2.7e-01  2.8e-03  2.7e-01
 306  F 0   1.584e+08   4e-06  0.98  1.0e-02  2.3e-05  0.0e+00  0.0e+00  2.6e-01  2.4e-03  2.7e-01
 306  T 1   1.584e+08  -1e-05  0.98  1.2e-02  1.7e-05  1.0e-02  1.3e-01  2.8e-01  2.1e-03  2.8e-01
 307  T 0   1.583e+08   3e-06  0.98  1.5e-02  2.3e-05  1.2e-02  1.5e-01  2.6e-01  2.4e-03  2.6e-01
 308  T 0   1.583e+08   7e-06  0.98  1.8e-02  2.6e-05  1.5e-02  1.8e-01  2.6e-01  2.4e-03  2.7e-01
 309  F 0   1.583e+08   7e-06  0.98  1.2e-02  2.6e-05  0.0e+00  0.0e+00  2.6e-01  3.0e-03  2.7e-01
 309  T 1   1.583e+08   1e-05  0.98  1.5e-02  2.3e-05  1.2e-02  1.5e-01  2.6e-01  2.1e-03  2.7e-01
 310  T 0   1.583e+08   3e-06  0.98  1.8e-02  2.7e-05  1.5e-02  1.8e-01  2.6e-01  2.7e-03  2.7e-01
 311  F 0   1.583e+08   3e-06  0.98  1.3e-02  2.7e-05  0.0e+00  0.0e+00  2.6e-01  3.3e-03  2.7e-01
 311  T 1   1.583e+08  -1e-07  0.98  1.5e-02  2.1e-05  1.3e-02  1.5e-01  2.7e-01  2.4e-03  2.7e-01
 312  F 0   1.583e+08  -1e-07  0.98  1.1e-02  2.1e-05  0.0e+00  0.0e+00  2.7e-01  2.7e-03  2.7e-01
 312  T 1   1.583e+08   1e-05  0.98  1.3e-02  2.2e-05  1.1e-02  1.3e-01  3.2e-01  3.1e-03  3.3e-01
 313  T 0   1.583e+08  -2e-05  0.98  1.5e-02  2.4e-05  1.3e-02  1.5e-01  2.7e-01  2.6e-03  2.7e-01
 314  F 0   1.583e+08  -2e-05  0.98  1.1e-02  2.4e-05  0.0e+00  0.0e+00  2.7e-01  2.4e-03  2.7e-01
 314  T 1   1.583e+08  -2e-05  0.98  1.3e-02  2.0e-05  1.1e-02  1.3e-01  2.9e-01  2.1e-03  2.9e-01
 315  T 0   1.583e+08   1e-05  0.98  1.5e-02  2.4e-05  1.3e-02  1.5e-01  2.7e-01  3.2e-03  2.8e-01
 316  F 0   1.583e+08   1e-05  0.98  1.1e-02  2.4e-05  0.0e+00  0.0e+00  2.7e-01  2.7e-03  2.7e-01
 316  T 1   1.583e+08   1e-06  0.98  1.3e-02  1.9e-05  1.1e-02  1.3e-01  2.7e-01  2.7e-03  2.8e-01
 317  T 0   1.583e+08  -7e-07  0.98  1.5e-02  1.8e-05  1.3e-02  1.5e-01  2.7e-01  2.7e-03  2.8e-01
 318  T 0   1.583e+08  -5e-06  0.98  1.8e-02  1.5e-05  1.5e-02  1.8e-01  2.7e-01  2.4e-03  2.8e-01
 319  F 0   1.583e+08  -5e-06  0.98  1.3e-02  1.5e-05  0.0e+00  0.0e+00  2.6e-01  2.4e-03  2.7e-01
 319  T 1   1.583e+08   1e-05  0.98  1.5e-02  1.9e-05  1.3e-02  1.6e-01  2.6e-01  2.4e-03  2.7e-01
 320  F 0   1.583e+08   1e-05  0.98  1.1e-02  1.9e-05  0.0e+00  0.0e+00  2.6e-01  3.2e-03  2.7e-01
 320  T 1   1.583e+08  -2e-07  0.98  1.3e-02  1.6e-05  1.1e-02  1.3e-01  2.6e-01  2.6e-03  2.7e-01
 321  T 0   1.583e+08  -2e-06  0.98  1.6e-02  2.0e-05  1.3e-02  1.6e-01  2.7e-01  2.4e-03  2.8e-01
 322  F 0   1.583e+08  -2e-06  0.98  1.1e-02  2.0e-05  0.0e+00  0.0e+00  2.7e-01  2.7e-03  2.7e-01
 322  T 1   1.583e+08  -2e-06  0.98  1.3e-02  1.6e-05  1.1e-02  1.3e-01  2.8e-01  2.2e-03  2.8e-01
 323  T 0   1.583e+08   9e-06  0.98  1.6e-02  2.3e-05  1.3e-02  1.6e-01  2.8e-01  2.8e-03  2.8e-01
 324  F 0   1.583e+08   9e-06  0.98  1.1e-02  2.3e-05  0.0e+00  0.0e+00  2.8e-01  2.7e-03  2.8e-01
 324  T 1   1.583e+08  -8e-06  0.98  1.3e-02  1.7e-05  1.1e-02  1.3e-01  2.8e-01  2.4e-03  2.8e-01
 325  T 0   1.583e+08   2e-05  0.98  1.6e-02  2.4e-05  1.3e-02  1.6e-01  2.7e-01  2.8e-03  2.7e-01
 326  T 0   1.583e+08   3e-06  0.98  1.9e-02  2.6e-05  1.6e-02  1.9e-01  2.7e-01  3.0e-03  2.7e-01
 327  F 0   1.583e+08   3e-06  0.98  1.3e-02  2.6e-05  0.0e+00  0.0e+00  2.7e-01  4.0e-03  2.7e-01
 327  T 1   1.583e+08   7e-06  0.98  1.6e-02  2.3e-05  1.3e-02  1.7e-01  2.7e-01  4.0e-03  2.7e-01
 328  F 0   1.583e+08   7e-06  0.98  1.1e-02  2.3e-05  0.0e+00  0.0e+00  2.8e-01  2.4e-03  2.9e-01
 328  T 1   1.583e+08   7e-07  0.98  1.3e-02  2.0e-05  1.1e-02  1.4e-01  3.3e-01  2.5e-03  3.3e-01
 329  F 0   1.583e+08   7e-07  0.98  9.4e-03  2.0e-05  0.0e+00  0.0e+00  2.8e-01  2.4e-03  2.8e-01
 329  T 1   1.583e+08  -8e-06  0.98  1.1e-02  2.0e-05  9.4e-03  1.2e-01  2.7e-01  2.4e-03  2.8e-01
 330  T 0   1.583e+08  -1e-06  0.98  1.4e-02  1.8e-05  1.1e-02  1.4e-01  2.7e-01  2.4e-03  2.7e-01
 331  F 0   1.583e+08  -1e-06  0.98  9.5e-03  1.8e-05  0.0e+00  0.0e+00  2.7e-01  2.5e-03  2.7e-01
 331  T 1   1.583e+08   1e-05  0.98  1.1e-02  2.0e-05  9.5e-03  1.1e-01  3.1e-01  2.4e-03  3.1e-01
 332  T 0   1.583e+08  -3e-06  0.98  1.4e-02  2.2e-05  1.1e-02  1.4e-01  2.7e-01  2.7e-03  2.7e-01
 333  F 0   1.583e+08  -3e-06  0.98  9.6e-03  2.2e-05  0.0e+00  0.0e+00  2.6e-01  3.6e-03  2.7e-01
 333  T 1   1.583e+08   1e-06  0.98  1.1e-02  2.0e-05  9.6e-03  1.2e-01  2.8e-01  3.0e-03  2.8e-01
 334  T 0   1.583e+08   8e-06  0.98  1.4e-02  1.7e-05  1.1e-02  1.4e-01  2.7e-01  2.9e-03  2.7e-01
 335  T 0   1.583e+08  -7e-06  0.98  1.7e-02  2.2e-05  1.4e-02  1.7e-01  3.1e-01  2.7e-03  3.1e-01
 336  T 0   1.583e+08   1e-05  0.98  2.0e-02  2.6e-05  1.7e-02  2.0e-01  2.7e-01  2.9e-03  2.7e-01
 337  F 0   1.583e+08   1e-05  0.98  1.4e-02  2.6e-05  0.0e+00  0.0e+00  2.7e-01  2.1e-03  2.8e-01
 337  T 1   1.583e+08   3e-05  0.98  1.7e-02  2.2e-05  1.4e-02  1.8e-01  2.6e-01  2.1e-03  2.7e-01
 338  F 0   1.583e+08   3e-05  0.98  1.2e-02  2.2e-05  0.0e+00  0.0e+00  2.6e-01  3.0e-03  2.7e-01
 338  F 1   1.583e+08   3e-05  0.98  8.2e-03  2.2e-05  0.0e+00  0.0e+00  3.0e-01  2.1e-03  3.0e-01
 338  T 2   1.583e+08  -5e-06  0.98  9.8e-03  1.8e-05  8.2e-03  1.1e-01  2.8e-01  2.1e-03  2.8e-01
 339  T 0   1.582e+08   1e-05  0.98  1.2e-02  2.1e-05  9.8e-03  1.2e-01  2.7e-01  2.4e-03  2.8e-01
 340  T 0   1.582e+08  -7e-06  0.98  1.4e-02  2.0e-05  1.2e-02  1.4e-01  2.8e-01  3.3e-03  2.8e-01
 341  T 0   1.582e+08  -7e-06  0.98  1.7e-02  2.5e-05  1.4e-02  1.7e-01  2.7e-01  2.5e-03  2.8e-01
 342  T 0   1.582e+08   1e-05  0.98  2.0e-02  2.9e-05  1.7e-02  2.1e-01  2.7e-01  1.9e-03  2.7e-01
 343  F 0   1.582e+08   1e-05  0.98  1.4e-02  2.9e-05  0.0e+00  0.0e+00  2.6e-01  3.0e-03  2.7e-01
 343  T 1   1.582e+08   5e-07  0.98  1.7e-02  2.2e-05  1.4e-02  1.9e-01  2.8e-01  2.8e-03  2.8e-01
 344  F 0   1.582e+08   5e-07  0.98  1.2e-02  2.2e-05  0.0e+00  0.0e+00  2.7e-01  2.5e-03  2.7e-01
 344  T 1   1.582e+08  -6e-06  0.98  1.4e-02  2.3e-05  1.2e-02  1.5e-01  2.7e-01  2.1e-03  2.7e-01
 345  T 0   1.582e+08   2e-06  0.98  1.7e-02  2.7e-05  1.4e-02  1.8e-01  2.7e-01  2.6e-03  2.7e-01
 346  F 0   1.582e+08   2e-06  0.98  1.2e-02  2.7e-05  0.0e+00  0.0e+00  2.7e-01  2.1e-03  2.7e-01
 346  T 1   1.582e+08  -2e-06  0.98  1.4e-02  2.0e-05  1.2e-02  1.5e-01  2.7e-01  3.2e-03  2.7e-01
 347  F 0   1.582e+08  -2e-06  0.98  1.0e-02  2.0e-05  0.0e+00  0.0e+00  2.6e-01  2.4e-03  2.7e-01
 347  T 1   1.582e+08   4e-06  0.98  1.2e-02  2.1e-05  1.0e-02  1.3e-01  2.7e-01  2.7e-03  2.8e-01
 348  T 0   1.582e+08  -1e-07  0.98  1.5e-02  2.3e-05  1.2e-02  1.5e-01  2.7e-01  2.9e-03  2.8e-01
 349  F 0   1.582e+08  -1e-07  0.98  1.0e-02  2.3e-05  0.0e+00  0.0e+00  2.7e-01  2.4e-03  2.7e-01
 349  T 1   1.582e+08   5e-06  0.98  1.2e-02  1.8e-05  1.0e-02  1.3e-01  2.6e-01  2.2e-03  2.7e-01
 350  T 0   1.582e+08  -9e-06  0.98  1.5e-02  1.4e-05  1.2e-02  1.5e-01  2.7e-01  2.4e-03  2.8e-01
 351  F 0   1.582e+08  -9e-06  0.98  1.0e-02  1.4e-05  0.0e+00  0.0e+00  2.6e-01  2.4e-03  2.7e-01
 351  T 1   1.582e+08  -5e-06  0.98  1.2e-02  1.7e-05  1.0e-02  1.3e-01  2.6e-01  2.1e-03  2.7e-01
 352  T 0   1.582e+08   9e-06  0.98  1.5e-02  2.0e-05  1.2e-02  1.5e-01  2.6e-01  3.0e-03  2.7e-01
 353  F 0   1.582e+08   9e-06  0.98  1.0e-02  2.0e-05  0.0e+00  0.0e+00  2.7e-01  2.2e-03  2.7e-01
 353  T 1   1.582e+08   3e-06  0.98  1.2e-02  1.5e-05  1.0e-02  1.3e-01  2.9e-01  2.4e-03  2.9e-01
 354  F 0   1.582e+08   3e-06  0.98  8.7e-03  1.5e-05  0.0e+00  0.0e+00  2.8e-01  2.7e-03  2.8e-01
 354  T 1   1.582e+08   7e-06  0.98  1.0e-02  1.5e-05  8.7e-03  1.1e-01  2.8e-01  2.9e-03  2.8e-01
 355  T 0   1.582e+08   6e-06  0.98  1.3e-02  1.9e-05  1.0e-02  1.3e-01  2.7e-01  2.6e-03  2.8e-01
 356  F 0   1.582e+08   6e-06  0.98  8.8e-03  1.9e-05  0.0e+00  0.0e+00  2.7e-01  2.6e-03  2.7e-01
 356  T 1   1.582e+08   4e-06  0.98  1.1e-02  1.5e-05  8.8e-03  1.1e-01  2.7e-01  2.4e-03  2.7e-01
 357  T 0   1.582e+08   5e-06  0.98  1.3e-02  1.9e-05  1.1e-02  1.3e-01  2.9e-01  2.8e-03  2.9e-01
 358  F 0   1.582e+08   5e-06  0.98  8.8e-03  1.9e-05  0.0e+00  0.0e+00  3.1e-01  2.9e-03  3.1e-01
 358  T 1   1.582e+08   7e-06  0.98  1.1e-02  1.5e-05  8.8e-03  1.1e-01  2.8e-01  2.9e-03  2.8e-01
 359  T 0   1.582e+08  -1e-05  0.98  1.3e-02  1.4e-05  1.1e-02  1.3e-01  2.8e-01  3.0e-03  2.8e-01
 360  F 0   1.582e+08  -1e-05  0.98  8.9e-03  1.4e-05  0.0e+00  0.0e+00  2.7e-01  2.7e-03  2.7e-01
 360  T 1   1.582e+08   6e-06  0.98  1.1e-02  1.5e-05  8.9e-03  1.1e-01  2.7e-01  1.8e-03  2.7e-01
 361  T 0   1.582e+08   3e-06  0.98  1.3e-02  2.0e-05  1.1e-02  1.3e-01  2.7e-01  2.7e-03  2.8e-01
 362  T 0   1.582e+08   1e-05  0.98  1.5e-02  2.3e-05  1.3e-02  1.5e-01  2.8e-01  2.1e-03  2.8e-01
 363  F 0   1.582e+08   1e-05  0.98  1.1e-02  2.3e-05  0.0e+00  0.0e+00  2.7e-01  1.9e-03  2.7e-01
 363  T 1   1.582e+08  -3e-05  0.98  1.3e-02  1.6e-05  1.1e-02  1.3e-01  2.7e-01  1.5e-03  2.8e-01
 364  T 0   1.582e+08  -5e-06  0.98  1.6e-02  2.2e-05  1.3e-02  1.6e-01  3.3e-01  2.9e-03  3.4e-01
 365  F 0   1.582e+08  -5e-06  0.98  1.1e-02  2.2e-05  0.0e+00  0.0e+00  2.8e-01  2.7e-03  2.8e-01
 365  T 1   1.582e+08  -4e-05  0.98  1.3e-02  1.5e-05  1.1e-02  1.3e-01  2.6e-01  1.5e-03  2.7e-01
 366  T 0   1.582e+08   2e-05  0.98  1.6e-02  2.7e-05  1.3e-02  1.6e-01  2.7e-01  1.8e-03  2.7e-01
 367  T 0   1.582e+08  -7e-06  0.98  1.9e-02  2.3e-05  1.6e-02  1.9e-01  2.6e-01  2.1e-03  2.7e-01
 368  F 0   1.582e+08  -7e-06  0.98  1.3e-02  2.3e-05  0.0e+00  0.0e+00  2.7e-01  2.4e-03  2.7e-01
 368  T 1   1.582e+08  -2e-07  0.98  1.6e-02  2.3e-05  1.3e-02  1.7e-01  2.7e-01  1.8e-03  2.7e-01
 369  F 0   1.582e+08  -2e-07  0.98  1.1e-02  2.3e-05  0.0e+00  0.0e+00  2.7e-01  2.7e-03  2.7e-01
 369  T 1   1.582e+08  -4e-06  0.98  1.3e-02  1.8e-05  1.1e-02  1.4e-01  2.8e-01  2.7e-03  2.8e-01
 370  T 0   1.582e+08   2e-05  0.98  1.6e-02  2.8e-05  1.3e-02  1.6e-01  2.7e-01  1.8e-03  2.8e-01
 371  T 0   1.582e+08   1e-05  0.98  1.9e-02  2.5e-05  1.6e-02  2.0e-01  3.0e-01  2.7e-03  3.0e-01
 372  F 0   1.582e+08   1e-05  0.98  1.3e-02  2.5e-05  0.0e+00  0.0e+00  2.7e-01  2.9e-03  2.7e-01
 372  T 1   1.582e+08  -9e-06  0.98  1.6e-02  2.4e-05  1.3e-02  1.7e-01  2.7e-01  2.1e-03  2.7e-01
 373  F 0   1.582e+08  -9e-06  0.98  1.1e-02  2.4e-05  0.0e+00  0.0e+00  2.7e-01  3.3e-03  2.7e-01
 373  T 1   1.582e+08  -4e-06  0.98  1.3e-02  2.0e-05  1.1e-02  1.4e-01  2.8e-01  3.2e-03  2.8e-01
 374  T 0   1.582e+08   2e-05  0.98  1.6e-02  2.8e-05  1.3e-02  1.7e-01  2.6e-01  1.8e-03  2.6e-01
 375  F 0   1.582e+08   2e-05  0.98  1.1e-02  2.8e-05  0.0e+00  0.0e+00  2.7e-01  1.8e-03  2.7e-01
 375  T 1   1.582e+08  -3e-05  0.98  1.4e-02  1.5e-05  1.1e-02  1.4e-01  2.7e-01  1.5e-03  2.7e-01
 376  T 0   1.582e+08  -8e-07  0.98  1.6e-02  1.3e-05  1.4e-02  1.7e-01  2.6e-01  2.4e-03  2.7e-01
 377  T 0   1.582e+08   1e-06  0.98  2.0e-02  2.6e-05  1.6e-02  2.0e-01  2.7e-01  3.1e-03  2.8e-01
 378  T 0   1.582e+08   1e-05  0.98  2.3e-02  3.2e-05  2.0e-02  2.5e-01  2.7e-01  2.4e-03  2.7e-01
 379  F 0   1.582e+08   1e-05  0.98  1.6e-02  3.2e-05  0.0e+00  0.0e+00  2.6e-01  2.1e-03  2.6e-01
 379  T 1   1.581e+08  -2e-06  0.98  2.0e-02  3.1e-05  1.6e-02  2.2e-01  2.6e-01  2.1e-03  2.7e-01
 380  F 0   1.581e+08  -2e-06  0.98  1.4e-02  3.1e-05  0.0e+00  0.0e+00  2.6e-01  2.4e-03  2.6e-01
 380  T 1   1.581e+08   1e-06  0.98  1.7e-02  2.0e-05  1.4e-02  1.8e-01  2.6e-01  2.1e-03  2.6e-01
 381  F 0   1.581e+08   1e-06  0.98  1.2e-02  2.0e-05  0.0e+00  0.0e+00  2.6e-01  2.1e-03  2.7e-01
 381  T 1   1.581e+08  -4e-06  0.98  1.4e-02  1.8e-05  1.2e-02  1.5e-01  2.6e-01  2.2e-03  2.7e-01
 382  T 0   1.581e+08   7e-06  0.98  1.7e-02  2.3e-05  1.4e-02  1.8e-01  2.6e-01  3.0e-03  2.7e-01
 383  T 0   1.581e+08  -2e-07  0.98  2.0e-02  2.7e-05  1.7e-02  2.1e-01  2.6e-01  2.7e-03  2.7e-01
 384  F 0   1.581e+08  -2e-07  0.98  1.4e-02  2.7e-05  0.0e+00  0.0e+00  2.7e-01  1.5e-03  2.7e-01
 384  T 1   1.581e+08   9e-06  0.98  1.7e-02  2.3e-05  1.4e-02  1.8e-01  2.7e-01  1.5e-03  2.7e-01
 385  F 0   1.581e+08   9e-06  0.98  1.2e-02  2.3e-05  0.0e+00  0.0e+00  2.7e-01  1.8e-03  2.7e-01
 385  T 1   1.581e+08   9e-06  0.98  1.4e-02  2.1e-05  1.2e-02  1.5e-01  2.7e-01  1.2e-03  2.7e-01
 386  F 0   1.581e+08   9e-06  0.98  9.9e-03  2.1e-05  0.0e+00  0.0e+00  2.7e-01  1.8e-03  2.7e-01
 386  T 1   1.581e+08  -2e-05  0.98  1.2e-02  1.6e-05  9.9e-03  1.2e-01  2.7e-01  1.5e-03  2.7e-01
 387  T 0   1.581e+08   3e-06  0.98  1.4e-02  2.4e-05  1.2e-02  1.5e-01  2.7e-01  2.4e-03  2.7e-01
 388  T 0   1.581e+08  -9e-06  0.98  1.7e-02  2.5e-05  1.4e-02  1.8e-01  2.6e-01  2.4e-03  2.6e-01
 389  F 0   1.581e+08  -9e-06  0.98  1.2e-02  2.5e-05  0.0e+00  0.0e+00  2.6e-01  1.8e-03  2.7e-01
 389  T 1   1.581e+08  -2e-05  0.98  1.4e-02  2.1e-05  1.2e-02  1.5e-01  2.8e-01  1.5e-03  2.8e-01
 390  T 0   1.581e+08   6e-06  0.98  1.7e-02  2.6e-05  1.4e-02  1.8e-01  2.6e-01  1.8e-03  2.7e-01
 391  T 0   1.581e+08   2e-05  0.98  2.1e-02  3.1e-05  1.7e-02  2.1e-01  2.6e-01  1.8e-03  2.7e-01
 392  F 0   1.581e+08   2e-05  0.98  1.4e-02  3.1e-05  0.0e+00  0.0e+00  2.7e-01  1.8e-03  2.8e-01
 392  T 1   1.581e+08  -2e-06  0.98  1.7e-02  2.2e-05  1.4e-02  1.9e-01  2.6e-01  1.2e-03  2.6e-01
 393  F 0   1.581e+08  -2e-06  0.98  1.2e-02  2.2e-05  0.0e+00  0.0e+00  2.6e-01  1.8e-03  2.6e-01
 393  T 1   1.581e+08   9e-06  0.98  1.5e-02  2.6e-05  1.2e-02  1.6e-01  2.6e-01  1.2e-03  2.6e-01
 394  F 0   1.581e+08   9e-06  0.98  1.0e-02  2.6e-05  0.0e+00  0.0e+00  2.6e-01  1.9e-03  2.7e-01
 394  T 1   1.581e+08  -9e-06  0.98  1.2e-02  1.9e-05  1.0e-02  1.3e-01  2.7e-01  1.2e-03  2.7e-01
 395  T 0   1.581e+08   5e-06  0.98  1.5e-02  2.0e-05  1.2e-02  1.5e-01  2.6e-01  2.7e-03  2.6e-01
 396  T 0   1.581e+08   2e-05  0.98  1.8e-02  2.8e-05  1.5e-02  1.8e-01  2.6e-01  2.7e-03  2.6e-01
 397  T 0   1.581e+08   1e-05  0.98  2.1e-02  3.2e-05  1.8e-02  2.2e-01  2.9e-01  2.6e-03  2.9e-01
 398  F 0   1.581e+08   1e-05  0.98  1.5e-02  3.2e-05  0.0e+00  0.0e+00  2.6e-01  2.4e-03  2.7e-01
 398  T 1   1.581e+08  -3e-06  0.98  1.8e-02  2.4e-05  1.5e-02  1.9e-01  2.6e-01  2.6e-03  2.6e-01
 399  F 0   1.581e+08  -3e-06  0.98  1.2e-02  2.4e-05  0.0e+00  0.0e+00  2.8e-01  2.8e-03  2.8e-01
 399  T 1   1.581e+08   5e-06  0.98  1.5e-02  2.5e-05  1.2e-02  1.6e-01  2.8e-01  2.4e-03  2.8e-01
 400  F 0   1.581e+08   5e-06  0.98  1.0e-02  2.5e-05  0.0e+00  0.0e+00  3.2e-01  1.8e-03  3.3e-01
 400  T 1   1.581e+08  -1e-05  0.98  1.3e-02  2.0e-05  1.0e-02  1.3e-01  3.3e-01  1.6e-03  3.3e-01
 401  T 0   1.581e+08  -9e-07  0.98  1.5e-02  2.6e-05  1.3e-02  1.6e-01  2.8e-01  1.8e-03  2.8e-01
 402  T 0   1.581e+08  -3e-05  0.98  1.8e-02  2.8e-05  1.5e-02  1.9e-01  2.8e-01  2.0e-03  2.8e-01
 403  F 0   1.581e+08  -3e-05  0.98  1.3e-02  2.8e-05  0.0e+00  0.0e+00  2.7e-01  3.0e-03  2.8e-01
 403  T 1   1.580e+08  -9e-07  0.98  1.5e-02  2.5e-05  1.3e-02  1.6e-01  2.9e-01  2.0e-03  2.9e-01
 404  F 0   1.580e+08  -9e-07  0.98  1.1e-02  2.5e-05  0.0e+00  0.0e+00  2.8e-01  2.8e-03  2.8e-01
 404  T 1   1.580e+08   2e-06  0.98  1.3e-02  2.2e-05  1.1e-02  1.3e-01  2.8e-01  2.7e-03  2.8e-01
 405  T 0   1.580e+08   2e-05  0.98  1.5e-02  2.7e-05  1.3e-02  1.6e-01  2.7e-01  1.8e-03  2.8e-01
 406  F 0   1.580e+08   2e-05  0.98  1.1e-02  2.7e-05  0.0e+00  0.0e+00  2.7e-01  1.8e-03  2.8e-01
 406  T 1   1.580e+08  -2e-06  0.98  1.3e-02  1.9e-05  1.1e-02  1.3e-01  2.8e-01  1.5e-03  2.8e-01
 407  T 0   1.580e+08  -2e-05  0.98  1.5e-02  2.0e-05  1.3e-02  1.6e-01  2.9e-01  2.4e-03  2.9e-01
 408  F 0   1.580e+08  -2e-05  0.98  1.1e-02  2.0e-05  0.0e+00  0.0e+00  2.8e-01  3.6e-03  2.9e-01
 408  T 1   1.580e+08   2e-05  0.98  1.3e-02  2.1e-05  1.1e-02  1.3e-01  2.8e-01  1.5e-03  2.9e-01
 409  T 0   1.580e+08  -2e-06  0.98  1.6e-02  2.2e-05  1.3e-02  1.6e-01  2.9e-01  2.4e-03  3.0e-01
 410  F 0   1.580e+08  -2e-06  0.98  1.1e-02  2.2e-05  0.0e+00  0.0e+00  2.7e-01  2.4e-03  2.8e-01
 410  T 1   1.580e+08  -3e-05  0.98  1.3e-02  1.8e-05  1.1e-02  1.4e-01  3.1e-01  1.5e-03  3.1e-01
 411  T 0   1.580e+08   4e-06  0.98  1.6e-02  2.5e-05  1.3e-02  1.6e-01  2.9e-01  2.9e-03  2.9e-01
 412  F 0   1.580e+08   4e-06  0.98  1.1e-02  2.5e-05  0.0e+00  0.0e+00  2.7e-01  1.9e-03  2.7e-01
 412  T 1   1.580e+08   2e-05  0.98  1.3e-02  1.8e-05  1.1e-02  1.4e-01  2.7e-01  1.6e-03  2.8e-01
 413  F 0   1.580e+08   2e-05  0.98  9.2e-03  1.8e-05  0.0e+00  0.0e+00  2.9e-01  2.3e-03  2.9e-01
 413  T 1   1.580e+08  -1e-05  0.98  1.1e-02  2.0e-05  9.2e-03  1.2e-01  3.5e-01  1.8e-03  3.5e-01
 414  T 0   1.580e+08   3e-05  0.98  1.3e-02  2.2e-05  1.1e-02  1.3e-01  3.2e-01  1.9e-03  3.2e-01
 415  F 0   1.580e+08   3e-05  0.98  9.3e-03  2.2e-05  0.0e+00  0.0e+00  2.8e-01  1.8e-03  2.8e-01
 415  T 1   1.580e+08  -7e-06  0.98  1.1e-02  1.8e-05  9.3e-03  1.1e-01  2.7e-01  1.5e-03  2.7e-01
 416  T 0   1.580e+08   1e-07  0.98  1.3e-02  1.5e-05  1.1e-02  1.3e-01  2.7e-01  2.1e-03  2.7e-01
 417  T 0   1.580e+08   3e-06  0.98  1.6e-02  2.5e-05  1.3e-02  1.6e-01  2.6e-01  3.4e-03  2.7e-01
 418  F 0   1.580e+08   3e-06  0.98  1.1e-02  2.5e-05  0.0e+00  0.0e+00  2.8e-01  2.9e-03  2.8e-01
 418  T 1   1.580e+08  -9e-06  0.98  1.3e-02  1.6e-05  1.1e-02  1.4e-01  2.7e-01  2.7e-03  2.7e-01
 419  F 0   1.580e+08  -9e-06  0.98  9.4e-03  1.6e-05  0.0e+00  0.0e+00  2.7e-01  2.4e-03  2.7e-01
 419  T 1   1.580e+08   8e-06  0.98  1.1e-02  2.1e-05  9.4e-03  1.2e-01  2.6e-01  2.6e-03  2.7e-01
 420  T 0   1.580e+08   1e-05  0.98  1.4e-02  2.0e-05  1.1e-02  1.4e-01  2.7e-01  2.7e-03  2.7e-01
 421  F 0   1.580e+08   1e-05  0.98  9.5e-03  2.0e-05  0.0e+00  0.0e+00  2.6e-01  2.4e-03  2.7e-01
 421  T 1   1.580e+08  -3e-06  0.98  1.1e-02  1.8e-05  9.5e-03  1.2e-01  2.6e-01  2.4e-03  2.7e-01
 422  T 0   1.580e+08  -3e-06  0.98  1.4e-02  2.3e-05  1.1e-02  1.4e-01  2.6e-01  3.3e-03  2.7e-01
 423  T 0   1.580e+08   8e-07  0.98  1.6e-02  2.5e-05  1.4e-02  1.7e-01  2.7e-01  2.1e-03  2.8e-01
 424  F 0   1.580e+08   8e-07  0.98  1.1e-02  2.5e-05  0.0e+00  0.0e+00  2.6e-01  2.4e-03  2.7e-01
 424  T 1   1.580e+08   5e-06  0.98  1.4e-02  2.0e-05  1.1e-02  1.5e-01  2.8e-01  2.6e-03  2.8e-01
 425  F 0   1.580e+08   5e-06  0.98  9.7e-03  2.0e-05  0.0e+00  0.0e+00  2.6e-01  2.4e-03  2.7e-01
 425  T 1   1.580e+08  -6e-06  0.98  1.2e-02  2.0e-05  9.7e-03  1.2e-01  2.7e-01  2.3e-03  2.7e-01
 426  T 0   1.580e+08  -1e-06  0.98  1.4e-02  2.5e-05  1.2e-02  1.4e-01  2.6e-01  2.7e-03  2.7e-01
 427  T 0   1.580e+08  -3e-06  0.98  1.7e-02  2.7e-05  1.4e-02  1.7e-01  2.7e-01  2.4e-03  2.7e-01
 428  F 0   1.580e+08  -3e-06  0.98  1.2e-02  2.7e-05  0.0e+00  0.0e+00  2.6e-01  2.6e-03  2.7e-01
 428  T 1   1.580e+08  -9e-06  0.98  1.4e-02  2.2e-05  1.2e-02  1.5e-01  2.7e-01  2.6e-03  2.7e-01
 429  F 0   1.580e+08  -9e-06  0.98  9.8e-03  2.2e-05  0.0e+00  0.0e+00  3.5e-01  2.4e-03  3.6e-01
 429  T 1   1.580e+08  -8e-06  0.98  1.2e-02  2.1e-05  9.8e-03  1.2e-01  2.7e-01  2.4e-03  2.7e-01
 430  T 0   1.580e+08   8e-06  0.98  1.4e-02  2.2e-05  1.2e-02  1.4e-01  2.6e-01  2.3e-03  2.7e-01
 431  F 0   1.580e+08   8e-06  0.98  9.9e-03  2.2e-05  0.0e+00  0.0e+00  2.6e-01  3.3e-03  2.7e-01
 431  T 1   1.580e+08  -1e-05  0.98  1.2e-02  2.1e-05  9.9e-03  1.2e-01  2.7e-01  2.2e-03  2.7e-01
 432  T 0   1.580e+08  -6e-06  0.98  1.4e-02  2.2e-05  1.2e-02  1.4e-01  2.9e-01  2.4e-03  3.0e-01
 433  T 0   1.580e+08   6e-06  0.98  1.7e-02  2.7e-05  1.4e-02  1.7e-01  2.7e-01  2.5e-03  2.7e-01
 434  F 0   1.580e+08   6e-06  0.98  1.2e-02  2.7e-05  0.0e+00  0.0e+00  2.7e-01  2.4e-03  2.7e-01
 434  T 1   1.580e+08   4e-05  0.98  1.4e-02  2.0e-05  1.2e-02  1.5e-01  2.7e-01  1.6e-03  2.7e-01
 435  F 0   1.580e+08   4e-05  0.98  1.0e-02  2.0e-05  0.0e+00  0.0e+00  2.6e-01  2.1e-03  2.7e-01
 435  F 1   1.580e+08   4e-05  0.98  7.0e-03  2.0e-05  0.0e+00  0.0e+00  2.7e-01  2.4e-03  2.7e-01
 435  T 2   1.580e+08  -1e-05  0.98  8.4e-03  1.5e-05  7.0e-03  8.7e-02  3.2e-01  2.1e-03  3.2e-01
 436  T 0   1.580e+08  -1e-05  0.98  1.0e-02  9.9e-06  8.4e-03  1.0e-01  2.9e-01  2.7e-03  2.9e-01
 437  T 0   1.580e+08   4e-06  0.98  1.2e-02  9.8e-06  1.0e-02  1.2e-01  2.8e-01  2.1e-03  2.8e-01
 438  F 0   1.580e+08   4e-06  0.98  8.5e-03  9.8e-06  0.0e+00  0.0e+00  2.9e-01  2.5e-03  2.9e-01
 438  T 1   1.579e+08   2e-06  0.98  1.0e-02  1.4e-05  8.5e-03  1.0e-01  2.7e-01  1.8e-03  2.8e-01
 439  T 0   1.579e+08  -3e-06  0.98  1.2e-02  1.7e-05  1.0e-02  1.2e-01  2.8e-01  3.7e-03  2.8e-01
 440  T 0   1.579e+08   9e-06  0.98  1.5e-02  2.2e-05  1.2e-02  1.5e-01  2.7e-01  3.3e-03  2.8e-01
 441  F 0   1.579e+08   9e-06  0.98  1.0e-02  2.2e-05  0.0e+00  0.0e+00  2.7e-01  2.6e-03  2.8e-01
 441  T 1   1.579e+08   6e-06  0.98  1.2e-02  1.5e-05  1.0e-02  1.2e-01  2.7e-01  2.4e-03  2.7e-01
 442  F 0   1.579e+08   6e-06  0.98  8.6e-03  1.5e-05  0.0e+00  0.0e+00  3.0e-01  2.8e-03  3.0e-01
 442  T 1   1.579e+08   7e-06  0.98  1.0e-02  1.8e-05  8.6e-03  1.0e-01  2.8e-01  2.1e-03  2.8e-01
 443  T 0   1.579e+08  -6e-06  0.98  1.2e-02  1.7e-05  1.0e-02  1.2e-01  2.9e-01  2.4e-03  2.9e-01
 444  F 0   1.579e+08  -6e-06  0.98  8.7e-03  1.7e-05  0.0e+00  0.0e+00  2.7e-01  2.4e-03  2.8e-01
 444  T 1   1.579e+08  -1e-05  0.98  1.0e-02  1.8e-05  8.7e-03  1.0e-01  2.7e-01  3.0e-03  2.7e-01
 445  T 0   1.579e+08  -1e-05  0.98  1.3e-02  2.0e-05  1.0e-02  1.2e-01  2.7e-01  3.3e-03  2.7e-01
 446  T 0   1.579e+08   7e-07  0.98  1.5e-02  2.6e-05  1.3e-02  1.5e-01  2.7e-01  2.3e-03  2.7e-01
 447  T 0   1.579e+08  -2e-06  0.98  1.8e-02  2.6e-05  1.5e-02  1.8e-01  2.9e-01  2.8e-03  2.9e-01
 448  F 0   1.579e+08  -2e-06  0.98  1.3e-02  2.6e-05  0.0e+00  0.0e+00  2.7e-01  2.7e-03  2.8e-01
 448  T 1   1.579e+08   1e-05  0.98  1.5e-02  2.2e-05  1.3e-02  1.6e-01  2.7e-01  2.3e-03  2.8e-01
 449  F 0   1.579e+08   1e-05  0.98  1.1e-02  2.2e-05  0.0e+00  0.0e+00  2.8e-01  2.4e-03  2.8e-01
 449  T 1   1.579e+08   5e-07  0.98  1.3e-02  2.1e-05  1.1e-02  1.3e-01  2.7e-01  2.1e-03  2.7e-01
 450  F 0   1.579e+08   5e-07  0.98  8.9e-03  2.1e-05  0.0e+00  0.0e+00  2.7e-01  2.4e-03  2.7e-01
 450  T 1   1.579e+08  -4e-06  0.98  1.1e-02  1.9e-05  8.9e-03  1.1e-01  2.8e-01  2.2e-03  2.8e-01
 451  T 0   1.579e+08  -4e-06  0.98  1.3e-02  1.9e-05  1.1e-02  1.3e-01  2.7e-01  2.5e-03  2.7e-01
 452  F 0   1.579e+08  -4e-06  0.98  9.0e-03  1.9e-05  0.0e+00  0.0e+00  2.7e-01  2.5e-03  2.7e-01
 452  T 1   1.579e+08  -1e-06  0.98  1.1e-02  1.8e-05  9.0e-03  1.1e-01  2.7e-01  2.1e-03  2.7e-01
 453  T 0   1.579e+08  -6e-06  0.98  1.3e-02  1.5e-05  1.1e-02  1.3e-01  2.7e-01  2.7e-03  2.7e-01
 454  F 0   1.579e+08  -6e-06  0.98  9.1e-03  1.5e-05  0.0e+00  0.0e+00  2.7e-01  2.4e-03  2.8e-01
 454  T 1   1.579e+08  -7e-06  0.98  1.1e-02  1.8e-05  9.1e-03  1.1e-01  2.7e-01  2.6e-03  2.7e-01
 455  T 0   1.579e+08  -3e-06  0.98  1.3e-02  2.2e-05  1.1e-02  1.3e-01  2.7e-01  2.8e-03  2.7e-01
 456  F 0   1.579e+08  -3e-06  0.98  9.1e-03  2.2e-05  0.0e+00  0.0e+00  2.7e-01  2.2e-03  2.7e-01
 456  T 1   1.579e+08   8e-06  0.98  1.1e-02  1.9e-05  9.1e-03  1.1e-01  2.7e-01  2.5e-03  2.7e-01
 457  T 0   1.579e+08   8e-06  0.98  1.3e-02  2.1e-05  1.1e-02  1.3e-01  2.7e-01  2.4e-03  2.7e-01
 458  F 0   1.579e+08   8e-06  0.98  9.2e-03  2.1e-05  0.0e+00  0.0e+00  2.6e-01  2.2e-03  2.7e-01
 458  T 1   1.579e+08   1e-06  0.98  1.1e-02  1.7e-05  9.2e-03  1.1e-01  2.8e-01  2.1e-03  2.8e-01
 459  T 0   1.579e+08  -4e-07  0.98  1.3e-02  1.5e-05  1.1e-02  1.3e-01  2.7e-01  3.0e-03  2.7e-01
 460  F 0   1.579e+08  -4e-07  0.98  9.3e-03  1.5e-05  0.0e+00  0.0e+00  2.7e-01  2.4e-03  2.7e-01
 460  T 1   1.579e+08  -4e-06  0.98  1.1e-02  1.7e-05  9.3e-03  1.1e-01  2.6e-01  2.3e-03  2.7e-01
 461  T 0   1.579e+08  -4e-06  0.98  1.3e-02  2.2e-05  1.1e-02  1.3e-01  2.7e-01  2.7e-03  2.7e-01
 462  T 0   1.579e+08   2e-05  0.98  1.6e-02  2.7e-05  1.3e-02  1.6e-01  2.7e-01  1.8e-03  2.7e-01
 463  F 0   1.579e+08   2e-05  0.98  1.1e-02  2.7e-05  0.0e+00  0.0e+00  2.7e-01  3.0e-03  2.7e-01
 463  T 1   1.579e+08  -5e-06  0.98  1.3e-02  1.9e-05  1.1e-02  1.4e-01  2.7e-01  1.8e-03  2.7e-01
 464  T 0   1.579e+08   1e-05  0.98  1.6e-02  2.6e-05  1.3e-02  1.6e-01  2.7e-01  2.8e-03  2.7e-01
 465  F 0   1.579e+08   1e-05  0.98  1.1e-02  2.6e-05  0.0e+00  0.0e+00  2.6e-01  2.7e-03  2.7e-01
 465  T 1   1.579e+08   1e-05  0.98  1.4e-02  1.7e-05  1.1e-02  1.3e-01  2.6e-01  2.7e-03  2.7e-01
 466  F 0   1.579e+08   1e-05  0.98  9.5e-03  1.7e-05  0.0e+00  0.0e+00  2.7e-01  3.4e-03  2.7e-01
 466  T 1   1.579e+08   8e-06  0.98  1.1e-02  1.9e-05  9.5e-03  1.1e-01  2.7e-01  2.3e-03  2.7e-01
 467  F 0   1.579e+08   8e-06  0.98  8.0e-03  1.9e-05  0.0e+00  0.0e+00  2.7e-01  2.1e-03  2.7e-01
 467  T 1   1.579e+08  -5e-06  0.98  9.6e-03  1.7e-05  8.0e-03  9.4e-02  2.7e-01  2.4e-03  2.7e-01
 468  T 0   1.579e+08   1e-05  0.98  1.2e-02  1.5e-05  9.6e-03  1.1e-01  2.8e-01  2.7e-03  2.8e-01
 469  T 0   1.579e+08   1e-05  0.98  1.4e-02  2.2e-05  1.2e-02  1.3e-01  2.7e-01  2.7e-03  2.7e-01
 470  T 0   1.579e+08   9e-06  0.98  1.7e-02  2.1e-05  1.4e-02  1.7e-01  2.7e-01  3.0e-03  2.7e-01
 471  F 0   1.579e+08   9e-06  0.98  1.2e-02  2.1e-05  0.0e+00  0.0e+00  2.7e-01  3.2e-03  2.8e-01
 471  T 1   1.579e+08   1e-05  0.98  1.4e-02  1.9e-05  1.2e-02  1.4e-01  2.8e-01  2.5e-03  2.8e-01
 472  F 0   1.579e+08   1e-05  0.98  9.7e-03  1.9e-05  0.0e+00  0.0e+00  2.7e-01  3.7e-03  2.7e-01
 472  T 1   1.579e+08   9e-06  0.98  1.2e-02  1.5e-05  9.7e-03  1.2e-01  2.7e-01  3.0e-03  2.7e-01
 473  T 0   1.579e+08   2e-05  0.98  1.4e-02  2.4e-05  1.2e-02  1.4e-01  2.7e-01  2.7e-03  2.7e-01
 474  T 0   1.579e+08   3e-05  0.98  1.7e-02  2.2e-05  1.4e-02  1.7e-01  2.7e-01  2.8e-03  2.7e-01
 475  F 0   1.579e+08   3e-05  0.98  1.2e-02  2.2e-05  0.0e+00  0.0e+00  2.7e-01  2.6e-03  2.7e-01
 475  T 1   1.579e+08   8e-06  0.98  1.4e-02  1.9e-05  1.2e-02  1.4e-01  2.7e-01  2.5e-03  2.7e-01
 476  F 0   1.579e+08   8e-06  0.98  9.9e-03  1.9e-05  0.0e+00  0.0e+00  2.8e-01  2.5e-03  2.8e-01
 476  T 1   1.579e+08   5e-06  0.98  1.2e-02  1.7e-05  9.9e-03  1.2e-01  2.7e-01  2.2e-03  2.7e-01
 477  F 0   1.579e+08   5e-06  0.98  8.3e-03  1.7e-05  0.0e+00  0.0e+00  2.7e-01  3.0e-03  2.7e-01
 477  T 1   1.579e+08  -1e-05  0.98  1.0e-02  1.9e-05  8.3e-03  9.9e-02  2.7e-01  2.9e-03  2.7e-01
 478  T 0   1.579e+08  -6e-06  0.98  1.2e-02  1.8e-05  1.0e-02  1.2e-01  2.7e-01  2.7e-03  2.8e-01
 479  T 0   1.579e+08  -8e-07  0.98  1.4e-02  2.3e-05  1.2e-02  1.4e-01  2.7e-01  3.0e-03  2.7e-01
 480  F 0   1.579e+08  -8e-07  0.98  1.0e-02  2.3e-05  0.0e+00  0.0e+00  2.7e-01  2.5e-03  2.7e-01
 480  T 1   1.579e+08  -2e-07  0.98  1.2e-02  1.7e-05  1.0e-02  1.2e-01  2.7e-01  2.6e-03  2.7e-01
 481  F 0   1.579e+08  -2e-07  0.98  8.4e-03  1.7e-05  0.0e+00  0.0e+00  2.7e-01  2.7e-03  2.7e-01
 481  T 1   1.579e+08   7e-06  0.98  1.0e-02  2.0e-05  8.4e-03  1.0e-01  2.7e-01  2.1e-03  2.7e-01
 482  T 0   1.579e+08   6e-06  0.98  1.2e-02  1.9e-05  1.0e-02  1.2e-01  2.6e-01  2.2e-03  2.7e-01
 483  T 0   1.579e+08  -4e-07  0.98  1.5e-02  2.4e-05  1.2e-02  1.5e-01  2.7e-01  3.0e-03  2.7e-01
 484  F 0   1.579e+08  -4e-07  0.98  1.0e-02  2.4e-05  0.0e+00  0.0e+00  2.7e-01  2.5e-03  2.7e-01
 484  T 1   1.578e+08  -4e-06  0.98  1.2e-02  1.8e-05  1.0e-02  1.3e-01  2.7e-01  2.4e-03  2.7e-01
 485  F 0   1.578e+08  -4e-06  0.98  8.6e-03  1.8e-05  0.0e+00  0.0e+00  2.7e-01  2.5e-03  2.7e-01
 485  T 1   1.578e+08  -7e-06  0.98  1.0e-02  2.1e-05  8.6e-03  1.1e-01  2.8e-01  2.1e-03  2.8e-01
 486  T 0   1.578e+08   3e-05  0.98  1.2e-02  2.1e-05  1.0e-02  1.2e-01  2.7e-01  1.9e-03  2.7e-01
 487  T 0   1.578e+08   3e-05  0.98  1.5e-02  2.5e-05  1.2e-02  1.5e-01  2.7e-01  2.4e-03  2.7e-01
 488  F 0   1.578e+08   3e-05  0.98  1.0e-02  2.5e-05  0.0e+00  0.0e+00  2.7e-01  3.4e-03  2.7e-01
 488  T 1   1.578e+08  -4e-07  0.98  1.2e-02  1.8e-05  1.0e-02  1.3e-01  2.7e-01  3.0e-03  2.7e-01
 489  F 0   1.578e+08  -4e-07  0.98  8.7e-03  1.8e-05  0.0e+00  0.0e+00  2.7e-01  3.0e-03  2.7e-01
 489  T 1   1.578e+08   6e-06  0.98  1.0e-02  2.1e-05  8.7e-03  1.1e-01  2.7e-01  2.6e-03  2.7e-01
 490  T 0   1.578e+08   4e-06  0.98  1.3e-02  2.0e-05  1.0e-02  1.3e-01  2.7e-01  2.4e-03  2.7e-01
 491  T 0   1.578e+08  -8e-06  0.98  1.5e-02  2.6e-05  1.3e-02  1.5e-01  2.7e-01  2.1e-03  2.7e-01
 492  T 0   1.578e+08   5e-06  0.98  1.8e-02  2.7e-05  1.5e-02  1.9e-01  2.7e-01  2.7e-03  2.7e-01
 493  F 0   1.578e+08   5e-06  0.98  1.3e-02  2.7e-05  0.0e+00  0.0e+00  2.7e-01  2.2e-03  2.7e-01
 493  T 1   1.578e+08   1e-05  0.98  1.5e-02  2.2e-05  1.3e-02  1.6e-01  2.7e-01  2.4e-03  2.7e-01
 494  F 0   1.578e+08   1e-05  0.98  1.1e-02  2.2e-05  0.0e+00  0.0e+00  2.7e-01  3.6e-03  2.7e-01
 494  F 1   1.578e+08   1e-05  0.98  7.4e-03  2.2e-05  0.0e+00  0.0e+00  2.6e-01  3.2e-03  2.7e-01
 494  T 2   1.578e+08  -4e-06  0.98  8.9e-03  2.0e-05  7.4e-03  9.3e-02  2.7e-01  2.7e-03  2.7e-01
 495  T 0   1.578e+08  -5e-06  0.98  1.1e-02  1.8e-05  8.9e-03  1.1e-01  2.7e-01  2.8e-03  2.7e-01
 496  T 0   1.578e+08   2e-06  0.98  1.3e-02  1.9e-05  1.1e-02  1.3e-01  2.7e-01  3.1e-03  2.7e-01
 497  T 0   1.578e+08   8e-06  0.98  1.5e-02  2.6e-05  1.3e-02  1.5e-01  2.7e-01  3.0e-03  2.7e-01
 498  F 0   1.578e+08   8e-06  0.98  1.1e-02  2.6e-05  0.0e+00  0.0e+00  2.7e-01  2.8e-03  2.7e-01
 498  T 1   1.578e+08   1e-06  0.98  1.3e-02  1.6e-05  1.1e-02  1.3e-01  2.7e-01  2.4e-03  2.7e-01
 499  F 0   1.578e+08   1e-06  0.98  9.1e-03  1.6e-05  0.0e+00  0.0e+00  2.7e-01  2.4e-03  2.8e-01
 499  T 1   1.578e+08   8e-06  0.98  1.1e-02  2.0e-05  9.1e-03  1.1e-01  2.9e-01  2.1e-03  2.9e-01
 500  F 0   1.578e+08   8e-06  0.98  7.6e-03  2.0e-05  0.0e+00  0.0e+00  3.0e-01  1.3e-03  3.0e-01
 500  T 1   1.578e+08   4e-07  0.98  9.1e-03  1.5e-05  7.6e-03  9.2e-02  3.0e-01  1.3e-03  3.0e-01
 501  T 0   1.578e+08  -1e-05  0.98  1.1e-02  1.8e-05  9.1e-03  1.1e-01  2.8e-01  1.8e-03  2.8e-01
 502  F 0   1.578e+08  -1e-05  0.98  7.7e-03  1.8e-05  0.0e+00  0.0e+00  2.7e-01  1.9e-03  2.8e-01
 502  T 1   1.578e+08  -2e-05  0.98  9.2e-03  1.5e-05  7.7e-03  9.2e-02  2.7e-01  1.5e-03  2.7e-01
 503  T 0   1.578e+08  -4e-06  0.98  1.1e-02  1.8e-05  9.2e-03  1.1e-01  2.8e-01  1.8e-03  2.8e-01
 504  F 0   1.578e+08  -4e-06  0.98  7.7e-03  1.8e-05  0.0e+00  0.0e+00  2.7e-01  1.8e-03  2.7e-01
 504  T 1   1.578e+08  -3e-05  0.98  9.3e-03  1.6e-05  7.7e-03  9.3e-02  2.6e-01  1.6e-03  2.7e-01
 505  T 0   1.578e+08  -3e-06  0.98  1.1e-02  1.9e-05  9.3e-03  1.1e-01  2.7e-01  1.5e-03  2.7e-01
 506  F 0   1.578e+08  -3e-06  0.98  7.8e-03  1.9e-05  0.0e+00  0.0e+00  2.7e-01  2.7e-03  2.8e-01
 506  T 1   1.578e+08   5e-06  0.98  9.4e-03  1.6e-05  7.8e-03  9.3e-02  2.7e-01  2.2e-03  2.7e-01
 507  F 0   1.578e+08   5e-06  0.98  6.6e-03  1.6e-05  0.0e+00  0.0e+00  2.7e-01  1.9e-03  2.7e-01
 507  T 1   1.578e+08  -2e-05  0.98  7.9e-03  1.8e-05  6.6e-03  7.9e-02  2.7e-01  1.7e-03  2.7e-01
 508  T 0   1.578e+08   2e-05  0.98  9.4e-03  1.6e-05  7.9e-03  9.3e-02  2.7e-01  1.8e-03  2.7e-01
 509  T 0   1.578e+08   1e-05  0.98  1.1e-02  1.9e-05  9.4e-03  1.1e-01  2.7e-01  1.8e-03  2.7e-01
 510  T 0   1.578e+08   2e-05  0.98  1.4e-02  2.1e-05  1.1e-02  1.4e-01  2.7e-01  1.8e-03  2.8e-01
 511  F 0   1.578e+08   2e-05  0.98  9.5e-03  2.1e-05  0.0e+00  0.0e+00  2.7e-01  2.5e-03  2.7e-01
 511  T 1   1.578e+08   1e-05  0.98  1.1e-02  2.0e-05  9.5e-03  1.2e-01  2.8e-01  2.7e-03  2.8e-01
 512  F 0   1.578e+08   1e-05  0.98  8.0e-03  2.0e-05  0.0e+00  0.0e+00  2.7e-01  1.9e-03  2.7e-01
 512  T 1   1.578e+08   1e-05  0.98  9.6e-03  1.7e-05  8.0e-03  9.6e-02  2.8e-01  1.5e-03  2.8e-01
 513  T 0   1.578e+08   2e-06  0.98  1.2e-02  2.1e-05  9.6e-03  1.1e-01  2.7e-01  1.6e-03  2.7e-01
 514  F 0   1.578e+08   2e-06  0.98  8.1e-03  2.1e-05  0.0e+00  0.0e+00  2.7e-01  1.5e-03  2.7e-01
 514  T 1   1.578e+08  -1e-06  0.98  9.7e-03  1.8e-05  8.1e-03  9.6e-02  2.8e-01  1.2e-03  2.8e-01
 515  T 0   1.578e+08   8e-06  0.98  1.2e-02  2.1e-05  9.7e-03  1.1e-01  2.8e-01  1.5e-03  2.8e-01
 516  T 0   1.578e+08   8e-06  0.98  1.4e-02  2.0e-05  1.2e-02  1.4e-01  2.8e-01  1.5e-03  2.8e-01
 517  F 0   1.578e+08   8e-06  0.98  9.8e-03  2.0e-05  0.0e+00  0.0e+00  2.8e-01  2.1e-03  2.8e-01
 517  T 1   1.578e+08  -2e-06  0.98  1.2e-02  2.1e-05  9.8e-03  1.2e-01  2.7e-01  1.8e-03  2.7e-01
 518  T 0   1.578e+08   2e-05  0.98  1.4e-02  2.4e-05  1.2e-02  1.4e-01  2.6e-01  1.8e-03  2.7e-01
 519  F 0   1.578e+08   2e-05  0.98  9.8e-03  2.4e-05  0.0e+00  0.0e+00  2.7e-01  1.8e-03  2.7e-01
 519  T 1   1.578e+08  -2e-05  0.98  1.2e-02  2.1e-05  9.8e-03  1.2e-01  2.7e-01  1.5e-03  2.7e-01
 520  T 0   1.578e+08  -8e-08  0.98  1.4e-02  1.8e-05  1.2e-02  1.4e-01  2.7e-01  2.4e-03  2.7e-01
 521  F 0   1.578e+08  -8e-08  0.98  9.9e-03  1.8e-05  0.0e+00  0.0e+00  3.3e-01  1.8e-03  3.4e-01
 521  T 1   1.578e+08  -1e-05  0.98  1.2e-02  2.1e-05  9.9e-03  1.2e-01  2.7e-01  1.5e-03  2.7e-01
 522  F 0   1.578e+08  -1e-05  0.98  8.3e-03  2.1e-05  0.0e+00  0.0e+00  2.7e-01  1.8e-03  2.8e-01
 522  T 1   1.578e+08   6e-06  0.98  1.0e-02  1.8e-05  8.3e-03  1.0e-01  2.7e-01  1.3e-03  2.7e-01
 523  T 0   1.578e+08   6e-06  0.98  1.2e-02  2.1e-05  1.0e-02  1.2e-01  2.8e-01  1.5e-03  2.8e-01
 524  T 0   1.578e+08   2e-06  0.98  1.4e-02  2.1e-05  1.2e-02  1.4e-01  2.7e-01  1.5e-03  2.7e-01
 525  T 0   1.578e+08  -6e-06  0.98  1.7e-02  2.9e-05  1.4e-02  1.7e-01  2.8e-01  3.0e-03  2.8e-01
 526  F 0   1.578e+08  -6e-06  0.98  1.2e-02  2.9e-05  0.0e+00  0.0e+00  2.7e-01  2.9e-03  2.8e-01
 526  T 1   1.578e+08   8e-06  0.98  1.4e-02  1.9e-05  1.2e-02  1.5e-01  2.8e-01  2.8e-03  2.8e-01
 527  F 0   1.578e+08   8e-06  0.98  1.0e-02  1.9e-05  0.0e+00  0.0e+00  2.7e-01  3.1e-03  2.7e-01
 527  F 1   1.578e+08   8e-06  0.98  7.1e-03  1.9e-05  0.0e+00  0.0e+00  2.9e-01  1.5e-03  2.9e-01
 527  T 2   1.578e+08  -2e-05  0.98  8.5e-03  2.1e-05  7.1e-03  8.6e-02  2.7e-01  1.6e-03  2.7e-01
 528  T 0   1.578e+08  -3e-06  0.98  1.0e-02  1.9e-05  8.5e-03  1.0e-01  2.7e-01  2.6e-03  2.7e-01
 529  T 0   1.578e+08   1e-07  0.98  1.2e-02  2.2e-05  1.0e-02  1.2e-01  2.8e-01  2.5e-03  2.8e-01
 530  T 0   1.578e+08   3e-06  0.98  1.5e-02  2.0e-05  1.2e-02  1.4e-01  2.7e-01  1.5e-03  2.7e-01
 531  F 0   1.578e+08   3e-06  0.98  1.0e-02  2.0e-05  0.0e+00  0.0e+00  2.6e-01  2.5e-03  2.7e-01
 531  T 1   1.578e+08   9e-07  0.98  1.2e-02  2.2e-05  1.0e-02  1.2e-01  2.7e-01  2.1e-03  2.7e-01
 532  F 0   1.578e+08   9e-07  0.98  8.7e-03  2.2e-05  0.0e+00  0.0e+00  2.7e-01  2.2e-03  2.8e-01
 532  T 1   1.577e+08  -4e-06  0.98  1.0e-02  1.9e-05  8.7e-03  1.0e-01  2.8e-01  2.1e-03  2.8e-01
 533  T 0   1.577e+08  -9e-06  0.98  1.2e-02  2.2e-05  1.0e-02  1.2e-01  2.7e-01  2.1e-03  2.7e-01
 534  T 0   1.577e+08   2e-05  0.98  1.5e-02  2.3e-05  1.2e-02  1.5e-01  2.7e-01  1.9e-03  2.7e-01
 535  F 0   1.577e+08   2e-05  0.98  1.0e-02  2.3e-05  0.0e+00  0.0e+00  2.7e-01  2.4e-03  2.7e-01
 535  T 1   1.577e+08   4e-06  0.98  1.3e-02  2.2e-05  1.0e-02  1.3e-01  3.6e-01  2.4e-03  3.6e-01
 536  F 0   1.577e+08   4e-06  0.98  8.8e-03  2.2e-05  0.0e+00  0.0e+00  2.7e-01  2.7e-03  2.7e-01
 536  T 1   1.577e+08  -8e-06  0.98  1.1e-02  1.7e-05  8.8e-03  1.0e-01  2.7e-01  2.5e-03  2.7e-01
 537  F 0   1.577e+08  -8e-06  0.98  7.4e-03  1.7e-05  0.0e+00  0.0e+00  2.7e-01  2.4e-03  2.7e-01
 537  T 1   1.577e+08  -2e-05  0.98  8.9e-03  1.5e-05  7.4e-03  8.7e-02  2.7e-01  2.1e-03  2.7e-01
 538  T 0   1.577e+08  -2e-06  0.98  1.1e-02  1.2e-05  8.9e-03  1.0e-01  2.7e-01  2.2e-03  2.7e-01
 539  F 0   1.577e+08  -2e-06  0.98  7.5e-03  1.2e-05  0.0e+00  0.0e+00  2.7e-01  2.7e-03  2.7e-01
 539  F 1   1.577e+08  -2e-06  0.98  5.2e-03  1.2e-05  0.0e+00  0.0e+00  2.7e-01  1.5e-03  2.7e-01
 539  T 2   1.577e+08  -3e-05  0.98  6.3e-03  1.2e-05  5.2e-03  6.1e-02  2.7e-01  1.5e-03  2.7e-01
 540  T 0   1.577e+08   5e-07  0.98  7.5e-03  1.2e-05  6.3e-03  7.3e-02  2.7e-01  2.4e-03  2.7e-01
 541  T 0   1.577e+08  -8e-06  0.98  9.0e-03  1.2e-05  7.5e-03  8.7e-02  2.7e-01  2.7e-03  2.7e-01
 542  T 0   1.577e+08   1e-05  0.98  1.1e-02  1.6e-05  9.0e-03  1.0e-01  2.7e-01  1.8e-03  2.7e-01
 543  T 0   1.577e+08   6e-06  0.98  1.3e-02  2.3e-05  1.1e-02  1.3e-01  2.7e-01  2.7e-03  2.7e-01
 544  T 0   1.577e+08   3e-05  0.98  1.6e-02  2.3e-05  1.3e-02  1.6e-01  2.7e-01  1.8e-03  2.7e-01
 545  F 0   1.577e+08   3e-05  0.98  1.1e-02  2.3e-05  0.0e+00  0.0e+00  2.7e-01  2.5e-03  2.7e-01
 545  T 1   1.577e+08   5e-06  0.98  1.3e-02  2.1e-05  1.1e-02  1.3e-01  2.7e-01  2.1e-03  2.7e-01
 546  F 0   1.577e+08   5e-06  0.98  9.2e-03  2.1e-05  0.0e+00  0.0e+00  2.7e-01  2.2e-03  2.7e-01
 546  T 1   1.577e+08   2e-05  0.98  1.1e-02  1.8e-05  9.2e-03  1.1e-01  2.7e-01  1.8e-03  2.7e-01
 547  F 0   1.577e+08   2e-05  0.98  7.7e-03  1.8e-05  0.0e+00  0.0e+00  2.7e-01  1.8e-03  2.7e-01
 547  T 1   1.577e+08  -1e-05  0.98  9.2e-03  1.6e-05  7.7e-03  9.3e-02  2.7e-01  1.6e-03  2.7e-01
 548  T 0   1.577e+08  -9e-06  0.98  1.1e-02  1.7e-05  9.2e-03  1.1e-01  2.7e-01  2.4e-03  2.7e-01
 549  T 0   1.577e+08   6e-06  0.98  1.3e-02  2.3e-05  1.1e-02  1.3e-01  2.7e-01  2.2e-03  2.8e-01
 550  F 0   1.577e+08   6e-06  0.98  9.3e-03  2.3e-05  0.0e+00  0.0e+00  2.7e-01  1.8e-03  2.7e-01
 550  T 1   1.577e+08   2e-05  0.98  1.1e-02  1.5e-05  9.3e-03  1.1e-01  2.7e-01  1.5e-03  2.7e-01
 551  F 0   1.577e+08   2e-05  0.98  7.8e-03  1.5e-05  0.0e+00  0.0e+00  2.7e-01  1.9e-03  2.7e-01
 551  T 1   1.577e+08  -1e-05  0.98  9.4e-03  1.4e-05  7.8e-03  9.4e-02  2.7e-01  1.5e-03  2.7e-01
 552  F 0   1.577e+08  -1e-05  0.98  6.6e-03  1.4e-05  0.0e+00  0.0e+00  2.7e-01  1.9e-03  2.7e-01
 552  T 1   1.577e+08  -2e-05  0.98  7.9e-03  1.3e-05  6.6e-03  7.7e-02  2.7e-01  1.5e-03  2.7e-01
 553  T 0   1.577e+08   3e-05  0.98  9.5e-03  1.5e-05  7.9e-03  9.2e-02  2.8e-01  1.8e-03  2.8e-01
 554  F 0   1.577e+08   3e-05  0.98  6.6e-03  1.5e-05  0.0e+00  0.0e+00  2.6e-01  1.8e-03  2.7e-01
 554  T 1   1.577e+08   2e-05  0.98  7.9e-03  1.3e-05  6.6e-03  7.8e-02  2.6e-01  1.5e-03  2.7e-01
 555  F 0   1.577e+08   2e-05  0.98  5.6e-03  1.3e-05  0.0e+00  0.0e+00  2.7e-01  1.8e-03  2.7e-01
 555  T 1   1.577e+08   1e-05  0.98  6.7e-03  1.4e-05  5.6e-03  6.5e-02  2.7e-01  1.5e-03  2.7e-01
 556  T 0   1.577e+08   1e-05  0.98  8.0e-03  1.3e-05  6.7e-03  7.8e-02  2.7e-01  3.0e-03  2.8e-01
 557  F 0   1.577e+08   1e-05  0.98  5.6e-03  1.3e-05  0.0e+00  0.0e+00  3.5e-01  3.0e-03  3.5e-01
 557  F 1   1.577e+08   1e-05  0.98  3.9e-03  1.3e-05  0.0e+00  0.0e+00  2.8e-01  1.5e-03  2.9e-01
 557  F 2   1.577e+08   1e-05  0.98  2.7e-03  1.3e-05  0.0e+00  0.0e+00  2.7e-01  1.7e-03  2.8e-01
 557  F 3   1.577e+08   1e-05  0.98  1.9e-03  1.3e-05  0.0e+00  0.0e+00  2.8e-01  1.6e-03  2.8e-01
 557  T 4   1.577e+08  -5e-06  0.98  2.3e-03  1.3e-05  1.9e-03  2.2e-02  2.7e-01  1.2e-03  2.8e-01
 558  T 0   1.577e+08   3e-06  0.98  2.8e-03  1.4e-05  2.3e-03  2.7e-02  2.8e-01  1.5e-03  2.8e-01
 559  T 0   1.577e+08  -8e-07  0.98  3.3e-03  1.4e-05  2.8e-03  3.2e-02  2.6e-01  2.2e-03  2.7e-01
 560  T 0   1.577e+08   3e-05  0.98  4.0e-03  1.4e-05  3.3e-03  3.8e-02  2.7e-01  1.8e-03  2.7e-01
 561  F 0   1.577e+08   3e-05  0.98  2.8e-03  1.4e-05  0.0e+00  0.0e+00  2.7e-01  2.4e-03  2.7e-01
 561  F 1   1.577e+08   3e-05  0.98  2.0e-03  1.4e-05  0.0e+00  0.0e+00  2.7e-01  2.1e-03  2.7e-01
 561  F 2   1.577e+08   3e-05  0.98  1.4e-03  1.4e-05  0.0e+00  0.0e+00  2.7e-01  2.1e-03  2.7e-01
 561  T 3   1.577e+08   5e-05  0.98  1.6e-03  1.4e-05  1.4e-03  1.6e-02  2.7e-01  1.6e-03  2.7e-01
 562  F 0   1.577e+08   5e-05  0.98  1.1e-03  1.4e-05  0.0e+00  0.0e+00  2.7e-01  2.1e-03  2.7e-01
 562  F 1   1.577e+08   5e-05  0.98  8.0e-04  1.4e-05  0.0e+00  0.0e+00  2.7e-01  2.2e-03  2.8e-01
 562  T 2   1.577e+08   5e-05  0.98  9.6e-04  1.4e-05  8.0e-04  9.3e-03  2.8e-01  1.5e-03  2.8e-01
Termination on Convergence criteria
Total number of system evaluations: 850
