   k  l     Obj         Vio    Bou   ML       |KKT|    |dX|     ||dX||   T_s      T_o      T_t
   0  T 0   5.388e+09   2e-02  0.00  1.0e-01  7.5e+02  1.0e+00  1.0e+00  3.8e-01  0.0e+00  0.0e+00
   1  T 0   2.680e+09  -3e-05  0.00  1.0e-01  1.3e-02  1.0e-01  8.5e+00  2.7e-01  4.9e-03  2.8e-01
   2  T 0   1.636e+09  -8e-02  0.00  1.0e-01  5.5e-03  1.0e-01  5.0e+00  2.0e-01  1.3e-03  2.1e-01
   3  T 0   1.113e+09  -9e-02  0.10  1.0e-01  2.5e-03  1.0e-01  3.7e+00  1.9e-01  1.1e-03  2.0e-01
   4  T 0   7.698e+08  -1e-01  0.16  1.0e-01  1.4e-03  1.0e-01  4.3e+00  2.0e-01  1.1e-03  2.0e-01
   5  T 0   5.325e+08  -2e-01  0.27  1.0e-01  2.4e-03  1.0e-01  5.1e+00  1.9e-01  1.1e-03  1.9e-01
   6  F 0   5.325e+08  -2e-01  0.27  1.0e-01  2.4e-03  0.0e+00  0.0e+00  2.3e-01  1.2e-03  2.3e-01
   6  T 1   4.329e+08  -2e-01  0.33  1.0e-01  2.3e-03  1.0e-01  3.5e+00  2.0e-01  8.7e-04  2.0e-01
   7  T 0   3.500e+08  -3e-01  0.38  1.0e-01  7.7e-04  1.0e-01  4.7e+00  1.9e-01  1.1e-03  1.9e-01
   8  T 0   2.917e+08  -3e-01  0.43  1.0e-01  2.4e-04  1.0e-01  5.0e+00  1.9e-01  1.2e-03  2.0e-01
   9  T 0   2.519e+08  -4e-01  0.53  1.0e-01  4.5e-04  1.0e-01  5.3e+00  2.0e-01  1.1e-03  2.0e-01
  10  T 0   2.340e+08  -3e-01  0.64  1.0e-01  4.9e-04  1.0e-01  4.5e+00  2.0e-01  9.4e-04  2.0e-01
  11  T 0   2.210e+08  -3e-01  0.68  1.0e-01  9.5e-05  1.0e-01  3.4e+00  2.5e-01  1.2e-03  2.6e-01
  12  T 0   2.116e+08  -2e-01  0.73  1.0e-01  5.3e-05  1.0e-01  2.9e+00  2.1e-01  9.4e-04  2.1e-01
  13  F 0   2.116e+08  -2e-01  0.73  1.0e-01  5.3e-05  0.0e+00  0.0e+00  2.1e-01  1.2e-03  2.2e-01
  13  T 1   2.080e+08  -2e-01  0.75  1.0e-01  5.6e-05  9.2e-02  1.1e+00  2.1e-01  8.7e-04  2.1e-01
  14  T 0   2.002e+08  -2e-01  0.78  1.0e-01  1.0e-04  1.0e-01  3.1e+00  2.1e-01  1.2e-03  2.1e-01
  15  T 0   1.936e+08  -1e-01  0.82  1.0e-01  9.5e-05  1.0e-01  3.7e+00  2.2e-01  1.1e-03  2.2e-01
  16  T 0   1.879e+08  -1e-01  0.84  1.0e-01  6.1e-05  1.0e-01  3.5e+00  2.1e-01  1.2e-03  2.2e-01
  17  T 0   1.836e+08  -5e-02  0.86  1.0e-01  5.2e-05  1.0e-01  2.9e+00  2.4e-01  1.1e-03  2.4e-01
  18  T 0   1.804e+08  -4e-02  0.88  1.0e-01  1.0e-04  1.0e-01  2.5e+00  2.4e-01  1.2e-03  2.4e-01
  19  T 0   1.781e+08  -8e-03  0.89  1.0e-01  3.6e-05  1.0e-01  2.1e+00  2.4e-01  1.2e-03  2.5e-01
  20  T 0   1.767e+08  -5e-04  0.90  1.0e-01  3.0e-05  1.0e-01  1.8e+00  2.8e-01  1.2e-03  2.9e-01
  21  T 0   1.761e+08  -5e-07  0.91  1.0e-01  3.0e-05  1.0e-01  1.2e+00  2.1e-01  2.0e-03  2.1e-01
  22  T 0   1.757e+08  -6e-07  0.92  1.0e-01  2.6e-05  1.0e-01  9.3e-01  2.0e-01  1.8e-03  2.1e-01
  23  T 0   1.754e+08   3e-07  0.92  1.0e-01  2.1e-05  1.0e-01  7.2e-01  2.1e-01  2.0e-03  2.1e-01
  24  T 0   1.752e+08  -3e-06  0.93  1.0e-01  2.3e-05  1.0e-01  6.4e-01  2.2e-01  1.6e-03  2.2e-01
  25  T 0   1.749e+08   3e-06  0.93  1.0e-01  3.6e-05  1.0e-01  8.5e-01  2.1e-01  1.6e-03  2.2e-01
  26  T 0   1.748e+08  -9e-07  0.93  1.0e-01  2.9e-05  1.0e-01  8.1e-01  2.1e-01  1.6e-03  2.1e-01
  27  F 0   1.748e+08  -9e-07  0.93  1.0e-01  2.9e-05  0.0e+00  0.0e+00  2.2e-01  1.7e-03  2.3e-01
  27  T 1   1.747e+08   1e-06  0.93  1.0e-01  2.4e-05  1.5e-02  7.1e-02  2.1e-01  1.4e-03  2.1e-01
  28  T 0   1.746e+08  -2e-07  0.94  1.0e-01  2.4e-05  1.0e-01  5.2e-01  2.1e-01  1.6e-03  2.1e-01
  29  T 0   1.744e+08  -7e-08  0.94  1.0e-01  2.1e-05  9.8e-02  3.8e-01  2.1e-01  1.7e-03  2.1e-01
  30  T 0   1.743e+08   2e-06  0.94  1.0e-01  1.4e-05  6.4e-02  4.1e-01  2.0e-01  1.6e-03  2.1e-01
  31  T 0   1.742e+08  -2e-06  0.95  1.0e-01  1.7e-05  1.0e-01  8.0e-01  2.0e-01  1.6e-03  2.1e-01
  32  T 0   1.741e+08  -9e-07  0.95  1.0e-01  3.0e-05  1.0e-01  1.1e+00  2.0e-01  1.6e-03  2.0e-01
  33  F 0   1.741e+08  -9e-07  0.95  1.0e-01  3.0e-05  0.0e+00  0.0e+00  2.1e-01  1.7e-03  2.1e-01
  33  T 1   1.740e+08  -2e-07  0.95  1.0e-01  1.5e-05  3.3e-02  1.4e-01  2.3e-01  1.4e-03  2.3e-01
  34  T 0   1.739e+08  -5e-08  0.95  1.0e-01  1.3e-05  5.0e-02  2.6e-01  2.1e-01  1.7e-03  2.1e-01
  35  T 0   1.739e+08  -1e-07  0.95  1.0e-01  6.9e-06  3.3e-02  2.3e-01  2.0e-01  1.6e-03  2.0e-01
  36  T 0   1.737e+08  -9e-07  0.96  1.0e-01  8.1e-06  1.0e-01  8.2e-01  2.1e-01  1.6e-03  2.1e-01
  37  F 0   1.737e+08  -9e-07  0.96  1.0e-01  8.1e-06  0.0e+00  0.0e+00  2.1e-01  2.0e-03  2.2e-01
  37  T 1   1.736e+08  -3e-06  0.96  1.0e-01  1.0e-05  1.0e-01  6.3e-01  2.0e-01  1.3e-03  2.1e-01
  38  F 0   1.736e+08  -3e-06  0.96  1.0e-01  1.0e-05  0.0e+00  0.0e+00  2.1e-01  1.7e-03  2.1e-01
  38  T 1   1.736e+08  -6e-08  0.96  1.0e-01  5.8e-06  3.4e-02  1.5e-01  2.2e-01  1.3e-03  2.2e-01
  39  T 0   1.736e+08   2e-07  0.96  1.0e-01  5.5e-06  4.7e-02  2.5e-01  2.1e-01  1.8e-03  2.2e-01
  40  T 0   1.734e+08  -5e-07  0.96  1.0e-01  1.2e-05  1.0e-01  1.1e+00  2.7e-01  1.6e-03  2.7e-01
  41  F 0   1.734e+08  -5e-07  0.96  1.0e-01  1.2e-05  0.0e+00  0.0e+00  2.5e-01  1.6e-03  2.5e-01
  41  T 1   1.734e+08  -2e-06  0.96  1.0e-01  1.5e-05  1.0e-01  5.8e-01  2.3e-01  1.4e-03  2.3e-01
  42  T 0   1.734e+08   4e-07  0.96  1.0e-01  9.8e-06  8.0e-02  4.2e-01  2.3e-01  1.7e-03  2.3e-01
  43  T 0   1.733e+08   6e-07  0.96  1.0e-01  5.9e-06  3.0e-02  1.8e-01  3.1e-01  1.6e-03  3.1e-01
  44  T 0   1.733e+08  -1e-05  0.96  1.0e-01  6.0e-06  4.0e-02  1.8e-01  2.2e-01  1.4e-03  2.2e-01
  45  T 0   1.733e+08  -4e-07  0.97  1.0e-01  2.0e-05  1.0e-01  1.3e+00  2.2e-01  1.8e-03  2.2e-01
  46  F 0   1.733e+08  -4e-07  0.97  1.0e-01  2.0e-05  0.0e+00  0.0e+00  2.1e-01  1.9e-03  2.1e-01
  46  T 1   1.732e+08  -1e-06  0.96  1.0e-01  8.6e-06  9.7e-02  4.4e-01  2.2e-01  1.4e-03  2.2e-01
  47  T 0   1.731e+08  -6e-07  0.96  1.0e-01  6.3e-06  3.2e-02  1.5e-01  2.3e-01  1.7e-03  2.3e-01
  48  T 0   1.731e+08   3e-08  0.96  1.0e-01  6.1e-06  7.5e-02  3.0e-01  2.1e-01  1.6e-03  2.1e-01
  49  F 0   1.731e+08   3e-08  0.96  1.0e-01  6.1e-06  0.0e+00  0.0e+00  2.4e-01  1.7e-03  2.5e-01
  49  T 1   1.730e+08  -1e-06  0.97  1.0e-01  5.1e-06  9.2e-02  4.4e-01  2.3e-01  1.4e-03  2.3e-01
  50  F 0   1.730e+08  -1e-06  0.97  1.0e-01  5.1e-06  0.0e+00  0.0e+00  2.1e-01  1.6e-03  2.1e-01
  50  T 1   1.730e+08  -4e-08  0.97  1.0e-01  5.1e-06  5.1e-02  2.8e-01  2.2e-01  1.6e-03  2.2e-01
  51  T 0   1.730e+08  -2e-07  0.96  1.0e-01  9.1e-06  6.1e-02  3.8e-01  2.1e-01  1.6e-03  2.1e-01
  52  T 0   1.730e+08   6e-07  0.96  1.0e-01  9.2e-06  7.5e-02  3.9e-01  2.0e-01  1.5e-03  2.0e-01
  53  T 0   1.729e+08  -3e-08  0.96  1.0e-01  6.5e-06  4.9e-02  2.6e-01  2.1e-01  1.7e-03  2.1e-01
  54  T 0   1.729e+08  -1e-08  0.96  1.0e-01  4.4e-06  2.3e-02  1.4e-01  2.1e-01  1.6e-03  2.1e-01
  55  T 0   1.729e+08  -2e-05  0.97  1.0e-01  4.6e-06  5.5e-02  2.8e-01  2.1e-01  1.5e-03  2.1e-01
  56  F 0   1.729e+08  -2e-05  0.97  1.0e-01  4.6e-06  0.0e+00  0.0e+00  2.1e-01  1.7e-03  2.1e-01
  56  T 1   1.729e+08   2e-05  0.97  1.0e-01  4.8e-06  5.5e-02  2.8e-01  2.1e-01  1.2e-03  2.1e-01
  57  F 0   1.729e+08   2e-05  0.97  1.0e-01  4.8e-06  0.0e+00  0.0e+00  2.7e-01  1.6e-03  2.7e-01
  57  T 1   1.729e+08  -2e-07  0.97  1.0e-01  4.7e-06  1.4e-02  7.9e-02  2.0e-01  1.4e-03  2.1e-01
  58  T 0   1.728e+08  -3e-07  0.97  1.0e-01  4.9e-06  5.7e-02  2.8e-01  2.2e-01  1.6e-03  2.3e-01
  59  F 0   1.728e+08  -3e-07  0.97  1.0e-01  4.9e-06  0.0e+00  0.0e+00  2.4e-01  1.3e-03  2.5e-01
  59  T 1   1.728e+08  -5e-06  0.97  1.0e-01  4.9e-06  4.3e-02  2.1e-01  2.1e-01  9.6e-04  2.1e-01
  60  T 0   1.728e+08  -3e-07  0.97  1.0e-01  1.1e-05  1.0e-01  5.7e-01  2.2e-01  1.6e-03  2.3e-01
  61  F 0   1.728e+08  -3e-07  0.97  1.0e-01  1.1e-05  0.0e+00  0.0e+00  2.5e-01  1.6e-03  2.6e-01
  61  T 1   1.727e+08  -4e-05  0.96  1.0e-01  5.5e-06  2.4e-02  1.2e-01  2.2e-01  1.2e-03  2.3e-01
  62  T 0   1.727e+08   3e-07  0.97  1.0e-01  5.2e-06  2.6e-02  1.5e-01  2.4e-01  1.7e-03  2.4e-01
  63  T 0   1.727e+08   4e-09  0.97  1.0e-01  5.2e-06  3.8e-02  1.6e-01  2.1e-01  1.7e-03  2.1e-01
  64  F 0   1.727e+08   4e-09  0.97  1.0e-01  5.2e-06  0.0e+00  0.0e+00  2.1e-01  1.8e-03  2.1e-01
  64  T 1   1.726e+08  -2e-07  0.97  1.0e-01  5.3e-06  1.0e-01  6.0e-01  2.2e-01  1.4e-03  2.2e-01
  65  F 0   1.726e+08  -2e-07  0.97  1.0e-01  5.3e-06  0.0e+00  0.0e+00  2.4e-01  1.7e-03  2.4e-01
  65  F 1   1.726e+08  -2e-07  0.97  1.0e-01  5.3e-06  0.0e+00  0.0e+00  2.7e-01  1.4e-03  2.7e-01
  65  T 2   1.726e+08   1e-05  0.97  1.0e-01  5.0e-06  1.7e-02  8.3e-02  2.1e-01  1.2e-03  2.1e-01
  66  T 0   1.726e+08   6e-07  0.97  1.0e-01  4.6e-06  4.8e-02  2.0e-01  3.0e-01  1.4e-03  3.1e-01
  67  F 0   1.726e+08   6e-07  0.97  1.0e-01  4.6e-06  0.0e+00  0.0e+00  3.0e-01  1.8e-03  3.1e-01
  67  T 1   1.726e+08   3e-06  0.97  1.0e-01  3.8e-06  3.8e-02  2.0e-01  2.6e-01  1.3e-03  2.6e-01
  68  F 0   1.726e+08   3e-06  0.97  1.0e-01  3.8e-06  0.0e+00  0.0e+00  2.3e-01  1.7e-03  2.3e-01
  68  T 1   1.726e+08   3e-08  0.97  1.0e-01  3.9e-06  2.5e-02  1.4e-01  3.0e-01  1.4e-03  3.0e-01
  69  T 0   1.725e+08  -3e-07  0.97  1.0e-01  6.5e-06  1.0e-01  6.9e-01  2.6e-01  2.0e-03  2.6e-01
  70  F 0   1.725e+08  -3e-07  0.97  1.0e-01  6.5e-06  0.0e+00  0.0e+00  2.5e-01  1.7e-03  2.5e-01
  70  T 1   1.725e+08   1e-07  0.97  1.0e-01  9.7e-06  6.7e-02  3.7e-01  2.2e-01  1.5e-03  2.3e-01
  71  F 0   1.725e+08   1e-07  0.97  1.0e-01  9.7e-06  0.0e+00  0.0e+00  2.2e-01  1.6e-03  2.2e-01
  71  T 1   1.725e+08  -2e-05  0.97  1.0e-01  8.2e-06  5.5e-03  3.0e-02  2.1e-01  1.2e-03  2.2e-01
  72  T 0   1.725e+08   1e-06  0.97  1.0e-01  4.1e-06  3.5e-02  1.9e-01  2.2e-01  1.6e-03  2.2e-01
  73  T 0   1.725e+08   1e-07  0.97  1.0e-01  3.9e-06  1.9e-02  9.5e-02  2.6e-01  1.6e-03  2.6e-01
  74  T 0   1.724e+08   4e-06  0.97  1.0e-01  7.8e-06  1.0e-01  1.1e+00  3.0e-01  1.9e-03  3.0e-01
  75  F 0   1.724e+08   4e-06  0.97  1.0e-01  7.8e-06  0.0e+00  0.0e+00  2.1e-01  1.6e-03  2.1e-01
  75  F 1   1.724e+08   4e-06  0.97  1.0e-01  7.8e-06  0.0e+00  0.0e+00  2.1e-01  1.4e-03  2.1e-01
  75  T 2   1.724e+08   7e-08  0.97  1.0e-01  6.3e-06  1.3e-02  8.2e-02  1.9e-01  1.1e-03  1.9e-01
  76  T 0   1.724e+08   7e-08  0.97  1.0e-01  5.6e-06  3.3e-02  1.7e-01  2.2e-01  1.7e-03  2.2e-01
  77  T 0   1.723e+08   3e-08  0.97  1.0e-01  5.6e-06  4.3e-02  1.7e-01  2.1e-01  1.7e-03  2.2e-01
  78  F 0   1.723e+08   3e-08  0.97  1.0e-01  5.6e-06  0.0e+00  0.0e+00  2.2e-01  1.6e-03  2.2e-01
  78  T 1   1.723e+08   2e-05  0.97  1.0e-01  5.4e-06  2.7e-02  1.0e-01  2.2e-01  1.2e-03  2.2e-01
  79  T 0   1.722e+08  -8e-07  0.97  1.0e-01  5.9e-06  1.0e-01  8.4e-01  2.2e-01  1.6e-03  2.2e-01
  80  F 0   1.722e+08  -8e-07  0.97  1.0e-01  5.9e-06  0.0e+00  0.0e+00  2.2e-01  1.9e-03  2.2e-01
  80  F 1   1.722e+08  -8e-07  0.97  1.0e-01  5.9e-06  0.0e+00  0.0e+00  2.1e-01  1.6e-03  2.1e-01
  80  T 2   1.722e+08  -7e-06  0.97  1.0e-01  5.5e-06  6.0e-02  2.5e-01  2.1e-01  1.2e-03  2.1e-01
  81  F 0   1.722e+08  -7e-06  0.97  1.0e-01  5.5e-06  0.0e+00  0.0e+00  2.1e-01  1.6e-03  2.1e-01
  81  T 1   1.722e+08   3e-07  0.97  1.0e-01  5.3e-06  8.8e-03  4.6e-02  2.0e-01  1.4e-03  2.0e-01
  82  T 0   1.722e+08  -1e-07  0.97  1.0e-01  5.7e-06  5.8e-02  2.6e-01  2.0e-01  1.7e-03  2.0e-01
  83  F 0   1.722e+08  -1e-07  0.97  1.0e-01  5.7e-06  0.0e+00  0.0e+00  2.1e-01  1.6e-03  2.1e-01
  83  T 1   1.722e+08  -1e-08  0.97  1.0e-01  5.7e-06  1.5e-02  6.9e-02  2.0e-01  1.4e-03  2.0e-01
  84  T 0   1.721e+08  -4e-08  0.97  1.0e-01  5.2e-06  7.5e-02  3.0e-01  2.3e-01  1.6e-03  2.4e-01
  85  F 0   1.721e+08  -4e-08  0.97  1.0e-01  5.2e-06  0.0e+00  0.0e+00  2.2e-01  1.7e-03  2.2e-01
  85  T 1   1.721e+08   5e-08  0.97  1.0e-01  5.4e-06  3.6e-02  1.8e-01  2.2e-01  1.4e-03  2.2e-01
  86  T 0   1.721e+08   8e-07  0.97  1.0e-01  5.4e-06  9.1e-02  4.1e-01  2.1e-01  1.7e-03  2.1e-01
  87  F 0   1.721e+08   8e-07  0.97  1.0e-01  5.4e-06  0.0e+00  0.0e+00  2.2e-01  1.6e-03  2.2e-01
  87  T 1   1.721e+08   1e-07  0.97  1.0e-01  5.0e-06  2.0e-02  1.3e-01  2.2e-01  1.4e-03  2.2e-01
  88  T 0   1.720e+08  -3e-08  0.97  1.0e-01  4.9e-06  3.5e-02  1.5e-01  2.1e-01  1.7e-03  2.2e-01
  89  F 0   1.720e+08  -3e-08  0.97  1.0e-01  4.9e-06  0.0e+00  0.0e+00  2.1e-01  1.8e-03  2.1e-01
  89  T 1   1.720e+08  -1e-06  0.97  1.0e-01  4.8e-06  1.0e-01  8.4e-01  2.0e-01  1.4e-03  2.0e-01
  90  F 0   1.720e+08  -1e-06  0.97  1.0e-01  4.8e-06  0.0e+00  0.0e+00  2.5e-01  1.8e-03  2.5e-01
  90  F 1   1.720e+08  -1e-06  0.97  1.0e-01  4.8e-06  0.0e+00  0.0e+00  2.1e-01  1.4e-03  2.1e-01
  90  T 2   1.719e+08   2e-06  0.97  1.0e-01  4.7e-06  4.9e-02  2.7e-01  2.3e-01  1.2e-03  2.3e-01
  91  T 0   1.719e+08   2e-07  0.97  1.0e-01  7.0e-06  5.2e-02  3.3e-01  2.3e-01  1.3e-03  2.3e-01
  92  T 0   1.719e+08   8e-08  0.97  1.0e-01  6.1e-06  5.4e-02  3.2e-01  2.1e-01  1.7e-03  2.2e-01
  93  T 0   1.719e+08  -2e-06  0.97  1.0e-01  4.5e-06  3.2e-02  2.1e-01  2.1e-01  1.7e-03  2.1e-01
  94  T 0   1.719e+08   3e-07  0.97  1.0e-01  4.6e-06  2.7e-02  1.3e-01  2.1e-01  1.7e-03  2.2e-01
  95  T 0   1.718e+08   2e-07  0.97  1.0e-01  4.4e-06  7.6e-02  3.5e-01  2.4e-01  1.6e-03  2.5e-01
  96  F 0   1.718e+08   2e-07  0.97  1.0e-01  4.4e-06  0.0e+00  0.0e+00  2.6e-01  1.6e-03  2.6e-01
  96  T 1   1.718e+08  -6e-06  0.97  1.0e-01  5.0e-06  4.1e-02  2.3e-01  2.0e-01  1.2e-03  2.0e-01
  97  T 0   1.718e+08   2e-07  0.97  1.0e-01  7.9e-06  7.5e-02  3.7e-01  2.1e-01  1.7e-03  2.1e-01
  98  T 0   1.718e+08  -9e-07  0.97  1.0e-01  1.1e-05  8.4e-02  4.7e-01  2.1e-01  1.7e-03  2.2e-01
  99  T 0   1.717e+08  -1e-06  0.96  1.0e-01  7.4e-06  6.0e-02  3.5e-01  2.5e-01  1.7e-03  2.6e-01
 100  T 0   1.717e+08  -7e-07  0.97  1.0e-01  4.9e-06  2.2e-02  1.4e-01  2.2e-01  1.7e-03  2.2e-01
 101  T 0   1.717e+08  -4e-09  0.97  1.0e-01  5.1e-06  3.3e-02  1.3e-01  2.2e-01  1.6e-03  2.2e-01
 102  T 0   1.716e+08  -1e-06  0.97  1.0e-01  9.4e-06  1.0e-01  1.1e+00  2.1e-01  1.8e-03  2.2e-01
 103  F 0   1.716e+08  -1e-06  0.97  1.0e-01  9.4e-06  0.0e+00  0.0e+00  2.1e-01  2.1e-03  2.1e-01
 103  F 1   1.716e+08  -1e-06  0.97  1.0e-01  9.4e-06  0.0e+00  0.0e+00  2.1e-01  1.3e-03  2.2e-01
 103  T 2   1.716e+08   4e-05  0.97  1.0e-01  7.1e-06  9.4e-03  5.5e-02  2.0e-01  1.2e-03  2.0e-01
 104  T 0   1.716e+08  -1e-07  0.97  1.0e-01  5.9e-06  3.4e-02  2.1e-01  2.1e-01  1.6e-03  2.1e-01
 105  T 0   1.716e+08   7e-07  0.97  1.0e-01  5.3e-06  2.9e-02  1.3e-01  2.4e-01  1.7e-03  2.4e-01
 106  T 0   1.715e+08   2e-07  0.97  1.0e-01  5.1e-06  1.0e-01  5.7e-01  2.0e-01  1.6e-03  2.0e-01
 107  F 0   1.715e+08   2e-07  0.97  1.0e-01  5.1e-06  0.0e+00  0.0e+00  2.1e-01  1.8e-03  2.1e-01
 107  T 1   1.715e+08  -9e-06  0.97  1.0e-01  5.5e-06  4.7e-02  2.8e-01  2.0e-01  1.2e-03  2.0e-01
 108  T 0   1.715e+08  -3e-07  0.97  1.0e-01  4.9e-06  4.1e-02  2.5e-01  2.0e-01  1.6e-03  2.0e-01
 109  T 0   1.715e+08  -3e-07  0.97  1.0e-01  4.9e-06  3.3e-02  1.8e-01  2.0e-01  1.7e-03  2.1e-01
 110  T 0   1.715e+08   2e-07  0.97  1.0e-01  4.9e-06  3.4e-02  1.6e-01  2.1e-01  1.6e-03  2.1e-01
 111  T 0   1.714e+08  -5e-07  0.97  1.0e-01  5.0e-06  8.0e-02  3.3e-01  2.1e-01  1.7e-03  2.1e-01
 112  F 0   1.714e+08  -5e-07  0.97  1.0e-01  5.0e-06  0.0e+00  0.0e+00  2.2e-01  1.7e-03  2.2e-01
 112  T 1   1.714e+08  -6e-07  0.97  1.0e-01  5.0e-06  1.6e-02  9.3e-02  2.6e-01  1.4e-03  2.6e-01
 113  T 0   1.714e+08   1e-08  0.97  1.0e-01  5.3e-06  4.1e-02  1.6e-01  2.7e-01  1.8e-03  2.7e-01
 114  T 0   1.714e+08  -7e-06  0.97  1.0e-01  1.3e-05  1.0e-01  1.1e+00  2.2e-01  1.3e-02  2.4e-01
 115  F 0   1.714e+08  -7e-06  0.97  1.0e-01  1.3e-05  0.0e+00  0.0e+00  2.4e-01  1.9e-03  2.4e-01
 115  T 1   1.713e+08  -2e-06  0.96  1.0e-01  8.7e-06  6.4e-02  3.6e-01  2.3e-01  1.4e-03  2.4e-01
 116  T 0   1.713e+08   1e-06  0.97  1.0e-01  5.5e-06  2.4e-02  1.2e-01  2.1e-01  1.6e-03  2.1e-01
 117  T 0   1.713e+08   4e-07  0.97  1.0e-01  5.5e-06  4.6e-02  1.8e-01  2.2e-01  1.7e-03  2.2e-01
 118  T 0   1.712e+08  -6e-06  0.97  1.0e-01  1.3e-05  1.0e-01  9.3e-01  2.4e-01  1.7e-03  2.4e-01
 119  F 0   1.712e+08  -6e-06  0.97  1.0e-01  1.3e-05  0.0e+00  0.0e+00  2.5e-01  1.8e-03  2.5e-01
 119  T 1   1.712e+08  -1e-06  0.97  1.0e-01  1.1e-05  6.0e-02  3.2e-01  2.4e-01  1.3e-03  2.4e-01
 120  T 0   1.712e+08   3e-06  0.97  1.0e-01  6.0e-06  3.4e-02  1.3e-01  2.4e-01  1.7e-03  2.4e-01
 121  T 0   1.711e+08   1e-06  0.97  1.0e-01  6.2e-06  4.2e-02  1.6e-01  2.2e-01  3.6e-03  2.3e-01
 122  T 0   1.711e+08  -9e-07  0.97  1.0e-01  1.0e-05  1.0e-01  6.4e-01  2.1e-01  1.7e-03  2.1e-01
 123  F 0   1.711e+08  -9e-07  0.97  1.0e-01  1.0e-05  0.0e+00  0.0e+00  2.1e-01  1.6e-03  2.1e-01
 123  T 1   1.711e+08  -3e-07  0.97  1.0e-01  2.2e-05  9.1e-02  3.5e-01  2.0e-01  1.3e-03  2.0e-01
 124  T 0   1.710e+08  -4e-07  0.97  1.0e-01  1.6e-05  7.5e-02  2.7e-01  2.3e-01  1.9e-03  2.3e-01
 125  T 0   1.710e+08   1e-05  0.97  1.0e-01  6.7e-06  3.7e-02  1.3e-01  2.3e-01  1.7e-03  2.4e-01
 126  T 0   1.710e+08  -4e-07  0.97  1.0e-01  5.3e-06  2.3e-02  9.4e-02  2.3e-01  1.7e-03  2.3e-01
 127  T 0   1.709e+08  -2e-06  0.97  1.0e-01  1.3e-05  1.0e-01  7.6e-01  2.5e-01  1.6e-03  2.5e-01
 128  F 0   1.709e+08  -2e-06  0.97  1.0e-01  1.3e-05  0.0e+00  0.0e+00  2.3e-01  2.0e-03  2.3e-01
 128  T 1   1.709e+08  -6e-06  0.97  1.0e-01  2.1e-05  1.0e-01  4.7e-01  2.2e-01  1.4e-03  2.2e-01
 129  F 0   1.709e+08  -6e-06  0.97  1.0e-01  2.1e-05  0.0e+00  0.0e+00  2.3e-01  1.4e-03  2.4e-01
 129  T 1   1.709e+08  -2e-06  0.97  1.0e-01  1.4e-05  1.4e-02  5.4e-02  2.2e-01  1.4e-03  2.2e-01
 130  T 0   1.709e+08  -4e-08  0.97  1.0e-01  8.7e-06  5.5e-02  1.9e-01  2.2e-01  1.6e-03  2.2e-01
 131  T 0   1.709e+08   3e-07  0.97  1.0e-01  5.4e-06  3.0e-02  9.3e-02  2.3e-01  1.7e-03  2.3e-01
 132  T 0   1.708e+08  -3e-07  0.97  1.0e-01  9.1e-06  8.1e-02  3.4e-01  2.4e-01  1.6e-03  2.5e-01
 133  F 0   1.708e+08  -3e-07  0.97  1.0e-01  9.1e-06  0.0e+00  0.0e+00  2.2e-01  1.6e-03  2.2e-01
 133  T 1   1.708e+08   7e-07  0.97  1.0e-01  6.3e-06  4.2e-02  1.4e-01  2.1e-01  1.3e-03  2.2e-01
 134  T 0   1.708e+08   6e-07  0.97  1.0e-01  5.3e-06  4.9e-02  1.9e-01  2.1e-01  1.7e-03  2.1e-01
 135  T 0   1.708e+08  -2e-07  0.97  1.0e-01  1.8e-05  1.0e-01  7.0e-01  2.2e-01  1.9e-03  2.2e-01
 136  F 0   1.708e+08  -2e-07  0.97  1.0e-01  1.8e-05  0.0e+00  0.0e+00  2.1e-01  1.6e-03  2.1e-01
 136  T 1   1.707e+08  -2e-06  0.97  1.0e-01  8.2e-06  6.2e-02  2.1e-01  2.2e-01  1.5e-03  2.2e-01
 137  T 0   1.707e+08   5e-07  0.97  1.0e-01  6.2e-06  2.7e-02  9.1e-02  2.1e-01  1.7e-03  2.1e-01
 138  T 0   1.707e+08   4e-07  0.97  1.0e-01  1.3e-05  1.0e-01  4.8e-01  2.4e-01  1.6e-03  2.4e-01
 139  F 0   1.707e+08   4e-07  0.97  1.0e-01  1.3e-05  0.0e+00  0.0e+00  2.3e-01  1.7e-03  2.4e-01
 139  T 1   1.707e+08   2e-06  0.97  1.0e-01  1.1e-05  6.5e-02  1.9e-01  2.1e-01  1.3e-03  2.1e-01
 140  T 0   1.706e+08  -6e-07  0.97  1.0e-01  7.6e-06  4.7e-02  1.2e-01  2.0e-01  1.7e-03  2.1e-01
 141  T 0   1.706e+08   2e-07  0.97  1.0e-01  7.9e-06  4.7e-02  1.9e-01  2.1e-01  1.7e-03  2.1e-01
 142  T 0   1.706e+08  -1e-06  0.97  1.0e-01  2.1e-05  1.0e-01  6.9e-01  2.2e-01  1.7e-03  2.2e-01
 143  F 0   1.706e+08  -1e-06  0.97  1.0e-01  2.1e-05  0.0e+00  0.0e+00  2.1e-01  1.6e-03  2.1e-01
 143  T 1   1.706e+08   6e-06  0.97  1.0e-01  1.5e-05  7.1e-02  2.1e-01  2.1e-01  1.4e-03  2.1e-01
 144  T 0   1.705e+08   4e-08  0.97  1.0e-01  6.1e-06  3.0e-02  9.2e-02  2.1e-01  1.8e-03  2.1e-01
 145  T 0   1.705e+08   4e-06  0.97  1.0e-01  8.3e-06  6.1e-02  2.3e-01  2.0e-01  1.5e-03  2.1e-01
 146  T 0   1.704e+08  -3e-07  0.97  1.0e-01  1.4e-05  1.0e-01  1.0e+00  2.0e-01  1.6e-03  2.0e-01
 147  F 0   1.704e+08  -3e-07  0.97  1.0e-01  1.4e-05  0.0e+00  0.0e+00  2.4e-01  1.6e-03  2.4e-01
 147  T 1   1.704e+08  -2e-07  0.97  1.0e-01  1.9e-05  1.0e-01  4.1e-01  2.2e-01  1.4e-03  2.2e-01
 148  T 0   1.704e+08  -4e-06  0.97  1.0e-01  2.0e-05  9.8e-02  2.8e-01  2.2e-01  1.8e-03  2.2e-01
 149  T 0   1.704e+08  -2e-07  0.97  1.0e-01  1.2e-05  5.2e-02  1.5e-01  2.2e-01  1.7e-03  2.2e-01
 150  T 0   1.704e+08   4e-06  0.97  1.0e-01  6.7e-06  3.4e-02  8.7e-02  2.3e-01  1.7e-03  2.4e-01
 151  T 0   1.703e+08   1e-07  0.97  1.0e-01  5.4e-06  5.7e-02  2.5e-01  2.5e-01  1.7e-03  2.6e-01
 152  F 0   1.703e+08   1e-07  0.97  1.0e-01  5.4e-06  0.0e+00  0.0e+00  2.2e-01  1.9e-03  2.3e-01
 152  T 1   1.702e+08  -2e-06  0.97  1.0e-01  6.0e-06  1.0e-01  8.9e-01  2.2e-01  1.3e-03  2.2e-01
 153  F 0   1.702e+08  -2e-06  0.97  1.0e-01  6.0e-06  0.0e+00  0.0e+00  2.2e-01  1.9e-03  2.2e-01
 153  F 1   1.702e+08  -2e-06  0.97  1.0e-01  6.0e-06  0.0e+00  0.0e+00  2.2e-01  1.6e-03  2.2e-01
 153  T 2   1.702e+08  -1e-07  0.97  1.0e-01  7.2e-06  5.8e-02  2.7e-01  2.2e-01  1.4e-03  2.2e-01
 154  F 0   1.702e+08  -1e-07  0.97  1.0e-01  7.2e-06  0.0e+00  0.0e+00  2.1e-01  1.4e-03  2.1e-01
 154  T 1   1.702e+08   4e-07  0.97  1.0e-01  6.7e-06  1.3e-02  4.8e-02  2.1e-01  9.0e-04  2.1e-01
 155  T 0   1.702e+08   9e-08  0.97  1.0e-01  5.6e-06  1.0e-01  3.7e-01  2.1e-01  1.6e-03  2.1e-01
 156  F 0   1.702e+08   9e-08  0.97  1.0e-01  5.6e-06  0.0e+00  0.0e+00  2.2e-01  1.7e-03  2.2e-01
 156  T 1   1.701e+08  -4e-09  0.97  1.0e-01  6.1e-06  2.4e-02  1.2e-01  2.1e-01  1.4e-03  2.1e-01
 157  T 0   1.701e+08  -5e-08  0.97  1.0e-01  6.3e-06  5.8e-02  2.2e-01  2.1e-01  1.6e-03  2.1e-01
 158  F 0   1.701e+08  -5e-08  0.97  1.0e-01  6.3e-06  0.0e+00  0.0e+00  2.1e-01  1.9e-03  2.1e-01
 158  T 1   1.700e+08  -3e-06  0.97  1.0e-01  1.7e-05  1.0e-01  9.6e-01  2.1e-01  1.4e-03  2.1e-01
 159  F 0   1.700e+08  -3e-06  0.97  1.0e-01  1.7e-05  0.0e+00  0.0e+00  2.1e-01  1.6e-03  2.1e-01
 159  T 1   1.700e+08  -4e-06  0.97  1.0e-01  2.8e-05  1.0e-01  7.6e-01  2.1e-01  1.3e-03  2.1e-01
 160  F 0   1.700e+08  -4e-06  0.97  1.0e-01  2.8e-05  0.0e+00  0.0e+00  2.0e-01  1.7e-03  2.1e-01
 160  T 1   1.700e+08   5e-07  0.97  1.0e-01  1.3e-05  3.0e-02  1.1e-01  2.1e-01  1.4e-03  2.1e-01
 161  T 0   1.699e+08   5e-06  0.97  1.0e-01  9.0e-06  3.3e-02  1.4e-01  2.0e-01  1.6e-03  2.0e-01
 162  T 0   1.699e+08  -6e-07  0.97  1.0e-01  6.4e-06  3.2e-02  1.4e-01  2.1e-01  1.7e-03  2.1e-01
 163  T 0   1.699e+08   1e-05  0.97  1.0e-01  9.5e-06  1.0e-01  4.0e-01  2.0e-01  1.4e-03  2.1e-01
 164  T 0   1.698e+08  -7e-07  0.97  1.0e-01  2.2e-05  1.0e-01  1.2e+00  2.0e-01  1.9e-03  2.0e-01
 165  F 0   1.698e+08  -7e-07  0.97  1.0e-01  2.2e-05  0.0e+00  0.0e+00  2.0e-01  1.6e-03  2.0e-01
 165  T 1   1.698e+08  -1e-06  0.97  1.0e-01  2.4e-05  1.0e-01  3.9e-01  2.0e-01  1.4e-03  2.0e-01
 166  T 0   1.697e+08  -1e-05  0.97  1.0e-01  9.5e-06  5.8e-02  2.1e-01  2.0e-01  1.7e-03  2.0e-01
 167  T 0   1.697e+08  -4e-06  0.97  1.0e-01  6.6e-06  3.5e-02  1.3e-01  2.0e-01  1.7e-03  2.0e-01
 168  T 0   1.697e+08  -2e-07  0.97  1.0e-01  6.2e-06  5.7e-02  2.2e-01  2.0e-01  1.6e-03  2.0e-01
 169  T 0   1.696e+08  -4e-06  0.97  1.0e-01  1.9e-05  1.0e-01  9.1e-01  2.0e-01  1.6e-03  2.0e-01
 170  F 0   1.696e+08  -4e-06  0.97  1.0e-01  1.9e-05  0.0e+00  0.0e+00  2.0e-01  1.6e-03  2.1e-01
 170  T 1   1.696e+08  -1e-06  0.97  1.0e-01  1.3e-05  1.0e-01  3.4e-01  2.0e-01  1.4e-03  2.0e-01
 171  T 0   1.696e+08   8e-07  0.97  1.0e-01  1.3e-05  5.1e-02  1.8e-01  2.0e-01  1.7e-03  2.0e-01
 172  T 0   1.696e+08  -4e-06  0.97  1.0e-01  6.4e-06  3.5e-02  1.5e-01  2.0e-01  1.6e-03  2.0e-01
 173  T 0   1.695e+08   3e-07  0.97  1.0e-01  7.4e-06  5.8e-02  2.4e-01  2.0e-01  1.7e-03  2.1e-01
 174  T 0   1.695e+08  -4e-07  0.97  1.0e-01  2.9e-05  1.0e-01  6.6e-01  2.0e-01  1.7e-03  2.1e-01
 175  F 0   1.695e+08  -4e-07  0.97  1.0e-01  2.9e-05  0.0e+00  0.0e+00  2.0e-01  1.6e-03  2.0e-01
 175  T 1   1.695e+08   6e-06  0.97  1.0e-01  1.5e-05  4.6e-02  1.4e-01  2.1e-01  1.4e-03  2.1e-01
 176  T 0   1.694e+08   3e-07  0.97  1.0e-01  6.7e-06  1.7e-02  7.3e-02  2.0e-01  1.8e-03  2.0e-01
 177  T 0   1.694e+08   2e-05  0.97  1.0e-01  9.2e-06  1.0e-01  4.1e-01  2.0e-01  1.5e-03  2.0e-01
 178  F 0   1.694e+08   2e-05  0.97  1.0e-01  9.2e-06  0.0e+00  0.0e+00  2.1e-01  1.7e-03  2.1e-01
 178  T 1   1.694e+08   6e-08  0.97  1.0e-01  6.1e-06  2.6e-02  1.1e-01  2.1e-01  1.4e-03  2.2e-01
 179  T 0   1.694e+08   2e-07  0.97  1.0e-01  5.8e-06  3.1e-02  1.3e-01  2.0e-01  1.8e-03  2.1e-01
 180  T 0   1.693e+08   2e-08  0.97  1.0e-01  8.0e-06  1.0e-01  1.1e+00  2.1e-01  1.8e-03  2.1e-01
 181  F 0   1.693e+08   2e-08  0.97  1.0e-01  8.0e-06  0.0e+00  0.0e+00  2.1e-01  1.9e-03  2.1e-01
 181  F 1   1.693e+08   2e-08  0.97  1.0e-01  8.0e-06  0.0e+00  0.0e+00  2.0e-01  1.6e-03  2.0e-01
 181  T 2   1.693e+08  -1e-06  0.97  1.0e-01  7.6e-06  1.5e-02  8.1e-02  2.2e-01  1.3e-03  2.2e-01
 182  T 0   1.692e+08   2e-07  0.97  1.0e-01  7.0e-06  5.0e-02  2.1e-01  2.0e-01  1.6e-03  2.1e-01
 183  T 0   1.692e+08  -2e-06  0.97  1.0e-01  9.5e-06  8.9e-02  3.6e-01  2.0e-01  1.6e-03  2.1e-01
 184  F 0   1.692e+08  -2e-06  0.97  1.0e-01  9.5e-06  0.0e+00  0.0e+00  2.3e-01  1.7e-03  2.3e-01
 184  T 1   1.692e+08  -4e-07  0.97  1.0e-01  7.0e-06  1.9e-02  8.3e-02  2.1e-01  1.1e-03  2.1e-01
 185  T 0   1.692e+08   4e-07  0.97  1.0e-01  6.8e-06  4.0e-02  1.6e-01  2.2e-01  1.7e-03  2.2e-01
 186  T 0   1.691e+08  -1e-07  0.97  1.0e-01  1.3e-05  1.0e-01  4.7e-01  2.1e-01  1.7e-03  2.2e-01
 187  F 0   1.691e+08  -1e-07  0.97  1.0e-01  1.3e-05  0.0e+00  0.0e+00  2.3e-01  1.9e-03  2.3e-01
 187  T 1   1.691e+08   3e-06  0.97  1.0e-01  1.0e-05  5.0e-02  1.7e-01  2.2e-01  1.6e-03  2.2e-01
 188  T 0   1.691e+08   3e-06  0.97  1.0e-01  5.4e-06  2.7e-02  1.0e-01  2.4e-01  1.7e-03  2.4e-01
 189  T 0   1.691e+08  -1e-06  0.97  1.0e-01  1.1e-05  6.7e-02  2.9e-01  2.3e-01  1.7e-03  2.3e-01
 190  F 0   1.691e+08  -1e-06  0.97  1.0e-01  1.1e-05  0.0e+00  0.0e+00  2.3e-01  1.7e-03  2.4e-01
 190  T 1   1.690e+08   2e-06  0.97  1.0e-01  7.8e-06  4.4e-02  1.3e-01  2.1e-01  1.5e-03  2.1e-01
 191  T 0   1.690e+08   3e-07  0.97  1.0e-01  7.0e-06  3.9e-02  1.5e-01  2.2e-01  1.6e-03  2.2e-01
 192  T 0   1.690e+08  -1e-06  0.97  1.0e-01  1.7e-05  1.0e-01  4.9e-01  2.2e-01  1.7e-03  2.2e-01
 193  F 0   1.690e+08  -1e-06  0.97  1.0e-01  1.7e-05  0.0e+00  0.0e+00  2.2e-01  1.7e-03  2.2e-01
 193  T 1   1.690e+08  -2e-06  0.97  1.0e-01  5.1e-06  4.6e-02  1.4e-01  2.0e-01  1.4e-03  2.0e-01
 194  T 0   1.689e+08  -2e-06  0.97  1.0e-01  5.9e-06  2.1e-02  9.5e-02  2.0e-01  1.6e-03  2.0e-01
 195  T 0   1.688e+08  -9e-08  0.97  1.0e-01  6.3e-06  1.0e-01  9.6e-01  2.0e-01  1.6e-03  2.1e-01
 196  F 0   1.688e+08  -9e-08  0.97  1.0e-01  6.3e-06  0.0e+00  0.0e+00  2.6e-01  1.9e-03  2.6e-01
 196  F 1   1.688e+08  -9e-08  0.97  1.0e-01  6.3e-06  0.0e+00  0.0e+00  2.4e-01  1.5e-03  2.4e-01
 196  T 2   1.688e+08  -3e-06  0.97  1.0e-01  9.0e-06  6.4e-02  2.9e-01  2.1e-01  1.1e-03  2.1e-01
 197  T 0   1.688e+08  -2e-07  0.97  1.0e-01  3.1e-05  1.0e-01  4.9e-01  2.1e-01  1.6e-03  2.1e-01
 198  F 0   1.688e+08  -2e-07  0.97  1.0e-01  3.1e-05  0.0e+00  0.0e+00  2.1e-01  1.6e-03  2.1e-01
 198  T 1   1.688e+08   3e-07  0.97  1.0e-01  1.6e-05  2.4e-02  7.2e-02  2.6e-01  1.5e-03  2.7e-01
 199  T 0   1.688e+08   1e-06  0.97  1.0e-01  7.3e-06  3.4e-02  1.1e-01  2.1e-01  1.6e-03  2.1e-01
 200  T 0   1.687e+08  -6e-07  0.97  1.0e-01  6.1e-06  2.4e-02  1.1e-01  2.1e-01  1.6e-03  2.1e-01
 201  T 0   1.686e+08  -5e-07  0.97  1.0e-01  1.1e-05  1.0e-01  7.8e-01  2.5e-01  1.7e-03  2.5e-01
 202  F 0   1.686e+08  -5e-07  0.97  1.0e-01  1.1e-05  0.0e+00  0.0e+00  2.5e-01  1.3e-03  2.5e-01
 202  F 1   1.686e+08  -5e-07  0.97  1.0e-01  1.1e-05  0.0e+00  0.0e+00  2.1e-01  1.3e-03  2.1e-01
 202  T 2   1.686e+08  -5e-07  0.97  1.0e-01  2.0e-05  8.6e-02  3.1e-01  2.1e-01  1.4e-03  2.2e-01
 203  T 0   1.686e+08   3e-08  0.97  1.0e-01  2.3e-05  1.0e-01  3.6e-01  2.1e-01  1.7e-03  2.1e-01
 204  T 0   1.686e+08   2e-07  0.97  1.0e-01  2.2e-05  9.9e-02  3.0e-01  2.1e-01  1.8e-03  2.1e-01
 205  T 0   1.685e+08   1e-06  0.97  1.0e-01  1.4e-05  5.5e-02  1.5e-01  2.4e-01  1.7e-03  2.4e-01
 206  T 0   1.685e+08   1e-06  0.97  1.0e-01  6.7e-06  1.8e-02  7.6e-02  2.4e-01  1.6e-03  2.4e-01
 207  T 0   1.685e+08   4e-07  0.97  1.0e-01  6.4e-06  8.5e-02  3.2e-01  2.1e-01  1.6e-03  2.1e-01
 208  T 0   1.685e+08  -4e-07  0.97  1.0e-01  2.0e-05  1.0e-01  1.3e+00  2.1e-01  1.9e-03  2.1e-01
 209  F 0   1.685e+08  -4e-07  0.97  1.0e-01  2.0e-05  0.0e+00  0.0e+00  2.2e-01  1.6e-03  2.2e-01
 209  T 1   1.684e+08  -2e-06  0.96  1.0e-01  2.1e-05  9.3e-02  4.7e-01  2.4e-01  1.4e-03  2.4e-01
 210  F 0   1.684e+08  -2e-06  0.96  1.0e-01  2.1e-05  0.0e+00  0.0e+00  2.0e-01  1.6e-03  2.0e-01
 210  T 1   1.684e+08  -4e-05  0.96  1.0e-01  2.0e-05  7.2e-03  2.4e-02  2.0e-01  1.2e-03  2.0e-01
 211  T 0   1.683e+08   4e-06  0.96  1.0e-01  8.4e-06  3.8e-02  1.6e-01  2.1e-01  1.6e-03  2.1e-01
 212  T 0   1.683e+08  -1e-07  0.97  1.0e-01  5.7e-06  2.1e-02  1.0e-01  2.0e-01  1.9e-03  2.1e-01
 213  T 0   1.683e+08   4e-09  0.97  1.0e-01  6.4e-06  6.3e-02  3.0e-01  2.0e-01  1.6e-03  2.0e-01
 214  F 0   1.683e+08   4e-09  0.97  1.0e-01  6.4e-06  0.0e+00  0.0e+00  2.2e-01  1.6e-03  2.2e-01
 214  T 1   1.682e+08  -8e-08  0.97  1.0e-01  8.6e-06  5.4e-02  2.4e-01  2.0e-01  1.3e-03  2.0e-01
 215  T 0   1.682e+08  -2e-08  0.97  1.0e-01  2.6e-05  1.0e-01  5.6e-01  2.4e-01  1.7e-03  2.4e-01
 216  F 0   1.682e+08  -2e-08  0.97  1.0e-01  2.6e-05  0.0e+00  0.0e+00  2.1e-01  1.6e-03  2.1e-01
 216  T 1   1.682e+08   1e-06  0.97  1.0e-01  1.0e-05  3.5e-02  1.1e-01  2.1e-01  1.4e-03  2.2e-01
 217  T 0   1.682e+08   3e-06  0.97  1.0e-01  5.9e-06  2.0e-02  8.5e-02  2.0e-01  1.6e-03  2.0e-01
 218  T 0   1.681e+08  -6e-06  0.97  1.0e-01  6.2e-06  4.9e-02  2.5e-01  2.6e-01  1.4e-03  2.6e-01
 219  T 0   1.680e+08  -2e-06  0.97  1.0e-01  2.1e-05  1.0e-01  9.3e-01  2.5e-01  1.3e-03  2.5e-01
 220  F 0   1.680e+08  -2e-06  0.97  1.0e-01  2.1e-05  0.0e+00  0.0e+00  2.5e-01  1.7e-03  2.5e-01
 220  T 1   1.680e+08  -3e-06  0.97  1.0e-01  9.6e-06  1.0e-01  3.5e-01  2.2e-01  1.8e-03  2.2e-01
 221  T 0   1.680e+08   3e-07  0.97  1.0e-01  7.0e-06  3.5e-02  1.7e-01  2.5e-01  1.6e-03  2.5e-01
 222  T 0   1.679e+08   1e-06  0.97  1.0e-01  7.0e-06  3.7e-02  1.7e-01  2.0e-01  1.7e-03  2.0e-01
 223  T 0   1.679e+08  -1e-06  0.97  1.0e-01  1.5e-05  1.0e-01  5.4e-01  2.1e-01  1.6e-03  2.1e-01
 224  F 0   1.679e+08  -1e-06  0.97  1.0e-01  1.5e-05  0.0e+00  0.0e+00  2.1e-01  1.6e-03  2.1e-01
 224  T 1   1.678e+08   1e-07  0.97  1.0e-01  7.3e-06  5.3e-02  1.8e-01  2.4e-01  1.3e-03  2.5e-01
 225  T 0   1.678e+08  -3e-07  0.97  1.0e-01  7.1e-06  3.3e-02  1.5e-01  2.6e-01  1.6e-03  2.6e-01
 226  T 0   1.677e+08   3e-06  0.97  1.0e-01  2.0e-05  1.0e-01  9.9e-01  2.2e-01  1.8e-03  2.2e-01
 227  F 0   1.677e+08   3e-06  0.97  1.0e-01  2.0e-05  0.0e+00  0.0e+00  2.2e-01  1.7e-03  2.2e-01
 227  T 1   1.676e+08  -2e-06  0.97  1.0e-01  2.5e-05  1.0e-01  5.6e-01  2.1e-01  1.4e-03  2.1e-01
 228  F 0   1.676e+08  -2e-06  0.97  1.0e-01  2.5e-05  0.0e+00  0.0e+00  2.9e-01  1.6e-03  2.9e-01
 228  T 1   1.676e+08   3e-06  0.96  1.0e-01  1.6e-05  1.4e-02  5.6e-02  2.2e-01  1.5e-03  2.2e-01
 229  T 0   1.676e+08   2e-06  0.96  1.0e-01  8.6e-06  2.8e-02  1.2e-01  2.0e-01  1.7e-03  2.1e-01
 230  T 0   1.676e+08  -1e-06  0.96  1.0e-01  8.0e-06  2.3e-02  1.1e-01  2.3e-01  1.6e-03  2.4e-01
 231  T 0   1.675e+08  -1e-06  0.97  1.0e-01  2.0e-05  1.0e-01  8.6e-01  2.1e-01  1.6e-03  2.1e-01
 232  F 0   1.675e+08  -1e-06  0.97  1.0e-01  2.0e-05  0.0e+00  0.0e+00  2.3e-01  1.6e-03  2.3e-01
 232  T 1   1.674e+08   5e-07  0.96  1.0e-01  7.5e-06  7.1e-02  2.7e-01  2.2e-01  1.4e-03  2.2e-01
 233  T 0   1.674e+08  -9e-07  0.97  1.0e-01  7.1e-06  2.8e-02  1.4e-01  2.3e-01  1.6e-03  2.3e-01
 234  T 0   1.673e+08  -5e-07  0.97  1.0e-01  1.4e-05  1.0e-01  7.5e-01  2.2e-01  1.6e-03  2.2e-01
 235  F 0   1.673e+08  -5e-07  0.97  1.0e-01  1.4e-05  0.0e+00  0.0e+00  2.1e-01  1.6e-03  2.1e-01
 235  F 1   1.673e+08  -5e-07  0.97  1.0e-01  1.4e-05  0.0e+00  0.0e+00  2.1e-01  1.3e-03  2.1e-01
 235  T 2   1.672e+08  -3e-07  0.97  1.0e-01  8.1e-06  2.0e-02  7.6e-02  2.2e-01  1.4e-03  2.2e-01
 236  T 0   1.672e+08   4e-07  0.97  1.0e-01  7.8e-06  3.2e-02  1.6e-01  2.3e-01  1.7e-03  2.3e-01
 237  T 0   1.671e+08   2e-07  0.97  1.0e-01  1.5e-05  1.0e-01  6.5e-01  2.2e-01  1.7e-03  2.2e-01
 238  F 0   1.671e+08   2e-07  0.97  1.0e-01  1.5e-05  0.0e+00  0.0e+00  2.2e-01  1.7e-03  2.2e-01
 238  F 1   1.671e+08   2e-07  0.97  1.0e-01  1.5e-05  0.0e+00  0.0e+00  2.1e-01  1.4e-03  2.1e-01
 238  T 2   1.671e+08   3e-07  0.97  1.0e-01  8.6e-06  2.4e-02  8.4e-02  2.2e-01  1.4e-03  2.2e-01
 239  T 0   1.671e+08   1e-06  0.97  1.0e-01  7.9e-06  3.2e-02  1.5e-01  2.0e-01  1.7e-03  2.0e-01
 240  T 0   1.669e+08   7e-08  0.97  1.0e-01  1.9e-05  1.0e-01  1.3e+00  2.0e-01  1.6e-03  2.1e-01
 241  F 0   1.669e+08   7e-08  0.97  1.0e-01  1.9e-05  0.0e+00  0.0e+00  2.2e-01  1.8e-03  2.2e-01
 241  F 1   1.669e+08   7e-08  0.97  1.0e-01  1.9e-05  0.0e+00  0.0e+00  2.0e-01  1.4e-03  2.0e-01
 241  T 2   1.668e+08  -3e-07  0.96  1.0e-01  1.0e-05  6.5e-02  2.8e-01  2.4e-01  1.4e-03  2.4e-01
 242  T 0   1.667e+08   7e-07  0.96  1.0e-01  1.1e-05  5.9e-02  2.7e-01  2.0e-01  1.7e-03  2.0e-01
 243  F 0   1.667e+08   7e-07  0.96  1.0e-01  1.1e-05  0.0e+00  0.0e+00  2.1e-01  1.9e-03  2.1e-01
 243  T 1   1.667e+08  -3e-07  0.96  1.0e-01  1.0e-05  1.6e-02  7.4e-02  2.1e-01  1.4e-03  2.1e-01
 244  T 0   1.666e+08   3e-06  0.97  1.0e-01  1.0e-05  8.6e-02  3.7e-01  2.1e-01  1.4e-03  2.1e-01
 245  F 0   1.666e+08   3e-06  0.97  1.0e-01  1.0e-05  0.0e+00  0.0e+00  2.2e-01  1.6e-03  2.2e-01
 245  T 1   1.666e+08  -6e-06  0.96  1.0e-01  1.7e-05  6.8e-02  3.7e-01  2.1e-01  1.2e-03  2.1e-01
 246  T 0   1.666e+08  -3e-05  0.96  1.0e-01  3.8e-05  1.0e-01  6.4e-01  2.1e-01  1.4e-03  2.1e-01
 247  F 0   1.666e+08  -3e-05  0.96  1.0e-01  3.8e-05  0.0e+00  0.0e+00  2.1e-01  1.6e-03  2.1e-01
 247  T 1   1.665e+08   5e-07  0.96  1.0e-01  3.3e-05  2.1e-02  8.7e-02  2.1e-01  1.4e-03  2.1e-01
 248  T 0   1.664e+08   2e-06  0.96  1.0e-01  1.5e-05  5.0e-02  1.8e-01  2.1e-01  1.6e-03  2.1e-01
 249  T 0   1.664e+08  -3e-07  0.96  1.0e-01  9.6e-06  2.9e-02  1.3e-01  2.0e-01  1.6e-03  2.1e-01
 250  T 0   1.662e+08   4e-06  0.96  1.0e-01  1.7e-05  1.0e-01  6.6e-01  2.7e-01  1.6e-03  2.7e-01
 251  F 0   1.662e+08   4e-06  0.96  1.0e-01  1.7e-05  0.0e+00  0.0e+00  2.1e-01  1.6e-03  2.1e-01
 251  T 1   1.662e+08  -2e-06  0.96  1.0e-01  3.5e-05  1.0e-01  6.0e-01  2.2e-01  1.5e-03  2.2e-01
 252  F 0   1.662e+08  -2e-06  0.96  1.0e-01  3.5e-05  0.0e+00  0.0e+00  3.1e-01  1.6e-03  3.2e-01
 252  T 1   1.661e+08   1e-06  0.96  1.0e-01  2.3e-05  2.0e-02  8.8e-02  2.3e-01  1.4e-03  2.3e-01
 253  T 0   1.661e+08   7e-07  0.96  1.0e-01  1.2e-05  3.3e-02  1.3e-01  2.2e-01  1.7e-03  2.3e-01
 254  T 0   1.660e+08   1e-07  0.96  1.0e-01  9.0e-06  4.1e-02  1.9e-01  2.2e-01  1.6e-03  2.2e-01
 255  T 0   1.657e+08  -5e-07  0.96  1.0e-01  1.7e-05  1.0e-01  9.9e-01  2.1e-01  1.7e-03  2.1e-01
 256  F 0   1.657e+08  -5e-07  0.96  1.0e-01  1.7e-05  0.0e+00  0.0e+00  2.1e-01  1.9e-03  2.2e-01
 256  T 1   1.655e+08   4e-08  0.96  1.0e-01  4.2e-05  1.0e-01  1.5e+00  2.0e-01  1.4e-03  2.1e-01
 257  F 0   1.655e+08   4e-08  0.96  1.0e-01  4.2e-05  0.0e+00  0.0e+00  2.1e-01  2.0e-03  2.1e-01
 257  T 1   1.653e+08   2e-06  0.95  1.0e-01  2.9e-05  1.0e-01  4.4e-01  2.4e-01  1.4e-03  2.4e-01
 258  T 0   1.651e+08   2e-06  0.95  1.0e-01  2.3e-05  8.3e-02  3.3e-01  2.1e-01  1.6e-03  2.1e-01
 259  T 0   1.648e+08   2e-06  0.96  1.0e-01  5.5e-05  1.0e-01  7.5e-01  2.1e-01  1.6e-03  2.1e-01
 260  F 0   1.648e+08   2e-06  0.96  1.0e-01  5.5e-05  0.0e+00  0.0e+00  2.1e-01  1.7e-03  2.1e-01
 260  T 1   1.647e+08  -5e-06  0.96  1.0e-01  2.8e-05  7.8e-02  2.4e-01  2.0e-01  1.4e-03  2.0e-01
 261  T 0   1.645e+08   2e-05  0.96  1.0e-01  2.9e-05  6.5e-02  2.7e-01  2.1e-01  1.5e-03  2.1e-01
 262  T 0   1.642e+08  -1e-06  0.96  1.0e-01  9.2e-05  1.0e-01  1.6e+00  2.0e-01  1.9e-03  2.1e-01
 263  F 0   1.642e+08  -1e-06  0.96  1.0e-01  9.2e-05  0.0e+00  0.0e+00  2.0e-01  1.6e-03  2.0e-01
 263  T 1   1.638e+08   6e-08  0.94  1.0e-01  7.6e-05  1.0e-01  4.3e-01  2.4e-01  1.4e-03  2.4e-01
 264  T 0   1.634e+08   5e-06  0.94  1.0e-01  7.4e-05  8.9e-02  3.1e-01  2.5e-01  1.8e-03  2.6e-01
 265  T 0   1.630e+08  -8e-07  0.95  1.0e-01  1.0e-04  1.0e-01  4.2e-01  2.4e-01  1.8e-03  2.5e-01
 266  T 0   1.625e+08  -6e-07  0.96  1.0e-01  2.3e-04  1.0e-01  1.0e+00  2.7e-01  1.8e-03  2.7e-01
 267  F 0   1.625e+08  -6e-07  0.96  1.0e-01  2.3e-04  0.0e+00  0.0e+00  2.1e-01  1.8e-03  2.1e-01
 267  T 1   1.623e+08  -4e-06  0.93  1.0e-01  6.1e-04  1.0e-01  4.6e-01  2.1e-01  1.8e-03  2.1e-01
 268  F 0   1.623e+08  -4e-06  0.93  1.0e-01  6.1e-04  0.0e+00  0.0e+00  2.2e-01  2.0e-03  2.2e-01
 268  T 1   1.619e+08   8e-07  0.94  1.0e-01  1.9e-04  4.3e-02  1.4e-01  2.2e-01  1.7e-03  2.2e-01
 269  T 0   1.613e+08   2e-06  0.94  1.0e-01  2.2e-04  1.0e-01  2.3e-01  2.1e-01  1.9e-03  2.1e-01
 270  F 0   1.613e+08   2e-06  0.94  1.0e-01  2.2e-04  0.0e+00  0.0e+00  2.2e-01  2.2e-03  2.2e-01
 270  T 1   1.604e+08  -5e-06  0.96  1.0e-01  3.3e-04  1.0e-01  1.6e+00  2.4e-01  1.8e-03  2.5e-01
 271  T 0   1.603e+08  -1e-06  0.95  1.0e-01  1.9e-04  1.0e-01  1.8e+00  2.0e-01  1.7e-03  2.1e-01
 272  T 0   1.602e+08  -9e-07  0.94  1.0e-01  7.0e-05  1.0e-01  1.3e+00  2.3e-01  1.6e-03  2.3e-01
 273  T 0   1.593e+08  -5e-07  0.93  1.0e-01  6.5e-05  1.0e-01  7.5e-01  2.7e-01  2.0e-03  2.7e-01
 274  T 0   1.591e+08   3e-06  0.95  1.0e-01  1.0e-04  9.8e-02  2.5e-01  2.3e-01  1.6e-03  2.3e-01
 275  T 0   1.589e+08  -1e-05  0.95  1.0e-01  7.8e-05  1.0e-01  3.8e-01  2.1e-01  1.4e-03  2.2e-01
 276  T 0   1.587e+08  -3e-06  0.97  1.0e-01  1.2e-04  1.0e-01  1.6e+00  2.1e-01  1.8e-03  2.1e-01
 277  F 0   1.587e+08  -3e-06  0.97  1.0e-01  1.2e-04  0.0e+00  0.0e+00  2.8e-01  1.9e-03  2.8e-01
 277  F 1   1.587e+08  -3e-06  0.97  1.0e-01  1.2e-04  0.0e+00  0.0e+00  2.1e-01  1.3e-03  2.1e-01
 277  T 2   1.585e+08  -1e-05  0.96  1.0e-01  5.2e-05  4.1e-02  2.3e-01  2.1e-01  1.1e-03  2.2e-01
 278  T 0   1.584e+08  -1e-05  0.96  1.0e-01  2.3e-05  5.9e-02  2.6e-01  2.2e-01  1.4e-03  2.2e-01
 279  T 0   1.583e+08  -1e-07  0.96  1.0e-01  9.1e-06  5.5e-02  2.5e-01  2.2e-01  1.7e-03  2.2e-01
 280  T 0   1.581e+08  -4e-07  0.97  1.0e-01  9.6e-06  1.0e-01  8.8e-01  2.2e-01  1.6e-03  2.2e-01
 281  F 0   1.581e+08  -4e-07  0.97  1.0e-01  9.6e-06  0.0e+00  0.0e+00  2.2e-01  1.8e-03  2.2e-01
 281  F 1   1.581e+08  -4e-07  0.97  1.0e-01  9.6e-06  0.0e+00  0.0e+00  2.0e-01  1.4e-03  2.1e-01
 281  T 2   1.581e+08  -6e-07  0.97  1.0e-01  8.2e-06  3.6e-02  1.8e-01  2.1e-01  1.4e-03  2.2e-01
 282  T 0   1.580e+08   6e-06  0.97  1.0e-01  8.1e-06  1.0e-01  5.8e-01  2.1e-01  1.2e-03  2.1e-01
 283  F 0   1.580e+08   6e-06  0.97  1.0e-01  8.1e-06  0.0e+00  0.0e+00  2.1e-01  1.6e-03  2.1e-01
 283  T 1   1.579e+08  -8e-07  0.97  1.0e-01  1.2e-05  7.5e-02  4.2e-01  2.0e-01  1.2e-03  2.0e-01
 284  F 0   1.579e+08  -8e-07  0.97  1.0e-01  1.2e-05  0.0e+00  0.0e+00  2.0e-01  1.7e-03  2.1e-01
 284  T 1   1.579e+08  -1e-05  0.97  1.0e-01  8.9e-06  9.9e-03  5.6e-02  2.0e-01  1.2e-03  2.1e-01
 285  T 0   1.579e+08   1e-07  0.97  1.0e-01  7.2e-06  3.1e-02  1.9e-01  2.1e-01  1.7e-03  2.1e-01
 286  T 0   1.578e+08   5e-06  0.97  1.0e-01  6.4e-06  3.3e-02  1.6e-01  2.1e-01  1.5e-03  2.1e-01
 287  T 0   1.577e+08  -3e-07  0.97  1.0e-01  1.2e-05  1.0e-01  7.4e-01  2.0e-01  1.6e-03  2.1e-01
 288  F 0   1.577e+08  -3e-07  0.97  1.0e-01  1.2e-05  0.0e+00  0.0e+00  2.2e-01  1.6e-03  2.2e-01
 288  T 1   1.577e+08  -2e-07  0.97  1.0e-01  9.8e-06  4.7e-02  2.7e-01  2.2e-01  1.3e-03  2.2e-01
 289  T 0   1.577e+08   1e-08  0.97  1.0e-01  6.0e-06  2.0e-02  1.3e-01  2.2e-01  1.7e-03  2.2e-01
 290  T 0   1.576e+08  -1e-07  0.97  1.0e-01  5.6e-06  4.4e-02  2.2e-01  2.2e-01  1.7e-03  2.3e-01
 291  F 0   1.576e+08  -1e-07  0.97  1.0e-01  5.6e-06  0.0e+00  0.0e+00  2.1e-01  1.7e-03  2.2e-01
 291  T 1   1.576e+08   5e-06  0.97  1.0e-01  6.1e-06  3.1e-02  1.7e-01  2.4e-01  1.5e-03  2.4e-01
 292  T 0   1.575e+08  -2e-07  0.97  1.0e-01  1.4e-05  1.0e-01  6.8e-01  2.2e-01  1.6e-03  2.2e-01
 293  F 0   1.575e+08  -2e-07  0.97  1.0e-01  1.4e-05  0.0e+00  0.0e+00  2.1e-01  1.3e-03  2.1e-01
 293  T 1   1.575e+08  -1e-05  0.97  1.0e-01  6.8e-06  4.0e-02  2.0e-01  2.2e-01  1.1e-03  2.2e-01
 294  T 0   1.575e+08  -2e-05  0.97  1.0e-01  5.3e-06  1.6e-02  8.1e-02  2.0e-01  1.4e-03  2.0e-01
 295  T 0   1.575e+08  -4e-06  0.97  1.0e-01  2.1e-05  1.0e-01  1.0e+00  2.0e-01  1.7e-03  2.1e-01
 296  F 0   1.575e+08  -4e-06  0.97  1.0e-01  2.1e-05  0.0e+00  0.0e+00  2.1e-01  1.7e-03  2.1e-01
 296  T 1   1.574e+08   9e-07  0.97  1.0e-01  1.1e-05  6.4e-02  3.3e-01  2.1e-01  1.4e-03  2.2e-01
 297  T 0   1.574e+08   9e-09  0.97  1.0e-01  4.9e-06  1.9e-02  8.9e-02  2.0e-01  1.7e-03  2.1e-01
 298  T 0   1.573e+08   8e-06  0.97  1.0e-01  4.4e-06  4.4e-02  2.2e-01  2.0e-01  1.4e-03  2.0e-01
 299  F 0   1.573e+08   8e-06  0.97  1.0e-01  4.4e-06  0.0e+00  0.0e+00  2.1e-01  1.6e-03  2.1e-01
 299  T 1   1.573e+08  -7e-06  0.97  1.0e-01  5.1e-06  2.9e-02  1.6e-01  2.2e-01  9.3e-04  2.2e-01
 300  T 0   1.573e+08  -1e-05  0.98  1.0e-01  1.2e-05  7.5e-02  4.1e-01  2.0e-01  1.5e-03  2.0e-01
 301  F 0   1.573e+08  -1e-05  0.98  1.0e-01  1.2e-05  0.0e+00  0.0e+00  2.0e-01  1.5e-03  2.0e-01
 301  T 1   1.573e+08  -3e-05  0.97  1.0e-01  6.7e-06  1.4e-02  7.4e-02  2.0e-01  1.3e-03  2.0e-01
 302  T 0   1.573e+08  -3e-05  0.97  1.0e-01  4.1e-06  2.0e-02  1.1e-01  2.0e-01  1.5e-03  2.1e-01
 303  T 0   1.573e+08   5e-06  0.97  1.0e-01  4.1e-06  1.6e-02  7.5e-02  2.2e-01  1.3e-03  2.2e-01
 304  F 0   1.573e+08   5e-06  0.97  1.0e-01  4.1e-06  0.0e+00  0.0e+00  2.1e-01  1.6e-03  2.1e-01
 304  T 1   1.572e+08  -1e-06  0.98  1.0e-01  3.7e-06  8.3e-02  4.0e-01  2.1e-01  1.4e-03  2.1e-01
 305  F 0   1.572e+08  -1e-06  0.98  1.0e-01  3.7e-06  0.0e+00  0.0e+00  2.1e-01  1.8e-03  2.1e-01
 305  F 1   1.572e+08  -1e-06  0.98  1.0e-01  3.7e-06  0.0e+00  0.0e+00  2.1e-01  1.3e-03  2.1e-01
 305  T 2   1.572e+08   3e-05  0.98  1.0e-01  3.4e-06  1.2e-02  6.8e-02  2.2e-01  1.1e-03  2.2e-01
 306  T 0   1.572e+08   3e-06  0.98  1.0e-01  3.4e-06  4.1e-02  2.0e-01  2.0e-01  1.4e-03  2.1e-01
 307  F 0   1.572e+08   3e-06  0.98  1.0e-01  3.4e-06  0.0e+00  0.0e+00  2.1e-01  1.8e-03  2.1e-01
 307  T 1   1.572e+08  -3e-07  0.98  1.0e-01  1.2e-05  1.0e-01  6.9e-01  2.1e-01  1.3e-03  2.1e-01
 308  F 0   1.572e+08  -3e-07  0.98  1.0e-01  1.2e-05  0.0e+00  0.0e+00  2.0e-01  1.6e-03  2.0e-01
 308  T 1   1.571e+08  -2e-05  0.98  1.0e-01  1.3e-05  5.6e-02  2.7e-01  2.1e-01  1.1e-03  2.1e-01
 309  T 0   1.571e+08  -5e-06  0.97  1.0e-01  4.5e-06  2.9e-02  1.3e-01  2.1e-01  1.2e-03  2.1e-01
 310  T 0   1.571e+08  -8e-06  0.98  1.0e-01  3.3e-06  8.6e-03  4.6e-02  2.0e-01  1.2e-03  2.0e-01
 311  T 0   1.571e+08  -1e-05  0.98  1.0e-01  2.9e-06  5.2e-02  2.3e-01  2.1e-01  1.4e-03  2.1e-01
 312  F 0   1.571e+08  -1e-05  0.98  1.0e-01  2.9e-06  0.0e+00  0.0e+00  2.2e-01  1.6e-03  2.3e-01
 312  F 1   1.571e+08  -1e-05  0.98  1.0e-01  2.9e-06  0.0e+00  0.0e+00  2.1e-01  1.4e-03  2.1e-01
 312  T 2   1.571e+08   9e-07  0.98  1.0e-01  3.3e-06  2.9e-02  1.5e-01  2.0e-01  1.1e-03  2.0e-01
 313  F 0   1.571e+08   9e-07  0.98  1.0e-01  3.3e-06  0.0e+00  0.0e+00  2.0e-01  1.7e-03  2.1e-01
 313  T 1   1.571e+08   5e-06  0.98  1.0e-01  2.8e-06  2.0e-02  1.1e-01  2.1e-01  1.2e-03  2.1e-01
 314  F 0   1.571e+08   5e-06  0.98  1.0e-01  2.8e-06  0.0e+00  0.0e+00  2.1e-01  1.4e-03  2.1e-01
 314  T 1   1.571e+08  -1e-06  0.98  1.0e-01  2.8e-06  4.2e-03  2.5e-02  2.1e-01  9.4e-04  2.1e-01
 315  T 0   1.571e+08  -1e-05  0.98  1.0e-01  3.0e-06  2.5e-02  1.3e-01  2.2e-01  1.5e-03  2.2e-01
 316  F 0   1.571e+08  -1e-05  0.98  1.0e-01  3.0e-06  0.0e+00  0.0e+00  2.2e-01  1.6e-03  2.2e-01
 316  T 1   1.571e+08  -1e-05  0.98  1.0e-01  2.9e-06  8.6e-03  4.9e-02  2.3e-01  9.8e-04  2.3e-01
 317  T 0   1.571e+08  -6e-07  0.98  1.0e-01  2.9e-06  2.9e-02  1.4e-01  2.5e-01  1.2e-03  2.5e-01
 318  F 0   1.571e+08  -6e-07  0.98  1.0e-01  2.9e-06  0.0e+00  0.0e+00  2.3e-01  1.6e-03  2.3e-01
 318  T 1   1.570e+08  -1e-06  0.98  1.0e-01  3.4e-06  1.0e-01  8.9e-01  2.4e-01  1.4e-03  2.4e-01
 319  F 0   1.570e+08  -1e-06  0.98  1.0e-01  3.4e-06  0.0e+00  0.0e+00  2.2e-01  1.9e-03  2.2e-01
 319  F 1   1.570e+08  -1e-06  0.98  1.0e-01  3.4e-06  0.0e+00  0.0e+00  2.1e-01  1.3e-03  2.1e-01
 319  T 2   1.570e+08  -3e-08  0.98  1.0e-01  8.4e-06  3.4e-02  2.3e-01  2.4e-01  1.3e-03  2.4e-01
 320  T 0   1.570e+08  -3e-05  0.98  1.0e-01  9.6e-06  4.3e-02  2.2e-01  2.1e-01  1.4e-03  2.1e-01
 321  T 0   1.570e+08  -8e-06  0.98  1.0e-01  2.9e-06  2.3e-02  1.2e-01  2.1e-01  1.4e-03  2.1e-01
 322  T 0   1.570e+08  -8e-07  0.98  1.0e-01  3.0e-06  8.8e-03  4.8e-02  2.1e-01  1.2e-03  2.1e-01
 323  T 0   1.570e+08  -1e-05  0.98  1.0e-01  3.0e-06  5.7e-02  2.7e-01  2.4e-01  1.4e-03  2.5e-01
 324  F 0   1.570e+08  -1e-05  0.98  1.0e-01  3.0e-06  0.0e+00  0.0e+00  2.1e-01  1.9e-03  2.1e-01
 324  F 1   1.570e+08  -1e-05  0.98  1.0e-01  3.0e-06  0.0e+00  0.0e+00  2.4e-01  1.3e-03  2.4e-01
 324  T 2   1.569e+08  -8e-06  0.98  1.0e-01  3.2e-06  3.0e-02  1.5e-01  2.1e-01  1.2e-03  2.1e-01
 325  F 0   1.569e+08  -8e-06  0.98  1.0e-01  3.2e-06  0.0e+00  0.0e+00  2.1e-01  1.6e-03  2.1e-01
 325  T 1   1.569e+08   3e-06  0.98  1.0e-01  3.0e-06  1.3e-02  6.7e-02  2.0e-01  9.2e-04  2.0e-01
 326  T 0   1.569e+08   7e-06  0.98  1.0e-01  3.2e-06  3.0e-02  1.4e-01  2.2e-01  1.2e-03  2.2e-01
 327  F 0   1.569e+08   7e-06  0.98  1.0e-01  3.2e-06  0.0e+00  0.0e+00  2.0e-01  1.6e-03  2.1e-01
 327  T 1   1.569e+08   1e-05  0.98  1.0e-01  2.9e-06  3.2e-02  1.6e-01  2.1e-01  1.2e-03  2.1e-01
 328  F 0   1.569e+08   1e-05  0.98  1.0e-01  2.9e-06  0.0e+00  0.0e+00  2.2e-01  1.5e-03  2.2e-01
 328  T 1   1.569e+08   4e-06  0.98  1.0e-01  3.1e-06  6.7e-03  4.5e-02  2.2e-01  9.4e-04  2.2e-01
 329  T 0   1.569e+08  -9e-06  0.98  1.0e-01  3.2e-06  2.0e-02  9.5e-02  2.5e-01  1.5e-03  2.5e-01
 330  T 0   1.569e+08  -9e-08  0.98  1.0e-01  1.7e-05  1.0e-01  9.2e-01  2.1e-01  1.6e-03  2.1e-01
 331  F 0   1.569e+08  -9e-08  0.98  1.0e-01  1.7e-05  0.0e+00  0.0e+00  2.1e-01  1.6e-03  2.1e-01
 331  T 1   1.569e+08  -4e-07  0.97  1.0e-01  2.0e-05  8.2e-02  3.9e-01  2.0e-01  1.4e-03  2.0e-01
 332  T 0   1.568e+08  -7e-07  0.97  1.0e-01  7.7e-06  3.9e-02  1.9e-01  2.5e-01  1.6e-03  2.5e-01
 333  T 0   1.568e+08  -1e-05  0.98  1.0e-01  3.5e-06  9.5e-03  5.0e-02  2.2e-01  1.4e-03  2.2e-01
 334  T 0   1.568e+08  -8e-06  0.98  1.0e-01  3.5e-06  2.4e-02  1.0e-01  2.1e-01  1.4e-03  2.2e-01
 335  F 0   1.568e+08  -8e-06  0.98  1.0e-01  3.5e-06  0.0e+00  0.0e+00  2.1e-01  2.0e-03  2.1e-01
 335  T 1   1.568e+08  -6e-06  0.98  1.0e-01  6.4e-06  1.0e-01  8.6e-01  2.0e-01  1.4e-03  2.0e-01
 336  F 0   1.568e+08  -6e-06  0.98  1.0e-01  6.4e-06  0.0e+00  0.0e+00  2.0e-01  1.8e-03  2.1e-01
 336  F 1   1.568e+08  -6e-06  0.98  1.0e-01  6.4e-06  0.0e+00  0.0e+00  2.2e-01  1.4e-03  2.2e-01
 336  T 2   1.568e+08   1e-05  0.98  1.0e-01  4.2e-06  1.7e-02  9.3e-02  2.1e-01  9.3e-04  2.1e-01
 337  T 0   1.567e+08   8e-06  0.98  1.0e-01  4.1e-06  1.5e-02  5.9e-02  2.0e-01  1.2e-03  2.1e-01
 338  T 0   1.567e+08  -3e-06  0.98  1.0e-01  3.8e-06  1.0e-01  6.5e-01  2.1e-01  1.7e-03  2.1e-01
 339  F 0   1.567e+08  -3e-06  0.98  1.0e-01  3.8e-06  0.0e+00  0.0e+00  2.0e-01  1.9e-03  2.1e-01
 339  F 1   1.567e+08  -3e-06  0.98  1.0e-01  3.8e-06  0.0e+00  0.0e+00  2.1e-01  1.3e-03  2.1e-01
 339  T 2   1.567e+08  -5e-07  0.98  1.0e-01  4.6e-06  3.4e-02  1.7e-01  2.0e-01  1.4e-03  2.0e-01
 340  F 0   1.567e+08  -5e-07  0.98  1.0e-01  4.6e-06  0.0e+00  0.0e+00  2.0e-01  1.7e-03  2.0e-01
 340  T 1   1.567e+08  -2e-05  0.98  1.0e-01  3.1e-06  5.1e-03  2.6e-02  2.0e-01  1.2e-03  2.0e-01
 341  T 0   1.567e+08   1e-06  0.98  1.0e-01  3.7e-06  1.4e-02  7.8e-02  2.1e-01  1.6e-03  2.1e-01
 342  T 0   1.567e+08   2e-07  0.98  1.0e-01  2.8e-06  2.6e-02  1.1e-01  2.0e-01  1.6e-03  2.1e-01
 343  F 0   1.567e+08   2e-07  0.98  1.0e-01  2.8e-06  0.0e+00  0.0e+00  2.0e-01  1.4e-03  2.0e-01
 343  T 1   1.567e+08  -9e-06  0.98  1.0e-01  3.1e-06  6.7e-03  3.8e-02  2.0e-01  1.1e-03  2.0e-01
 344  T 0   1.567e+08  -9e-06  0.98  1.0e-01  3.2e-06  3.1e-02  1.4e-01  2.0e-01  1.2e-03  2.0e-01
 345  F 0   1.567e+08  -9e-06  0.98  1.0e-01  3.2e-06  0.0e+00  0.0e+00  2.0e-01  1.8e-03  2.0e-01
 345  T 1   1.566e+08  -3e-05  0.98  1.0e-01  5.6e-06  7.8e-02  3.7e-01  2.2e-01  1.1e-03  2.2e-01
 346  F 0   1.566e+08  -3e-05  0.98  1.0e-01  5.6e-06  0.0e+00  0.0e+00  2.0e-01  1.6e-03  2.1e-01
 346  T 1   1.566e+08   7e-10  0.98  1.0e-01  6.0e-06  2.7e-02  1.5e-01  2.1e-01  1.3e-03  2.1e-01
 347  T 0   1.566e+08   3e-07  0.98  1.0e-01  2.8e-06  1.4e-02  8.5e-02  2.1e-01  1.6e-03  2.1e-01
 348  T 0   1.566e+08  -6e-06  0.98  1.0e-01  2.9e-06  1.0e-02  5.1e-02  2.4e-01  1.2e-03  2.5e-01
 349  T 0   1.566e+08   4e-07  0.98  1.0e-01  2.8e-06  4.4e-02  1.9e-01  2.1e-01  1.5e-03  2.1e-01
 350  F 0   1.566e+08   4e-07  0.98  1.0e-01  2.8e-06  0.0e+00  0.0e+00  2.1e-01  1.7e-03  2.1e-01
 350  T 1   1.566e+08   9e-07  0.98  1.0e-01  6.3e-06  4.4e-02  2.2e-01  2.1e-01  1.1e-03  2.1e-01
 351  F 0   1.566e+08   9e-07  0.98  1.0e-01  6.3e-06  0.0e+00  0.0e+00  2.1e-01  1.7e-03  2.1e-01
 351  T 1   1.566e+08   1e-05  0.98  1.0e-01  3.9e-06  6.8e-03  3.7e-02  2.1e-01  1.1e-03  2.1e-01
 352  T 0   1.566e+08   3e-05  0.98  1.0e-01  2.8e-06  1.2e-02  7.3e-02  2.1e-01  1.4e-03  2.1e-01
 353  T 0   1.566e+08   3e-05  0.98  1.0e-01  2.8e-06  1.1e-02  4.9e-02  2.0e-01  1.4e-03  2.1e-01
 354  T 0   1.566e+08   2e-06  0.98  1.0e-01  5.3e-06  1.0e-01  6.8e-01  2.2e-01  1.6e-03  2.3e-01
 355  F 0   1.566e+08   2e-06  0.98  1.0e-01  5.3e-06  0.0e+00  0.0e+00  2.0e-01  1.6e-03  2.0e-01
 355  F 1   1.566e+08   2e-06  0.98  1.0e-01  5.3e-06  0.0e+00  0.0e+00  2.1e-01  1.2e-03  2.1e-01
 355  T 2   1.566e+08  -1e-05  0.98  1.0e-01  2.9e-06  1.2e-02  5.9e-02  2.1e-01  1.2e-03  2.1e-01
 356  T 0   1.566e+08  -9e-06  0.98  1.0e-01  2.9e-06  9.6e-03  3.9e-02  2.1e-01  1.2e-03  2.1e-01
 357  T 0   1.565e+08  -1e-05  0.98  1.0e-01  2.7e-06  5.1e-02  1.8e-01  2.1e-01  1.4e-03  2.1e-01
 358  F 0   1.565e+08  -1e-05  0.98  1.0e-01  2.7e-06  0.0e+00  0.0e+00  2.0e-01  1.9e-03  2.1e-01
 358  T 1   1.565e+08  -2e-07  0.98  1.0e-01  8.2e-06  1.0e-01  6.4e-01  2.1e-01  1.4e-03  2.1e-01
 359  F 0   1.565e+08  -2e-07  0.98  1.0e-01  8.2e-06  0.0e+00  0.0e+00  2.0e-01  1.6e-03  2.1e-01
 359  F 1   1.565e+08  -2e-07  0.98  1.0e-01  8.2e-06  0.0e+00  0.0e+00  2.1e-01  1.4e-03  2.2e-01
 359  T 2   1.565e+08  -1e-05  0.98  1.0e-01  6.4e-06  5.8e-03  2.9e-02  2.0e-01  1.2e-03  2.1e-01
 360  T 0   1.565e+08   9e-08  0.98  1.0e-01  2.7e-06  1.9e-02  9.5e-02  2.1e-01  1.6e-03  2.1e-01
 361  T 0   1.565e+08   9e-06  0.98  1.0e-01  2.6e-06  8.5e-03  3.4e-02  2.1e-01  1.2e-03  2.1e-01
 362  T 0   1.565e+08  -1e-07  0.98  1.0e-01  2.7e-06  6.7e-02  2.4e-01  2.1e-01  1.6e-03  2.1e-01
 363  F 0   1.565e+08  -1e-07  0.98  1.0e-01  2.7e-06  0.0e+00  0.0e+00  2.3e-01  1.7e-03  2.3e-01
 363  T 1   1.565e+08  -2e-08  0.98  1.0e-01  2.4e-06  1.4e-02  7.1e-02  2.2e-01  1.3e-03  2.2e-01
 364  T 0   1.565e+08   6e-07  0.98  1.0e-01  2.3e-06  1.6e-02  7.2e-02  2.2e-01  1.8e-03  2.2e-01
 365  T 0   1.565e+08  -1e-05  0.98  1.0e-01  3.1e-06  1.6e-02  8.7e-02  2.0e-01  1.4e-03  2.1e-01
 366  T 0   1.565e+08  -1e-05  0.98  1.0e-01  2.4e-06  1.4e-02  8.1e-02  2.1e-01  1.4e-03  2.1e-01
 367  T 0   1.565e+08  -1e-05  0.98  1.0e-01  2.4e-06  8.5e-03  5.1e-02  2.1e-01  1.4e-03  2.1e-01
 368  T 0   1.565e+08  -6e-06  0.98  1.0e-01  2.3e-06  1.0e-02  3.7e-02  2.2e-01  1.2e-03  2.2e-01
 369  T 0   1.565e+08   3e-06  0.98  1.0e-01  2.4e-06  3.0e-02  1.0e-01  2.2e-01  1.4e-03  2.2e-01
 370  F 0   1.565e+08   3e-06  0.98  1.0e-01  2.4e-06  0.0e+00  0.0e+00  2.1e-01  1.6e-03  2.2e-01
 370  T 1   1.565e+08   1e-05  0.98  1.0e-01  2.2e-06  1.1e-02  4.7e-02  2.4e-01  1.2e-03  2.4e-01
 371  T 0   1.565e+08   4e-06  0.98  1.0e-01  2.3e-06  1.5e-02  5.7e-02  2.2e-01  1.2e-03  2.2e-01
 372  T 0   1.565e+08  -2e-06  0.98  1.0e-01  4.0e-06  3.5e-02  1.3e-01  2.1e-01  1.3e-03  2.1e-01
 373  F 0   1.565e+08  -2e-06  0.98  1.0e-01  4.0e-06  0.0e+00  0.0e+00  2.3e-01  1.7e-03  2.3e-01
 373  T 1   1.565e+08  -5e-06  0.98  1.0e-01  2.6e-06  4.2e-03  2.2e-02  2.2e-01  9.7e-04  2.2e-01
 374  T 0   1.565e+08  -1e-05  0.98  1.0e-01  2.2e-06  8.1e-03  4.5e-02  2.1e-01  1.5e-03  2.1e-01
 375  T 0   1.565e+08  -1e-05  0.98  1.0e-01  2.2e-06  8.6e-03  3.0e-02  2.2e-01  1.5e-03  2.2e-01
 376  T 0   1.565e+08  -3e-07  0.98  1.0e-01  3.9e-06  1.0e-01  5.0e-01  2.2e-01  1.7e-03  2.2e-01
 377  F 0   1.565e+08  -3e-07  0.98  1.0e-01  3.9e-06  0.0e+00  0.0e+00  2.2e-01  1.9e-03  2.2e-01
 377  F 1   1.565e+08  -3e-07  0.98  1.0e-01  3.9e-06  0.0e+00  0.0e+00  2.1e-01  1.2e-03  2.1e-01
 377  T 2   1.565e+08   5e-06  0.98  1.0e-01  2.5e-06  7.6e-03  4.2e-02  2.5e-01  1.0e-03  2.5e-01
 378  T 0   1.565e+08   4e-06  0.98  1.0e-01  2.3e-06  8.1e-03  3.3e-02  2.2e-01  1.2e-03  2.2e-01
 379  T 0   1.565e+08  -3e-06  0.98  1.0e-01  2.4e-06  1.5e-02  4.8e-02  2.0e-01  1.3e-03  2.1e-01
 380  F 0   1.565e+08  -3e-06  0.98  1.0e-01  2.4e-06  0.0e+00  0.0e+00  2.3e-01  1.8e-03  2.3e-01
 380  T 1   1.564e+08  -3e-08  0.98  1.0e-01  2.2e-06  1.0e-01  3.1e-01  2.1e-01  1.4e-03  2.2e-01
 381  F 0   1.564e+08  -3e-08  0.98  1.0e-01  2.2e-06  0.0e+00  0.0e+00  2.1e-01  1.6e-03  2.2e-01
 381  F 1   1.564e+08  -3e-08  0.98  1.0e-01  2.2e-06  0.0e+00  0.0e+00  2.3e-01  1.3e-03  2.4e-01
 381  T 2   1.564e+08   3e-06  0.98  1.0e-01  2.3e-06  5.5e-03  3.3e-02  2.1e-01  9.7e-04  2.1e-01
 382  T 0   1.564e+08   9e-06  0.98  1.0e-01  2.3e-06  9.1e-03  2.9e-02  2.1e-01  1.2e-03  2.1e-01
 383  T 0   1.564e+08  -1e-07  0.98  1.0e-01  1.8e-06  1.0e-01  3.9e-01  2.1e-01  1.6e-03  2.2e-01
 384  F 0   1.564e+08  -1e-07  0.98  1.0e-01  1.8e-06  0.0e+00  0.0e+00  2.1e-01  1.8e-03  2.1e-01
 384  F 1   1.564e+08  -1e-07  0.98  1.0e-01  1.8e-06  0.0e+00  0.0e+00  2.1e-01  1.4e-03  2.1e-01
 384  T 2   1.564e+08   5e-08  0.98  1.0e-01  3.3e-06  1.7e-02  9.1e-02  2.1e-01  1.4e-03  2.1e-01
 385  T 0   1.564e+08  -4e-09  0.98  1.0e-01  3.3e-06  1.8e-02  9.4e-02  2.1e-01  1.6e-03  2.1e-01
 386  T 0   1.564e+08  -8e-06  0.98  1.0e-01  1.4e-06  9.5e-03  5.4e-02  2.2e-01  1.3e-03  2.2e-01
 387  T 0   1.564e+08  -1e-05  0.98  1.0e-01  1.4e-06  4.5e-03  2.2e-02  2.1e-01  1.5e-03  2.1e-01
 388  T 0   1.564e+08  -4e-06  0.98  1.0e-01  1.5e-06  2.1e-02  8.9e-02  2.1e-01  1.4e-03  2.1e-01
 389  F 0   1.564e+08  -4e-06  0.98  1.0e-01  1.5e-06  0.0e+00  0.0e+00  2.1e-01  1.6e-03  2.1e-01
 389  T 1   1.564e+08  -9e-08  0.98  1.0e-01  6.7e-06  1.0e-01  4.3e-01  2.0e-01  1.3e-03  2.0e-01
 390  F 0   1.564e+08  -9e-08  0.98  1.0e-01  6.7e-06  0.0e+00  0.0e+00  2.0e-01  1.6e-03  2.0e-01
 390  T 1   1.564e+08  -7e-06  0.98  1.0e-01  9.6e-06  3.5e-02  1.8e-01  2.1e-01  9.1e-04  2.1e-01
 391  T 0   1.564e+08  -1e-05  0.98  1.0e-01  3.1e-06  1.8e-02  9.3e-02  2.1e-01  1.2e-03  2.1e-01
 392  T 0   1.564e+08  -6e-06  0.98  1.0e-01  1.7e-06  5.2e-03  2.1e-02  2.1e-01  1.2e-03  2.2e-01
 393  T 0   1.564e+08   5e-06  0.98  1.0e-01  1.7e-06  1.6e-02  6.2e-02  2.0e-01  1.2e-03  2.0e-01
 394  F 0   1.564e+08   5e-06  0.98  1.0e-01  1.7e-06  0.0e+00  0.0e+00  2.0e-01  1.8e-03  2.0e-01
 394  T 1   1.564e+08  -2e-06  0.98  1.0e-01  4.6e-06  1.0e-01  6.0e-01  2.1e-01  1.4e-03  2.1e-01
 395  F 0   1.564e+08  -2e-06  0.98  1.0e-01  4.6e-06  0.0e+00  0.0e+00  2.0e-01  1.6e-03  2.0e-01
 395  F 1   1.564e+08  -2e-06  0.98  1.0e-01  4.6e-06  0.0e+00  0.0e+00  2.0e-01  1.4e-03  2.0e-01
 395  T 2   1.564e+08   2e-05  0.98  1.0e-01  2.2e-06  1.6e-02  7.7e-02  2.0e-01  1.2e-03  2.0e-01
 396  T 0   1.564e+08   2e-05  0.98  1.0e-01  2.1e-06  6.6e-03  2.9e-02  2.1e-01  1.4e-03  2.1e-01
 397  T 0   1.564e+08   1e-05  0.98  1.0e-01  2.1e-06  1.7e-02  5.9e-02  2.1e-01  1.5e-03  2.1e-01
 398  F 0   1.564e+08   1e-05  0.98  1.0e-01  2.1e-06  0.0e+00  0.0e+00  2.3e-01  1.6e-03  2.3e-01
 398  T 1   1.564e+08  -3e-06  0.98  1.0e-01  2.2e-06  2.2e-02  8.0e-02  2.5e-01  9.7e-04  2.5e-01
 399  F 0   1.564e+08  -3e-06  0.98  1.0e-01  2.2e-06  0.0e+00  0.0e+00  2.3e-01  1.6e-03  2.4e-01
 399  T 1   1.564e+08  -1e-05  0.98  1.0e-01  2.1e-06  7.9e-03  3.4e-02  2.2e-01  7.3e-04  2.2e-01
 400  T 0   1.564e+08  -7e-06  0.98  1.0e-01  2.1e-06  1.6e-02  5.6e-02  2.2e-01  1.5e-03  2.2e-01
 401  F 0   1.564e+08  -7e-06  0.98  1.0e-01  2.1e-06  0.0e+00  0.0e+00  2.2e-01  1.7e-03  2.2e-01
 401  T 1   1.564e+08  -6e-06  0.98  1.0e-01  2.1e-06  1.8e-02  6.3e-02  2.1e-01  9.1e-04  2.2e-01
 402  F 0   1.564e+08  -6e-06  0.98  1.0e-01  2.1e-06  0.0e+00  0.0e+00  2.1e-01  1.2e-03  2.1e-01
 402  T 1   1.564e+08  -4e-06  0.98  1.0e-01  2.1e-06  7.1e-03  2.9e-02  2.2e-01  9.7e-04  2.2e-01
 403  T 0   1.564e+08   3e-06  0.98  1.0e-01  2.1e-06  2.6e-02  9.1e-02  2.2e-01  1.2e-03  2.2e-01
 404  F 0   1.564e+08   3e-06  0.98  1.0e-01  2.1e-06  0.0e+00  0.0e+00  2.5e-01  1.9e-03  2.5e-01
 404  T 1   1.564e+08  -8e-07  0.98  1.0e-01  7.0e-06  1.0e-01  4.0e-01  2.2e-01  1.3e-03  2.2e-01
 405  F 0   1.564e+08  -8e-07  0.98  1.0e-01  7.0e-06  0.0e+00  0.0e+00  2.1e-01  1.7e-03  2.1e-01
 405  T 1   1.563e+08  -3e-06  0.98  1.0e-01  4.6e-06  2.7e-02  1.4e-01  2.1e-01  9.2e-04  2.1e-01
 406  T 0   1.563e+08   5e-06  0.98  1.0e-01  2.2e-06  9.7e-03  4.7e-02  2.2e-01  1.2e-03  2.2e-01
 407  T 0   1.563e+08   1e-05  0.98  1.0e-01  2.2e-06  7.6e-03  2.8e-02  2.1e-01  1.2e-03  2.1e-01
 408  T 0   1.563e+08  -6e-08  0.98  1.0e-01  2.1e-06  9.3e-02  3.5e-01  2.3e-01  1.8e-03  2.3e-01
 409  F 0   1.563e+08  -6e-08  0.98  1.0e-01  2.1e-06  0.0e+00  0.0e+00  2.0e-01  2.0e-03  2.1e-01
 409  F 1   1.563e+08  -6e-08  0.98  1.0e-01  2.1e-06  0.0e+00  0.0e+00  2.1e-01  1.4e-03  2.1e-01
 409  T 2   1.563e+08  -2e-05  0.98  1.0e-01  3.3e-06  2.1e-02  1.1e-01  2.2e-01  1.2e-03  2.2e-01
 410  T 0   1.563e+08  -4e-06  0.98  1.0e-01  5.5e-06  2.1e-02  1.2e-01  2.5e-01  1.4e-03  2.5e-01
 411  T 0   1.563e+08  -1e-05  0.98  1.0e-01  2.3e-06  1.5e-02  8.2e-02  2.2e-01  1.6e-03  2.3e-01
 412  T 0   1.563e+08  -1e-05  0.98  1.0e-01  2.1e-06  5.5e-03  2.7e-02  2.6e-01  1.5e-03  2.6e-01
 413  T 0   1.563e+08  -5e-06  0.98  1.0e-01  2.0e-06  1.5e-02  5.6e-02  2.2e-01  1.2e-03  2.2e-01
 414  F 0   1.563e+08  -5e-06  0.98  1.0e-01  2.0e-06  0.0e+00  0.0e+00  2.9e-01  1.9e-03  2.9e-01
 414  T 1   1.563e+08   8e-08  0.98  1.0e-01  4.0e-06  1.0e-01  5.2e-01  2.5e-01  1.3e-03  2.6e-01
 415  F 0   1.563e+08   8e-08  0.98  1.0e-01  4.0e-06  0.0e+00  0.0e+00  2.4e-01  1.7e-03  2.4e-01
 415  F 1   1.563e+08   8e-08  0.98  1.0e-01  4.0e-06  0.0e+00  0.0e+00  2.1e-01  1.2e-03  2.1e-01
 415  T 2   1.563e+08   8e-06  0.98  1.0e-01  2.4e-06  1.0e-02  5.4e-02  2.1e-01  1.2e-03  2.1e-01
 416  T 0   1.563e+08   1e-05  0.98  1.0e-01  2.3e-06  7.7e-03  2.7e-02  2.2e-01  1.4e-03  2.2e-01
 417  T 0   1.563e+08  -3e-07  0.98  1.0e-01  2.7e-06  1.0e-01  7.1e-01  2.1e-01  1.7e-03  2.1e-01
 418  F 0   1.563e+08  -3e-07  0.98  1.0e-01  2.7e-06  0.0e+00  0.0e+00  2.1e-01  1.9e-03  2.2e-01
 418  F 1   1.563e+08  -3e-07  0.98  1.0e-01  2.7e-06  0.0e+00  0.0e+00  2.2e-01  1.3e-03  2.2e-01
 418  T 2   1.563e+08   2e-07  0.98  1.0e-01  3.1e-06  2.5e-02  1.1e-01  2.0e-01  1.5e-03  2.0e-01
 419  F 0   1.563e+08   2e-07  0.98  1.0e-01  3.1e-06  0.0e+00  0.0e+00  2.0e-01  1.7e-03  2.1e-01
 419  T 1   1.563e+08   2e-05  0.98  1.0e-01  2.5e-06  2.7e-03  1.4e-02  2.4e-01  1.3e-03  2.4e-01
 420  T 0   1.563e+08   2e-07  0.98  1.0e-01  2.1e-06  8.7e-03  4.8e-02  2.1e-01  1.8e-03  2.1e-01
 421  T 0   1.563e+08  -2e-05  0.98  1.0e-01  2.2e-06  1.1e-02  4.5e-02  2.2e-01  1.5e-03  2.2e-01
 422  T 0   1.563e+08   2e-07  0.98  1.0e-01  3.1e-06  4.3e-02  1.7e-01  2.2e-01  1.7e-03  2.2e-01
 423  F 0   1.563e+08   2e-07  0.98  1.0e-01  3.1e-06  0.0e+00  0.0e+00  2.2e-01  1.7e-03  2.2e-01
 423  T 1   1.562e+08   2e-06  0.98  1.0e-01  2.1e-06  9.4e-03  5.2e-02  2.1e-01  9.7e-04  2.2e-01
 424  T 0   1.562e+08   1e-06  0.98  1.0e-01  2.1e-06  7.5e-03  2.9e-02  2.1e-01  1.2e-03  2.1e-01
 425  T 0   1.562e+08  -2e-07  0.98  1.0e-01  4.1e-06  1.0e-01  5.5e-01  2.1e-01  1.6e-03  2.1e-01
 426  F 0   1.562e+08  -2e-07  0.98  1.0e-01  4.1e-06  0.0e+00  0.0e+00  2.1e-01  1.7e-03  2.2e-01
 426  F 1   1.562e+08  -2e-07  0.98  1.0e-01  4.1e-06  0.0e+00  0.0e+00  2.3e-01  1.2e-03  2.3e-01
 426  T 2   1.562e+08   9e-06  0.98  1.0e-01  1.9e-06  1.2e-02  6.0e-02  2.8e-01  9.4e-04  2.8e-01
 427  T 0   1.562e+08   1e-05  0.98  1.0e-01  1.9e-06  6.3e-03  2.7e-02  2.2e-01  1.5e-03  2.2e-01
 428  T 0   1.562e+08  -9e-06  0.98  1.0e-01  7.6e-06  1.0e-01  8.8e-01  2.1e-01  1.6e-03  2.2e-01
 429  F 0   1.562e+08  -9e-06  0.98  1.0e-01  7.6e-06  0.0e+00  0.0e+00  2.3e-01  1.9e-03  2.3e-01
 429  F 1   1.562e+08  -9e-06  0.98  1.0e-01  7.6e-06  0.0e+00  0.0e+00  2.1e-01  1.4e-03  2.1e-01
 429  T 2   1.562e+08   4e-06  0.98  1.0e-01  4.1e-06  1.2e-02  4.6e-02  2.4e-01  1.4e-03  2.4e-01
 430  T 0   1.562e+08   8e-07  0.98  1.0e-01  2.6e-06  2.5e-02  1.1e-01  2.0e-01  1.6e-03  2.1e-01
 431  T 0   1.562e+08   3e-06  0.98  1.0e-01  2.1e-06  2.0e-02  8.6e-02  2.4e-01  1.7e-03  2.5e-01
 432  F 0   1.562e+08   3e-06  0.98  1.0e-01  2.1e-06  0.0e+00  0.0e+00  2.8e-01  1.6e-03  2.8e-01
 432  F 1   1.562e+08   3e-06  0.98  1.0e-01  2.1e-06  0.0e+00  0.0e+00  2.4e-01  1.6e-03  2.4e-01
 432  F 2   1.562e+08   3e-06  0.98  1.0e-01  2.1e-06  0.0e+00  0.0e+00  2.4e-01  1.4e-03  2.4e-01
 432  F 3   1.562e+08  -8e-06  0.98  1.0e-01  4.6e-06  2.0e-02  1.2e-01  2.3e-01  1.4e-03  2.3e-01
 433  T 0   1.562e+08  -3e-05  0.98  1.0e-01  4.6e-06  2.1e-02  1.2e-01  2.3e-01  1.5e-03  2.3e-01
 434  T 0   1.562e+08  -2e-05  0.98  1.0e-01  2.0e-06  9.7e-03  5.9e-02  2.2e-01  1.4e-03  2.2e-01
 435  T 0   1.562e+08  -1e-05  0.98  1.0e-01  2.0e-06  5.9e-03  2.4e-02  2.2e-01  1.4e-03  2.2e-01
 436  T 0   1.562e+08  -1e-05  0.98  1.0e-01  2.0e-06  3.9e-02  1.5e-01  2.3e-01  1.5e-03  2.3e-01
 437  F 0   1.562e+08  -1e-05  0.98  1.0e-01  2.0e-06  0.0e+00  0.0e+00  2.1e-01  1.7e-03  2.1e-01
 437  F 1   1.562e+08  -1e-05  0.98  1.0e-01  2.0e-06  0.0e+00  0.0e+00  2.4e-01  1.4e-03  2.4e-01
 437  T 2   1.562e+08  -9e-06  0.98  1.0e-01  1.9e-06  6.6e-03  2.6e-02  2.1e-01  1.2e-03  2.1e-01
 438  T 0   1.562e+08   3e-06  0.98  1.0e-01  1.9e-06  2.7e-02  9.9e-02  2.3e-01  1.5e-03  2.3e-01
 439  F 0   1.562e+08   3e-06  0.98  1.0e-01  1.9e-06  0.0e+00  0.0e+00  2.8e-01  1.6e-03  2.8e-01
 439  T 1   1.562e+08  -4e-07  0.98  1.0e-01  5.4e-06  8.2e-02  3.0e-01  2.9e-01  1.5e-03  2.9e-01
 440  F 0   1.562e+08  -4e-07  0.98  1.0e-01  5.4e-06  0.0e+00  0.0e+00  2.3e-01  1.7e-03  2.3e-01
 440  T 1   1.562e+08   3e-06  0.98  1.0e-01  4.6e-06  1.7e-02  9.6e-02  2.4e-01  9.4e-04  2.4e-01
 441  T 0   1.562e+08   4e-06  0.98  1.0e-01  1.9e-06  7.6e-03  2.7e-02  2.4e-01  1.0e-02  2.5e-01
 442  T 0   1.562e+08   4e-06  0.98  1.0e-01  1.9e-06  1.0e-02  3.7e-02  2.1e-01  1.3e-03  2.1e-01
 443  T 0   1.561e+08   7e-07  0.98  1.0e-01  5.2e-06  1.0e-01  5.9e-01  2.4e-01  1.7e-03  2.4e-01
 444  F 0   1.561e+08   7e-07  0.98  1.0e-01  5.2e-06  0.0e+00  0.0e+00  2.3e-01  1.8e-03  2.3e-01
 444  F 1   1.561e+08   7e-07  0.98  1.0e-01  5.2e-06  0.0e+00  0.0e+00  2.2e-01  1.5e-03  2.2e-01
 444  T 2   1.561e+08  -1e-05  0.98  1.0e-01  2.0e-06  9.2e-03  4.6e-02  2.5e-01  1.2e-03  2.6e-01
 445  T 0   1.561e+08  -2e-05  0.98  1.0e-01  1.7e-06  5.8e-03  3.1e-02  2.3e-01  1.4e-03  2.3e-01
 446  T 0   1.561e+08  -2e-05  0.98  1.0e-01  1.7e-06  7.6e-03  2.8e-02  2.3e-01  2.3e-03  2.3e-01
 447  T 0   1.561e+08  -4e-07  0.98  1.0e-01  6.6e-06  1.0e-01  6.3e-01  2.4e-01  1.7e-03  2.5e-01
 448  F 0   1.561e+08  -4e-07  0.98  1.0e-01  6.6e-06  0.0e+00  0.0e+00  2.3e-01  1.7e-03  2.3e-01
 448  F 1   1.561e+08  -4e-07  0.98  1.0e-01  6.6e-06  0.0e+00  0.0e+00  2.2e-01  1.5e-03  2.2e-01
 448  T 2   1.561e+08   2e-05  0.98  1.0e-01  3.7e-06  9.1e-03  4.2e-02  3.2e-01  1.2e-03  3.3e-01
 449  T 0   1.561e+08  -1e-06  0.98  1.0e-01  1.8e-06  1.0e-02  4.8e-02  4.0e-01  1.7e-03  4.0e-01
 450  F 0   1.561e+08  -2e-05  0.98  1.0e-01  1.8e-06  6.3e-03  2.6e-02  2.1e-01  1.5e-03  2.1e-01
 451  T 0   1.561e+08   1e-07  0.98  1.0e-01  2.9e-06  6.4e-02  2.2e-01  2.1e-01  1.7e-03  2.1e-01
 452  F 0   1.561e+08   1e-07  0.98  1.0e-01  2.9e-06  0.0e+00  0.0e+00  2.1e-01  1.7e-03  2.1e-01
 452  T 1   1.561e+08   1e-06  0.98  1.0e-01  2.9e-06  1.6e-02  7.2e-02  2.1e-01  1.4e-03  2.1e-01
 453  T 0   1.561e+08   7e-09  0.98  1.0e-01  1.7e-06  1.0e-02  5.8e-02  2.1e-01  1.7e-03  2.1e-01
 454  T 0   1.561e+08   1e-05  0.98  1.0e-01  1.9e-06  6.4e-03  3.8e-02  2.1e-01  1.4e-03  2.1e-01
 455  T 0   1.561e+08   1e-05  0.98  1.0e-01  1.8e-06  7.6e-03  2.8e-02  2.1e-01  1.4e-03  2.1e-01
 456  T 0   1.561e+08   1e-05  0.98  1.0e-01  1.9e-06  2.1e-02  7.3e-02  2.2e-01  1.4e-03  2.2e-01
 457  F 0   1.561e+08   1e-05  0.98  1.0e-01  1.9e-06  0.0e+00  0.0e+00  2.1e-01  1.7e-03  2.1e-01
 457  T 1   1.561e+08   1e-05  0.98  1.0e-01  1.9e-06  7.7e-03  3.2e-02  2.3e-01  9.6e-04  2.3e-01
 458  T 0   1.561e+08   1e-05  0.98  1.0e-01  1.9e-06  1.3e-02  4.4e-02  2.1e-01  1.4e-03  2.1e-01
 459  F 0   1.561e+08  -7e-06  0.98  1.0e-01  4.2e-06  4.5e-02  1.6e-01  2.5e-01  1.4e-03  2.5e-01
 460  F 0   1.561e+08  -7e-06  0.98  1.0e-01  4.2e-06  0.0e+00  0.0e+00  2.0e-01  1.4e-03  2.0e-01
 460  T 1   1.561e+08  -2e-06  0.98  1.0e-01  2.2e-06  5.5e-03  3.1e-02  2.3e-01  9.4e-04  2.3e-01
 461  T 0   1.561e+08   4e-06  0.98  1.0e-01  2.0e-06  6.1e-03  3.6e-02  2.1e-01  1.2e-03  2.1e-01
 462  T 0   1.561e+08   9e-06  0.98  1.0e-01  2.0e-06  6.9e-03  2.1e-02  2.1e-01  1.2e-03  2.1e-01
 463  F 0   1.561e+08   9e-06  0.98  1.0e-01  2.0e-06  0.0e+00  0.0e+00  2.1e-01  1.6e-03  2.1e-01
 463  T 1   1.561e+08  -1e-05  0.98  1.0e-01  2.1e-06  4.9e-02  1.4e-01  2.1e-01  1.2e-03  2.1e-01
 464  F 0   1.561e+08  -1e-05  0.98  1.0e-01  2.1e-06  0.0e+00  0.0e+00  2.1e-01  1.6e-03  2.1e-01
 464  F 1   1.561e+08  -1e-05  0.98  1.0e-01  2.1e-06  0.0e+00  0.0e+00  2.1e-01  1.3e-03  2.1e-01
 464  T 2   1.561e+08  -9e-06  0.98  1.0e-01  2.1e-06  1.3e-02  3.9e-02  2.2e-01  9.4e-04  2.3e-01
 465  T 0   1.561e+08   4e-06  0.98  1.0e-01  2.7e-06  3.3e-02  1.0e-01  2.2e-01  1.2e-03  2.3e-01
 466  F 0   1.561e+08   4e-06  0.98  1.0e-01  2.7e-06  0.0e+00  0.0e+00  2.5e-01  1.4e-03  2.5e-01
 466  T 1   1.561e+08   1e-06  0.98  1.0e-01  2.1e-06  3.2e-03  1.9e-02  2.2e-01  9.5e-04  2.2e-01
 467  T 0   1.561e+08  -2e-06  0.98  1.0e-01  2.1e-06  6.3e-03  3.0e-02  2.1e-01  1.2e-03  2.1e-01
 468  T 0   1.561e+08   4e-06  0.98  1.0e-01  2.1e-06  8.5e-03  2.3e-02  2.1e-01  1.2e-03  2.1e-01
 469  T 0   1.561e+08  -7e-08  0.98  1.0e-01  3.5e-06  1.0e-01  4.3e-01  2.2e-01  1.7e-03  2.2e-01
 470  F 0   1.561e+08  -7e-08  0.98  1.0e-01  3.5e-06  0.0e+00  0.0e+00  2.4e-01  1.7e-03  2.4e-01
 470  F 1   1.561e+08  -7e-08  0.98  1.0e-01  3.5e-06  0.0e+00  0.0e+00  2.2e-01  1.1e-03  2.2e-01
 470  T 2   1.561e+08  -5e-06  0.98  1.0e-01  2.2e-06  6.4e-03  3.3e-02  2.1e-01  1.1e-03  2.1e-01
 471  T 0   1.561e+08  -9e-06  0.98  1.0e-01  2.2e-06  6.4e-03  2.3e-02  2.1e-01  1.2e-03  2.1e-01
 472  T 0   1.561e+08  -1e-05  0.98  1.0e-01  2.1e-06  1.2e-02  2.7e-02  2.2e-01  1.5e-03  2.2e-01
 473  F 0   1.561e+08  -1e-05  0.98  1.0e-01  2.1e-06  0.0e+00  0.0e+00  2.1e-01  1.7e-03  2.1e-01
 473  T 1   1.561e+08   4e-06  0.98  1.0e-01  1.9e-06  4.8e-02  1.1e-01  2.2e-01  1.2e-03  2.2e-01
 474  F 0   1.561e+08   4e-06  0.98  1.0e-01  1.9e-06  0.0e+00  0.0e+00  2.0e-01  1.6e-03  2.1e-01
 474  F 1   1.561e+08  -2e-06  0.98  1.0e-01  3.5e-06  3.8e-02  1.1e-01  2.1e-01  9.9e-04  2.1e-01
 475  F 0   1.561e+08  -2e-06  0.98  1.0e-01  3.5e-06  0.0e+00  0.0e+00  2.1e-01  1.5e-03  2.1e-01
 475  T 1   1.561e+08   2e-06  0.98  1.0e-01  2.4e-06  3.0e-03  1.7e-02  2.1e-01  9.5e-04  2.1e-01
 476  T 0   1.561e+08   7e-06  0.98  1.0e-01  1.7e-06  6.7e-03  3.8e-02  2.1e-01  1.2e-03  2.2e-01
 477  T 0   1.561e+08   9e-06  0.98  1.0e-01  1.7e-06  5.1e-03  1.4e-02  2.3e-01  1.2e-03  2.3e-01
 478  T 0   1.561e+08  -1e-07  0.98  1.0e-01  3.2e-06  1.0e-01  3.7e-01  2.4e-01  1.7e-03  2.4e-01
 479  F 0   1.561e+08  -1e-07  0.98  1.0e-01  3.2e-06  0.0e+00  0.0e+00  2.1e-01  1.7e-03  2.1e-01
 479  F 1   1.561e+08  -1e-07  0.98  1.0e-01  3.2e-06  0.0e+00  0.0e+00  2.0e-01  1.3e-03  2.0e-01
 479  T 2   1.561e+08  -1e-05  0.98  1.0e-01  1.8e-06  4.9e-03  2.6e-02  2.1e-01  1.1e-03  2.1e-01
 480  T 0   1.561e+08  -2e-05  0.98  1.0e-01  1.7e-06  5.3e-03  2.5e-02  2.1e-01  1.4e-03  2.2e-01
 481  T 0   1.561e+08  -2e-05  0.98  1.0e-01  1.7e-06  6.6e-03  1.6e-02  2.2e-01  1.4e-03  2.2e-01
 482  T 0   1.560e+08   1e-06  0.98  1.0e-01  3.8e-06  1.0e-01  3.6e-01  2.0e-01  1.6e-03  2.0e-01
 483  F 0   1.560e+08   1e-06  0.98  1.0e-01  3.8e-06  0.0e+00  0.0e+00  2.1e-01  1.7e-03  2.1e-01
 483  F 1   1.560e+08   1e-06  0.98  1.0e-01  3.8e-06  0.0e+00  0.0e+00  2.0e-01  1.3e-03  2.0e-01
 483  T 2   1.560e+08   2e-05  0.98  1.0e-01  2.6e-06  4.5e-03  1.9e-02  2.0e-01  1.1e-03  2.0e-01
 484  F 0   1.560e+08  -7e-07  0.98  1.0e-01  1.3e-06  7.5e-03  3.4e-02  2.7e-01  1.6e-03  2.8e-01
 485  T 0   1.560e+08  -6e-07  0.98  1.0e-01  1.5e-06  5.9e-03  2.0e-02  2.0e-01  1.6e-03  2.1e-01
 486  T 0   1.560e+08  -8e-06  0.98  1.0e-01  1.1e-06  1.7e-02  6.1e-02  2.1e-01  1.4e-03  2.1e-01
 487  F 0   1.560e+08  -8e-06  0.98  1.0e-01  1.1e-06  0.0e+00  0.0e+00  2.1e-01  1.7e-03  2.2e-01
 487  F 1   1.560e+08  -8e-06  0.98  1.0e-01  1.1e-06  0.0e+00  0.0e+00  2.2e-01  1.3e-03  2.2e-01
 487  F 2   1.560e+08  -8e-06  0.98  1.0e-01  1.1e-06  0.0e+00  0.0e+00  2.1e-01  1.5e-03  2.1e-01
 487  F 3   1.560e+08  -8e-06  0.98  1.0e-01  1.1e-06  0.0e+00  0.0e+00  2.1e-01  1.4e-03  2.1e-01
 487  F 4   1.560e+08  -8e-06  0.98  1.0e-01  1.1e-06  0.0e+00  0.0e+00  2.0e-01  1.4e-03  2.0e-01
 487  F 5   1.560e+08  -8e-06  0.98  1.0e-01  1.1e-06  0.0e+00  0.0e+00  2.2e-01  1.3e-03  2.2e-01
 487  F 6   1.560e+08  -8e-06  0.98  1.0e-01  1.1e-06  0.0e+00  0.0e+00  2.2e-01  1.4e-03  2.2e-01
 487  F 7   1.560e+08  -8e-06  0.98  1.0e-01  1.1e-06  0.0e+00  0.0e+00  2.0e-01  1.3e-03  2.0e-01
 487  F 8   1.560e+08  -8e-06  0.98  1.0e-01  1.1e-06  0.0e+00  0.0e+00  2.0e-01  1.4e-03  2.1e-01
 487  F 9   1.560e+08  -8e-06  0.98  1.0e-01  1.1e-06  0.0e+00  0.0e+00  2.7e-01  1.4e-03  2.7e-01
 487  F10   1.560e+08  -8e-06  0.98  1.0e-01  1.1e-06  0.0e+00  0.0e+00  2.0e-01  1.4e-03  2.0e-01
 487  F11   1.560e+08  -8e-06  0.98  1.0e-01  1.1e-06  0.0e+00  0.0e+00  2.2e-01  1.4e-03  2.2e-01
 487  F12   1.560e+08  -8e-06  0.98  1.0e-01  1.1e-06  0.0e+00  0.0e+00  2.1e-01  1.4e-03  2.1e-01
 487  F13   1.560e+08  -8e-06  0.98  1.0e-01  1.1e-06  0.0e+00  0.0e+00  2.0e-01  1.5e-03  2.0e-01
 487  F14   1.560e+08  -8e-06  0.98  1.0e-01  1.1e-06  0.0e+00  0.0e+00  2.7e-01  1.5e-03  2.7e-01
 487  F15   1.560e+08  -8e-06  0.98  1.0e-01  1.1e-06  0.0e+00  0.0e+00  2.1e-01  1.4e-03  2.1e-01
 487  F16   1.560e+08  -8e-06  0.98  1.0e-01  1.1e-06  0.0e+00  0.0e+00  2.1e-01  1.3e-03  2.1e-01
Enforced Termination; excessive conservatism
Total number of system evaluations: 710
