   k  l     Obj         Vio    Bou   ML       |KKT|    |dX|     ||dX||   T_s      T_o      T_t
   0  T 0   4.248e+08   1e-02  0.00  1.0e-01  3.0e+03  1.0e+00  1.0e+00  2.6e-01  0.0e+00  0.0e+00
   1  F 0   4.248e+08   1e-02  0.00  1.0e-01  3.0e+03  0.0e+00  0.0e+00  1.6e-01  7.6e-03  1.7e-01
   1  F 1   4.248e+08   1e-02  0.00  1.0e-01  3.0e+03  0.0e+00  0.0e+00  1.6e-01  5.5e-03  1.7e-01
   1  F 2   4.248e+08   1e-02  0.00  1.0e-01  3.0e+03  0.0e+00  0.0e+00  1.5e-01  4.7e-03  1.5e-01
   1  F 3   4.248e+08   1e-02  0.00  1.0e-01  3.0e+03  0.0e+00  0.0e+00  1.8e-01  4.6e-03  1.8e-01
   1  F 4   4.248e+08   1e-02  0.00  1.0e-01  3.0e+03  0.0e+00  0.0e+00  1.6e-01  4.5e-03  1.6e-01
   1  F 5   4.248e+08   1e-02  0.00  1.0e-01  3.0e+03  0.0e+00  0.0e+00  1.5e-01  4.4e-03  1.5e-01
   1  T 6   2.650e+08  -2e-03  0.00  1.0e-01  4.4e-02  9.4e-02  5.4e-01  1.5e-01  4.5e-03  1.5e-01
   2  F 0   2.650e+08  -2e-03  0.00  1.0e-01  4.4e-02  0.0e+00  0.0e+00  1.4e-01  2.2e-03  1.5e-01
   2  F 1   2.650e+08  -2e-03  0.00  1.0e-01  4.4e-02  0.0e+00  0.0e+00  1.6e-01  2.2e-03  1.7e-01
   2  F 2   2.650e+08  -2e-03  0.00  1.0e-01  4.4e-02  0.0e+00  0.0e+00  2.1e-01  2.3e-03  2.1e-01
   2  F 3   2.650e+08  -2e-03  0.00  1.0e-01  4.4e-02  0.0e+00  0.0e+00  1.6e-01  1.6e-03  1.6e-01
   2  F 4   2.650e+08  -2e-03  0.00  1.0e-01  4.4e-02  0.0e+00  0.0e+00  1.6e-01  1.7e-03  1.7e-01
   2  T 5   1.516e+08  -3e-02  0.00  1.0e-01  1.0e-02  1.0e-01  1.3e+00  1.7e-01  1.7e-03  1.7e-01
   3  F 0   1.516e+08  -3e-02  0.00  1.0e-01  1.0e-02  0.0e+00  0.0e+00  1.7e-01  1.6e-03  1.7e-01
   3  F 1   1.516e+08  -3e-02  0.00  1.0e-01  1.0e-02  0.0e+00  0.0e+00  1.8e-01  1.2e-03  1.8e-01
   3  F 2   1.516e+08  -3e-02  0.00  1.0e-01  1.0e-02  0.0e+00  0.0e+00  1.8e-01  1.2e-03  1.8e-01
   3  F 3   1.516e+08  -3e-02  0.00  1.0e-01  1.0e-02  0.0e+00  0.0e+00  2.2e-01  1.2e-03  2.2e-01
   3  T 4   7.525e+07  -1e-01  0.00  1.0e-01  5.2e-03  1.0e-01  2.4e+00  2.0e-01  1.3e-03  2.0e-01
   4  F 0   7.525e+07  -1e-01  0.00  1.0e-01  5.2e-03  0.0e+00  0.0e+00  2.0e-01  1.5e-03  2.0e-01
   4  F 1   7.525e+07  -1e-01  0.00  1.0e-01  5.2e-03  0.0e+00  0.0e+00  1.6e-01  1.1e-03  1.6e-01
   4  F 2   7.525e+07  -1e-01  0.00  1.0e-01  5.2e-03  0.0e+00  0.0e+00  1.6e-01  1.2e-03  1.7e-01
   4  T 3   6.476e+07  -1e-01  0.03  1.0e-01  3.2e-02  5.7e-02  6.7e-01  1.6e-01  1.2e-03  1.6e-01
   5  F 0   6.476e+07  -1e-01  0.03  1.0e-01  3.2e-02  0.0e+00  0.0e+00  1.7e-01  1.6e-03  1.7e-01
   5  F 1   6.476e+07  -1e-01  0.03  1.0e-01  3.2e-02  0.0e+00  0.0e+00  1.7e-01  1.2e-03  1.7e-01
   5  F 2   6.476e+07  -1e-01  0.03  1.0e-01  3.2e-02  0.0e+00  0.0e+00  2.0e-01  1.1e-03  2.0e-01
   5  F 3   6.476e+07  -1e-01  0.03  1.0e-01  3.2e-02  0.0e+00  0.0e+00  1.9e-01  1.1e-03  1.9e-01
   5  F 4   6.476e+07  -1e-01  0.03  1.0e-01  3.2e-02  0.0e+00  0.0e+00  1.9e-01  6.6e-03  1.9e-01
   5  F 5   6.476e+07  -1e-01  0.03  1.0e-01  3.2e-02  0.0e+00  0.0e+00  2.3e-01  1.4e-03  2.3e-01
   5  F 6   6.476e+07  -1e-01  0.03  1.0e-01  3.2e-02  0.0e+00  0.0e+00  1.5e-01  1.6e-03  1.5e-01
   5  F 7   6.476e+07  -1e-01  0.03  1.0e-01  3.2e-02  0.0e+00  0.0e+00  1.6e-01  8.7e-04  1.7e-01
   5  T 8   6.387e+07  -1e-01  0.02  1.0e-01  1.8e-02  6.0e-03  2.6e-02  2.0e-01  1.6e-03  2.0e-01
   6  F 0   6.387e+07  -1e-01  0.02  1.0e-01  1.8e-02  0.0e+00  0.0e+00  2.0e-01  1.6e-03  2.0e-01
   6  F 1   6.387e+07  -1e-01  0.02  1.0e-01  1.8e-02  0.0e+00  0.0e+00  1.6e-01  1.2e-03  1.6e-01
   6  F 2   6.387e+07  -1e-01  0.02  1.0e-01  1.8e-02  0.0e+00  0.0e+00  1.6e-01  1.2e-03  1.6e-01
   6  F 3   6.387e+07  -1e-01  0.02  1.0e-01  1.8e-02  0.0e+00  0.0e+00  2.0e-01  1.2e-03  2.1e-01
   6  T 4   5.688e+07  -1e-01  0.04  1.0e-01  7.8e-03  6.5e-02  5.5e-01  2.3e-01  1.2e-03  2.3e-01
   7  F 0   5.688e+07  -1e-01  0.04  1.0e-01  7.8e-03  0.0e+00  0.0e+00  2.3e-01  1.5e-03  2.3e-01
   7  F 1   5.688e+07  -1e-01  0.04  1.0e-01  7.8e-03  0.0e+00  0.0e+00  2.0e-01  1.1e-03  2.1e-01
   7  F 2   5.688e+07  -1e-01  0.04  1.0e-01  7.8e-03  0.0e+00  0.0e+00  1.5e-01  1.1e-03  1.5e-01
   7  T 3   5.477e+07  -1e-01  0.05  1.0e-01  4.2e-03  1.3e-02  1.4e-01  1.6e-01  1.1e-03  1.6e-01
   8  F 0   5.477e+07  -1e-01  0.05  1.0e-01  4.2e-03  0.0e+00  0.0e+00  1.6e-01  1.6e-03  1.6e-01
   8  F 1   5.477e+07  -1e-01  0.05  1.0e-01  4.2e-03  0.0e+00  0.0e+00  1.7e-01  1.2e-03  1.7e-01
   8  F 2   5.477e+07  -1e-01  0.05  1.0e-01  4.2e-03  0.0e+00  0.0e+00  1.7e-01  1.2e-03  1.7e-01
   8  F 3   5.477e+07  -1e-01  0.05  1.0e-01  4.2e-03  0.0e+00  0.0e+00  1.8e-01  1.2e-03  1.8e-01
   8  T 4   3.542e+07  -2e-01  0.29  1.0e-01  1.4e-01  1.0e-01  2.6e+00  1.9e-01  1.2e-03  1.9e-01
   9  F 0   3.542e+07  -2e-01  0.29  1.0e-01  1.4e-01  0.0e+00  0.0e+00  1.9e-01  1.6e-03  1.9e-01
   9  F 1   3.542e+07  -2e-01  0.29  1.0e-01  1.4e-01  0.0e+00  0.0e+00  1.9e-01  1.1e-03  1.9e-01
   9  F 2   3.542e+07  -2e-01  0.29  1.0e-01  1.4e-01  0.0e+00  0.0e+00  1.5e-01  1.1e-03  1.6e-01
   9  F 3   3.542e+07  -2e-01  0.29  1.0e-01  1.4e-01  0.0e+00  0.0e+00  2.2e-01  1.2e-03  2.2e-01
   9  F 4   3.542e+07  -2e-01  0.29  1.0e-01  1.4e-01  0.0e+00  0.0e+00  1.6e-01  1.1e-03  1.6e-01
   9  F 5   3.542e+07  -2e-01  0.29  1.0e-01  1.4e-01  0.0e+00  0.0e+00  1.6e-01  1.1e-03  1.6e-01
   9  F 6   3.542e+07  -2e-01  0.29  1.0e-01  1.4e-01  0.0e+00  0.0e+00  1.6e-01  1.2e-03  1.7e-01
   9  T 7   3.096e+07  -2e-01  0.28  1.0e-01  2.5e-02  1.9e-02  4.4e-02  1.8e-01  1.2e-03  1.8e-01
  10  F 0   3.096e+07  -2e-01  0.28  1.0e-01  2.5e-02  0.0e+00  0.0e+00  1.7e-01  1.6e-03  1.7e-01
  10  F 1   3.096e+07  -2e-01  0.28  1.0e-01  2.5e-02  0.0e+00  0.0e+00  1.7e-01  1.2e-03  1.7e-01
  10  F 2   3.096e+07  -2e-01  0.28  1.0e-01  2.5e-02  0.0e+00  0.0e+00  1.9e-01  1.2e-03  1.9e-01
  10  F 3   3.096e+07  -2e-01  0.28  1.0e-01  2.5e-02  0.0e+00  0.0e+00  2.0e-01  1.3e-03  2.0e-01
  10  F 4   3.096e+07  -2e-01  0.28  1.0e-01  2.5e-02  0.0e+00  0.0e+00  2.0e-01  1.1e-03  2.0e-01
  10  F 5   3.096e+07  -2e-01  0.28  1.0e-01  2.5e-02  0.0e+00  0.0e+00  2.5e-01  1.1e-03  2.5e-01
  10  F 6   3.096e+07  -2e-01  0.28  1.0e-01  2.5e-02  0.0e+00  0.0e+00  2.1e-01  1.1e-03  2.2e-01
  10  F 7   3.096e+07  -2e-01  0.28  1.0e-01  2.5e-02  0.0e+00  0.0e+00  2.3e-01  1.2e-03  2.3e-01
  10  T 8   3.003e+07  -2e-01  0.27  1.0e-01  1.0e-02  9.9e-03  4.7e-02  1.8e-01  1.2e-03  1.8e-01
  11  F 0   3.003e+07  -2e-01  0.27  1.0e-01  1.0e-02  0.0e+00  0.0e+00  1.9e-01  1.6e-03  1.9e-01
  11  F 1   3.003e+07  -2e-01  0.27  1.0e-01  1.0e-02  0.0e+00  0.0e+00  1.7e-01  1.2e-03  1.7e-01
  11  T 2   2.560e+07  -2e-01  0.31  1.0e-01  1.7e-02  1.0e-01  1.1e+00  1.8e-01  1.2e-03  1.8e-01
  12  F 0   2.560e+07  -2e-01  0.31  1.0e-01  1.7e-02  0.0e+00  0.0e+00  1.6e-01  1.6e-03  1.6e-01
  12  F 1   2.560e+07  -2e-01  0.31  1.0e-01  1.7e-02  0.0e+00  0.0e+00  2.0e-01  1.2e-03  2.0e-01
  12  T 2   1.795e+07  -3e-01  0.38  1.0e-01  7.1e-02  1.0e-01  2.4e+00  1.5e-01  1.1e-03  1.5e-01
  13  F 0   1.795e+07  -3e-01  0.38  1.0e-01  7.1e-02  0.0e+00  0.0e+00  2.4e-01  1.6e-03  2.4e-01
  13  F 1   1.795e+07  -3e-01  0.38  1.0e-01  7.1e-02  0.0e+00  0.0e+00  1.6e-01  1.1e-03  1.7e-01
  13  F 2   1.795e+07  -3e-01  0.38  1.0e-01  7.1e-02  0.0e+00  0.0e+00  2.2e-01  1.2e-03  2.2e-01
  13  F 3   1.795e+07  -3e-01  0.38  1.0e-01  7.1e-02  0.0e+00  0.0e+00  1.8e-01  1.2e-03  1.9e-01
  13  F 4   1.795e+07  -3e-01  0.38  1.0e-01  7.1e-02  0.0e+00  0.0e+00  1.7e-01  1.1e-03  1.7e-01
  13  F 5   1.795e+07  -3e-01  0.38  1.0e-01  7.1e-02  0.0e+00  0.0e+00  1.6e-01  1.2e-03  1.6e-01
  13  F 6   1.795e+07  -3e-01  0.38  1.0e-01  7.1e-02  0.0e+00  0.0e+00  1.6e-01  1.2e-03  1.7e-01
  13  F 7   1.795e+07  -3e-01  0.38  1.0e-01  7.1e-02  0.0e+00  0.0e+00  1.7e-01  1.2e-03  1.7e-01
  13  F 8   1.795e+07  -3e-01  0.38  1.0e-01  7.1e-02  0.0e+00  0.0e+00  1.7e-01  1.2e-03  1.7e-01
  13  F 9   1.795e+07  -3e-01  0.38  1.0e-01  7.1e-02  0.0e+00  0.0e+00  1.7e-01  1.3e-03  1.7e-01
  13  T10   1.759e+07  -3e-01  0.38  1.0e-01  1.7e-02  4.5e-03  1.0e-02  1.7e-01  1.2e-03  1.7e-01
  14  F 0   1.759e+07  -3e-01  0.38  1.0e-01  1.7e-02  0.0e+00  0.0e+00  2.2e-01  1.8e-03  2.2e-01
  14  F 1   1.759e+07  -3e-01  0.38  1.0e-01  1.7e-02  0.0e+00  0.0e+00  1.9e-01  1.1e-03  1.9e-01
  14  F 2   1.759e+07  -3e-01  0.38  1.0e-01  1.7e-02  0.0e+00  0.0e+00  1.6e-01  1.1e-03  1.6e-01
  14  F 3   1.759e+07  -3e-01  0.38  1.0e-01  1.7e-02  0.0e+00  0.0e+00  1.6e-01  1.2e-03  1.6e-01
  14  F 4   1.759e+07  -3e-01  0.38  1.0e-01  1.7e-02  0.0e+00  0.0e+00  1.6e-01  1.2e-03  1.6e-01
  14  F 5   1.759e+07  -3e-01  0.38  1.0e-01  1.7e-02  0.0e+00  0.0e+00  1.9e-01  1.2e-03  1.9e-01
  14  F 6   1.759e+07  -3e-01  0.38  1.0e-01  1.7e-02  0.0e+00  0.0e+00  1.5e-01  1.1e-03  1.5e-01
  14  F 7   1.759e+07  -3e-01  0.38  1.0e-01  1.7e-02  0.0e+00  0.0e+00  1.7e-01  1.1e-03  1.7e-01
  14  F 8   1.759e+07  -3e-01  0.38  1.0e-01  1.7e-02  0.0e+00  0.0e+00  1.6e-01  1.3e-03  1.7e-01
  14  T 9   1.736e+07  -3e-01  0.37  1.0e-01  2.7e-03  9.0e-03  2.7e-02  1.9e-01  1.2e-03  1.9e-01
  15  F 0   1.736e+07  -3e-01  0.37  1.0e-01  2.7e-03  0.0e+00  0.0e+00  2.1e-01  1.5e-03  2.1e-01
  15  F 1   1.736e+07  -3e-01  0.37  1.0e-01  2.7e-03  0.0e+00  0.0e+00  2.2e-01  1.1e-03  2.2e-01
  15  T 2   1.529e+07  -3e-01  0.38  1.0e-01  7.8e-04  1.0e-01  9.4e-01  1.5e-01  1.2e-03  1.6e-01
  16  F 0   1.529e+07  -3e-01  0.38  1.0e-01  7.8e-04  0.0e+00  0.0e+00  2.0e-01  1.5e-03  2.0e-01
  16  F 1   1.529e+07  -3e-01  0.38  1.0e-01  7.8e-04  0.0e+00  0.0e+00  1.8e-01  1.1e-03  1.8e-01
  16  F 2   1.529e+07  -3e-01  0.38  1.0e-01  7.8e-04  0.0e+00  0.0e+00  2.0e-01  1.1e-03  2.1e-01
  16  T 3   1.069e+07  -4e-01  0.49  1.0e-01  5.2e-02  1.0e-01  3.1e+00  1.5e-01  1.2e-03  1.5e-01
  17  F 0   1.069e+07  -4e-01  0.49  1.0e-01  5.2e-02  0.0e+00  0.0e+00  2.0e-01  1.6e-03  2.0e-01
  17  F 1   1.069e+07  -4e-01  0.49  1.0e-01  5.2e-02  0.0e+00  0.0e+00  1.5e-01  1.1e-03  1.5e-01
  17  F 2   1.069e+07  -4e-01  0.49  1.0e-01  5.2e-02  0.0e+00  0.0e+00  1.9e-01  1.1e-03  1.9e-01
  17  F 3   1.069e+07  -4e-01  0.49  1.0e-01  5.2e-02  0.0e+00  0.0e+00  1.6e-01  1.2e-03  1.6e-01
  17  F 4   1.069e+07  -4e-01  0.49  1.0e-01  5.2e-02  0.0e+00  0.0e+00  1.6e-01  1.1e-03  1.6e-01
  17  F 5   1.069e+07  -4e-01  0.49  1.0e-01  5.2e-02  0.0e+00  0.0e+00  1.6e-01  1.2e-03  1.6e-01
  17  F 6   1.069e+07  -4e-01  0.49  1.0e-01  5.2e-02  0.0e+00  0.0e+00  1.9e-01  1.2e-03  1.9e-01
  17  T 7   9.962e+06  -4e-01  0.49  1.0e-01  1.0e-02  1.1e-02  2.5e-02  1.9e-01  1.1e-03  1.9e-01
  18  F 0   9.962e+06  -4e-01  0.49  1.0e-01  1.0e-02  0.0e+00  0.0e+00  1.8e-01  1.5e-03  1.8e-01
  18  F 1   9.962e+06  -4e-01  0.49  1.0e-01  1.0e-02  0.0e+00  0.0e+00  1.8e-01  1.2e-03  1.8e-01
  18  F 2   9.962e+06  -4e-01  0.49  1.0e-01  1.0e-02  0.0e+00  0.0e+00  2.1e-01  1.2e-03  2.1e-01
  18  F 3   9.962e+06  -4e-01  0.49  1.0e-01  1.0e-02  0.0e+00  0.0e+00  1.5e-01  1.2e-03  1.5e-01
  18  F 4   9.962e+06  -4e-01  0.49  1.0e-01  1.0e-02  0.0e+00  0.0e+00  1.4e-01  1.1e-03  1.4e-01
  18  F 5   9.962e+06  -4e-01  0.49  1.0e-01  1.0e-02  0.0e+00  0.0e+00  1.4e-01  1.1e-03  1.4e-01
  18  F 6   9.962e+06  -4e-01  0.49  1.0e-01  1.0e-02  0.0e+00  0.0e+00  1.8e-01  1.3e-03  1.9e-01
  18  F 7   9.962e+06  -4e-01  0.49  1.0e-01  1.0e-02  0.0e+00  0.0e+00  1.4e-01  1.1e-03  1.5e-01
  18  F 8   9.962e+06  -4e-01  0.49  1.0e-01  1.0e-02  0.0e+00  0.0e+00  1.5e-01  1.1e-03  1.5e-01
  18  F 9   9.962e+06  -4e-01  0.49  1.0e-01  1.0e-02  0.0e+00  0.0e+00  1.4e-01  1.2e-03  1.4e-01
  18  T10   9.072e+06  -4e-01  0.50  1.0e-01  5.5e-04  1.0e-01  7.7e-01  1.8e-01  1.2e-03  1.8e-01
  19  F 0   9.072e+06  -4e-01  0.50  1.0e-01  5.5e-04  0.0e+00  0.0e+00  1.3e-01  1.5e-03  1.4e-01
  19  F 1   9.072e+06  -4e-01  0.50  1.0e-01  5.5e-04  0.0e+00  0.0e+00  1.3e-01  1.0e-03  1.4e-01
  19  T 2   6.047e+06  -4e-01  0.64  1.0e-01  4.6e-03  1.0e-01  3.6e+00  1.5e-01  1.0e-03  1.5e-01
  20  F 0   6.047e+06  -4e-01  0.64  1.0e-01  4.6e-03  0.0e+00  0.0e+00  1.6e-01  1.5e-03  1.6e-01
  20  T 1   5.473e+06  -4e-01  0.67  1.0e-01  2.0e-03  1.0e-01  1.2e+00  1.5e-01  1.1e-03  1.5e-01
  21  F 0   5.473e+06  -4e-01  0.67  1.0e-01  2.0e-03  0.0e+00  0.0e+00  1.7e-01  1.5e-03  1.7e-01
  21  F 1   5.473e+06  -4e-01  0.67  1.0e-01  2.0e-03  0.0e+00  0.0e+00  1.6e-01  1.1e-03  1.6e-01
  21  F 2   5.473e+06  -4e-01  0.67  1.0e-01  2.0e-03  0.0e+00  0.0e+00  1.7e-01  1.2e-03  1.8e-01
  21  F 3   5.473e+06  -4e-01  0.67  1.0e-01  2.0e-03  0.0e+00  0.0e+00  2.2e-01  1.3e-03  2.2e-01
  21  F 4   5.473e+06  -4e-01  0.67  1.0e-01  2.0e-03  0.0e+00  0.0e+00  1.5e-01  1.1e-03  1.5e-01
  21  F 5   5.473e+06  -4e-01  0.67  1.0e-01  2.0e-03  0.0e+00  0.0e+00  1.5e-01  1.2e-03  1.5e-01
  21  F 6   5.473e+06  -4e-01  0.67  1.0e-01  2.0e-03  0.0e+00  0.0e+00  1.6e-01  1.1e-03  1.6e-01
  21  F 7   5.473e+06  -4e-01  0.67  1.0e-01  2.0e-03  0.0e+00  0.0e+00  1.6e-01  1.2e-03  1.6e-01
  21  F 8   5.473e+06  -4e-01  0.67  1.0e-01  2.0e-03  0.0e+00  0.0e+00  1.6e-01  1.1e-03  1.6e-01
  21  F 9   5.473e+06  -4e-01  0.67  1.0e-01  2.0e-03  0.0e+00  0.0e+00  1.6e-01  1.2e-03  1.6e-01
  21  T10   5.414e+06  -4e-01  0.67  1.0e-01  3.8e-04  2.2e-02  7.0e-02  1.6e-01  1.2e-03  1.6e-01
  22  F 0   5.414e+06  -4e-01  0.67  1.0e-01  3.8e-04  0.0e+00  0.0e+00  1.6e-01  2.0e-03  1.6e-01
  22  T 1   4.366e+06  -4e-01  0.75  1.0e-01  1.3e-03  1.0e-01  3.0e+00  1.6e-01  1.2e-03  1.6e-01
  23  F 0   4.366e+06  -4e-01  0.75  1.0e-01  1.3e-03  0.0e+00  0.0e+00  1.7e-01  1.5e-03  1.7e-01
  23  T 1   3.817e+06  -3e-01  0.80  1.0e-01  4.6e-04  1.0e-01  2.5e+00  2.1e-01  1.3e-03  2.1e-01
  24  F 0   3.817e+06  -3e-01  0.80  1.0e-01  4.6e-04  0.0e+00  0.0e+00  1.5e-01  1.5e-03  1.5e-01
  24  F 1   3.817e+06  -3e-01  0.80  1.0e-01  4.6e-04  0.0e+00  0.0e+00  1.5e-01  1.1e-03  1.5e-01
  24  F 2   3.817e+06  -3e-01  0.80  1.0e-01  4.6e-04  0.0e+00  0.0e+00  1.6e-01  1.2e-03  1.6e-01
  24  F 3   3.817e+06  -3e-01  0.80  1.0e-01  4.6e-04  0.0e+00  0.0e+00  1.6e-01  1.4e-03  1.6e-01
  24  F 4   3.817e+06  -3e-01  0.80  1.0e-01  4.6e-04  0.0e+00  0.0e+00  1.6e-01  1.2e-03  1.6e-01
  24  F 5   3.817e+06  -3e-01  0.80  1.0e-01  4.6e-04  0.0e+00  0.0e+00  1.7e-01  1.2e-03  1.8e-01
  24  F 6   3.817e+06  -3e-01  0.80  1.0e-01  4.6e-04  0.0e+00  0.0e+00  1.6e-01  1.5e-03  1.7e-01
  24  F 7   3.817e+06  -3e-01  0.80  1.0e-01  4.6e-04  0.0e+00  0.0e+00  1.6e-01  1.7e-03  1.6e-01
  24  F 8   3.817e+06  -3e-01  0.80  1.0e-01  4.6e-04  0.0e+00  0.0e+00  1.6e-01  1.2e-03  1.6e-01
  24  T 9   3.788e+06  -3e-01  0.79  1.0e-01  2.1e-04  3.2e-02  9.2e-02  1.6e-01  1.1e-03  1.6e-01
  25  F 0   3.788e+06  -3e-01  0.79  1.0e-01  2.1e-04  0.0e+00  0.0e+00  1.6e-01  1.6e-03  1.6e-01
  25  T 1   3.404e+06  -3e-01  0.83  1.0e-01  2.3e-04  1.0e-01  2.3e+00  1.6e-01  1.2e-03  1.6e-01
  26  F 0   3.404e+06  -3e-01  0.83  1.0e-01  2.3e-04  0.0e+00  0.0e+00  1.6e-01  1.6e-03  1.6e-01
  26  F 1   3.404e+06  -3e-01  0.83  1.0e-01  2.3e-04  0.0e+00  0.0e+00  1.6e-01  1.2e-03  1.6e-01
  26  T 2   3.133e+06  -2e-01  0.86  1.0e-01  1.2e-04  1.0e-01  1.9e+00  1.6e-01  1.1e-03  1.6e-01
  27  F 0   3.133e+06  -2e-01  0.86  1.0e-01  1.2e-04  0.0e+00  0.0e+00  1.6e-01  1.6e-03  1.6e-01
  27  F 1   3.133e+06  -2e-01  0.86  1.0e-01  1.2e-04  0.0e+00  0.0e+00  1.6e-01  1.2e-03  1.6e-01
  27  T 2   2.959e+06  -2e-01  0.87  1.0e-01  1.4e-04  1.0e-01  1.5e+00  1.6e-01  1.2e-03  1.6e-01
  28  F 0   2.959e+06  -2e-01  0.87  1.0e-01  1.4e-04  0.0e+00  0.0e+00  1.6e-01  1.6e-03  1.6e-01
  28  F 1   2.959e+06  -2e-01  0.87  1.0e-01  1.4e-04  0.0e+00  0.0e+00  1.6e-01  1.1e-03  1.6e-01
  28  T 2   2.845e+06  -1e-01  0.89  1.0e-01  3.8e-04  1.0e-01  1.0e+00  1.7e-01  1.2e-03  1.7e-01
  29  F 0   2.845e+06  -1e-01  0.89  1.0e-01  3.8e-04  0.0e+00  0.0e+00  1.6e-01  1.6e-03  1.7e-01
  29  T 1   2.755e+06  -1e-01  0.90  1.0e-01  1.4e-04  1.0e-01  1.0e+00  2.6e-01  1.2e-03  2.7e-01
  30  F 0   2.755e+06  -1e-01  0.90  1.0e-01  1.4e-04  0.0e+00  0.0e+00  2.1e-01  1.4e-03  2.1e-01
  30  F 1   2.755e+06  -1e-01  0.90  1.0e-01  1.4e-04  0.0e+00  0.0e+00  2.3e-01  1.2e-03  2.3e-01
  30  T 2   2.680e+06  -7e-02  0.91  1.0e-01  1.8e-04  1.0e-01  9.4e-01  1.5e-01  1.2e-03  1.5e-01
  31  F 0   2.680e+06  -7e-02  0.91  1.0e-01  1.8e-04  0.0e+00  0.0e+00  1.8e-01  1.6e-03  1.9e-01
  31  F 1   2.680e+06  -7e-02  0.91  1.0e-01  1.8e-04  0.0e+00  0.0e+00  1.5e-01  1.1e-03  1.5e-01
  31  F 2   2.680e+06  -7e-02  0.91  1.0e-01  1.8e-04  0.0e+00  0.0e+00  1.8e-01  1.2e-03  1.8e-01
  31  T 3   2.645e+06  -6e-02  0.91  1.0e-01  5.9e-05  9.2e-02  5.2e-01  1.6e-01  1.1e-03  1.6e-01
  32  F 0   2.645e+06  -6e-02  0.91  1.0e-01  5.9e-05  0.0e+00  0.0e+00  1.6e-01  1.5e-03  1.6e-01
  32  T 1   2.574e+06  -3e-02  0.93  1.0e-01  8.1e-04  1.0e-01  9.8e-01  1.8e-01  1.2e-03  1.8e-01
  33  F 0   2.574e+06  -3e-02  0.93  1.0e-01  8.1e-04  0.0e+00  0.0e+00  1.7e-01  2.5e-03  1.7e-01
  33  F 1   2.574e+06  -3e-02  0.93  1.0e-01  8.1e-04  0.0e+00  0.0e+00  1.5e-01  1.2e-03  1.5e-01
  33  T 2   2.533e+06  -4e-03  0.93  1.0e-01  9.1e-05  1.0e-01  8.5e-01  1.7e-01  1.3e-03  1.7e-01
  34  F 0   2.533e+06  -4e-03  0.93  1.0e-01  9.1e-05  0.0e+00  0.0e+00  1.9e-01  1.1e-02  2.0e-01
  34  T 1   2.504e+06  -5e-04  0.94  1.0e-01  7.0e-05  1.0e-01  7.4e-01  1.8e-01  2.4e-03  1.9e-01
  35  F 0   2.504e+06  -5e-04  0.94  1.0e-01  7.0e-05  0.0e+00  0.0e+00  2.1e-01  2.6e-03  2.1e-01
  35  T 1   2.490e+06  -2e-04  0.95  1.0e-01  9.1e-05  1.0e-01  4.9e-01  1.8e-01  2.2e-03  1.9e-01
  36  F 0   2.490e+06  -2e-04  0.95  1.0e-01  9.1e-05  0.0e+00  0.0e+00  1.9e-01  2.8e-03  2.0e-01
  36  T 1   2.476e+06  -4e-04  0.95  1.0e-01  7.2e-05  1.0e-01  5.8e-01  1.8e-01  2.2e-03  1.9e-01
  37  F 0   2.476e+06  -4e-04  0.95  1.0e-01  7.2e-05  0.0e+00  0.0e+00  2.0e-01  2.9e-03  2.0e-01
  37  T 1   2.465e+06  -3e-04  0.96  1.0e-01  6.5e-05  1.0e-01  5.8e-01  1.5e-01  2.0e-03  1.6e-01
  38  T 0   2.456e+06  -4e-04  0.97  1.0e-01  4.8e-05  1.0e-01  5.7e-01  1.6e-01  2.3e-03  1.6e-01
  39  F 0   2.456e+06  -4e-04  0.97  1.0e-01  4.8e-05  0.0e+00  0.0e+00  1.7e-01  2.4e-03  1.7e-01
  39  F 1   2.456e+06  -4e-04  0.97  1.0e-01  4.8e-05  0.0e+00  0.0e+00  2.0e-01  2.0e-03  2.0e-01
  39  T 2   2.453e+06  -3e-05  0.97  1.0e-01  3.0e-05  8.0e-02  2.1e-01  1.5e-01  1.6e-03  1.6e-01
  40  T 0   2.449e+06  -2e-04  0.97  1.0e-01  8.3e-05  1.0e-01  3.9e-01  1.9e-01  2.2e-03  1.9e-01
  41  F 0   2.449e+06  -2e-04  0.97  1.0e-01  8.3e-05  0.0e+00  0.0e+00  1.5e-01  2.3e-03  1.5e-01
  41  F 1   2.449e+06  -2e-04  0.97  1.0e-01  8.3e-05  0.0e+00  0.0e+00  2.0e-01  1.7e-03  2.0e-01
  41  F 2   2.449e+06  -2e-04  0.97  1.0e-01  8.3e-05  0.0e+00  0.0e+00  1.8e-01  1.6e-03  1.8e-01
  41  T 3   2.448e+06   2e-07  0.97  1.0e-01  2.3e-05  3.3e-02  5.8e-02  1.5e-01  1.3e-03  1.5e-01
  42  T 0   2.444e+06  -2e-04  0.97  1.0e-01  7.3e-05  1.0e-01  3.7e-01  2.0e-01  2.1e-03  2.0e-01
  43  F 0   2.444e+06  -2e-04  0.97  1.0e-01  7.3e-05  0.0e+00  0.0e+00  1.6e-01  2.5e-03  1.7e-01
  43  F 1   2.444e+06  -2e-04  0.97  1.0e-01  7.3e-05  0.0e+00  0.0e+00  1.8e-01  3.2e-03  1.9e-01
  43  T 2   2.441e+06  -5e-05  0.97  1.0e-01  3.8e-05  1.0e-01  1.9e-01  1.7e-01  1.6e-03  1.8e-01
  44  T 0   2.437e+06  -2e-04  0.98  1.0e-01  6.9e-05  1.0e-01  3.1e-01  1.8e-01  1.9e-03  1.8e-01
  45  F 0   2.437e+06  -2e-04  0.98  1.0e-01  6.9e-05  0.0e+00  0.0e+00  1.5e-01  2.1e-03  1.5e-01
  45  T 1   2.435e+06  -1e-04  0.98  1.0e-01  4.7e-05  9.9e-02  2.2e-01  1.8e-01  1.6e-03  1.8e-01
  46  T 0   2.431e+06  -2e-04  0.98  1.0e-01  5.6e-05  1.0e-01  3.3e-01  1.4e-01  1.9e-03  1.4e-01
  47  T 0   2.427e+06  -2e-04  0.98  1.0e-01  9.2e-05  1.0e-01  2.9e-01  1.8e-01  1.9e-03  1.8e-01
  48  T 0   2.424e+06  -2e-04  0.98  1.0e-01  1.8e-04  1.0e-01  2.8e-01  1.6e-01  1.9e-03  1.6e-01
  49  T 0   2.421e+06  -2e-04  0.98  1.0e-01  4.2e-05  9.4e-02  2.7e-01  2.0e-01  1.9e-03  2.0e-01
  50  T 0   2.418e+06  -2e-04  0.98  1.0e-01  4.9e-05  1.0e-01  3.2e-01  1.6e-01  1.9e-03  1.6e-01
  51  T 0   2.415e+06  -2e-04  0.98  1.0e-01  7.0e-05  9.8e-02  3.1e-01  1.8e-01  1.9e-03  1.8e-01
  52  T 0   2.413e+06  -1e-04  0.98  1.0e-01  1.2e-04  1.0e-01  2.9e-01  1.9e-01  2.1e-03  1.9e-01
  53  T 0   2.411e+06  -9e-05  0.99  1.0e-01  6.3e-05  1.0e-01  2.8e-01  1.9e-01  1.9e-03  1.9e-01
  54  T 0   2.409e+06  -1e-04  0.99  1.0e-01  6.8e-06  1.0e-01  2.9e-01  1.9e-01  1.9e-03  1.9e-01
  55  F 0   2.409e+06  -1e-04  0.99  1.0e-01  6.8e-06  0.0e+00  0.0e+00  1.9e-01  2.1e-03  1.9e-01
  55  T 1   2.409e+06  -4e-05  0.99  1.0e-01  6.3e-06  8.6e-02  2.1e-01  1.8e-01  1.8e-03  1.8e-01
  56  T 0   2.408e+06  -8e-05  0.99  1.0e-01  7.9e-06  1.0e-01  2.6e-01  1.7e-01  2.1e-03  1.7e-01
  57  F 0   2.408e+06  -8e-05  0.99  1.0e-01  7.9e-06  0.0e+00  0.0e+00  1.4e-01  2.1e-03  1.4e-01
  57  T 1   2.408e+06  -3e-05  0.99  1.0e-01  5.1e-06  1.0e-01  1.8e-01  1.7e-01  1.8e-03  1.7e-01
  58  T 0   2.407e+06  -3e-05  0.99  1.0e-01  5.0e-06  1.0e-01  2.0e-01  1.7e-01  2.3e-03  1.7e-01
  59  T 0   2.407e+06  -2e-05  0.99  1.0e-01  5.1e-06  7.5e-02  1.3e-01  1.7e-01  2.4e-03  1.8e-01
  60  T 0   2.407e+06  -1e-05  0.99  1.0e-01  5.1e-06  4.6e-02  8.2e-02  2.3e-01  2.3e-03  2.4e-01
  61  T 0   2.407e+06  -2e-05  0.99  1.0e-01  5.3e-06  4.9e-02  7.2e-02  1.6e-01  2.1e-03  1.7e-01
  62  T 0   2.407e+06  -9e-06  0.99  1.0e-01  5.2e-06  5.3e-02  6.9e-02  2.1e-01  2.4e-03  2.2e-01
  63  T 0   2.407e+06  -1e-05  0.99  1.0e-01  5.0e-06  5.8e-02  7.6e-02  2.2e-01  2.0e-03  2.2e-01
  64  T 0   2.407e+06  -1e-05  0.99  1.0e-01  4.8e-06  6.2e-02  8.2e-02  1.7e-01  2.1e-03  1.7e-01
  65  T 0   2.407e+06  -1e-05  0.99  1.0e-01  4.6e-06  6.6e-02  8.6e-02  1.6e-01  2.1e-03  1.6e-01
  66  T 0   2.407e+06  -1e-05  0.99  1.0e-01  4.4e-06  6.9e-02  8.8e-02  1.6e-01  2.1e-03  1.6e-01
  67  T 0   2.406e+06  -1e-05  0.99  1.0e-01  4.2e-06  6.8e-02  9.1e-02  1.7e-01  2.1e-03  1.7e-01
  68  T 0   2.406e+06  -9e-06  0.99  1.0e-01  3.8e-06  2.1e-02  5.8e-02  2.0e-01  2.1e-03  2.0e-01
  69  T 0   2.406e+06  -6e-06  0.99  1.0e-01  3.7e-06  2.4e-02  5.8e-02  1.3e-01  1.9e-03  1.4e-01
  70  T 0   2.406e+06  -8e-07  0.99  1.0e-01  3.8e-06  2.5e-02  5.9e-02  1.3e-01  1.8e-03  1.4e-01
  71  T 0   2.406e+06  -5e-06  0.99  1.0e-01  3.7e-06  4.3e-02  7.4e-02  1.6e-01  1.9e-03  1.6e-01
  72  T 0   2.406e+06  -1e-05  0.99  1.0e-01  5.6e-06  7.2e-02  1.2e-01  2.1e-01  1.8e-03  2.1e-01
  73  T 0   2.406e+06  -3e-05  0.99  1.0e-01  4.1e-06  1.0e-01  1.5e-01  1.6e-01  1.9e-03  1.6e-01
  74  T 0   2.406e+06  -4e-05  0.99  1.0e-01  5.4e-06  7.7e-02  1.5e-01  1.9e-01  2.5e-03  1.9e-01
  75  T 0   2.406e+06  -2e-05  0.99  1.0e-01  3.1e-06  6.5e-02  1.1e-01  2.2e-01  1.8e-03  2.2e-01
  76  T 0   2.406e+06  -2e-05  0.99  1.0e-01  2.8e-06  3.7e-02  6.3e-02  1.4e-01  1.9e-03  1.5e-01
  77  T 0   2.406e+06  -5e-06  0.99  1.0e-01  2.7e-06  3.5e-02  5.0e-02  1.4e-01  1.9e-03  1.4e-01
  78  T 0   2.406e+06  -5e-06  0.99  1.0e-01  2.7e-06  3.2e-02  5.2e-02  1.3e-01  1.8e-03  1.4e-01
  79  T 0   2.406e+06   6e-07  0.99  1.0e-01  2.6e-06  3.3e-02  5.4e-02  1.5e-01  1.4e-03  1.5e-01
  80  T 0   2.406e+06  -5e-06  0.99  1.0e-01  2.5e-06  3.3e-02  5.7e-02  1.6e-01  2.0e-03  1.6e-01
  81  T 0   2.406e+06  -5e-06  0.99  1.0e-01  2.4e-06  3.2e-02  5.7e-02  1.5e-01  2.1e-03  1.6e-01
  82  T 0   2.406e+06  -5e-06  0.99  1.0e-01  2.3e-06  3.1e-02  5.6e-02  1.6e-01  2.1e-03  1.6e-01
  83  T 0   2.405e+06  -6e-06  0.99  1.0e-01  2.2e-06  3.1e-02  5.8e-02  1.6e-01  2.1e-03  1.6e-01
  84  T 0   2.405e+06  -1e-05  0.99  1.0e-01  2.0e-06  3.1e-02  6.0e-02  1.7e-01  1.6e-03  1.8e-01
  85  T 0   2.405e+06  -6e-06  0.99  1.0e-01  1.9e-06  3.5e-02  6.5e-02  1.6e-01  2.1e-03  1.6e-01
  86  T 0   2.405e+06  -7e-06  0.99  1.0e-01  1.7e-06  4.0e-02  7.0e-02  1.8e-01  2.1e-03  1.8e-01
  87  T 0   2.405e+06  -7e-06  0.99  1.0e-01  1.7e-06  4.3e-02  7.8e-02  2.3e-01  2.2e-03  2.3e-01
  88  T 0   2.405e+06  -8e-06  0.99  1.0e-01  1.0e-06  5.1e-02  8.1e-02  1.7e-01  7.1e-03  1.8e-01
  89  T 0   2.405e+06  -9e-06  0.99  1.0e-01  3.0e-06  5.7e-02  1.1e-01  1.6e-01  2.1e-03  1.6e-01
  90  F 0   2.405e+06  -9e-06  0.99  1.0e-01  3.0e-06  0.0e+00  0.0e+00  1.6e-01  2.4e-03  1.6e-01
  90  T 1   2.405e+06  -3e-06  0.99  1.0e-01  9.9e-07  3.0e-02  4.6e-02  1.6e-01  1.7e-03  1.6e-01
  91  T 0   2.405e+06  -7e-06  0.99  1.0e-01  1.3e-06  4.9e-02  9.3e-02  1.6e-01  2.3e-03  1.6e-01
  92  T 0   2.405e+06  -6e-06  0.99  1.0e-01  1.7e-06  4.7e-02  8.0e-02  1.4e-01  2.1e-03  1.4e-01
  93  F 0   2.405e+06  -9e-06  0.99  1.0e-01  4.0e-06  5.5e-02  1.3e-01  1.5e-01  1.8e-03  1.5e-01
  94  F 0   2.405e+06  -9e-06  0.99  1.0e-01  4.0e-06  0.0e+00  0.0e+00  1.4e-01  2.2e-03  1.4e-01
  94  T 1   2.405e+06  -1e-05  0.99  1.0e-01  2.5e-06  2.7e-02  6.8e-02  1.4e-01  1.5e-03  1.4e-01
  95  T 0   2.405e+06  -5e-06  0.99  1.0e-01  1.3e-06  3.1e-02  5.9e-02  1.4e-01  2.0e-03  1.5e-01
  96  T 0   2.405e+06  -2e-06  0.99  1.0e-01  1.0e-06  2.0e-02  4.4e-02  1.4e-01  2.0e-03  1.4e-01
  97  T 0   2.405e+06  -2e-06  0.99  1.0e-01  1.2e-06  2.2e-02  4.6e-02  1.9e-01  1.9e-03  1.9e-01
  98  T 0   2.405e+06  -3e-06  0.99  1.0e-01  1.0e-06  2.1e-02  4.7e-02  1.4e-01  1.9e-03  1.4e-01
  99  T 0   2.405e+06  -3e-06  0.99  1.0e-01  1.5e-06  2.6e-02  5.1e-02  1.4e-01  1.9e-03  1.4e-01
 100  T 0   2.405e+06  -4e-06  0.99  1.0e-01  1.6e-06  4.1e-02  7.5e-02  1.4e-01  2.1e-03  1.4e-01
 101  F 0   2.405e+06  -2e-05  0.99  1.0e-01  4.0e-06  6.2e-02  1.4e-01  1.4e-01  2.2e-03  1.4e-01
 102  F 0   2.405e+06  -2e-05  0.99  1.0e-01  4.0e-06  0.0e+00  0.0e+00  1.5e-01  2.3e-03  1.5e-01
 102  T 1   2.405e+06  -2e-06  0.99  1.0e-01  2.6e-06  3.3e-02  7.9e-02  1.8e-01  1.8e-03  1.8e-01
 103  T 0   2.405e+06  -4e-06  0.99  1.0e-01  1.5e-06  2.3e-02  5.2e-02  1.4e-01  2.3e-03  1.5e-01
 104  T 0   2.405e+06  -7e-07  0.99  1.0e-01  1.7e-06  2.1e-02  4.1e-02  1.4e-01  1.9e-03  1.4e-01
 105  T 0   2.405e+06  -1e-05  0.99  1.0e-01  1.9e-06  2.5e-02  5.3e-02  1.4e-01  1.9e-03  1.4e-01
 106  T 0   2.405e+06  -4e-06  0.99  1.0e-01  2.3e-06  3.8e-02  6.5e-02  1.4e-01  2.1e-03  1.4e-01
 107  T 0   2.405e+06  -8e-06  0.99  1.0e-01  2.5e-06  4.2e-02  8.4e-02  1.4e-01  2.1e-03  1.4e-01
 108  T 0   2.405e+06  -2e-05  0.99  1.0e-01  2.7e-06  5.6e-02  1.1e-01  1.4e-01  2.1e-03  1.4e-01
 109  T 0   2.404e+06  -1e-05  0.99  1.0e-01  2.0e-06  4.4e-02  8.5e-02  1.4e-01  2.1e-03  1.4e-01
 110  T 0   2.404e+06  -5e-06  0.99  1.0e-01  1.4e-06  2.9e-02  4.6e-02  1.3e-01  2.1e-03  1.4e-01
 111  T 0   2.404e+06  -3e-06  0.99  1.0e-01  1.0e-06  2.1e-02  2.7e-02  1.4e-01  1.9e-03  1.4e-01
 112  T 0   2.404e+06  -2e-06  0.99  1.0e-01  9.2e-07  2.0e-02  2.9e-02  1.4e-01  1.8e-03  1.4e-01
 113  T 0   2.404e+06  -1e-06  0.99  1.0e-01  6.6e-07  1.2e-02  2.2e-02  1.4e-01  1.9e-03  1.4e-01
 114  T 0   2.404e+06  -9e-07  0.99  1.0e-01  8.2e-07  1.1e-02  1.9e-02  1.4e-01  1.9e-03  1.4e-01
 115  T 0   2.404e+06  -7e-06  0.99  1.0e-01  8.2e-07  9.5e-03  1.9e-02  1.4e-01  1.4e-03  1.5e-01
 116  T 0   2.404e+06   2e-06  0.99  1.0e-01  8.2e-07  1.1e-02  2.1e-02  1.5e-01  1.5e-03  1.5e-01
 117  F 0   2.404e+06  -1e-05  0.99  1.0e-01  7.3e-07  1.2e-02  2.2e-02  1.5e-01  1.6e-03  1.6e-01
 118  T 0   2.404e+06  -1e-06  0.99  1.0e-01  6.6e-07  1.3e-02  2.5e-02  1.6e-01  2.1e-03  1.6e-01
 119  T 0   2.404e+06  -9e-07  0.99  1.0e-01  5.9e-07  1.4e-02  2.7e-02  1.6e-01  2.1e-03  1.6e-01
 120  T 0   2.404e+06  -9e-07  0.99  1.0e-01  5.6e-07  1.5e-02  2.7e-02  1.6e-01  2.1e-03  1.6e-01
 121  T 0   2.404e+06  -9e-07  0.99  1.0e-01  5.1e-07  1.6e-02  2.9e-02  1.6e-01  2.1e-03  1.6e-01
 122  T 0   2.404e+06  -9e-07  0.99  1.0e-01  7.4e-07  1.8e-02  3.2e-02  1.6e-01  2.1e-03  1.6e-01
 123  T 0   2.404e+06  -1e-06  0.99  1.0e-01  5.0e-07  2.1e-02  3.4e-02  1.6e-01  2.1e-03  1.6e-01
 124  F 0   2.404e+06  -6e-06  0.99  1.0e-01  1.8e-06  4.9e-02  6.4e-02  1.6e-01  2.1e-03  1.6e-01
 125  F 0   2.404e+06  -7e-07  0.99  1.0e-01  2.1e-06  9.5e-02  1.2e-01  1.6e-01  2.3e-03  1.6e-01
 126  F 0   2.404e+06  -3e-05  0.99  1.0e-01  4.4e-06  1.0e-01  1.6e-01  1.6e-01  2.4e-03  1.6e-01
 127  F 0   2.404e+06  -3e-05  0.99  1.0e-01  6.9e-06  1.0e-01  1.8e-01  1.6e-01  2.3e-03  1.6e-01
 128  F 0   2.404e+06  -4e-05  0.99  1.0e-01  5.9e-06  8.9e-02  1.6e-01  1.6e-01  2.6e-03  1.6e-01
 129  F 0   2.404e+06  -3e-05  0.99  1.0e-01  5.9e-06  7.7e-02  1.4e-01  1.7e-01  2.6e-03  1.7e-01
 130  T 0   2.404e+06  -9e-06  0.99  1.0e-01  1.3e-06  3.2e-02  5.3e-02  2.0e-01  2.3e-03  2.0e-01
 131  T 0   2.404e+06   2e-06  0.99  1.0e-01  4.0e-07  1.3e-02  1.7e-02  1.5e-01  2.0e-03  1.5e-01
 132  F 0   2.404e+06  -6e-06  0.99  1.0e-01  4.5e-07  5.0e-03  7.2e-03  1.5e-01  1.8e-03  1.6e-01
 133  T 0   2.404e+06   9e-06  0.99  1.0e-01  3.6e-07  5.7e-03  7.8e-03  1.6e-01  1.9e-03  1.7e-01
 134  T 0   2.404e+06   9e-06  0.99  1.0e-01  4.0e-07  4.4e-03  7.9e-03  1.6e-01  1.5e-03  1.7e-01
 135  T 0   2.404e+06   9e-06  0.99  1.0e-01  4.5e-07  5.1e-03  8.5e-03  1.9e-01  1.6e-03  1.9e-01
 136  T 0   2.404e+06   9e-06  0.99  1.0e-01  5.0e-07  4.9e-03  8.6e-03  1.9e-01  1.6e-03  1.9e-01
 137  F 0   2.404e+06  -1e-07  0.99  1.0e-01  5.9e-07  3.4e-03  6.9e-03  1.6e-01  2.0e-03  1.6e-01
 138  F 0   2.404e+06  -1e-07  0.99  1.0e-01  5.8e-07  3.1e-03  6.7e-03  2.4e-01  2.1e-03  2.4e-01
 139  F 0   2.404e+06  -7e-06  0.99  1.0e-01  5.7e-07  3.2e-03  7.7e-03  1.8e-01  1.6e-03  1.8e-01
 140  F 0   2.404e+06  -2e-07  0.99  1.0e-01  5.8e-07  4.2e-03  9.1e-03  2.2e-01  2.2e-03  2.2e-01
 141  F 0   2.404e+06  -7e-06  0.99  1.0e-01  5.4e-07  4.9e-03  1.0e-02  1.5e-01  1.6e-03  1.5e-01
 142  F 0   2.404e+06  -9e-06  0.99  1.0e-01  5.4e-07  5.3e-03  1.2e-02  2.0e-01  1.5e-03  2.0e-01
 143  T 0   2.404e+06  -2e-07  0.99  1.0e-01  5.0e-07  6.6e-03  1.4e-02  1.4e-01  1.8e-03  1.4e-01
 144  F 0   2.404e+06  -5e-06  0.99  1.0e-01  4.8e-07  7.5e-03  1.5e-02  1.4e-01  1.4e-03  1.4e-01
 145  T 0   2.404e+06   1e-06  0.99  1.0e-01  4.6e-07  7.1e-03  1.6e-02  1.3e-01  1.4e-03  1.4e-01
 146  T 0   2.404e+06  -3e-07  0.99  1.0e-01  4.2e-07  8.1e-03  1.8e-02  1.8e-01  1.8e-03  1.8e-01
 147  T 0   2.404e+06  -3e-07  0.99  1.0e-01  4.0e-07  8.1e-03  2.0e-02  2.0e-01  1.8e-03  2.0e-01
 148  T 0   2.404e+06  -4e-07  0.99  1.0e-01  3.5e-07  9.0e-03  2.1e-02  1.4e-01  1.8e-03  1.4e-01
 149  T 0   2.404e+06   1e-05  0.99  1.0e-01  3.7e-07  1.0e-02  2.3e-02  1.4e-01  1.4e-03  1.5e-01
 150  F 0   2.404e+06  -6e-07  0.99  1.0e-01  2.8e-07  1.0e-02  2.4e-02  1.6e-01  1.8e-03  1.6e-01
 151  F 0   2.404e+06  -7e-07  0.99  1.0e-01  9.5e-07  1.6e-02  3.9e-02  1.9e-01  1.9e-03  1.9e-01
 152  F 0   2.404e+06  -5e-06  0.99  1.0e-01  2.3e-06  3.8e-02  9.1e-02  1.9e-01  2.3e-03  2.0e-01
 153  F 0   2.404e+06  -5e-06  0.99  1.0e-01  2.3e-06  0.0e+00  0.0e+00  2.3e-01  2.3e-03  2.3e-01
 153  F 1   2.404e+06  -4e-06  0.99  1.0e-01  9.9e-07  2.2e-02  5.7e-02  2.0e-01  1.7e-03  2.0e-01
 154  T 0   2.404e+06  -5e-07  0.99  1.0e-01  6.4e-07  1.5e-02  3.4e-02  2.0e-01  2.4e-03  2.0e-01
 155  F 0   2.404e+06  -1e-06  0.99  1.0e-01  9.2e-07  1.6e-02  3.4e-02  2.3e-01  2.3e-03  2.3e-01
 156  F 0   2.404e+06  -1e-05  0.99  1.0e-01  1.1e-06  1.9e-02  4.7e-02  1.8e-01  2.1e-03  1.8e-01
 157  T 0   2.404e+06  -2e-06  0.99  1.0e-01  7.1e-07  1.3e-02  3.4e-02  1.7e-01  2.4e-03  1.7e-01
 158  T 0   2.404e+06   2e-07  0.99  1.0e-01  2.6e-07  1.1e-02  1.8e-02  2.4e-01  2.1e-03  2.5e-01
 159  T 0   2.404e+06  -8e-08  0.99  1.0e-01  2.8e-07  3.9e-03  6.0e-03  1.9e-01  2.0e-03  1.9e-01
 160  F 0   2.404e+06  -4e-06  0.99  1.0e-01  2.6e-07  2.4e-03  5.8e-03  1.9e-01  1.5e-03  1.9e-01
 161  F 0   2.404e+06  -2e-06  0.99  1.0e-01  2.6e-07  2.8e-03  6.5e-03  1.9e-01  1.5e-03  1.9e-01
 162  F 0   2.404e+06  -9e-06  0.99  1.0e-01  2.6e-07  2.5e-03  7.3e-03  1.5e-01  1.5e-03  1.5e-01
 163  F 0   2.404e+06  -4e-06  0.99  1.0e-01  2.6e-07  3.4e-03  8.5e-03  1.6e-01  1.6e-03  1.6e-01
 164  T 0   2.404e+06   4e-08  0.99  1.0e-01  2.7e-07  3.6e-03  1.0e-02  1.6e-01  2.1e-03  1.7e-01
 165  T 0   2.404e+06   3e-07  0.99  1.0e-01  2.7e-07  4.0e-03  1.1e-02  1.8e-01  2.0e-03  1.8e-01
 166  T 0   2.404e+06  -2e-07  0.99  1.0e-01  2.9e-07  4.4e-03  1.3e-02  1.8e-01  2.1e-03  1.8e-01
 167  T 0   2.404e+06  -2e-07  0.99  1.0e-01  2.8e-07  6.0e-03  1.5e-02  1.9e-01  2.1e-03  1.9e-01
 168  T 0   2.404e+06  -3e-07  0.99  1.0e-01  3.3e-07  5.7e-03  1.7e-02  2.2e-01  2.1e-03  2.2e-01
 169  T 0   2.404e+06  -2e-06  0.99  1.0e-01  3.5e-07  9.3e-03  2.1e-02  1.7e-01  2.0e-03  1.7e-01
 170  T 0   2.404e+06   2e-06  0.99  1.0e-01  6.1e-07  9.5e-03  2.5e-02  1.7e-01  2.1e-03  1.7e-01
 171  F 0   2.404e+06  -5e-06  0.99  1.0e-01  1.2e-06  2.4e-02  5.1e-02  1.7e-01  2.1e-03  1.7e-01
 172  F 0   2.404e+06  -9e-06  0.99  1.0e-01  2.4e-06  4.4e-02  1.0e-01  1.1e-01  1.8e-03  1.1e-01
 173  F 0   2.404e+06  -4e-05  0.99  1.0e-01  4.4e-06  9.2e-02  1.8e-01  1.5e-01  2.3e-03  1.5e-01
 174  F 0   2.404e+06  -5e-05  0.99  1.0e-01  5.9e-06  9.6e-02  2.0e-01  1.9e-01  2.6e-03  1.9e-01
 175  F 0   2.404e+06  -2e-05  0.99  1.0e-01  4.1e-06  6.7e-02  1.3e-01  1.8e-01  2.4e-03  1.9e-01
 176  T 0   2.404e+06  -3e-06  0.99  1.0e-01  7.3e-07  1.2e-02  3.2e-02  1.8e-01  2.9e-03  1.8e-01
 177  T 0   2.404e+06  -2e-06  0.99  1.0e-01  5.2e-07  2.9e-03  6.1e-03  2.1e-01  2.6e-03  2.1e-01
 178  F 0   2.404e+06  -4e-06  0.99  1.0e-01  5.3e-07  3.7e-03  5.9e-03  1.8e-01  1.6e-03  1.8e-01
 179  F 0   2.404e+06  -8e-06  0.99  1.0e-01  5.4e-07  2.8e-03  6.0e-03  1.5e-01  1.6e-03  1.6e-01
 180  T 0   2.404e+06  -1e-07  0.99  1.0e-01  5.5e-07  4.2e-03  7.3e-03  1.6e-01  2.1e-03  1.6e-01
 181  T 0   2.404e+06   8e-07  0.99  1.0e-01  5.7e-07  2.7e-03  7.6e-03  1.6e-01  1.6e-03  1.6e-01
 182  T 0   2.404e+06   6e-06  0.99  1.0e-01  5.8e-07  3.8e-03  9.1e-03  1.6e-01  1.5e-03  1.6e-01
 183  T 0   2.404e+06   7e-06  0.99  1.0e-01  6.0e-07  3.8e-03  1.0e-02  1.6e-01  1.7e-03  1.6e-01
 184  F 0   2.404e+06  -4e-07  0.99  1.0e-01  6.3e-07  4.4e-03  1.2e-02  1.6e-01  2.1e-03  1.6e-01
 185  T 0   2.404e+06   4e-06  0.99  1.0e-01  6.6e-07  5.4e-03  1.5e-02  1.6e-01  1.5e-03  1.6e-01
 186  T 0   2.404e+06   7e-06  0.99  1.0e-01  7.0e-07  6.6e-03  1.7e-02  1.7e-01  1.6e-03  1.7e-01
 187  F 0   2.404e+06  -6e-07  0.99  1.0e-01  7.6e-07  7.7e-03  2.1e-02  1.6e-01  2.1e-03  1.7e-01
 188  T 0   2.404e+06   9e-06  0.99  1.0e-01  7.9e-07  1.0e-02  2.6e-02  1.6e-01  1.6e-03  1.6e-01
 189  F 0   2.404e+06  -9e-07  0.99  1.0e-01  9.6e-07  1.1e-02  3.1e-02  1.6e-01  2.1e-03  1.6e-01
 190  T 0   2.404e+06  -1e-06  0.99  1.0e-01  7.2e-07  1.9e-02  4.0e-02  1.7e-01  2.1e-03  1.7e-01
 191  F 0   2.404e+06  -2e-06  0.99  1.0e-01  2.2e-06  3.8e-02  7.0e-02  1.8e-01  2.2e-03  1.8e-01
 192  F 0   2.404e+06  -2e-06  0.99  1.0e-01  2.2e-06  0.0e+00  0.0e+00  1.4e-01  2.1e-03  1.4e-01
 192  T 1   2.404e+06  -5e-06  0.99  1.0e-01  8.3e-07  1.8e-02  4.0e-02  1.5e-01  1.7e-03  1.5e-01
 193  T 0   2.404e+06  -1e-06  0.99  1.0e-01  9.4e-07  2.2e-02  4.9e-02  1.5e-01  2.1e-03  1.5e-01
 194  T 0   2.404e+06  -8e-06  0.99  1.0e-01  1.6e-06  2.2e-02  4.7e-02  1.6e-01  1.9e-03  1.6e-01
 195  T 0   2.404e+06  -6e-06  0.99  1.0e-01  2.1e-06  4.2e-02  8.7e-02  1.4e-01  2.1e-03  1.4e-01
 196  F 0   2.404e+06  -2e-05  0.99  1.0e-01  3.8e-06  9.1e-02  1.8e-01  1.5e-01  2.0e-03  1.5e-01
 197  F 0   2.404e+06  -2e-05  0.99  1.0e-01  3.8e-06  0.0e+00  0.0e+00  2.1e-01  2.5e-03  2.1e-01
 197  T 1   2.404e+06  -2e-05  0.99  1.0e-01  1.9e-06  4.2e-02  1.0e-01  1.5e-01  1.7e-03  1.5e-01
 198  T 0   2.404e+06  -5e-06  0.99  1.0e-01  9.2e-07  3.2e-02  6.1e-02  1.5e-01  2.0e-03  1.5e-01
 199  T 0   2.404e+06  -5e-06  0.99  1.0e-01  9.6e-07  2.6e-02  4.7e-02  1.6e-01  1.8e-03  1.6e-01
 200  T 0   2.404e+06  -3e-06  0.99  1.0e-01  1.3e-06  3.0e-02  5.9e-02  1.4e-01  1.9e-03  1.4e-01
 201  T 0   2.404e+06  -5e-06  0.99  1.0e-01  1.1e-06  4.1e-02  6.6e-02  1.4e-01  2.1e-03  1.5e-01
 202  T 0   2.404e+06  -5e-06  0.99  1.0e-01  2.5e-06  5.5e-02  9.9e-02  1.4e-01  2.0e-03  1.4e-01
 203  F 0   2.404e+06  -1e-05  0.99  1.0e-01  3.1e-06  9.5e-02  1.4e-01  1.9e-01  2.1e-03  2.0e-01
 204  F 0   2.404e+06  -1e-05  0.99  1.0e-01  3.1e-06  0.0e+00  0.0e+00  2.0e-01  2.6e-03  2.0e-01
 204  T 1   2.404e+06  -2e-05  0.99  1.0e-01  2.5e-06  3.6e-02  7.9e-02  1.6e-01  1.8e-03  1.6e-01
 205  T 0   2.404e+06   4e-06  0.99  1.0e-01  2.2e-06  3.6e-02  7.8e-02  1.6e-01  2.4e-03  1.6e-01
 206  T 0   2.404e+06  -1e-05  0.99  1.0e-01  2.4e-06  3.5e-02  7.5e-02  1.7e-01  1.4e-03  1.7e-01
 207  T 0   2.404e+06  -1e-05  0.99  1.0e-01  2.1e-06  3.9e-02  8.7e-02  2.0e-01  1.8e-03  2.1e-01
 208  T 0   2.403e+06  -9e-06  0.99  1.0e-01  3.0e-06  6.0e-02  1.2e-01  1.7e-01  2.0e-03  1.7e-01
 209  T 0   2.403e+06  -1e-05  0.99  1.0e-01  2.2e-06  8.8e-02  1.4e-01  1.5e-01  2.1e-03  1.5e-01
 210  F 0   2.403e+06  -2e-05  0.99  1.0e-01  6.7e-06  1.0e-01  2.0e-01  1.6e-01  2.3e-03  1.6e-01
 211  F 0   2.403e+06  -2e-05  0.99  1.0e-01  6.7e-06  0.0e+00  0.0e+00  1.6e-01  2.7e-03  1.6e-01
 211  T 1   2.403e+06  -2e-06  0.99  1.0e-01  3.1e-06  4.2e-02  7.8e-02  2.0e-01  1.9e-03  2.1e-01
 212  T 0   2.403e+06  -2e-06  0.99  1.0e-01  1.6e-06  5.5e-02  1.1e-01  1.8e-01  2.2e-03  1.8e-01
 213  T 0   2.403e+06  -6e-06  0.99  1.0e-01  1.4e-06  4.7e-02  8.8e-02  1.5e-01  2.0e-03  1.6e-01
 214  T 0   2.403e+06  -5e-07  0.99  1.0e-01  2.3e-06  5.7e-02  7.7e-02  1.7e-01  2.1e-03  1.7e-01
 215  T 0   2.403e+06  -6e-06  0.99  1.0e-01  2.1e-06  3.1e-02  5.6e-02  1.6e-01  2.1e-03  1.7e-01
 216  T 0   2.403e+06  -2e-06  0.99  1.0e-01  2.5e-06  3.1e-02  4.9e-02  1.6e-01  2.1e-03  1.7e-01
 217  T 0   2.403e+06  -5e-06  0.99  1.0e-01  1.8e-06  1.8e-02  3.9e-02  1.8e-01  2.1e-03  1.8e-01
 218  T 0   2.403e+06  -2e-06  0.99  1.0e-01  3.2e-06  3.8e-02  5.9e-02  1.7e-01  2.4e-03  1.7e-01
 219  F 0   2.403e+06  -3e-06  0.99  1.0e-01  2.3e-06  3.9e-02  8.1e-02  2.1e-01  2.1e-03  2.2e-01
 220  F 0   2.403e+06  -1e-05  0.99  1.0e-01  4.3e-06  9.4e-02  1.4e-01  2.3e-01  2.5e-03  2.3e-01
 221  F 0   2.403e+06  -3e-05  0.99  1.0e-01  3.4e-06  8.7e-02  1.4e-01  2.0e-01  2.5e-03  2.1e-01
 222  T 0   2.403e+06  -1e-05  0.99  1.0e-01  3.1e-06  6.5e-02  8.9e-02  1.5e-01  2.3e-03  1.6e-01
 223  T 0   2.403e+06  -2e-06  0.99  1.0e-01  1.5e-06  1.6e-02  2.5e-02  1.6e-01  2.4e-03  1.7e-01
 224  T 0   2.403e+06  -1e-06  0.99  1.0e-01  1.6e-06  1.4e-02  2.1e-02  1.6e-01  2.1e-03  1.6e-01
 225  T 0   2.403e+06  -2e-06  0.99  1.0e-01  1.5e-06  1.6e-02  2.4e-02  2.1e-01  2.1e-03  2.1e-01
 226  T 0   2.403e+06  -2e-06  0.99  1.0e-01  1.4e-06  1.8e-02  2.8e-02  1.6e-01  2.1e-03  1.6e-01
 227  T 0   2.403e+06  -2e-06  0.99  1.0e-01  1.3e-06  2.0e-02  3.1e-02  1.9e-01  2.1e-03  1.9e-01
 228  T 0   2.403e+06  -2e-06  0.99  1.0e-01  1.3e-06  2.3e-02  3.6e-02  1.6e-01  2.0e-03  1.6e-01
 229  T 0   2.403e+06  -2e-06  0.99  1.0e-01  8.9e-07  2.4e-02  3.4e-02  1.8e-01  2.1e-03  1.8e-01
 230  T 0   2.403e+06  -2e-06  0.99  1.0e-01  7.3e-07  2.0e-02  3.0e-02  1.7e-01  2.1e-03  1.7e-01
 231  T 0   2.403e+06  -7e-07  0.99  1.0e-01  8.2e-07  1.7e-02  2.8e-02  2.1e-01  2.2e-03  2.1e-01
 232  T 0   2.403e+06  -1e-06  0.99  1.0e-01  7.6e-07  1.5e-02  2.8e-02  1.8e-01  2.2e-03  1.8e-01
 233  T 0   2.403e+06   1e-06  0.99  1.0e-01  7.6e-07  1.6e-02  2.8e-02  1.9e-01  3.6e-03  2.0e-01
 234  T 0   2.403e+06  -9e-07  0.99  1.0e-01  6.9e-07  1.7e-02  3.0e-02  1.6e-01  2.1e-03  1.6e-01
 235  T 0   2.403e+06  -2e-06  0.99  1.0e-01  8.7e-07  2.2e-02  3.4e-02  1.8e-01  2.3e-03  1.8e-01
 236  T 0   2.403e+06   8e-07  0.99  1.0e-01  6.6e-07  2.2e-02  3.8e-02  1.9e-01  2.1e-03  2.0e-01
 237  T 0   2.403e+06  -2e-06  0.99  1.0e-01  1.7e-06  3.9e-02  4.5e-02  1.5e-01  2.3e-03  1.5e-01
 238  F 0   2.403e+06  -3e-06  0.99  1.0e-01  2.1e-06  4.5e-02  6.2e-02  1.5e-01  2.3e-03  1.6e-01
 239  F 0   2.403e+06  -1e-05  0.99  1.0e-01  3.2e-06  8.2e-02  1.1e-01  1.6e-01  2.6e-03  1.6e-01
 240  F 0   2.403e+06   4e-07  0.99  1.0e-01  3.1e-06  6.3e-02  1.1e-01  2.0e-01  2.9e-03  2.1e-01
 241  F 0   2.403e+06  -6e-06  0.99  1.0e-01  3.2e-06  5.1e-02  8.9e-02  1.6e-01  2.3e-03  1.6e-01
 242  T 0   2.403e+06   3e-06  0.99  1.0e-01  1.0e-06  2.4e-02  4.5e-02  1.6e-01  2.4e-03  1.6e-01
 243  T 0   2.403e+06   4e-06  0.99  1.0e-01  3.1e-07  5.2e-03  8.9e-03  1.8e-01  2.4e-03  1.8e-01
 244  F 0   2.403e+06   2e-06  0.99  1.0e-01  1.9e-07  2.1e-03  3.8e-03  1.6e-01  1.9e-03  1.6e-01
 245  T 0   2.403e+06   7e-06  0.99  1.0e-01  1.9e-07  3.0e-03  4.1e-03  1.6e-01  1.2e-03  1.7e-01
 246  F 0   2.403e+06  -2e-06  0.99  1.0e-01  1.7e-07  2.9e-03  4.8e-03  2.1e-01  1.8e-03  2.1e-01
 247  T 0   2.403e+06   9e-06  0.99  1.0e-01  1.5e-07  4.6e-03  5.4e-03  1.6e-01  1.6e-03  1.7e-01
 248  F 0   2.403e+06  -4e-07  0.99  1.0e-01  2.0e-07  3.8e-03  6.2e-03  1.9e-01  1.8e-03  1.9e-01
 249  F 0   2.403e+06  -2e-05  0.99  1.0e-01  2.2e-07  4.0e-03  6.9e-03  1.8e-01  2.0e-03  1.9e-01
 250  F 0   2.403e+06  -5e-06  0.99  1.0e-01  2.0e-07  6.9e-03  8.1e-03  2.0e-01  1.6e-03  2.0e-01
 251  F 0   2.403e+06   2e-07  0.99  1.0e-01  1.6e-07  5.9e-03  8.8e-03  2.4e-01  2.0e-03  2.4e-01
 252  T 0   2.403e+06   9e-06  0.99  1.0e-01  1.4e-07  7.0e-03  9.8e-03  1.6e-01  1.5e-03  1.6e-01
 253  F 0   2.403e+06  -7e-06  0.99  1.0e-01  2.4e-07  7.6e-03  1.2e-02  1.6e-01  1.6e-03  1.6e-01
 254  F 0   2.403e+06   2e-06  0.99  1.0e-01  2.1e-07  9.6e-03  1.2e-02  1.6e-01  2.1e-03  1.6e-01
 255  F 0   2.403e+06  -4e-07  0.99  1.0e-01  2.0e-07  6.9e-03  1.3e-02  1.6e-01  2.1e-03  1.6e-01
 256  F 0   2.403e+06   5e-07  0.99  1.0e-01  1.8e-07  6.9e-03  1.1e-02  1.8e-01  2.1e-03  1.8e-01
 257  F 0   2.403e+06   4e-07  0.99  1.0e-01  1.5e-07  8.4e-03  1.3e-02  1.7e-01  2.1e-03  1.7e-01
 258  F 0   2.403e+06   4e-08  0.99  1.0e-01  1.7e-07  8.8e-03  1.1e-02  1.5e-01  1.5e-03  1.5e-01
 259  F 0   2.403e+06  -2e-06  0.99  1.0e-01  2.1e-07  1.2e-02  1.4e-02  1.8e-01  2.1e-03  1.8e-01
 260  F 0   2.403e+06   7e-07  0.99  1.0e-01  3.7e-07  1.5e-02  1.8e-02  2.0e-01  2.0e-03  2.0e-01
 261  F 0   2.403e+06   2e-06  0.99  1.0e-01  5.5e-07  1.7e-02  2.5e-02  2.0e-01  2.3e-03  2.1e-01
 262  F 0   2.403e+06  -4e-06  0.99  1.0e-01  5.4e-07  2.3e-02  2.9e-02  1.7e-01  2.1e-03  1.7e-01
 263  F 0   2.403e+06  -8e-06  0.99  1.0e-01  3.5e-07  1.1e-02  1.8e-02  2.4e-01  8.0e-03  2.5e-01
 264  F 0   2.403e+06  -2e-06  0.99  1.0e-01  1.7e-07  7.0e-03  1.0e-02  1.8e-01  2.1e-03  1.9e-01
 265  T 0   2.403e+06   4e-05  0.99  1.0e-01  2.1e-07  3.7e-03  5.8e-03  1.7e-01  1.9e-03  1.7e-01
 266  F 0   2.403e+06   2e-05  0.99  1.0e-01  2.4e-07  5.2e-03  6.7e-03  1.6e-01  1.9e-03  1.6e-01
 267  F 0   2.403e+06  -5e-05  0.99  1.0e-01  3.3e-07  6.3e-03  8.9e-03  1.8e-01  1.8e-03  1.8e-01
 268  F 0   2.403e+06  -2e-05  0.99  1.0e-01  3.4e-07  4.6e-03  8.3e-03  1.6e-01  1.9e-03  1.6e-01
 269  F 0   2.403e+06   2e-08  0.99  1.0e-01  1.1e-07  1.5e-03  2.8e-03  1.8e-01  2.2e-03  1.8e-01
 270  F 0   2.403e+06  -7e-06  0.99  1.0e-01  1.1e-07  1.6e-03  2.3e-03  1.6e-01  1.6e-03  1.6e-01
 271  F 0   2.403e+06   4e-06  0.99  1.0e-01  1.0e-07  1.7e-03  2.3e-03  2.0e-01  1.6e-03  2.0e-01
 272  F 0   2.403e+06   3e-07  0.99  1.0e-01  1.1e-07  2.1e-03  2.9e-03  1.5e-01  1.5e-03  1.5e-01
 273  F 0   2.403e+06  -3e-06  0.99  1.0e-01  1.3e-07  1.9e-03  3.0e-03  1.6e-01  1.8e-03  1.6e-01
 274  F 0   2.403e+06   2e-06  0.99  1.0e-01  1.2e-07  2.6e-03  3.2e-03  2.0e-01  1.6e-03  2.1e-01
 275  F 0   2.403e+06  -3e-06  0.99  1.0e-01  1.3e-07  3.1e-03  4.3e-03  1.6e-01  1.6e-03  1.7e-01
 276  F 0   2.403e+06  -3e-08  0.99  1.0e-01  1.3e-07  3.4e-03  4.4e-03  1.7e-01  2.1e-03  1.7e-01
 277  F 0   2.403e+06  -3e-08  0.99  1.0e-01  1.1e-07  3.6e-03  5.5e-03  2.0e-01  2.1e-03  2.0e-01
 278  F 0   2.403e+06   1e-05  0.99  1.0e-01  1.0e-07  4.5e-03  6.1e-03  2.2e-01  1.7e-03  2.2e-01
 279  F 0   2.403e+06  -6e-08  0.99  1.0e-01  1.5e-07  7.0e-03  8.8e-03  1.5e-01  2.0e-03  1.5e-01
 280  F 0   2.403e+06  -6e-08  0.99  1.0e-01  1.5e-07  6.4e-03  8.3e-03  1.3e-01  1.9e-03  1.3e-01
 281  F 0   2.403e+06  -5e-07  0.99  1.0e-01  1.3e-07  7.1e-03  9.8e-03  1.4e-01  1.9e-03  1.4e-01
 282  F 0   2.403e+06  -2e-07  0.99  1.0e-01  1.2e-07  6.8e-03  9.4e-03  1.5e-01  1.9e-03  1.5e-01
 283  F 0   2.403e+06  -5e-07  0.99  1.0e-01  1.2e-07  6.5e-03  1.0e-02  1.4e-01  1.9e-03  1.4e-01
 284  F 0   2.403e+06  -3e-07  0.99  1.0e-01  1.1e-07  5.8e-03  9.5e-03  1.4e-01  1.9e-03  1.5e-01
 285  F 0   2.403e+06  -4e-07  0.99  1.0e-01  1.6e-07  6.6e-03  1.1e-02  1.7e-01  1.9e-03  1.7e-01
 286  F 0   2.403e+06   6e-08  0.99  1.0e-01  2.1e-07  5.6e-03  1.0e-02  1.4e-01  1.9e-03  1.5e-01
 287  F 0   2.403e+06  -2e-06  0.99  1.0e-01  2.8e-07  8.3e-03  1.2e-02  1.4e-01  1.9e-03  1.4e-01
 288  F 0   2.403e+06  -3e-06  0.99  1.0e-01  2.8e-07  6.5e-03  1.1e-02  1.4e-01  1.9e-03  1.4e-01
 289  F 0   2.403e+06  -3e-06  0.99  1.0e-01  1.5e-07  6.5e-03  9.0e-03  1.4e-01  1.8e-03  1.4e-01
 290  F 0   2.403e+06  -6e-07  0.99  1.0e-01  8.9e-08  4.5e-03  7.1e-03  1.4e-01  2.0e-03  1.4e-01
 291  F 0   2.403e+06  -2e-07  0.99  1.0e-01  5.6e-08  5.2e-03  7.0e-03  1.5e-01  2.0e-03  1.5e-01
 292  F 0   2.403e+06  -2e-08  0.99  1.0e-01  5.3e-08  4.8e-03  6.8e-03  1.6e-01  2.0e-03  1.6e-01
 293  F 0   2.403e+06   3e-06  0.99  1.0e-01  6.0e-08  4.4e-03  6.7e-03  1.6e-01  1.5e-03  1.6e-01
 294  F 0   2.403e+06  -3e-08  0.99  1.0e-01  6.0e-08  5.0e-03  6.7e-03  1.6e-01  2.1e-03  1.7e-01
 295  F 0   2.403e+06  -2e-08  0.99  1.0e-01  7.2e-08  4.0e-03  6.6e-03  1.6e-01  2.0e-03  1.7e-01
 296  F 0   2.403e+06  -1e-07  0.99  1.0e-01  5.3e-08  4.4e-03  6.8e-03  1.6e-01  2.1e-03  1.6e-01
 297  F 0   2.403e+06  -2e-08  0.99  1.0e-01  6.5e-08  4.0e-03  6.6e-03  1.6e-01  2.1e-03  1.6e-01
 298  F 0   2.403e+06  -2e-07  0.99  1.0e-01  7.5e-08  4.2e-03  7.1e-03  1.6e-01  2.0e-03  1.7e-01
 299  F 0   2.403e+06  -1e-07  0.99  1.0e-01  1.3e-07  3.7e-03  7.1e-03  1.6e-01  2.0e-03  1.6e-01
 300  F 0   2.403e+06  -1e-06  0.99  1.0e-01  2.2e-07  5.3e-03  9.0e-03  1.6e-01  2.1e-03  1.6e-01
 301  F 0   2.403e+06  -3e-06  0.99  1.0e-01  3.0e-07  5.3e-03  1.1e-02  1.6e-01  2.1e-03  1.6e-01
 302  F 0   2.403e+06  -6e-06  0.99  1.0e-01  2.4e-07  6.9e-03  1.0e-02  1.6e-01  2.0e-03  1.6e-01
 303  F 0   2.403e+06  -4e-06  0.99  1.0e-01  1.5e-07  4.5e-03  7.2e-03  1.6e-01  2.1e-03  1.7e-01
 304  F 0   2.403e+06  -9e-07  0.99  1.0e-01  7.0e-08  4.1e-03  5.9e-03  1.7e-01  2.0e-03  1.7e-01
 305  F 0   2.403e+06  -1e-08  0.99  1.0e-01  6.0e-08  3.5e-03  5.6e-03  1.5e-01  2.0e-03  1.5e-01
 306  F 0   2.403e+06  -1e-08  0.99  1.0e-01  5.0e-08  3.7e-03  5.8e-03  1.9e-01  1.9e-03  1.9e-01
 307  F 0   2.403e+06  -1e-08  0.99  1.0e-01  5.0e-08  3.8e-03  5.9e-03  1.3e-01  1.9e-03  1.3e-01
 308  F 0   2.403e+06   6e-06  0.99  1.0e-01  5.7e-08  4.3e-03  6.0e-03  1.3e-01  1.4e-03  1.4e-01
 309  F 0   2.403e+06  -5e-08  0.99  1.0e-01  8.9e-08  4.6e-03  6.1e-03  1.8e-01  1.8e-03  1.8e-01
 310  F 0   2.403e+06  -9e-08  0.99  1.0e-01  8.2e-08  4.3e-03  5.9e-03  2.0e-01  1.9e-03  2.0e-01
 311  F 0   2.403e+06  -8e-08  0.99  1.0e-01  5.6e-08  3.6e-03  5.8e-03  1.3e-01  1.8e-03  1.3e-01
 312  F 0   2.403e+06  -2e-06  0.99  1.0e-01  5.7e-08  3.6e-03  5.8e-03  1.3e-01  1.4e-03  1.4e-01
 313  F 0   2.403e+06  -1e-08  0.99  1.0e-01  6.0e-08  3.8e-03  5.8e-03  1.5e-01  1.9e-03  1.5e-01
 314  F 0   2.403e+06  -8e-08  0.99  1.0e-01  4.7e-08  3.6e-03  5.8e-03  1.4e-01  1.8e-03  1.4e-01
 315  F 0   2.403e+06  -2e-08  0.99  1.0e-01  4.9e-08  3.2e-03  6.1e-03  1.6e-01  1.9e-03  1.6e-01
 316  F 0   2.403e+06  -3e-08  0.99  1.0e-01  4.3e-08  4.5e-03  6.3e-03  2.0e-01  1.8e-03  2.0e-01
 317  F 0   2.403e+06  -2e-08  0.99  1.0e-01  8.1e-08  5.1e-03  7.8e-03  1.5e-01  1.9e-03  1.5e-01
 318  F 0   2.403e+06  -1e-07  0.99  1.0e-01  1.0e-07  6.4e-03  9.8e-03  1.5e-01  2.0e-03  1.5e-01
 319  F 0   2.403e+06  -7e-08  0.99  1.0e-01  9.8e-08  6.9e-03  1.0e-02  1.7e-01  2.0e-03  1.8e-01
 320  F 0   2.403e+06  -1e-07  0.99  1.0e-01  6.0e-08  6.0e-03  9.5e-03  1.7e-01  2.0e-03  1.7e-01
 321  F 0   2.403e+06  -2e-08  0.99  1.0e-01  5.1e-08  2.4e-03  4.4e-03  1.6e-01  2.1e-03  1.7e-01
 322  F 0   2.403e+06  -2e-08  0.99  1.0e-01  5.6e-08  3.0e-03  4.3e-03  1.7e-01  4.5e-03  1.7e-01
 323  F 0   2.403e+06  -1e-08  0.99  1.0e-01  5.4e-08  3.1e-03  4.4e-03  1.7e-01  2.0e-03  1.7e-01
 324  F 0   2.403e+06  -3e-08  0.99  1.0e-01  5.6e-08  2.9e-03  4.3e-03  1.7e-01  2.0e-03  1.7e-01
 325  F 0   2.403e+06  -1e-08  0.99  1.0e-01  7.3e-08  3.7e-03  5.4e-03  1.6e-01  2.0e-03  1.6e-01
 326  F 0   2.403e+06  -1e-07  0.99  1.0e-01  1.2e-07  4.1e-03  5.4e-03  1.6e-01  2.1e-03  1.6e-01
 327  F 0   2.403e+06   2e-06  0.99  1.0e-01  2.2e-07  6.5e-03  9.2e-03  1.6e-01  2.1e-03  1.6e-01
 328  F 0   2.403e+06   2e-06  0.99  1.0e-01  3.8e-07  6.7e-03  1.3e-02  1.6e-01  2.4e-03  1.6e-01
 329  F 0   2.403e+06  -5e-07  0.99  1.0e-01  4.5e-07  9.6e-03  1.6e-02  1.8e-01  2.4e-03  1.8e-01
 330  F 0   2.403e+06   6e-06  0.99  1.0e-01  2.5e-07  7.3e-03  1.1e-02  1.5e-01  2.3e-03  1.5e-01
 331  F 0   2.403e+06  -2e-06  0.99  1.0e-01  7.6e-08  1.6e-03  2.9e-03  1.7e-01  2.0e-03  1.7e-01
 332  F 0   2.403e+06   2e-05  0.99  1.0e-01  8.4e-08  2.0e-03  2.9e-03  1.6e-01  1.8e-03  1.6e-01
 333  F 0   2.403e+06  -7e-06  0.99  1.0e-01  1.1e-07  2.8e-03  3.9e-03  1.6e-01  1.6e-03  1.6e-01
 334  F 0   2.403e+06  -5e-06  0.99  1.0e-01  6.0e-08  1.5e-03  2.2e-03  1.9e-01  1.8e-03  2.0e-01
 335  F 0   2.403e+06  -1e-06  0.99  1.0e-01  5.7e-08  8.4e-04  1.0e-03  1.8e-01  1.9e-03  1.8e-01
Termination on Convergence criteria
Total number of system evaluations: 495
