   k  l     Obj         Vio    Bou   ML       |KKT|    |dX|     ||dX||   T_s      T_o      T_t
   0  T 0   1.353e+09  -4e+00  1.00  1.0e-01  0.0e+00  1.0e+00  1.0e+00  4.1e-01  0.0e+00  0.0e+00
   1  T 0   1.259e+09  -4e+00  0.40  1.0e-01  4.1e-04  1.0e-01  6.5e+00  3.0e-01  5.1e-03  3.0e-01
   2  T 0   1.165e+09  -3e+00  0.41  1.0e-01  4.1e-04  1.0e-01  6.5e+00  2.5e-01  1.6e-03  2.5e-01
   3  T 0   1.070e+09  -3e+00  0.39  1.0e-01  4.1e-04  1.0e-01  6.6e+00  2.3e-01  1.7e-03  2.3e-01
   4  T 0   9.747e+08  -3e+00  0.39  1.0e-01  4.1e-04  1.0e-01  6.6e+00  2.4e-01  1.8e-03  2.4e-01
   5  T 0   8.848e+08  -2e+00  0.38  1.0e-01  4.1e-04  1.0e-01  6.6e+00  1.9e-01  1.7e-03  1.9e-01
   6  T 0   8.026e+08  -2e+00  0.36  1.0e-01  4.2e-04  1.0e-01  6.7e+00  2.0e-01  1.7e-03  2.0e-01
   7  T 0   7.303e+08  -2e+00  0.34  1.0e-01  4.3e-04  1.0e-01  6.8e+00  2.0e-01  1.7e-03  2.0e-01
   8  T 0   6.545e+08  -2e+00  0.32  1.0e-01  4.3e-04  1.0e-01  6.9e+00  1.8e-01  1.8e-03  1.8e-01
   9  T 0   5.702e+08  -2e+00  0.31  1.0e-01  4.5e-04  1.0e-01  6.9e+00  2.3e-01  1.8e-03  2.4e-01
  10  T 0   4.711e+08  -1e+00  0.56  1.0e-01  4.0e-04  1.0e-01  7.0e+00  2.0e-01  1.8e-03  2.0e-01
  11  T 0   4.292e+08  -1e+00  0.57  1.0e-01  4.4e-04  1.0e-01  5.3e+00  2.0e-01  2.1e-03  2.0e-01
  12  T 0   3.892e+08  -1e+00  0.62  1.0e-01  4.3e-04  1.0e-01  5.2e+00  2.1e-01  1.8e-03  2.1e-01
  13  T 0   3.549e+08  -1e+00  0.64  1.0e-01  4.3e-04  1.0e-01  4.8e+00  2.0e-01  1.9e-03  2.0e-01
  14  T 0   3.216e+08  -8e-01  0.69  1.0e-01  4.5e-04  1.0e-01  4.6e+00  2.0e-01  1.9e-03  2.1e-01
  15  T 0   2.952e+08  -7e-01  0.72  1.0e-01  4.3e-04  1.0e-01  4.3e+00  2.9e-01  1.9e-03  2.9e-01
  16  T 0   2.707e+08  -6e-01  0.75  1.0e-01  4.4e-04  1.0e-01  4.1e+00  2.6e-01  2.0e-03  2.6e-01
  17  T 0   2.513e+08  -5e-01  0.78  1.0e-01  4.1e-04  1.0e-01  3.7e+00  2.3e-01  1.9e-03  2.3e-01
  18  T 0   2.351e+08  -5e-01  0.80  1.0e-01  4.0e-04  1.0e-01  3.4e+00  2.2e-01  1.9e-03  2.2e-01
  19  T 0   2.213e+08  -4e-01  0.83  1.0e-01  3.1e-04  1.0e-01  3.3e+00  2.8e-01  1.8e-03  2.8e-01
  20  T 0   2.109e+08  -3e-01  0.85  1.0e-01  5.9e-04  1.0e-01  3.0e+00  2.1e-01  1.8e-03  2.1e-01
  21  T 0   2.021e+08  -3e-01  0.87  1.0e-01  3.3e-04  1.0e-01  2.8e+00  2.3e-01  1.8e-03  2.3e-01
  22  T 0   1.944e+08  -2e-01  0.88  1.0e-01  4.2e-04  1.0e-01  2.7e+00  2.1e-01  1.8e-03  2.1e-01
  23  T 0   1.876e+08  -2e-01  0.89  1.0e-01  6.0e-04  1.0e-01  2.6e+00  2.1e-01  1.9e-03  2.1e-01
  24  T 0   1.821e+08  -1e-01  0.90  1.0e-01  1.5e-03  1.0e-01  2.5e+00  2.1e-01  1.8e-03  2.2e-01
  25  T 0   1.773e+08  -9e-02  0.90  1.0e-01  6.5e-04  1.0e-01  2.4e+00  2.2e-01  1.5e-03  2.2e-01
  26  T 0   1.727e+08  -5e-02  0.91  1.0e-01  7.3e-04  1.0e-01  2.3e+00  2.2e-01  1.4e-03  2.2e-01
  27  T 0   1.695e+08  -2e-02  0.92  1.0e-01  5.6e-04  1.0e-01  2.1e+00  2.3e-01  1.6e-03  2.4e-01
  28  T 0   1.678e+08  -4e-03  0.93  1.0e-01  8.4e-04  1.0e-01  2.0e+00  2.2e-01  2.9e-03  2.2e-01
  29  F 0   1.681e+08  -4e-03  0.94  1.0e-01  3.5e-04  1.0e-01  1.9e+00  2.3e-01  2.9e-03  2.3e-01
  30  F 0   1.696e+08  -5e-03  0.92  1.0e-01  5.2e-04  1.0e-01  2.1e+00  2.8e-01  3.1e-03  2.8e-01
  31  F 0   1.724e+08  -8e-03  0.92  1.0e-01  6.5e-04  1.0e-01  2.4e+00  2.2e-01  2.7e-03  2.2e-01
  32  F 0   1.810e+08  -1e-02  0.88  1.0e-01  7.0e-04  1.0e-01  2.8e+00  2.5e-01  2.6e-03  2.5e-01
  33  F 0   1.827e+08  -2e-02  0.88  1.0e-01  8.2e-04  1.0e-01  3.2e+00  2.8e-01  2.6e-03  2.8e-01
  34  F 0   1.980e+08  -2e-02  0.84  1.0e-01  8.9e-04  1.0e-01  3.6e+00  2.6e-01  3.1e-03  2.7e-01
  35  F 0   1.928e+08  -3e-02  0.85  1.0e-01  9.4e-04  1.0e-01  3.8e+00  2.1e-01  2.5e-03  2.2e-01
  36  F 0   1.999e+08  -3e-02  0.81  1.0e-01  9.0e-04  1.0e-01  3.7e+00  2.1e-01  2.9e-03  2.1e-01
  37  F 0   1.857e+08  -3e-02  0.84  1.0e-01  8.5e-04  1.0e-01  3.5e+00  2.1e-01  3.0e-03  2.1e-01
  38  F 0   1.816e+08  -3e-02  0.82  1.0e-01  6.7e-04  1.0e-01  3.0e+00  2.2e-01  3.1e-03  2.2e-01
  39  F 0   1.707e+08  -2e-02  0.86  1.0e-01  5.4e-04  1.0e-01  2.3e+00  2.1e-01  3.1e-03  2.1e-01
  40  T 0   1.665e+08  -1e-02  0.88  1.0e-01  2.0e-04  1.0e-01  1.3e+00  2.7e-01  2.6e-03  2.8e-01
  41  T 0   1.659e+08  -9e-03  0.90  1.0e-01  1.6e-04  1.0e-01  5.6e-01  2.8e-01  1.8e-03  2.8e-01
  42  T 0   1.655e+08  -7e-03  0.92  1.0e-01  1.8e-04  1.0e-01  4.7e-01  2.3e-01  1.8e-03  2.3e-01
  43  T 0   1.653e+08  -4e-03  0.93  1.0e-01  3.0e-04  1.0e-01  4.5e-01  2.3e-01  1.9e-03  2.3e-01
  44  T 0   1.651e+08  -1e-03  0.94  1.0e-01  1.3e-04  1.0e-01  4.0e-01  2.2e-01  3.0e-03  2.2e-01
  45  T 0   1.650e+08  -5e-04  0.95  1.0e-01  1.2e-04  1.0e-01  2.9e-01  2.2e-01  3.4e-03  2.2e-01
  46  T 0   1.649e+08  -4e-04  0.95  1.0e-01  1.1e-04  1.0e-01  2.6e-01  2.2e-01  2.9e-03  2.2e-01
  47  T 0   1.648e+08  -4e-04  0.95  1.0e-01  1.0e-04  9.1e-02  3.0e-01  2.5e-01  3.2e-03  2.6e-01
  48  T 0   1.647e+08  -4e-04  0.95  1.0e-01  1.0e-04  1.0e-01  3.6e-01  2.4e-01  3.1e-03  2.5e-01
  49  T 0   1.646e+08  -4e-04  0.95  1.0e-01  9.6e-05  1.0e-01  3.7e-01  2.6e-01  3.1e-03  2.6e-01
  50  T 0   1.645e+08  -4e-04  0.96  1.0e-01  9.2e-05  1.0e-01  4.1e-01  2.5e-01  3.0e-03  2.5e-01
  51  T 0   1.644e+08  -4e-04  0.96  1.0e-01  8.7e-05  1.0e-01  4.1e-01  2.1e-01  3.0e-03  2.1e-01
  52  T 0   1.643e+08  -3e-04  0.96  1.0e-01  8.1e-05  1.0e-01  4.3e-01  2.3e-01  2.7e-03  2.3e-01
  53  T 0   1.642e+08  -3e-04  0.96  1.0e-01  7.4e-05  1.0e-01  4.1e-01  2.9e-01  3.0e-03  2.9e-01
  54  T 0   1.641e+08  -4e-04  0.96  1.0e-01  6.7e-05  1.0e-01  4.5e-01  2.1e-01  2.7e-03  2.2e-01
  55  T 0   1.640e+08  -4e-04  0.96  1.0e-01  6.0e-05  1.0e-01  5.0e-01  2.6e-01  3.0e-03  2.7e-01
  56  T 0   1.638e+08  -4e-04  0.96  1.0e-01  5.7e-05  1.0e-01  5.2e-01  2.8e-01  2.7e-03  2.8e-01
  57  T 0   1.637e+08  -4e-04  0.96  1.0e-01  4.7e-05  1.0e-01  5.3e-01  2.1e-01  2.7e-03  2.1e-01
  58  T 0   1.636e+08  -4e-04  0.97  1.0e-01  4.4e-05  1.0e-01  5.6e-01  2.1e-01  2.7e-03  2.2e-01
  59  T 0   1.634e+08  -5e-04  0.97  1.0e-01  4.4e-05  1.0e-01  6.1e-01  2.2e-01  2.6e-03  2.2e-01
  60  T 0   1.633e+08  -5e-04  0.97  1.0e-01  4.5e-05  1.0e-01  6.5e-01  2.1e-01  2.6e-03  2.2e-01
  61  T 0   1.631e+08  -6e-04  0.97  1.0e-01  4.6e-05  1.0e-01  7.0e-01  2.1e-01  2.2e-03  2.1e-01
  62  T 0   1.629e+08  -6e-04  0.97  1.0e-01  4.8e-05  1.0e-01  7.3e-01  2.1e-01  2.6e-03  2.1e-01
  63  T 0   1.627e+08  -6e-04  0.97  1.0e-01  5.4e-05  1.0e-01  7.9e-01  2.2e-01  1.8e-03  2.2e-01
  64  T 0   1.626e+08  -7e-04  0.97  1.0e-01  8.0e-05  1.0e-01  8.5e-01  2.6e-01  2.9e-03  2.6e-01
  65  T 0   1.625e+08  -1e-03  0.97  1.0e-01  1.1e-04  1.0e-01  1.0e+00  3.2e-01  3.0e-03  3.3e-01
  66  T 0   1.624e+08  -1e-03  0.97  1.0e-01  1.1e-04  1.0e-01  1.0e+00  3.1e-01  3.5e-03  3.2e-01
  67  T 0   1.623e+08  -1e-03  0.97  1.0e-01  9.9e-05  1.0e-01  9.1e-01  2.2e-01  3.2e-03  2.3e-01
  68  T 0   1.621e+08  -7e-04  0.97  1.0e-01  4.8e-05  1.0e-01  6.8e-01  2.4e-01  3.0e-03  2.4e-01
  69  T 0   1.620e+08  -4e-04  0.97  1.0e-01  4.6e-05  1.0e-01  6.1e-01  2.5e-01  2.9e-03  2.6e-01
  70  T 0   1.619e+08  -2e-04  0.97  1.0e-01  4.1e-05  1.0e-01  5.3e-01  2.2e-01  3.4e-03  2.3e-01
  71  T 0   1.618e+08  -2e-04  0.98  1.0e-01  3.9e-05  1.0e-01  5.0e-01  2.1e-01  2.7e-03  2.1e-01
  72  T 0   1.617e+08  -2e-04  0.98  1.0e-01  3.5e-05  1.0e-01  5.1e-01  2.1e-01  2.6e-03  2.2e-01
  73  T 0   1.616e+08  -2e-04  0.98  1.0e-01  3.0e-05  1.0e-01  4.7e-01  2.1e-01  2.9e-03  2.2e-01
  74  T 0   1.616e+08  -1e-04  0.98  1.0e-01  3.0e-05  1.0e-01  4.5e-01  2.1e-01  2.3e-03  2.1e-01
  75  T 0   1.615e+08  -2e-04  0.98  1.0e-01  3.1e-05  1.0e-01  4.6e-01  2.1e-01  3.0e-03  2.2e-01
  76  T 0   1.615e+08  -2e-04  0.98  1.0e-01  3.2e-05  1.0e-01  4.8e-01  2.1e-01  2.2e-03  2.1e-01
  77  T 0   1.614e+08  -1e-04  0.98  1.0e-01  3.3e-05  1.0e-01  4.5e-01  2.4e-01  2.7e-03  2.4e-01
  78  T 0   1.614e+08  -1e-04  0.98  1.0e-01  3.6e-05  1.0e-01  4.7e-01  2.3e-01  2.2e-03  2.3e-01
  79  T 0   1.614e+08  -1e-04  0.98  1.0e-01  3.4e-05  1.0e-01  4.9e-01  2.0e-01  2.6e-03  2.0e-01
  80  T 0   1.613e+08  -2e-04  0.98  1.0e-01  4.2e-05  1.0e-01  5.7e-01  2.6e-01  2.3e-03  2.7e-01
  81  T 0   1.613e+08  -2e-04  0.98  1.0e-01  4.0e-05  1.0e-01  5.7e-01  2.9e-01  2.9e-03  2.9e-01
  82  T 0   1.613e+08  -3e-04  0.98  1.0e-01  4.2e-05  1.0e-01  6.3e-01  2.8e-01  2.6e-03  2.8e-01
  83  T 0   1.612e+08  -2e-04  0.98  1.0e-01  3.6e-05  1.0e-01  5.1e-01  2.9e-01  3.1e-03  2.9e-01
  84  T 0   1.612e+08  -2e-04  0.98  1.0e-01  3.7e-05  1.0e-01  5.0e-01  2.2e-01  3.1e-03  2.2e-01
  85  T 0   1.611e+08  -1e-04  0.98  1.0e-01  3.6e-05  1.0e-01  5.1e-01  2.2e-01  2.6e-03  2.2e-01
  86  T 0   1.611e+08  -1e-04  0.98  1.0e-01  3.5e-05  1.0e-01  5.2e-01  2.5e-01  2.3e-03  2.6e-01
  87  T 0   1.610e+08  -1e-04  0.98  1.0e-01  3.3e-05  1.0e-01  5.4e-01  2.1e-01  2.2e-03  2.2e-01
  88  T 0   1.610e+08  -2e-04  0.98  1.0e-01  3.2e-05  1.0e-01  5.5e-01  2.1e-01  2.6e-03  2.1e-01
  89  T 0   1.609e+08  -2e-04  0.98  1.0e-01  3.0e-05  1.0e-01  5.5e-01  2.0e-01  2.5e-03  2.1e-01
  90  T 0   1.608e+08  -1e-04  0.98  1.0e-01  3.0e-05  1.0e-01  5.3e-01  2.1e-01  2.3e-03  2.1e-01
  91  T 0   1.608e+08  -2e-04  0.98  1.0e-01  3.0e-05  1.0e-01  5.2e-01  2.4e-01  2.6e-03  2.5e-01
  92  T 0   1.607e+08  -1e-04  0.98  1.0e-01  2.9e-05  1.0e-01  5.0e-01  2.4e-01  2.3e-03  2.4e-01
  93  T 0   1.607e+08  -1e-04  0.98  1.0e-01  3.0e-05  1.0e-01  4.8e-01  2.4e-01  2.7e-03  2.4e-01
  94  T 0   1.607e+08  -1e-04  0.98  1.0e-01  2.8e-05  1.0e-01  4.8e-01  2.4e-01  2.6e-03  2.4e-01
  95  T 0   1.606e+08  -1e-04  0.98  1.0e-01  3.2e-05  1.0e-01  4.6e-01  2.2e-01  2.7e-03  2.2e-01
  96  T 0   1.606e+08  -2e-04  0.98  1.0e-01  4.3e-05  1.0e-01  5.5e-01  2.2e-01  2.6e-03  2.2e-01
  97  T 0   1.606e+08  -4e-04  0.98  1.0e-01  5.3e-05  1.0e-01  6.6e-01  2.7e-01  3.0e-03  2.7e-01
  98  T 0   1.606e+08  -5e-04  0.98  1.0e-01  6.5e-05  1.0e-01  6.5e-01  2.6e-01  3.0e-03  2.6e-01
  99  T 0   1.606e+08  -4e-04  0.98  1.0e-01  4.2e-05  1.0e-01  5.9e-01  2.7e-01  2.8e-03  2.8e-01
 100  T 0   1.605e+08  -2e-04  0.98  1.0e-01  2.6e-05  1.0e-01  4.0e-01  2.0e-01  2.6e-03  2.1e-01
 101  T 0   1.605e+08  -9e-05  0.98  1.0e-01  2.6e-05  1.0e-01  3.5e-01  2.1e-01  3.0e-03  2.1e-01
 102  T 0   1.604e+08  -8e-05  0.98  1.0e-01  2.5e-05  1.0e-01  3.5e-01  2.3e-01  2.6e-03  2.3e-01
 103  T 0   1.604e+08  -8e-05  0.98  1.0e-01  2.4e-05  1.0e-01  3.5e-01  2.8e-01  2.3e-03  2.9e-01
 104  T 0   1.604e+08  -9e-05  0.98  1.0e-01  2.3e-05  1.0e-01  3.7e-01  2.5e-01  2.6e-03  2.5e-01
 105  T 0   1.604e+08  -8e-05  0.98  1.0e-01  2.5e-05  1.0e-01  3.8e-01  2.2e-01  2.3e-03  2.3e-01
 106  T 0   1.603e+08  -1e-04  0.98  1.0e-01  2.7e-05  1.0e-01  4.0e-01  2.3e-01  2.4e-03  2.4e-01
 107  T 0   1.603e+08  -1e-04  0.98  1.0e-01  3.0e-05  1.0e-01  4.1e-01  3.8e-01  2.7e-03  3.8e-01
 108  T 0   1.603e+08  -1e-04  0.98  1.0e-01  3.1e-05  1.0e-01  4.2e-01  3.1e-01  1.1e-02  3.2e-01
 109  T 0   1.603e+08  -9e-05  0.98  1.0e-01  3.2e-05  1.0e-01  4.2e-01  2.2e-01  2.7e-03  2.3e-01
 110  T 0   1.602e+08  -9e-05  0.98  1.0e-01  3.1e-05  1.0e-01  4.2e-01  2.1e-01  2.6e-03  2.1e-01
 111  T 0   1.602e+08  -6e-05  0.98  1.0e-01  3.7e-05  1.0e-01  4.0e-01  2.1e-01  2.3e-03  2.1e-01
 112  T 0   1.602e+08  -1e-04  0.98  1.0e-01  3.0e-05  1.0e-01  4.5e-01  2.2e-01  2.3e-03  2.3e-01
 113  F 0   1.602e+08  -2e-04  0.98  1.0e-01  5.5e-05  1.0e-01  6.2e-01  2.2e-01  2.6e-03  2.2e-01
 114  F 0   1.602e+08  -5e-04  0.98  1.0e-01  6.6e-05  1.0e-01  6.7e-01  2.4e-01  3.0e-03  2.4e-01
 115  T 0   1.602e+08  -4e-04  0.98  1.0e-01  5.6e-05  1.0e-01  6.8e-01  2.5e-01  2.2e-03  2.6e-01
 116  T 0   1.601e+08  -2e-04  0.98  1.0e-01  2.0e-05  1.0e-01  4.6e-01  3.0e-01  3.0e-03  3.1e-01
 117  T 0   1.601e+08  -7e-05  0.98  1.0e-01  2.4e-05  1.0e-01  4.0e-01  2.9e-01  2.9e-03  2.9e-01
 118  T 0   1.601e+08  -6e-05  0.98  1.0e-01  2.3e-05  1.0e-01  3.7e-01  2.4e-01  1.8e-03  2.4e-01
 119  T 0   1.601e+08  -8e-05  0.98  1.0e-01  2.1e-05  1.0e-01  3.6e-01  2.3e-01  4.8e-03  2.3e-01
 120  T 0   1.600e+08  -7e-05  0.98  1.0e-01  2.0e-05  1.0e-01  3.7e-01  2.0e-01  2.6e-03  2.0e-01
 121  T 0   1.600e+08  -8e-05  0.98  1.0e-01  2.1e-05  1.0e-01  3.9e-01  2.0e-01  2.6e-03  2.0e-01
 122  T 0   1.600e+08  -8e-05  0.98  1.0e-01  2.2e-05  1.0e-01  4.1e-01  2.6e-01  2.6e-03  2.6e-01
 123  T 0   1.600e+08  -9e-05  0.98  1.0e-01  2.3e-05  1.0e-01  4.4e-01  2.5e-01  2.1e-03  2.5e-01
 124  T 0   1.599e+08  -9e-05  0.98  1.0e-01  2.5e-05  1.0e-01  4.7e-01  2.5e-01  2.5e-03  2.5e-01
 125  T 0   1.599e+08  -9e-05  0.98  1.0e-01  2.6e-05  1.0e-01  4.6e-01  3.2e-01  2.6e-03  3.3e-01
 126  T 0   1.599e+08  -6e-05  0.98  1.0e-01  2.7e-05  1.0e-01  4.6e-01  2.1e-01  2.4e-03  2.1e-01
 127  T 0   1.599e+08  -8e-05  0.98  1.0e-01  2.9e-05  1.0e-01  4.5e-01  2.2e-01  2.6e-03  2.2e-01
 128  T 0   1.598e+08  -9e-05  0.98  1.0e-01  2.9e-05  1.0e-01  4.5e-01  2.0e-01  2.7e-03  2.1e-01
 129  T 0   1.598e+08  -1e-04  0.98  1.0e-01  3.2e-05  1.0e-01  4.5e-01  2.1e-01  2.2e-03  2.1e-01
 130  T 0   1.598e+08  -9e-05  0.98  1.0e-01  2.8e-05  1.0e-01  4.6e-01  2.1e-01  2.6e-03  2.1e-01
 131  T 0   1.598e+08  -2e-04  0.98  1.0e-01  3.9e-05  1.0e-01  5.6e-01  2.1e-01  2.6e-03  2.2e-01
 132  F 0   1.598e+08  -4e-04  0.98  1.0e-01  6.7e-05  1.0e-01  6.1e-01  2.1e-01  2.9e-03  2.2e-01
 133  F 0   1.598e+08  -5e-04  0.98  1.0e-01  6.5e-05  1.0e-01  6.5e-01  2.4e-01  3.0e-03  2.5e-01
 134  T 0   1.597e+08  -2e-04  0.98  1.0e-01  2.7e-05  1.0e-01  4.7e-01  2.6e-01  2.9e-03  2.6e-01
 135  T 0   1.597e+08  -7e-05  0.98  1.0e-01  2.7e-05  1.0e-01  3.7e-01  2.5e-01  3.7e-03  2.6e-01
 136  T 0   1.597e+08  -5e-05  0.98  1.0e-01  2.5e-05  1.0e-01  3.0e-01  2.7e-01  2.6e-03  2.7e-01
 137  T 0   1.597e+08  -5e-05  0.98  1.0e-01  2.3e-05  1.0e-01  3.0e-01  3.0e-01  2.6e-03  3.0e-01
 138  T 0   1.597e+08  -5e-05  0.98  1.0e-01  2.2e-05  1.0e-01  3.0e-01  2.3e-01  1.8e-03  2.3e-01
 139  T 0   1.597e+08  -8e-05  0.98  1.0e-01  2.0e-05  1.0e-01  3.1e-01  2.5e-01  2.1e-03  2.5e-01
 140  T 0   1.596e+08  -2e-05  0.98  1.0e-01  1.8e-05  1.0e-01  3.0e-01  2.3e-01  2.2e-03  2.3e-01
 141  T 0   1.596e+08  -4e-05  0.98  1.0e-01  1.6e-05  9.5e-02  2.9e-01  2.0e-01  2.6e-03  2.0e-01
 142  T 0   1.596e+08  -3e-05  0.98  1.0e-01  1.5e-05  9.9e-02  3.2e-01  2.2e-01  2.2e-03  2.2e-01
 143  T 0   1.596e+08  -5e-05  0.98  1.0e-01  1.6e-05  1.0e-01  3.2e-01  2.4e-01  2.7e-03  2.4e-01
 144  T 0   1.596e+08  -3e-05  0.98  1.0e-01  1.7e-05  1.0e-01  3.4e-01  2.1e-01  2.3e-03  2.1e-01
 145  T 0   1.596e+08  -5e-05  0.98  1.0e-01  1.7e-05  1.0e-01  3.3e-01  2.4e-01  2.6e-03  2.4e-01
 146  T 0   1.596e+08  -5e-05  0.98  1.0e-01  2.0e-05  1.0e-01  3.6e-01  2.4e-01  2.7e-03  2.4e-01
 147  T 0   1.595e+08  -6e-05  0.98  1.0e-01  2.1e-05  1.0e-01  3.7e-01  2.2e-01  2.6e-03  2.2e-01
 148  F 0   1.595e+08  -1e-04  0.98  1.0e-01  4.1e-05  1.0e-01  5.3e-01  2.1e-01  2.6e-03  2.1e-01
 149  F 0   1.596e+08  -3e-04  0.98  1.0e-01  5.0e-05  1.0e-01  6.0e-01  2.1e-01  2.9e-03  2.2e-01
 150  F 0   1.596e+08  -4e-04  0.98  1.0e-01  6.4e-05  1.0e-01  6.6e-01  2.0e-01  2.6e-03  2.0e-01
 151  T 0   1.595e+08  -3e-04  0.98  1.0e-01  3.2e-05  1.0e-01  5.2e-01  2.1e-01  2.9e-03  2.2e-01
 152  T 0   1.595e+08  -9e-05  0.98  1.0e-01  2.1e-05  1.0e-01  3.9e-01  2.1e-01  2.6e-03  2.1e-01
 153  T 0   1.595e+08  -4e-05  0.98  1.0e-01  2.3e-05  1.0e-01  3.2e-01  2.2e-01  2.6e-03  2.2e-01
 154  T 0   1.595e+08  -4e-05  0.98  1.0e-01  2.4e-05  1.0e-01  3.4e-01  2.1e-01  2.5e-03  2.1e-01
 155  T 0   1.594e+08  -4e-05  0.98  1.0e-01  2.4e-05  1.0e-01  3.6e-01  2.1e-01  2.6e-03  2.2e-01
 156  T 0   1.594e+08  -7e-05  0.98  1.0e-01  2.5e-05  1.0e-01  3.7e-01  2.1e-01  2.6e-03  2.2e-01
 157  T 0   1.594e+08  -5e-05  0.98  1.0e-01  2.5e-05  1.0e-01  3.7e-01  2.1e-01  2.6e-03  2.1e-01
 158  T 0   1.594e+08  -6e-05  0.98  1.0e-01  2.4e-05  1.0e-01  3.5e-01  2.1e-01  2.1e-03  2.1e-01
 159  T 0   1.594e+08  -5e-05  0.98  1.0e-01  2.3e-05  1.0e-01  3.4e-01  2.2e-01  1.8e-03  2.2e-01
 160  T 0   1.594e+08  -5e-05  0.98  1.0e-01  2.1e-05  1.0e-01  3.4e-01  2.2e-01  2.6e-03  2.3e-01
 161  T 0   1.594e+08  -5e-05  0.98  1.0e-01  2.0e-05  1.0e-01  3.5e-01  2.0e-01  2.8e-03  2.0e-01
 162  T 0   1.593e+08  -5e-05  0.98  1.0e-01  1.8e-05  1.0e-01  3.5e-01  2.4e-01  2.7e-03  2.4e-01
 163  T 0   1.593e+08  -5e-05  0.98  1.0e-01  1.6e-05  1.0e-01  3.7e-01  2.1e-01  2.6e-03  2.1e-01
 164  T 0   1.593e+08  -5e-05  0.98  1.0e-01  1.8e-05  1.0e-01  3.7e-01  2.0e-01  2.6e-03  2.0e-01
 165  T 0   1.593e+08  -5e-05  0.98  1.0e-01  2.1e-05  1.0e-01  4.0e-01  2.1e-01  2.5e-03  2.2e-01
 166  F 0   1.593e+08  -8e-05  0.98  1.0e-01  3.4e-05  1.0e-01  4.3e-01  2.2e-01  2.6e-03  2.2e-01
 167  F 0   1.594e+08  -3e-04  0.98  1.0e-01  7.3e-05  1.0e-01  7.1e-01  2.4e-01  2.6e-03  2.4e-01
 168  F 0   1.594e+08  -7e-04  0.98  1.0e-01  8.7e-05  1.0e-01  7.8e-01  2.3e-01  3.0e-03  2.3e-01
 169  F 0   1.594e+08  -8e-04  0.97  1.0e-01  7.4e-05  1.0e-01  7.9e-01  2.0e-01  2.9e-03  2.0e-01
 170  F 0   1.593e+08  -5e-04  0.98  1.0e-01  5.1e-05  1.0e-01  6.0e-01  2.1e-01  2.6e-03  2.1e-01
 171  T 0   1.593e+08  -2e-04  0.98  1.0e-01  2.2e-05  1.0e-01  4.8e-01  2.0e-01  2.5e-03  2.1e-01
 172  T 0   1.592e+08  -3e-05  0.98  1.0e-01  1.8e-05  1.0e-01  2.6e-01  2.2e-01  3.1e-03  2.2e-01
 173  T 0   1.592e+08  -2e-05  0.98  1.0e-01  1.9e-05  1.0e-01  2.2e-01  2.1e-01  2.6e-03  2.1e-01
 174  T 0   1.592e+08  -2e-05  0.98  1.0e-01  1.8e-05  1.0e-01  2.4e-01  2.1e-01  2.6e-03  2.1e-01
 175  T 0   1.592e+08  -2e-05  0.98  1.0e-01  1.8e-05  1.0e-01  2.6e-01  2.1e-01  2.6e-03  2.1e-01
 176  T 0   1.592e+08  -2e-05  0.98  1.0e-01  1.7e-05  1.0e-01  2.6e-01  2.1e-01  2.6e-03  2.1e-01
 177  T 0   1.592e+08  -2e-05  0.98  1.0e-01  1.7e-05  1.0e-01  2.8e-01  2.1e-01  2.5e-03  2.1e-01
 178  T 0   1.592e+08  -2e-05  0.98  1.0e-01  1.6e-05  1.0e-01  2.9e-01  2.1e-01  2.5e-03  2.1e-01
 179  T 0   1.592e+08  -3e-05  0.98  1.0e-01  1.6e-05  1.0e-01  2.9e-01  2.1e-01  2.6e-03  2.1e-01
 180  T 0   1.592e+08  -3e-05  0.98  1.0e-01  1.7e-05  1.0e-01  3.2e-01  2.1e-01  2.7e-03  2.1e-01
 181  T 0   1.592e+08  -3e-05  0.98  1.0e-01  1.9e-05  1.0e-01  3.4e-01  2.1e-01  2.7e-03  2.1e-01
 182  T 0   1.592e+08  -4e-05  0.98  1.0e-01  2.0e-05  1.0e-01  3.8e-01  2.1e-01  2.7e-03  2.1e-01
 183  T 0   1.592e+08  -4e-05  0.98  1.0e-01  2.1e-05  1.0e-01  3.6e-01  2.1e-01  2.6e-03  2.1e-01
 184  T 0   1.591e+08  -5e-05  0.98  1.0e-01  2.2e-05  1.0e-01  4.0e-01  2.2e-01  2.6e-03  2.2e-01
 185  T 0   1.591e+08  -8e-05  0.98  1.0e-01  2.5e-05  1.0e-01  4.6e-01  2.1e-01  2.7e-03  2.2e-01
 186  F 0   1.592e+08  -2e-04  0.98  1.0e-01  5.9e-05  1.0e-01  5.7e-01  2.0e-01  2.6e-03  2.1e-01
 187  F 0   1.592e+08  -6e-04  0.98  1.0e-01  7.8e-05  1.0e-01  7.6e-01  2.0e-01  3.0e-03  2.1e-01
 188  F 0   1.592e+08  -7e-04  0.98  1.0e-01  6.4e-05  1.0e-01  7.6e-01  2.1e-01  2.6e-03  2.1e-01
 189  T 0   1.591e+08  -3e-04  0.98  1.0e-01  3.2e-05  1.0e-01  5.9e-01  2.1e-01  2.6e-03  2.1e-01
 190  T 0   1.591e+08  -1e-04  0.98  1.0e-01  2.6e-05  1.0e-01  3.9e-01  2.1e-01  2.3e-03  2.2e-01
 191  T 0   1.591e+08  -4e-05  0.98  1.0e-01  2.3e-05  1.0e-01  3.2e-01  2.4e-01  3.0e-03  2.4e-01
 192  T 0   1.591e+08  -4e-05  0.98  1.0e-01  2.3e-05  1.0e-01  2.9e-01  2.3e-01  2.6e-03  2.3e-01
 193  T 0   1.591e+08  -4e-05  0.98  1.0e-01  2.1e-05  1.0e-01  2.8e-01  2.5e-01  2.7e-03  2.5e-01
 194  T 0   1.590e+08  -3e-05  0.98  1.0e-01  2.0e-05  1.0e-01  3.1e-01  2.4e-01  2.3e-03  2.4e-01
 195  T 0   1.590e+08  -4e-05  0.98  1.0e-01  1.8e-05  1.0e-01  3.4e-01  2.1e-01  2.2e-03  2.1e-01
 196  T 0   1.590e+08  -4e-05  0.98  1.0e-01  1.8e-05  1.0e-01  3.8e-01  2.0e-01  2.2e-03  2.1e-01
 197  T 0   1.590e+08  -4e-05  0.98  1.0e-01  1.9e-05  1.0e-01  4.2e-01  2.0e-01  2.2e-03  2.0e-01
 198  T 0   1.590e+08  -5e-05  0.98  1.0e-01  1.9e-05  1.0e-01  4.3e-01  2.6e-01  2.5e-03  2.6e-01
 199  T 0   1.590e+08  -4e-05  0.98  1.0e-01  1.7e-05  1.0e-01  4.4e-01  2.2e-01  2.5e-03  2.2e-01
 200  T 0   1.589e+08  -5e-05  0.98  1.0e-01  1.6e-05  1.0e-01  4.5e-01  2.9e-01  2.7e-03  2.9e-01
 201  T 0   1.589e+08  -3e-05  0.98  1.0e-01  1.8e-05  1.0e-01  4.6e-01  2.3e-01  2.2e-03  2.4e-01
 202  T 0   1.589e+08  -4e-05  0.98  1.0e-01  1.7e-05  1.0e-01  4.4e-01  2.4e-01  2.7e-03  2.5e-01
 203  T 0   1.589e+08  -7e-05  0.98  1.0e-01  2.6e-05  1.0e-01  4.9e-01  2.3e-01  2.3e-03  2.3e-01
 204  F 0   1.589e+08  -2e-04  0.98  1.0e-01  5.6e-05  1.0e-01  5.2e-01  2.0e-01  3.0e-03  2.1e-01
 205  F 0   1.590e+08  -5e-04  0.98  1.0e-01  7.0e-05  1.0e-01  7.3e-01  2.2e-01  2.6e-03  2.3e-01
 206  F 0   1.590e+08  -6e-04  0.98  1.0e-01  6.4e-05  1.0e-01  7.6e-01  2.3e-01  3.5e-03  2.4e-01
 207  F 0   1.589e+08  -3e-04  0.98  1.0e-01  3.5e-05  1.0e-01  5.8e-01  2.2e-01  3.0e-03  2.2e-01
 208  T 0   1.589e+08  -9e-05  0.98  1.0e-01  2.0e-05  1.0e-01  3.4e-01  2.4e-01  2.6e-03  2.4e-01
 209  T 0   1.589e+08  -3e-05  0.98  1.0e-01  1.9e-05  1.0e-01  2.3e-01  2.5e-01  3.4e-03  2.5e-01
 210  T 0   1.589e+08  -2e-05  0.98  1.0e-01  1.9e-05  1.0e-01  2.3e-01  2.5e-01  2.6e-03  2.5e-01
 211  T 0   1.589e+08  -3e-05  0.98  1.0e-01  1.9e-05  1.0e-01  2.5e-01  3.1e-01  2.6e-03  3.2e-01
 212  T 0   1.589e+08  -2e-05  0.98  1.0e-01  1.9e-05  1.0e-01  2.7e-01  2.7e-01  2.6e-03  2.8e-01
 213  T 0   1.588e+08  -2e-05  0.98  1.0e-01  1.9e-05  1.0e-01  2.6e-01  2.2e-01  2.2e-03  2.2e-01
 214  T 0   1.588e+08  -1e-05  0.98  1.0e-01  1.9e-05  1.0e-01  2.8e-01  2.2e-01  2.3e-03  2.2e-01
 215  T 0   1.588e+08  -3e-05  0.98  1.0e-01  1.9e-05  1.0e-01  3.0e-01  2.2e-01  2.7e-03  2.2e-01
 216  T 0   1.588e+08  -3e-05  0.98  1.0e-01  1.9e-05  1.0e-01  3.1e-01  2.6e-01  4.7e-03  2.6e-01
 217  T 0   1.588e+08  -3e-05  0.98  1.0e-01  1.9e-05  1.0e-01  3.3e-01  2.0e-01  2.5e-03  2.0e-01
 218  T 0   1.588e+08  -2e-05  0.98  1.0e-01  1.9e-05  9.5e-02  3.4e-01  2.0e-01  2.3e-03  2.0e-01
 219  T 0   1.588e+08  -3e-05  0.98  1.0e-01  1.8e-05  1.0e-01  3.7e-01  2.2e-01  2.6e-03  2.2e-01
 220  T 0   1.588e+08  -4e-05  0.98  1.0e-01  1.8e-05  1.0e-01  3.9e-01  2.1e-01  2.4e-03  2.2e-01
 221  T 0   1.588e+08  -3e-05  0.98  1.0e-01  2.0e-05  1.0e-01  4.2e-01  2.1e-01  2.3e-03  2.2e-01
 222  T 0   1.588e+08  -6e-05  0.98  1.0e-01  2.4e-05  1.0e-01  4.4e-01  2.1e-01  2.2e-03  2.2e-01
 223  F 0   1.588e+08  -2e-04  0.98  1.0e-01  4.4e-05  1.0e-01  5.5e-01  2.9e-01  2.6e-03  2.9e-01
 224  F 0   1.588e+08  -5e-04  0.98  1.0e-01  7.4e-05  1.0e-01  7.3e-01  3.1e-01  2.9e-03  3.1e-01
 225  F 0   1.588e+08  -6e-04  0.98  1.0e-01  6.8e-05  1.0e-01  7.5e-01  2.0e-01  3.3e-03  2.1e-01
 226  T 0   1.588e+08  -4e-04  0.98  1.0e-01  4.6e-05  1.0e-01  5.7e-01  2.1e-01  3.0e-03  2.2e-01
 227  T 0   1.587e+08  -1e-04  0.98  1.0e-01  2.7e-05  1.0e-01  4.6e-01  2.2e-01  2.5e-03  2.2e-01
 228  T 0   1.587e+08  -5e-05  0.98  1.0e-01  2.5e-05  1.0e-01  3.5e-01  2.1e-01  2.6e-03  2.2e-01
 229  T 0   1.587e+08  -4e-05  0.98  1.0e-01  2.6e-05  1.0e-01  3.1e-01  2.2e-01  2.6e-03  2.2e-01
 230  T 0   1.587e+08  -8e-06  0.98  1.0e-01  2.5e-05  1.0e-01  3.1e-01  2.1e-01  2.2e-03  2.1e-01
 231  T 0   1.587e+08  -3e-05  0.98  1.0e-01  2.3e-05  1.0e-01  2.8e-01  2.2e-01  2.7e-03  2.2e-01
 232  T 0   1.586e+08  -3e-05  0.98  1.0e-01  2.1e-05  1.0e-01  2.9e-01  2.2e-01  2.6e-03  2.3e-01
 233  T 0   1.586e+08  -1e-05  0.98  1.0e-01  1.9e-05  1.0e-01  2.9e-01  2.1e-01  2.4e-03  2.1e-01
 234  T 0   1.586e+08  -3e-05  0.98  1.0e-01  1.6e-05  1.0e-01  2.9e-01  2.1e-01  2.6e-03  2.1e-01
 235  T 0   1.586e+08  -3e-05  0.98  1.0e-01  1.4e-05  1.0e-01  3.0e-01  2.0e-01  2.6e-03  2.1e-01
 236  T 0   1.586e+08  -1e-05  0.98  1.0e-01  1.3e-05  1.0e-01  3.1e-01  2.0e-01  2.2e-03  2.1e-01
 237  T 0   1.586e+08  -3e-05  0.98  1.0e-01  1.2e-05  1.0e-01  3.3e-01  2.4e-01  2.7e-03  2.4e-01
 238  T 0   1.586e+08  -3e-05  0.98  1.0e-01  1.2e-05  1.0e-01  3.4e-01  2.7e-01  1.9e-03  2.8e-01
 239  T 0   1.586e+08  -3e-05  0.98  1.0e-01  1.1e-05  1.0e-01  3.4e-01  2.8e-01  2.5e-03  2.8e-01
 240  T 0   1.586e+08  -3e-05  0.98  1.0e-01  1.0e-05  1.0e-01  3.3e-01  3.3e-01  2.6e-03  3.4e-01
 241  T 0   1.586e+08  -3e-05  0.98  1.0e-01  2.1e-05  1.0e-01  3.3e-01  4.0e-01  3.6e-03  4.1e-01
 242  F 0   1.586e+08  -1e-04  0.98  1.0e-01  4.2e-05  1.0e-01  4.5e-01  3.1e-01  2.8e-03  3.1e-01
 243  F 0   1.587e+08  -5e-04  0.98  1.0e-01  8.7e-05  1.0e-01  6.7e-01  2.1e-01  2.5e-03  2.1e-01
 244  F 0   1.587e+08  -8e-04  0.98  1.0e-01  7.4e-05  1.0e-01  7.8e-01  2.0e-01  3.4e-03  2.1e-01
 245  F 0   1.586e+08  -5e-04  0.98  1.0e-01  5.6e-05  1.0e-01  6.3e-01  2.3e-01  2.6e-03  2.3e-01
 246  T 0   1.586e+08  -2e-04  0.98  1.0e-01  2.1e-05  1.0e-01  4.5e-01  2.1e-01  2.5e-03  2.2e-01
 247  T 0   1.585e+08  -2e-05  0.98  1.0e-01  1.5e-05  1.0e-01  1.9e-01  2.2e-01  2.6e-03  2.2e-01
 248  T 0   1.585e+08  -2e-05  0.98  1.0e-01  1.4e-05  1.0e-01  2.0e-01  2.4e-01  2.6e-03  2.4e-01
 249  T 0   1.585e+08  -1e-05  0.98  1.0e-01  1.4e-05  1.0e-01  2.1e-01  2.1e-01  2.6e-03  2.1e-01
 250  T 0   1.585e+08  -2e-05  0.98  1.0e-01  1.5e-05  1.0e-01  2.2e-01  2.0e-01  2.6e-03  2.0e-01
 251  T 0   1.585e+08  -1e-05  0.98  1.0e-01  1.5e-05  1.0e-01  2.2e-01  2.0e-01  2.5e-03  2.1e-01
 252  T 0   1.585e+08  -1e-05  0.98  1.0e-01  1.7e-05  6.5e-02  2.2e-01  2.6e-01  2.7e-03  2.6e-01
 253  T 0   1.585e+08  -2e-05  0.98  1.0e-01  1.8e-05  7.2e-02  2.3e-01  2.2e-01  2.1e-03  2.2e-01
 254  T 0   1.585e+08  -2e-05  0.98  1.0e-01  1.9e-05  7.5e-02  2.4e-01  2.1e-01  2.6e-03  2.1e-01
 255  T 0   1.585e+08  -2e-05  0.98  1.0e-01  2.0e-05  8.7e-02  2.9e-01  2.3e-01  2.7e-03  2.4e-01
 256  T 0   1.585e+08  -2e-05  0.98  1.0e-01  2.1e-05  1.0e-01  3.3e-01  2.1e-01  2.6e-03  2.1e-01
 257  T 0   1.585e+08  -3e-05  0.98  1.0e-01  2.2e-05  1.0e-01  3.9e-01  2.7e-01  2.7e-03  2.7e-01
 258  T 0   1.585e+08  -5e-05  0.98  1.0e-01  2.3e-05  1.0e-01  3.7e-01  2.0e-01  2.2e-03  2.1e-01
 259  T 0   1.585e+08  -3e-05  0.98  1.0e-01  2.3e-05  1.0e-01  3.6e-01  2.1e-01  2.6e-03  2.1e-01
 260  T 0   1.585e+08  -3e-05  0.98  1.0e-01  2.5e-05  1.0e-01  3.5e-01  2.0e-01  2.7e-03  2.1e-01
 261  T 0   1.584e+08  -4e-05  0.98  1.0e-01  2.1e-05  1.0e-01  4.0e-01  2.0e-01  2.7e-03  2.1e-01
 262  F 0   1.585e+08  -1e-04  0.98  1.0e-01  4.2e-05  1.0e-01  4.7e-01  2.0e-01  2.6e-03  2.1e-01
 263  F 0   1.585e+08  -4e-04  0.98  1.0e-01  7.7e-05  1.0e-01  7.0e-01  2.3e-01  2.8e-03  2.4e-01
 264  F 0   1.585e+08  -7e-04  0.98  1.0e-01  7.8e-05  1.0e-01  7.9e-01  2.1e-01  3.3e-03  2.1e-01
 265  F 0   1.585e+08  -6e-04  0.98  1.0e-01  5.8e-05  1.0e-01  6.7e-01  2.0e-01  3.0e-03  2.1e-01
 266  T 0   1.584e+08  -3e-04  0.98  1.0e-01  3.8e-05  1.0e-01  5.0e-01  2.2e-01  2.7e-03  2.2e-01
 267  T 0   1.584e+08  -7e-05  0.98  1.0e-01  2.0e-05  1.0e-01  3.3e-01  2.4e-01  2.9e-03  2.4e-01
 268  T 0   1.584e+08  -4e-05  0.98  1.0e-01  1.8e-05  1.0e-01  2.7e-01  2.2e-01  2.9e-03  2.2e-01
 269  T 0   1.584e+08  -3e-05  0.98  1.0e-01  1.6e-05  1.0e-01  2.8e-01  2.0e-01  2.5e-03  2.1e-01
 270  T 0   1.584e+08  -3e-05  0.98  1.0e-01  1.4e-05  1.0e-01  2.9e-01  2.1e-01  2.6e-03  2.2e-01
 271  T 0   1.583e+08   4e-06  0.98  1.0e-01  1.1e-05  1.0e-01  2.7e-01  2.4e-01  2.3e-03  2.5e-01
 272  T 0   1.583e+08  -3e-05  0.98  1.0e-01  1.2e-05  1.0e-01  2.8e-01  2.0e-01  2.4e-03  2.1e-01
 273  T 0   1.583e+08  -5e-06  0.98  1.0e-01  1.2e-05  9.8e-02  3.0e-01  2.2e-01  2.2e-03  2.2e-01
 274  T 0   1.583e+08  -3e-05  0.98  1.0e-01  1.2e-05  1.0e-01  3.3e-01  2.2e-01  2.7e-03  2.2e-01
 275  T 0   1.583e+08  -1e-05  0.98  1.0e-01  1.3e-05  1.0e-01  3.4e-01  2.1e-01  2.2e-03  2.2e-01
 276  T 0   1.583e+08  -3e-05  0.98  1.0e-01  1.4e-05  1.0e-01  3.6e-01  2.2e-01  2.2e-03  2.2e-01
 277  T 0   1.583e+08  -1e-05  0.98  1.0e-01  1.4e-05  1.0e-01  3.5e-01  4.1e-01  2.3e-03  4.1e-01
 278  T 0   1.583e+08  -3e-05  0.98  1.0e-01  9.7e-06  1.0e-01  3.4e-01  2.2e-01  2.4e-03  2.2e-01
 279  T 0   1.583e+08  -1e-05  0.98  1.0e-01  9.9e-06  1.0e-01  3.3e-01  2.0e-01  2.2e-03  2.1e-01
 280  T 0   1.583e+08  -2e-05  0.98  1.0e-01  1.2e-05  1.0e-01  3.0e-01  2.0e-01  2.6e-03  2.1e-01
 281  F 0   1.583e+08  -6e-05  0.98  1.0e-01  3.6e-05  1.0e-01  4.0e-01  2.0e-01  2.2e-03  2.0e-01
 282  F 0   1.584e+08  -2e-04  0.98  1.0e-01  7.5e-05  1.0e-01  6.2e-01  2.0e-01  3.3e-03  2.1e-01
 283  F 0   1.584e+08  -7e-04  0.98  1.0e-01  7.9e-05  1.0e-01  7.7e-01  2.3e-01  3.3e-03  2.4e-01
 284  F 0   1.584e+08  -7e-04  0.98  1.0e-01  8.6e-05  1.0e-01  7.4e-01  2.1e-01  3.3e-03  2.1e-01
 285  F 0   1.583e+08  -5e-04  0.98  1.0e-01  5.0e-05  1.0e-01  6.4e-01  2.1e-01  2.7e-03  2.1e-01
 286  T 0   1.583e+08  -1e-04  0.98  1.0e-01  2.2e-05  1.0e-01  4.1e-01  2.0e-01  2.2e-03  2.1e-01
 287  T 0   1.583e+08  -3e-05  0.98  1.0e-01  1.4e-05  1.0e-01  2.9e-01  2.1e-01  2.6e-03  2.1e-01
 288  T 0   1.583e+08  -2e-05  0.98  1.0e-01  1.4e-05  7.2e-02  2.1e-01  2.4e-01  3.3e-03  2.5e-01
 289  T 0   1.583e+08  -2e-05  0.98  1.0e-01  1.4e-05  7.7e-02  2.0e-01  2.0e-01  3.3e-03  2.0e-01
 290  T 0   1.582e+08  -2e-05  0.98  1.0e-01  1.5e-05  8.5e-02  2.2e-01  2.1e-01  2.6e-03  2.1e-01
 291  T 0   1.582e+08  -2e-05  0.98  1.0e-01  1.5e-05  9.5e-02  2.5e-01  2.0e-01  2.6e-03  2.0e-01
 292  T 0   1.582e+08  -9e-06  0.98  1.0e-01  1.6e-05  1.0e-01  2.9e-01  2.1e-01  2.2e-03  2.1e-01
 293  T 0   1.582e+08  -3e-05  0.98  1.0e-01  1.6e-05  1.0e-01  3.4e-01  2.3e-01  2.6e-03  2.4e-01
 294  T 0   1.582e+08  -3e-05  0.98  1.0e-01  1.7e-05  1.0e-01  3.8e-01  2.2e-01  2.6e-03  2.2e-01
 295  T 0   1.582e+08  -4e-05  0.98  1.0e-01  1.8e-05  1.0e-01  4.0e-01  2.0e-01  2.6e-03  2.1e-01
 296  T 0   1.582e+08  -4e-05  0.98  1.0e-01  1.9e-05  1.0e-01  4.3e-01  2.9e-01  2.5e-03  2.9e-01
 297  T 0   1.582e+08  -4e-05  0.98  1.0e-01  2.0e-05  1.0e-01  4.2e-01  2.3e-01  2.9e-03  2.3e-01
 298  T 0   1.581e+08  -3e-05  0.98  1.0e-01  2.2e-05  1.0e-01  3.8e-01  2.1e-01  3.2e-03  2.2e-01
 299  T 0   1.581e+08  -5e-05  0.98  1.0e-01  2.7e-05  1.0e-01  3.6e-01  2.4e-01  2.3e-03  2.4e-01
 300  T 0   1.581e+08  -6e-05  0.98  1.0e-01  2.5e-05  1.0e-01  3.8e-01  2.6e-01  2.6e-03  2.6e-01
 301  F 0   1.581e+08  -1e-04  0.98  1.0e-01  3.8e-05  1.0e-01  4.6e-01  2.8e-01  3.0e-03  2.8e-01
 302  F 0   1.581e+08  -2e-04  0.98  1.0e-01  3.7e-05  1.0e-01  4.9e-01  2.1e-01  2.3e-03  2.1e-01
 303  T 0   1.581e+08  -1e-04  0.98  1.0e-01  3.2e-05  1.0e-01  3.8e-01  2.1e-01  2.6e-03  2.1e-01
 304  T 0   1.581e+08  -2e-05  0.98  1.0e-01  2.6e-05  1.0e-01  1.9e-01  2.1e-01  2.5e-03  2.1e-01
 305  T 0   1.581e+08  -1e-05  0.98  1.0e-01  2.6e-05  1.0e-01  1.6e-01  2.1e-01  2.7e-03  2.1e-01
 306  T 0   1.581e+08  -8e-06  0.98  1.0e-01  2.5e-05  1.0e-01  1.7e-01  2.1e-01  2.7e-03  2.2e-01
 307  T 0   1.581e+08   2e-05  0.98  1.0e-01  2.5e-05  8.9e-02  1.8e-01  2.1e-01  2.2e-03  2.2e-01
 308  T 0   1.581e+08  -1e-05  0.98  1.0e-01  2.4e-05  8.8e-02  1.9e-01  2.1e-01  2.6e-03  2.1e-01
 309  T 0   1.581e+08   2e-05  0.98  1.0e-01  2.4e-05  8.8e-02  1.9e-01  2.1e-01  2.3e-03  2.1e-01
 310  T 0   1.581e+08  -1e-05  0.98  1.0e-01  2.3e-05  9.3e-02  2.0e-01  2.2e-01  2.7e-03  2.2e-01
 311  T 0   1.581e+08   1e-05  0.98  1.0e-01  2.3e-05  8.0e-02  2.0e-01  2.2e-01  2.3e-03  2.2e-01
 312  T 0   1.581e+08  -2e-05  0.98  1.0e-01  2.2e-05  8.5e-02  2.0e-01  2.2e-01  2.6e-03  2.2e-01
 313  T 0   1.581e+08  -2e-05  0.98  1.0e-01  2.1e-05  1.0e-01  2.2e-01  2.0e-01  2.6e-03  2.0e-01
 314  T 0   1.581e+08  -2e-05  0.98  1.0e-01  2.2e-05  1.0e-01  2.3e-01  2.0e-01  2.6e-03  2.0e-01
 315  T 0   1.581e+08  -7e-06  0.98  1.0e-01  2.1e-05  1.0e-01  2.4e-01  2.0e-01  2.2e-03  2.1e-01
 316  T 0   1.580e+08  -1e-05  0.98  1.0e-01  2.2e-05  1.0e-01  2.6e-01  2.0e-01  2.3e-03  2.0e-01
 317  T 0   1.580e+08  -2e-05  0.98  1.0e-01  1.4e-05  7.5e-02  2.6e-01  2.0e-01  2.5e-03  2.0e-01
 318  T 0   1.580e+08  -3e-05  0.98  1.0e-01  1.4e-05  7.1e-02  2.9e-01  2.0e-01  2.6e-03  2.1e-01
 319  F 0   1.581e+08  -7e-05  0.98  1.0e-01  4.1e-05  1.0e-01  4.6e-01  2.0e-01  2.5e-03  2.1e-01
 320  F 0   1.581e+08  -3e-04  0.98  1.0e-01  7.4e-05  1.0e-01  6.7e-01  2.2e-01  3.0e-03  2.3e-01
 321  F 0   1.581e+08  -6e-04  0.98  1.0e-01  6.7e-05  1.0e-01  7.5e-01  2.1e-01  2.9e-03  2.2e-01
 322  F 0   1.581e+08  -5e-04  0.98  1.0e-01  5.2e-05  1.0e-01  6.7e-01  2.0e-01  5.0e-03  2.1e-01
 323  F 0   1.580e+08  -2e-04  0.98  1.0e-01  3.3e-05  1.0e-01  4.9e-01  2.1e-01  2.5e-03  2.1e-01
 324  T 0   1.580e+08  -5e-05  0.98  1.0e-01  1.6e-05  1.0e-01  2.8e-01  2.2e-01  2.6e-03  2.2e-01
 325  T 0   1.580e+08  -8e-06  0.98  1.0e-01  1.4e-05  8.2e-02  1.7e-01  2.1e-01  2.7e-03  2.1e-01
 326  T 0   1.580e+08  -1e-05  0.98  1.0e-01  1.4e-05  8.2e-02  1.7e-01  2.3e-01  2.6e-03  2.3e-01
 327  T 0   1.580e+08  -2e-05  0.98  1.0e-01  1.4e-05  7.2e-02  1.8e-01  2.2e-01  2.5e-03  2.2e-01
 328  T 0   1.580e+08  -1e-05  0.98  1.0e-01  1.4e-05  7.2e-02  1.9e-01  2.1e-01  2.5e-03  2.2e-01
 329  T 0   1.580e+08  -2e-05  0.98  1.0e-01  1.4e-05  7.6e-02  2.0e-01  2.1e-01  2.6e-03  2.2e-01
 330  T 0   1.580e+08   5e-06  0.98  1.0e-01  1.5e-05  5.9e-02  2.1e-01  2.1e-01  2.2e-03  2.2e-01
 331  T 0   1.580e+08  -2e-05  0.98  1.0e-01  1.5e-05  7.4e-02  2.4e-01  2.1e-01  2.6e-03  2.2e-01
 332  T 0   1.580e+08  -3e-05  0.98  1.0e-01  1.6e-05  9.0e-02  2.9e-01  2.0e-01  2.6e-03  2.1e-01
 333  T 0   1.580e+08  -3e-05  0.98  1.0e-01  1.6e-05  1.0e-01  3.2e-01  2.2e-01  2.7e-03  2.2e-01
 334  T 0   1.579e+08  -3e-05  0.98  1.0e-01  1.6e-05  1.0e-01  3.4e-01  2.1e-01  2.7e-03  2.1e-01
 335  T 0   1.579e+08  -5e-05  0.98  1.0e-01  1.7e-05  1.0e-01  3.4e-01  2.0e-01  2.3e-03  2.1e-01
 336  T 0   1.579e+08  -1e-05  0.98  1.0e-01  1.8e-05  1.0e-01  3.8e-01  2.1e-01  2.2e-03  2.1e-01
 337  T 0   1.579e+08  -7e-05  0.98  1.0e-01  2.3e-05  1.0e-01  3.8e-01  2.0e-01  2.3e-03  2.0e-01
 338  F 0   1.579e+08  -1e-04  0.98  1.0e-01  4.6e-05  1.0e-01  5.1e-01  2.2e-01  2.6e-03  2.2e-01
 339  F 0   1.579e+08  -3e-04  0.98  1.0e-01  6.3e-05  1.0e-01  5.6e-01  2.3e-01  2.7e-03  2.3e-01
 340  T 0   1.579e+08  -3e-04  0.98  1.0e-01  4.3e-05  1.0e-01  5.6e-01  2.1e-01  3.0e-03  2.1e-01
 341  T 0   1.579e+08  -1e-04  0.98  1.0e-01  1.9e-05  1.0e-01  3.8e-01  2.0e-01  3.0e-03  2.0e-01
 342  T 0   1.579e+08  -4e-05  0.98  1.0e-01  2.2e-05  1.0e-01  3.0e-01  2.4e-01  3.0e-03  2.4e-01
 343  T 0   1.579e+08  -2e-05  0.98  1.0e-01  1.9e-05  1.0e-01  2.7e-01  2.0e-01  2.8e-03  2.1e-01
 344  T 0   1.579e+08  -5e-05  0.98  1.0e-01  2.0e-05  1.0e-01  2.8e-01  2.0e-01  2.3e-03  2.1e-01
 345  T 0   1.579e+08   2e-06  0.98  1.0e-01  1.9e-05  1.0e-01  2.5e-01  2.5e-01  2.2e-03  2.6e-01
 346  T 0   1.578e+08   8e-07  0.98  1.0e-01  1.8e-05  1.0e-01  2.6e-01  2.0e-01  2.2e-03  2.0e-01
 347  T 0   1.578e+08  -2e-05  0.98  1.0e-01  1.8e-05  1.0e-01  2.6e-01  2.1e-01  2.6e-03  2.2e-01
 348  T 0   1.578e+08  -2e-05  0.98  1.0e-01  1.5e-05  1.0e-01  2.5e-01  2.0e-01  2.3e-03  2.1e-01
 349  T 0   1.578e+08  -1e-05  0.98  1.0e-01  1.5e-05  7.8e-02  2.2e-01  2.1e-01  2.6e-03  2.1e-01
 350  T 0   1.578e+08   1e-06  0.98  1.0e-01  1.6e-05  7.6e-02  2.0e-01  2.0e-01  2.2e-03  2.1e-01
 351  T 0   1.578e+08  -1e-05  0.98  1.0e-01  1.6e-05  7.4e-02  2.1e-01  2.0e-01  2.7e-03  2.1e-01
 352  T 0   1.578e+08   7e-07  0.98  1.0e-01  1.7e-05  6.4e-02  2.0e-01  2.1e-01  2.3e-03  2.1e-01
 353  T 0   1.578e+08  -1e-05  0.98  1.0e-01  1.7e-05  7.1e-02  2.2e-01  2.0e-01  2.6e-03  2.0e-01
 354  T 0   1.578e+08  -3e-05  0.98  1.0e-01  1.8e-05  6.9e-02  2.2e-01  2.0e-01  2.3e-03  2.0e-01
 355  T 0   1.578e+08  -2e-05  0.98  1.0e-01  1.7e-05  8.0e-02  2.5e-01  2.1e-01  2.6e-03  2.1e-01
 356  T 0   1.578e+08  -3e-05  0.98  1.0e-01  2.1e-05  8.1e-02  2.8e-01  2.2e-01  2.6e-03  2.2e-01
 357  T 0   1.578e+08  -5e-05  0.98  1.0e-01  1.9e-05  1.0e-01  3.6e-01  2.1e-01  2.6e-03  2.1e-01
 358  T 0   1.578e+08  -5e-05  0.98  1.0e-01  2.2e-05  1.0e-01  3.5e-01  2.1e-01  3.0e-03  2.1e-01
 359  T 0   1.578e+08  -2e-05  0.98  1.0e-01  1.9e-05  9.6e-02  2.3e-01  2.1e-01  2.5e-03  2.1e-01
 360  T 0   1.578e+08  -5e-06  0.98  1.0e-01  2.0e-05  1.0e-01  2.4e-01  2.1e-01  2.7e-03  2.1e-01
 361  T 0   1.578e+08  -1e-05  0.98  1.0e-01  1.9e-05  8.0e-02  2.1e-01  2.1e-01  2.5e-03  2.2e-01
 362  T 0   1.578e+08  -1e-05  0.98  1.0e-01  2.0e-05  8.6e-02  2.3e-01  2.0e-01  2.9e-03  2.0e-01
 363  T 0   1.578e+08  -2e-05  0.98  1.0e-01  2.1e-05  9.2e-02  2.4e-01  2.0e-01  2.6e-03  2.1e-01
 364  T 0   1.578e+08  -2e-05  0.98  1.0e-01  2.2e-05  1.0e-01  2.8e-01  2.1e-01  1.9e-03  2.1e-01
 365  T 0   1.578e+08  -2e-05  0.98  1.0e-01  2.2e-05  1.0e-01  3.2e-01  2.0e-01  2.2e-03  2.1e-01
 366  T 0   1.577e+08  -3e-05  0.98  1.0e-01  2.3e-05  1.0e-01  3.5e-01  2.1e-01  1.9e-03  2.2e-01
 367  T 0   1.577e+08  -6e-05  0.98  1.0e-01  2.4e-05  1.0e-01  3.7e-01  2.0e-01  2.3e-03  2.1e-01
 368  T 0   1.577e+08  -3e-05  0.98  1.0e-01  2.3e-05  1.0e-01  3.5e-01  2.0e-01  2.6e-03  2.1e-01
 369  T 0   1.577e+08  -3e-05  0.98  1.0e-01  2.2e-05  1.0e-01  3.5e-01  2.0e-01  2.8e-03  2.0e-01
 370  T 0   1.577e+08  -3e-05  0.98  1.0e-01  1.8e-05  1.0e-01  3.5e-01  2.0e-01  2.6e-03  2.0e-01
 371  T 0   1.577e+08  -4e-05  0.98  1.0e-01  1.9e-05  1.0e-01  3.5e-01  2.0e-01  2.2e-03  2.1e-01
 372  T 0   1.577e+08  -2e-05  0.98  1.0e-01  2.0e-05  1.0e-01  3.3e-01  2.0e-01  2.6e-03  2.0e-01
 373  T 0   1.577e+08  -3e-05  0.98  1.0e-01  2.1e-05  1.0e-01  3.2e-01  2.0e-01  1.9e-03  2.0e-01
 374  T 0   1.577e+08  -4e-06  0.98  1.0e-01  1.7e-05  1.0e-01  3.3e-01  2.0e-01  2.2e-03  2.0e-01
 375  F 0   1.577e+08  -4e-05  0.98  1.0e-01  2.3e-05  1.0e-01  3.7e-01  2.0e-01  2.7e-03  2.1e-01
 376  F 0   1.577e+08  -1e-04  0.98  1.0e-01  4.3e-05  1.0e-01  4.9e-01  2.0e-01  2.7e-03  2.1e-01
 377  F 0   1.577e+08  -3e-04  0.98  1.0e-01  5.9e-05  1.0e-01  5.9e-01  3.3e-01  3.0e-03  3.3e-01
 378  F 0   1.577e+08  -3e-04  0.98  1.0e-01  3.9e-05  1.0e-01  5.0e-01  2.5e-01  2.6e-03  2.5e-01
 379  T 0   1.576e+08  -9e-05  0.98  1.0e-01  1.8e-05  1.0e-01  3.7e-01  2.1e-01  2.9e-03  2.1e-01
 380  T 0   1.576e+08  -2e-05  0.98  1.0e-01  1.1e-05  1.0e-01  2.0e-01  2.0e-01  2.6e-03  2.0e-01
 381  T 0   1.576e+08  -6e-06  0.98  1.0e-01  1.2e-05  1.0e-01  2.0e-01  2.0e-01  1.9e-03  2.0e-01
 382  T 0   1.576e+08  -1e-05  0.98  1.0e-01  1.3e-05  1.0e-01  2.0e-01  2.1e-01  2.6e-03  2.1e-01
 383  T 0   1.576e+08   2e-05  0.98  1.0e-01  1.4e-05  1.0e-01  2.2e-01  2.1e-01  2.2e-03  2.1e-01
 384  T 0   1.576e+08   1e-05  0.98  1.0e-01  1.6e-05  8.9e-02  2.2e-01  2.1e-01  2.3e-03  2.1e-01
 385  T 0   1.576e+08  -1e-05  0.98  1.0e-01  1.7e-05  7.5e-02  2.1e-01  2.1e-01  2.6e-03  2.1e-01
 386  T 0   1.576e+08  -2e-05  0.98  1.0e-01  1.8e-05  8.0e-02  2.1e-01  2.0e-01  1.9e-03  2.0e-01
 387  T 0   1.576e+08  -2e-06  0.98  1.0e-01  1.9e-05  8.6e-02  2.2e-01  2.1e-01  2.3e-03  2.1e-01
 388  T 0   1.576e+08  -2e-05  0.98  1.0e-01  2.0e-05  8.9e-02  2.5e-01  2.0e-01  2.5e-03  2.0e-01
 389  T 0   1.576e+08  -1e-05  0.98  1.0e-01  2.2e-05  9.9e-02  2.8e-01  2.6e-01  2.2e-03  2.6e-01
 390  T 0   1.576e+08  -2e-05  0.98  1.0e-01  2.3e-05  1.0e-01  2.9e-01  2.7e-01  2.7e-03  2.7e-01
 391  T 0   1.576e+08  -3e-06  0.98  1.0e-01  2.4e-05  1.0e-01  2.9e-01  2.1e-01  2.2e-03  2.1e-01
 392  T 0   1.576e+08  -2e-05  0.98  1.0e-01  2.6e-05  1.0e-01  3.2e-01  2.0e-01  1.9e-03  2.0e-01
 393  T 0   1.575e+08  -1e-05  0.98  1.0e-01  2.6e-05  1.0e-01  3.3e-01  2.1e-01  2.3e-03  2.2e-01
 394  T 0   1.575e+08  -4e-05  0.98  1.0e-01  2.8e-05  1.0e-01  3.6e-01  2.1e-01  2.6e-03  2.2e-01
 395  F 0   1.575e+08  -9e-05  0.98  1.0e-01  3.3e-05  1.0e-01  4.3e-01  2.3e-01  2.6e-03  2.3e-01
 396  F 0   1.576e+08  -2e-04  0.98  1.0e-01  4.8e-05  1.0e-01  5.6e-01  2.1e-01  2.9e-03  2.1e-01
 397  T 0   1.575e+08  -3e-04  0.98  1.0e-01  4.0e-05  1.0e-01  5.0e-01  2.3e-01  2.5e-03  2.4e-01
 398  T 0   1.575e+08  -1e-04  0.98  1.0e-01  2.3e-05  1.0e-01  4.4e-01  2.5e-01  2.3e-03  2.5e-01
 399  T 0   1.575e+08  -3e-05  0.98  1.0e-01  2.1e-05  1.0e-01  3.1e-01  2.2e-01  3.0e-03  2.2e-01
 400  T 0   1.575e+08  -2e-05  0.98  1.0e-01  1.4e-05  1.0e-01  3.1e-01  2.7e-01  2.6e-03  2.7e-01
 401  T 0   1.575e+08  -5e-05  0.98  1.0e-01  1.5e-05  1.0e-01  3.0e-01  2.7e-01  2.2e-03  2.7e-01
 402  T 0   1.575e+08  -2e-05  0.98  1.0e-01  1.6e-05  1.0e-01  3.0e-01  2.0e-01  2.3e-03  2.0e-01
 403  T 0   1.575e+08  -2e-05  0.98  1.0e-01  1.6e-05  1.0e-01  2.8e-01  2.5e-01  2.5e-03  2.5e-01
 404  T 0   1.575e+08  -2e-05  0.98  1.0e-01  1.7e-05  1.0e-01  2.6e-01  2.5e-01  2.5e-03  2.5e-01
 405  T 0   1.575e+08  -2e-05  0.98  1.0e-01  1.7e-05  1.0e-01  2.6e-01  2.3e-01  2.5e-03  2.3e-01
 406  T 0   1.574e+08   7e-06  0.98  1.0e-01  1.8e-05  1.0e-01  2.7e-01  2.1e-01  2.2e-03  2.1e-01
 407  T 0   1.574e+08  -2e-05  0.98  1.0e-01  1.7e-05  1.0e-01  2.9e-01  2.2e-01  2.6e-03  2.2e-01
 408  T 0   1.574e+08  -2e-05  0.98  1.0e-01  1.8e-05  1.0e-01  3.0e-01  2.1e-01  2.7e-03  2.2e-01
 409  T 0   1.574e+08  -2e-05  0.98  1.0e-01  1.6e-05  1.0e-01  3.3e-01  2.0e-01  2.6e-03  2.0e-01
 410  T 0   1.574e+08   4e-06  0.98  1.0e-01  1.6e-05  1.0e-01  3.2e-01  2.0e-01  2.3e-03  2.1e-01
 411  T 0   1.574e+08  -2e-05  0.98  1.0e-01  1.4e-05  1.0e-01  3.3e-01  2.0e-01  2.6e-03  2.0e-01
 412  T 0   1.574e+08  -3e-05  0.98  1.0e-01  1.6e-05  1.0e-01  3.5e-01  2.0e-01  2.5e-03  2.0e-01
 413  T 0   1.574e+08  -2e-05  0.98  1.0e-01  1.6e-05  1.0e-01  2.9e-01  2.1e-01  2.5e-03  2.2e-01
 414  T 0   1.574e+08  -2e-05  0.99  1.0e-01  1.8e-05  1.0e-01  3.0e-01  2.5e-01  2.6e-03  2.6e-01
 415  T 0   1.574e+08  -3e-05  0.99  1.0e-01  1.9e-05  1.0e-01  2.5e-01  2.1e-01  2.2e-03  2.1e-01
 416  T 0   1.574e+08  -1e-05  0.99  1.0e-01  2.0e-05  1.0e-01  2.4e-01  2.1e-01  1.9e-03  2.2e-01
 417  T 0   1.574e+08  -2e-05  0.99  1.0e-01  1.9e-05  9.4e-02  2.2e-01  2.1e-01  2.7e-03  2.2e-01
 418  T 0   1.574e+08   9e-06  0.99  1.0e-01  1.9e-05  9.2e-02  2.4e-01  2.0e-01  2.2e-03  2.0e-01
 419  T 0   1.573e+08  -2e-05  0.99  1.0e-01  1.9e-05  8.1e-02  2.4e-01  2.0e-01  2.6e-03  2.1e-01
 420  T 0   1.573e+08  -2e-05  0.99  1.0e-01  1.9e-05  9.2e-02  2.5e-01  2.0e-01  2.6e-03  2.1e-01
 421  T 0   1.573e+08  -4e-05  0.99  1.0e-01  1.9e-05  1.0e-01  2.7e-01  2.0e-01  2.2e-03  2.1e-01
 422  T 0   1.573e+08  -2e-05  0.99  1.0e-01  2.0e-05  1.0e-01  3.0e-01  2.1e-01  2.6e-03  2.1e-01
 423  T 0   1.573e+08  -2e-05  0.99  1.0e-01  2.0e-05  1.0e-01  3.3e-01  2.1e-01  2.7e-03  2.1e-01
 424  T 0   1.573e+08  -2e-05  0.99  1.0e-01  2.1e-05  1.0e-01  3.4e-01  2.1e-01  2.6e-03  2.1e-01
 425  T 0   1.573e+08  -2e-05  0.99  1.0e-01  2.2e-05  1.0e-01  3.5e-01  2.0e-01  3.0e-03  2.1e-01
 426  T 0   1.573e+08  -2e-05  0.99  1.0e-01  2.2e-05  1.0e-01  3.4e-01  2.0e-01  2.3e-03  2.1e-01
 427  T 0   1.573e+08  -5e-05  0.98  1.0e-01  2.5e-05  1.0e-01  3.9e-01  2.2e-01  2.9e-03  2.3e-01
 428  T 0   1.573e+08  -6e-05  0.98  1.0e-01  2.2e-05  1.0e-01  3.6e-01  2.1e-01  2.9e-03  2.2e-01
 429  T 0   1.573e+08  -5e-05  0.98  1.0e-01  2.4e-05  1.0e-01  3.6e-01  2.1e-01  2.9e-03  2.1e-01
 430  T 0   1.573e+08  -2e-05  0.98  1.0e-01  2.3e-05  1.0e-01  3.1e-01  2.2e-01  3.0e-03  2.2e-01
 431  T 0   1.572e+08  -2e-05  0.98  1.0e-01  1.9e-05  1.0e-01  2.9e-01  2.1e-01  2.6e-03  2.2e-01
 432  T 0   1.572e+08  -1e-05  0.99  1.0e-01  2.0e-05  1.0e-01  2.6e-01  2.1e-01  2.6e-03  2.2e-01
 433  T 0   1.572e+08  -1e-05  0.99  1.0e-01  2.0e-05  1.0e-01  2.8e-01  2.0e-01  2.6e-03  2.0e-01
 434  T 0   1.572e+08   2e-06  0.99  1.0e-01  2.0e-05  1.0e-01  2.8e-01  2.0e-01  2.3e-03  2.0e-01
 435  T 0   1.572e+08  -2e-05  0.99  1.0e-01  2.0e-05  1.0e-01  2.9e-01  2.0e-01  2.6e-03  2.0e-01
 436  T 0   1.572e+08   6e-07  0.99  1.0e-01  1.9e-05  1.0e-01  3.0e-01  2.0e-01  2.2e-03  2.0e-01
 437  T 0   1.572e+08  -2e-05  0.99  1.0e-01  1.8e-05  1.0e-01  2.9e-01  2.0e-01  2.6e-03  2.1e-01
 438  T 0   1.572e+08  -1e-05  0.99  1.0e-01  1.6e-05  1.0e-01  2.8e-01  2.0e-01  2.2e-03  2.0e-01
 439  T 0   1.572e+08  -2e-05  0.99  1.0e-01  1.4e-05  1.0e-01  2.6e-01  2.1e-01  2.6e-03  2.1e-01
 440  T 0   1.572e+08  -1e-05  0.99  1.0e-01  1.3e-05  1.0e-01  2.7e-01  2.1e-01  2.6e-03  2.1e-01
 441  T 0   1.572e+08  -8e-06  0.99  1.0e-01  1.1e-05  1.0e-01  2.8e-01  2.1e-01  1.9e-03  2.1e-01
 442  T 0   1.572e+08  -2e-05  0.99  1.0e-01  1.1e-05  1.0e-01  2.9e-01  2.1e-01  2.5e-03  2.1e-01
 443  T 0   1.572e+08  -3e-05  0.99  1.0e-01  1.1e-05  1.0e-01  2.8e-01  2.1e-01  2.2e-03  2.1e-01
 444  T 0   1.572e+08  -2e-05  0.99  1.0e-01  1.1e-05  1.0e-01  2.7e-01  2.0e-01  2.6e-03  2.1e-01
 445  T 0   1.572e+08  -2e-05  0.99  1.0e-01  1.9e-05  1.0e-01  3.1e-01  2.4e-01  2.6e-03  2.4e-01
 446  F 0   1.572e+08  -4e-05  0.99  1.0e-01  2.0e-05  1.0e-01  3.6e-01  2.1e-01  2.6e-03  2.1e-01
 447  T 0   1.572e+08  -7e-05  0.98  1.0e-01  1.9e-05  1.0e-01  3.9e-01  2.1e-01  3.0e-03  2.1e-01
 448  T 0   1.572e+08  -6e-05  0.98  1.0e-01  2.3e-05  1.0e-01  3.5e-01  2.1e-01  3.3e-03  2.2e-01
 449  T 0   1.571e+08  -3e-05  0.99  1.0e-01  1.1e-05  1.0e-01  2.9e-01  2.1e-01  3.0e-03  2.1e-01
 450  T 0   1.571e+08  -2e-05  0.99  1.0e-01  1.1e-05  1.0e-01  2.4e-01  2.1e-01  2.5e-03  2.1e-01
 451  T 0   1.571e+08  -4e-05  0.98  1.0e-01  1.1e-05  9.4e-02  2.6e-01  2.1e-01  2.2e-03  2.2e-01
 452  T 0   1.571e+08  -2e-05  0.98  1.0e-01  1.1e-05  1.0e-01  2.7e-01  2.0e-01  2.6e-03  2.1e-01
 453  T 0   1.571e+08  -1e-05  0.98  1.0e-01  1.3e-05  1.0e-01  3.0e-01  2.1e-01  1.8e-03  2.1e-01
 454  T 0   1.571e+08   5e-07  0.98  1.0e-01  1.2e-05  1.0e-01  3.1e-01  2.2e-01  2.2e-03  2.3e-01
 455  T 0   1.571e+08  -2e-05  0.99  1.0e-01  1.2e-05  1.0e-01  3.3e-01  2.0e-01  1.9e-03  2.0e-01
 456  T 0   1.571e+08  -1e-05  0.99  1.0e-01  1.2e-05  1.0e-01  3.3e-01  2.0e-01  2.3e-03  2.0e-01
 457  T 0   1.571e+08  -1e-05  0.99  1.0e-01  1.2e-05  1.0e-01  3.1e-01  2.0e-01  2.6e-03  2.0e-01
 458  T 0   1.571e+08  -1e-05  0.99  1.0e-01  1.1e-05  1.0e-01  2.8e-01  2.1e-01  2.5e-03  2.1e-01
 459  T 0   1.571e+08  -1e-05  0.99  1.0e-01  1.2e-05  1.0e-01  2.7e-01  2.0e-01  1.8e-03  2.0e-01
 460  T 0   1.571e+08  -1e-05  0.99  1.0e-01  1.3e-05  1.0e-01  2.6e-01  2.5e-01  2.6e-03  2.5e-01
 461  T 0   1.571e+08   7e-07  0.99  1.0e-01  1.3e-05  1.0e-01  2.3e-01  2.3e-01  2.0e-03  2.4e-01
 462  T 0   1.571e+08  -8e-06  0.99  1.0e-01  1.4e-05  1.0e-01  2.3e-01  2.1e-01  2.5e-03  2.2e-01
 463  T 0   1.571e+08  -1e-05  0.99  1.0e-01  1.5e-05  1.0e-01  2.7e-01  2.1e-01  2.5e-03  2.1e-01
 464  T 0   1.570e+08  -6e-06  0.99  1.0e-01  1.6e-05  1.0e-01  3.0e-01  2.1e-01  2.6e-03  2.1e-01
 465  F 0   1.570e+08  -2e-05  0.98  1.0e-01  1.7e-05  1.0e-01  3.5e-01  2.0e-01  3.0e-03  2.0e-01
 466  T 0   1.570e+08  -4e-05  0.98  1.0e-01  1.8e-05  1.0e-01  3.8e-01  2.1e-01  3.3e-03  2.2e-01
 467  T 0   1.570e+08  -4e-05  0.98  1.0e-01  1.5e-05  1.0e-01  3.2e-01  2.0e-01  3.3e-03  2.1e-01
 468  T 0   1.570e+08  -2e-05  0.99  1.0e-01  1.6e-05  1.0e-01  2.6e-01  2.1e-01  2.9e-03  2.1e-01
 469  T 0   1.570e+08  -1e-05  0.99  1.0e-01  1.5e-05  1.0e-01  2.2e-01  2.2e-01  2.9e-03  2.2e-01
 470  T 0   1.570e+08  -4e-05  0.99  1.0e-01  1.5e-05  7.8e-02  2.1e-01  2.2e-01  2.3e-03  2.2e-01
 471  T 0   1.570e+08  -1e-05  0.99  1.0e-01  1.5e-05  9.6e-02  2.2e-01  2.1e-01  2.6e-03  2.2e-01
 472  T 0   1.570e+08   1e-06  0.99  1.0e-01  1.5e-05  1.0e-01  2.3e-01  2.0e-01  2.3e-03  2.1e-01
 473  T 0   1.570e+08  -1e-05  0.99  1.0e-01  1.4e-05  1.0e-01  2.3e-01  2.0e-01  2.6e-03  2.1e-01
 474  T 0   1.570e+08   1e-05  0.98  1.0e-01  1.3e-05  1.0e-01  2.4e-01  2.0e-01  2.2e-03  2.1e-01
 475  T 0   1.570e+08  -1e-05  0.98  1.0e-01  1.2e-05  1.0e-01  2.5e-01  2.0e-01  2.5e-03  2.0e-01
 476  T 0   1.570e+08  -2e-05  0.99  1.0e-01  1.2e-05  1.0e-01  2.8e-01  2.0e-01  1.9e-03  2.1e-01
 477  T 0   1.570e+08   1e-05  0.99  1.0e-01  1.1e-05  1.0e-01  3.0e-01  2.0e-01  2.3e-03  2.1e-01
 478  T 0   1.570e+08  -8e-06  0.99  1.0e-01  1.0e-05  1.0e-01  3.2e-01  2.0e-01  2.2e-03  2.0e-01
 479  T 0   1.570e+08  -3e-05  0.99  1.0e-01  9.9e-06  1.0e-01  3.4e-01  2.0e-01  2.2e-03  2.0e-01
 480  T 0   1.570e+08  -2e-05  0.99  1.0e-01  9.6e-06  1.0e-01  3.4e-01  2.0e-01  2.5e-03  2.0e-01
 481  T 0   1.570e+08  -2e-07  0.99  1.0e-01  1.1e-05  1.0e-01  3.3e-01  2.0e-01  2.2e-03  2.1e-01
 482  T 0   1.570e+08  -4e-05  0.99  1.0e-01  1.3e-05  1.0e-01  3.4e-01  2.1e-01  2.3e-03  2.1e-01
 483  T 0   1.569e+08  -2e-05  0.99  1.0e-01  1.4e-05  1.0e-01  3.5e-01  2.1e-01  2.6e-03  2.1e-01
 484  T 0   1.569e+08  -2e-05  0.99  1.0e-01  1.7e-05  1.0e-01  3.6e-01  2.0e-01  2.5e-03  2.0e-01
 485  T 0   1.569e+08  -2e-05  0.99  1.0e-01  1.5e-05  1.0e-01  3.1e-01  2.0e-01  2.6e-03  2.0e-01
 486  T 0   1.569e+08  -4e-06  0.99  1.0e-01  1.6e-05  1.0e-01  2.7e-01  2.0e-01  2.7e-03  2.1e-01
 487  T 0   1.569e+08  -2e-05  0.99  1.0e-01  9.6e-06  1.0e-01  2.3e-01  2.0e-01  2.2e-03  2.0e-01
 488  T 0   1.569e+08  -1e-05  0.99  1.0e-01  9.1e-06  1.0e-01  2.1e-01  2.0e-01  2.6e-03  2.0e-01
 489  T 0   1.569e+08  -1e-05  0.99  1.0e-01  9.2e-06  1.0e-01  2.2e-01  2.0e-01  2.6e-03  2.0e-01
 490  T 0   1.569e+08  -1e-05  0.99  1.0e-01  9.5e-06  1.0e-01  2.2e-01  2.1e-01  2.6e-03  2.1e-01
 491  T 0   1.569e+08  -1e-05  0.99  1.0e-01  9.5e-06  1.0e-01  2.2e-01  2.2e-01  2.7e-03  2.2e-01
 492  T 0   1.569e+08  -3e-06  0.99  1.0e-01  9.4e-06  8.0e-02  2.2e-01  2.2e-01  1.9e-03  2.3e-01
 493  T 0   1.569e+08  -9e-06  0.99  1.0e-01  9.0e-06  8.4e-02  2.3e-01  2.0e-01  1.8e-03  2.0e-01
 494  T 0   1.569e+08   1e-05  0.99  1.0e-01  8.6e-06  9.5e-02  2.5e-01  2.0e-01  2.3e-03  2.1e-01
 495  T 0   1.569e+08  -1e-05  0.98  1.0e-01  8.9e-06  9.4e-02  2.4e-01  2.0e-01  2.7e-03  2.1e-01
 496  T 0   1.569e+08  -1e-05  0.99  1.0e-01  9.2e-06  1.0e-01  2.6e-01  2.1e-01  2.6e-03  2.1e-01
 497  T 0   1.569e+08  -1e-05  0.99  1.0e-01  1.0e-05  1.0e-01  2.6e-01  2.1e-01  2.6e-03  2.1e-01
 498  T 0   1.569e+08  -9e-06  0.99  1.0e-01  1.1e-05  1.0e-01  2.8e-01  2.1e-01  2.7e-03  2.1e-01
 499  T 0   1.569e+08  -1e-05  0.99  1.0e-01  1.1e-05  1.0e-01  2.8e-01  2.4e-01  2.8e-03  2.4e-01
 500  T 0   1.569e+08   1e-05  0.99  1.0e-01  1.1e-05  1.0e-01  2.8e-01  2.0e-01  2.2e-03  2.0e-01
 501  T 0   1.569e+08  -1e-05  0.99  1.0e-01  1.1e-05  1.0e-01  2.9e-01  2.0e-01  1.9e-03  2.0e-01
 502  T 0   1.568e+08  -2e-05  0.99  1.0e-01  1.1e-05  1.0e-01  3.0e-01  2.0e-01  1.8e-03  2.1e-01
 503  T 0   1.568e+08  -6e-06  0.98  1.0e-01  1.0e-05  1.0e-01  3.1e-01  2.2e-01  2.3e-03  2.2e-01
 504  T 0   1.568e+08  -1e-05  0.99  1.0e-01  1.1e-05  1.0e-01  3.0e-01  2.0e-01  2.6e-03  2.1e-01
 505  T 0   1.568e+08  -1e-05  0.99  1.0e-01  1.2e-05  1.0e-01  3.0e-01  2.0e-01  2.7e-03  2.1e-01
 506  T 0   1.568e+08  -7e-06  0.99  1.0e-01  1.3e-05  1.0e-01  2.9e-01  2.0e-01  1.8e-03  2.1e-01
 507  T 0   1.568e+08  -1e-05  0.99  1.0e-01  1.3e-05  1.0e-01  2.9e-01  2.0e-01  2.6e-03  2.1e-01
 508  T 0   1.568e+08  -1e-05  0.99  1.0e-01  1.3e-05  1.0e-01  2.7e-01  2.3e-01  2.6e-03  2.3e-01
 509  T 0   1.568e+08  -3e-05  0.98  1.0e-01  1.4e-05  1.0e-01  2.7e-01  2.0e-01  2.2e-03  2.1e-01
 510  T 0   1.568e+08  -2e-05  0.98  1.0e-01  1.3e-05  1.0e-01  2.8e-01  2.1e-01  2.7e-03  2.1e-01
 511  T 0   1.568e+08  -2e-05  0.98  1.0e-01  1.4e-05  1.0e-01  2.8e-01  2.3e-01  2.7e-03  2.3e-01
 512  T 0   1.568e+08  -2e-05  0.98  1.0e-01  1.3e-05  1.0e-01  2.9e-01  2.0e-01  2.5e-03  2.1e-01
 513  T 0   1.568e+08  -3e-05  0.98  1.0e-01  1.8e-05  1.0e-01  3.8e-01  2.1e-01  2.6e-03  2.1e-01
 514  T 0   1.568e+08  -5e-05  0.98  1.0e-01  1.4e-05  1.0e-01  4.5e-01  2.0e-01  2.6e-03  2.0e-01
 515  T 0   1.568e+08  -5e-05  0.98  1.0e-01  1.4e-05  1.0e-01  4.3e-01  2.0e-01  3.1e-03  2.0e-01
 516  T 0   1.568e+08  -3e-05  0.98  1.0e-01  1.1e-05  1.0e-01  3.6e-01  2.0e-01  3.0e-03  2.0e-01
 517  T 0   1.568e+08  -9e-06  0.98  1.0e-01  1.2e-05  1.0e-01  3.2e-01  2.1e-01  2.5e-03  2.1e-01
 518  T 0   1.567e+08   1e-05  0.98  1.0e-01  1.2e-05  1.0e-01  3.1e-01  2.0e-01  2.3e-03  2.1e-01
 519  T 0   1.567e+08  -1e-05  0.98  1.0e-01  1.1e-05  1.0e-01  2.8e-01  3.0e-01  2.5e-03  3.0e-01
 520  T 0   1.567e+08  -1e-05  0.98  1.0e-01  1.2e-05  1.0e-01  3.1e-01  3.1e-01  2.7e-03  3.2e-01
 521  T 0   1.567e+08  -2e-05  0.98  1.0e-01  1.3e-05  1.0e-01  3.0e-01  2.1e-01  2.6e-03  2.1e-01
 522  T 0   1.567e+08  -1e-05  0.98  1.0e-01  1.3e-05  1.0e-01  2.7e-01  2.2e-01  2.7e-03  2.2e-01
 523  T 0   1.567e+08  -2e-05  0.98  1.0e-01  1.3e-05  1.0e-01  2.4e-01  2.0e-01  2.6e-03  2.1e-01
 524  T 0   1.567e+08  -2e-05  0.98  1.0e-01  1.2e-05  1.0e-01  2.6e-01  2.0e-01  2.6e-03  2.1e-01
 525  T 0   1.567e+08  -2e-05  0.98  1.0e-01  1.2e-05  1.0e-01  2.6e-01  2.0e-01  2.5e-03  2.0e-01
 526  T 0   1.567e+08  -1e-05  0.98  1.0e-01  1.1e-05  1.0e-01  2.7e-01  2.0e-01  1.9e-03  2.1e-01
 527  T 0   1.567e+08  -2e-05  0.98  1.0e-01  1.1e-05  1.0e-01  2.8e-01  2.0e-01  2.6e-03  2.1e-01
 528  T 0   1.567e+08  -2e-05  0.98  1.0e-01  1.2e-05  1.0e-01  3.0e-01  2.2e-01  2.6e-03  2.2e-01
 529  T 0   1.567e+08  -2e-05  0.98  1.0e-01  1.3e-05  1.0e-01  3.2e-01  2.2e-01  2.6e-03  2.2e-01
 530  T 0   1.567e+08   3e-06  0.98  1.0e-01  1.4e-05  1.0e-01  3.3e-01  2.2e-01  2.3e-03  2.2e-01
 531  T 0   1.567e+08  -2e-05  0.98  1.0e-01  1.4e-05  1.0e-01  3.3e-01  2.1e-01  2.7e-03  2.1e-01
 532  T 0   1.567e+08  -2e-05  0.98  1.0e-01  1.5e-05  1.0e-01  3.5e-01  2.0e-01  2.6e-03  2.0e-01
 533  T 0   1.567e+08  -2e-05  0.98  1.0e-01  1.5e-05  1.0e-01  3.3e-01  2.0e-01  2.5e-03  2.0e-01
 534  T 0   1.566e+08  -2e-05  0.98  1.0e-01  1.5e-05  1.0e-01  3.1e-01  2.1e-01  2.6e-03  2.1e-01
 535  T 0   1.566e+08  -8e-06  0.98  1.0e-01  1.4e-05  1.0e-01  2.9e-01  2.0e-01  2.5e-03  2.0e-01
 536  T 0   1.566e+08  -1e-05  0.98  1.0e-01  1.4e-05  1.0e-01  2.9e-01  2.2e-01  2.6e-03  2.2e-01
 537  T 0   1.566e+08   3e-06  0.98  1.0e-01  1.3e-05  1.0e-01  2.9e-01  2.0e-01  2.2e-03  2.0e-01
 538  T 0   1.566e+08  -1e-05  0.98  1.0e-01  1.2e-05  1.0e-01  2.9e-01  2.4e-01  2.6e-03  2.4e-01
 539  T 0   1.566e+08  -1e-05  0.98  1.0e-01  1.1e-05  1.0e-01  2.8e-01  2.1e-01  2.5e-03  2.1e-01
 540  T 0   1.566e+08  -1e-05  0.98  1.0e-01  1.0e-05  1.0e-01  3.1e-01  2.0e-01  2.6e-03  2.1e-01
 541  T 0   1.566e+08  -1e-05  0.98  1.0e-01  1.0e-05  1.0e-01  2.9e-01  2.4e-01  2.7e-03  2.4e-01
 542  T 0   1.566e+08  -4e-06  0.98  1.0e-01  1.1e-05  1.0e-01  2.7e-01  2.5e-01  2.3e-03  2.5e-01
 543  T 0   1.566e+08  -9e-06  0.98  1.0e-01  1.1e-05  1.0e-01  2.5e-01  2.0e-01  2.6e-03  2.1e-01
 544  T 0   1.566e+08  -1e-05  0.98  1.0e-01  1.1e-05  9.7e-02  2.5e-01  2.2e-01  2.6e-03  2.2e-01
 545  T 0   1.566e+08  -9e-06  0.98  1.0e-01  1.2e-05  8.5e-02  2.2e-01  3.2e-01  2.6e-03  3.2e-01
 546  T 0   1.566e+08  -2e-05  0.98  1.0e-01  1.2e-05  9.2e-02  2.6e-01  2.3e-01  2.5e-03  2.3e-01
 547  T 0   1.566e+08  -2e-05  0.98  1.0e-01  1.2e-05  8.1e-02  2.7e-01  2.1e-01  2.7e-03  2.1e-01
 548  T 0   1.566e+08  -3e-05  0.98  1.0e-01  1.2e-05  1.0e-01  3.2e-01  2.0e-01  2.6e-03  2.0e-01
 549  T 0   1.566e+08  -2e-05  0.98  1.0e-01  1.2e-05  1.0e-01  2.3e-01  2.1e-01  2.5e-03  2.1e-01
 550  T 0   1.566e+08  -8e-06  0.98  1.0e-01  1.2e-05  1.0e-01  2.5e-01  2.1e-01  2.2e-03  2.2e-01
 551  T 0   1.566e+08  -8e-06  0.98  1.0e-01  1.2e-05  1.0e-01  2.5e-01  2.1e-01  2.3e-03  2.1e-01
 552  T 0   1.566e+08  -3e-05  0.98  1.0e-01  1.2e-05  1.0e-01  2.9e-01  2.3e-01  2.2e-03  2.3e-01
 553  T 0   1.566e+08  -2e-05  0.98  1.0e-01  1.2e-05  1.0e-01  2.9e-01  2.7e-01  2.2e-03  2.7e-01
 554  T 0   1.565e+08  -1e-05  0.98  1.0e-01  1.1e-05  1.0e-01  2.9e-01  2.4e-01  1.9e-03  2.4e-01
 555  T 0   1.565e+08  -2e-05  0.98  1.0e-01  1.1e-05  1.0e-01  2.9e-01  2.0e-01  2.2e-03  2.1e-01
 556  T 0   1.565e+08  -2e-05  0.98  1.0e-01  1.0e-05  1.0e-01  3.0e-01  2.6e-01  2.5e-03  2.6e-01
 557  T 0   1.565e+08  -2e-05  0.98  1.0e-01  1.0e-05  1.0e-01  3.3e-01  2.2e-01  2.1e-03  2.2e-01
 558  T 0   1.565e+08  -2e-05  0.98  1.0e-01  1.0e-05  1.0e-01  3.5e-01  2.3e-01  2.7e-03  2.3e-01
 559  T 0   1.565e+08  -3e-05  0.98  1.0e-01  1.0e-05  1.0e-01  3.6e-01  2.3e-01  1.8e-03  2.3e-01
 560  T 0   1.565e+08  -5e-06  0.98  1.0e-01  7.7e-06  1.0e-01  3.2e-01  2.1e-01  1.8e-03  2.1e-01
 561  T 0   1.565e+08  -1e-05  0.98  1.0e-01  8.2e-06  1.0e-01  3.3e-01  2.1e-01  2.5e-03  2.2e-01
 562  T 0   1.565e+08  -1e-05  0.99  1.0e-01  8.7e-06  1.0e-01  3.2e-01  2.7e-01  2.5e-03  2.7e-01
 563  T 0   1.565e+08  -1e-05  0.99  1.0e-01  9.2e-06  1.0e-01  3.1e-01  2.0e-01  2.6e-03  2.0e-01
 564  T 0   1.565e+08  -2e-05  0.99  1.0e-01  8.4e-06  1.0e-01  3.0e-01  2.2e-01  2.7e-03  2.2e-01
 565  T 0   1.565e+08  -1e-05  0.99  1.0e-01  9.0e-06  1.0e-01  2.7e-01  2.0e-01  2.6e-03  2.1e-01
 566  T 0   1.565e+08  -1e-05  0.98  1.0e-01  9.6e-06  1.0e-01  2.7e-01  2.0e-01  2.7e-03  2.1e-01
 567  T 0   1.565e+08  -4e-06  0.99  1.0e-01  1.0e-05  1.0e-01  1.9e-01  2.0e-01  2.6e-03  2.1e-01
 568  T 0   1.565e+08  -5e-06  0.99  1.0e-01  1.1e-05  8.9e-02  1.6e-01  2.1e-01  2.7e-03  2.2e-01
 569  T 0   1.565e+08  -5e-06  0.99  1.0e-01  1.1e-05  8.1e-02  1.4e-01  2.0e-01  2.7e-03  2.1e-01
 570  T 0   1.565e+08   5e-06  0.99  1.0e-01  1.2e-05  7.7e-02  1.6e-01  2.5e-01  2.3e-03  2.5e-01
 571  T 0   1.565e+08  -2e-05  0.99  1.0e-01  1.3e-05  7.3e-02  1.7e-01  2.5e-01  2.2e-03  2.5e-01
 572  T 0   1.565e+08   2e-05  0.99  1.0e-01  1.3e-05  1.0e-01  2.2e-01  2.1e-01  2.2e-03  2.2e-01
 573  T 0   1.565e+08  -2e-05  0.99  1.0e-01  1.4e-05  1.0e-01  2.3e-01  2.0e-01  1.8e-03  2.1e-01
 574  T 0   1.565e+08   8e-06  0.99  1.0e-01  1.4e-05  1.0e-01  2.3e-01  2.2e-01  2.3e-03  2.2e-01
 575  T 0   1.565e+08  -3e-05  0.99  1.0e-01  1.4e-05  1.0e-01  2.3e-01  2.1e-01  2.3e-03  2.1e-01
 576  T 0   1.564e+08   7e-06  0.99  1.0e-01  1.4e-05  1.0e-01  2.2e-01  2.0e-01  2.3e-03  2.1e-01
 577  T 0   1.564e+08  -5e-06  0.99  1.0e-01  1.4e-05  1.0e-01  1.9e-01  2.5e-01  2.6e-03  2.5e-01
 578  T 0   1.564e+08  -6e-06  0.99  1.0e-01  1.4e-05  9.4e-02  2.0e-01  2.6e-01  2.8e-03  2.6e-01
 579  T 0   1.564e+08  -5e-06  0.99  1.0e-01  1.3e-05  1.0e-01  1.7e-01  2.2e-01  2.6e-03  2.2e-01
 580  T 0   1.564e+08  -5e-06  0.99  1.0e-01  1.4e-05  1.0e-01  1.8e-01  2.0e-01  2.5e-03  2.0e-01
 581  T 0   1.564e+08  -7e-06  0.99  1.0e-01  1.3e-05  1.0e-01  1.7e-01  2.1e-01  2.5e-03  2.1e-01
 582  T 0   1.564e+08  -3e-08  0.99  1.0e-01  1.3e-05  1.0e-01  1.8e-01  2.4e-01  2.5e-03  2.5e-01
 583  T 0   1.564e+08  -9e-06  0.99  1.0e-01  1.2e-05  7.7e-02  1.7e-01  2.5e-01  2.6e-03  2.6e-01
 584  T 0   1.564e+08  -8e-07  0.99  1.0e-01  1.2e-05  6.4e-02  1.6e-01  2.0e-01  2.6e-03  2.0e-01
 585  T 0   1.564e+08  -5e-06  0.99  1.0e-01  1.1e-05  6.3e-02  1.3e-01  2.4e-01  2.7e-03  2.4e-01
 586  T 0   1.564e+08  -1e-05  0.99  1.0e-01  1.1e-05  7.0e-02  1.7e-01  2.5e-01  2.6e-03  2.5e-01
 587  T 0   1.564e+08  -2e-05  0.99  1.0e-01  1.0e-05  8.1e-02  1.9e-01  2.0e-01  1.8e-03  2.1e-01
 588  T 0   1.564e+08   1e-05  0.99  1.0e-01  9.4e-06  9.2e-02  2.1e-01  2.1e-01  2.3e-03  2.1e-01
 589  T 0   1.564e+08  -1e-05  0.98  1.0e-01  8.9e-06  1.0e-01  2.4e-01  2.1e-01  2.7e-03  2.1e-01
 590  T 0   1.564e+08   7e-06  0.98  1.0e-01  8.5e-06  1.0e-01  2.6e-01  2.1e-01  2.3e-03  2.1e-01
 591  T 0   1.564e+08  -3e-06  0.99  1.0e-01  8.1e-06  1.0e-01  2.6e-01  2.6e-01  2.3e-03  2.6e-01
 592  T 0   1.564e+08  -1e-05  0.98  1.0e-01  7.6e-06  1.0e-01  2.5e-01  2.0e-01  2.6e-03  2.1e-01
 593  T 0   1.564e+08  -7e-06  0.99  1.0e-01  6.1e-06  7.9e-02  2.1e-01  2.1e-01  2.6e-03  2.2e-01
 594  T 0   1.564e+08  -6e-06  0.99  1.0e-01  5.6e-06  8.5e-02  1.7e-01  2.1e-01  2.6e-03  2.1e-01
 595  T 0   1.564e+08  -1e-05  0.99  1.0e-01  5.1e-06  8.4e-02  1.8e-01  2.2e-01  1.9e-03  2.2e-01
 596  T 0   1.564e+08  -1e-05  0.99  1.0e-01  4.9e-06  8.8e-02  1.9e-01  2.0e-01  2.2e-03  2.1e-01
 597  T 0   1.564e+08  -2e-05  0.99  1.0e-01  4.3e-06  8.6e-02  2.1e-01  2.2e-01  2.3e-03  2.2e-01
 598  T 0   1.564e+08  -1e-05  0.99  1.0e-01  4.5e-06  9.0e-02  2.3e-01  2.1e-01  1.8e-03  2.1e-01
 599  T 0   1.564e+08  -9e-06  0.98  1.0e-01  8.0e-06  9.4e-02  2.5e-01  2.0e-01  2.5e-03  2.0e-01
 600  T 0   1.564e+08  -2e-05  0.98  1.0e-01  1.4e-05  1.0e-01  3.2e-01  2.0e-01  2.6e-03  2.1e-01
 601  T 0   1.564e+08  -5e-05  0.98  1.0e-01  1.3e-05  1.0e-01  3.8e-01  2.2e-01  3.0e-03  2.2e-01
 602  T 0   1.564e+08  -3e-05  0.98  1.0e-01  9.3e-06  1.0e-01  3.5e-01  3.1e-01  2.9e-03  3.1e-01
 603  T 0   1.564e+08  -2e-05  0.98  1.0e-01  8.9e-06  1.0e-01  3.5e-01  2.4e-01  3.3e-03  2.5e-01
 604  T 0   1.564e+08  -2e-05  0.98  1.0e-01  1.1e-05  1.0e-01  3.7e-01  2.4e-01  3.0e-03  2.4e-01
 605  T 0   1.564e+08  -4e-05  0.98  1.0e-01  1.0e-05  1.0e-01  3.7e-01  2.1e-01  2.2e-03  2.1e-01
 606  T 0   1.563e+08  -2e-05  0.98  1.0e-01  1.2e-05  1.0e-01  3.5e-01  2.0e-01  2.5e-03  2.0e-01
 607  T 0   1.563e+08  -7e-06  0.98  1.0e-01  1.2e-05  1.0e-01  2.9e-01  2.0e-01  2.6e-03  2.0e-01
 608  T 0   1.563e+08  -1e-05  0.98  1.0e-01  1.3e-05  1.0e-01  2.5e-01  2.1e-01  1.9e-03  2.1e-01
 609  T 0   1.563e+08   1e-05  0.99  1.0e-01  1.3e-05  1.0e-01  2.5e-01  2.0e-01  2.3e-03  2.1e-01
 610  T 0   1.563e+08  -6e-06  0.99  1.0e-01  7.6e-06  1.0e-01  2.0e-01  2.0e-01  2.7e-03  2.1e-01
 611  T 0   1.563e+08  -2e-05  0.99  1.0e-01  8.0e-06  1.0e-01  1.7e-01  2.0e-01  2.3e-03  2.0e-01
 612  T 0   1.563e+08  -4e-06  0.99  1.0e-01  7.3e-06  1.0e-01  1.5e-01  2.0e-01  2.7e-03  2.0e-01
 613  T 0   1.563e+08  -3e-06  0.99  1.0e-01  7.8e-06  5.7e-02  1.2e-01  2.1e-01  2.6e-03  2.1e-01
 614  F 0   1.563e+08  -2e-05  0.99  1.0e-01  7.3e-06  4.9e-02  1.0e-01  2.1e-01  2.2e-03  2.1e-01
 615  T 0   1.563e+08   3e-06  0.99  1.0e-01  7.4e-06  5.7e-02  1.0e-01  2.0e-01  2.3e-03  2.0e-01
 616  T 0   1.563e+08  -1e-05  0.99  1.0e-01  7.0e-06  6.2e-02  1.1e-01  2.1e-01  2.3e-03  2.1e-01
 617  T 0   1.563e+08   7e-06  0.99  1.0e-01  6.9e-06  6.7e-02  1.2e-01  2.0e-01  2.2e-03  2.0e-01
 618  T 0   1.563e+08   3e-06  0.99  1.0e-01  6.5e-06  7.0e-02  1.4e-01  2.2e-01  2.3e-03  2.3e-01
 619  T 0   1.563e+08   1e-05  0.99  1.0e-01  6.3e-06  7.7e-02  1.7e-01  2.3e-01  2.3e-03  2.3e-01
 620  T 0   1.563e+08  -1e-06  0.99  1.0e-01  5.9e-06  8.5e-02  1.9e-01  2.9e-01  2.3e-03  2.9e-01
 621  T 0   1.563e+08   1e-05  0.99  1.0e-01  5.7e-06  1.0e-01  2.3e-01  2.1e-01  2.2e-03  2.1e-01
 622  T 0   1.563e+08   7e-06  0.98  1.0e-01  5.1e-06  1.0e-01  2.5e-01  2.2e-01  2.3e-03  2.2e-01
 623  T 0   1.563e+08  -7e-06  0.99  1.0e-01  5.3e-06  1.0e-01  2.6e-01  2.1e-01  2.6e-03  2.1e-01
 624  T 0   1.563e+08  -7e-06  0.98  1.0e-01  5.5e-06  1.0e-01  2.5e-01  2.0e-01  2.6e-03  2.0e-01
 625  T 0   1.563e+08  -7e-06  0.99  1.0e-01  5.6e-06  1.0e-01  2.7e-01  2.0e-01  2.6e-03  2.1e-01
 626  T 0   1.563e+08  -6e-06  0.98  1.0e-01  6.3e-06  1.0e-01  2.6e-01  2.1e-01  2.7e-03  2.1e-01
 627  T 0   1.563e+08  -3e-06  0.98  1.0e-01  5.9e-06  1.0e-01  2.5e-01  2.0e-01  2.6e-03  2.1e-01
 628  T 0   1.563e+08  -6e-06  0.98  1.0e-01  6.3e-06  1.0e-01  2.4e-01  2.1e-01  2.6e-03  2.1e-01
 629  T 0   1.563e+08  -4e-06  0.98  1.0e-01  6.1e-06  1.0e-01  2.3e-01  2.1e-01  2.6e-03  2.1e-01
 630  T 0   1.563e+08   9e-07  0.99  1.0e-01  5.9e-06  1.0e-01  2.2e-01  2.1e-01  2.3e-03  2.1e-01
 631  T 0   1.563e+08  -2e-05  0.98  1.0e-01  5.7e-06  1.0e-01  2.2e-01  2.0e-01  2.2e-03  2.1e-01
 632  T 0   1.563e+08  -2e-05  0.99  1.0e-01  5.4e-06  1.0e-01  2.1e-01  2.0e-01  2.3e-03  2.0e-01
 633  T 0   1.563e+08  -5e-06  0.99  1.0e-01  5.0e-06  1.0e-01  2.0e-01  2.0e-01  2.6e-03  2.0e-01
 634  T 0   1.563e+08  -6e-06  0.99  1.0e-01  5.6e-06  1.0e-01  2.0e-01  2.0e-01  2.6e-03  2.0e-01
 635  T 0   1.563e+08  -7e-06  0.98  1.0e-01  6.7e-06  1.0e-01  2.2e-01  2.1e-01  2.6e-03  2.1e-01
 636  T 0   1.563e+08   7e-06  0.98  1.0e-01  7.8e-06  1.0e-01  2.4e-01  2.1e-01  2.3e-03  2.1e-01
 637  T 0   1.563e+08  -1e-05  0.98  1.0e-01  8.7e-06  9.6e-02  2.8e-01  2.1e-01  2.7e-03  2.2e-01
 638  T 0   1.563e+08  -1e-05  0.98  1.0e-01  1.0e-05  1.0e-01  3.2e-01  2.1e-01  2.7e-03  2.1e-01
 639  T 0   1.563e+08  -2e-05  0.98  1.0e-01  1.2e-05  1.0e-01  3.5e-01  2.2e-01  2.6e-03  2.2e-01
 640  T 0   1.563e+08  -2e-05  0.98  1.0e-01  1.3e-05  1.0e-01  3.4e-01  2.1e-01  2.6e-03  2.1e-01
 641  T 0   1.562e+08  -2e-05  0.99  1.0e-01  1.2e-05  1.0e-01  3.3e-01  3.2e-01  2.6e-03  3.2e-01
 642  T 0   1.562e+08  -2e-05  0.99  1.0e-01  1.0e-05  1.0e-01  3.1e-01  2.1e-01  2.6e-03  2.2e-01
 643  T 0   1.562e+08  -2e-05  0.99  1.0e-01  9.1e-06  1.0e-01  3.0e-01  2.1e-01  2.7e-03  2.1e-01
 644  T 0   1.562e+08  -1e-05  0.99  1.0e-01  8.7e-06  1.0e-01  3.0e-01  2.0e-01  2.6e-03  2.0e-01
 645  T 0   1.562e+08  -1e-05  0.98  1.0e-01  9.0e-06  1.0e-01  2.7e-01  2.0e-01  2.7e-03  2.0e-01
 646  T 0   1.562e+08  -2e-05  0.99  1.0e-01  9.1e-06  1.0e-01  3.0e-01  2.0e-01  2.6e-03  2.0e-01
 647  T 0   1.562e+08  -5e-06  0.99  1.0e-01  7.9e-06  1.0e-01  2.8e-01  2.0e-01  2.7e-03  2.1e-01
 648  T 0   1.562e+08  -1e-05  0.99  1.0e-01  8.6e-06  1.0e-01  2.8e-01  2.0e-01  2.6e-03  2.0e-01
 649  T 0   1.562e+08  -3e-05  0.99  1.0e-01  8.5e-06  1.0e-01  2.7e-01  2.0e-01  2.3e-03  2.0e-01
 650  T 0   1.562e+08  -2e-05  0.99  1.0e-01  6.0e-06  1.0e-01  2.6e-01  2.0e-01  1.9e-03  2.0e-01
 651  T 0   1.562e+08  -1e-05  0.99  1.0e-01  5.9e-06  1.0e-01  2.6e-01  2.0e-01  2.5e-03  2.0e-01
 652  T 0   1.562e+08  -9e-06  0.98  1.0e-01  5.8e-06  1.0e-01  2.7e-01  2.2e-01  2.8e-03  2.3e-01
 653  T 0   1.562e+08  -1e-05  0.98  1.0e-01  5.6e-06  1.0e-01  2.9e-01  2.0e-01  2.7e-03  2.0e-01
 654  T 0   1.562e+08   3e-06  0.98  1.0e-01  5.5e-06  1.0e-01  2.8e-01  2.0e-01  2.3e-03  2.1e-01
 655  T 0   1.562e+08  -9e-06  0.99  1.0e-01  5.8e-06  1.0e-01  2.8e-01  2.0e-01  2.6e-03  2.0e-01
 656  T 0   1.562e+08  -8e-06  0.99  1.0e-01  5.8e-06  1.0e-01  2.6e-01  2.0e-01  2.6e-03  2.1e-01
 657  T 0   1.562e+08  -1e-06  0.99  1.0e-01  5.3e-06  1.0e-01  2.4e-01  2.1e-01  2.3e-03  2.1e-01
 658  T 0   1.562e+08  -6e-06  0.99  1.0e-01  5.4e-06  1.0e-01  2.2e-01  2.0e-01  2.6e-03  2.1e-01
 659  T 0   1.562e+08  -1e-05  0.99  1.0e-01  5.3e-06  1.0e-01  2.1e-01  2.6e-01  2.3e-03  2.6e-01
 660  T 0   1.562e+08  -5e-06  0.99  1.0e-01  5.1e-06  1.0e-01  2.0e-01  2.8e-01  2.5e-03  2.8e-01
 661  T 0   1.562e+08  -1e-05  0.99  1.0e-01  4.7e-06  1.0e-01  1.9e-01  2.6e-01  2.2e-03  2.6e-01
 662  T 0   1.562e+08  -4e-06  0.99  1.0e-01  4.6e-06  1.0e-01  2.0e-01  2.1e-01  2.7e-03  2.1e-01
 663  T 0   1.562e+08  -6e-06  0.99  1.0e-01  4.0e-06  1.0e-01  2.2e-01  2.0e-01  2.6e-03  2.1e-01
 664  T 0   1.562e+08  -1e-05  0.98  1.0e-01  5.4e-06  1.0e-01  2.4e-01  2.0e-01  2.7e-03  2.0e-01
 665  T 0   1.562e+08  -6e-06  0.99  1.0e-01  5.2e-06  1.0e-01  2.2e-01  2.0e-01  2.7e-03  2.0e-01
 666  T 0   1.562e+08  -6e-06  0.99  1.0e-01  5.7e-06  1.0e-01  2.1e-01  2.1e-01  2.6e-03  2.1e-01
 667  T 0   1.561e+08  -6e-06  0.98  1.0e-01  5.8e-06  1.0e-01  2.1e-01  2.1e-01  2.5e-03  2.2e-01
 668  T 0   1.561e+08  -2e-05  0.99  1.0e-01  5.9e-06  1.0e-01  2.3e-01  2.0e-01  2.3e-03  2.1e-01
 669  T 0   1.561e+08  -3e-05  0.99  1.0e-01  5.9e-06  1.0e-01  2.5e-01  2.0e-01  2.2e-03  2.1e-01
 670  T 0   1.561e+08  -3e-05  0.99  1.0e-01  5.9e-06  1.0e-01  2.7e-01  2.1e-01  2.3e-03  2.1e-01
 671  T 0   1.561e+08  -1e-05  0.99  1.0e-01  5.8e-06  1.0e-01  3.0e-01  2.1e-01  2.6e-03  2.2e-01
 672  T 0   1.561e+08  -1e-05  0.99  1.0e-01  5.6e-06  1.0e-01  3.1e-01  2.1e-01  2.6e-03  2.2e-01
 673  T 0   1.561e+08  -2e-05  0.99  1.0e-01  5.5e-06  1.0e-01  3.1e-01  2.3e-01  2.3e-03  2.3e-01
 674  T 0   1.561e+08  -2e-05  0.99  1.0e-01  5.4e-06  1.0e-01  3.1e-01  2.1e-01  2.3e-03  2.1e-01
 675  T 0   1.561e+08  -1e-05  0.98  1.0e-01  5.4e-06  1.0e-01  3.1e-01  2.1e-01  2.9e-03  2.1e-01
 676  T 0   1.561e+08  -9e-06  0.99  1.0e-01  5.2e-06  1.0e-01  3.0e-01  2.1e-01  1.9e-03  2.1e-01
 677  T 0   1.561e+08   3e-06  0.99  1.0e-01  4.8e-06  1.0e-01  2.8e-01  2.1e-01  2.2e-03  2.1e-01
 678  T 0   1.561e+08  -2e-07  0.99  1.0e-01  4.2e-06  1.0e-01  2.8e-01  2.1e-01  2.4e-03  2.2e-01
 679  T 0   1.561e+08   1e-05  0.99  1.0e-01  4.6e-06  1.0e-01  3.2e-01  2.1e-01  2.3e-03  2.1e-01
 680  T 0   1.561e+08  -1e-05  0.99  1.0e-01  6.2e-06  1.0e-01  3.2e-01  2.0e-01  2.7e-03  2.1e-01
 681  T 0   1.561e+08  -2e-05  0.99  1.0e-01  6.1e-06  1.0e-01  3.2e-01  2.0e-01  2.7e-03  2.1e-01
 682  T 0   1.561e+08  -1e-05  0.99  1.0e-01  6.1e-06  1.0e-01  3.2e-01  2.1e-01  2.7e-03  2.1e-01
 683  T 0   1.561e+08  -1e-05  0.99  1.0e-01  7.2e-06  1.0e-01  3.1e-01  2.1e-01  2.6e-03  2.2e-01
 684  T 0   1.561e+08  -1e-05  0.99  1.0e-01  8.6e-06  1.0e-01  3.1e-01  2.4e-01  2.6e-03  2.4e-01
 685  T 0   1.561e+08  -8e-06  0.99  1.0e-01  1.0e-05  1.0e-01  2.8e-01  2.2e-01  2.6e-03  2.2e-01
 686  T 0   1.561e+08  -3e-05  0.99  1.0e-01  1.1e-05  1.0e-01  2.4e-01  2.1e-01  2.3e-03  2.1e-01
 687  T 0   1.561e+08   1e-05  0.99  1.0e-01  1.0e-05  1.0e-01  2.2e-01  2.0e-01  2.3e-03  2.1e-01
 688  T 0   1.561e+08  -3e-05  0.99  1.0e-01  8.5e-06  1.0e-01  2.2e-01  2.1e-01  2.3e-03  2.1e-01
 689  T 0   1.561e+08  -9e-07  0.99  1.0e-01  8.3e-06  1.0e-01  2.2e-01  2.0e-01  2.3e-03  2.1e-01
 690  T 0   1.561e+08  -3e-05  0.99  1.0e-01  8.4e-06  1.0e-01  2.1e-01  2.1e-01  2.3e-03  2.1e-01
 691  T 0   1.561e+08   1e-05  0.99  1.0e-01  8.8e-06  1.0e-01  2.0e-01  2.3e-01  2.3e-03  2.4e-01
 692  T 0   1.561e+08  -9e-07  0.99  1.0e-01  8.8e-06  8.0e-02  1.8e-01  2.1e-01  2.3e-03  2.1e-01
 693  T 0   1.561e+08  -8e-06  0.99  1.0e-01  8.9e-06  1.0e-01  2.0e-01  2.3e-01  2.7e-03  2.4e-01
 694  T 0   1.561e+08  -3e-05  0.99  1.0e-01  8.8e-06  9.8e-02  2.1e-01  2.6e-01  2.2e-03  2.6e-01
 695  T 0   1.560e+08   1e-06  0.99  1.0e-01  8.7e-06  1.0e-01  2.3e-01  2.0e-01  2.2e-03  2.0e-01
 696  T 0   1.560e+08  -2e-05  0.99  1.0e-01  8.6e-06  1.0e-01  2.3e-01  2.0e-01  2.1e-03  2.1e-01
 697  T 0   1.560e+08  -1e-05  0.99  1.0e-01  8.6e-06  1.0e-01  2.2e-01  2.4e-01  2.6e-03  2.5e-01
 698  T 0   1.560e+08   1e-05  0.99  1.0e-01  8.4e-06  1.0e-01  1.9e-01  2.2e-01  3.3e-03  2.2e-01
 699  T 0   1.560e+08   1e-05  0.99  1.0e-01  8.2e-06  1.0e-01  2.1e-01  2.1e-01  2.0e-03  2.1e-01
 700  T 0   1.560e+08   7e-06  0.99  1.0e-01  7.9e-06  1.0e-01  2.2e-01  2.1e-01  2.1e-03  2.1e-01
 701  T 0   1.560e+08  -1e-05  0.99  1.0e-01  7.6e-06  1.0e-01  1.9e-01  2.1e-01  2.1e-03  2.1e-01
 702  T 0   1.560e+08  -2e-05  0.99  1.0e-01  7.2e-06  9.5e-02  1.9e-01  2.1e-01  2.2e-03  2.1e-01
 703  T 0   1.560e+08  -1e-05  0.99  1.0e-01  6.8e-06  8.7e-02  2.0e-01  2.1e-01  2.2e-03  2.2e-01
 704  T 0   1.560e+08  -5e-06  0.99  1.0e-01  6.4e-06  9.8e-02  2.2e-01  2.1e-01  2.2e-03  2.1e-01
 705  T 0   1.560e+08  -2e-05  0.99  1.0e-01  6.1e-06  1.0e-01  2.3e-01  2.1e-01  2.2e-03  2.1e-01
 706  T 0   1.560e+08  -7e-06  0.99  1.0e-01  5.7e-06  1.0e-01  2.2e-01  2.1e-01  2.7e-03  2.1e-01
 707  T 0   1.560e+08  -1e-05  0.99  1.0e-01  5.4e-06  1.0e-01  2.3e-01  2.0e-01  2.3e-03  2.1e-01
 708  T 0   1.560e+08  -5e-07  0.99  1.0e-01  5.0e-06  9.7e-02  2.4e-01  2.1e-01  1.9e-03  2.1e-01
 709  T 0   1.560e+08  -1e-05  0.99  1.0e-01  1.1e-05  1.0e-01  2.7e-01  2.0e-01  2.5e-03  2.1e-01
 710  F 0   1.560e+08  -2e-05  0.99  1.0e-01  1.5e-05  1.0e-01  3.1e-01  2.0e-01  2.6e-03  2.0e-01
 711  T 0   1.560e+08  -3e-05  0.98  1.0e-01  7.1e-06  1.0e-01  3.2e-01  2.1e-01  3.0e-03  2.1e-01
 712  T 0   1.560e+08  -7e-06  0.99  1.0e-01  3.2e-06  1.0e-01  2.2e-01  2.0e-01  2.6e-03  2.1e-01
 713  T 0   1.560e+08  -5e-06  0.99  1.0e-01  4.0e-06  1.0e-01  2.2e-01  2.0e-01  2.6e-03  2.0e-01
 714  T 0   1.560e+08   1e-05  0.99  1.0e-01  4.1e-06  1.0e-01  2.0e-01  2.0e-01  2.2e-03  2.0e-01
 715  T 0   1.560e+08   3e-06  0.99  1.0e-01  4.3e-06  1.0e-01  1.9e-01  2.1e-01  1.8e-03  2.1e-01
 716  T 0   1.560e+08   3e-06  0.99  1.0e-01  4.5e-06  1.0e-01  1.9e-01  2.0e-01  2.2e-03  2.1e-01
 717  T 0   1.560e+08   9e-07  0.99  1.0e-01  4.8e-06  9.9e-02  1.8e-01  2.0e-01  2.2e-03  2.0e-01
 718  F 0   1.560e+08  -1e-05  0.99  1.0e-01  4.7e-06  1.0e-01  1.7e-01  2.2e-01  2.3e-03  2.2e-01
 719  T 0   1.560e+08  -3e-06  0.99  1.0e-01  4.7e-06  1.0e-01  1.7e-01  2.1e-01  2.6e-03  2.1e-01
 720  T 0   1.560e+08  -7e-06  0.99  1.0e-01  4.3e-06  6.8e-02  1.4e-01  2.5e-01  2.3e-03  2.6e-01
 721  T 0   1.560e+08   2e-06  0.99  1.0e-01  4.4e-06  7.6e-02  1.3e-01  2.5e-01  2.0e-03  2.5e-01
 722  T 0   1.560e+08  -9e-07  0.99  1.0e-01  4.8e-06  5.3e-02  1.1e-01  2.0e-01  1.8e-03  2.1e-01
 723  T 0   1.560e+08  -8e-06  0.99  1.0e-01  5.6e-06  5.3e-02  9.3e-02  2.0e-01  2.2e-03  2.1e-01
 724  T 0   1.560e+08  -6e-06  0.99  1.0e-01  6.0e-06  5.6e-02  9.3e-02  2.0e-01  2.2e-03  2.1e-01
 725  T 0   1.560e+08   3e-06  0.99  1.0e-01  6.6e-06  5.6e-02  1.0e-01  2.0e-01  2.0e-03  2.0e-01
 726  T 0   1.560e+08   6e-06  0.99  1.0e-01  6.9e-06  5.7e-02  1.1e-01  2.0e-01  1.9e-03  2.0e-01
 727  T 0   1.560e+08   1e-05  0.99  1.0e-01  7.4e-06  5.8e-02  1.3e-01  2.2e-01  2.2e-03  2.2e-01
 728  T 0   1.560e+08   2e-06  0.98  1.0e-01  7.7e-06  6.2e-02  1.6e-01  2.0e-01  2.3e-03  2.0e-01
 729  T 0   1.560e+08   4e-06  0.98  1.0e-01  8.4e-06  8.6e-02  1.9e-01  2.0e-01  2.3e-03  2.0e-01
 730  T 0   1.560e+08  -2e-05  0.98  1.0e-01  8.6e-06  9.8e-02  2.4e-01  2.0e-01  2.2e-03  2.0e-01
 731  T 0   1.560e+08  -2e-06  0.99  1.0e-01  9.2e-06  1.0e-01  2.7e-01  2.0e-01  2.2e-03  2.0e-01
 732  T 0   1.560e+08  -7e-06  0.98  1.0e-01  8.6e-06  1.0e-01  2.8e-01  2.0e-01  2.6e-03  2.1e-01
 733  T 0   1.560e+08  -1e-05  0.98  1.0e-01  9.1e-06  1.0e-01  2.6e-01  2.0e-01  2.5e-03  2.0e-01
 734  T 0   1.560e+08  -7e-06  0.98  1.0e-01  8.6e-06  1.0e-01  2.7e-01  2.1e-01  2.7e-03  2.1e-01
 735  T 0   1.560e+08   5e-06  0.99  1.0e-01  6.6e-06  1.0e-01  2.2e-01  2.4e-01  2.3e-03  2.5e-01
 736  T 0   1.560e+08   3e-06  0.99  1.0e-01  5.0e-06  1.0e-01  2.0e-01  2.0e-01  2.2e-03  2.1e-01
 737  T 0   1.560e+08   2e-05  0.99  1.0e-01  5.9e-06  8.5e-02  1.6e-01  2.0e-01  2.2e-03  2.1e-01
 738  F 0   1.560e+08  -1e-05  0.99  1.0e-01  6.0e-06  8.3e-02  1.5e-01  2.1e-01  2.3e-03  2.1e-01
 739  F 0   1.560e+08  -1e-05  0.99  1.0e-01  6.2e-06  7.7e-02  1.3e-01  2.1e-01  2.2e-03  2.1e-01
 740  T 0   1.560e+08  -2e-05  0.99  1.0e-01  6.2e-06  7.0e-02  1.3e-01  2.0e-01  2.3e-03  2.1e-01
 741  T 0   1.560e+08   2e-06  0.99  1.0e-01  6.1e-06  6.2e-02  1.3e-01  2.1e-01  2.3e-03  2.1e-01
 742  T 0   1.560e+08   1e-05  0.99  1.0e-01  5.9e-06  5.8e-02  1.3e-01  2.1e-01  2.3e-03  2.1e-01
 743  T 0   1.560e+08  -4e-06  0.99  1.0e-01  5.6e-06  6.8e-02  1.4e-01  2.1e-01  2.6e-03  2.1e-01
 744  T 0   1.560e+08   5e-06  0.99  1.0e-01  5.3e-06  7.7e-02  1.5e-01  2.2e-01  2.3e-03  2.2e-01
 745  T 0   1.560e+08   5e-06  0.98  1.0e-01  5.0e-06  8.6e-02  1.7e-01  2.1e-01  2.2e-03  2.1e-01
 746  T 0   1.560e+08  -5e-06  0.98  1.0e-01  4.8e-06  9.9e-02  1.9e-01  2.0e-01  2.6e-03  2.1e-01
 747  T 0   1.560e+08  -3e-07  0.98  1.0e-01  4.7e-06  1.0e-01  2.1e-01  2.1e-01  2.2e-03  2.1e-01
 748  T 0   1.559e+08   3e-06  0.98  1.0e-01  4.5e-06  1.0e-01  2.2e-01  2.1e-01  2.3e-03  2.1e-01
 749  T 0   1.559e+08  -2e-06  0.99  1.0e-01  5.8e-06  1.0e-01  2.2e-01  2.0e-01  2.3e-03  2.0e-01
 750  F 0   1.560e+08  -1e-05  0.99  1.0e-01  2.2e-05  1.0e-01  2.6e-01  2.2e-01  2.5e-03  2.2e-01
 751  F 0   1.560e+08  -6e-05  0.99  1.0e-01  3.1e-05  1.0e-01  3.8e-01  2.2e-01  2.6e-03  2.2e-01
 752  F 0   1.560e+08  -1e-04  0.98  1.0e-01  3.3e-05  1.0e-01  4.7e-01  2.4e-01  2.6e-03  2.4e-01
 753  F 0   1.560e+08  -1e-04  0.98  1.0e-01  2.5e-05  1.0e-01  4.4e-01  2.2e-01  2.2e-03  2.2e-01
 754  F 0   1.560e+08  -6e-05  0.99  1.0e-01  1.0e-05  1.0e-01  3.6e-01  2.2e-01  2.6e-03  2.2e-01
 755  T 0   1.559e+08  -1e-05  0.98  1.0e-01  4.3e-06  1.0e-01  1.9e-01  2.0e-01  2.7e-03  2.1e-01
 756  T 0   1.559e+08   3e-06  0.98  1.0e-01  3.2e-06  4.3e-02  1.0e-01  2.0e-01  2.6e-03  2.1e-01
 757  T 0   1.559e+08  -7e-07  0.98  1.0e-01  2.5e-06  4.6e-02  7.5e-02  2.0e-01  2.6e-03  2.1e-01
 758  T 0   1.559e+08   2e-05  0.99  1.0e-01  2.4e-06  4.2e-02  6.9e-02  2.0e-01  2.3e-03  2.1e-01
 759  F 0   1.559e+08  -3e-06  0.98  1.0e-01  2.1e-06  3.7e-02  6.8e-02  2.0e-01  2.6e-03  2.0e-01
 760  F 0   1.559e+08   5e-06  0.98  1.0e-01  2.1e-06  3.6e-02  7.2e-02  2.0e-01  2.2e-03  2.0e-01
 761  T 0   1.559e+08   1e-05  0.98  1.0e-01  2.1e-06  3.8e-02  8.0e-02  2.0e-01  2.3e-03  2.0e-01
 762  T 0   1.559e+08   1e-05  0.98  1.0e-01  2.2e-06  4.2e-02  9.2e-02  2.1e-01  2.2e-03  2.1e-01
 763  T 0   1.559e+08   1e-05  0.99  1.0e-01  1.7e-06  4.9e-02  1.1e-01  2.1e-01  2.3e-03  2.1e-01
 764  F 0   1.559e+08  -2e-06  0.99  1.0e-01  2.0e-06  5.0e-02  1.0e-01  2.0e-01  2.6e-03  2.1e-01
 765  F 0   1.559e+08  -8e-06  0.99  1.0e-01  2.2e-06  4.6e-02  9.5e-02  2.1e-01  1.8e-03  2.1e-01
 766  F 0   1.559e+08  -7e-06  0.99  1.0e-01  2.3e-06  4.6e-02  8.9e-02  2.4e-01  2.3e-03  2.4e-01
 767  T 0   1.559e+08  -2e-06  0.99  1.0e-01  2.4e-06  4.4e-02  8.7e-02  2.2e-01  1.9e-03  2.2e-01
 768  T 0   1.559e+08   7e-06  0.99  1.0e-01  2.5e-06  4.0e-02  8.5e-02  2.1e-01  1.9e-03  2.1e-01
 769  T 0   1.559e+08   3e-06  0.99  1.0e-01  2.4e-06  3.7e-02  8.5e-02  2.0e-01  2.3e-03  2.1e-01
 770  T 0   1.559e+08   3e-06  0.99  1.0e-01  3.3e-06  3.9e-02  9.2e-02  2.1e-01  2.3e-03  2.1e-01
 771  F 0   1.559e+08  -2e-06  0.99  1.0e-01  3.6e-06  3.7e-02  1.1e-01  2.0e-01  2.6e-03  2.1e-01
 772  T 0   1.559e+08  -3e-06  0.99  1.0e-01  3.9e-06  4.9e-02  1.1e-01  2.1e-01  2.7e-03  2.1e-01
 773  T 0   1.559e+08  -2e-06  0.99  1.0e-01  3.6e-06  4.6e-02  1.0e-01  2.1e-01  2.7e-03  2.2e-01
 774  T 0   1.559e+08   2e-05  0.99  1.0e-01  3.7e-06  4.9e-02  9.1e-02  2.1e-01  2.3e-03  2.1e-01
 775  F 0   1.559e+08  -8e-06  0.99  1.0e-01  3.6e-06  5.2e-02  9.5e-02  2.2e-01  2.1e-03  2.2e-01
 776  F 0   1.559e+08   2e-06  0.99  1.0e-01  3.4e-06  5.4e-02  9.9e-02  2.1e-01  1.8e-03  2.2e-01
 777  F 0   1.559e+08  -1e-05  0.99  1.0e-01  3.2e-06  5.5e-02  1.0e-01  2.5e-01  2.2e-03  2.5e-01
 778  T 0   1.559e+08   4e-06  0.98  1.0e-01  3.0e-06  5.6e-02  1.1e-01  2.4e-01  1.8e-03  2.4e-01
 779  F 0   1.559e+08  -8e-06  0.98  1.0e-01  2.9e-06  5.0e-02  1.1e-01  2.0e-01  2.2e-03  2.1e-01
 780  T 0   1.559e+08   1e-05  0.98  1.0e-01  3.0e-06  4.8e-02  1.1e-01  2.3e-01  2.3e-03  2.3e-01
 781  T 0   1.559e+08   7e-06  0.98  1.0e-01  3.3e-06  4.8e-02  1.3e-01  2.3e-01  2.1e-03  2.3e-01
 782  T 0   1.559e+08  -3e-06  0.98  1.0e-01  3.7e-06  6.1e-02  1.6e-01  2.2e-01  2.6e-03  2.2e-01
 783  T 0   1.559e+08  -1e-06  0.98  1.0e-01  4.2e-06  8.3e-02  2.0e-01  2.1e-01  2.2e-03  2.1e-01
 784  T 0   1.559e+08  -6e-06  0.99  1.0e-01  4.7e-06  1.0e-01  2.4e-01  2.7e-01  2.6e-03  2.8e-01
 785  T 0   1.559e+08  -2e-05  0.98  1.0e-01  4.8e-06  1.0e-01  2.6e-01  2.0e-01  2.3e-03  2.0e-01
 786  T 0   1.559e+08  -2e-05  0.98  1.0e-01  4.5e-06  1.0e-01  2.7e-01  2.1e-01  2.2e-03  2.1e-01
 787  T 0   1.559e+08  -7e-06  0.98  1.0e-01  5.1e-06  1.0e-01  2.7e-01  2.2e-01  2.6e-03  2.3e-01
 788  T 0   1.559e+08  -7e-06  0.99  1.0e-01  5.3e-06  1.0e-01  2.7e-01  2.0e-01  2.6e-03  2.1e-01
 789  T 0   1.559e+08  -9e-06  0.98  1.0e-01  6.9e-06  1.0e-01  3.0e-01  2.1e-01  2.7e-03  2.1e-01
 790  T 0   1.559e+08  -6e-06  0.98  1.0e-01  6.2e-06  1.0e-01  2.8e-01  2.5e-01  2.6e-03  2.5e-01
 791  T 0   1.559e+08  -6e-06  0.98  1.0e-01  6.0e-06  1.0e-01  2.9e-01  2.6e-01  2.6e-03  2.6e-01
 792  T 0   1.559e+08   2e-05  0.99  1.0e-01  3.7e-06  1.0e-01  2.1e-01  2.2e-01  2.1e-03  2.2e-01
 793  T 0   1.559e+08   1e-05  0.99  1.0e-01  3.4e-06  1.0e-01  1.6e-01  2.0e-01  2.2e-03  2.1e-01
 794  F 0   1.559e+08  -1e-05  0.99  1.0e-01  3.8e-06  1.0e-01  1.2e-01  2.2e-01  2.2e-03  2.3e-01
 795  F 0   1.559e+08  -5e-06  0.99  1.0e-01  4.1e-06  8.8e-02  1.1e-01  2.2e-01  1.5e-03  2.2e-01
 796  F 0   1.559e+08  -2e-05  0.99  1.0e-01  4.1e-06  4.4e-02  7.8e-02  2.7e-01  1.7e-03  2.7e-01
 797  F 0   1.559e+08  -1e-05  0.99  1.0e-01  4.0e-06  3.6e-02  6.9e-02  2.0e-01  2.3e-03  2.1e-01
 798  F 0   1.559e+08  -8e-06  0.99  1.0e-01  3.9e-06  3.1e-02  6.6e-02  2.0e-01  2.3e-03  2.0e-01
 799  T 0   1.559e+08  -5e-06  0.99  1.0e-01  3.7e-06  3.0e-02  6.4e-02  2.0e-01  2.3e-03  2.1e-01
 800  T 0   1.559e+08  -2e-06  0.99  1.0e-01  3.5e-06  3.0e-02  6.4e-02  2.1e-01  1.8e-03  2.1e-01
 801  T 0   1.559e+08   5e-06  0.99  1.0e-01  3.4e-06  2.9e-02  6.7e-02  2.0e-01  1.9e-03  2.0e-01
 802  T 0   1.559e+08   8e-06  0.99  1.0e-01  3.3e-06  3.1e-02  7.2e-02  2.1e-01  1.8e-03  2.1e-01
 803  F 0   1.559e+08   2e-06  0.99  1.0e-01  3.2e-06  3.6e-02  7.8e-02  2.1e-01  2.3e-03  2.1e-01
 804  F 0   1.559e+08  -8e-06  0.99  1.0e-01  3.0e-06  4.2e-02  8.6e-02  2.0e-01  1.9e-03  2.0e-01
 805  F 0   1.559e+08  -7e-06  0.99  1.0e-01  3.0e-06  4.7e-02  9.7e-02  2.1e-01  1.8e-03  2.1e-01
 806  F 0   1.559e+08  -3e-06  0.99  1.0e-01  8.4e-06  5.4e-02  1.2e-01  2.5e-01  2.5e-03  2.5e-01
 807  F 0   1.559e+08  -1e-05  0.99  1.0e-01  1.6e-05  1.0e-01  2.2e-01  2.1e-01  2.7e-03  2.1e-01
 808  F 0   1.559e+08  -2e-05  0.99  1.0e-01  1.3e-05  1.0e-01  2.8e-01  2.1e-01  2.6e-03  2.1e-01
 809  F 0   1.559e+08  -3e-05  0.99  1.0e-01  9.2e-06  1.0e-01  2.5e-01  2.1e-01  2.6e-03  2.1e-01
 810  T 0   1.559e+08  -1e-05  0.98  1.0e-01  2.4e-06  9.8e-02  2.0e-01  2.1e-01  3.0e-03  2.2e-01
 811  T 0   1.559e+08   6e-06  0.99  1.0e-01  1.9e-06  8.4e-02  1.5e-01  2.1e-01  2.6e-03  2.1e-01
 812  F 0   1.559e+08  -2e-05  0.99  1.0e-01  1.4e-06  1.0e-01  1.4e-01  2.0e-01  2.3e-03  2.0e-01
 813  T 0   1.559e+08   2e-05  0.99  1.0e-01  1.7e-06  7.6e-02  1.3e-01  2.1e-01  2.2e-03  2.1e-01
 814  F 0   1.559e+08   5e-06  0.99  1.0e-01  1.7e-06  8.1e-02  1.3e-01  2.1e-01  2.2e-03  2.2e-01
 815  T 0   1.559e+08   3e-05  0.99  1.0e-01  1.8e-06  6.4e-02  1.4e-01  3.5e-01  2.3e-03  3.6e-01
 816  F 0   1.559e+08  -2e-06  0.99  1.0e-01  1.7e-06  6.5e-02  1.4e-01  2.1e-01  2.5e-03  2.1e-01
 817  T 0   1.559e+08   2e-05  0.99  1.0e-01  1.5e-06  6.9e-02  1.3e-01  2.6e-01  2.3e-03  2.6e-01
 818  F 0   1.559e+08   8e-06  0.99  1.0e-01  1.3e-06  7.1e-02  1.2e-01  2.1e-01  1.5e-03  2.1e-01
 819  T 0   1.559e+08   5e-06  0.99  1.0e-01  1.5e-06  6.4e-02  1.2e-01  2.4e-01  2.2e-03  2.4e-01
 820  F 0   1.559e+08  -6e-06  0.99  1.0e-01  1.5e-06  5.9e-02  1.1e-01  2.0e-01  2.3e-03  2.1e-01
 821  F 0   1.559e+08  -9e-06  0.99  1.0e-01  1.8e-06  6.0e-02  1.1e-01  2.3e-01  2.3e-03  2.3e-01
 822  T 0   1.559e+08  -1e-05  0.99  1.0e-01  2.2e-06  6.1e-02  1.2e-01  2.3e-01  2.2e-03  2.3e-01
 823  T 0   1.559e+08  -1e-05  0.99  1.0e-01  2.6e-06  4.8e-02  1.1e-01  2.2e-01  2.3e-03  2.2e-01
 824  T 0   1.559e+08  -6e-07  0.99  1.0e-01  2.9e-06  4.9e-02  9.8e-02  2.0e-01  2.5e-03  2.1e-01
 825  T 0   1.559e+08   7e-06  0.99  1.0e-01  3.4e-06  5.0e-02  9.5e-02  2.0e-01  1.8e-03  2.1e-01
 826  F 0   1.559e+08  -1e-06  0.99  1.0e-01  3.4e-06  4.4e-02  9.3e-02  2.0e-01  1.8e-03  2.0e-01
 827  T 0   1.559e+08   8e-06  0.99  1.0e-01  3.8e-06  5.4e-02  9.6e-02  2.3e-01  2.2e-03  2.3e-01
 828  F 0   1.559e+08  -1e-05  0.99  1.0e-01  3.2e-06  5.0e-02  9.7e-02  2.4e-01  2.2e-03  2.4e-01
 829  T 0   1.559e+08  -2e-06  0.99  1.0e-01  3.9e-06  7.9e-02  1.2e-01  2.0e-01  2.5e-03  2.0e-01
 830  T 0   1.559e+08  -2e-06  0.99  1.0e-01  2.8e-06  7.2e-02  1.2e-01  2.1e-01  2.6e-03  2.2e-01
 831  T 0   1.559e+08   2e-05  0.99  1.0e-01  3.3e-06  1.0e-01  1.4e-01  2.1e-01  2.2e-03  2.1e-01
 832  F 0   1.559e+08  -6e-06  0.99  1.0e-01  2.6e-06  9.0e-02  1.4e-01  2.1e-01  1.9e-03  2.1e-01
 833  F 0   1.559e+08  -2e-05  0.99  1.0e-01  2.6e-06  1.0e-01  1.6e-01  2.2e-01  2.2e-03  2.3e-01
 834  T 0   1.559e+08  -4e-07  0.99  1.0e-01  1.5e-06  9.9e-02  1.5e-01  2.0e-01  2.5e-03  2.1e-01
 835  F 0   1.559e+08  -2e-05  0.99  1.0e-01  1.4e-06  6.5e-02  1.2e-01  2.1e-01  2.3e-03  2.2e-01
 836  T 0   1.559e+08   7e-06  0.99  1.0e-01  1.5e-06  4.4e-02  9.8e-02  2.0e-01  2.2e-03  2.0e-01
 837  T 0   1.559e+08   8e-06  0.99  1.0e-01  1.6e-06  4.3e-02  9.6e-02  2.0e-01  2.3e-03  2.0e-01
 838  T 0   1.559e+08   1e-05  0.99  1.0e-01  1.9e-06  4.5e-02  1.1e-01  2.1e-01  2.2e-03  2.2e-01
 839  T 0   1.559e+08   9e-06  0.99  1.0e-01  2.2e-06  5.2e-02  1.3e-01  2.6e-01  2.3e-03  2.6e-01
 840  T 0   1.559e+08   2e-06  0.99  1.0e-01  2.2e-06  5.9e-02  1.5e-01  2.1e-01  2.3e-03  2.2e-01
 841  T 0   1.559e+08  -3e-06  0.99  1.0e-01  2.7e-06  8.1e-02  1.9e-01  2.1e-01  2.6e-03  2.2e-01
 842  T 0   1.559e+08  -5e-06  0.99  1.0e-01  3.7e-06  8.0e-02  2.3e-01  2.0e-01  2.8e-03  2.1e-01
 843  T 0   1.559e+08  -2e-06  0.99  1.0e-01  3.4e-06  1.0e-01  2.6e-01  2.3e-01  2.5e-03  2.3e-01
 844  T 0   1.559e+08  -8e-06  0.99  1.0e-01  4.1e-06  1.0e-01  3.1e-01  2.2e-01  2.5e-03  2.2e-01
 845  T 0   1.559e+08  -9e-06  0.99  1.0e-01  3.6e-06  1.0e-01  3.0e-01  2.0e-01  2.5e-03  2.1e-01
 846  T 0   1.559e+08  -2e-05  0.99  1.0e-01  5.1e-06  1.0e-01  3.2e-01  2.1e-01  2.8e-03  2.1e-01
 847  T 0   1.559e+08  -7e-06  0.99  1.0e-01  6.0e-06  1.0e-01  3.0e-01  2.1e-01  2.6e-03  2.2e-01
 848  T 0   1.559e+08  -6e-06  0.99  1.0e-01  7.3e-06  1.0e-01  3.1e-01  2.0e-01  2.6e-03  2.1e-01
 849  T 0   1.559e+08  -6e-07  0.99  1.0e-01  8.3e-06  1.0e-01  3.1e-01  2.1e-01  1.9e-03  2.2e-01
 850  T 0   1.559e+08  -1e-05  0.99  1.0e-01  9.6e-06  1.0e-01  3.2e-01  2.0e-01  2.7e-03  2.1e-01
 851  T 0   1.558e+08  -3e-05  0.99  1.0e-01  1.0e-05  1.0e-01  2.9e-01  2.1e-01  2.3e-03  2.1e-01
 852  T 0   1.558e+08  -9e-06  0.99  1.0e-01  9.5e-06  1.0e-01  2.6e-01  2.0e-01  2.6e-03  2.1e-01
 853  T 0   1.558e+08  -8e-06  0.99  1.0e-01  8.9e-06  9.4e-02  2.2e-01  2.0e-01  2.6e-03  2.1e-01
 854  T 0   1.558e+08  -7e-06  0.99  1.0e-01  7.9e-06  1.0e-01  1.9e-01  2.0e-01  2.6e-03  2.1e-01
 855  T 0   1.558e+08  -7e-06  0.99  1.0e-01  7.0e-06  1.0e-01  1.8e-01  2.0e-01  2.7e-03  2.1e-01
 856  T 0   1.558e+08  -3e-06  0.99  1.0e-01  6.2e-06  1.0e-01  1.8e-01  2.0e-01  1.9e-03  2.1e-01
 857  T 0   1.558e+08  -1e-05  0.99  1.0e-01  5.5e-06  1.0e-01  1.9e-01  2.1e-01  2.3e-03  2.1e-01
 858  T 0   1.558e+08  -1e-06  0.99  1.0e-01  4.9e-06  1.0e-01  2.1e-01  2.0e-01  1.8e-03  2.1e-01
 859  T 0   1.558e+08  -2e-05  0.99  1.0e-01  4.2e-06  1.0e-01  2.1e-01  2.0e-01  2.2e-03  2.1e-01
 860  T 0   1.558e+08   2e-05  0.99  1.0e-01  4.1e-06  1.0e-01  1.9e-01  2.0e-01  2.3e-03  2.1e-01
 861  T 0   1.558e+08   1e-05  0.99  1.0e-01  3.9e-06  1.0e-01  1.7e-01  2.1e-01  2.2e-03  2.1e-01
 862  T 0   1.558e+08  -6e-06  0.99  1.0e-01  3.4e-06  1.0e-01  1.7e-01  2.0e-01  2.6e-03  2.1e-01
 863  T 0   1.558e+08  -4e-06  0.99  1.0e-01  3.6e-06  1.0e-01  1.8e-01  2.0e-01  2.6e-03  2.0e-01
 864  T 0   1.558e+08   9e-06  0.99  1.0e-01  3.8e-06  8.9e-02  1.8e-01  2.0e-01  2.2e-03  2.0e-01
 865  T 0   1.558e+08  -4e-06  0.99  1.0e-01  3.9e-06  9.1e-02  1.8e-01  2.1e-01  2.7e-03  2.2e-01
 866  T 0   1.558e+08   2e-06  0.99  1.0e-01  4.2e-06  9.9e-02  1.7e-01  2.0e-01  2.3e-03  2.0e-01
 867  T 0   1.558e+08  -4e-06  0.99  1.0e-01  4.4e-06  9.8e-02  1.9e-01  2.0e-01  2.6e-03  2.0e-01
 868  T 0   1.558e+08  -2e-05  0.99  1.0e-01  4.7e-06  1.0e-01  1.9e-01  2.0e-01  2.3e-03  2.0e-01
 869  T 0   1.558e+08  -7e-06  0.99  1.0e-01  4.9e-06  7.7e-02  1.7e-01  2.1e-01  1.9e-03  2.1e-01
 870  T 0   1.558e+08  -3e-06  0.99  1.0e-01  5.1e-06  7.2e-02  1.8e-01  2.1e-01  2.6e-03  2.1e-01
 871  T 0   1.558e+08   3e-06  0.99  1.0e-01  5.2e-06  9.5e-02  2.0e-01  2.0e-01  2.2e-03  2.1e-01
 872  T 0   1.558e+08   6e-06  0.99  1.0e-01  5.3e-06  1.0e-01  2.2e-01  2.0e-01  2.3e-03  2.1e-01
 873  T 0   1.558e+08   1e-06  0.99  1.0e-01  5.3e-06  1.0e-01  2.3e-01  2.0e-01  2.3e-03  2.0e-01
 874  T 0   1.558e+08  -1e-05  0.99  1.0e-01  5.4e-06  1.0e-01  2.4e-01  2.1e-01  2.3e-03  2.1e-01
 875  T 0   1.558e+08  -7e-06  0.99  1.0e-01  5.5e-06  1.0e-01  2.5e-01  2.0e-01  2.7e-03  2.1e-01
 876  T 0   1.558e+08   9e-06  0.99  1.0e-01  5.4e-06  1.0e-01  2.5e-01  2.1e-01  2.3e-03  2.2e-01
 877  T 0   1.558e+08  -3e-06  0.99  1.0e-01  5.4e-06  1.0e-01  2.5e-01  2.1e-01  2.3e-03  2.1e-01
 878  T 0   1.558e+08  -1e-05  0.99  1.0e-01  5.3e-06  1.0e-01  2.1e-01  2.1e-01  2.2e-03  2.1e-01
 879  T 0   1.558e+08   2e-06  0.99  1.0e-01  5.1e-06  1.0e-01  2.2e-01  2.1e-01  2.2e-03  2.1e-01
 880  T 0   1.558e+08  -6e-06  0.99  1.0e-01  4.9e-06  1.0e-01  2.4e-01  2.1e-01  2.7e-03  2.1e-01
 881  T 0   1.558e+08  -6e-06  0.99  1.0e-01  4.7e-06  1.0e-01  2.4e-01  2.1e-01  2.7e-03  2.1e-01
 882  T 0   1.558e+08  -5e-06  0.99  1.0e-01  5.1e-06  1.0e-01  2.3e-01  2.0e-01  2.6e-03  2.1e-01
 883  T 0   1.558e+08  -4e-06  0.99  1.0e-01  6.0e-06  9.9e-02  2.0e-01  2.1e-01  2.6e-03  2.1e-01
 884  T 0   1.558e+08  -2e-05  0.99  1.0e-01  6.3e-06  9.5e-02  1.9e-01  2.0e-01  2.3e-03  2.1e-01
 885  T 0   1.558e+08  -2e-05  0.99  1.0e-01  6.3e-06  9.9e-02  1.8e-01  2.0e-01  2.3e-03  2.0e-01
 886  T 0   1.558e+08  -8e-07  0.99  1.0e-01  6.3e-06  9.8e-02  1.8e-01  2.0e-01  1.9e-03  2.0e-01
 887  T 0   1.558e+08   3e-07  0.99  1.0e-01  6.1e-06  9.0e-02  1.7e-01  2.1e-01  1.9e-03  2.1e-01
 888  T 0   1.558e+08  -3e-06  0.99  1.0e-01  5.8e-06  6.3e-02  1.2e-01  2.0e-01  2.7e-03  2.0e-01
 889  T 0   1.558e+08  -2e-05  0.99  1.0e-01  5.4e-06  6.8e-02  1.3e-01  2.1e-01  2.2e-03  2.1e-01
 890  T 0   1.558e+08  -2e-05  0.99  1.0e-01  5.0e-06  8.1e-02  1.5e-01  2.0e-01  2.2e-03  2.0e-01
 891  T 0   1.558e+08   2e-06  0.99  1.0e-01  5.2e-06  8.7e-02  1.6e-01  2.0e-01  1.9e-03  2.0e-01
 892  T 0   1.558e+08   3e-07  0.99  1.0e-01  5.3e-06  1.0e-01  1.7e-01  2.0e-01  2.3e-03  2.1e-01
 893  T 0   1.558e+08  -2e-05  0.99  1.0e-01  5.3e-06  1.0e-01  1.8e-01  2.0e-01  2.3e-03  2.0e-01
 894  T 0   1.558e+08  -9e-06  0.99  1.0e-01  5.6e-06  1.0e-01  1.9e-01  2.0e-01  2.3e-03  2.0e-01
 895  T 0   1.558e+08  -2e-05  0.99  1.0e-01  5.5e-06  1.0e-01  1.8e-01  2.0e-01  2.3e-03  2.0e-01
 896  T 0   1.558e+08   1e-05  0.99  1.0e-01  5.8e-06  1.0e-01  2.0e-01  2.0e-01  2.3e-03  2.0e-01
 897  T 0   1.558e+08  -3e-06  0.99  1.0e-01  2.7e-06  9.5e-02  1.7e-01  2.0e-01  2.6e-03  2.1e-01
 898  T 0   1.558e+08  -3e-06  0.99  1.0e-01  3.3e-06  7.7e-02  1.5e-01  2.0e-01  2.7e-03  2.1e-01
 899  T 0   1.558e+08  -2e-06  0.99  1.0e-01  2.9e-06  7.2e-02  1.2e-01  2.1e-01  2.7e-03  2.2e-01
 900  T 0   1.558e+08  -1e-06  0.99  1.0e-01  3.0e-06  6.1e-02  1.1e-01  2.0e-01  2.7e-03  2.1e-01
 901  F 0   1.558e+08  -2e-05  0.99  1.0e-01  3.0e-06  5.3e-02  9.8e-02  2.0e-01  2.2e-03  2.0e-01
 902  T 0   1.558e+08  -9e-06  0.99  1.0e-01  3.1e-06  3.7e-02  9.2e-02  2.0e-01  2.3e-03  2.0e-01
 903  T 0   1.558e+08   7e-06  0.99  1.0e-01  3.2e-06  4.2e-02  8.8e-02  2.0e-01  1.8e-03  2.1e-01
 904  T 0   1.558e+08   1e-05  0.99  1.0e-01  3.1e-06  5.0e-02  9.1e-02  2.1e-01  2.4e-03  2.1e-01
 905  T 0   1.558e+08   1e-05  0.99  1.0e-01  2.9e-06  5.8e-02  9.9e-02  2.0e-01  2.3e-03  2.0e-01
 906  T 0   1.558e+08   1e-05  0.99  1.0e-01  2.7e-06  6.6e-02  1.1e-01  2.0e-01  2.2e-03  2.0e-01
 907  T 0   1.558e+08   1e-05  0.99  1.0e-01  2.5e-06  7.3e-02  1.2e-01  2.0e-01  2.2e-03  2.0e-01
 908  T 0   1.558e+08   6e-06  0.99  1.0e-01  2.4e-06  8.0e-02  1.3e-01  2.0e-01  2.2e-03  2.1e-01
 909  T 0   1.558e+08   2e-06  0.99  1.0e-01  2.2e-06  8.7e-02  1.4e-01  2.0e-01  2.2e-03  2.0e-01
 910  F 0   1.558e+08  -7e-06  0.99  1.0e-01  2.2e-06  9.0e-02  1.4e-01  2.0e-01  1.9e-03  2.0e-01
 911  T 0   1.558e+08   5e-06  0.99  1.0e-01  2.1e-06  7.7e-02  1.2e-01  2.0e-01  2.2e-03  2.0e-01
 912  F 0   1.558e+08  -3e-06  0.99  1.0e-01  2.1e-06  5.0e-02  8.0e-02  2.0e-01  2.5e-03  2.0e-01
 913  T 0   1.558e+08   6e-06  0.99  1.0e-01  2.0e-06  2.3e-02  5.3e-02  2.0e-01  2.3e-03  2.1e-01
 914  F 0   1.558e+08  -6e-06  0.99  1.0e-01  3.3e-06  2.1e-02  6.2e-02  2.0e-01  2.3e-03  2.1e-01
 915  F 0   1.558e+08   9e-06  0.99  1.0e-01  7.5e-06  4.3e-02  1.3e-01  2.0e-01  2.3e-03  2.1e-01
 916  F 0   1.558e+08  -1e-05  0.99  1.0e-01  1.1e-05  8.6e-02  2.3e-01  2.0e-01  2.7e-03  2.0e-01
 917  F 0   1.558e+08  -2e-05  0.99  1.0e-01  7.5e-06  9.3e-02  2.4e-01  2.0e-01  2.5e-03  2.0e-01
 918  F 0   1.558e+08  -7e-06  0.99  1.0e-01  2.5e-06  4.7e-02  1.3e-01  2.0e-01  2.6e-03  2.1e-01
 919  T 0   1.558e+08  -4e-07  0.99  1.0e-01  1.4e-06  3.1e-02  4.1e-02  2.0e-01  2.6e-03  2.1e-01
 920  T 0   1.558e+08   4e-06  0.99  1.0e-01  1.3e-06  3.1e-02  3.7e-02  2.0e-01  1.9e-03  2.0e-01
 921  T 0   1.558e+08   6e-06  0.99  1.0e-01  1.3e-06  2.9e-02  3.8e-02  2.0e-01  1.8e-03  2.1e-01
 922  T 0   1.558e+08   6e-06  0.99  1.0e-01  1.2e-06  2.8e-02  4.1e-02  2.1e-01  1.9e-03  2.1e-01
 923  T 0   1.558e+08   5e-06  0.99  1.0e-01  1.2e-06  2.7e-02  4.4e-02  2.0e-01  1.9e-03  2.0e-01
 924  T 0   1.558e+08   5e-06  0.99  1.0e-01  1.1e-06  2.2e-02  4.4e-02  2.1e-01  2.0e-03  2.1e-01
 925  T 0   1.558e+08   5e-06  0.99  1.0e-01  1.0e-06  2.2e-02  4.7e-02  2.6e-01  1.9e-03  2.6e-01
 926  T 0   1.558e+08   4e-06  0.99  1.0e-01  9.5e-07  2.2e-02  5.2e-02  2.3e-01  1.9e-03  2.3e-01
 927  T 0   1.558e+08   4e-06  0.99  1.0e-01  8.7e-07  2.4e-02  5.9e-02  2.3e-01  1.8e-03  2.3e-01
 928  T 0   1.558e+08   3e-06  0.99  1.0e-01  7.9e-07  2.6e-02  6.6e-02  2.4e-01  1.8e-03  2.4e-01
 929  F 0   1.558e+08  -2e-06  0.99  1.0e-01  7.1e-07  3.0e-02  7.1e-02  2.3e-01  1.8e-03  2.3e-01
 930  T 0   1.558e+08   2e-06  0.99  1.0e-01  7.4e-07  3.1e-02  7.8e-02  2.1e-01  2.1e-03  2.1e-01
 931  F 0   1.558e+08  -2e-06  0.99  1.0e-01  8.4e-07  3.4e-02  9.2e-02  2.0e-01  1.8e-03  2.1e-01
 932  T 0   1.558e+08   3e-06  0.99  1.0e-01  9.0e-07  4.4e-02  1.1e-01  2.0e-01  2.2e-03  2.1e-01
 933  T 0   1.558e+08  -2e-07  0.99  1.0e-01  1.3e-06  4.9e-02  1.2e-01  2.4e-01  2.3e-03  2.4e-01
 934  T 0   1.558e+08   3e-06  0.99  1.0e-01  2.7e-06  6.8e-02  1.4e-01  2.0e-01  2.3e-03  2.1e-01
 935  F 0   1.558e+08  -1e-05  0.99  1.0e-01  3.5e-06  7.0e-02  1.6e-01  2.7e-01  2.2e-03  2.7e-01
 936  T 0   1.558e+08  -6e-06  0.99  1.0e-01  3.5e-06  1.0e-01  1.9e-01  2.0e-01  2.6e-03  2.0e-01
 937  T 0   1.558e+08  -2e-06  0.99  1.0e-01  2.6e-06  9.7e-02  2.0e-01  2.2e-01  2.6e-03  2.3e-01
 938  T 0   1.558e+08  -3e-06  0.99  1.0e-01  2.4e-06  1.0e-01  2.0e-01  2.1e-01  2.6e-03  2.1e-01
 939  T 0   1.558e+08  -1e-07  0.99  1.0e-01  2.9e-06  1.0e-01  2.1e-01  2.1e-01  2.6e-03  2.2e-01
 940  T 0   1.558e+08  -1e-06  0.99  1.0e-01  2.1e-06  1.0e-01  1.9e-01  2.3e-01  2.7e-03  2.4e-01
 941  T 0   1.558e+08  -6e-06  0.99  1.0e-01  2.0e-06  1.0e-01  2.0e-01  2.0e-01  1.9e-03  2.1e-01
 942  T 0   1.557e+08  -2e-06  0.99  1.0e-01  1.5e-06  1.0e-01  1.7e-01  2.2e-01  2.6e-03  2.2e-01
 943  T 0   1.557e+08   8e-06  0.99  1.0e-01  1.3e-06  8.5e-02  1.5e-01  2.0e-01  1.9e-03  2.1e-01
 944  T 0   1.557e+08   6e-06  0.99  1.0e-01  1.3e-06  6.6e-02  1.3e-01  2.1e-01  2.2e-03  2.1e-01
 945  F 0   1.557e+08  -1e-06  0.99  1.0e-01  1.4e-06  5.6e-02  9.8e-02  2.1e-01  2.6e-03  2.1e-01
 946  F 0   1.557e+08  -2e-06  0.99  1.0e-01  1.3e-06  3.7e-02  6.2e-02  2.1e-01  1.9e-03  2.1e-01
 947  F 0   1.557e+08  -3e-06  0.99  1.0e-01  1.1e-06  2.3e-02  4.5e-02  2.4e-01  1.9e-03  2.4e-01
 948  T 0   1.557e+08   1e-06  0.99  1.0e-01  9.9e-07  1.7e-02  3.9e-02  2.4e-01  1.5e-03  2.4e-01
 949  T 0   1.557e+08   7e-06  0.99  1.0e-01  8.3e-07  1.5e-02  3.5e-02  2.1e-01  1.8e-03  2.1e-01
 950  F 0   1.557e+08   4e-06  0.99  1.0e-01  6.8e-07  1.5e-02  3.2e-02  2.2e-01  2.2e-03  2.2e-01
 951  F 0   1.557e+08   3e-06  0.99  1.0e-01  8.2e-07  1.5e-02  3.1e-02  2.1e-01  2.3e-03  2.1e-01
 952  F 0   1.557e+08  -3e-06  0.99  1.0e-01  1.1e-06  1.5e-02  3.0e-02  2.1e-01  2.2e-03  2.1e-01
 953  F 0   1.557e+08   4e-06  0.99  1.0e-01  2.6e-06  1.2e-02  3.8e-02  2.1e-01  2.2e-03  2.1e-01
 954  F 0   1.557e+08  -2e-05  0.99  1.0e-01  4.3e-06  2.0e-02  6.5e-02  2.0e-01  2.3e-03  2.1e-01
 955  F 0   1.557e+08  -2e-06  0.99  1.0e-01  5.2e-06  3.6e-02  9.1e-02  2.1e-01  2.5e-03  2.1e-01
 956  F 0   1.557e+08  -7e-06  0.99  1.0e-01  2.4e-06  2.5e-02  7.3e-02  2.3e-01  2.5e-03  2.3e-01
 957  T 0   1.557e+08   5e-06  0.99  1.0e-01  4.2e-07  1.1e-02  2.7e-02  2.4e-01  2.0e-03  2.4e-01
 958  F 0   1.557e+08  -1e-05  0.99  1.0e-01  3.9e-07  7.8e-03  1.4e-02  2.2e-01  2.2e-03  2.2e-01
 959  F 0   1.557e+08  -1e-05  0.99  1.0e-01  4.0e-07  9.0e-03  1.3e-02  2.5e-01  2.2e-03  2.5e-01
 960  F 0   1.557e+08  -1e-05  0.99  1.0e-01  4.0e-07  9.5e-03  1.2e-02  2.1e-01  2.2e-03  2.2e-01
 961  F 0   1.557e+08  -6e-06  0.99  1.0e-01  4.1e-07  8.5e-03  1.2e-02  2.1e-01  1.8e-03  2.1e-01
 962  F 0   1.557e+08  -2e-06  0.99  1.0e-01  4.2e-07  6.7e-03  1.0e-02  2.2e-01  1.8e-03  2.2e-01
 963  F 0   1.557e+08   3e-06  0.99  1.0e-01  4.3e-07  4.8e-03  8.7e-03  2.1e-01  1.9e-03  2.1e-01
 964  T 0   1.557e+08   6e-06  0.99  1.0e-01  4.4e-07  3.2e-03  7.4e-03  2.1e-01  2.3e-03  2.1e-01
 965  T 0   1.557e+08   7e-06  0.99  1.0e-01  4.6e-07  3.3e-03  6.9e-03  2.4e-01  2.3e-03  2.4e-01
 966  F 0   1.557e+08   6e-06  0.99  1.0e-01  4.7e-07  3.4e-03  6.7e-03  2.5e-01  6.4e-03  2.5e-01
 967  T 0   1.557e+08   8e-06  0.99  1.0e-01  4.6e-07  3.1e-03  6.3e-03  2.8e-01  1.8e-03  2.8e-01
 968  F 0   1.557e+08   5e-06  0.99  1.0e-01  4.8e-07  3.3e-03  6.4e-03  2.4e-01  2.3e-03  2.4e-01
 969  T 0   1.557e+08   9e-06  0.99  1.0e-01  4.3e-07  3.0e-03  6.3e-03  2.2e-01  1.8e-03  2.2e-01
 970  F 0   1.557e+08   4e-06  0.99  1.0e-01  5.7e-07  3.2e-03  6.7e-03  2.1e-01  2.3e-03  2.1e-01
 971  F 0   1.557e+08   4e-06  0.99  1.0e-01  5.9e-07  3.4e-03  7.4e-03  2.1e-01  2.2e-03  2.1e-01
 972  F 0   1.557e+08  -4e-06  0.99  1.0e-01  1.6e-06  5.9e-03  1.4e-02  2.5e-01  2.3e-03  2.6e-01
 973  F 0   1.557e+08   1e-05  0.99  1.0e-01  4.2e-06  3.1e-02  5.4e-02  2.3e-01  1.9e-03  2.3e-01
 974  F 0   1.557e+08  -5e-06  0.99  1.0e-01  1.2e-05  1.0e-01  1.7e-01  2.2e-01  2.6e-03  2.2e-01
 975  F 0   1.558e+08  -3e-05  0.99  1.0e-01  1.5e-05  1.0e-01  2.4e-01  2.1e-01  1.8e-03  2.1e-01
 976  F 0   1.558e+08  -6e-05  0.99  1.0e-01  1.3e-05  1.0e-01  2.4e-01  2.0e-01  2.3e-03  2.0e-01
 977  F 0   1.557e+08  -1e-05  0.99  1.0e-01  4.6e-06  9.2e-02  1.6e-01  2.0e-01  2.5e-03  2.0e-01
 978  F 0   1.557e+08  -7e-07  0.99  1.0e-01  1.5e-06  1.9e-02  3.5e-02  2.4e-01  2.6e-03  2.4e-01
 979  F 0   1.557e+08   8e-06  0.99  1.0e-01  1.1e-06  5.2e-03  6.4e-03  2.3e-01  1.9e-03  2.3e-01
 980  T 0   1.557e+08   2e-05  0.99  1.0e-01  8.4e-07  4.4e-03  5.2e-03  2.8e-01  2.1e-03  2.9e-01
 981  T 0   1.557e+08   2e-05  0.99  1.0e-01  6.1e-07  3.3e-03  4.1e-03  2.2e-01  2.4e-03  2.3e-01
 982  T 0   1.557e+08   3e-05  0.99  1.0e-01  5.0e-07  2.2e-03  3.6e-03  2.3e-01  2.3e-03  2.3e-01
 983  F 0   1.557e+08   3e-05  0.99  1.0e-01  4.1e-07  2.8e-03  3.4e-03  2.3e-01  2.3e-03  2.3e-01
 984  F 0   1.557e+08   2e-05  0.99  1.0e-01  3.3e-07  9.1e-04  2.5e-03  2.1e-01  2.3e-03  2.1e-01
Termination on Convergence criteria
Total number of system evaluations: 985
