   k  l     Obj         Vio    Bou   ML       |KKT|    |dX|     ||dX||   T_s      T_o      T_t
   0  T 0   4.248e+08   1e-02  0.00  1.0e-01  3.0e+03  1.0e+00  1.0e+00  2.6e-01  0.0e+00  0.0e+00
   1  T 0   1.322e+08  -3e-05  0.47  1.0e-01  8.2e-02  1.0e-01  5.7e+00  2.0e-01  4.5e-03  2.0e-01
   2  T 0   4.487e+07  -9e-06  0.46  1.0e-01  1.7e-02  1.0e-01  4.3e+00  2.1e-01  3.4e-03  2.1e-01
   3  T 0   1.803e+07   8e-06  0.67  1.0e-01  4.9e-03  1.0e-01  4.4e+00  1.4e-01  1.5e-03  1.4e-01
   4  T 0   1.074e+07   3e-05  0.67  1.0e-01  1.9e-03  1.0e-01  3.5e+00  1.7e-01  2.3e-03  1.7e-01
   5  T 0   8.443e+06  -7e-05  0.75  1.0e-01  9.5e-04  1.0e-01  3.4e+00  1.9e-01  1.8e-03  1.9e-01
   6  T 0   6.312e+06   7e-05  0.74  1.0e-01  5.9e-04  1.0e-01  3.0e+00  2.1e-01  1.6e-03  2.1e-01
   7  T 0   5.850e+06  -1e-02  0.79  1.0e-01  5.3e-04  1.0e-01  2.9e+00  2.0e-01  1.1e-03  2.0e-01
   8  T 0   5.000e+06  -4e-06  0.79  1.0e-01  2.1e-03  1.0e-01  2.8e+00  2.2e-01  1.9e-03  2.2e-01
   9  F 0   5.000e+06  -4e-06  0.79  1.0e-01  2.1e-03  0.0e+00  0.0e+00  2.2e-01  1.0e-03  2.2e-01
   9  T 1   4.674e+06  -3e-05  0.80  1.0e-01  3.8e-04  1.0e-01  1.8e+00  1.5e-01  1.3e-03  1.5e-01
  10  T 0   4.528e+06  -2e-05  0.83  1.0e-01  3.7e-04  1.0e-01  2.6e+00  1.7e-01  1.7e-03  1.8e-01
  11  T 0   4.423e+06  -4e-02  0.86  1.0e-01  4.5e-04  1.0e-01  2.2e+00  1.6e-01  1.1e-03  1.6e-01
  12  F 0   4.423e+06  -4e-02  0.86  1.0e-01  4.5e-04  0.0e+00  0.0e+00  1.6e-01  2.3e-03  1.6e-01
  12  T 1   4.109e+06   3e-06  0.86  1.0e-01  2.2e-04  1.0e-01  1.9e+00  1.7e-01  1.7e-03  1.7e-01
  13  T 0   3.594e+06  -2e-02  0.86  1.0e-01  2.2e-04  1.0e-01  2.3e+00  1.6e-01  1.1e-03  1.6e-01
  14  F 0   3.594e+06  -2e-02  0.86  1.0e-01  2.2e-04  0.0e+00  0.0e+00  2.3e-01  1.7e-03  2.3e-01
  14  T 1   3.378e+06   7e-07  0.88  1.0e-01  1.8e-04  1.0e-01  1.8e+00  1.8e-01  1.7e-03  1.9e-01
  15  F 0   3.378e+06   7e-07  0.88  1.0e-01  1.8e-04  0.0e+00  0.0e+00  1.8e-01  1.1e-03  1.8e-01
  15  F 1   3.378e+06   7e-07  0.88  1.0e-01  1.8e-04  0.0e+00  0.0e+00  2.0e-01  1.5e-03  2.0e-01
  15  F 2   3.378e+06   7e-07  0.88  1.0e-01  1.8e-04  0.0e+00  0.0e+00  2.4e-01  1.3e-03  2.5e-01
  15  T 3   3.313e+06  -1e-05  0.86  1.0e-01  1.9e-04  1.0e-01  4.7e-01  1.7e-01  1.5e-03  1.7e-01
  16  T 0   3.213e+06  -4e-05  0.88  1.0e-01  2.3e-04  1.0e-01  2.1e+00  1.6e-01  1.8e-03  1.6e-01
  17  F 0   3.213e+06  -4e-05  0.88  1.0e-01  2.3e-04  0.0e+00  0.0e+00  1.6e-01  1.1e-03  1.7e-01
  17  F 1   3.213e+06  -4e-05  0.88  1.0e-01  2.3e-04  0.0e+00  0.0e+00  1.7e-01  1.4e-03  1.7e-01
  17  T 2   3.205e+06  -1e-05  0.87  1.0e-01  2.2e-04  1.0e-01  1.4e+00  1.3e-01  1.1e-03  1.3e-01
  18  F 0   3.205e+06  -1e-05  0.87  1.0e-01  2.2e-04  0.0e+00  0.0e+00  1.4e-01  1.3e-03  1.4e-01
  18  T 1   3.066e+06  -2e-05  0.91  1.0e-01  1.6e-04  1.0e-01  1.8e+00  1.4e-01  1.2e-03  1.4e-01
  19  T 0   3.051e+06   6e-05  0.91  1.0e-01  2.9e-04  1.0e-01  1.8e+00  1.4e-01  1.7e-03  1.4e-01
  20  F 0   3.051e+06   6e-05  0.91  1.0e-01  2.9e-04  0.0e+00  0.0e+00  1.4e-01  1.6e-03  1.5e-01
  20  T 1   3.012e+06  -1e-05  0.91  1.0e-01  1.5e-04  1.0e-01  1.5e+00  1.4e-01  1.6e-03  1.4e-01
  21  F 0   3.012e+06  -1e-05  0.91  1.0e-01  1.5e-04  0.0e+00  0.0e+00  1.4e-01  1.9e-03  1.4e-01
  21  F 1   3.012e+06  -1e-05  0.91  1.0e-01  1.5e-04  0.0e+00  0.0e+00  1.4e-01  1.5e-03  1.4e-01
  21  F 2   3.012e+06  -1e-05  0.91  1.0e-01  1.5e-04  0.0e+00  0.0e+00  1.7e-01  1.3e-03  1.7e-01
  21  T 3   2.934e+06  -2e-06  0.89  1.0e-01  1.7e-04  1.0e-01  4.9e-01  1.9e-01  1.2e-03  1.9e-01
  22  T 0   2.799e+06   4e-07  0.92  1.0e-01  1.4e-04  1.0e-01  1.7e+00  1.4e-01  1.7e-03  1.4e-01
  23  F 0   2.799e+06   4e-07  0.92  1.0e-01  1.4e-04  0.0e+00  0.0e+00  1.5e-01  1.7e-03  1.5e-01
  23  F 1   2.799e+06   4e-07  0.92  1.0e-01  1.4e-04  0.0e+00  0.0e+00  1.6e-01  1.4e-03  1.7e-01
  23  F 2   2.799e+06   4e-07  0.92  1.0e-01  1.4e-04  0.0e+00  0.0e+00  1.8e-01  1.4e-03  1.8e-01
  23  T 3   2.761e+06  -9e-07  0.90  1.0e-01  1.1e-04  1.0e-01  3.9e-01  1.6e-01  1.4e-03  1.6e-01
  24  T 0   2.657e+06  -1e-06  0.93  1.0e-01  1.0e-04  1.0e-01  1.6e+00  1.7e-01  1.9e-03  1.7e-01
  25  F 0   2.657e+06  -1e-06  0.93  1.0e-01  1.0e-04  0.0e+00  0.0e+00  2.1e-01  2.0e-03  2.1e-01
  25  F 1   2.657e+06  -1e-06  0.93  1.0e-01  1.0e-04  0.0e+00  0.0e+00  2.3e-01  1.5e-03  2.3e-01
  25  F 2   2.657e+06  -1e-06  0.93  1.0e-01  1.0e-04  0.0e+00  0.0e+00  1.8e-01  1.4e-03  1.9e-01
  25  T 3   2.641e+06  -2e-08  0.92  1.0e-01  3.8e-05  7.1e-02  2.2e-01  1.6e-01  1.4e-03  1.6e-01
  26  T 0   2.575e+06  -2e-05  0.94  1.0e-01  3.5e-05  1.0e-01  1.5e+00  1.6e-01  1.7e-03  1.6e-01
  27  T 0   2.567e+06  -1e-06  0.95  1.0e-01  9.8e-05  1.0e-01  1.4e+00  1.6e-01  2.1e-03  1.6e-01
  28  F 0   2.567e+06  -1e-06  0.95  1.0e-01  9.8e-05  0.0e+00  0.0e+00  1.6e-01  1.7e-03  1.6e-01
  28  F 1   2.567e+06  -1e-06  0.95  1.0e-01  9.8e-05  0.0e+00  0.0e+00  1.7e-01  1.1e-03  1.7e-01
  28  F 2   2.567e+06  -1e-06  0.95  1.0e-01  9.8e-05  0.0e+00  0.0e+00  2.1e-01  1.3e-03  2.1e-01
  28  T 3   2.539e+06   3e-06  0.93  1.0e-01  4.4e-05  7.9e-02  3.1e-01  1.8e-01  1.3e-03  1.9e-01
  29  F 0   2.539e+06   3e-06  0.93  1.0e-01  4.4e-05  0.0e+00  0.0e+00  1.8e-01  1.6e-03  1.8e-01
  29  F 1   2.539e+06   3e-06  0.93  1.0e-01  4.4e-05  0.0e+00  0.0e+00  2.1e-01  1.6e-03  2.1e-01
  29  T 2   2.529e+06  -2e-05  0.95  1.0e-01  6.4e-05  1.0e-01  7.0e-01  2.5e-01  1.4e-03  2.5e-01
  30  F 0   2.529e+06  -2e-05  0.95  1.0e-01  6.4e-05  0.0e+00  0.0e+00  2.0e-01  1.7e-03  2.0e-01
  30  T 1   2.516e+06   6e-06  0.96  1.0e-01  6.9e-05  1.0e-01  1.1e+00  1.5e-01  1.2e-03  1.5e-01
  31  F 0   2.516e+06   6e-06  0.96  1.0e-01  6.9e-05  0.0e+00  0.0e+00  1.6e-01  1.5e-03  1.6e-01
  31  F 1   2.516e+06   6e-06  0.96  1.0e-01  6.9e-05  0.0e+00  0.0e+00  1.6e-01  1.5e-03  1.6e-01
  31  F 2   2.516e+06   6e-06  0.96  1.0e-01  6.9e-05  0.0e+00  0.0e+00  1.9e-01  1.4e-03  1.9e-01
  31  T 3   2.504e+06  -1e-06  0.94  1.0e-01  4.3e-05  6.4e-02  1.8e-01  1.8e-01  1.3e-03  1.8e-01
  32  T 0   2.488e+06  -2e-05  0.97  1.0e-01  3.8e-05  1.0e-01  1.1e+00  1.7e-01  2.1e-03  1.7e-01
  33  F 0   2.488e+06  -2e-05  0.97  1.0e-01  3.8e-05  0.0e+00  0.0e+00  1.8e-01  1.7e-03  1.8e-01
  33  T 1   2.484e+06  -1e-06  0.97  1.0e-01  5.5e-05  1.0e-01  9.4e-01  1.8e-01  1.6e-03  1.8e-01
  34  F 0   2.484e+06  -1e-06  0.97  1.0e-01  5.5e-05  0.0e+00  0.0e+00  2.4e-01  1.6e-03  2.5e-01
  34  F 1   2.484e+06  -1e-06  0.97  1.0e-01  5.5e-05  0.0e+00  0.0e+00  2.5e-01  1.3e-03  2.5e-01
  34  F 2   2.484e+06  -1e-06  0.97  1.0e-01  5.5e-05  0.0e+00  0.0e+00  1.7e-01  1.3e-03  1.7e-01
  34  T 3   2.478e+06   9e-07  0.96  1.0e-01  3.6e-05  4.6e-02  1.3e-01  1.7e-01  1.3e-03  1.7e-01
  35  T 0   2.472e+06  -6e-07  0.97  1.0e-01  4.9e-05  1.0e-01  1.1e+00  1.6e-01  1.8e-03  1.6e-01
  36  F 0   2.472e+06  -6e-07  0.97  1.0e-01  4.9e-05  0.0e+00  0.0e+00  1.6e-01  1.7e-03  1.6e-01
  36  F 1   2.472e+06  -6e-07  0.97  1.0e-01  4.9e-05  0.0e+00  0.0e+00  1.9e-01  1.6e-03  1.9e-01
  36  T 2   2.471e+06   1e-06  0.97  1.0e-01  3.2e-05  1.0e-01  4.7e-01  1.6e-01  1.4e-03  1.6e-01
  37  T 0   2.453e+06  -1e-05  0.98  1.0e-01  3.1e-05  1.0e-01  9.8e-01  1.9e-01  1.9e-03  1.9e-01
  38  F 0   2.453e+06  -1e-05  0.98  1.0e-01  3.1e-05  0.0e+00  0.0e+00  1.9e-01  1.7e-03  1.9e-01
  38  F 1   2.453e+06  -1e-05  0.98  1.0e-01  3.1e-05  0.0e+00  0.0e+00  1.5e-01  1.4e-03  1.6e-01
  38  F 2   2.453e+06  -1e-05  0.98  1.0e-01  3.1e-05  0.0e+00  0.0e+00  1.6e-01  1.1e-03  1.6e-01
  38  T 3   2.451e+06  -7e-06  0.97  1.0e-01  1.8e-05  2.9e-02  8.5e-02  1.6e-01  1.1e-03  1.6e-01
  39  F 0   2.451e+06  -7e-06  0.97  1.0e-01  1.8e-05  0.0e+00  0.0e+00  1.9e-01  2.0e-03  1.9e-01
  39  F 1   2.451e+06  -7e-06  0.97  1.0e-01  1.8e-05  0.0e+00  0.0e+00  1.7e-01  1.4e-03  1.7e-01
  39  F 2   2.451e+06  -7e-06  0.97  1.0e-01  1.8e-05  0.0e+00  0.0e+00  1.6e-01  1.5e-03  1.7e-01
  39  T 3   2.449e+06  -1e-06  0.97  1.0e-01  1.2e-05  1.9e-02  6.0e-02  1.8e-01  1.3e-03  1.8e-01
  40  F 0   2.449e+06  -1e-06  0.97  1.0e-01  1.2e-05  0.0e+00  0.0e+00  2.3e-01  1.6e-03  2.4e-01
  40  F 1   2.449e+06  -1e-06  0.97  1.0e-01  1.2e-05  0.0e+00  0.0e+00  1.8e-01  1.5e-03  1.8e-01
  40  F 2   2.449e+06  -1e-06  0.97  1.0e-01  1.2e-05  0.0e+00  0.0e+00  2.0e-01  1.1e-03  2.0e-01
  40  T 3   2.449e+06  -1e-07  0.97  1.0e-01  9.4e-06  1.3e-02  4.3e-02  1.7e-01  1.1e-03  1.7e-01
  41  T 0   2.445e+06   6e-05  0.98  1.0e-01  3.7e-05  1.0e-01  8.9e-01  2.0e-01  1.4e-03  2.0e-01
  42  F 0   2.445e+06   6e-05  0.98  1.0e-01  3.7e-05  0.0e+00  0.0e+00  1.8e-01  1.9e-03  1.8e-01
  42  T 1   2.443e+06  -2e-06  0.98  1.0e-01  2.5e-05  1.0e-01  7.1e-01  2.5e-01  1.2e-03  2.5e-01
  43  F 0   2.443e+06  -2e-06  0.98  1.0e-01  2.5e-05  0.0e+00  0.0e+00  1.6e-01  1.7e-03  1.6e-01
  43  F 1   2.443e+06  -2e-06  0.98  1.0e-01  2.5e-05  0.0e+00  0.0e+00  1.6e-01  1.4e-03  1.6e-01
  43  T 2   2.440e+06  -1e-07  0.98  1.0e-01  2.9e-05  1.0e-01  4.8e-01  1.6e-01  1.3e-03  1.6e-01
  44  F 0   2.440e+06  -1e-07  0.98  1.0e-01  2.9e-05  0.0e+00  0.0e+00  1.8e-01  1.4e-03  1.8e-01
  44  F 1   2.440e+06  -1e-07  0.98  1.0e-01  2.9e-05  0.0e+00  0.0e+00  1.5e-01  1.2e-03  1.6e-01
  44  T 2   2.438e+06  -3e-06  0.98  1.0e-01  1.7e-05  9.6e-02  2.5e-01  1.9e-01  1.2e-03  1.9e-01
  45  T 0   2.437e+06  -9e-06  0.98  1.0e-01  3.5e-05  1.0e-01  8.3e-01  1.6e-01  2.0e-03  1.6e-01
  46  F 0   2.437e+06  -9e-06  0.98  1.0e-01  3.5e-05  0.0e+00  0.0e+00  1.7e-01  1.4e-03  1.7e-01
  46  F 1   2.437e+06  -9e-06  0.98  1.0e-01  3.5e-05  0.0e+00  0.0e+00  1.9e-01  1.3e-03  2.0e-01
  46  F 2   2.437e+06  -9e-06  0.98  1.0e-01  3.5e-05  0.0e+00  0.0e+00  1.8e-01  1.4e-03  1.9e-01
  46  T 3   2.434e+06   2e-06  0.97  1.0e-01  2.0e-05  3.1e-02  9.3e-02  1.6e-01  1.3e-03  1.6e-01
  47  F 0   2.434e+06   2e-06  0.97  1.0e-01  2.0e-05  0.0e+00  0.0e+00  1.6e-01  1.8e-03  1.6e-01
  47  F 1   2.434e+06   2e-06  0.97  1.0e-01  2.0e-05  0.0e+00  0.0e+00  1.6e-01  1.6e-03  1.6e-01
  47  F 2   2.434e+06   2e-06  0.97  1.0e-01  2.0e-05  0.0e+00  0.0e+00  1.6e-01  1.4e-03  1.6e-01
  47  T 3   2.433e+06  -2e-06  0.97  1.0e-01  1.4e-05  2.2e-02  6.6e-02  2.0e-01  1.1e-03  2.0e-01
  48  F 0   2.433e+06  -2e-06  0.97  1.0e-01  1.4e-05  0.0e+00  0.0e+00  1.5e-01  1.8e-03  1.5e-01
  48  F 1   2.433e+06  -2e-06  0.97  1.0e-01  1.4e-05  0.0e+00  0.0e+00  1.6e-01  1.4e-03  1.6e-01
  48  F 2   2.433e+06  -2e-06  0.97  1.0e-01  1.4e-05  0.0e+00  0.0e+00  1.6e-01  1.3e-03  1.6e-01
  48  T 3   2.432e+06  -4e-07  0.98  1.0e-01  1.0e-05  1.5e-02  4.6e-02  1.6e-01  1.1e-03  1.6e-01
  49  F 0   2.432e+06  -4e-07  0.98  1.0e-01  1.0e-05  0.0e+00  0.0e+00  1.6e-01  1.7e-03  1.6e-01
  49  F 1   2.432e+06  -4e-07  0.98  1.0e-01  1.0e-05  0.0e+00  0.0e+00  2.0e-01  1.3e-03  2.0e-01
  49  F 2   2.432e+06  -4e-07  0.98  1.0e-01  1.0e-05  0.0e+00  0.0e+00  1.9e-01  1.3e-03  1.9e-01
  49  T 3   2.431e+06  -5e-10  0.98  1.0e-01  8.3e-06  1.1e-02  3.3e-02  1.5e-01  1.1e-03  1.5e-01
  50  T 0   2.431e+06   2e-05  0.98  1.0e-01  3.0e-05  1.0e-01  7.9e-01  1.6e-01  1.9e-03  1.6e-01
  51  F 0   2.431e+06   2e-05  0.98  1.0e-01  3.0e-05  0.0e+00  0.0e+00  1.7e-01  1.6e-03  1.7e-01
  51  F 1   2.431e+06   2e-05  0.98  1.0e-01  3.0e-05  0.0e+00  0.0e+00  1.5e-01  1.5e-03  1.6e-01
  51  T 2   2.429e+06  -3e-06  0.98  1.0e-01  2.0e-05  9.1e-02  2.3e-01  1.7e-01  1.4e-03  1.7e-01
  52  T 0   2.427e+06  -2e-06  0.98  1.0e-01  2.7e-05  1.0e-01  7.6e-01  1.6e-01  1.7e-03  1.6e-01
  53  F 0   2.427e+06  -2e-06  0.98  1.0e-01  2.7e-05  0.0e+00  0.0e+00  1.6e-01  1.5e-03  1.6e-01
  53  F 1   2.427e+06  -2e-06  0.98  1.0e-01  2.7e-05  0.0e+00  0.0e+00  1.6e-01  1.2e-03  1.6e-01
  53  F 2   2.427e+06  -2e-06  0.98  1.0e-01  2.7e-05  0.0e+00  0.0e+00  1.6e-01  1.1e-03  1.6e-01
  53  T 3   2.425e+06  -5e-06  0.98  1.0e-01  1.6e-05  2.5e-02  7.3e-02  1.6e-01  1.1e-03  1.6e-01
  54  F 0   2.425e+06  -5e-06  0.98  1.0e-01  1.6e-05  0.0e+00  0.0e+00  1.6e-01  1.6e-03  1.6e-01
  54  F 1   2.425e+06  -5e-06  0.98  1.0e-01  1.6e-05  0.0e+00  0.0e+00  1.5e-01  1.4e-03  1.6e-01
  54  F 2   2.425e+06  -5e-06  0.98  1.0e-01  1.6e-05  0.0e+00  0.0e+00  1.8e-01  1.4e-03  1.8e-01
  54  T 3   2.425e+06  -1e-06  0.98  1.0e-01  1.3e-05  1.7e-02  5.0e-02  2.0e-01  1.1e-03  2.0e-01
  55  F 0   2.425e+06  -1e-06  0.98  1.0e-01  1.3e-05  0.0e+00  0.0e+00  2.0e-01  1.7e-03  2.1e-01
  55  F 1   2.425e+06  -1e-06  0.98  1.0e-01  1.3e-05  0.0e+00  0.0e+00  1.5e-01  1.4e-03  1.5e-01
  55  F 2   2.425e+06  -1e-06  0.98  1.0e-01  1.3e-05  0.0e+00  0.0e+00  1.8e-01  1.1e-03  1.8e-01
  55  T 3   2.424e+06  -5e-07  0.98  1.0e-01  1.0e-05  1.3e-02  3.7e-02  1.6e-01  1.1e-03  1.6e-01
  56  F 0   2.424e+06  -5e-07  0.98  1.0e-01  1.0e-05  0.0e+00  0.0e+00  2.1e-01  1.7e-03  2.1e-01
  56  F 1   2.424e+06  -5e-07  0.98  1.0e-01  1.0e-05  0.0e+00  0.0e+00  2.0e-01  1.4e-03  2.0e-01
  56  T 2   2.423e+06   8e-06  0.98  1.0e-01  1.9e-05  1.0e-01  2.7e-01  1.7e-01  1.1e-03  1.7e-01
  57  F 0   2.423e+06   8e-06  0.98  1.0e-01  1.9e-05  0.0e+00  0.0e+00  1.7e-01  1.7e-03  1.7e-01
  57  F 1   2.423e+06   8e-06  0.98  1.0e-01  1.9e-05  0.0e+00  0.0e+00  1.6e-01  1.4e-03  1.7e-01
  57  T 2   2.422e+06  -2e-06  0.98  1.0e-01  8.6e-06  8.7e-02  2.2e-01  1.9e-01  1.1e-03  1.9e-01
  58  T 0   2.420e+06   3e-05  0.98  1.0e-01  1.8e-05  1.0e-01  7.5e-01  2.0e-01  1.6e-03  2.0e-01
  59  F 0   2.420e+06   3e-05  0.98  1.0e-01  1.8e-05  0.0e+00  0.0e+00  1.7e-01  1.4e-03  1.8e-01
  59  F 1   2.420e+06   3e-05  0.98  1.0e-01  1.8e-05  0.0e+00  0.0e+00  1.6e-01  1.6e-03  1.7e-01
  59  F 2   2.420e+06   3e-05  0.98  1.0e-01  1.8e-05  0.0e+00  0.0e+00  1.8e-01  1.3e-03  1.8e-01
  59  T 3   2.419e+06  -4e-06  0.98  1.0e-01  1.2e-05  1.6e-02  4.2e-02  1.6e-01  1.1e-03  1.6e-01
  60  F 0   2.419e+06  -4e-06  0.98  1.0e-01  1.2e-05  0.0e+00  0.0e+00  1.6e-01  1.6e-03  1.7e-01
  60  F 1   2.419e+06  -4e-06  0.98  1.0e-01  1.2e-05  0.0e+00  0.0e+00  1.7e-01  1.4e-03  1.7e-01
  60  F 2   2.419e+06  -4e-06  0.98  1.0e-01  1.2e-05  0.0e+00  0.0e+00  1.7e-01  1.3e-03  1.7e-01
  60  T 3   2.419e+06  -5e-08  0.98  1.0e-01  9.6e-06  1.2e-02  3.1e-02  1.9e-01  1.1e-03  1.9e-01
  61  F 0   2.419e+06  -5e-08  0.98  1.0e-01  9.6e-06  0.0e+00  0.0e+00  1.6e-01  1.7e-03  1.7e-01
  61  F 1   2.419e+06  -5e-08  0.98  1.0e-01  9.6e-06  0.0e+00  0.0e+00  1.6e-01  1.5e-03  1.6e-01
  61  T 2   2.419e+06   1e-06  0.98  1.0e-01  1.4e-05  9.9e-02  2.5e-01  2.0e-01  1.1e-03  2.0e-01
  62  F 0   2.419e+06   1e-06  0.98  1.0e-01  1.4e-05  0.0e+00  0.0e+00  2.0e-01  1.4e-03  2.1e-01
  62  F 1   2.419e+06   1e-06  0.98  1.0e-01  1.4e-05  0.0e+00  0.0e+00  1.5e-01  1.2e-03  1.5e-01
  62  T 2   2.418e+06  -2e-06  0.98  1.0e-01  1.1e-05  7.2e-02  2.4e-01  1.6e-01  1.2e-03  1.6e-01
  63  F 0   2.418e+06  -2e-06  0.98  1.0e-01  1.1e-05  0.0e+00  0.0e+00  1.8e-01  1.9e-03  1.8e-01
  63  F 1   2.418e+06  -2e-06  0.98  1.0e-01  1.1e-05  0.0e+00  0.0e+00  1.6e-01  1.2e-03  1.6e-01
  63  T 2   2.418e+06   6e-06  0.98  1.0e-01  1.5e-05  6.5e-02  2.1e-01  1.6e-01  1.1e-03  1.6e-01
  64  F 0   2.418e+06   6e-06  0.98  1.0e-01  1.5e-05  0.0e+00  0.0e+00  1.6e-01  1.6e-03  1.6e-01
  64  F 1   2.418e+06   6e-06  0.98  1.0e-01  1.5e-05  0.0e+00  0.0e+00  1.6e-01  1.4e-03  1.6e-01
  64  T 2   2.417e+06  -2e-06  0.98  1.0e-01  8.7e-06  7.0e-02  2.0e-01  1.6e-01  1.2e-03  1.6e-01
  65  F 0   2.417e+06  -2e-06  0.98  1.0e-01  8.7e-06  0.0e+00  0.0e+00  1.6e-01  1.5e-03  1.6e-01
  65  F 1   2.417e+06  -2e-06  0.98  1.0e-01  8.7e-06  0.0e+00  0.0e+00  1.6e-01  1.3e-03  1.6e-01
  65  T 2   2.416e+06   2e-06  0.98  1.0e-01  1.1e-05  7.0e-02  1.9e-01  1.9e-01  1.2e-03  1.9e-01
  66  F 0   2.416e+06   2e-06  0.98  1.0e-01  1.1e-05  0.0e+00  0.0e+00  1.6e-01  1.7e-03  1.6e-01
  66  F 1   2.416e+06   2e-06  0.98  1.0e-01  1.1e-05  0.0e+00  0.0e+00  1.5e-01  1.2e-03  1.6e-01
  66  T 2   2.416e+06   8e-06  0.98  1.0e-01  1.9e-05  7.1e-02  2.1e-01  1.6e-01  1.3e-03  1.6e-01
  67  F 0   2.416e+06   8e-06  0.98  1.0e-01  1.9e-05  0.0e+00  0.0e+00  1.6e-01  1.4e-03  1.6e-01
  67  F 1   2.416e+06   8e-06  0.98  1.0e-01  1.9e-05  0.0e+00  0.0e+00  1.7e-01  1.5e-03  1.7e-01
  67  F 2   2.416e+06   8e-06  0.98  1.0e-01  1.9e-05  0.0e+00  0.0e+00  1.5e-01  1.1e-03  1.6e-01
  67  T 3   2.416e+06  -5e-06  0.98  1.0e-01  1.2e-05  1.7e-02  3.9e-02  1.6e-01  1.1e-03  1.6e-01
  68  F 0   2.416e+06  -5e-06  0.98  1.0e-01  1.2e-05  0.0e+00  0.0e+00  1.6e-01  1.6e-03  1.7e-01
  68  F 1   2.416e+06  -5e-06  0.98  1.0e-01  1.2e-05  0.0e+00  0.0e+00  1.7e-01  1.3e-03  1.7e-01
  68  T 2   2.415e+06   1e-05  0.98  1.0e-01  1.3e-05  5.6e-02  1.8e-01  1.6e-01  1.1e-03  1.7e-01
  69  F 0   2.415e+06   1e-05  0.98  1.0e-01  1.3e-05  0.0e+00  0.0e+00  1.7e-01  1.4e-03  1.7e-01
  69  F 1   2.415e+06   1e-05  0.98  1.0e-01  1.3e-05  0.0e+00  0.0e+00  1.6e-01  1.1e-03  1.6e-01
  69  F 2   2.415e+06   1e-05  0.98  1.0e-01  1.3e-05  0.0e+00  0.0e+00  1.6e-01  1.3e-03  1.6e-01
  69  T 3   2.415e+06   5e-06  0.98  1.0e-01  9.7e-06  7.4e-03  2.5e-02  1.6e-01  1.1e-03  1.6e-01
  70  F 0   2.415e+06   5e-06  0.98  1.0e-01  9.7e-06  0.0e+00  0.0e+00  1.6e-01  1.9e-03  1.6e-01
  70  F 1   2.415e+06   5e-06  0.98  1.0e-01  9.7e-06  0.0e+00  0.0e+00  1.7e-01  1.4e-03  1.8e-01
  70  T 2   2.415e+06  -9e-07  0.98  1.0e-01  1.7e-05  7.3e-02  2.1e-01  1.8e-01  1.1e-03  1.8e-01
  71  F 0   2.415e+06  -9e-07  0.98  1.0e-01  1.7e-05  0.0e+00  0.0e+00  1.9e-01  2.0e-03  1.9e-01
  71  F 1   2.415e+06  -9e-07  0.98  1.0e-01  1.7e-05  0.0e+00  0.0e+00  1.5e-01  1.2e-03  1.5e-01
  71  F 2   2.415e+06  -9e-07  0.98  1.0e-01  1.7e-05  0.0e+00  0.0e+00  1.6e-01  1.1e-03  1.6e-01
  71  T 3   2.414e+06  -2e-06  0.98  1.0e-01  9.2e-06  1.2e-02  3.0e-02  1.6e-01  1.1e-03  1.6e-01
  72  F 0   2.414e+06  -2e-06  0.98  1.0e-01  9.2e-06  0.0e+00  0.0e+00  1.6e-01  1.6e-03  1.6e-01
  72  F 1   2.414e+06  -2e-06  0.98  1.0e-01  9.2e-06  0.0e+00  0.0e+00  1.9e-01  1.3e-03  1.9e-01
  72  T 2   2.414e+06   8e-06  0.98  1.0e-01  1.1e-05  5.6e-02  1.7e-01  1.5e-01  1.1e-03  1.5e-01
  73  F 0   2.414e+06   8e-06  0.98  1.0e-01  1.1e-05  0.0e+00  0.0e+00  1.6e-01  1.6e-03  1.6e-01
  73  F 1   2.414e+06   8e-06  0.98  1.0e-01  1.1e-05  0.0e+00  0.0e+00  1.6e-01  1.3e-03  1.6e-01
  73  T 2   2.414e+06  -3e-06  0.98  1.0e-01  2.0e-05  7.1e-02  2.3e-01  1.6e-01  1.4e-03  1.6e-01
  74  F 0   2.414e+06  -3e-06  0.98  1.0e-01  2.0e-05  0.0e+00  0.0e+00  1.6e-01  1.6e-03  1.6e-01
  74  F 1   2.414e+06  -3e-06  0.98  1.0e-01  2.0e-05  0.0e+00  0.0e+00  1.6e-01  1.2e-03  1.6e-01
  74  F 2   2.414e+06  -3e-06  0.98  1.0e-01  2.0e-05  0.0e+00  0.0e+00  1.6e-01  1.3e-03  1.6e-01
  74  T 3   2.414e+06   1e-06  0.98  1.0e-01  1.2e-05  1.6e-02  3.7e-02  1.6e-01  1.1e-03  1.6e-01
  75  F 0   2.414e+06   1e-06  0.98  1.0e-01  1.2e-05  0.0e+00  0.0e+00  1.6e-01  1.6e-03  1.6e-01
  75  F 1   2.414e+06   1e-06  0.98  1.0e-01  1.2e-05  0.0e+00  0.0e+00  1.6e-01  1.4e-03  1.6e-01
  75  F 2   2.414e+06   1e-06  0.98  1.0e-01  1.2e-05  0.0e+00  0.0e+00  1.6e-01  1.2e-03  1.6e-01
  75  T 3   2.413e+06  -2e-05  0.98  1.0e-01  4.7e-06  1.1e-02  2.5e-02  1.6e-01  9.8e-04  1.6e-01
  76  F 0   2.413e+06  -2e-05  0.98  1.0e-01  4.7e-06  0.0e+00  0.0e+00  1.6e-01  1.5e-03  1.6e-01
  76  F 1   2.413e+06  -2e-05  0.98  1.0e-01  4.7e-06  0.0e+00  0.0e+00  1.6e-01  1.3e-03  1.6e-01
  76  T 2   2.413e+06   1e-08  0.98  1.0e-01  9.6e-06  5.2e-02  1.6e-01  1.6e-01  1.3e-03  1.6e-01
  77  F 0   2.413e+06   1e-08  0.98  1.0e-01  9.6e-06  0.0e+00  0.0e+00  1.6e-01  2.1e-03  1.6e-01
  77  F 1   2.413e+06   1e-08  0.98  1.0e-01  9.6e-06  0.0e+00  0.0e+00  1.6e-01  1.4e-03  1.6e-01
  77  T 2   2.413e+06  -3e-07  0.98  1.0e-01  1.2e-05  6.5e-02  2.1e-01  1.6e-01  1.4e-03  1.6e-01
  78  F 0   2.413e+06  -3e-07  0.98  1.0e-01  1.2e-05  0.0e+00  0.0e+00  1.6e-01  1.8e-03  1.6e-01
  78  F 1   2.413e+06  -3e-07  0.98  1.0e-01  1.2e-05  0.0e+00  0.0e+00  1.6e-01  1.4e-03  1.6e-01
  78  F 2   2.413e+06  -3e-07  0.98  1.0e-01  1.2e-05  0.0e+00  0.0e+00  1.6e-01  1.2e-03  1.6e-01
  78  T 3   2.413e+06   4e-07  0.98  1.0e-01  7.4e-06  9.9e-03  2.8e-02  1.7e-01  1.1e-03  1.7e-01
  79  F 0   2.413e+06   4e-07  0.98  1.0e-01  7.4e-06  0.0e+00  0.0e+00  1.6e-01  1.4e-03  1.6e-01
  79  F 1   2.413e+06   4e-07  0.98  1.0e-01  7.4e-06  0.0e+00  0.0e+00  1.6e-01  1.4e-03  1.6e-01
  79  F 2   2.413e+06   4e-07  0.98  1.0e-01  7.4e-06  0.0e+00  0.0e+00  1.6e-01  1.2e-03  1.6e-01
  79  T 3   2.413e+06  -2e-05  0.98  1.0e-01  5.9e-06  7.5e-03  2.1e-02  1.6e-01  9.6e-04  1.6e-01
  80  F 0   2.413e+06  -2e-05  0.98  1.0e-01  5.9e-06  0.0e+00  0.0e+00  1.9e-01  1.6e-03  1.9e-01
  80  F 1   2.413e+06  -2e-05  0.98  1.0e-01  5.9e-06  0.0e+00  0.0e+00  1.5e-01  1.2e-03  1.5e-01
  80  T 2   2.412e+06   1e-06  0.98  1.0e-01  9.9e-06  6.1e-02  1.6e-01  1.7e-01  1.1e-03  1.7e-01
  81  F 0   2.412e+06   1e-06  0.98  1.0e-01  9.9e-06  0.0e+00  0.0e+00  1.6e-01  1.5e-03  1.6e-01
  81  F 1   2.412e+06   1e-06  0.98  1.0e-01  9.9e-06  0.0e+00  0.0e+00  1.6e-01  1.5e-03  1.6e-01
  81  T 2   2.412e+06  -3e-06  0.98  1.0e-01  1.2e-05  6.5e-02  2.1e-01  2.0e-01  1.4e-03  2.1e-01
  82  F 0   2.412e+06  -3e-06  0.98  1.0e-01  1.2e-05  0.0e+00  0.0e+00  1.5e-01  1.8e-03  1.5e-01
  82  F 1   2.412e+06  -3e-06  0.98  1.0e-01  1.2e-05  0.0e+00  0.0e+00  1.5e-01  1.4e-03  1.5e-01
  82  F 2   2.412e+06  -3e-06  0.98  1.0e-01  1.2e-05  0.0e+00  0.0e+00  1.6e-01  1.3e-03  1.6e-01
  82  T 3   2.412e+06  -3e-06  0.98  1.0e-01  8.1e-06  1.1e-02  2.8e-02  1.9e-01  1.2e-03  1.9e-01
  83  F 0   2.412e+06  -3e-06  0.98  1.0e-01  8.1e-06  0.0e+00  0.0e+00  1.7e-01  1.4e-03  1.7e-01
  83  F 1   2.412e+06  -3e-06  0.98  1.0e-01  8.1e-06  0.0e+00  0.0e+00  2.1e-01  1.4e-03  2.1e-01
  83  F 2   2.412e+06  -3e-06  0.98  1.0e-01  8.1e-06  0.0e+00  0.0e+00  2.0e-01  1.1e-03  2.0e-01
  83  T 3   2.412e+06  -2e-05  0.98  1.0e-01  6.7e-06  8.3e-03  2.1e-02  2.2e-01  9.5e-04  2.2e-01
  84  F 0   2.412e+06  -2e-05  0.98  1.0e-01  6.7e-06  0.0e+00  0.0e+00  1.6e-01  1.6e-03  1.7e-01
  84  F 1   2.412e+06  -2e-05  0.98  1.0e-01  6.7e-06  0.0e+00  0.0e+00  1.7e-01  1.1e-03  1.7e-01
  84  T 2   2.412e+06   3e-07  0.98  1.0e-01  9.9e-06  6.9e-02  1.6e-01  1.6e-01  1.2e-03  1.6e-01
  85  F 0   2.412e+06   3e-07  0.98  1.0e-01  9.9e-06  0.0e+00  0.0e+00  1.6e-01  1.5e-03  1.6e-01
  85  F 1   2.412e+06   3e-07  0.98  1.0e-01  9.9e-06  0.0e+00  0.0e+00  1.6e-01  1.3e-03  1.6e-01
  85  F 2   2.412e+06   3e-07  0.98  1.0e-01  9.9e-06  0.0e+00  0.0e+00  1.7e-01  1.4e-03  1.7e-01
  85  T 3   2.412e+06   8e-06  0.98  1.0e-01  6.7e-06  6.9e-03  2.3e-02  1.8e-01  1.1e-03  1.8e-01
  86  F 0   2.412e+06   8e-06  0.98  1.0e-01  6.7e-06  0.0e+00  0.0e+00  1.7e-01  1.7e-03  1.7e-01
  86  F 1   2.412e+06   8e-06  0.98  1.0e-01  6.7e-06  0.0e+00  0.0e+00  1.6e-01  1.5e-03  1.6e-01
  86  F 2   2.412e+06   8e-06  0.98  1.0e-01  6.7e-06  0.0e+00  0.0e+00  1.6e-01  1.1e-03  1.6e-01
  86  T 3   2.411e+06   1e-05  0.98  1.0e-01  5.1e-06  6.7e-03  1.9e-02  1.7e-01  9.3e-04  1.8e-01
  87  F 0   2.411e+06   1e-05  0.98  1.0e-01  5.1e-06  0.0e+00  0.0e+00  1.8e-01  2.1e-03  1.8e-01
  87  F 1   2.411e+06   1e-05  0.98  1.0e-01  5.1e-06  0.0e+00  0.0e+00  1.6e-01  1.4e-03  1.6e-01
  87  T 2   2.411e+06  -2e-07  0.98  1.0e-01  1.2e-05  5.3e-02  1.5e-01  1.6e-01  1.1e-03  1.7e-01
  88  F 0   2.411e+06  -2e-07  0.98  1.0e-01  1.2e-05  0.0e+00  0.0e+00  1.6e-01  1.7e-03  1.6e-01
  88  F 1   2.411e+06  -2e-07  0.98  1.0e-01  1.2e-05  0.0e+00  0.0e+00  1.6e-01  1.3e-03  1.6e-01
  88  F 2   2.411e+06  -2e-07  0.98  1.0e-01  1.2e-05  0.0e+00  0.0e+00  1.8e-01  1.3e-03  1.8e-01
  88  T 3   2.411e+06  -3e-07  0.98  1.0e-01  9.1e-06  1.1e-02  2.3e-02  2.1e-01  1.1e-03  2.1e-01
  89  F 0   2.411e+06  -3e-07  0.98  1.0e-01  9.1e-06  0.0e+00  0.0e+00  1.7e-01  1.7e-03  1.7e-01
  89  F 1   2.411e+06  -3e-07  0.98  1.0e-01  9.1e-06  0.0e+00  0.0e+00  1.8e-01  1.2e-03  1.8e-01
  89  T 2   2.411e+06  -8e-07  0.98  1.0e-01  9.0e-06  5.4e-02  1.6e-01  1.7e-01  1.1e-03  1.7e-01
  90  F 0   2.411e+06  -8e-07  0.98  1.0e-01  9.0e-06  0.0e+00  0.0e+00  1.6e-01  1.5e-03  1.6e-01
  90  F 1   2.411e+06  -8e-07  0.98  1.0e-01  9.0e-06  0.0e+00  0.0e+00  1.6e-01  1.4e-03  1.6e-01
  90  T 2   2.411e+06   8e-06  0.98  1.0e-01  1.6e-05  6.5e-02  2.1e-01  1.7e-01  1.3e-03  1.7e-01
  91  F 0   2.411e+06   8e-06  0.98  1.0e-01  1.6e-05  0.0e+00  0.0e+00  1.9e-01  4.7e-03  1.9e-01
  91  F 1   2.411e+06   8e-06  0.98  1.0e-01  1.6e-05  0.0e+00  0.0e+00  2.3e-01  1.4e-03  2.4e-01
  91  F 2   2.411e+06   8e-06  0.98  1.0e-01  1.6e-05  0.0e+00  0.0e+00  2.9e-01  1.2e-03  2.9e-01
  91  T 3   2.410e+06  -8e-06  0.98  1.0e-01  6.7e-06  9.4e-03  2.9e-02  1.5e-01  1.1e-03  1.6e-01
  92  F 0   2.410e+06  -8e-06  0.98  1.0e-01  6.7e-06  0.0e+00  0.0e+00  1.6e-01  1.5e-03  1.6e-01
  92  F 1   2.410e+06  -8e-06  0.98  1.0e-01  6.7e-06  0.0e+00  0.0e+00  1.7e-01  1.1e-03  1.7e-01
  92  F 2   2.410e+06  -8e-06  0.98  1.0e-01  6.7e-06  0.0e+00  0.0e+00  1.6e-01  1.1e-03  1.6e-01
  92  T 3   2.410e+06   6e-07  0.98  1.0e-01  5.7e-06  7.2e-03  2.0e-02  1.7e-01  1.1e-03  1.7e-01
  93  F 0   2.410e+06   6e-07  0.98  1.0e-01  5.7e-06  0.0e+00  0.0e+00  1.5e-01  1.5e-03  1.5e-01
  93  F 1   2.410e+06   6e-07  0.98  1.0e-01  5.7e-06  0.0e+00  0.0e+00  1.6e-01  1.3e-03  1.6e-01
  93  T 2   2.410e+06  -1e-07  0.98  1.0e-01  8.2e-06  5.7e-02  1.6e-01  2.0e-01  6.5e-03  2.0e-01
  94  F 0   2.410e+06  -1e-07  0.98  1.0e-01  8.2e-06  0.0e+00  0.0e+00  2.4e-01  1.6e-03  2.4e-01
  94  F 1   2.410e+06  -1e-07  0.98  1.0e-01  8.2e-06  0.0e+00  0.0e+00  2.3e-01  1.2e-03  2.3e-01
  94  F 2   2.410e+06  -1e-07  0.98  1.0e-01  8.2e-06  0.0e+00  0.0e+00  2.1e-01  1.2e-03  2.1e-01
  94  T 3   2.410e+06   7e-07  0.98  1.0e-01  5.2e-06  6.9e-03  2.1e-02  2.1e-01  1.1e-03  2.1e-01
  95  F 0   2.410e+06   7e-07  0.98  1.0e-01  5.2e-06  0.0e+00  0.0e+00  1.5e-01  2.0e-03  1.6e-01
  95  F 1   2.410e+06   7e-07  0.98  1.0e-01  5.2e-06  0.0e+00  0.0e+00  1.7e-01  1.4e-03  1.7e-01
  95  T 2   2.410e+06   4e-07  0.98  1.0e-01  1.0e-05  5.3e-02  1.7e-01  1.7e-01  1.2e-03  1.7e-01
  96  F 0   2.410e+06   4e-07  0.98  1.0e-01  1.0e-05  0.0e+00  0.0e+00  2.2e-01  1.8e-03  2.2e-01
  96  F 1   2.410e+06   4e-07  0.98  1.0e-01  1.0e-05  0.0e+00  0.0e+00  2.5e-01  1.4e-03  2.5e-01
  96  F 2   2.410e+06   4e-07  0.98  1.0e-01  1.0e-05  0.0e+00  0.0e+00  1.8e-01  1.3e-03  1.8e-01
  96  T 3   2.410e+06   3e-07  0.98  1.0e-01  7.3e-06  8.9e-03  2.3e-02  1.7e-01  1.2e-03  1.7e-01
  97  F 0   2.410e+06   3e-07  0.98  1.0e-01  7.3e-06  0.0e+00  0.0e+00  2.3e-01  1.8e-03  2.3e-01
  97  F 1   2.410e+06   3e-07  0.98  1.0e-01  7.3e-06  0.0e+00  0.0e+00  2.2e-01  1.2e-03  2.2e-01
  97  T 2   2.410e+06  -6e-07  0.98  1.0e-01  8.5e-06  7.4e-02  1.7e-01  2.0e-01  1.1e-03  2.0e-01
  98  F 0   2.410e+06  -6e-07  0.98  1.0e-01  8.5e-06  0.0e+00  0.0e+00  1.7e-01  1.5e-03  1.8e-01
  98  F 1   2.410e+06  -6e-07  0.98  1.0e-01  8.5e-06  0.0e+00  0.0e+00  1.6e-01  1.7e-03  1.6e-01
  98  F 2   2.410e+06  -6e-07  0.98  1.0e-01  8.5e-06  0.0e+00  0.0e+00  1.7e-01  1.4e-03  1.7e-01
  98  T 3   2.409e+06   4e-06  0.98  1.0e-01  5.5e-06  6.8e-03  2.2e-02  2.0e-01  1.2e-03  2.0e-01
  99  F 0   2.409e+06   4e-06  0.98  1.0e-01  5.5e-06  0.0e+00  0.0e+00  1.5e-01  1.7e-03  1.5e-01
  99  F 1   2.409e+06   4e-06  0.98  1.0e-01  5.5e-06  0.0e+00  0.0e+00  1.5e-01  1.4e-03  1.5e-01
  99  T 2   2.409e+06  -1e-06  0.98  1.0e-01  1.2e-05  5.5e-02  1.8e-01  1.6e-01  1.1e-03  1.6e-01
 100  F 0   2.409e+06  -1e-06  0.98  1.0e-01  1.2e-05  0.0e+00  0.0e+00  1.6e-01  1.5e-03  1.6e-01
 100  F 1   2.409e+06  -1e-06  0.98  1.0e-01  1.2e-05  0.0e+00  0.0e+00  1.6e-01  1.4e-03  1.6e-01
 100  F 2   2.409e+06  -1e-06  0.98  1.0e-01  1.2e-05  0.0e+00  0.0e+00  1.6e-01  1.3e-03  1.6e-01
 100  T 3   2.409e+06  -2e-06  0.98  1.0e-01  8.6e-06  1.0e-02  2.4e-02  1.7e-01  1.1e-03  1.8e-01
 101  F 0   2.409e+06  -2e-06  0.98  1.0e-01  8.6e-06  0.0e+00  0.0e+00  1.5e-01  1.7e-03  1.5e-01
 101  F 1   2.409e+06  -2e-06  0.98  1.0e-01  8.6e-06  0.0e+00  0.0e+00  1.6e-01  1.3e-03  1.6e-01
 101  T 2   2.409e+06  -1e-06  0.99  1.0e-01  8.5e-06  5.8e-02  1.7e-01  1.6e-01  1.1e-03  1.6e-01
 102  F 0   2.409e+06  -1e-06  0.99  1.0e-01  8.5e-06  0.0e+00  0.0e+00  1.6e-01  1.5e-03  1.6e-01
 102  F 1   2.409e+06  -1e-06  0.99  1.0e-01  8.5e-06  0.0e+00  0.0e+00  2.3e-01  1.4e-03  2.3e-01
 102  F 2   2.409e+06  -1e-06  0.99  1.0e-01  8.5e-06  0.0e+00  0.0e+00  1.7e-01  1.4e-03  1.7e-01
 102  T 3   2.409e+06   6e-06  0.98  1.0e-01  5.4e-06  6.8e-03  2.2e-02  1.8e-01  1.1e-03  1.8e-01
 103  F 0   2.409e+06   6e-06  0.98  1.0e-01  5.4e-06  0.0e+00  0.0e+00  1.6e-01  1.7e-03  1.6e-01
 103  F 1   2.409e+06   6e-06  0.98  1.0e-01  5.4e-06  0.0e+00  0.0e+00  1.8e-01  1.4e-03  1.9e-01
 103  F 2   2.409e+06   6e-06  0.98  1.0e-01  5.4e-06  0.0e+00  0.0e+00  1.8e-01  1.1e-03  1.8e-01
 103  T 3   2.409e+06   1e-05  0.98  1.0e-01  4.1e-06  5.5e-03  1.8e-02  1.6e-01  9.6e-04  1.6e-01
 104  F 0   2.409e+06   1e-05  0.98  1.0e-01  4.1e-06  0.0e+00  0.0e+00  2.3e-01  1.6e-03  2.3e-01
 104  F 1   2.409e+06   1e-05  0.98  1.0e-01  4.1e-06  0.0e+00  0.0e+00  2.0e-01  1.4e-03  2.0e-01
 104  T 2   2.409e+06   7e-07  0.98  1.0e-01  9.8e-06  4.2e-02  1.4e-01  1.5e-01  1.1e-03  1.5e-01
 105  F 0   2.409e+06   7e-07  0.98  1.0e-01  9.8e-06  0.0e+00  0.0e+00  2.1e-01  1.8e-03  2.1e-01
 105  F 1   2.409e+06   7e-07  0.98  1.0e-01  9.8e-06  0.0e+00  0.0e+00  1.5e-01  1.2e-03  1.5e-01
 105  T 2   2.409e+06   9e-06  0.99  1.0e-01  7.3e-06  5.7e-02  1.6e-01  1.6e-01  1.1e-03  1.6e-01
 106  F 0   2.409e+06   9e-06  0.99  1.0e-01  7.3e-06  0.0e+00  0.0e+00  1.8e-01  1.2e-03  1.8e-01
 106  F 1   2.409e+06   9e-06  0.99  1.0e-01  7.3e-06  0.0e+00  0.0e+00  2.0e-01  1.4e-03  2.1e-01
 106  F 2   2.409e+06   9e-06  0.99  1.0e-01  7.3e-06  0.0e+00  0.0e+00  1.5e-01  1.2e-03  1.5e-01
 106  T 3   2.409e+06  -7e-08  0.98  1.0e-01  4.5e-06  6.1e-03  2.0e-02  1.5e-01  1.1e-03  1.5e-01
 107  F 0   2.409e+06  -7e-08  0.98  1.0e-01  4.5e-06  0.0e+00  0.0e+00  1.6e-01  1.6e-03  1.6e-01
 107  F 1   2.409e+06  -7e-08  0.98  1.0e-01  4.5e-06  0.0e+00  0.0e+00  2.1e-01  1.4e-03  2.1e-01
 107  T 2   2.408e+06   5e-07  0.98  1.0e-01  1.1e-05  4.6e-02  1.5e-01  1.7e-01  1.1e-03  1.7e-01
 108  F 0   2.408e+06   5e-07  0.98  1.0e-01  1.1e-05  0.0e+00  0.0e+00  1.5e-01  1.7e-03  1.6e-01
 108  F 1   2.408e+06   5e-07  0.98  1.0e-01  1.1e-05  0.0e+00  0.0e+00  1.6e-01  1.4e-03  1.6e-01
 108  T 2   2.408e+06  -2e-06  0.99  1.0e-01  7.9e-06  6.0e-02  1.8e-01  1.6e-01  1.1e-03  1.6e-01
 109  F 0   2.408e+06  -2e-06  0.99  1.0e-01  7.9e-06  0.0e+00  0.0e+00  1.9e-01  1.3e-03  1.9e-01
 109  F 1   2.408e+06  -2e-06  0.99  1.0e-01  7.9e-06  0.0e+00  0.0e+00  1.5e-01  1.4e-03  1.5e-01
 109  F 2   2.408e+06  -2e-06  0.99  1.0e-01  7.9e-06  0.0e+00  0.0e+00  1.5e-01  1.4e-03  1.6e-01
 109  T 3   2.408e+06   5e-06  0.98  1.0e-01  4.9e-06  6.6e-03  2.2e-02  1.6e-01  1.1e-03  1.6e-01
 110  F 0   2.408e+06   5e-06  0.98  1.0e-01  4.9e-06  0.0e+00  0.0e+00  1.8e-01  1.8e-03  1.8e-01
 110  F 1   2.408e+06   5e-06  0.98  1.0e-01  4.9e-06  0.0e+00  0.0e+00  2.1e-01  1.4e-03  2.1e-01
 110  F 2   2.408e+06   5e-06  0.98  1.0e-01  4.9e-06  0.0e+00  0.0e+00  2.0e-01  1.1e-03  2.0e-01
 110  T 3   2.408e+06   2e-05  0.98  1.0e-01  3.7e-06  5.0e-03  1.7e-02  1.5e-01  9.0e-04  1.5e-01
 111  F 0   2.408e+06   2e-05  0.98  1.0e-01  3.7e-06  0.0e+00  0.0e+00  1.6e-01  2.1e-03  1.6e-01
 111  F 1   2.408e+06   2e-05  0.98  1.0e-01  3.7e-06  0.0e+00  0.0e+00  1.6e-01  1.6e-03  1.6e-01
 111  T 2   2.408e+06  -1e-05  0.99  1.0e-01  9.3e-06  4.0e-02  1.3e-01  1.8e-01  1.1e-03  1.8e-01
 112  F 0   2.408e+06  -1e-05  0.99  1.0e-01  9.3e-06  0.0e+00  0.0e+00  1.9e-01  1.6e-03  1.9e-01
 112  F 1   2.408e+06  -1e-05  0.99  1.0e-01  9.3e-06  0.0e+00  0.0e+00  1.6e-01  1.4e-03  1.6e-01
 112  T 2   2.408e+06   9e-06  0.99  1.0e-01  6.0e-06  4.9e-02  1.4e-01  1.5e-01  1.0e-03  1.6e-01
 113  F 0   2.408e+06   9e-06  0.99  1.0e-01  6.0e-06  0.0e+00  0.0e+00  2.0e-01  1.2e-03  2.0e-01
 113  F 1   2.408e+06   9e-06  0.99  1.0e-01  6.0e-06  0.0e+00  0.0e+00  1.8e-01  1.5e-03  1.8e-01
 113  F 2   2.408e+06   9e-06  0.99  1.0e-01  6.0e-06  0.0e+00  0.0e+00  1.8e-01  1.2e-03  1.8e-01
 113  T 3   2.408e+06   2e-06  0.99  1.0e-01  3.8e-06  5.0e-03  1.6e-02  1.5e-01  1.1e-03  1.5e-01
 114  F 0   2.408e+06   2e-06  0.99  1.0e-01  3.8e-06  0.0e+00  0.0e+00  1.6e-01  1.8e-03  1.6e-01
 114  F 1   2.408e+06   2e-06  0.99  1.0e-01  3.8e-06  0.0e+00  0.0e+00  1.8e-01  1.7e-03  1.8e-01
 114  T 2   2.408e+06  -3e-06  0.99  1.0e-01  9.0e-06  3.9e-02  1.2e-01  1.9e-01  1.2e-03  1.9e-01
 115  F 0   2.408e+06  -3e-06  0.99  1.0e-01  9.0e-06  0.0e+00  0.0e+00  2.2e-01  1.8e-03  2.2e-01
 115  F 1   2.408e+06  -3e-06  0.99  1.0e-01  9.0e-06  0.0e+00  0.0e+00  1.8e-01  1.5e-03  1.9e-01
 115  T 2   2.408e+06  -8e-06  0.99  1.0e-01  5.5e-06  4.7e-02  1.3e-01  1.6e-01  1.2e-03  1.6e-01
 116  F 0   2.408e+06  -8e-06  0.99  1.0e-01  5.5e-06  0.0e+00  0.0e+00  1.6e-01  1.4e-03  1.6e-01
 116  F 1   2.408e+06  -8e-06  0.99  1.0e-01  5.5e-06  0.0e+00  0.0e+00  1.6e-01  1.3e-03  1.6e-01
 116  T 2   2.408e+06   2e-06  0.99  1.0e-01  1.0e-05  4.6e-02  1.4e-01  1.6e-01  1.7e-03  1.6e-01
 117  F 0   2.408e+06   2e-06  0.99  1.0e-01  1.0e-05  0.0e+00  0.0e+00  1.6e-01  1.7e-03  1.7e-01
 117  F 1   2.408e+06   2e-06  0.99  1.0e-01  1.0e-05  0.0e+00  0.0e+00  1.6e-01  1.5e-03  1.6e-01
 117  T 2   2.408e+06   3e-06  0.99  1.0e-01  6.8e-06  5.6e-02  1.5e-01  1.6e-01  1.1e-03  1.6e-01
 118  F 0   2.408e+06   3e-06  0.99  1.0e-01  6.8e-06  0.0e+00  0.0e+00  1.6e-01  1.6e-03  1.6e-01
 118  F 1   2.408e+06   3e-06  0.99  1.0e-01  6.8e-06  0.0e+00  0.0e+00  1.6e-01  1.4e-03  1.6e-01
 118  F 2   2.408e+06   3e-06  0.99  1.0e-01  6.8e-06  0.0e+00  0.0e+00  1.7e-01  1.2e-03  1.7e-01
 118  T 3   2.408e+06   4e-06  0.99  1.0e-01  4.3e-06  5.6e-03  1.7e-02  1.6e-01  1.1e-03  1.6e-01
 119  F 0   2.408e+06   4e-06  0.99  1.0e-01  4.3e-06  0.0e+00  0.0e+00  1.6e-01  1.7e-03  1.6e-01
 119  F 1   2.408e+06   4e-06  0.99  1.0e-01  4.3e-06  0.0e+00  0.0e+00  1.6e-01  1.4e-03  1.6e-01
 119  T 2   2.408e+06  -5e-07  0.99  1.0e-01  9.7e-06  4.5e-02  1.3e-01  2.3e-01  1.2e-03  2.3e-01
 120  F 0   2.408e+06  -5e-07  0.99  1.0e-01  9.7e-06  0.0e+00  0.0e+00  1.8e-01  2.1e-03  1.8e-01
 120  F 1   2.408e+06  -5e-07  0.99  1.0e-01  9.7e-06  0.0e+00  0.0e+00  1.8e-01  3.0e-03  1.8e-01
 120  T 2   2.408e+06  -8e-08  0.99  1.0e-01  6.2e-06  5.3e-02  1.4e-01  1.7e-01  1.3e-03  1.7e-01
 121  F 0   2.408e+06  -8e-08  0.99  1.0e-01  6.2e-06  0.0e+00  0.0e+00  1.9e-01  1.5e-03  1.9e-01
 121  F 1   2.408e+06  -8e-08  0.99  1.0e-01  6.2e-06  0.0e+00  0.0e+00  1.7e-01  1.4e-03  1.7e-01
 121  F 2   2.408e+06  -8e-08  0.99  1.0e-01  6.2e-06  0.0e+00  0.0e+00  1.5e-01  1.3e-03  1.6e-01
 121  T 3   2.407e+06   4e-06  0.99  1.0e-01  4.0e-06  5.1e-03  1.6e-02  1.6e-01  1.1e-03  1.6e-01
 122  F 0   2.407e+06   4e-06  0.99  1.0e-01  4.0e-06  0.0e+00  0.0e+00  1.6e-01  1.9e-03  1.6e-01
 122  F 1   2.407e+06   4e-06  0.99  1.0e-01  4.0e-06  0.0e+00  0.0e+00  1.6e-01  1.6e-03  1.6e-01
 122  T 2   2.407e+06  -2e-06  0.99  1.0e-01  5.5e-06  4.1e-02  1.2e-01  1.7e-01  1.1e-03  1.7e-01
 123  F 0   2.407e+06  -2e-06  0.99  1.0e-01  5.5e-06  0.0e+00  0.0e+00  1.6e-01  1.7e-03  1.6e-01
 123  F 1   2.407e+06  -2e-06  0.99  1.0e-01  5.5e-06  0.0e+00  0.0e+00  1.6e-01  1.4e-03  1.6e-01
 123  T 2   2.407e+06   1e-06  0.99  1.0e-01  5.1e-06  4.1e-02  1.2e-01  1.6e-01  1.1e-03  1.6e-01
 124  F 0   2.407e+06   1e-06  0.99  1.0e-01  5.1e-06  0.0e+00  0.0e+00  2.1e-01  1.3e-03  2.1e-01
 124  F 1   2.407e+06   1e-06  0.99  1.0e-01  5.1e-06  0.0e+00  0.0e+00  1.6e-01  1.4e-03  1.6e-01
 124  T 2   2.407e+06  -2e-07  0.99  1.0e-01  9.4e-06  4.3e-02  1.3e-01  1.5e-01  1.2e-03  1.6e-01
 125  F 0   2.407e+06  -2e-07  0.99  1.0e-01  9.4e-06  0.0e+00  0.0e+00  1.6e-01  1.7e-03  1.6e-01
 125  F 1   2.407e+06  -2e-07  0.99  1.0e-01  9.4e-06  0.0e+00  0.0e+00  1.6e-01  1.3e-03  1.6e-01
 125  T 2   2.407e+06   4e-06  0.99  1.0e-01  5.3e-06  4.3e-02  1.3e-01  1.5e-01  8.5e-04  1.5e-01
 126  F 0   2.407e+06   4e-06  0.99  1.0e-01  5.3e-06  0.0e+00  0.0e+00  1.6e-01  1.3e-03  1.7e-01
 126  F 1   2.407e+06   4e-06  0.99  1.0e-01  5.3e-06  0.0e+00  0.0e+00  1.8e-01  1.4e-03  1.8e-01
 126  T 2   2.407e+06   3e-07  0.99  1.0e-01  9.6e-06  4.4e-02  1.3e-01  1.7e-01  1.3e-03  1.7e-01
 127  F 0   2.407e+06   3e-07  0.99  1.0e-01  9.6e-06  0.0e+00  0.0e+00  1.6e-01  1.7e-03  1.6e-01
 127  F 1   2.407e+06   3e-07  0.99  1.0e-01  9.6e-06  0.0e+00  0.0e+00  1.6e-01  1.4e-03  1.6e-01
 127  T 2   2.407e+06   3e-06  0.99  1.0e-01  5.4e-06  4.4e-02  1.3e-01  1.6e-01  1.1e-03  1.6e-01
 128  F 0   2.407e+06   3e-06  0.99  1.0e-01  5.4e-06  0.0e+00  0.0e+00  1.6e-01  1.5e-03  1.6e-01
 128  F 1   2.407e+06   3e-06  0.99  1.0e-01  5.4e-06  0.0e+00  0.0e+00  1.7e-01  1.4e-03  1.8e-01
 128  T 2   2.407e+06   2e-08  0.98  1.0e-01  9.8e-06  4.5e-02  1.3e-01  2.2e-01  1.3e-03  2.2e-01
 129  F 0   2.407e+06   2e-08  0.98  1.0e-01  9.8e-06  0.0e+00  0.0e+00  1.6e-01  1.7e-03  1.7e-01
 129  F 1   2.407e+06   2e-08  0.98  1.0e-01  9.8e-06  0.0e+00  0.0e+00  2.4e-01  1.4e-03  2.4e-01
 129  T 2   2.407e+06   2e-06  0.99  1.0e-01  5.5e-06  4.5e-02  1.3e-01  1.7e-01  1.1e-03  1.8e-01
 130  F 0   2.407e+06   2e-06  0.99  1.0e-01  5.5e-06  0.0e+00  0.0e+00  1.8e-01  1.4e-03  1.9e-01
 130  F 1   2.407e+06   2e-06  0.99  1.0e-01  5.5e-06  0.0e+00  0.0e+00  1.6e-01  1.4e-03  1.6e-01
 130  T 2   2.407e+06  -8e-07  0.98  1.0e-01  1.0e-05  4.7e-02  1.3e-01  1.7e-01  1.3e-03  1.7e-01
 131  F 0   2.407e+06  -8e-07  0.98  1.0e-01  1.0e-05  0.0e+00  0.0e+00  1.8e-01  1.8e-03  1.8e-01
 131  F 1   2.407e+06  -8e-07  0.98  1.0e-01  1.0e-05  0.0e+00  0.0e+00  1.8e-01  1.5e-03  1.9e-01
 131  T 2   2.407e+06   7e-07  0.99  1.0e-01  5.6e-06  4.5e-02  1.4e-01  2.5e-01  1.2e-03  2.5e-01
 132  F 0   2.407e+06   7e-07  0.99  1.0e-01  5.6e-06  0.0e+00  0.0e+00  2.0e-01  1.4e-03  2.0e-01
 132  F 1   2.407e+06   7e-07  0.99  1.0e-01  5.6e-06  0.0e+00  0.0e+00  1.9e-01  1.3e-03  1.9e-01
 132  T 2   2.407e+06  -5e-06  0.99  1.0e-01  1.0e-05  4.8e-02  1.4e-01  2.0e-01  1.1e-03  2.0e-01
 133  F 0   2.407e+06  -5e-06  0.99  1.0e-01  1.0e-05  0.0e+00  0.0e+00  1.5e-01  1.7e-03  1.5e-01
 133  F 1   2.407e+06  -5e-06  0.99  1.0e-01  1.0e-05  0.0e+00  0.0e+00  1.5e-01  1.4e-03  1.5e-01
 133  T 2   2.407e+06   3e-06  0.99  1.0e-01  5.7e-06  4.5e-02  1.4e-01  2.2e-01  1.1e-03  2.2e-01
 134  F 0   2.407e+06   3e-06  0.99  1.0e-01  5.7e-06  0.0e+00  0.0e+00  1.5e-01  1.3e-03  1.5e-01
 134  F 1   2.407e+06   3e-06  0.99  1.0e-01  5.7e-06  0.0e+00  0.0e+00  1.7e-01  1.4e-03  1.8e-01
 134  F 2   2.407e+06   3e-06  0.99  1.0e-01  5.7e-06  0.0e+00  0.0e+00  1.8e-01  1.1e-03  1.8e-01
 134  F 3   2.407e+06   3e-06  0.99  1.0e-01  5.7e-06  0.0e+00  0.0e+00  1.8e-01  1.3e-03  1.8e-01
 134  T 4   2.407e+06  -6e-05  0.99  1.0e-01  8.1e-06  3.9e-02  1.1e-01  1.8e-01  1.3e-03  1.8e-01
 135  F 0   2.407e+06  -6e-05  0.99  1.0e-01  8.1e-06  0.0e+00  0.0e+00  1.6e-01  1.8e-03  1.6e-01
 135  F 1   2.407e+06  -6e-05  0.99  1.0e-01  8.1e-06  0.0e+00  0.0e+00  1.6e-01  1.4e-03  1.6e-01
 135  T 2   2.407e+06  -9e-06  0.99  1.0e-01  3.8e-06  3.0e-02  9.0e-02  1.5e-01  1.1e-03  1.6e-01
 136  F 0   2.407e+06  -9e-06  0.99  1.0e-01  3.8e-06  0.0e+00  0.0e+00  1.8e-01  1.5e-03  1.8e-01
 136  F 1   2.407e+06  -9e-06  0.99  1.0e-01  3.8e-06  0.0e+00  0.0e+00  1.5e-01  1.2e-03  1.5e-01
 136  T 2   2.407e+06   1e-06  0.99  1.0e-01  4.3e-06  3.3e-02  9.2e-02  1.5e-01  1.3e-03  1.5e-01
 137  F 0   2.407e+06   1e-06  0.99  1.0e-01  4.3e-06  0.0e+00  0.0e+00  1.6e-01  1.8e-03  1.6e-01
 137  F 1   2.407e+06   1e-06  0.99  1.0e-01  4.3e-06  0.0e+00  0.0e+00  1.7e-01  1.5e-03  1.7e-01
 137  T 2   2.407e+06  -3e-06  0.99  1.0e-01  3.2e-06  2.7e-02  8.4e-02  2.2e-01  1.2e-03  2.3e-01
 138  F 0   2.407e+06  -3e-06  0.99  1.0e-01  3.2e-06  0.0e+00  0.0e+00  1.5e-01  1.2e-03  1.5e-01
 138  F 1   2.407e+06  -3e-06  0.99  1.0e-01  3.2e-06  0.0e+00  0.0e+00  1.5e-01  1.2e-03  1.5e-01
 138  T 2   2.407e+06   5e-07  0.99  1.0e-01  3.7e-06  2.8e-02  7.7e-02  1.5e-01  1.2e-03  1.5e-01
 139  F 0   2.407e+06   5e-07  0.99  1.0e-01  3.7e-06  0.0e+00  0.0e+00  1.6e-01  1.6e-03  1.6e-01
 139  F 1   2.407e+06   5e-07  0.99  1.0e-01  3.7e-06  0.0e+00  0.0e+00  1.6e-01  1.4e-03  1.6e-01
 139  T 2   2.407e+06  -3e-06  0.99  1.0e-01  2.6e-06  2.3e-02  7.0e-02  2.0e-01  1.1e-03  2.0e-01
 140  F 0   2.407e+06  -3e-06  0.99  1.0e-01  2.6e-06  0.0e+00  0.0e+00  1.5e-01  1.2e-03  1.5e-01
 140  F 1   2.407e+06  -3e-06  0.99  1.0e-01  2.6e-06  0.0e+00  0.0e+00  1.6e-01  1.2e-03  1.6e-01
 140  T 2   2.406e+06   4e-07  0.99  1.0e-01  3.1e-06  2.2e-02  6.4e-02  1.7e-01  1.3e-03  1.7e-01
 141  F 0   2.406e+06   4e-07  0.99  1.0e-01  3.1e-06  0.0e+00  0.0e+00  2.0e-01  1.8e-03  2.0e-01
 141  F 1   2.406e+06   4e-07  0.99  1.0e-01  3.1e-06  0.0e+00  0.0e+00  1.7e-01  1.3e-03  1.7e-01
 141  T 2   2.406e+06  -4e-06  0.99  1.0e-01  2.0e-06  1.8e-02  5.7e-02  1.8e-01  1.3e-03  1.8e-01
 142  F 0   2.406e+06  -4e-06  0.99  1.0e-01  2.0e-06  0.0e+00  0.0e+00  1.8e-01  1.3e-03  1.8e-01
 142  F 1   2.406e+06  -4e-06  0.99  1.0e-01  2.0e-06  0.0e+00  0.0e+00  1.8e-01  1.3e-03  1.8e-01
 142  T 2   2.406e+06  -7e-06  0.99  1.0e-01  2.5e-06  1.7e-02  5.2e-02  1.6e-01  1.2e-03  1.6e-01
 143  F 0   2.406e+06  -7e-06  0.99  1.0e-01  2.5e-06  0.0e+00  0.0e+00  1.5e-01  1.7e-03  1.5e-01
 143  F 1   2.406e+06  -7e-06  0.99  1.0e-01  2.5e-06  0.0e+00  0.0e+00  1.6e-01  1.4e-03  1.7e-01
 143  T 2   2.406e+06  -3e-06  0.99  1.0e-01  1.5e-06  1.5e-02  4.6e-02  1.6e-01  1.1e-03  1.6e-01
 144  F 0   2.406e+06  -3e-06  0.99  1.0e-01  1.5e-06  0.0e+00  0.0e+00  1.6e-01  1.5e-03  1.6e-01
 144  F 1   2.406e+06  -3e-06  0.99  1.0e-01  1.5e-06  0.0e+00  0.0e+00  1.6e-01  1.3e-03  1.6e-01
 144  F 2   2.406e+06  -3e-06  0.99  1.0e-01  1.5e-06  0.0e+00  0.0e+00  1.9e-01  1.2e-03  1.9e-01
 144  F 3   2.406e+06  -3e-06  0.99  1.0e-01  1.5e-06  0.0e+00  0.0e+00  1.7e-01  1.3e-03  1.7e-01
 144  F 4   2.406e+06  -3e-06  0.99  1.0e-01  1.5e-06  0.0e+00  0.0e+00  1.7e-01  1.3e-03  1.7e-01
 144  F 5   2.406e+06  -3e-06  0.99  1.0e-01  1.5e-06  0.0e+00  0.0e+00  1.6e-01  1.3e-03  1.6e-01
 144  F 6   2.406e+06  -3e-06  0.99  1.0e-01  1.5e-06  0.0e+00  0.0e+00  1.7e-01  1.3e-03  1.7e-01
 144  F 7   2.406e+06  -3e-06  0.99  1.0e-01  1.5e-06  0.0e+00  0.0e+00  1.8e-01  1.3e-03  1.8e-01
 144  F 8   2.406e+06  -3e-06  0.99  1.0e-01  1.5e-06  0.0e+00  0.0e+00  2.0e-01  1.3e-03  2.0e-01
 144  F 9   2.406e+06  -3e-06  0.99  1.0e-01  1.5e-06  0.0e+00  0.0e+00  1.9e-01  1.3e-03  1.9e-01
 144  F10   2.406e+06  -3e-06  0.99  1.0e-01  1.5e-06  0.0e+00  0.0e+00  1.8e-01  1.3e-03  1.8e-01
 144  F11   2.406e+06  -3e-06  0.99  1.0e-01  1.5e-06  0.0e+00  0.0e+00  1.7e-01  1.4e-03  1.7e-01
 144  F12   2.406e+06  -3e-06  0.99  1.0e-01  1.5e-06  0.0e+00  0.0e+00  1.6e-01  1.3e-03  1.6e-01
 144  F13   2.406e+06  -3e-06  0.99  1.0e-01  1.5e-06  0.0e+00  0.0e+00  1.5e-01  1.3e-03  1.5e-01
 144  F14   2.406e+06  -3e-06  0.99  1.0e-01  1.5e-06  0.0e+00  0.0e+00  1.5e-01  1.3e-03  1.5e-01
 144  F15   2.406e+06  -3e-06  0.99  1.0e-01  1.5e-06  0.0e+00  0.0e+00  1.6e-01  1.3e-03  1.6e-01
 144  F16   2.406e+06  -3e-06  0.99  1.0e-01  1.5e-06  0.0e+00  0.0e+00  1.5e-01  1.3e-03  1.5e-01
Enforced Termination; excessive conservatism
Total number of system evaluations: 436
