   k  l     Obj         Vio    Bou   ML       |KKT|    |dX|     ||dX||   T_s      T_o      T_t
   0  T 0   5.388e+09   2e-02  0.00  1.0e-01  7.5e+02  1.0e+00  1.0e+00  4.5e-01  0.0e+00  0.0e+00
   1  T 0   5.372e+09   1e-02  0.00  1.0e-01  7.5e+02  7.5e-04  5.8e-02  2.5e-01  1.6e-03  2.5e-01
   2  T 0   2.640e+09  -4e-06  0.00  1.0e-01  1.3e-02  1.0e-01  7.4e+00  2.5e-01  6.4e-03  2.6e-01
   3  T 0   1.729e+09  -7e-02  0.00  1.0e-01  5.4e-03  1.0e-01  4.0e+00  2.8e-01  1.7e-03  2.8e-01
   4  T 0   1.181e+09  -8e-02  0.08  1.0e-01  2.5e-03  1.0e-01  3.5e+00  2.8e-01  1.4e-03  2.9e-01
   5  T 0   7.929e+08  -1e-01  0.16  1.0e-01  1.4e-03  1.0e-01  4.6e+00  2.4e-01  1.5e-03  2.4e-01
   6  T 0   5.525e+08  -2e-01  0.24  1.0e-01  1.1e-03  1.0e-01  5.1e+00  2.6e-01  1.5e-03  2.6e-01
   7  T 0   4.290e+08  -3e-01  0.31  1.0e-01  1.4e-03  1.0e-01  5.0e+00  2.5e-01  1.5e-03  2.5e-01
   8  T 0   3.570e+08  -3e-01  0.36  1.0e-01  7.9e-04  1.0e-01  4.6e+00  2.5e-01  1.4e-03  2.5e-01
   9  T 0   3.043e+08  -4e-01  0.40  1.0e-01  3.9e-04  1.0e-01  4.8e+00  2.6e-01  1.5e-03  2.6e-01
  10  T 0   2.783e+08  -4e-01  0.47  1.0e-01  1.3e-04  1.0e-01  3.9e+00  2.5e-01  1.5e-03  2.5e-01
  11  T 0   2.605e+08  -4e-01  0.52  1.0e-01  2.0e-04  1.0e-01  3.5e+00  2.6e-01  1.5e-03  2.6e-01
  12  T 0   2.452e+08  -3e-01  0.60  1.0e-01  2.1e-03  1.0e-01  3.4e+00  2.8e-01  1.5e-03  2.8e-01
  13  T 0   2.328e+08  -3e-01  0.65  1.0e-01  1.9e-04  1.0e-01  3.1e+00  2.6e-01  1.4e-03  2.6e-01
  14  T 0   2.224e+08  -3e-01  0.69  1.0e-01  8.8e-05  1.0e-01  2.9e+00  2.5e-01  1.4e-03  2.6e-01
  15  T 0   2.122e+08  -2e-01  0.72  1.0e-01  1.6e-04  1.0e-01  3.1e+00  2.9e-01  1.5e-03  2.9e-01
  16  T 0   2.035e+08  -2e-01  0.76  1.0e-01  4.4e-04  1.0e-01  3.1e+00  2.5e-01  6.5e-03  2.6e-01
  17  T 0   1.975e+08  -2e-01  0.79  1.0e-01  2.2e-04  1.0e-01  2.5e+00  2.4e-01  1.5e-03  2.4e-01
  18  T 0   1.927e+08  -1e-01  0.81  1.0e-01  6.1e-05  1.0e-01  2.3e+00  2.4e-01  1.5e-03  2.4e-01
  19  T 0   1.883e+08  -1e-01  0.82  1.0e-01  9.0e-05  1.0e-01  2.1e+00  2.4e-01  1.7e-03  2.5e-01
  20  T 0   1.847e+08  -8e-02  0.84  1.0e-01  6.1e-05  1.0e-01  2.1e+00  2.6e-01  1.5e-03  2.6e-01
  21  T 0   1.813e+08  -5e-02  0.85  1.0e-01  1.4e-04  1.0e-01  2.0e+00  2.7e-01  1.4e-03  2.7e-01
  22  T 0   1.787e+08  -3e-02  0.86  1.0e-01  6.2e-05  1.0e-01  1.8e+00  2.8e-01  1.5e-03  2.8e-01
  23  T 0   1.759e+08  -1e-02  0.87  1.0e-01  5.4e-05  1.0e-01  1.9e+00  3.0e-01  1.5e-03  3.0e-01
  24  T 0   1.737e+08  -2e-06  0.88  1.0e-01  6.2e-05  1.0e-01  1.7e+00  2.8e-01  2.4e-03  2.8e-01
  25  T 0   1.724e+08  -1e-06  0.89  1.0e-01  5.1e-05  1.0e-01  1.5e+00  3.0e-01  2.4e-03  3.0e-01
  26  T 0   1.712e+08  -6e-06  0.90  1.0e-01  5.4e-05  1.0e-01  1.3e+00  3.0e-01  2.1e-03  3.0e-01
  27  T 0   1.701e+08   6e-07  0.90  1.0e-01  8.3e-05  1.0e-01  1.3e+00  2.9e-01  2.1e-03  3.0e-01
  28  F 0   1.701e+08   6e-07  0.90  1.0e-01  8.3e-05  0.0e+00  0.0e+00  2.7e-01  2.1e-03  2.8e-01
  28  T 1   1.698e+08   2e-06  0.90  1.0e-01  7.0e-05  3.4e-02  1.8e-01  2.7e-01  1.2e-03  2.8e-01
  29  T 0   1.692e+08  -3e-06  0.90  1.0e-01  6.5e-05  7.6e-02  3.5e-01  3.1e-01  2.1e-03  3.2e-01
  30  T 0   1.674e+08   2e-07  0.92  1.0e-01  2.6e-04  1.0e-01  1.9e+00  2.9e-01  2.5e-03  2.9e-01
  31  F 0   1.674e+08   2e-07  0.92  1.0e-01  2.6e-04  0.0e+00  0.0e+00  3.2e-01  2.4e-03  3.2e-01
  31  F 1   1.674e+08   2e-07  0.92  1.0e-01  2.6e-04  0.0e+00  0.0e+00  3.1e-01  2.1e-03  3.1e-01
  31  T 2   1.670e+08  -2e-06  0.91  1.0e-01  1.4e-04  4.6e-02  2.1e-01  3.3e-01  2.3e-03  3.3e-01
  32  T 0   1.666e+08  -4e-08  0.91  1.0e-01  2.0e-04  3.7e-02  1.4e-01  2.7e-01  2.5e-03  2.8e-01
  33  T 0   1.656e+08  -8e-08  0.92  1.0e-01  8.9e-04  1.0e-01  5.1e-01  2.7e-01  2.5e-03  2.8e-01
  34  T 0   1.653e+08  -5e-06  0.93  1.0e-01  5.7e-05  1.0e-01  2.3e+00  2.8e-01  3.1e-03  2.8e-01
  35  F 0   1.653e+08  -5e-06  0.93  1.0e-01  5.7e-05  0.0e+00  0.0e+00  2.7e-01  2.1e-03  2.8e-01
  35  T 1   1.639e+08   2e-08  0.93  1.0e-01  1.2e-04  1.0e-01  8.7e-01  2.8e-01  2.1e-03  2.9e-01
  36  T 0   1.633e+08   9e-07  0.94  1.0e-01  1.1e-04  1.0e-01  1.1e+00  2.7e-01  2.4e-03  2.8e-01
  37  T 0   1.627e+08  -8e-07  0.95  1.0e-01  2.9e-05  1.0e-01  1.8e+00  2.8e-01  2.5e-03  2.8e-01
  38  T 0   1.622e+08   3e-07  0.95  1.0e-01  3.8e-05  1.0e-01  1.7e+00  2.7e-01  2.4e-03  2.7e-01
  39  T 0   1.620e+08  -2e-06  0.95  1.0e-01  1.7e-05  1.0e-01  1.4e+00  2.7e-01  2.5e-03  2.8e-01
  40  T 0   1.617e+08  -2e-06  0.95  1.0e-01  1.6e-05  1.0e-01  1.1e+00  2.8e-01  2.1e-03  2.9e-01
  41  T 0   1.615e+08   2e-07  0.95  1.0e-01  1.1e-05  1.0e-01  7.3e-01  2.7e-01  2.1e-03  2.7e-01
  42  T 0   1.614e+08   3e-07  0.96  1.0e-01  1.7e-05  1.0e-01  6.9e-01  2.7e-01  2.1e-03  2.7e-01
  43  F 0   1.614e+08   3e-07  0.96  1.0e-01  1.7e-05  0.0e+00  0.0e+00  2.7e-01  2.1e-03  2.7e-01
  43  T 1   1.614e+08   1e-05  0.95  1.0e-01  1.4e-05  1.3e-02  7.7e-02  2.7e-01  1.5e-03  2.8e-01
  44  T 0   1.613e+08  -6e-08  0.95  1.0e-01  8.3e-06  4.1e-02  2.5e-01  2.7e-01  2.2e-03  2.7e-01
  45  T 0   1.613e+08  -2e-05  0.96  1.0e-01  8.3e-06  3.5e-02  1.8e-01  2.9e-01  1.9e-03  2.9e-01
  46  T 0   1.611e+08  -2e-08  0.96  1.0e-01  9.6e-06  1.0e-01  1.0e+00  2.7e-01  2.2e-03  2.7e-01
  47  F 0   1.611e+08  -2e-08  0.96  1.0e-01  9.6e-06  0.0e+00  0.0e+00  2.7e-01  2.1e-03  2.7e-01
  47  F 1   1.611e+08  -2e-08  0.96  1.0e-01  9.6e-06  0.0e+00  0.0e+00  2.7e-01  1.5e-03  2.8e-01
  47  T 2   1.611e+08   2e-05  0.96  1.0e-01  6.3e-06  1.3e-02  7.4e-02  2.7e-01  1.5e-03  2.8e-01
  48  T 0   1.611e+08  -1e-15  0.96  1.0e-01  6.6e-06  3.0e-02  2.0e-01  2.7e-01  2.2e-03  2.7e-01
  49  T 0   1.610e+08  -4e-08  0.96  1.0e-01  6.5e-06  5.4e-02  2.7e-01  2.7e-01  1.8e-03  2.7e-01
  50  F 0   1.610e+08  -4e-08  0.96  1.0e-01  6.5e-06  0.0e+00  0.0e+00  2.7e-01  2.1e-03  2.7e-01
  50  T 1   1.610e+08  -2e-05  0.96  1.0e-01  6.5e-06  1.6e-02  8.8e-02  2.7e-01  1.5e-03  2.7e-01
  51  T 0   1.609e+08   3e-05  0.96  1.0e-01  6.5e-06  7.3e-02  3.5e-01  2.7e-01  1.8e-03  2.7e-01
  52  F 0   1.609e+08   3e-05  0.96  1.0e-01  6.5e-06  0.0e+00  0.0e+00  2.7e-01  2.4e-03  2.7e-01
  52  T 1   1.609e+08  -4e-08  0.96  1.0e-01  1.1e-05  1.0e-01  5.7e-01  2.8e-01  1.8e-03  2.8e-01
  53  F 0   1.609e+08  -4e-08  0.96  1.0e-01  1.1e-05  0.0e+00  0.0e+00  2.7e-01  2.2e-03  2.7e-01
  53  T 1   1.609e+08  -3e-05  0.96  1.0e-01  6.6e-06  2.8e-02  1.6e-01  2.7e-01  1.7e-03  2.7e-01
  54  T 0   1.608e+08   6e-06  0.96  1.0e-01  6.6e-06  2.4e-02  1.1e-01  2.7e-01  1.6e-03  2.8e-01
  55  T 0   1.607e+08  -1e-07  0.97  1.0e-01  7.4e-06  1.0e-01  1.0e+00  2.7e-01  2.2e-03  2.7e-01
  56  F 0   1.607e+08  -1e-07  0.97  1.0e-01  7.4e-06  0.0e+00  0.0e+00  2.8e-01  2.5e-03  2.8e-01
  56  F 1   1.607e+08  -1e-07  0.97  1.0e-01  7.4e-06  0.0e+00  0.0e+00  2.7e-01  1.8e-03  2.7e-01
  56  T 2   1.607e+08  -9e-06  0.97  1.0e-01  9.3e-06  7.3e-02  3.4e-01  2.7e-01  1.5e-03  2.7e-01
  57  T 0   1.607e+08   5e-08  0.96  1.0e-01  1.5e-05  6.2e-02  3.7e-01  2.7e-01  2.1e-03  2.7e-01
  58  T 0   1.606e+08   3e-07  0.96  1.0e-01  7.6e-06  4.2e-02  2.5e-01  2.7e-01  2.2e-03  2.8e-01
  59  T 0   1.606e+08  -2e-07  0.96  1.0e-01  7.6e-06  2.3e-02  9.6e-02  2.8e-01  2.1e-03  2.8e-01
  60  T 0   1.606e+08   5e-06  0.97  1.0e-01  5.3e-06  4.0e-02  1.8e-01  2.7e-01  1.8e-03  2.7e-01
  61  F 0   1.606e+08   5e-06  0.97  1.0e-01  5.3e-06  0.0e+00  0.0e+00  2.8e-01  2.2e-03  2.8e-01
  61  T 1   1.605e+08  -3e-07  0.97  1.0e-01  8.8e-06  1.0e-01  7.8e-01  2.8e-01  1.8e-03  2.8e-01
  62  F 0   1.605e+08  -3e-07  0.97  1.0e-01  8.8e-06  0.0e+00  0.0e+00  2.8e-01  2.2e-03  2.8e-01
  62  F 1   1.605e+08  -3e-07  0.97  1.0e-01  8.8e-06  0.0e+00  0.0e+00  2.7e-01  1.8e-03  2.7e-01
  62  T 2   1.605e+08   3e-05  0.97  1.0e-01  6.4e-06  7.5e-03  4.4e-02  2.7e-01  1.5e-03  2.7e-01
  63  T 0   1.605e+08  -2e-07  0.97  1.0e-01  4.3e-06  2.3e-02  1.5e-01  2.8e-01  2.1e-03  2.9e-01
  64  T 0   1.605e+08   1e-07  0.97  1.0e-01  4.5e-06  2.0e-02  9.5e-02  3.2e-01  2.2e-03  3.2e-01
  65  T 0   1.604e+08  -2e-06  0.97  1.0e-01  5.8e-06  1.0e-01  6.7e-01  3.1e-01  1.5e-03  3.2e-01
  66  F 0   1.604e+08  -2e-06  0.97  1.0e-01  5.8e-06  0.0e+00  0.0e+00  3.1e-01  2.4e-03  3.1e-01
  66  F 1   1.604e+08  -2e-06  0.97  1.0e-01  5.8e-06  0.0e+00  0.0e+00  2.7e-01  2.0e-03  2.7e-01
  66  T 2   1.604e+08  -3e-05  0.97  1.0e-01  4.7e-06  9.5e-03  5.9e-02  2.7e-01  1.5e-03  2.7e-01
  67  T 0   1.604e+08  -3e-05  0.97  1.0e-01  4.8e-06  2.0e-02  1.0e-01  2.7e-01  1.9e-03  2.8e-01
  68  T 0   1.604e+08  -1e-08  0.97  1.0e-01  4.7e-06  5.4e-02  2.4e-01  2.7e-01  2.2e-03  2.7e-01
  69  F 0   1.604e+08  -1e-08  0.97  1.0e-01  4.7e-06  0.0e+00  0.0e+00  2.7e-01  2.1e-03  2.8e-01
  69  T 1   1.604e+08   6e-08  0.97  1.0e-01  4.9e-06  2.8e-02  1.5e-01  2.7e-01  1.8e-03  2.7e-01
  70  T 0   1.604e+08   3e-06  0.97  1.0e-01  5.4e-06  4.7e-02  2.3e-01  2.8e-01  1.9e-03  2.8e-01
  71  F 0   1.604e+08   3e-06  0.97  1.0e-01  5.4e-06  0.0e+00  0.0e+00  2.8e-01  2.1e-03  2.8e-01
  71  T 1   1.603e+08  -2e-05  0.97  1.0e-01  4.7e-06  5.9e-03  3.8e-02  2.8e-01  1.5e-03  2.8e-01
  72  T 0   1.603e+08  -2e-07  0.97  1.0e-01  4.9e-06  2.1e-02  1.1e-01  2.9e-01  2.1e-03  2.9e-01
  73  T 0   1.603e+08  -9e-08  0.97  1.0e-01  3.6e-06  3.1e-02  1.5e-01  2.7e-01  2.3e-03  2.7e-01
  74  T 0   1.603e+08   2e-07  0.97  1.0e-01  1.4e-05  8.7e-02  5.4e-01  2.8e-01  2.2e-03  2.8e-01
  75  F 0   1.603e+08   2e-07  0.97  1.0e-01  1.4e-05  0.0e+00  0.0e+00  2.8e-01  2.2e-03  2.9e-01
  75  T 1   1.603e+08   3e-05  0.97  1.0e-01  7.7e-06  1.7e-02  1.0e-01  2.7e-01  1.5e-03  2.8e-01
  76  T 0   1.603e+08   2e-07  0.97  1.0e-01  3.8e-06  2.2e-02  1.3e-01  3.0e-01  2.1e-03  3.0e-01
  77  T 0   1.603e+08  -4e-08  0.97  1.0e-01  3.6e-06  1.3e-02  7.1e-02  2.8e-01  2.1e-03  2.8e-01
  78  T 0   1.602e+08   3e-08  0.97  1.0e-01  7.5e-06  1.0e-01  1.3e+00  2.7e-01  2.4e-03  2.7e-01
  79  F 0   1.602e+08   3e-08  0.97  1.0e-01  7.5e-06  0.0e+00  0.0e+00  2.8e-01  2.5e-03  2.9e-01
  79  F 1   1.602e+08   3e-08  0.97  1.0e-01  7.5e-06  0.0e+00  0.0e+00  2.7e-01  2.1e-03  2.7e-01
  79  T 2   1.602e+08   3e-06  0.97  1.0e-01  5.0e-06  1.5e-02  7.4e-02  2.7e-01  1.8e-03  2.7e-01
  80  T 0   1.601e+08   5e-08  0.97  1.0e-01  4.2e-06  3.6e-02  2.0e-01  2.7e-01  2.2e-03  2.7e-01
  81  T 0   1.601e+08  -3e-06  0.97  1.0e-01  4.1e-06  5.8e-02  2.7e-01  2.7e-01  2.2e-03  2.7e-01
  82  F 0   1.601e+08  -3e-06  0.97  1.0e-01  4.1e-06  0.0e+00  0.0e+00  2.8e-01  2.2e-03  2.8e-01
  82  T 1   1.601e+08   3e-05  0.97  1.0e-01  4.0e-06  1.1e-02  7.5e-02  2.6e-01  1.5e-03  2.6e-01
  83  T 0   1.601e+08  -1e-07  0.97  1.0e-01  3.9e-06  1.9e-02  7.8e-02  2.8e-01  2.2e-03  2.8e-01
  84  T 0   1.601e+08  -9e-07  0.98  1.0e-01  9.2e-06  1.0e-01  9.3e-01  2.9e-01  2.1e-03  2.9e-01
  85  F 0   1.601e+08  -9e-07  0.98  1.0e-01  9.2e-06  0.0e+00  0.0e+00  2.8e-01  2.7e-03  2.8e-01
  85  F 1   1.601e+08  -9e-07  0.98  1.0e-01  9.2e-06  0.0e+00  0.0e+00  2.8e-01  1.9e-03  2.8e-01
  85  T 2   1.601e+08   2e-05  0.97  1.0e-01  6.6e-06  9.2e-03  4.8e-02  3.1e-01  1.2e-03  3.1e-01
  86  T 0   1.600e+08   2e-07  0.97  1.0e-01  3.0e-06  2.2e-02  1.1e-01  3.3e-01  2.3e-03  3.3e-01
  87  T 0   1.600e+08   3e-09  0.97  1.0e-01  3.1e-06  1.2e-02  5.5e-02  3.0e-01  2.2e-03  3.0e-01
  88  T 0   1.600e+08   3e-07  0.98  1.0e-01  5.3e-06  1.0e-01  6.5e-01  3.3e-01  2.1e-03  3.3e-01
  89  F 0   1.600e+08   3e-07  0.98  1.0e-01  5.3e-06  0.0e+00  0.0e+00  3.2e-01  2.2e-03  3.2e-01
  89  F 1   1.600e+08   3e-07  0.98  1.0e-01  5.3e-06  0.0e+00  0.0e+00  2.8e-01  1.6e-03  2.8e-01
  89  T 2   1.600e+08   8e-07  0.97  1.0e-01  3.7e-06  6.2e-03  3.1e-02  2.7e-01  1.2e-03  2.7e-01
  90  T 0   1.600e+08   2e-05  0.98  1.0e-01  3.2e-06  1.4e-02  7.3e-02  2.7e-01  1.9e-03  2.7e-01
  91  T 0   1.600e+08  -3e-07  0.97  1.0e-01  3.3e-06  1.8e-02  7.4e-02  3.5e-01  2.1e-03  3.5e-01
  92  T 0   1.600e+08  -6e-08  0.98  1.0e-01  5.3e-06  8.1e-02  3.2e-01  2.8e-01  2.2e-03  2.8e-01
  93  F 0   1.600e+08  -6e-08  0.98  1.0e-01  5.3e-06  0.0e+00  0.0e+00  2.8e-01  2.1e-03  2.8e-01
  93  T 1   1.600e+08   3e-05  0.97  1.0e-01  3.2e-06  1.5e-02  8.7e-02  2.7e-01  1.5e-03  2.7e-01
  94  T 0   1.600e+08   1e-05  0.98  1.0e-01  3.2e-06  1.1e-02  4.0e-02  2.8e-01  1.9e-03  2.8e-01
  95  T 0   1.599e+08   7e-08  0.98  1.0e-01  3.2e-06  1.0e-01  7.7e-01  2.8e-01  2.2e-03  2.9e-01
  96  F 0   1.599e+08   7e-08  0.98  1.0e-01  3.2e-06  0.0e+00  0.0e+00  2.8e-01  2.5e-03  2.8e-01
  96  T 1   1.599e+08  -1e-07  0.98  1.0e-01  7.5e-06  1.0e-01  9.0e-01  2.8e-01  2.2e-03  2.8e-01
  97  F 0   1.599e+08  -1e-07  0.98  1.0e-01  7.5e-06  0.0e+00  0.0e+00  2.8e-01  2.2e-03  2.8e-01
  97  T 1   1.599e+08   7e-06  0.97  1.0e-01  3.9e-06  3.3e-02  1.7e-01  2.8e-01  1.9e-03  2.8e-01
  98  T 0   1.599e+08   1e-08  0.97  1.0e-01  2.8e-06  4.4e-02  2.0e-01  2.7e-01  2.1e-03  2.7e-01
  99  T 0   1.599e+08   3e-07  0.97  1.0e-01  3.1e-06  4.7e-02  2.1e-01  2.7e-01  2.2e-03  2.7e-01
 100  F 0   1.599e+08   3e-07  0.97  1.0e-01  3.1e-06  0.0e+00  0.0e+00  2.8e-01  2.4e-03  2.8e-01
 100  T 1   1.599e+08   1e-05  0.97  1.0e-01  2.7e-06  1.3e-02  7.0e-02  2.7e-01  1.5e-03  2.7e-01
 101  T 0   1.599e+08  -9e-06  0.97  1.0e-01  2.8e-06  1.3e-02  6.1e-02  3.3e-01  1.8e-03  3.3e-01
 102  T 0   1.598e+08   4e-08  0.98  1.0e-01  2.9e-06  4.4e-02  1.8e-01  2.7e-01  2.2e-03  2.8e-01
 103  F 0   1.598e+08   4e-08  0.98  1.0e-01  2.9e-06  0.0e+00  0.0e+00  3.2e-01  2.2e-03  3.2e-01
 103  T 1   1.598e+08  -2e-05  0.97  1.0e-01  2.5e-06  8.5e-03  5.7e-02  2.8e-01  1.7e-03  2.9e-01
 104  T 0   1.598e+08  -3e-06  0.97  1.0e-01  2.5e-06  9.6e-03  4.1e-02  2.8e-01  1.6e-03  2.8e-01
 105  T 0   1.598e+08   1e-06  0.98  1.0e-01  6.2e-06  1.0e-01  7.1e-01  2.7e-01  2.2e-03  2.7e-01
 106  F 0   1.598e+08   1e-06  0.98  1.0e-01  6.2e-06  0.0e+00  0.0e+00  2.7e-01  2.1e-03  2.7e-01
 106  F 1   1.598e+08   1e-06  0.98  1.0e-01  6.2e-06  0.0e+00  0.0e+00  2.7e-01  1.8e-03  2.7e-01
 106  T 2   1.598e+08   4e-05  0.98  1.0e-01  2.9e-06  1.0e-02  5.6e-02  2.7e-01  1.5e-03  2.7e-01
 107  T 0   1.598e+08  -2e-07  0.98  1.0e-01  2.5e-06  8.6e-03  5.7e-02  2.7e-01  2.2e-03  2.7e-01
 108  T 0   1.598e+08  -3e-08  0.98  1.0e-01  2.3e-06  1.1e-02  4.7e-02  2.7e-01  2.2e-03  2.7e-01
 109  F 0   1.598e+08  -3e-08  0.98  1.0e-01  2.3e-06  0.0e+00  0.0e+00  2.7e-01  2.2e-03  2.7e-01
 109  T 1   1.598e+08   3e-08  0.98  1.0e-01  2.8e-06  1.0e-01  6.9e-01  2.7e-01  1.8e-03  2.8e-01
 110  F 0   1.598e+08   3e-08  0.98  1.0e-01  2.8e-06  0.0e+00  0.0e+00  2.7e-01  2.5e-03  2.8e-01
 110  F 1   1.598e+08   3e-08  0.98  1.0e-01  2.8e-06  0.0e+00  0.0e+00  2.7e-01  1.8e-03  2.7e-01
 110  F 2   1.598e+08   3e-08  0.98  1.0e-01  2.8e-06  0.0e+00  0.0e+00  2.7e-01  1.8e-03  2.8e-01
 110  T 3   1.598e+08  -2e-05  0.98  1.0e-01  2.5e-06  2.8e-03  1.7e-02  2.9e-01  1.5e-03  2.9e-01
 111  T 0   1.598e+08  -2e-15  0.98  1.0e-01  2.8e-06  1.1e-02  5.9e-02  2.7e-01  2.1e-03  2.8e-01
 112  T 0   1.598e+08   1e-07  0.98  1.0e-01  2.5e-06  2.1e-02  9.1e-02  2.7e-01  2.1e-03  2.8e-01
 113  F 0   1.598e+08   1e-07  0.98  1.0e-01  2.5e-06  0.0e+00  0.0e+00  2.7e-01  2.1e-03  2.7e-01
 113  T 1   1.598e+08  -2e-05  0.98  1.0e-01  2.5e-06  4.3e-03  2.4e-02  2.7e-01  1.5e-03  2.8e-01
 114  T 0   1.597e+08  -2e-05  0.98  1.0e-01  2.6e-06  1.7e-02  7.7e-02  2.7e-01  1.9e-03  2.7e-01
 115  T 0   1.597e+08  -8e-08  0.98  1.0e-01  9.9e-06  1.0e-01  4.8e-01  2.7e-01  2.2e-03  2.7e-01
 116  F 0   1.597e+08  -8e-08  0.98  1.0e-01  9.9e-06  0.0e+00  0.0e+00  3.1e-01  2.2e-03  3.1e-01
 116  T 1   1.597e+08   4e-07  0.97  1.0e-01  4.3e-06  2.4e-02  1.4e-01  2.7e-01  1.8e-03  2.8e-01
 117  T 0   1.597e+08   9e-07  0.98  1.0e-01  2.5e-06  6.8e-03  3.4e-02  2.6e-01  2.2e-03  2.7e-01
 118  T 0   1.597e+08   3e-07  0.98  1.0e-01  7.4e-06  1.0e-01  6.2e-01  2.7e-01  2.2e-03  2.7e-01
 119  F 0   1.597e+08   3e-07  0.98  1.0e-01  7.4e-06  0.0e+00  0.0e+00  2.7e-01  2.1e-03  2.8e-01
 119  F 1   1.597e+08   3e-07  0.98  1.0e-01  7.4e-06  0.0e+00  0.0e+00  2.6e-01  1.9e-03  2.6e-01
 119  T 2   1.597e+08   2e-05  0.98  1.0e-01  5.6e-06  5.7e-03  3.1e-02  1.9e-01  1.1e-03  2.0e-01
 120  T 0   1.597e+08  -1e-07  0.98  1.0e-01  2.6e-06  1.7e-02  9.8e-02  1.9e-01  1.6e-03  1.9e-01
 121  T 0   1.597e+08  -2e-07  0.97  1.0e-01  2.8e-06  9.5e-03  4.5e-02  2.0e-01  1.7e-03  2.0e-01
 122  T 0   1.597e+08   6e-08  0.98  1.0e-01  3.2e-06  7.5e-02  3.2e-01  2.0e-01  1.6e-03  2.0e-01
 123  F 0   1.597e+08   6e-08  0.98  1.0e-01  3.2e-06  0.0e+00  0.0e+00  2.0e-01  1.6e-03  2.0e-01
 123  F 1   1.597e+08   6e-08  0.98  1.0e-01  3.2e-06  0.0e+00  0.0e+00  1.9e-01  1.1e-03  1.9e-01
 123  T 2   1.597e+08  -1e-05  0.98  1.0e-01  2.6e-06  3.8e-03  2.2e-02  1.9e-01  1.1e-03  2.0e-01
 124  T 0   1.597e+08  -3e-05  0.98  1.0e-01  2.8e-06  1.2e-02  6.7e-02  1.9e-01  1.4e-03  2.0e-01
 125  T 0   1.596e+08   4e-06  0.98  1.0e-01  2.5e-06  2.5e-02  1.2e-01  1.9e-01  1.3e-03  2.0e-01
 126  F 0   1.596e+08   4e-06  0.98  1.0e-01  2.5e-06  0.0e+00  0.0e+00  2.6e-01  1.6e-03  2.6e-01
 126  T 1   1.596e+08  -8e-06  0.98  1.0e-01  2.7e-06  4.7e-03  3.1e-02  2.0e-01  9.8e-04  2.0e-01
 127  T 0   1.596e+08  -7e-06  0.98  1.0e-01  2.8e-06  1.6e-02  7.4e-02  1.9e-01  1.4e-03  1.9e-01
 128  T 0   1.596e+08   8e-08  0.98  1.0e-01  8.4e-06  1.0e-01  5.4e-01  2.0e-01  1.6e-03  2.0e-01
 129  F 0   1.596e+08   8e-08  0.98  1.0e-01  8.4e-06  0.0e+00  0.0e+00  2.0e-01  1.6e-03  2.0e-01
 129  T 1   1.596e+08  -2e-07  0.97  1.0e-01  7.7e-06  3.5e-02  2.1e-01  2.0e-01  1.3e-03  2.0e-01
 130  T 0   1.596e+08   6e-07  0.97  1.0e-01  2.8e-06  2.0e-02  9.9e-02  1.9e-01  1.6e-03  1.9e-01
 131  T 0   1.596e+08  -4e-05  0.98  1.0e-01  2.7e-06  7.5e-03  3.6e-02  1.9e-01  1.4e-03  1.9e-01
 132  T 0   1.596e+08  -2e-06  0.98  1.0e-01  2.7e-06  6.6e-02  3.0e-01  1.9e-01  1.7e-03  1.9e-01
 133  F 0   1.596e+08  -2e-06  0.98  1.0e-01  2.7e-06  0.0e+00  0.0e+00  1.9e-01  1.6e-03  1.9e-01
 133  T 1   1.596e+08  -3e-07  0.98  1.0e-01  1.4e-05  1.0e-01  8.7e-01  1.9e-01  1.3e-03  1.9e-01
 134  F 0   1.596e+08  -3e-07  0.98  1.0e-01  1.4e-05  0.0e+00  0.0e+00  2.0e-01  1.2e-03  2.0e-01
 134  T 1   1.595e+08  -1e-06  0.97  1.0e-01  1.3e-05  7.2e-02  3.8e-01  2.3e-01  1.3e-03  2.3e-01
 135  T 0   1.595e+08  -1e-06  0.97  1.0e-01  8.2e-06  3.0e-02  1.9e-01  2.1e-01  1.6e-03  2.1e-01
 136  T 0   1.595e+08   6e-08  0.97  1.0e-01  2.8e-06  1.2e-02  5.0e-02  2.0e-01  1.6e-03  2.0e-01
 137  T 0   1.595e+08  -1e-05  0.98  1.0e-01  2.6e-06  1.1e-02  5.6e-02  2.0e-01  1.5e-03  2.1e-01
 138  T 0   1.595e+08  -2e-07  0.98  1.0e-01  3.4e-06  1.0e-01  7.7e-01  2.0e-01  1.6e-03  2.0e-01
 139  F 0   1.595e+08  -2e-07  0.98  1.0e-01  3.4e-06  0.0e+00  0.0e+00  1.9e-01  1.5e-03  1.9e-01
 139  F 1   1.595e+08  -2e-07  0.98  1.0e-01  3.4e-06  0.0e+00  0.0e+00  1.9e-01  1.3e-03  2.0e-01
 139  T 2   1.595e+08  -2e-06  0.98  1.0e-01  5.6e-06  3.4e-02  1.8e-01  1.9e-01  9.2e-04  1.9e-01
 140  F 0   1.595e+08  -2e-06  0.98  1.0e-01  5.6e-06  0.0e+00  0.0e+00  1.9e-01  1.6e-03  1.9e-01
 140  T 1   1.595e+08  -1e-05  0.98  1.0e-01  4.5e-06  3.4e-03  2.0e-02  2.0e-01  1.1e-03  2.0e-01
 141  T 0   1.595e+08   2e-07  0.98  1.0e-01  3.4e-06  1.4e-02  7.9e-02  2.0e-01  1.8e-03  2.0e-01
 142  T 0   1.594e+08   4e-07  0.98  1.0e-01  3.1e-06  1.0e-02  4.2e-02  1.9e-01  1.6e-03  1.9e-01
 143  T 0   1.594e+08  -8e-07  0.98  1.0e-01  3.5e-06  9.8e-02  3.8e-01  1.9e-01  1.6e-03  1.9e-01
 144  F 0   1.594e+08  -8e-07  0.98  1.0e-01  3.5e-06  0.0e+00  0.0e+00  2.0e-01  1.6e-03  2.1e-01
 144  F 1   1.594e+08  -8e-07  0.98  1.0e-01  3.5e-06  0.0e+00  0.0e+00  2.5e-01  9.6e-04  2.6e-01
 144  T 2   1.594e+08  -2e-06  0.98  1.0e-01  2.9e-06  5.6e-03  3.2e-02  2.0e-01  9.2e-04  2.0e-01
 145  T 0   1.594e+08  -8e-06  0.98  1.0e-01  2.9e-06  1.1e-02  5.4e-02  2.2e-01  1.4e-03  2.2e-01
 146  T 0   1.594e+08  -9e-06  0.98  1.0e-01  2.8e-06  2.8e-02  1.1e-01  2.0e-01  1.4e-03  2.0e-01
 147  F 0   1.594e+08  -9e-06  0.98  1.0e-01  2.8e-06  0.0e+00  0.0e+00  1.9e-01  1.6e-03  1.9e-01
 147  T 1   1.594e+08  -4e-06  0.98  1.0e-01  2.9e-06  1.2e-02  5.6e-02  2.0e-01  9.3e-04  2.0e-01
 148  T 0   1.594e+08  -5e-06  0.98  1.0e-01  2.8e-06  2.6e-02  1.1e-01  2.0e-01  1.4e-03  2.0e-01
 149  F 0   1.594e+08  -5e-06  0.98  1.0e-01  2.8e-06  0.0e+00  0.0e+00  1.9e-01  1.6e-03  1.9e-01
 149  T 1   1.594e+08  -3e-06  0.98  1.0e-01  2.9e-06  8.8e-03  4.4e-02  2.1e-01  9.9e-04  2.1e-01
 150  T 0   1.594e+08  -5e-06  0.98  1.0e-01  2.9e-06  2.3e-02  9.1e-02  2.6e-01  1.4e-03  2.6e-01
 151  F 0   1.594e+08  -5e-06  0.98  1.0e-01  2.9e-06  0.0e+00  0.0e+00  2.5e-01  1.8e-03  2.6e-01
 151  T 1   1.594e+08  -4e-08  0.98  1.0e-01  4.9e-06  1.0e-01  5.5e-01  2.2e-01  1.1e-03  2.2e-01
 152  F 0   1.594e+08  -4e-08  0.98  1.0e-01  4.9e-06  0.0e+00  0.0e+00  2.2e-01  1.5e-03  2.2e-01
 152  F 1   1.594e+08  -4e-08  0.98  1.0e-01  4.9e-06  0.0e+00  0.0e+00  2.2e-01  1.2e-03  2.2e-01
 152  T 2   1.594e+08  -1e-05  0.98  1.0e-01  3.1e-06  6.3e-03  4.0e-02  2.2e-01  1.2e-03  2.2e-01
 153  T 0   1.594e+08  -2e-05  0.98  1.0e-01  3.0e-06  9.1e-03  5.4e-02  2.3e-01  1.5e-03  2.3e-01
 154  T 0   1.594e+08   2e-06  0.98  1.0e-01  3.0e-06  1.3e-02  5.0e-02  2.2e-01  1.3e-03  2.3e-01
 155  T 0   1.593e+08  -8e-08  0.98  1.0e-01  8.3e-06  1.0e-01  6.6e-01  2.5e-01  2.1e-03  2.6e-01
 156  F 0   1.593e+08  -8e-08  0.98  1.0e-01  8.3e-06  0.0e+00  0.0e+00  2.5e-01  2.0e-03  2.6e-01
 156  F 1   1.593e+08  -8e-08  0.98  1.0e-01  8.3e-06  0.0e+00  0.0e+00  2.7e-01  1.8e-03  2.8e-01
 156  T 2   1.593e+08   2e-05  0.98  1.0e-01  6.3e-06  5.8e-03  3.3e-02  2.9e-01  1.6e-03  2.9e-01
 157  T 0   1.593e+08  -6e-07  0.98  1.0e-01  3.4e-06  1.8e-02  1.0e-01  2.8e-01  2.1e-03  2.9e-01
 158  T 0   1.593e+08  -1e-07  0.98  1.0e-01  3.2e-06  1.0e-02  3.6e-02  2.4e-01  2.1e-03  2.4e-01
 159  T 0   1.593e+08   7e-07  0.98  1.0e-01  7.4e-06  1.0e-01  7.8e-01  2.4e-01  2.0e-03  2.4e-01
 160  F 0   1.593e+08   7e-07  0.98  1.0e-01  7.4e-06  0.0e+00  0.0e+00  2.5e-01  2.1e-03  2.5e-01
 160  F 1   1.593e+08   7e-07  0.98  1.0e-01  7.4e-06  0.0e+00  0.0e+00  2.4e-01  2.0e-03  2.4e-01
 160  T 2   1.593e+08   1e-06  0.98  1.0e-01  2.9e-06  1.3e-02  6.1e-02  2.4e-01  1.8e-03  2.5e-01
 161  T 0   1.593e+08   4e-05  0.98  1.0e-01  2.9e-06  8.8e-03  4.2e-02  2.4e-01  1.7e-03  2.4e-01
 162  T 0   1.593e+08   1e-06  0.98  1.0e-01  3.2e-06  2.9e-02  1.0e-01  2.5e-01  2.1e-03  2.6e-01
 163  T 0   1.592e+08  -4e-06  0.98  1.0e-01  3.1e-06  1.0e-01  4.7e-01  2.6e-01  2.2e-03  2.6e-01
 164  F 0   1.592e+08  -4e-06  0.98  1.0e-01  3.1e-06  0.0e+00  0.0e+00  2.3e-01  2.1e-03  2.3e-01
 164  F 1   1.592e+08  -4e-06  0.98  1.0e-01  3.1e-06  0.0e+00  0.0e+00  2.4e-01  1.8e-03  2.4e-01
 164  T 2   1.592e+08  -3e-05  0.98  1.0e-01  3.2e-06  1.2e-02  5.8e-02  2.4e-01  1.5e-03  2.4e-01
 165  T 0   1.592e+08   6e-07  0.98  1.0e-01  3.0e-06  1.8e-02  6.1e-02  2.7e-01  8.3e-03  2.7e-01
 166  T 0   1.592e+08  -2e-07  0.98  1.0e-01  4.2e-06  5.7e-02  1.9e-01  2.7e-01  2.1e-03  2.8e-01
 167  F 0   1.592e+08  -2e-07  0.98  1.0e-01  4.2e-06  0.0e+00  0.0e+00  2.5e-01  2.1e-03  2.5e-01
 167  T 1   1.592e+08  -1e-05  0.98  1.0e-01  3.1e-06  6.8e-03  4.2e-02  2.6e-01  1.6e-03  2.7e-01
 168  T 0   1.592e+08  -1e-05  0.98  1.0e-01  3.0e-06  9.1e-03  3.8e-02  2.4e-01  1.8e-03  2.4e-01
 169  T 0   1.592e+08  -1e-06  0.98  1.0e-01  2.9e-06  1.7e-02  5.4e-02  2.5e-01  1.5e-03  2.5e-01
 170  F 0   1.592e+08  -1e-06  0.98  1.0e-01  2.9e-06  0.0e+00  0.0e+00  2.4e-01  2.0e-03  2.4e-01
 170  T 1   1.592e+08   5e-06  0.98  1.0e-01  2.3e-06  4.2e-02  1.6e-01  2.5e-01  1.5e-03  2.5e-01
 171  F 0   1.592e+08   5e-06  0.98  1.0e-01  2.3e-06  0.0e+00  0.0e+00  2.4e-01  2.0e-03  2.4e-01
 171  T 1   1.592e+08   6e-06  0.98  1.0e-01  3.8e-06  2.6e-02  1.3e-01  2.4e-01  1.5e-03  2.5e-01
 172  F 0   1.592e+08   6e-06  0.98  1.0e-01  3.8e-06  0.0e+00  0.0e+00  2.4e-01  2.0e-03  2.4e-01
 172  T 1   1.592e+08  -2e-06  0.98  1.0e-01  2.8e-06  2.5e-03  1.6e-02  2.4e-01  1.2e-03  2.4e-01
 173  T 0   1.592e+08  -2e-05  0.98  1.0e-01  2.4e-06  8.4e-03  5.4e-02  2.6e-01  1.8e-03  2.7e-01
 174  T 0   1.592e+08  -9e-06  0.98  1.0e-01  2.4e-06  7.8e-03  3.1e-02  2.7e-01  1.9e-03  2.8e-01
 175  T 0   1.592e+08  -3e-05  0.98  1.0e-01  2.3e-06  6.6e-02  2.3e-01  2.8e-01  1.9e-03  2.8e-01
 176  F 0   1.592e+08  -3e-05  0.98  1.0e-01  2.3e-06  0.0e+00  0.0e+00  3.1e-01  2.2e-03  3.1e-01
 176  F 1   1.592e+08  -3e-05  0.98  1.0e-01  2.3e-06  0.0e+00  0.0e+00  3.2e-01  1.5e-03  3.2e-01
 176  T 2   1.592e+08  -2e-05  0.98  1.0e-01  2.3e-06  2.3e-03  1.5e-02  2.8e-01  1.5e-03  2.9e-01
 177  T 0   1.592e+08   5e-06  0.98  1.0e-01  2.3e-06  9.5e-03  4.6e-02  2.8e-01  1.7e-03  2.9e-01
 178  T 0   1.592e+08   1e-05  0.98  1.0e-01  2.3e-06  1.4e-02  5.3e-02  2.8e-01  1.8e-03  2.8e-01
 179  T 0   1.592e+08  -2e-05  0.98  1.0e-01  3.7e-06  4.5e-02  1.7e-01  2.7e-01  1.9e-03  2.8e-01
 180  F 0   1.592e+08  -2e-05  0.98  1.0e-01  3.7e-06  0.0e+00  0.0e+00  2.7e-01  1.7e-03  2.7e-01
 180  T 1   1.592e+08  -3e-05  0.98  1.0e-01  2.4e-06  6.3e-03  3.9e-02  2.7e-01  1.5e-03  2.8e-01
 181  T 0   1.592e+08  -3e-05  0.98  1.0e-01  2.3e-06  6.8e-03  3.2e-02  2.7e-01  1.9e-03  2.8e-01
 182  T 0   1.592e+08  -8e-06  0.98  1.0e-01  2.3e-06  1.4e-02  5.1e-02  2.8e-01  1.8e-03  2.8e-01
 183  F 0   1.592e+08  -8e-06  0.98  1.0e-01  2.3e-06  0.0e+00  0.0e+00  2.7e-01  2.1e-03  2.7e-01
 183  T 1   1.592e+08  -2e-05  0.98  1.0e-01  2.2e-06  5.7e-02  2.0e-01  2.7e-01  1.5e-03  2.7e-01
 184  F 0   1.592e+08  -2e-05  0.98  1.0e-01  2.2e-06  0.0e+00  0.0e+00  2.7e-01  2.2e-03  2.7e-01
 184  F 1   1.592e+08  -2e-05  0.98  1.0e-01  2.2e-06  0.0e+00  0.0e+00  2.7e-01  1.5e-03  2.7e-01
 184  T 2   1.592e+08  -1e-05  0.98  1.0e-01  2.2e-06  2.8e-03  1.6e-02  2.7e-01  1.5e-03  2.7e-01
 185  T 0   1.592e+08   1e-06  0.98  1.0e-01  2.2e-06  1.1e-02  4.7e-02  2.7e-01  1.7e-03  2.7e-01
 186  T 0   1.592e+08   2e-07  0.98  1.0e-01  2.0e-06  2.1e-02  8.6e-02  2.7e-01  1.6e-03  2.7e-01
 187  F 0   1.592e+08   2e-07  0.98  1.0e-01  2.0e-06  0.0e+00  0.0e+00  2.7e-01  1.9e-03  2.7e-01
 187  T 1   1.592e+08   9e-06  0.98  1.0e-01  2.0e-06  3.3e-03  2.0e-02  2.8e-01  1.2e-03  2.8e-01
 188  T 0   1.592e+08   2e-05  0.98  1.0e-01  2.1e-06  9.9e-03  4.2e-02  2.8e-01  1.9e-03  2.8e-01
 189  T 0   1.592e+08   7e-06  0.98  1.0e-01  2.0e-06  3.2e-02  1.3e-01  2.8e-01  1.5e-03  2.8e-01
 190  F 0   1.592e+08   7e-06  0.98  1.0e-01  2.0e-06  0.0e+00  0.0e+00  2.7e-01  2.1e-03  2.7e-01
 190  T 1   1.592e+08   2e-05  0.98  1.0e-01  2.0e-06  6.1e-03  4.1e-02  2.7e-01  1.5e-03  2.7e-01
 191  T 0   1.592e+08   1e-05  0.98  1.0e-01  2.0e-06  8.4e-03  3.2e-02  2.7e-01  1.9e-03  2.7e-01
 192  T 0   1.591e+08   3e-06  0.98  1.0e-01  2.6e-06  1.0e-01  9.3e-01  2.7e-01  2.2e-03  2.7e-01
 193  F 0   1.591e+08   3e-06  0.98  1.0e-01  2.6e-06  0.0e+00  0.0e+00  2.7e-01  2.1e-03  2.7e-01
 193  F 1   1.591e+08   3e-06  0.98  1.0e-01  2.6e-06  0.0e+00  0.0e+00  2.8e-01  1.8e-03  2.8e-01
 193  T 2   1.591e+08  -6e-06  0.98  1.0e-01  2.5e-06  2.2e-02  9.1e-02  2.7e-01  1.5e-03  2.7e-01
 194  F 0   1.591e+08   5e-07  0.98  1.0e-01  4.4e-06  2.6e-02  1.3e-01  2.7e-01  2.2e-03  2.8e-01
 195  T 0   1.591e+08   3e-07  0.98  1.0e-01  4.1e-06  1.9e-02  1.2e-01  2.8e-01  2.2e-03  2.8e-01
 196  T 0   1.591e+08  -3e-05  0.98  1.0e-01  1.9e-06  1.1e-02  5.2e-02  2.9e-01  1.9e-03  2.9e-01
 197  T 0   1.591e+08  -2e-05  0.98  1.0e-01  1.7e-06  5.3e-03  2.4e-02  2.7e-01  1.9e-03  2.7e-01
 198  T 0   1.591e+08   9e-06  0.98  1.0e-01  1.8e-06  3.0e-02  1.2e-01  2.7e-01  1.9e-03  2.7e-01
 199  F 0   1.591e+08   9e-06  0.98  1.0e-01  1.8e-06  0.0e+00  0.0e+00  2.7e-01  2.1e-03  2.7e-01
 199  T 1   1.591e+08  -1e-05  0.98  1.0e-01  3.6e-06  3.6e-02  1.5e-01  2.7e-01  1.5e-03  2.7e-01
 200  F 0   1.591e+08  -1e-05  0.98  1.0e-01  3.6e-06  0.0e+00  0.0e+00  2.8e-01  1.8e-03  2.8e-01
 200  T 1   1.591e+08  -2e-05  0.98  1.0e-01  1.9e-06  5.1e-03  3.1e-02  2.7e-01  1.5e-03  2.8e-01
 201  T 0   1.591e+08  -2e-05  0.98  1.0e-01  1.7e-06  5.5e-03  3.4e-02  2.7e-01  1.8e-03  2.7e-01
 202  T 0   1.591e+08  -9e-06  0.98  1.0e-01  1.7e-06  7.1e-03  2.9e-02  2.6e-01  1.6e-03  2.7e-01
 203  T 0   1.591e+08  -3e-07  0.98  1.0e-01  6.7e-06  1.0e-01  6.5e-01  2.7e-01  2.1e-03  2.7e-01
 204  F 0   1.591e+08  -3e-07  0.98  1.0e-01  6.7e-06  0.0e+00  0.0e+00  2.8e-01  2.1e-03  2.8e-01
 204  F 1   1.591e+08  -3e-07  0.98  1.0e-01  6.7e-06  0.0e+00  0.0e+00  2.7e-01  1.8e-03  2.7e-01
 204  T 2   1.591e+08   1e-05  0.98  1.0e-01  4.3e-06  7.2e-03  4.0e-02  2.7e-01  1.5e-03  2.7e-01
 205  T 0   1.591e+08   3e-05  0.98  1.0e-01  2.0e-06  1.3e-02  7.0e-02  2.7e-01  1.9e-03  2.7e-01
 206  T 0   1.591e+08   1e-05  0.98  1.0e-01  2.0e-06  6.5e-03  2.4e-02  2.7e-01  1.9e-03  2.7e-01
 207  T 0   1.591e+08  -5e-07  0.98  1.0e-01  6.2e-06  1.0e-01  6.8e-01  2.6e-01  2.1e-03  2.7e-01
 208  F 0   1.591e+08  -5e-07  0.98  1.0e-01  6.2e-06  0.0e+00  0.0e+00  2.7e-01  2.1e-03  2.7e-01
 208  F 1   1.591e+08  -5e-07  0.98  1.0e-01  6.2e-06  0.0e+00  0.0e+00  2.8e-01  1.8e-03  2.8e-01
 208  T 2   1.591e+08   1e-06  0.98  1.0e-01  2.6e-06  1.2e-02  5.7e-02  2.7e-01  1.8e-03  2.8e-01
 209  T 0   1.591e+08   6e-07  0.98  1.0e-01  2.6e-06  7.2e-03  3.3e-02  2.7e-01  2.2e-03  2.7e-01
 210  T 0   1.591e+08   2e-07  0.98  1.0e-01  2.0e-06  1.6e-02  6.4e-02  2.7e-01  2.2e-03  2.7e-01
 211  T 0   1.590e+08   3e-06  0.98  1.0e-01  2.3e-06  1.0e-01  4.6e-01  2.8e-01  2.1e-03  2.9e-01
 212  F 0   1.590e+08   3e-06  0.98  1.0e-01  2.3e-06  0.0e+00  0.0e+00  2.7e-01  2.7e-03  2.7e-01
 212  F 1   1.590e+08   3e-06  0.98  1.0e-01  2.3e-06  0.0e+00  0.0e+00  2.7e-01  1.8e-03  2.7e-01
 212  T 2   1.590e+08   2e-05  0.98  1.0e-01  2.3e-06  9.8e-03  4.7e-02  2.7e-01  1.5e-03  2.7e-01
 213  T 0   1.590e+08   9e-06  0.98  1.0e-01  2.3e-06  1.7e-02  6.2e-02  2.7e-01  1.8e-03  2.7e-01
 214  T 0   1.590e+08  -7e-06  0.98  1.0e-01  4.8e-06  4.7e-02  1.8e-01  2.7e-01  1.9e-03  2.7e-01
 215  F 0   1.590e+08  -7e-06  0.98  1.0e-01  4.8e-06  0.0e+00  0.0e+00  2.7e-01  2.1e-03  2.7e-01
 215  T 1   1.590e+08  -2e-05  0.98  1.0e-01  2.8e-06  5.6e-03  3.4e-02  2.7e-01  1.5e-03  2.8e-01
 216  T 0   1.590e+08  -3e-05  0.98  1.0e-01  2.3e-06  7.7e-03  4.8e-02  2.9e-01  1.9e-03  2.9e-01
 217  T 0   1.590e+08  -7e-06  0.98  1.0e-01  2.3e-06  7.8e-03  2.9e-02  2.7e-01  1.6e-03  2.7e-01
 218  T 0   1.590e+08   1e-06  0.98  1.0e-01  5.2e-06  1.0e-01  4.7e-01  2.8e-01  2.1e-03  2.8e-01
 219  F 0   1.590e+08   1e-06  0.98  1.0e-01  5.2e-06  0.0e+00  0.0e+00  2.9e-01  2.4e-03  2.9e-01
 219  F 1   1.590e+08   1e-06  0.98  1.0e-01  5.2e-06  0.0e+00  0.0e+00  2.7e-01  1.8e-03  2.7e-01
 219  T 2   1.590e+08   2e-05  0.98  1.0e-01  3.4e-06  5.8e-03  3.0e-02  2.6e-01  1.5e-03  2.7e-01
 220  T 0   1.590e+08  -4e-07  0.98  1.0e-01  2.8e-06  9.9e-03  5.5e-02  2.7e-01  2.2e-03  2.7e-01
 221  F 0   1.590e+08  -3e-05  0.98  1.0e-01  2.8e-06  1.0e-02  3.2e-02  2.7e-01  1.9e-03  2.7e-01
 222  T 0   1.590e+08   9e-07  0.98  1.0e-01  4.3e-06  1.0e-01  4.4e-01  2.7e-01  2.1e-03  2.7e-01
 223  F 0   1.590e+08   9e-07  0.98  1.0e-01  4.3e-06  0.0e+00  0.0e+00  2.7e-01  2.2e-03  2.8e-01
 223  F 1   1.590e+08   9e-07  0.98  1.0e-01  4.3e-06  0.0e+00  0.0e+00  3.0e-01  1.8e-03  3.0e-01
 223  T 2   1.590e+08  -4e-05  0.98  1.0e-01  2.7e-06  7.9e-03  3.7e-02  3.3e-01  1.7e-03  3.3e-01
 224  T 0   1.590e+08  -2e-07  0.98  1.0e-01  2.5e-06  8.2e-03  3.2e-02  2.8e-01  1.3e-02  3.0e-01
 225  T 0   1.590e+08  -3e-07  0.98  1.0e-01  2.7e-06  2.8e-02  8.4e-02  2.9e-01  2.2e-03  2.9e-01
 226  T 0   1.590e+08  -8e-07  0.98  1.0e-01  6.6e-06  1.0e-01  6.6e-01  2.8e-01  2.5e-03  2.8e-01
 227  F 0   1.590e+08  -8e-07  0.98  1.0e-01  6.6e-06  0.0e+00  0.0e+00  2.8e-01  2.1e-03  2.9e-01
 227  F 1   1.590e+08  -8e-07  0.98  1.0e-01  6.6e-06  0.0e+00  0.0e+00  2.8e-01  1.5e-03  2.8e-01
 227  T 2   1.590e+08  -9e-06  0.98  1.0e-01  3.7e-06  1.0e-02  4.7e-02  3.1e-01  1.2e-03  3.1e-01
 228  T 0   1.590e+08  -2e-05  0.98  1.0e-01  2.6e-06  1.1e-02  4.8e-02  2.8e-01  1.9e-03  2.8e-01
 229  T 0   1.590e+08  -3e-05  0.98  1.0e-01  2.6e-06  1.0e-02  3.3e-02  2.7e-01  1.8e-03  2.7e-01
 230  T 0   1.589e+08   1e-07  0.98  1.0e-01  4.4e-06  1.0e-01  4.0e-01  2.7e-01  2.1e-03  2.7e-01
 231  F 0   1.589e+08   1e-07  0.98  1.0e-01  4.4e-06  0.0e+00  0.0e+00  2.7e-01  2.1e-03  2.7e-01
 231  F 1   1.589e+08   1e-07  0.98  1.0e-01  4.4e-06  0.0e+00  0.0e+00  2.8e-01  1.4e-03  2.8e-01
 231  T 2   1.589e+08   8e-06  0.98  1.0e-01  3.4e-06  4.4e-03  1.8e-02  2.9e-01  1.3e-03  2.9e-01
 232  T 0   1.589e+08   3e-05  0.98  1.0e-01  2.7e-06  1.4e-02  5.7e-02  2.9e-01  1.9e-03  2.9e-01
 233  T 0   1.589e+08   3e-05  0.98  1.0e-01  2.7e-06  1.6e-02  5.6e-02  2.8e-01  1.9e-03  2.8e-01
 234  T 0   1.589e+08  -5e-06  0.98  1.0e-01  2.9e-06  3.5e-02  1.2e-01  2.8e-01  1.8e-03  2.8e-01
 235  F 0   1.589e+08  -5e-06  0.98  1.0e-01  2.9e-06  0.0e+00  0.0e+00  2.7e-01  2.0e-03  2.7e-01
 235  T 1   1.589e+08  -2e-06  0.98  1.0e-01  2.6e-06  3.5e-03  2.2e-02  2.8e-01  1.4e-03  2.8e-01
 236  T 0   1.589e+08   5e-07  0.98  1.0e-01  2.7e-06  8.9e-03  3.9e-02  2.7e-01  1.6e-03  2.7e-01
 237  T 0   1.589e+08  -1e-06  0.98  1.0e-01  2.7e-06  1.5e-02  4.5e-02  2.7e-01  1.6e-03  2.7e-01
 238  T 0   1.589e+08   4e-07  0.98  1.0e-01  9.3e-06  1.0e-01  6.6e-01  2.8e-01  2.1e-03  2.9e-01
 239  F 0   1.589e+08   4e-07  0.98  1.0e-01  9.3e-06  0.0e+00  0.0e+00  2.7e-01  2.1e-03  2.7e-01
 239  F 1   1.589e+08   4e-07  0.98  1.0e-01  9.3e-06  0.0e+00  0.0e+00  2.8e-01  1.6e-03  2.8e-01
 239  T 2   1.589e+08  -3e-06  0.98  1.0e-01  7.3e-06  5.7e-03  3.2e-02  2.7e-01  1.2e-03  2.7e-01
 240  T 0   1.589e+08  -7e-06  0.98  1.0e-01  3.3e-06  1.9e-02  1.1e-01  2.8e-01  1.6e-03  2.8e-01
 241  T 0   1.589e+08   2e-05  0.98  1.0e-01  3.3e-06  9.1e-03  3.1e-02  2.8e-01  1.9e-03  2.8e-01
 242  T 0   1.589e+08  -8e-05  0.98  1.0e-01  3.5e-06  8.9e-02  2.6e-01  2.7e-01  1.9e-03  2.7e-01
 243  F 0   1.589e+08  -8e-05  0.98  1.0e-01  3.5e-06  0.0e+00  0.0e+00  2.8e-01  2.2e-03  2.8e-01
 243  T 1   1.589e+08   1e-06  0.98  1.0e-01  4.1e-06  2.0e-02  1.2e-01  2.9e-01  1.9e-03  2.9e-01
 244  T 0   1.589e+08  -2e-07  0.98  1.0e-01  3.1e-06  1.5e-02  8.6e-02  2.8e-01  2.2e-03  2.9e-01
 245  T 0   1.589e+08   3e-05  0.98  1.0e-01  2.8e-06  8.5e-03  4.3e-02  2.7e-01  2.0e-03  2.8e-01
 246  T 0   1.589e+08   3e-05  0.98  1.0e-01  2.8e-06  1.2e-02  4.0e-02  2.9e-01  1.8e-03  2.9e-01
 247  T 0   1.589e+08   4e-07  0.98  1.0e-01  3.7e-06  1.0e-01  3.7e-01  2.8e-01  2.2e-03  2.9e-01
 248  F 0   1.589e+08   4e-07  0.98  1.0e-01  3.7e-06  0.0e+00  0.0e+00  2.8e-01  2.5e-03  2.8e-01
 248  F 1   1.589e+08   4e-07  0.98  1.0e-01  3.7e-06  0.0e+00  0.0e+00  2.8e-01  1.5e-03  2.8e-01
 248  T 2   1.589e+08   7e-06  0.98  1.0e-01  3.2e-06  5.3e-03  2.9e-02  2.8e-01  1.2e-03  2.8e-01
 249  T 0   1.589e+08   3e-05  0.98  1.0e-01  3.2e-06  1.1e-02  4.4e-02  3.1e-01  1.9e-03  3.1e-01
 250  T 0   1.589e+08   3e-05  0.98  1.0e-01  3.2e-06  2.0e-02  5.7e-02  2.7e-01  1.8e-03  2.7e-01
 251  T 0   1.589e+08   6e-07  0.98  1.0e-01  1.0e-05  1.0e-01  5.9e-01  2.7e-01  2.1e-03  2.7e-01
 252  F 0   1.589e+08   6e-07  0.98  1.0e-01  1.0e-05  0.0e+00  0.0e+00  2.7e-01  1.9e-03  2.8e-01
 252  T 1   1.588e+08  -2e-05  0.98  1.0e-01  7.2e-06  3.7e-02  2.1e-01  2.7e-01  1.6e-03  2.8e-01
 253  T 0   1.588e+08  -4e-05  0.98  1.0e-01  3.4e-06  1.2e-02  7.0e-02  2.8e-01  1.9e-03  2.8e-01
 254  T 0   1.588e+08  -3e-05  0.98  1.0e-01  3.4e-06  9.3e-03  3.0e-02  2.9e-01  1.9e-03  2.9e-01
 255  T 0   1.588e+08  -1e-05  0.98  1.0e-01  3.3e-06  4.1e-02  1.1e-01  2.8e-01  1.9e-03  2.8e-01
 256  F 0   1.588e+08  -1e-05  0.98  1.0e-01  3.3e-06  0.0e+00  0.0e+00  2.8e-01  2.4e-03  2.8e-01
 256  T 1   1.588e+08   1e-08  0.98  1.0e-01  4.9e-06  9.7e-02  2.7e-01  2.7e-01  1.8e-03  2.7e-01
 257  F 0   1.588e+08   1e-08  0.98  1.0e-01  4.9e-06  0.0e+00  0.0e+00  2.7e-01  2.2e-03  2.8e-01
 257  T 1   1.588e+08  -2e-05  0.98  1.0e-01  3.1e-06  1.5e-02  8.6e-02  2.7e-01  1.5e-03  2.7e-01
 258  T 0   1.588e+08  -2e-07  0.98  1.0e-01  3.1e-06  8.6e-03  3.1e-02  2.7e-01  1.6e-03  2.7e-01
 259  T 0   1.588e+08   8e-06  0.98  1.0e-01  3.1e-06  2.7e-02  7.8e-02  2.7e-01  1.5e-03  2.7e-01
 260  F 0   1.588e+08   8e-06  0.98  1.0e-01  3.1e-06  0.0e+00  0.0e+00  2.8e-01  2.2e-03  2.8e-01
 260  T 1   1.588e+08   5e-06  0.98  1.0e-01  3.1e-06  2.8e-02  8.7e-02  2.8e-01  1.5e-03  2.8e-01
 261  F 0   1.588e+08   5e-06  0.98  1.0e-01  3.1e-06  0.0e+00  0.0e+00  2.7e-01  1.9e-03  2.8e-01
 261  T 1   1.588e+08   2e-06  0.98  1.0e-01  3.1e-06  7.6e-03  2.8e-02  2.7e-01  1.3e-03  2.8e-01
 262  T 0   1.588e+08   5e-07  0.98  1.0e-01  3.1e-06  2.1e-02  6.2e-02  2.7e-01  1.6e-03  2.7e-01
 263  F 0   1.588e+08   5e-07  0.98  1.0e-01  3.1e-06  0.0e+00  0.0e+00  3.2e-01  2.5e-03  3.3e-01
 263  T 1   1.588e+08   3e-08  0.98  1.0e-01  3.4e-06  1.0e-01  4.1e-01  2.8e-01  1.8e-03  2.8e-01
 264  F 0   1.588e+08   3e-08  0.98  1.0e-01  3.4e-06  0.0e+00  0.0e+00  2.8e-01  2.1e-03  2.8e-01
 264  F 1   1.588e+08   3e-08  0.98  1.0e-01  3.4e-06  0.0e+00  0.0e+00  2.8e-01  1.5e-03  2.8e-01
 264  T 2   1.588e+08  -8e-06  0.98  1.0e-01  3.1e-06  6.7e-03  3.9e-02  2.7e-01  1.2e-03  2.7e-01
 265  T 0   1.588e+08  -4e-06  0.98  1.0e-01  3.0e-06  1.0e-02  3.3e-02  2.7e-01  1.6e-03  2.7e-01
 266  T 0   1.588e+08   9e-06  0.98  1.0e-01  3.0e-06  4.1e-02  1.1e-01  2.7e-01  1.5e-03  2.7e-01
 267  F 0   1.588e+08   9e-06  0.98  1.0e-01  3.0e-06  0.0e+00  0.0e+00  2.7e-01  2.5e-03  2.8e-01
 267  T 1   1.588e+08   2e-07  0.98  1.0e-01  9.0e-06  1.0e-01  6.0e-01  2.7e-01  1.8e-03  2.7e-01
 268  F 0   1.588e+08   2e-07  0.98  1.0e-01  9.0e-06  0.0e+00  0.0e+00  2.6e-01  2.2e-03  2.7e-01
 268  F 1   1.588e+08   2e-07  0.98  1.0e-01  9.0e-06  0.0e+00  0.0e+00  2.6e-01  1.8e-03  2.6e-01
 268  T 2   1.588e+08   2e-05  0.98  1.0e-01  7.2e-06  5.7e-03  2.8e-02  2.7e-01  1.5e-03  2.7e-01
 269  T 0   1.587e+08  -4e-06  0.98  1.0e-01  3.0e-06  2.0e-02  1.0e-01  2.6e-01  2.2e-03  2.7e-01
 270  T 0   1.587e+08  -3e-07  0.98  1.0e-01  2.7e-06  8.4e-03  3.1e-02  2.8e-01  2.2e-03  2.8e-01
 271  T 0   1.587e+08   2e-07  0.98  1.0e-01  2.5e-06  5.9e-02  1.9e-01  3.1e-01  2.3e-03  3.1e-01
 272  F 0   1.587e+08   2e-07  0.98  1.0e-01  2.5e-06  0.0e+00  0.0e+00  2.8e-01  2.5e-03  2.8e-01
 272  T 1   1.587e+08   2e-07  0.98  1.0e-01  2.7e-06  1.6e-02  7.0e-02  2.7e-01  1.8e-03  2.7e-01
 273  T 0   1.587e+08   3e-08  0.98  1.0e-01  2.3e-06  1.4e-02  6.9e-02  2.6e-01  2.2e-03  2.7e-01
 274  T 0   1.587e+08  -8e-06  0.98  1.0e-01  2.5e-06  1.1e-02  6.3e-02  2.7e-01  1.9e-03  2.7e-01
 275  T 0   1.587e+08   3e-06  0.98  1.0e-01  2.3e-06  9.3e-03  4.7e-02  2.7e-01  1.6e-03  2.7e-01
 276  T 0   1.587e+08   7e-06  0.98  1.0e-01  2.3e-06  1.1e-02  4.2e-02  2.6e-01  1.5e-03  2.7e-01
 277  T 0   1.587e+08   1e-05  0.98  1.0e-01  2.3e-06  2.3e-02  8.6e-02  2.8e-01  1.8e-03  2.8e-01
 278  F 0   1.587e+08   1e-05  0.98  1.0e-01  2.3e-06  0.0e+00  0.0e+00  2.7e-01  1.8e-03  2.7e-01
 278  T 1   1.587e+08   8e-06  0.98  1.0e-01  2.3e-06  4.5e-03  2.2e-02  2.7e-01  1.2e-03  2.7e-01
 279  T 0   1.587e+08   9e-06  0.98  1.0e-01  2.3e-06  1.1e-02  3.8e-02  2.8e-01  1.8e-03  2.8e-01
 280  T 0   1.587e+08   3e-07  0.98  1.0e-01  2.8e-06  7.3e-02  2.4e-01  2.7e-01  2.1e-03  2.7e-01
 281  F 0   1.587e+08   3e-07  0.98  1.0e-01  2.8e-06  0.0e+00  0.0e+00  2.7e-01  2.2e-03  2.7e-01
 281  F 1   1.587e+08   3e-07  0.98  1.0e-01  2.8e-06  0.0e+00  0.0e+00  2.7e-01  1.8e-03  2.7e-01
 281  T 2   1.587e+08  -4e-06  0.98  1.0e-01  2.3e-06  1.9e-03  1.2e-02  2.8e-01  1.2e-03  2.8e-01
 282  T 0   1.587e+08  -2e-05  0.98  1.0e-01  2.3e-06  7.3e-03  4.3e-02  2.8e-01  1.8e-03  2.8e-01
 283  T 0   1.587e+08  -1e-05  0.98  1.0e-01  2.3e-06  8.8e-03  3.0e-02  2.8e-01  1.8e-03  2.8e-01
 284  T 0   1.587e+08  -1e-08  0.98  1.0e-01  2.3e-06  8.4e-02  2.7e-01  2.8e-01  2.1e-03  2.8e-01
 285  F 0   1.587e+08  -1e-08  0.98  1.0e-01  2.3e-06  0.0e+00  0.0e+00  2.7e-01  2.1e-03  2.7e-01
 285  F 1   1.587e+08  -1e-08  0.98  1.0e-01  2.3e-06  0.0e+00  0.0e+00  2.7e-01  1.2e-03  2.7e-01
 285  T 2   1.587e+08   5e-07  0.98  1.0e-01  2.2e-06  3.1e-03  2.0e-02  2.7e-01  1.2e-03  2.7e-01
 286  T 0   1.587e+08  -1e-06  0.98  1.0e-01  2.1e-06  7.8e-03  3.6e-02  2.8e-01  1.6e-03  2.8e-01
 287  T 0   1.587e+08  -6e-06  0.98  1.0e-01  2.1e-06  1.3e-02  4.7e-02  2.4e-01  1.9e-03  2.5e-01
 288  T 0   1.587e+08   4e-08  0.98  1.0e-01  6.2e-06  9.0e-02  3.5e-01  1.9e-01  1.6e-03  1.9e-01
 289  F 0   1.587e+08   4e-08  0.98  1.0e-01  6.2e-06  0.0e+00  0.0e+00  2.0e-01  1.6e-03  2.0e-01
 289  T 1   1.587e+08  -4e-05  0.98  1.0e-01  3.3e-06  1.9e-02  1.2e-01  2.3e-01  1.1e-03  2.3e-01
 290  T 0   1.587e+08  -8e-06  0.98  1.0e-01  1.9e-06  8.6e-03  3.2e-02  2.0e-01  1.2e-03  2.0e-01
 291  T 0   1.587e+08   9e-06  0.98  1.0e-01  1.9e-06  7.5e-03  2.8e-02  1.9e-01  1.3e-03  1.9e-01
 292  T 0   1.587e+08  -1e-07  0.98  1.0e-01  2.0e-06  9.1e-02  3.1e-01  1.9e-01  1.6e-03  1.9e-01
 293  F 0   1.587e+08  -1e-07  0.98  1.0e-01  2.0e-06  0.0e+00  0.0e+00  1.9e-01  1.9e-03  2.0e-01
 293  F 1   1.587e+08  -1e-07  0.98  1.0e-01  2.0e-06  0.0e+00  0.0e+00  2.3e-01  1.3e-03  2.3e-01
 293  T 2   1.587e+08   2e-05  0.98  1.0e-01  2.0e-06  2.0e-02  6.9e-02  2.3e-01  1.1e-03  2.3e-01
 294  F 0   1.587e+08   2e-05  0.98  1.0e-01  2.0e-06  0.0e+00  0.0e+00  1.9e-01  1.6e-03  1.9e-01
 294  T 1   1.587e+08  -8e-06  0.98  1.0e-01  2.0e-06  1.7e-02  6.0e-02  2.0e-01  1.1e-03  2.0e-01
 295  F 0   1.587e+08  -8e-06  0.98  1.0e-01  2.0e-06  0.0e+00  0.0e+00  2.0e-01  1.5e-03  2.0e-01
 295  T 1   1.587e+08  -1e-05  0.98  1.0e-01  2.0e-06  6.0e-03  2.4e-02  1.9e-01  1.2e-03  1.9e-01
 296  T 0   1.587e+08  -5e-06  0.98  1.0e-01  2.0e-06  2.0e-02  6.7e-02  2.0e-01  1.4e-03  2.1e-01
 297  F 0   1.587e+08  -5e-06  0.98  1.0e-01  2.0e-06  0.0e+00  0.0e+00  2.0e-01  1.6e-03  2.0e-01
 297  T 1   1.586e+08  -7e-07  0.98  1.0e-01  4.5e-06  1.0e-01  5.3e-01  2.0e-01  1.3e-03  2.0e-01
 298  F 0   1.586e+08  -7e-07  0.98  1.0e-01  4.5e-06  0.0e+00  0.0e+00  1.9e-01  1.5e-03  1.9e-01
 298  F 1   1.586e+08  -7e-07  0.98  1.0e-01  4.5e-06  0.0e+00  0.0e+00  2.0e-01  1.3e-03  2.0e-01
 298  T 2   1.586e+08   2e-05  0.98  1.0e-01  2.8e-06  8.3e-03  4.6e-02  1.9e-01  1.1e-03  1.9e-01
 299  T 0   1.586e+08   3e-05  0.98  1.0e-01  2.5e-06  8.2e-03  3.2e-02  2.0e-01  1.4e-03  2.0e-01
 300  T 0   1.586e+08   2e-05  0.98  1.0e-01  2.5e-06  1.4e-02  4.2e-02  2.0e-01  1.4e-03  2.0e-01
 301  F 0   1.586e+08   2e-05  0.98  1.0e-01  2.5e-06  0.0e+00  0.0e+00  1.9e-01  1.6e-03  1.9e-01
 301  T 1   1.586e+08   6e-05  0.98  1.0e-01  2.3e-06  6.5e-02  1.9e-01  1.9e-01  1.1e-03  1.9e-01
 302  F 0   1.586e+08   6e-05  0.98  1.0e-01  2.3e-06  0.0e+00  0.0e+00  1.9e-01  1.7e-03  1.9e-01
 302  F 1   1.586e+08   6e-05  0.98  1.0e-01  2.3e-06  0.0e+00  0.0e+00  2.0e-01  1.3e-03  2.0e-01
 302  F 2   1.586e+08   6e-05  0.98  1.0e-01  2.3e-06  0.0e+00  0.0e+00  1.9e-01  1.3e-03  1.9e-01
 302  F 3   1.586e+08   6e-05  0.98  1.0e-01  2.3e-06  0.0e+00  0.0e+00  1.9e-01  1.3e-03  1.9e-01
 302  F 4   1.586e+08   6e-05  0.98  1.0e-01  2.3e-06  0.0e+00  0.0e+00  2.0e-01  1.3e-03  2.0e-01
 302  F 5   1.586e+08   6e-05  0.98  1.0e-01  2.3e-06  0.0e+00  0.0e+00  1.9e-01  1.3e-03  1.9e-01
 302  F 6   1.586e+08   6e-05  0.98  1.0e-01  2.3e-06  0.0e+00  0.0e+00  2.0e-01  1.3e-03  2.0e-01
 302  F 7   1.586e+08   6e-05  0.98  1.0e-01  2.3e-06  0.0e+00  0.0e+00  2.1e-01  1.3e-03  2.1e-01
 302  F 8   1.586e+08   6e-05  0.98  1.0e-01  2.3e-06  0.0e+00  0.0e+00  2.0e-01  1.3e-03  2.0e-01
 302  F 9   1.586e+08   6e-05  0.98  1.0e-01  2.3e-06  0.0e+00  0.0e+00  2.1e-01  1.3e-03  2.1e-01
 302  F10   1.586e+08   6e-05  0.98  1.0e-01  2.3e-06  0.0e+00  0.0e+00  1.9e-01  1.1e-03  1.9e-01
 302  F11   1.586e+08   4e-05  0.98  1.0e-01  2.3e-06  6.8e-03  2.9e-02  2.0e-01  1.1e-03  2.0e-01
 303  F 0   1.586e+08   4e-06  0.98  1.0e-01  2.3e-06  1.5e-02  5.1e-02  1.9e-01  1.2e-03  1.9e-01
 304  F 0   1.586e+08   4e-06  0.98  1.0e-01  2.3e-06  0.0e+00  0.0e+00  2.0e-01  1.8e-03  2.0e-01
 304  T 1   1.586e+08   1e-07  0.98  1.0e-01  3.5e-06  1.0e-01  5.0e-01  1.9e-01  1.3e-03  1.9e-01
 305  F 0   1.586e+08   1e-07  0.98  1.0e-01  3.5e-06  0.0e+00  0.0e+00  2.0e-01  1.6e-03  2.0e-01
 305  F 1   1.586e+08   1e-07  0.98  1.0e-01  3.5e-06  0.0e+00  0.0e+00  1.9e-01  9.0e-04  1.9e-01
 305  T 2   1.586e+08  -4e-07  0.98  1.0e-01  2.6e-06  1.0e-02  6.1e-02  1.9e-01  9.2e-04  1.9e-01
 306  T 0   1.586e+08  -9e-06  0.98  1.0e-01  2.6e-06  8.1e-03  2.5e-02  2.1e-01  1.4e-03  2.1e-01
 307  T 0   1.586e+08  -2e-06  0.98  1.0e-01  2.7e-06  1.0e-01  3.8e-01  2.1e-01  1.2e-03  2.1e-01
 308  F 0   1.586e+08  -2e-06  0.98  1.0e-01  2.7e-06  0.0e+00  0.0e+00  2.0e-01  1.6e-03  2.1e-01
 308  F 1   1.586e+08  -2e-06  0.98  1.0e-01  2.7e-06  0.0e+00  0.0e+00  2.0e-01  1.3e-03  2.1e-01
 308  T 2   1.586e+08   8e-06  0.98  1.0e-01  2.6e-06  8.2e-03  4.6e-02  2.0e-01  9.0e-04  2.0e-01
 309  T 0   1.586e+08   2e-05  0.98  1.0e-01  2.2e-06  7.3e-03  2.4e-02  1.9e-01  1.4e-03  1.9e-01
 310  T 0   1.586e+08   5e-06  0.98  1.0e-01  2.1e-06  4.8e-02  1.5e-01  2.4e-01  1.2e-03  2.4e-01
 311  F 0   1.586e+08   5e-06  0.98  1.0e-01  2.1e-06  0.0e+00  0.0e+00  2.2e-01  1.8e-03  2.2e-01
 311  F 1   1.586e+08  -1e-05  0.98  1.0e-01  2.8e-06  1.8e-02  8.2e-02  2.2e-01  1.2e-03  2.2e-01
 312  T 0   1.586e+08  -2e-05  0.98  1.0e-01  3.4e-06  1.3e-02  7.7e-02  2.2e-01  1.6e-03  2.2e-01
 313  T 0   1.586e+08  -5e-06  0.98  1.0e-01  2.1e-06  7.7e-03  4.2e-02  2.3e-01  1.3e-03  2.3e-01
 314  T 0   1.586e+08  -3e-06  0.98  1.0e-01  2.1e-06  6.3e-03  2.0e-02  2.4e-01  1.6e-03  2.5e-01
 315  T 0   1.586e+08   3e-06  0.98  1.0e-01  2.1e-06  3.5e-02  1.0e-01  2.4e-01  1.5e-03  2.5e-01
 316  F 0   1.586e+08   3e-06  0.98  1.0e-01  2.1e-06  0.0e+00  0.0e+00  2.6e-01  2.1e-03  2.6e-01
 316  F 1   1.586e+08   3e-06  0.98  1.0e-01  2.1e-06  0.0e+00  0.0e+00  2.6e-01  1.1e-03  2.7e-01
 316  T 2   1.586e+08   3e-06  0.98  1.0e-01  2.0e-06  1.0e-02  3.3e-02  2.4e-01  1.2e-03  2.5e-01
 317  T 0   1.586e+08  -1e-05  0.98  1.0e-01  2.4e-06  5.0e-02  1.6e-01  2.6e-01  2.0e-03  2.7e-01
 318  F 0   1.586e+08  -1e-05  0.98  1.0e-01  2.4e-06  0.0e+00  0.0e+00  2.6e-01  1.5e-03  2.6e-01
 318  T 1   1.586e+08  -2e-05  0.98  1.0e-01  2.6e-06  9.4e-03  6.0e-02  2.5e-01  1.5e-03  2.5e-01
 319  T 0   1.586e+08  -8e-06  0.98  1.0e-01  2.0e-06  6.3e-03  3.1e-02  2.5e-01  1.6e-03  2.5e-01
 320  T 0   1.586e+08   1e-07  0.98  1.0e-01  2.0e-06  8.6e-03  2.8e-02  2.4e-01  1.5e-03  2.4e-01
 321  T 0   1.586e+08  -2e-05  0.98  1.0e-01  2.0e-06  5.6e-02  1.7e-01  2.4e-01  1.8e-03  2.4e-01
 322  F 0   1.586e+08  -2e-05  0.98  1.0e-01  2.0e-06  0.0e+00  0.0e+00  2.6e-01  2.1e-03  2.6e-01
 322  F 1   1.586e+08  -2e-05  0.98  1.0e-01  4.5e-06  1.5e-02  9.5e-02  2.8e-01  1.5e-03  2.8e-01
 323  T 0   1.586e+08  -5e-06  0.98  1.0e-01  2.0e-06  1.2e-02  7.4e-02  2.7e-01  1.5e-03  2.7e-01
 324  T 0   1.586e+08  -2e-06  0.98  1.0e-01  1.5e-06  5.2e-03  2.5e-02  2.5e-01  1.6e-03  2.5e-01
 325  T 0   1.586e+08   4e-06  0.98  1.0e-01  1.5e-06  5.9e-03  2.1e-02  2.5e-01  1.6e-03  2.5e-01
 326  T 0   1.585e+08  -6e-07  0.98  1.0e-01  4.4e-06  1.0e-01  7.3e-01  2.5e-01  2.2e-03  2.5e-01
 327  F 0   1.585e+08  -6e-07  0.98  1.0e-01  4.4e-06  0.0e+00  0.0e+00  2.5e-01  2.3e-03  2.5e-01
 327  F 1   1.585e+08  -6e-07  0.98  1.0e-01  4.4e-06  0.0e+00  0.0e+00  2.5e-01  1.8e-03  2.5e-01
 327  T 2   1.585e+08  -7e-07  0.98  1.0e-01  2.3e-06  1.9e-02  7.8e-02  2.5e-01  1.8e-03  2.5e-01
 328  T 0   1.585e+08  -7e-07  0.98  1.0e-01  2.1e-06  8.5e-03  4.3e-02  3.3e-01  2.1e-03  3.4e-01
 329  F 0   1.585e+08  -2e-05  0.98  1.0e-01  2.1e-06  8.0e-03  2.9e-02  2.8e-01  1.8e-03  2.8e-01
 330  T 0   1.585e+08   3e-08  0.98  1.0e-01  1.9e-06  1.6e-02  5.0e-02  2.5e-01  2.1e-03  2.5e-01
 331  T 0   1.585e+08   2e-05  0.98  1.0e-01  5.2e-06  5.0e-02  1.8e-01  2.4e-01  1.8e-03  2.4e-01
 332  F 0   1.585e+08   2e-05  0.98  1.0e-01  5.2e-06  0.0e+00  0.0e+00  2.4e-01  1.9e-03  2.5e-01
 332  T 1   1.585e+08   2e-05  0.98  1.0e-01  3.0e-06  6.0e-03  3.4e-02  2.5e-01  1.5e-03  2.5e-01
 333  T 0   1.585e+08   2e-05  0.98  1.0e-01  2.0e-06  7.6e-03  4.3e-02  2.8e-01  1.8e-03  2.8e-01
 334  T 0   1.585e+08   2e-05  0.98  1.0e-01  2.0e-06  5.9e-03  2.0e-02  2.8e-01  1.8e-03  2.8e-01
 335  T 0   1.585e+08  -2e-08  0.98  1.0e-01  2.6e-06  8.1e-02  2.5e-01  2.7e-01  2.1e-03  2.7e-01
 336  F 0   1.585e+08  -2e-08  0.98  1.0e-01  2.6e-06  0.0e+00  0.0e+00  2.7e-01  2.2e-03  2.7e-01
 336  F 1   1.585e+08  -2e-08  0.98  1.0e-01  2.6e-06  0.0e+00  0.0e+00  2.6e-01  1.2e-03  2.6e-01
 336  T 2   1.585e+08  -1e-06  0.98  1.0e-01  1.9e-06  2.7e-03  1.6e-02  2.7e-01  1.2e-03  2.7e-01
 337  T 0   1.585e+08   1e-06  0.98  1.0e-01  2.0e-06  6.2e-03  3.4e-02  2.6e-01  1.8e-03  2.6e-01
 338  T 0   1.585e+08   4e-06  0.98  1.0e-01  2.0e-06  8.5e-03  2.7e-02  3.0e-01  1.5e-03  3.0e-01
 339  T 0   1.585e+08  -4e-14  0.98  1.0e-01  3.6e-06  1.0e-01  3.8e-01  2.9e-01  2.2e-03  2.9e-01
 340  F 0   1.585e+08  -4e-14  0.98  1.0e-01  3.6e-06  0.0e+00  0.0e+00  2.9e-01  2.5e-03  2.9e-01
 340  F 1   1.585e+08  -4e-14  0.98  1.0e-01  3.6e-06  0.0e+00  0.0e+00  2.7e-01  1.5e-03  2.7e-01
 340  T 2   1.585e+08  -2e-06  0.98  1.0e-01  2.2e-06  5.3e-03  3.0e-02  2.7e-01  1.2e-03  2.7e-01
 341  T 0   1.585e+08   6e-06  0.98  1.0e-01  2.1e-06  6.4e-03  3.1e-02  2.7e-01  1.6e-03  2.7e-01
 342  T 0   1.585e+08   1e-05  0.98  1.0e-01  2.1e-06  1.1e-02  3.3e-02  2.7e-01  1.6e-03  2.7e-01
 343  F 0   1.585e+08   1e-05  0.98  1.0e-01  2.1e-06  0.0e+00  0.0e+00  2.7e-01  2.2e-03  2.7e-01
 343  T 1   1.585e+08  -5e-06  0.98  1.0e-01  2.1e-06  3.7e-02  1.1e-01  2.7e-01  1.2e-03  2.7e-01
 344  F 0   1.585e+08  -5e-06  0.98  1.0e-01  2.1e-06  0.0e+00  0.0e+00  2.8e-01  2.5e-03  2.8e-01
 344  F 1   1.585e+08  -5e-06  0.98  1.0e-01  2.1e-06  0.0e+00  0.0e+00  2.7e-01  1.8e-03  2.7e-01
 344  T 2   1.585e+08  -8e-06  0.98  1.0e-01  2.1e-06  8.7e-03  3.0e-02  2.7e-01  1.5e-03  2.8e-01
 345  T 0   1.585e+08   1e-06  0.98  1.0e-01  2.1e-06  3.6e-02  1.1e-01  2.8e-01  1.9e-03  2.8e-01
 346  F 0   1.585e+08   1e-06  0.98  1.0e-01  2.1e-06  0.0e+00  0.0e+00  2.7e-01  2.1e-03  2.7e-01
 346  T 1   1.585e+08   7e-06  0.98  1.0e-01  2.2e-06  1.6e-02  7.2e-02  2.8e-01  1.2e-03  2.8e-01
 347  T 0   1.585e+08   7e-06  0.98  1.0e-01  3.5e-06  1.2e-02  7.5e-02  2.8e-01  1.5e-03  2.8e-01
 348  T 0   1.585e+08   1e-05  0.98  1.0e-01  2.2e-06  7.8e-03  5.1e-02  3.0e-01  1.8e-03  3.0e-01
 349  T 0   1.585e+08   1e-05  0.98  1.0e-01  2.2e-06  6.7e-03  2.5e-02  2.8e-01  1.8e-03  2.8e-01
 350  T 0   1.585e+08   6e-06  0.98  1.0e-01  2.2e-06  1.7e-02  5.3e-02  2.8e-01  1.8e-03  2.8e-01
 351  F 0   1.585e+08   6e-06  0.98  1.0e-01  2.2e-06  0.0e+00  0.0e+00  2.7e-01  2.2e-03  2.7e-01
 351  T 1   1.585e+08   1e-07  0.98  1.0e-01  2.1e-06  4.2e-02  1.3e-01  2.8e-01  1.2e-03  2.8e-01
 352  F 0   1.585e+08   1e-07  0.98  1.0e-01  2.1e-06  0.0e+00  0.0e+00  2.7e-01  2.2e-03  2.7e-01
 352  T 1   1.585e+08   3e-06  0.98  1.0e-01  2.3e-06  1.2e-02  6.4e-02  2.7e-01  1.3e-03  2.7e-01
 353  T 0   1.585e+08   9e-06  0.98  1.0e-01  2.2e-06  9.4e-03  4.9e-02  2.7e-01  1.5e-03  2.7e-01
 354  T 0   1.585e+08   1e-05  0.98  1.0e-01  2.2e-06  8.4e-03  3.4e-02  2.7e-01  2.0e-03  2.7e-01
 355  T 0   1.585e+08   9e-06  0.98  1.0e-01  2.2e-06  1.4e-02  4.7e-02  2.9e-01  1.9e-03  2.9e-01
 356  T 0   1.585e+08   2e-06  0.98  1.0e-01  3.9e-06  4.6e-02  1.6e-01  2.7e-01  1.5e-03  2.7e-01
 357  F 0   1.585e+08   2e-06  0.98  1.0e-01  3.9e-06  0.0e+00  0.0e+00  2.7e-01  1.8e-03  2.7e-01
 357  T 1   1.585e+08  -2e-06  0.98  1.0e-01  2.3e-06  5.8e-03  3.5e-02  2.7e-01  1.3e-03  2.7e-01
 358  T 0   1.585e+08   2e-06  0.98  1.0e-01  2.3e-06  6.3e-03  3.2e-02  2.7e-01  1.6e-03  2.7e-01
 359  T 0   1.585e+08   7e-06  0.98  1.0e-01  2.3e-06  1.0e-02  3.4e-02  2.7e-01  1.5e-03  2.7e-01
 360  F 0   1.585e+08   7e-06  0.98  1.0e-01  2.3e-06  0.0e+00  0.0e+00  2.8e-01  2.2e-03  2.8e-01
 360  T 1   1.585e+08   4e-06  0.98  1.0e-01  2.2e-06  5.3e-02  1.7e-01  2.7e-01  1.2e-03  2.7e-01
 361  F 0   1.585e+08   4e-06  0.98  1.0e-01  2.2e-06  0.0e+00  0.0e+00  2.7e-01  2.2e-03  2.8e-01
 361  F 1   1.585e+08   4e-06  0.98  1.0e-01  2.2e-06  0.0e+00  0.0e+00  2.7e-01  1.8e-03  2.7e-01
 361  T 2   1.585e+08   8e-06  0.98  1.0e-01  2.2e-06  7.0e-03  3.0e-02  2.9e-01  9.5e-04  2.9e-01
 362  T 0   1.585e+08   1e-05  0.98  1.0e-01  2.2e-06  1.5e-02  4.6e-02  2.7e-01  1.8e-03  2.7e-01
 363  F 0   1.585e+08   1e-05  0.98  1.0e-01  2.2e-06  0.0e+00  0.0e+00  2.7e-01  2.1e-03  2.7e-01
 363  T 1   1.585e+08  -3e-06  0.98  1.0e-01  2.3e-06  4.3e-02  1.4e-01  2.7e-01  1.5e-03  2.7e-01
 364  F 0   1.585e+08  -3e-06  0.98  1.0e-01  2.3e-06  0.0e+00  0.0e+00  2.8e-01  2.1e-03  2.8e-01
 364  T 1   1.585e+08  -4e-06  0.98  1.0e-01  3.8e-06  2.6e-02  1.1e-01  2.8e-01  1.6e-03  2.8e-01
 365  T 0   1.585e+08   7e-07  0.98  1.0e-01  4.7e-06  2.1e-02  1.3e-01  2.8e-01  1.5e-03  2.9e-01
 366  T 0   1.585e+08  -7e-06  0.98  1.0e-01  2.8e-06  1.4e-02  8.0e-02  2.7e-01  1.6e-03  2.7e-01
 367  T 0   1.585e+08   9e-06  0.98  1.0e-01  2.3e-06  6.4e-03  2.7e-02  3.5e-01  1.4e-03  3.5e-01
 368  T 0   1.585e+08   8e-06  0.98  1.0e-01  2.3e-06  1.2e-02  4.1e-02  2.7e-01  1.9e-03  2.8e-01
 369  T 0   1.584e+08   3e-07  0.98  1.0e-01  7.5e-06  1.0e-01  6.4e-01  2.7e-01  2.2e-03  2.7e-01
 370  F 0   1.584e+08   3e-07  0.98  1.0e-01  7.5e-06  0.0e+00  0.0e+00  2.9e-01  2.1e-03  2.9e-01
 370  F 1   1.584e+08   3e-07  0.98  1.0e-01  7.5e-06  0.0e+00  0.0e+00  3.0e-01  1.5e-03  3.1e-01
 370  T 2   1.584e+08   5e-06  0.98  1.0e-01  4.8e-06  7.3e-03  4.1e-02  2.8e-01  1.2e-03  2.8e-01
 371  T 0   1.584e+08   2e-05  0.98  1.0e-01  2.7e-06  1.2e-02  6.5e-02  2.7e-01  1.9e-03  2.7e-01
 372  T 0   1.584e+08  -9e-07  0.98  1.0e-01  2.9e-06  8.4e-03  2.8e-02  2.7e-01  2.1e-03  2.7e-01
 373  T 0   1.584e+08   1e-06  0.98  1.0e-01  4.9e-06  1.0e-01  3.4e-01  2.7e-01  2.2e-03  2.7e-01
 374  F 0   1.584e+08   1e-06  0.98  1.0e-01  4.9e-06  0.0e+00  0.0e+00  2.7e-01  2.1e-03  2.7e-01
 374  F 1   1.584e+08   1e-06  0.98  1.0e-01  4.9e-06  0.0e+00  0.0e+00  2.7e-01  1.8e-03  2.7e-01
 374  T 2   1.584e+08  -1e-05  0.98  1.0e-01  3.8e-06  3.4e-03  1.6e-02  2.7e-01  1.5e-03  2.8e-01
 375  T 0   1.584e+08   3e-07  0.98  1.0e-01  2.6e-06  1.1e-02  5.4e-02  2.8e-01  2.2e-03  2.8e-01
 376  T 0   1.584e+08   3e-05  0.98  1.0e-01  2.6e-06  8.8e-03  2.9e-02  2.7e-01  1.8e-03  2.7e-01
 377  T 0   1.584e+08   2e-06  0.98  1.0e-01  2.4e-06  6.2e-02  1.9e-01  3.0e-01  2.1e-03  3.1e-01
 378  F 0   1.584e+08   2e-06  0.98  1.0e-01  2.4e-06  0.0e+00  0.0e+00  2.8e-01  2.1e-03  2.8e-01
 378  T 1   1.584e+08  -1e-06  0.98  1.0e-01  3.2e-06  2.3e-02  1.0e-01  2.8e-01  1.8e-03  2.8e-01
 379  T 0   1.584e+08  -6e-08  0.98  1.0e-01  3.5e-06  1.6e-02  1.0e-01  2.8e-01  2.1e-03  2.8e-01
 380  T 0   1.584e+08   8e-06  0.98  1.0e-01  2.4e-06  1.0e-02  5.9e-02  2.8e-01  1.5e-03  2.8e-01
 381  T 0   1.584e+08   2e-05  0.98  1.0e-01  2.4e-06  6.7e-03  2.5e-02  2.8e-01  1.8e-03  2.8e-01
 382  T 0   1.584e+08   1e-05  0.98  1.0e-01  2.4e-06  1.8e-02  5.5e-02  2.8e-01  1.9e-03  2.8e-01
 383  F 0   1.584e+08   1e-05  0.98  1.0e-01  2.4e-06  0.0e+00  0.0e+00  2.7e-01  2.2e-03  2.7e-01
 383  T 1   1.584e+08  -6e-06  0.98  1.0e-01  2.4e-06  2.5e-02  7.9e-02  2.7e-01  1.2e-03  2.7e-01
 384  F 0   1.584e+08  -6e-06  0.98  1.0e-01  2.4e-06  0.0e+00  0.0e+00  2.7e-01  2.1e-03  2.7e-01
 384  T 1   1.584e+08  -1e-05  0.98  1.0e-01  2.4e-06  8.6e-03  3.4e-02  2.8e-01  1.5e-03  2.8e-01
 385  T 0   1.584e+08  -1e-05  0.98  1.0e-01  2.3e-06  1.5e-02  4.8e-02  2.7e-01  1.8e-03  2.7e-01
 386  T 0   1.584e+08  -3e-08  0.98  1.0e-01  5.6e-06  8.3e-02  2.7e-01  2.8e-01  2.2e-03  2.9e-01
 387  F 0   1.584e+08  -3e-08  0.98  1.0e-01  5.6e-06  0.0e+00  0.0e+00  2.7e-01  1.9e-03  2.8e-01
 387  T 1   1.584e+08  -6e-06  0.98  1.0e-01  2.3e-06  1.2e-02  7.5e-02  2.8e-01  1.2e-03  2.8e-01
 388  T 0   1.584e+08  -4e-06  0.98  1.0e-01  2.3e-06  6.1e-03  2.4e-02  2.8e-01  1.6e-03  2.8e-01
 389  T 0   1.584e+08  -3e-06  0.98  1.0e-01  2.3e-06  2.6e-02  8.4e-02  2.7e-01  1.6e-03  2.7e-01
 390  F 0   1.584e+08  -3e-06  0.98  1.0e-01  2.3e-06  0.0e+00  0.0e+00  2.8e-01  2.5e-03  2.8e-01
 390  T 1   1.584e+08   2e-08  0.98  1.0e-01  2.5e-06  9.9e-02  3.1e-01  2.8e-01  1.8e-03  2.8e-01
 391  F 0   1.584e+08   2e-08  0.98  1.0e-01  2.5e-06  0.0e+00  0.0e+00  2.7e-01  2.2e-03  2.7e-01
 391  F 1   1.584e+08   2e-08  0.98  1.0e-01  2.5e-06  0.0e+00  0.0e+00  2.7e-01  1.9e-03  2.7e-01
 391  T 2   1.584e+08   9e-06  0.98  1.0e-01  2.5e-06  6.3e-03  3.6e-02  2.8e-01  1.2e-03  2.8e-01
 392  T 0   1.584e+08   2e-05  0.98  1.0e-01  2.5e-06  9.3e-03  2.8e-02  2.8e-01  1.9e-03  2.8e-01
 393  T 0   1.583e+08   6e-07  0.98  1.0e-01  2.9e-06  1.0e-01  6.1e-01  2.7e-01  2.1e-03  2.7e-01
 394  F 0   1.583e+08   6e-07  0.98  1.0e-01  2.9e-06  0.0e+00  0.0e+00  2.7e-01  2.1e-03  2.7e-01
 394  F 1   1.583e+08   6e-07  0.98  1.0e-01  2.9e-06  0.0e+00  0.0e+00  2.7e-01  1.8e-03  2.7e-01
 394  T 2   1.583e+08  -2e-07  0.98  1.0e-01  2.9e-06  2.8e-02  9.7e-02  3.1e-01  1.9e-03  3.1e-01
 395  F 0   1.583e+08  -2e-07  0.98  1.0e-01  2.9e-06  0.0e+00  0.0e+00  2.8e-01  1.8e-03  2.8e-01
 395  F 1   1.583e+08  -2e-07  0.98  1.0e-01  2.9e-06  0.0e+00  0.0e+00  2.9e-01  1.6e-03  2.9e-01
 395  F 2   1.583e+08  -2e-07  0.98  1.0e-01  2.9e-06  0.0e+00  0.0e+00  2.8e-01  1.5e-03  2.9e-01
 395  F 3   1.583e+08  -2e-07  0.98  1.0e-01  2.9e-06  0.0e+00  0.0e+00  2.7e-01  1.7e-03  2.7e-01
 395  F 4   1.583e+08  -2e-07  0.98  1.0e-01  2.9e-06  0.0e+00  0.0e+00  2.7e-01  1.6e-03  2.7e-01
 395  F 5   1.583e+08  -2e-07  0.98  1.0e-01  2.9e-06  0.0e+00  0.0e+00  3.0e-01  1.6e-03  3.0e-01
 395  F 6   1.583e+08  -2e-07  0.98  1.0e-01  2.9e-06  0.0e+00  0.0e+00  2.7e-01  1.6e-03  2.7e-01
 395  F 7   1.583e+08  -2e-07  0.98  1.0e-01  2.9e-06  0.0e+00  0.0e+00  2.7e-01  1.5e-03  2.7e-01
 395  F 8   1.583e+08  -2e-07  0.98  1.0e-01  2.9e-06  0.0e+00  0.0e+00  2.7e-01  1.5e-03  2.7e-01
 395  F 9   1.583e+08  -2e-07  0.98  1.0e-01  2.9e-06  0.0e+00  0.0e+00  2.8e-01  1.6e-03  2.8e-01
 395  F10   1.583e+08  -2e-07  0.98  1.0e-01  2.9e-06  0.0e+00  0.0e+00  2.8e-01  1.9e-03  2.8e-01
 395  F11   1.583e+08  -2e-07  0.98  1.0e-01  2.9e-06  0.0e+00  0.0e+00  2.8e-01  1.9e-03  2.8e-01
 395  F12   1.583e+08  -2e-07  0.98  1.0e-01  2.9e-06  0.0e+00  0.0e+00  2.8e-01  1.9e-03  2.8e-01
 395  F13   1.583e+08  -2e-07  0.98  1.0e-01  2.9e-06  0.0e+00  0.0e+00  2.8e-01  1.9e-03  2.8e-01
 395  F14   1.583e+08  -2e-07  0.98  1.0e-01  2.9e-06  0.0e+00  0.0e+00  2.7e-01  1.8e-03  2.7e-01
 395  F15   1.583e+08  -2e-07  0.98  1.0e-01  2.9e-06  0.0e+00  0.0e+00  2.7e-01  1.9e-03  2.7e-01
 395  F16   1.583e+08  -2e-07  0.98  1.0e-01  2.9e-06  0.0e+00  0.0e+00  2.8e-01  1.9e-03  2.8e-01
 395  F17   1.583e+08  -2e-07  0.98  1.0e-01  2.9e-06  0.0e+00  0.0e+00  2.7e-01  1.9e-03  2.8e-01
 395  F18   1.583e+08  -2e-07  0.98  1.0e-01  2.9e-06  0.0e+00  0.0e+00  2.8e-01  1.9e-03  2.8e-01
 395  F19   1.583e+08  -2e-07  0.98  1.0e-01  2.9e-06  0.0e+00  0.0e+00  2.7e-01  1.8e-03  2.7e-01
 395  F20   1.583e+08  -2e-07  0.98  1.0e-01  2.9e-06  0.0e+00  0.0e+00  2.7e-01  1.8e-03  2.7e-01
 395  F21   1.583e+08  -2e-07  0.98  1.0e-01  2.9e-06  0.0e+00  0.0e+00  2.7e-01  1.8e-03  2.7e-01
 395  F22   1.583e+08  -2e-07  0.98  1.0e-01  2.9e-06  0.0e+00  0.0e+00  2.7e-01  1.9e-03  2.8e-01
 395  F23   1.583e+08  -2e-07  0.98  1.0e-01  2.9e-06  0.0e+00  0.0e+00  2.9e-01  1.9e-03  2.9e-01
 395  F24   1.583e+08  -2e-07  0.98  1.0e-01  2.9e-06  0.0e+00  0.0e+00  2.8e-01  1.8e-03  2.8e-01
 395  F25   1.583e+08  -2e-07  0.98  1.0e-01  2.9e-06  0.0e+00  0.0e+00  2.8e-01  1.9e-03  2.8e-01
 395  F26   1.583e+08  -2e-07  0.98  1.0e-01  2.9e-06  0.0e+00  0.0e+00  2.7e-01  1.8e-03  2.7e-01
 395  F27   1.583e+08  -2e-07  0.98  1.0e-01  2.9e-06  0.0e+00  0.0e+00  2.8e-01  1.8e-03  2.8e-01
 395  F28   1.583e+08  -2e-07  0.98  1.0e-01  2.9e-06  0.0e+00  0.0e+00  2.7e-01  1.8e-03  2.8e-01
 395  F29   1.583e+08  -2e-07  0.98  1.0e-01  2.9e-06  0.0e+00  0.0e+00  3.1e-01  1.8e-03  3.1e-01
 395  F30   1.583e+08  -2e-07  0.98  1.0e-01  2.9e-06  0.0e+00  0.0e+00  2.8e-01  1.8e-03  2.9e-01
 395  F31   1.583e+08  -2e-07  0.98  1.0e-01  2.9e-06  0.0e+00  0.0e+00  2.8e-01  1.8e-03  2.8e-01
Enforced Termination; excessive conservatism
Total number of system evaluations: 607
