   k  l     Obj         Vio    Bou   ML       |KKT|    |dX|     ||dX||   T_s      T_o      T_t
   0  T 0   4.248e+08   1e-02  0.00  1.0e-01  3.0e+03  1.0e+00  1.0e+00  2.6e-01  0.0e+00  0.0e+00
   1  T 0   1.295e+08  -1e-01  0.00  1.0e-01  9.3e-02  1.0e-01  4.3e+00  1.4e-01  6.9e-03  1.5e-01
   2  F 0   5.526e+10  -1e-01  0.26  1.0e-01  2.9e+01  1.0e-01  5.1e+00  1.5e-01  2.3e-03  1.6e-01
   3  T 0   8.445e+07  -2e-01  0.22  1.0e-01  1.7e-02  1.0e-01  5.4e+00  1.5e-01  2.3e-03  1.5e-01
   4  F 0   2.765e+09  -2e-01  0.36  1.0e-01  1.6e+01  1.0e-01  4.9e+00  1.4e-01  1.7e-03  1.5e-01
   5  T 0   3.327e+07  -4e-01  0.29  1.0e-01  2.8e-03  1.0e-01  5.1e+00  1.6e-01  1.5e-03  1.6e-01
   6  T 0   2.762e+07  -4e-01  0.46  1.0e-01  1.4e-01  1.0e-01  4.5e+00  1.4e-01  1.3e-03  1.4e-01
   7  T 0   1.584e+07  -5e-01  0.47  1.0e-01  9.2e-03  1.0e-01  3.6e+00  1.5e-01  1.3e-03  1.5e-01
   8  T 0   1.283e+07  -7e-01  0.47  1.0e-01  8.1e-02  1.0e-01  3.3e+00  1.6e-01  1.3e-03  1.6e-01
   9  F 0   1.225e+07  -8e-01  0.53  1.0e-01  1.4e-02  1.0e-01  3.2e+00  1.4e-01  1.3e-03  1.4e-01
  10  T 0   8.863e+06  -8e-01  0.55  1.0e-01  9.7e-03  1.0e-01  2.8e+00  1.4e-01  1.3e-03  1.5e-01
  11  T 0   8.454e+06  -9e-01  0.59  1.0e-01  1.6e-03  1.0e-01  2.5e+00  1.6e-01  1.2e-03  1.6e-01
  12  T 0   7.500e+06  -8e-01  0.63  1.0e-01  6.7e-04  1.0e-01  2.0e+00  2.0e-01  1.3e-03  2.0e-01
  13  T 0   6.755e+06  -8e-01  0.66  1.0e-01  6.3e-04  1.0e-01  1.6e+00  1.8e-01  1.3e-03  1.8e-01
  14  T 0   6.274e+06  -7e-01  0.69  1.0e-01  2.5e-03  1.0e-01  1.4e+00  1.7e-01  1.3e-03  1.8e-01
  15  T 0   6.199e+06  -6e-01  0.71  1.0e-01  1.8e-03  1.0e-01  1.4e+00  1.9e-01  1.3e-03  1.9e-01
  16  T 0   5.745e+06  -6e-01  0.72  1.0e-01  5.9e-04  1.0e-01  1.4e+00  2.1e-01  1.2e-03  2.1e-01
  17  T 0   5.309e+06  -5e-01  0.75  1.0e-01  1.5e-03  1.0e-01  1.3e+00  1.3e-01  1.3e-03  1.4e-01
  18  T 0   5.052e+06  -4e-01  0.77  1.0e-01  4.9e-04  1.0e-01  1.3e+00  1.4e-01  1.3e-03  1.5e-01
  19  T 0   4.816e+06  -4e-01  0.78  1.0e-01  7.7e-04  1.0e-01  1.2e+00  1.6e-01  1.3e-03  1.6e-01
  20  T 0   4.575e+06  -3e-01  0.80  1.0e-01  1.5e-03  1.0e-01  1.1e+00  1.5e-01  1.3e-03  1.5e-01
  21  T 0   4.374e+06  -3e-01  0.83  1.0e-01  8.3e-04  1.0e-01  1.0e+00  2.0e-01  1.3e-03  2.0e-01
  22  T 0   4.187e+06  -2e-01  0.84  1.0e-01  8.3e-04  1.0e-01  1.1e+00  1.6e-01  1.3e-03  1.7e-01
  23  T 0   4.068e+06  -2e-01  0.84  1.0e-01  1.8e-03  1.0e-01  1.1e+00  1.6e-01  1.5e-03  1.6e-01
  24  T 0   3.970e+06  -2e-01  0.85  1.0e-01  1.5e-03  1.0e-01  1.3e+00  1.5e-01  1.3e-03  1.5e-01
  25  T 0   3.918e+06  -2e-01  0.85  1.0e-01  1.1e-03  1.0e-01  1.4e+00  1.4e-01  1.3e-03  1.4e-01
  26  F 0   3.948e+06  -1e-01  0.84  1.0e-01  9.2e-04  1.0e-01  1.7e+00  2.6e-01  1.4e-03  2.6e-01
  27  T 0   3.787e+06  -2e-01  0.85  1.0e-01  1.9e-03  1.0e-01  1.7e+00  1.7e-01  1.4e-03  1.7e-01
  28  T 0   3.684e+06  -1e-01  0.84  1.0e-01  1.3e-03  1.0e-01  1.6e+00  1.4e-01  1.3e-03  1.4e-01
  29  T 0   3.550e+06  -1e-01  0.87  1.0e-01  1.1e-03  1.0e-01  1.3e+00  1.4e-01  1.3e-03  1.4e-01
  30  T 0   3.443e+06  -1e-01  0.87  1.0e-01  1.1e-03  1.0e-01  1.0e+00  1.4e-01  1.3e-03  1.4e-01
  31  T 0   3.397e+06  -1e-01  0.88  1.0e-01  1.5e-03  1.0e-01  6.1e-01  1.5e-01  1.3e-03  1.5e-01
  32  T 0   3.349e+06  -1e-01  0.89  1.0e-01  5.6e-04  1.0e-01  5.0e-01  1.6e-01  1.5e-03  1.6e-01
  33  T 0   3.288e+06  -1e-01  0.90  1.0e-01  1.1e-03  1.0e-01  4.5e-01  1.8e-01  1.5e-03  1.8e-01
  34  T 0   3.246e+06  -9e-02  0.91  1.0e-01  1.1e-03  1.0e-01  4.1e-01  1.5e-01  1.4e-03  1.6e-01
  35  T 0   3.201e+06  -8e-02  0.91  1.0e-01  2.5e-04  1.0e-01  4.2e-01  1.6e-01  1.3e-03  1.6e-01
  36  F 0   3.223e+06  -7e-02  0.91  1.0e-01  2.9e-04  1.0e-01  5.0e-01  1.7e-01  1.3e-03  1.7e-01
  37  T 0   3.160e+06  -7e-02  0.91  1.0e-01  3.3e-04  1.0e-01  5.5e-01  1.6e-01  1.6e-03  1.6e-01
  38  T 0   3.118e+06  -6e-02  0.92  1.0e-01  6.3e-04  1.0e-01  4.3e-01  1.5e-01  1.3e-03  1.6e-01
  39  T 0   3.072e+06  -5e-02  0.92  1.0e-01  5.4e-04  1.0e-01  3.8e-01  1.6e-01  1.4e-03  1.6e-01
  40  T 0   3.033e+06  -4e-02  0.93  1.0e-01  6.2e-04  1.0e-01  3.6e-01  1.5e-01  1.4e-03  1.5e-01
  41  T 0   3.007e+06  -3e-02  0.93  1.0e-01  5.0e-04  1.0e-01  3.5e-01  1.4e-01  1.3e-03  1.5e-01
  42  T 0   3.002e+06  -2e-02  0.93  1.0e-01  9.0e-04  1.0e-01  3.5e-01  1.6e-01  1.2e-03  1.6e-01
  43  T 0   2.994e+06  -1e-02  0.93  1.0e-01  1.4e-03  1.0e-01  3.4e-01  2.0e-01  1.2e-03  2.0e-01
  44  T 0   2.987e+06  -7e-03  0.94  1.0e-01  8.9e-04  1.0e-01  3.6e-01  2.0e-01  1.4e-03  2.0e-01
  45  T 0   2.938e+06  -4e-03  0.94  1.0e-01  5.8e-04  6.7e-02  3.0e-01  1.4e-01  2.4e-03  1.4e-01
  46  T 0   2.916e+06  -3e-03  0.94  1.0e-01  6.4e-04  1.0e-01  3.0e-01  1.4e-01  2.1e-03  1.4e-01
  47  T 0   2.886e+06  -2e-03  0.94  1.0e-01  3.3e-04  1.0e-01  2.9e-01  1.4e-01  2.0e-03  1.4e-01
  48  T 0   2.868e+06  -1e-03  0.95  1.0e-01  4.5e-04  1.0e-01  2.8e-01  1.5e-01  2.0e-03  1.5e-01
  49  T 0   2.846e+06  -1e-03  0.95  1.0e-01  2.9e-04  1.0e-01  2.9e-01  1.4e-01  1.9e-03  1.4e-01
  50  T 0   2.828e+06  -1e-03  0.95  1.0e-01  4.8e-04  1.0e-01  3.2e-01  1.4e-01  1.9e-03  1.4e-01
  51  T 0   2.810e+06  -9e-04  0.96  1.0e-01  4.0e-04  1.0e-01  3.5e-01  1.4e-01  1.9e-03  1.4e-01
  52  T 0   2.794e+06  -8e-04  0.96  1.0e-01  5.2e-04  1.0e-01  3.6e-01  1.2e-01  2.0e-03  1.2e-01
  53  T 0   2.780e+06  -8e-04  0.96  1.0e-01  4.2e-04  1.0e-01  3.8e-01  1.4e-01  2.0e-03  1.4e-01
  54  T 0   2.774e+06  -7e-04  0.96  1.0e-01  5.8e-04  1.0e-01  3.8e-01  1.4e-01  1.7e-03  1.4e-01
  55  T 0   2.765e+06  -7e-04  0.96  1.0e-01  4.2e-04  1.0e-01  3.7e-01  1.4e-01  2.0e-03  1.5e-01
  56  T 0   2.756e+06  -5e-04  0.97  1.0e-01  5.5e-04  1.0e-01  3.3e-01  1.4e-01  1.8e-03  1.4e-01
  57  T 0   2.748e+06  -6e-04  0.97  1.0e-01  4.4e-04  1.0e-01  3.4e-01  1.5e-01  2.0e-03  1.5e-01
  58  T 0   2.742e+06  -5e-04  0.97  1.0e-01  3.6e-04  1.0e-01  3.4e-01  1.5e-01  1.9e-03  1.5e-01
  59  T 0   2.736e+06  -6e-04  0.97  1.0e-01  3.5e-04  1.0e-01  3.7e-01  1.4e-01  2.0e-03  1.4e-01
  60  T 0   2.734e+06  -5e-04  0.97  1.0e-01  3.4e-04  1.0e-01  3.5e-01  1.3e-01  2.0e-03  1.4e-01
  61  T 0   2.729e+06  -5e-04  0.97  1.0e-01  3.2e-04  1.0e-01  3.3e-01  1.5e-01  1.7e-03  1.5e-01
  62  T 0   2.727e+06  -4e-04  0.97  1.0e-01  3.2e-04  1.0e-01  2.9e-01  1.4e-01  2.2e-03  1.4e-01
  63  T 0   2.723e+06  -4e-04  0.97  1.0e-01  3.2e-04  1.0e-01  2.7e-01  1.5e-01  1.7e-03  1.5e-01
  64  T 0   2.721e+06  -3e-04  0.97  1.0e-01  3.1e-04  1.0e-01  2.3e-01  1.5e-01  1.7e-03  1.5e-01
  65  T 0   2.719e+06  -3e-04  0.97  1.0e-01  3.3e-04  1.0e-01  2.2e-01  1.6e-01  2.1e-03  1.6e-01
  66  T 0   2.718e+06  -2e-04  0.97  1.0e-01  3.3e-04  8.0e-02  1.7e-01  1.5e-01  1.8e-03  1.5e-01
  67  T 0   2.716e+06  -3e-04  0.97  1.0e-01  3.3e-04  1.0e-01  1.8e-01  1.5e-01  1.2e-03  1.5e-01
  68  T 0   2.713e+06  -3e-04  0.97  1.0e-01  3.6e-04  1.0e-01  1.6e-01  1.5e-01  1.8e-03  1.5e-01
  69  T 0   2.710e+06  -3e-04  0.97  1.0e-01  2.9e-04  1.0e-01  1.5e-01  1.4e-01  1.8e-03  1.5e-01
  70  T 0   2.709e+06  -2e-04  0.97  1.0e-01  3.6e-04  1.0e-01  1.5e-01  1.4e-01  2.0e-03  1.4e-01
  71  T 0   2.708e+06  -2e-04  0.97  1.0e-01  2.7e-04  1.0e-01  1.3e-01  1.4e-01  1.7e-03  1.4e-01
  72  T 0   2.707e+06  -2e-04  0.97  1.0e-01  3.7e-04  1.0e-01  1.3e-01  1.4e-01  1.8e-03  1.4e-01
  73  T 0   2.705e+06  -2e-04  0.98  1.0e-01  2.7e-04  3.4e-02  9.0e-02  1.4e-01  1.9e-03  1.4e-01
  74  T 0   2.704e+06  -2e-04  0.98  1.0e-01  3.8e-04  2.7e-02  8.5e-02  1.5e-01  1.7e-03  1.5e-01
  75  T 0   2.702e+06  -2e-04  0.98  1.0e-01  2.7e-04  3.6e-02  7.0e-02  1.5e-01  1.7e-03  1.5e-01
  76  T 0   2.701e+06  -2e-04  0.98  1.0e-01  3.9e-04  2.9e-02  7.9e-02  1.5e-01  1.7e-03  1.5e-01
  77  T 0   2.699e+06  -2e-04  0.98  1.0e-01  2.7e-04  3.8e-02  8.5e-02  1.5e-01  2.4e-03  1.5e-01
  78  F 0   2.699e+06  -2e-04  0.98  1.0e-01  3.9e-04  3.8e-02  8.6e-02  1.4e-01  2.0e-03  1.5e-01
  79  T 0   2.698e+06  -2e-04  0.98  1.0e-01  2.8e-04  4.8e-02  1.2e-01  1.4e-01  1.9e-03  1.4e-01
  80  F 0   2.698e+06  -2e-04  0.98  1.0e-01  4.1e-04  1.0e-01  1.6e-01  1.7e-01  1.9e-03  1.7e-01
  81  T 0   2.697e+06  -3e-04  0.98  1.0e-01  2.9e-04  1.0e-01  2.4e-01  1.5e-01  1.2e-02  1.7e-01
  82  F 0   2.698e+06  -3e-04  0.98  1.0e-01  4.8e-04  1.0e-01  2.3e-01  2.2e-01  3.3e-03  2.2e-01
  83  T 0   2.696e+06  -3e-04  0.98  1.0e-01  3.4e-04  1.0e-01  2.2e-01  2.1e-01  8.4e-03  2.2e-01
  84  F 0   2.697e+06  -2e-04  0.98  1.0e-01  4.8e-04  1.0e-01  1.4e-01  2.0e-01  1.7e-03  2.0e-01
  85  T 0   2.695e+06  -3e-04  0.98  1.0e-01  3.5e-04  3.2e-02  6.3e-02  1.3e-01  1.7e-03  1.3e-01
  86  F 0   2.696e+06  -2e-04  0.98  1.0e-01  4.7e-04  3.5e-02  5.4e-02  1.3e-01  1.7e-03  1.4e-01
  87  T 0   2.694e+06  -3e-04  0.98  1.0e-01  3.5e-04  1.8e-02  4.7e-02  1.3e-01  1.3e-03  1.3e-01
  88  F 0   2.695e+06  -2e-04  0.98  1.0e-01  4.7e-04  1.8e-02  4.7e-02  1.4e-01  1.8e-03  1.4e-01
  89  T 0   2.693e+06  -2e-04  0.98  1.0e-01  3.6e-04  2.6e-02  5.3e-02  1.4e-01  1.8e-03  1.4e-01
  90  F 0   2.694e+06  -2e-04  0.98  1.0e-01  4.8e-04  2.5e-02  5.7e-02  1.4e-01  1.7e-03  1.5e-01
  91  T 0   2.692e+06  -3e-04  0.98  1.0e-01  3.8e-04  4.1e-02  7.0e-02  1.5e-01  1.7e-03  1.5e-01
  92  F 0   2.693e+06  -2e-04  0.98  1.0e-01  4.9e-04  3.5e-02  7.3e-02  1.5e-01  1.7e-03  1.5e-01
  93  T 0   2.690e+06  -3e-04  0.98  1.0e-01  4.0e-04  5.7e-02  8.6e-02  1.5e-01  1.7e-03  1.5e-01
  94  F 0   2.691e+06  -2e-04  0.98  1.0e-01  5.0e-04  3.0e-02  7.6e-02  1.3e-01  1.9e-03  1.4e-01
  95  T 0   2.689e+06  -3e-04  0.98  1.0e-01  4.2e-04  5.6e-02  1.0e-01  1.4e-01  1.7e-03  1.5e-01
  96  F 0   2.689e+06  -3e-04  0.98  1.0e-01  5.2e-04  4.7e-02  9.9e-02  1.8e-01  2.0e-03  1.8e-01
  97  T 0   2.686e+06  -3e-04  0.98  1.0e-01  4.8e-04  8.9e-02  1.5e-01  1.6e-01  2.2e-03  1.6e-01
  98  F 0   2.687e+06  -3e-04  0.98  1.0e-01  5.0e-04  4.3e-02  1.1e-01  2.6e-01  2.0e-03  2.6e-01
  99  T 0   2.685e+06  -3e-04  0.98  1.0e-01  4.3e-04  7.4e-02  1.2e-01  1.6e-01  2.0e-03  1.6e-01
 100  F 0   2.685e+06  -3e-04  0.98  1.0e-01  5.5e-04  4.7e-02  9.6e-02  1.5e-01  1.9e-03  1.5e-01
 101  T 0   2.684e+06  -3e-04  0.98  1.0e-01  4.4e-04  4.0e-02  8.5e-02  1.5e-01  1.9e-03  1.5e-01
 102  F 0   2.684e+06  -3e-04  0.98  1.0e-01  5.5e-04  3.8e-02  8.9e-02  1.8e-01  1.8e-03  1.8e-01
 103  T 0   2.682e+06  -3e-04  0.98  1.0e-01  3.7e-04  3.8e-02  8.2e-02  1.4e-01  1.7e-03  1.4e-01
 104  F 0   2.682e+06  -2e-04  0.98  1.0e-01  5.4e-04  4.3e-02  9.7e-02  1.4e-01  1.9e-03  1.4e-01
 105  T 0   2.680e+06  -2e-04  0.98  1.0e-01  3.3e-04  3.0e-02  8.7e-02  1.4e-01  1.3e-03  1.4e-01
 106  F 0   2.680e+06  -2e-04  0.98  1.0e-01  3.7e-04  4.6e-02  9.2e-02  1.4e-01  1.8e-03  1.5e-01
 107  T 0   2.679e+06  -2e-04  0.98  1.0e-01  2.9e-04  7.0e-02  1.0e-01  1.4e-01  1.7e-03  1.4e-01
 108  F 0   2.680e+06  -2e-04  0.98  1.0e-01  3.6e-04  9.0e-02  1.6e-01  1.4e-01  2.0e-03  1.4e-01
 109  T 0   2.679e+06  -2e-04  0.98  1.0e-01  2.9e-04  1.0e-01  2.2e-01  1.5e-01  2.0e-03  1.5e-01
 110  F 0   2.680e+06  -2e-04  0.98  1.0e-01  3.6e-04  1.0e-01  2.2e-01  1.5e-01  2.0e-03  1.5e-01
 111  T 0   2.679e+06  -3e-04  0.98  1.0e-01  2.8e-04  1.0e-01  2.1e-01  1.5e-01  2.2e-03  1.5e-01
 112  F 0   2.679e+06  -2e-04  0.98  1.0e-01  3.6e-04  8.3e-02  1.5e-01  1.5e-01  2.4e-03  1.6e-01
 113  T 0   2.678e+06  -2e-04  0.98  1.0e-01  2.7e-04  3.0e-02  7.7e-02  1.5e-01  2.2e-03  1.5e-01
 114  F 0   2.678e+06  -1e-04  0.98  1.0e-01  3.6e-04  3.8e-02  5.1e-02  1.4e-01  1.8e-03  1.4e-01
 115  T 0   2.677e+06  -2e-04  0.98  1.0e-01  2.5e-04  1.8e-02  4.1e-02  1.4e-01  1.3e-03  1.4e-01
 116  F 0   2.678e+06  -1e-04  0.98  1.0e-01  3.7e-04  4.6e-02  6.1e-02  1.4e-01  1.5e-03  1.4e-01
 117  T 0   2.677e+06  -2e-04  0.98  1.0e-01  2.4e-04  3.1e-02  5.2e-02  1.4e-01  1.5e-03  1.4e-01
 118  F 0   2.677e+06  -2e-04  0.98  1.0e-01  3.7e-04  7.2e-02  8.4e-02  1.8e-01  1.6e-03  1.8e-01
 119  T 0   2.676e+06  -2e-04  0.98  1.0e-01  2.4e-04  5.5e-02  7.1e-02  1.3e-01  1.7e-03  1.4e-01
 120  F 0   2.677e+06  -2e-04  0.98  1.0e-01  3.7e-04  5.4e-02  6.8e-02  1.4e-01  1.7e-03  1.4e-01
 121  T 0   2.676e+06  -2e-04  0.98  1.0e-01  2.3e-04  2.1e-02  4.3e-02  1.9e-01  1.7e-03  1.9e-01
 122  F 0   2.676e+06  -2e-04  0.98  1.0e-01  3.6e-04  2.6e-02  4.9e-02  1.3e-01  1.5e-03  1.3e-01
 123  T 0   2.675e+06  -2e-04  0.98  1.0e-01  2.3e-04  2.1e-02  4.8e-02  1.4e-01  1.7e-03  1.5e-01
 124  F 0   2.676e+06  -1e-04  0.98  1.0e-01  3.6e-04  3.1e-02  6.1e-02  1.4e-01  1.8e-03  1.4e-01
 125  T 0   2.675e+06  -2e-04  0.98  1.0e-01  2.3e-04  3.1e-02  5.9e-02  1.7e-01  1.7e-03  1.7e-01
 126  F 0   2.675e+06  -1e-04  0.98  1.0e-01  3.6e-04  4.2e-02  7.9e-02  1.4e-01  1.8e-03  1.5e-01
 127  T 0   2.674e+06  -2e-04  0.98  1.0e-01  2.3e-04  4.4e-02  7.7e-02  1.4e-01  1.7e-03  1.5e-01
 128  F 0   2.675e+06  -1e-04  0.98  1.0e-01  3.5e-04  6.3e-02  1.1e-01  1.6e-01  1.8e-03  1.7e-01
 129  T 0   2.674e+06  -2e-04  0.98  1.0e-01  2.3e-04  6.9e-02  1.1e-01  1.4e-01  1.8e-03  1.5e-01
 130  F 0   2.674e+06  -2e-04  0.98  1.0e-01  3.5e-04  9.3e-02  1.5e-01  1.4e-01  2.0e-03  1.5e-01
 131  T 0   2.673e+06  -2e-04  0.98  1.0e-01  2.3e-04  8.1e-02  1.3e-01  1.7e-01  2.2e-03  1.8e-01
 132  F 0   2.673e+06  -1e-04  0.98  1.0e-01  3.4e-04  9.0e-02  1.7e-01  1.4e-01  2.2e-03  1.5e-01
 133  T 0   2.672e+06  -2e-04  0.98  1.0e-01  2.1e-04  8.6e-02  1.5e-01  1.5e-01  2.2e-03  1.5e-01
 134  F 0   2.672e+06  -1e-04  0.98  1.0e-01  3.3e-04  7.7e-02  1.5e-01  1.5e-01  2.2e-03  1.5e-01
 135  T 0   2.671e+06  -2e-04  0.98  1.0e-01  1.8e-04  1.0e-01  1.7e-01  1.8e-01  2.0e-03  1.8e-01
 136  F 0   2.672e+06  -1e-04  0.98  1.0e-01  3.3e-04  1.0e-01  1.7e-01  1.5e-01  2.2e-03  1.5e-01
 137  T 0   2.671e+06  -2e-04  0.98  1.0e-01  1.7e-04  1.0e-01  1.9e-01  1.5e-01  2.1e-03  1.5e-01
 138  F 0   2.671e+06  -1e-04  0.98  1.0e-01  3.3e-04  7.7e-02  1.7e-01  1.5e-01  2.2e-03  1.5e-01
 139  T 0   2.670e+06  -2e-04  0.98  1.0e-01  1.7e-04  1.0e-01  1.7e-01  1.5e-01  1.9e-03  1.5e-01
 140  F 0   2.671e+06  -1e-04  0.98  1.0e-01  3.4e-04  1.0e-01  1.5e-01  1.7e-01  2.0e-03  1.7e-01
 141  T 0   2.670e+06  -2e-04  0.98  1.0e-01  1.8e-04  1.0e-01  1.6e-01  1.4e-01  2.2e-03  1.5e-01
 142  F 0   2.670e+06  -1e-04  0.98  1.0e-01  3.4e-04  1.0e-01  1.3e-01  1.3e-01  2.0e-03  1.3e-01
 143  T 0   2.670e+06  -2e-04  0.98  1.0e-01  2.1e-04  5.8e-02  7.8e-02  1.3e-01  1.7e-03  1.3e-01
 144  F 0   2.670e+06  -1e-04  0.98  1.0e-01  3.4e-04  2.7e-02  4.1e-02  1.4e-01  1.7e-03  1.4e-01
 145  T 0   2.669e+06  -2e-04  0.98  1.0e-01  2.1e-04  1.1e-02  3.0e-02  1.4e-01  1.7e-03  1.5e-01
 146  F 0   2.670e+06  -1e-04  0.98  1.0e-01  3.4e-04  1.8e-02  3.7e-02  1.8e-01  1.3e-03  1.9e-01
 147  T 0   2.669e+06  -1e-04  0.98  1.0e-01  2.0e-04  1.3e-02  3.3e-02  1.4e-01  1.8e-03  1.4e-01
 148  F 0   2.669e+06  -1e-04  0.98  1.0e-01  3.4e-04  2.5e-02  4.5e-02  1.4e-01  1.7e-03  1.5e-01
 149  T 0   2.669e+06  -2e-04  0.98  1.0e-01  2.0e-04  1.8e-02  4.1e-02  1.5e-01  1.7e-03  1.5e-01
 150  F 0   2.669e+06  -1e-04  0.98  1.0e-01  3.5e-04  2.5e-02  4.9e-02  1.5e-01  1.8e-03  1.5e-01
 151  T 0   2.668e+06  -2e-04  0.98  1.0e-01  2.0e-04  1.9e-02  4.5e-02  1.5e-01  2.0e-03  1.5e-01
 152  F 0   2.669e+06  -1e-04  0.98  1.0e-01  3.6e-04  2.2e-02  5.4e-02  1.4e-01  1.8e-03  1.5e-01
 153  T 0   2.668e+06  -2e-04  0.98  1.0e-01  2.0e-04  2.6e-02  5.3e-02  1.8e-01  2.1e-03  1.9e-01
 154  F 0   2.668e+06  -1e-04  0.98  1.0e-01  3.6e-04  3.4e-02  6.7e-02  1.8e-01  1.7e-03  1.8e-01
 155  T 0   2.667e+06  -2e-04  0.98  1.0e-01  2.0e-04  2.9e-02  6.0e-02  1.7e-01  1.9e-03  1.8e-01
 156  F 0   2.668e+06  -1e-04  0.98  1.0e-01  3.7e-04  6.1e-02  1.0e-01  1.4e-01  2.0e-03  1.5e-01
 157  T 0   2.667e+06  -2e-04  0.98  1.0e-01  2.1e-04  6.7e-02  1.3e-01  1.5e-01  1.9e-03  1.5e-01
 158  F 0   2.667e+06  -1e-04  0.98  1.0e-01  3.7e-04  1.0e-01  1.6e-01  1.3e-01  1.7e-03  1.4e-01
 159  T 0   2.666e+06  -2e-04  0.98  1.0e-01  2.2e-04  7.6e-02  1.3e-01  1.4e-01  1.8e-03  1.4e-01
 160  F 0   2.667e+06  -1e-04  0.98  1.0e-01  3.9e-04  3.9e-02  7.9e-02  1.9e-01  1.7e-03  1.9e-01
 161  T 0   2.666e+06  -2e-04  0.98  1.0e-01  2.3e-04  2.5e-02  4.1e-02  1.3e-01  1.7e-03  1.3e-01
 162  F 0   2.666e+06  -1e-04  0.98  1.0e-01  3.9e-04  2.4e-02  4.7e-02  1.4e-01  1.7e-03  1.4e-01
 163  T 0   2.665e+06  -2e-04  0.98  1.0e-01  2.4e-04  2.2e-02  5.1e-02  1.3e-01  1.7e-03  1.3e-01
 164  F 0   2.665e+06  -1e-04  0.98  1.0e-01  4.0e-04  2.3e-02  4.9e-02  1.6e-01  1.7e-03  1.6e-01
 165  T 0   2.665e+06  -2e-04  0.98  1.0e-01  2.4e-04  2.7e-02  5.4e-02  1.6e-01  1.8e-03  1.6e-01
 166  F 0   2.665e+06  -1e-04  0.98  1.0e-01  4.0e-04  1.9e-02  3.8e-02  1.6e-01  1.8e-03  1.6e-01
 167  T 0   2.664e+06  -2e-04  0.98  1.0e-01  2.9e-04  1.7e-02  3.9e-02  1.7e-01  1.8e-03  1.8e-01
 168  F 0   2.664e+06  -1e-04  0.98  1.0e-01  4.1e-04  1.5e-02  4.1e-02  1.5e-01  1.7e-03  1.5e-01
 169  T 0   2.664e+06  -2e-04  0.98  1.0e-01  3.0e-04  1.5e-02  4.0e-02  1.7e-01  1.8e-03  1.7e-01
 170  F 0   2.664e+06  -1e-04  0.98  1.0e-01  4.1e-04  2.9e-02  5.9e-02  1.8e-01  1.7e-03  1.9e-01
 171  T 0   2.663e+06  -2e-04  0.98  1.0e-01  3.1e-04  3.8e-02  7.0e-02  1.4e-01  1.8e-03  1.4e-01
 172  F 0   2.663e+06  -1e-04  0.98  1.0e-01  4.0e-04  6.3e-02  1.1e-01  2.1e-01  1.8e-03  2.1e-01
 173  T 0   2.663e+06  -2e-04  0.98  1.0e-01  3.1e-04  7.1e-02  1.3e-01  2.0e-01  1.7e-03  2.1e-01
 174  F 0   2.663e+06  -2e-04  0.98  1.0e-01  4.1e-04  9.3e-02  1.3e-01  1.5e-01  1.8e-03  1.5e-01
 175  T 0   2.662e+06  -2e-04  0.98  1.0e-01  3.3e-04  2.8e-02  6.5e-02  1.3e-01  1.7e-03  1.4e-01
 176  F 0   2.665e+06  -1e-04  0.98  1.0e-01  5.2e-04  1.5e-02  3.7e-02  1.4e-01  1.7e-03  1.4e-01
 177  F 0   2.663e+06  -2e-04  0.98  1.0e-01  4.4e-04  1.2e-02  3.5e-02  1.5e-01  2.0e-03  1.5e-01
 178  F 0   2.666e+06  -2e-04  0.98  1.0e-01  5.5e-04  1.4e-02  4.0e-02  1.5e-01  1.7e-03  1.5e-01
 179  F 0   2.665e+06  -4e-04  0.98  1.0e-01  4.7e-04  1.4e-02  4.2e-02  1.4e-01  1.9e-03  1.4e-01
 180  F 0   2.665e+06  -3e-04  0.98  1.0e-01  5.2e-04  2.0e-02  4.6e-02  1.4e-01  1.8e-03  1.5e-01
 181  T 0   2.662e+06  -3e-04  0.98  1.0e-01  3.4e-04  1.9e-02  3.8e-02  1.4e-01  1.7e-03  1.5e-01
 182  F 0   2.662e+06  -2e-04  0.98  1.0e-01  4.7e-04  1.4e-02  3.5e-02  1.4e-01  1.7e-03  1.5e-01
 183  T 0   2.661e+06  -2e-04  0.98  1.0e-01  4.2e-04  2.3e-02  4.0e-02  1.5e-01  1.7e-03  1.5e-01
 184  F 0   2.661e+06  -2e-04  0.98  1.0e-01  4.8e-04  1.2e-02  3.4e-02  1.4e-01  1.7e-03  1.4e-01
 185  T 0   2.660e+06  -2e-04  0.98  1.0e-01  3.7e-04  1.8e-02  3.6e-02  1.5e-01  1.7e-03  1.5e-01
 186  F 0   2.661e+06  -1e-04  0.98  1.0e-01  4.0e-04  1.3e-02  3.4e-02  2.1e-01  1.8e-03  2.1e-01
 187  T 0   2.660e+06  -2e-04  0.98  1.0e-01  3.4e-04  2.2e-02  3.7e-02  1.6e-01  1.7e-03  1.6e-01
 188  F 0   2.660e+06  -1e-04  0.98  1.0e-01  4.0e-04  1.6e-02  3.5e-02  1.5e-01  1.7e-03  1.5e-01
 189  T 0   2.659e+06  -2e-04  0.98  1.0e-01  3.3e-04  1.7e-02  3.7e-02  1.6e-01  1.7e-03  1.6e-01
 190  F 0   2.660e+06  -1e-04  0.98  1.0e-01  4.0e-04  1.2e-02  3.1e-02  1.4e-01  1.7e-03  1.5e-01
 191  T 0   2.659e+06  -2e-04  0.98  1.0e-01  3.3e-04  1.6e-02  3.6e-02  1.5e-01  1.5e-03  1.5e-01
 192  F 0   2.660e+06  -1e-04  0.98  1.0e-01  4.1e-04  1.2e-02  3.2e-02  1.5e-01  1.7e-03  1.5e-01
 193  T 0   2.659e+06  -2e-04  0.98  1.0e-01  3.4e-04  1.9e-02  4.1e-02  1.6e-01  1.7e-03  1.6e-01
 194  F 0   2.660e+06  -1e-04  0.98  1.0e-01  4.1e-04  1.2e-02  3.5e-02  1.6e-01  1.8e-03  1.7e-01
 195  T 0   2.658e+06  -2e-04  0.98  1.0e-01  3.4e-04  2.1e-02  4.6e-02  1.4e-01  1.8e-03  1.5e-01
 196  F 0   2.659e+06  -1e-04  0.98  1.0e-01  4.2e-04  2.2e-02  5.6e-02  1.4e-01  1.8e-03  1.4e-01
 197  T 0   2.658e+06  -2e-04  0.98  1.0e-01  3.4e-04  2.6e-02  5.1e-02  2.0e-01  1.6e-03  2.0e-01
 198  F 0   2.659e+06  -1e-04  0.98  1.0e-01  4.2e-04  1.2e-02  3.2e-02  1.4e-01  1.8e-03  1.4e-01
 199  T 0   2.658e+06  -2e-04  0.98  1.0e-01  3.4e-04  1.4e-02  2.7e-02  2.1e-01  1.7e-03  2.1e-01
 200  F 0   2.659e+06  -1e-04  0.98  1.0e-01  4.2e-04  7.1e-03  2.4e-02  2.0e-01  1.7e-03  2.0e-01
 201  T 0   2.658e+06  -2e-04  0.98  1.0e-01  3.5e-04  1.7e-02  3.0e-02  1.4e-01  1.7e-03  1.4e-01
 202  F 0   2.658e+06  -1e-04  0.98  1.0e-01  4.3e-04  7.6e-03  2.4e-02  1.8e-01  2.0e-03  1.8e-01
 203  T 0   2.657e+06  -2e-04  0.98  1.0e-01  3.6e-04  2.2e-02  3.5e-02  1.3e-01  1.7e-03  1.3e-01
 204  F 0   2.658e+06  -1e-04  0.98  1.0e-01  4.4e-04  1.1e-02  2.7e-02  1.3e-01  1.9e-03  1.3e-01
 205  T 0   2.657e+06  -2e-04  0.98  1.0e-01  3.7e-04  2.0e-02  3.8e-02  1.3e-01  1.7e-03  1.3e-01
 206  F 0   2.658e+06  -1e-04  0.98  1.0e-01  4.5e-04  1.5e-02  3.2e-02  1.6e-01  1.9e-03  1.6e-01
 207  T 0   2.657e+06  -2e-04  0.98  1.0e-01  3.7e-04  2.0e-02  3.9e-02  1.8e-01  1.7e-03  1.9e-01
 208  F 0   2.657e+06  -1e-04  0.98  1.0e-01  4.5e-04  1.9e-02  3.7e-02  1.4e-01  2.0e-03  1.4e-01
 209  T 0   2.656e+06  -2e-04  0.98  1.0e-01  3.8e-04  2.4e-02  4.2e-02  1.9e-01  1.9e-03  1.9e-01
 210  F 0   2.657e+06  -1e-04  0.98  1.0e-01  4.6e-04  1.9e-02  3.9e-02  1.4e-01  1.9e-03  1.4e-01
 211  T 0   2.656e+06  -2e-04  0.98  1.0e-01  3.5e-04  1.8e-02  3.4e-02  1.4e-01  1.9e-03  1.4e-01
 212  F 0   2.657e+06  -1e-04  0.98  1.0e-01  4.6e-04  2.3e-02  3.5e-02  1.4e-01  2.0e-03  1.4e-01
 213  T 0   2.656e+06  -2e-04  0.98  1.0e-01  3.1e-04  2.9e-02  3.6e-02  1.5e-01  1.7e-03  1.5e-01
 214  F 0   2.656e+06  -1e-04  0.98  1.0e-01  4.5e-04  3.2e-02  5.1e-02  1.5e-01  1.8e-03  1.5e-01
 215  T 0   2.655e+06  -1e-04  0.98  1.0e-01  2.8e-04  5.5e-02  7.0e-02  1.5e-01  1.9e-03  1.5e-01
 216  F 0   2.656e+06  -1e-04  0.98  1.0e-01  3.2e-04  3.6e-02  6.0e-02  1.6e-01  1.9e-03  1.6e-01
 217  T 0   2.655e+06  -1e-04  0.98  1.0e-01  2.4e-04  2.1e-02  3.2e-02  1.5e-01  1.9e-03  1.5e-01
 218  F 0   2.655e+06  -1e-04  0.98  1.0e-01  3.2e-04  1.2e-02  2.4e-02  1.5e-01  1.8e-03  1.5e-01
 219  T 0   2.655e+06  -1e-04  0.98  1.0e-01  2.3e-04  1.0e-02  2.1e-02  1.5e-01  1.8e-03  1.5e-01
 220  F 0   2.655e+06  -9e-05  0.98  1.0e-01  3.2e-04  7.0e-03  2.0e-02  1.6e-01  1.2e-03  1.7e-01
 221  T 0   2.655e+06  -1e-04  0.98  1.0e-01  2.2e-04  1.3e-02  2.2e-02  1.9e-01  1.5e-03  1.9e-01
 222  F 0   2.655e+06  -8e-05  0.98  1.0e-01  3.2e-04  1.0e-02  2.1e-02  1.4e-01  1.4e-03  1.5e-01
 223  T 0   2.654e+06  -1e-04  0.98  1.0e-01  2.2e-04  1.6e-02  2.5e-02  1.6e-01  1.5e-03  1.6e-01
 224  F 0   2.655e+06  -9e-05  0.98  1.0e-01  3.2e-04  1.6e-02  2.4e-02  1.5e-01  1.3e-03  1.5e-01
 225  T 0   2.654e+06  -1e-04  0.98  1.0e-01  2.1e-04  2.0e-02  2.8e-02  1.6e-01  1.7e-03  1.6e-01
 226  F 0   2.655e+06  -1e-04  0.98  1.0e-01  3.2e-04  1.9e-02  2.8e-02  1.7e-01  1.5e-03  1.7e-01
 227  T 0   2.654e+06  -8e-05  0.98  1.0e-01  2.1e-04  2.0e-02  3.1e-02  2.0e-01  1.5e-03  2.0e-01
 228  F 0   2.654e+06  -1e-04  0.98  1.0e-01  3.2e-04  2.0e-02  3.3e-02  1.9e-01  1.8e-03  1.9e-01
 229  T 0   2.654e+06  -1e-04  0.98  1.0e-01  2.1e-04  2.5e-02  3.7e-02  1.4e-01  1.7e-03  1.4e-01
 230  F 0   2.654e+06  -1e-04  0.98  1.0e-01  3.1e-04  3.5e-02  4.1e-02  1.3e-01  1.8e-03  1.4e-01
 231  T 0   2.654e+06  -1e-04  0.98  1.0e-01  2.1e-04  4.3e-02  5.0e-02  1.4e-01  2.0e-03  1.5e-01
 232  F 0   2.654e+06  -1e-04  0.98  1.0e-01  3.1e-04  4.4e-02  4.9e-02  1.4e-01  1.8e-03  1.4e-01
 233  T 0   2.653e+06  -1e-04  0.98  1.0e-01  2.1e-04  4.1e-02  4.8e-02  1.7e-01  1.9e-03  1.7e-01
 234  F 0   2.654e+06  -1e-04  0.98  1.0e-01  3.1e-04  3.3e-02  4.0e-02  1.3e-01  1.7e-03  1.4e-01
 235  T 0   2.653e+06  -1e-04  0.98  1.0e-01  2.1e-04  3.3e-02  3.9e-02  1.3e-01  1.9e-03  1.3e-01
 236  F 0   2.653e+06  -1e-04  0.98  1.0e-01  3.1e-04  2.5e-02  3.2e-02  1.8e-01  1.7e-03  1.8e-01
 237  T 0   2.653e+06  -1e-04  0.98  1.0e-01  2.1e-04  2.5e-02  3.2e-02  1.4e-01  1.9e-03  1.4e-01
 238  F 0   2.653e+06  -1e-04  0.98  1.0e-01  3.0e-04  2.0e-02  2.8e-02  1.8e-01  2.0e-03  1.8e-01
 239  T 0   2.653e+06  -1e-04  0.98  1.0e-01  2.1e-04  1.3e-02  2.3e-02  1.5e-01  2.0e-03  1.5e-01
 240  F 0   2.653e+06  -1e-04  0.98  1.0e-01  3.0e-04  1.6e-02  2.5e-02  1.5e-01  1.9e-03  1.5e-01
 241  T 0   2.652e+06  -1e-04  0.98  1.0e-01  2.1e-04  7.3e-03  2.0e-02  1.4e-01  2.0e-03  1.5e-01
 242  F 0   2.653e+06  -1e-04  0.98  1.0e-01  2.9e-04  6.4e-03  2.0e-02  1.5e-01  1.5e-03  1.5e-01
 243  T 0   2.652e+06  -1e-04  0.98  1.0e-01  2.1e-04  6.1e-03  2.0e-02  1.5e-01  1.5e-03  1.5e-01
 244  F 0   2.652e+06  -1e-04  0.98  1.0e-01  2.9e-04  6.5e-03  2.1e-02  1.4e-01  1.3e-03  1.4e-01
 245  T 0   2.651e+06  -1e-04  0.98  1.0e-01  2.1e-04  1.3e-02  2.3e-02  1.4e-01  1.5e-03  1.4e-01
 246  F 0   2.652e+06  -2e-04  0.98  1.0e-01  2.8e-04  1.1e-02  2.5e-02  1.4e-01  1.5e-03  1.4e-01
 247  T 0   2.651e+06  -1e-04  0.98  1.0e-01  1.9e-04  7.2e-03  2.4e-02  1.4e-01  1.8e-03  1.4e-01
 248  F 0   2.651e+06  -1e-04  0.98  1.0e-01  2.9e-04  1.0e-02  2.3e-02  1.4e-01  2.0e-03  1.4e-01
 249  T 0   2.651e+06  -2e-04  0.98  1.0e-01  1.7e-04  1.1e-02  2.4e-02  1.4e-01  1.5e-03  1.4e-01
 250  F 0   2.651e+06  -2e-04  0.98  1.0e-01  2.9e-04  7.9e-03  2.2e-02  1.5e-01  1.5e-03  1.5e-01
 251  T 0   2.650e+06  -1e-04  0.98  1.0e-01  1.9e-04  1.0e-02  2.3e-02  1.5e-01  1.7e-03  1.5e-01
 252  F 0   2.651e+06  -1e-04  0.98  1.0e-01  3.0e-04  1.0e-02  2.2e-02  1.5e-01  1.3e-03  1.5e-01
 253  T 0   2.650e+06  -8e-05  0.98  1.0e-01  1.9e-04  1.5e-02  2.6e-02  1.4e-01  1.5e-03  1.4e-01
 254  F 0   2.651e+06  -3e-04  0.98  1.0e-01  3.0e-04  2.0e-02  3.3e-02  1.7e-01  1.5e-03  1.7e-01
 255  T 0   2.650e+06  -1e-04  0.98  1.0e-01  1.8e-04  2.5e-02  4.0e-02  2.0e-01  1.6e-03  2.0e-01
 256  F 0   2.650e+06  -1e-04  0.98  1.0e-01  3.1e-04  2.4e-02  3.2e-02  1.6e-01  1.9e-03  1.6e-01
 257  T 0   2.650e+06  -1e-04  0.98  1.0e-01  1.8e-04  6.4e-03  2.0e-02  1.8e-01  1.8e-03  1.8e-01
 258  F 0   2.650e+06  -1e-04  0.98  1.0e-01  3.1e-04  6.1e-03  2.0e-02  1.4e-01  1.5e-03  1.4e-01
 259  T 0   2.649e+06  -1e-04  0.98  1.0e-01  1.8e-04  6.4e-03  2.1e-02  2.0e-01  1.5e-03  2.0e-01
 260  F 0   2.649e+06  -1e-04  0.98  1.0e-01  3.1e-04  7.9e-03  2.0e-02  1.8e-01  1.5e-03  1.9e-01
 261  T 0   2.649e+06  -1e-04  0.98  1.0e-01  1.8e-04  7.6e-03  2.1e-02  2.0e-01  1.6e-03  2.0e-01
 262  F 0   2.649e+06  -1e-04  0.98  1.0e-01  3.1e-04  7.0e-03  2.0e-02  1.4e-01  1.3e-03  1.4e-01
 263  T 0   2.649e+06  -1e-04  0.98  1.0e-01  1.8e-04  1.0e-02  2.1e-02  2.1e-01  1.5e-03  2.1e-01
 264  F 0   2.649e+06  -1e-04  0.98  1.0e-01  3.1e-04  6.5e-03  1.9e-02  1.7e-01  1.5e-03  1.7e-01
 265  T 0   2.648e+06  -1e-04  0.98  1.0e-01  1.8e-04  8.8e-03  2.0e-02  1.9e-01  1.5e-03  2.0e-01
 266  F 0   2.648e+06  -1e-04  0.98  1.0e-01  3.0e-04  6.3e-03  1.9e-02  1.4e-01  1.5e-03  1.5e-01
 267  T 0   2.648e+06  -1e-04  0.98  1.0e-01  1.8e-04  7.4e-03  1.9e-02  1.5e-01  1.6e-03  1.5e-01
 268  F 0   2.648e+06  -1e-04  0.98  1.0e-01  3.0e-04  6.2e-03  1.9e-02  1.5e-01  1.5e-03  1.5e-01
 269  T 0   2.648e+06  -1e-04  0.98  1.0e-01  1.8e-04  1.1e-02  2.1e-02  1.5e-01  1.7e-03  1.5e-01
 270  F 0   2.648e+06  -8e-05  0.98  1.0e-01  3.0e-04  6.3e-03  1.9e-02  1.5e-01  1.7e-03  1.6e-01
 271  T 0   2.647e+06  -1e-04  0.98  1.0e-01  1.8e-04  1.4e-02  2.4e-02  1.6e-01  1.7e-03  1.6e-01
 272  F 0   2.647e+06  -9e-05  0.98  1.0e-01  3.0e-04  6.3e-03  1.8e-02  1.5e-01  1.9e-03  1.5e-01
 273  T 0   2.647e+06  -1e-04  0.98  1.0e-01  2.0e-04  1.9e-02  2.7e-02  1.5e-01  1.9e-03  1.6e-01
 274  F 0   2.647e+06  -1e-04  0.98  1.0e-01  3.1e-04  6.5e-03  2.0e-02  1.4e-01  2.2e-03  1.4e-01
 275  T 0   2.647e+06  -1e-04  0.98  1.0e-01  2.1e-04  1.7e-02  2.5e-02  1.4e-01  2.2e-03  1.4e-01
 276  F 0   2.647e+06  -1e-04  0.98  1.0e-01  3.2e-04  8.4e-03  2.1e-02  1.5e-01  2.2e-03  1.5e-01
 277  T 0   2.646e+06  -1e-04  0.98  1.0e-01  2.2e-04  1.5e-02  2.4e-02  1.5e-01  2.5e-03  1.5e-01
 278  F 0   2.646e+06  -1e-04  0.98  1.0e-01  3.2e-04  8.0e-03  2.1e-02  1.9e-01  1.9e-03  1.9e-01
 279  T 0   2.646e+06  -1e-04  0.98  1.0e-01  2.3e-04  2.3e-02  3.2e-02  1.9e-01  2.9e-03  2.0e-01
 280  F 0   2.646e+06  -1e-04  0.98  1.0e-01  3.2e-04  1.4e-02  2.7e-02  1.7e-01  2.2e-03  1.7e-01
 281  T 0   2.645e+06  -1e-04  0.98  1.0e-01  2.4e-04  1.9e-02  2.9e-02  1.4e-01  2.6e-03  1.4e-01
 282  F 0   2.645e+06  -1e-04  0.98  1.0e-01  3.3e-04  1.7e-02  2.8e-02  1.9e-01  1.9e-03  1.9e-01
 283  T 0   2.645e+06  -1e-04  0.98  1.0e-01  2.5e-04  1.7e-02  2.6e-02  1.8e-01  2.4e-03  1.8e-01
 284  T 0   2.645e+06  -1e-04  0.98  1.0e-01  3.3e-04  1.4e-02  2.4e-02  1.4e-01  2.0e-03  1.5e-01
 285  T 0   2.644e+06  -1e-04  0.98  1.0e-01  2.6e-04  1.2e-02  2.1e-02  1.9e-01  2.4e-03  1.9e-01
 286  T 0   2.644e+06  -1e-04  0.98  1.0e-01  3.3e-04  1.0e-02  2.1e-02  1.4e-01  1.8e-03  1.5e-01
 287  T 0   2.643e+06  -1e-04  0.98  1.0e-01  2.1e-04  6.2e-03  1.6e-02  1.8e-01  1.5e-03  1.8e-01
 288  F 0   2.643e+06  -8e-05  0.99  1.0e-01  3.1e-04  8.7e-03  1.9e-02  1.7e-01  1.5e-03  1.7e-01
 289  T 0   2.643e+06  -1e-04  0.98  1.0e-01  2.2e-04  6.3e-03  1.7e-02  1.5e-01  1.7e-03  1.5e-01
 290  T 0   2.643e+06  -8e-05  0.98  1.0e-01  3.2e-04  1.1e-02  2.0e-02  1.4e-01  1.5e-03  1.4e-01
 291  T 0   2.642e+06  -1e-04  0.98  1.0e-01  2.1e-04  6.4e-03  1.7e-02  1.4e-01  1.5e-03  1.5e-01
 292  F 0   2.642e+06  -9e-05  0.98  1.0e-01  3.1e-04  1.0e-02  1.9e-02  1.5e-01  1.3e-03  1.5e-01
 293  T 0   2.642e+06  -1e-04  0.98  1.0e-01  2.2e-04  6.4e-03  1.7e-02  1.5e-01  1.5e-03  1.5e-01
 294  F 0   2.642e+06  -1e-04  0.98  1.0e-01  3.2e-04  6.5e-03  1.6e-02  2.1e-01  1.6e-03  2.1e-01
 295  T 0   2.642e+06  -1e-04  0.98  1.0e-01  2.3e-04  6.4e-03  1.7e-02  1.4e-01  1.6e-03  1.4e-01
 296  F 0   2.642e+06  -8e-05  0.98  1.0e-01  3.4e-04  8.9e-03  1.8e-02  1.3e-01  1.5e-03  1.4e-01
 297  T 0   2.641e+06  -1e-04  0.98  1.0e-01  2.5e-04  6.5e-03  1.8e-02  1.5e-01  1.3e-03  1.5e-01
 298  F 0   2.644e+06  -8e-05  0.98  1.0e-01  4.6e-04  1.4e-02  2.3e-02  1.9e-01  1.8e-03  1.9e-01
 299  F 0   2.643e+06  -2e-04  0.98  1.0e-01  4.7e-04  1.5e-02  3.2e-02  1.3e-01  1.8e-03  1.4e-01
 300  F 0   2.650e+06  -2e-04  0.98  1.0e-01  6.5e-04  2.8e-02  4.8e-02  1.5e-01  2.0e-03  1.5e-01
 301  F 0   2.646e+06  -5e-04  0.98  1.0e-01  3.5e-04  2.9e-02  5.7e-02  1.6e-01  2.0e-03  1.6e-01
 302  F 0   2.646e+06  -3e-04  0.98  1.0e-01  4.8e-04  2.9e-02  5.0e-02  1.4e-01  1.9e-03  1.4e-01
 303  F 0   2.643e+06  -3e-04  0.98  1.0e-01  1.8e-04  1.2e-02  3.0e-02  1.5e-01  2.0e-03  1.5e-01
 304  F 0   2.641e+06  -1e-04  0.98  1.0e-01  3.5e-04  1.2e-02  2.4e-02  1.6e-01  1.3e-03  1.6e-01
 305  T 0   2.641e+06  -1e-04  0.98  1.0e-01  2.6e-04  6.2e-03  1.8e-02  1.5e-01  2.1e-03  1.5e-01
 306  F 0   2.641e+06  -1e-04  0.98  1.0e-01  2.6e-04  6.7e-03  1.8e-02  2.0e-01  1.5e-03  2.1e-01
 307  T 0   2.640e+06  -1e-04  0.98  1.0e-01  2.5e-04  6.1e-03  1.9e-02  1.9e-01  1.5e-03  2.0e-01
 308  F 0   2.640e+06  -1e-04  0.98  1.0e-01  2.4e-04  6.7e-03  1.7e-02  1.5e-01  1.5e-03  1.6e-01
 309  T 0   2.640e+06  -9e-05  0.98  1.0e-01  2.4e-04  6.2e-03  1.8e-02  2.0e-01  1.5e-03  2.1e-01
 310  F 0   2.640e+06  -1e-04  0.98  1.0e-01  2.4e-04  6.6e-03  1.7e-02  1.9e-01  1.6e-03  1.9e-01
 311  T 0   2.639e+06  -1e-04  0.98  1.0e-01  2.5e-04  8.8e-03  2.0e-02  1.4e-01  1.7e-03  1.4e-01
 312  T 0   2.639e+06  -9e-05  0.98  1.0e-01  2.5e-04  7.9e-03  1.9e-02  1.4e-01  1.7e-03  1.5e-01
 313  T 0   2.639e+06  -1e-04  0.98  1.0e-01  2.3e-04  9.9e-03  2.1e-02  1.4e-01  1.7e-03  1.4e-01
 314  T 0   2.639e+06  -1e-04  0.98  1.0e-01  2.4e-04  6.7e-03  1.8e-02  1.4e-01  1.8e-03  1.5e-01
 315  T 0   2.638e+06  -1e-04  0.98  1.0e-01  2.1e-04  7.8e-03  1.9e-02  1.4e-01  1.7e-03  1.5e-01
 316  T 0   2.638e+06  -9e-05  0.98  1.0e-01  2.3e-04  6.5e-03  1.8e-02  1.4e-01  1.7e-03  1.4e-01
 317  T 0   2.638e+06  -1e-04  0.98  1.0e-01  2.1e-04  9.0e-03  2.0e-02  1.7e-01  2.2e-03  1.7e-01
 318  T 0   2.637e+06  -9e-05  0.98  1.0e-01  2.2e-04  7.9e-03  2.0e-02  1.6e-01  1.8e-03  1.6e-01
 319  T 0   2.636e+06  -1e-04  0.98  1.0e-01  2.0e-04  1.0e-02  2.1e-02  1.4e-01  3.0e-03  1.5e-01
 320  T 0   2.636e+06  -1e-04  0.98  1.0e-01  2.3e-04  7.9e-03  2.0e-02  1.5e-01  1.9e-03  1.6e-01
 321  T 0   2.636e+06  -1e-04  0.98  1.0e-01  1.5e-04  6.4e-03  1.8e-02  1.5e-01  1.6e-03  1.5e-01
 322  F 0   2.636e+06  -1e-04  0.98  1.0e-01  2.5e-04  1.1e-02  1.9e-02  1.5e-01  1.6e-03  1.5e-01
 323  T 0   2.636e+06  -1e-04  0.98  1.0e-01  1.5e-04  8.5e-03  2.0e-02  1.4e-01  1.4e-03  1.4e-01
 324  F 0   2.636e+06  -1e-04  0.98  1.0e-01  2.5e-04  9.5e-03  1.9e-02  2.1e-01  1.5e-03  2.1e-01
 325  T 0   2.635e+06  -1e-04  0.98  1.0e-01  1.4e-04  6.7e-03  1.9e-02  2.2e-01  1.5e-03  2.2e-01
 326  F 0   2.635e+06  -9e-05  0.98  1.0e-01  2.5e-04  5.9e-03  1.7e-02  2.1e-01  1.7e-03  2.1e-01
 327  T 0   2.635e+06  -1e-04  0.98  1.0e-01  1.4e-04  6.0e-03  1.8e-02  1.7e-01  1.8e-03  1.7e-01
 328  F 0   2.635e+06  -1e-04  0.98  1.0e-01  2.6e-04  6.6e-03  1.9e-02  1.6e-01  1.5e-03  1.6e-01
 329  T 0   2.634e+06  -1e-04  0.98  1.0e-01  1.5e-04  8.4e-03  2.0e-02  2.0e-01  1.5e-03  2.0e-01
 330  F 0   2.634e+06  -1e-04  0.98  1.0e-01  2.7e-04  7.9e-03  2.0e-02  1.9e-01  1.5e-03  1.9e-01
 331  T 0   2.634e+06  -1e-04  0.98  1.0e-01  1.6e-04  1.4e-02  2.3e-02  1.7e-01  1.6e-03  1.7e-01
 332  F 0   2.634e+06  -1e-04  0.98  1.0e-01  2.9e-04  1.2e-02  2.3e-02  1.5e-01  1.6e-03  1.5e-01
 333  T 0   2.633e+06  -2e-04  0.98  1.0e-01  1.9e-04  1.2e-02  2.3e-02  1.9e-01  1.5e-03  1.9e-01
 334  T 0   2.633e+06  -1e-04  0.98  1.0e-01  3.1e-04  1.0e-02  2.3e-02  1.4e-01  1.7e-03  1.4e-01
 335  T 0   2.632e+06  -2e-04  0.98  1.0e-01  2.0e-04  6.4e-03  2.0e-02  1.4e-01  1.5e-03  1.4e-01
 336  T 0   2.632e+06  -1e-04  0.98  1.0e-01  3.0e-04  6.4e-03  1.9e-02  1.4e-01  1.6e-03  1.4e-01
 337  T 0   2.631e+06  -1e-04  0.98  1.0e-01  2.0e-04  6.2e-03  2.0e-02  1.4e-01  1.3e-03  1.4e-01
 338  T 0   2.631e+06  -1e-04  0.98  1.0e-01  3.0e-04  7.4e-03  1.9e-02  1.4e-01  1.3e-03  1.4e-01
 339  T 0   2.631e+06  -1e-04  0.98  1.0e-01  2.3e-04  7.6e-03  2.1e-02  1.4e-01  1.3e-03  1.4e-01
 340  T 0   2.630e+06  -1e-04  0.98  1.0e-01  3.1e-04  1.1e-02  2.2e-02  1.6e-01  1.6e-03  1.6e-01
 341  T 0   2.630e+06  -1e-04  0.98  1.0e-01  2.9e-04  1.1e-02  2.3e-02  1.4e-01  1.5e-03  1.4e-01
 342  F 0   2.630e+06  -1e-04  0.98  1.0e-01  3.1e-04  1.0e-02  2.3e-02  1.4e-01  1.5e-03  1.4e-01
 343  T 0   2.629e+06  -1e-04  0.98  1.0e-01  2.6e-04  1.6e-02  2.8e-02  1.4e-01  1.6e-03  1.4e-01
 344  F 0   2.629e+06  -1e-04  0.98  1.0e-01  3.0e-04  6.7e-03  2.1e-02  1.5e-01  1.6e-03  1.5e-01
 345  T 0   2.629e+06  -1e-04  0.98  1.0e-01  2.2e-04  1.3e-02  2.4e-02  1.4e-01  1.5e-03  1.4e-01
 346  T 0   2.628e+06  -1e-04  0.98  1.0e-01  2.9e-04  8.7e-03  2.0e-02  1.5e-01  1.6e-03  1.5e-01
 347  T 0   2.628e+06  -1e-04  0.98  1.0e-01  2.0e-04  1.1e-02  2.2e-02  1.4e-01  1.6e-03  1.4e-01
 348  T 0   2.628e+06  -7e-05  0.98  1.0e-01  2.9e-04  7.3e-03  2.0e-02  1.4e-01  1.5e-03  1.5e-01
 349  T 0   2.627e+06  -1e-04  0.98  1.0e-01  2.1e-04  1.6e-02  2.7e-02  1.4e-01  1.5e-03  1.5e-01
 350  T 0   2.627e+06   3e-05  0.98  1.0e-01  2.9e-04  8.6e-03  2.2e-02  1.5e-01  1.5e-03  1.5e-01
 351  T 0   2.626e+06  -1e-04  0.98  1.0e-01  2.3e-04  2.2e-02  3.8e-02  1.4e-01  1.8e-03  1.4e-01
 352  T 0   2.626e+06  -1e-04  0.98  1.0e-01  3.4e-04  1.6e-02  2.9e-02  1.4e-01  1.8e-03  1.5e-01
 353  T 0   2.626e+06  -2e-04  0.98  1.0e-01  2.7e-04  2.8e-02  4.0e-02  1.5e-01  1.6e-03  1.5e-01
 354  F 0   2.631e+06  -2e-04  0.98  1.0e-01  6.1e-04  3.0e-02  4.7e-02  1.5e-01  1.8e-03  1.5e-01
 355  F 0   2.632e+06  -3e-04  0.98  1.0e-01  6.0e-04  3.2e-02  7.0e-02  1.4e-01  1.3e-03  1.5e-01
 356  F 0   2.637e+06  -5e-04  0.98  1.0e-01  6.5e-04  4.3e-02  8.9e-02  1.5e-01  1.8e-03  1.5e-01
 357  F 0   2.629e+06  -5e-04  0.98  1.0e-01  2.5e-04  2.9e-02  6.7e-02  1.4e-01  1.7e-03  1.5e-01
 358  F 0   2.629e+06  -3e-04  0.98  1.0e-01  3.2e-04  1.7e-02  4.2e-02  1.5e-01  1.8e-03  1.5e-01
 359  F 0   2.626e+06  -2e-04  0.98  1.0e-01  1.5e-04  1.6e-02  3.7e-02  1.4e-01  1.8e-03  1.4e-01
 360  F 0   2.626e+06  -1e-04  0.98  1.0e-01  2.3e-04  2.5e-02  3.4e-02  1.4e-01  1.7e-03  1.4e-01
 361  T 0   2.625e+06  -1e-04  0.98  1.0e-01  1.5e-04  3.0e-02  3.9e-02  1.9e-01  1.7e-03  2.0e-01
 362  T 0   2.625e+06  -8e-05  0.98  1.0e-01  2.3e-04  2.9e-02  3.6e-02  1.6e-01  1.7e-03  1.6e-01
 363  T 0   2.624e+06  -1e-04  0.98  1.0e-01  1.9e-04  3.4e-02  4.2e-02  1.4e-01  1.7e-03  1.4e-01
 364  T 0   2.624e+06  -8e-05  0.98  1.0e-01  2.1e-04  2.4e-02  3.5e-02  1.4e-01  1.7e-03  1.4e-01
 365  T 0   2.624e+06  -1e-04  0.98  1.0e-01  2.1e-04  3.3e-02  4.2e-02  1.4e-01  1.7e-03  1.4e-01
 366  T 0   2.623e+06  -9e-05  0.98  1.0e-01  2.2e-04  2.1e-02  3.6e-02  1.4e-01  1.7e-03  1.5e-01
 367  T 0   2.623e+06  -1e-04  0.98  1.0e-01  1.9e-04  2.8e-02  3.7e-02  1.5e-01  1.7e-03  1.5e-01
 368  T 0   2.623e+06  -9e-05  0.98  1.0e-01  2.1e-04  1.7e-02  3.2e-02  1.4e-01  1.7e-03  1.4e-01
 369  T 0   2.622e+06  -1e-04  0.98  1.0e-01  1.7e-04  2.2e-02  3.3e-02  1.8e-01  1.7e-03  1.8e-01
 370  T 0   2.622e+06  -9e-05  0.98  1.0e-01  2.0e-04  1.4e-02  2.8e-02  1.3e-01  2.0e-03  1.4e-01
 371  T 0   2.621e+06  -9e-05  0.98  1.0e-01  1.3e-04  1.8e-02  3.1e-02  1.3e-01  1.7e-03  1.3e-01
 372  F 0   2.622e+06  -8e-05  0.98  1.0e-01  2.1e-04  1.0e-02  2.6e-02  1.3e-01  1.9e-03  1.4e-01
 373  T 0   2.621e+06  -1e-04  0.98  1.0e-01  1.2e-04  2.0e-02  4.0e-02  1.3e-01  1.9e-03  1.4e-01
 374  F 0   2.621e+06  -6e-05  0.98  1.0e-01  2.1e-04  1.0e-02  2.4e-02  1.4e-01  1.9e-03  1.4e-01
 375  T 0   2.621e+06  -1e-04  0.98  1.0e-01  1.2e-04  9.8e-03  2.4e-02  1.3e-01  1.8e-03  1.4e-01
 376  F 0   2.621e+06  -8e-05  0.98  1.0e-01  2.1e-04  6.0e-03  1.9e-02  1.3e-01  1.7e-03  1.4e-01
 377  T 0   2.620e+06  -1e-04  0.98  1.0e-01  1.2e-04  8.1e-03  2.1e-02  1.4e-01  1.7e-03  1.4e-01
 378  F 0   2.620e+06  -8e-05  0.98  1.0e-01  2.1e-04  7.7e-03  2.0e-02  1.4e-01  1.7e-03  1.4e-01
 379  T 0   2.620e+06  -1e-04  0.98  1.0e-01  1.1e-04  6.0e-03  2.1e-02  1.9e-01  1.8e-03  1.9e-01
 380  F 0   2.620e+06  -8e-05  0.98  1.0e-01  2.2e-04  7.4e-03  1.9e-02  1.4e-01  1.8e-03  1.4e-01
 381  T 0   2.619e+06  -1e-04  0.98  1.0e-01  1.3e-04  6.2e-03  2.2e-02  1.4e-01  1.7e-03  1.4e-01
 382  F 0   2.619e+06  -1e-04  0.98  1.0e-01  2.4e-04  1.1e-02  2.2e-02  1.4e-01  1.7e-03  1.4e-01
 383  T 0   2.619e+06  -1e-04  0.98  1.0e-01  1.5e-04  1.0e-02  2.6e-02  1.3e-01  1.7e-03  1.4e-01
 384  F 0   2.619e+06  -1e-04  0.98  1.0e-01  2.5e-04  9.4e-03  2.4e-02  1.4e-01  1.7e-03  1.4e-01
 385  T 0   2.618e+06  -1e-04  0.98  1.0e-01  1.4e-04  1.1e-02  2.6e-02  1.3e-01  1.7e-03  1.4e-01
 386  F 0   2.618e+06  -9e-05  0.98  1.0e-01  2.4e-04  6.7e-03  1.9e-02  1.7e-01  1.8e-03  1.7e-01
 387  T 0   2.618e+06  -1e-04  0.98  1.0e-01  1.4e-04  6.2e-03  2.0e-02  1.6e-01  1.8e-03  1.6e-01
 388  T 0   2.618e+06  -9e-05  0.98  1.0e-01  2.5e-04  8.3e-03  2.0e-02  1.4e-01  1.8e-03  1.4e-01
 389  T 0   2.617e+06  -1e-04  0.98  1.0e-01  1.5e-04  6.0e-03  2.0e-02  1.6e-01  2.4e-03  1.6e-01
 390  T 0   2.617e+06  -1e-04  0.98  1.0e-01  2.7e-04  1.0e-02  2.4e-02  1.6e-01  1.7e-03  1.6e-01
 391  T 0   2.616e+06  -1e-04  0.98  1.0e-01  1.7e-04  7.0e-03  2.3e-02  1.6e-01  1.7e-03  1.6e-01
 392  T 0   2.616e+06  -1e-04  0.98  1.0e-01  2.8e-04  1.2e-02  2.3e-02  1.8e-01  1.8e-03  1.8e-01
 393  T 0   2.615e+06  -1e-04  0.98  1.0e-01  2.1e-04  6.1e-03  2.2e-02  1.3e-01  1.7e-03  1.3e-01
 394  T 0   2.615e+06  -1e-04  0.98  1.0e-01  3.1e-04  1.7e-02  3.2e-02  1.3e-01  1.7e-03  1.3e-01
 395  T 0   2.614e+06  -1e-04  0.98  1.0e-01  2.9e-04  1.3e-02  3.2e-02  1.3e-01  1.7e-03  1.3e-01
 396  F 0   2.616e+06  -1e-04  0.98  1.0e-01  3.9e-04  1.7e-02  3.2e-02  1.4e-01  1.7e-03  1.4e-01
 397  F 0   2.615e+06  -2e-04  0.98  1.0e-01  3.2e-04  1.7e-02  3.5e-02  1.4e-01  1.7e-03  1.5e-01
 398  F 0   2.621e+06  -1e-04  0.98  1.0e-01  5.1e-04  2.5e-02  4.4e-02  1.9e-01  1.6e-03  1.9e-01
 399  F 0   2.619e+06  -4e-04  0.98  1.0e-01  4.9e-04  2.5e-02  5.8e-02  1.7e-01  1.9e-03  1.7e-01
 400  F 0   2.619e+06  -4e-04  0.98  1.0e-01  4.5e-04  2.0e-02  4.9e-02  1.7e-01  2.2e-03  1.7e-01
 401  F 0   2.616e+06  -3e-04  0.98  1.0e-01  2.5e-04  1.4e-02  3.3e-02  1.7e-01  1.8e-03  1.8e-01
 402  F 0   2.615e+06  -2e-04  0.98  1.0e-01  3.0e-04  7.3e-03  2.7e-02  1.7e-01  2.9e-03  1.7e-01
 403  T 0   2.614e+06  -2e-04  0.98  1.0e-01  1.7e-04  6.3e-03  2.1e-02  1.7e-01  2.0e-03  1.7e-01
 404  T 0   2.613e+06  -7e-05  0.98  1.0e-01  2.2e-04  6.0e-03  1.6e-02  1.6e-01  1.8e-03  1.7e-01
 405  T 0   2.612e+06  -1e-04  0.98  1.0e-01  3.1e-04  7.0e-03  2.1e-02  1.7e-01  2.0e-03  1.7e-01
 406  F 0   2.613e+06  -1e-04  0.98  1.0e-01  3.4e-04  9.1e-03  2.3e-02  1.6e-01  1.8e-03  1.7e-01
 407  T 0   2.612e+06  -2e-04  0.98  1.0e-01  2.5e-04  8.3e-03  2.3e-02  1.6e-01  1.7e-03  1.7e-01
 408  T 0   2.612e+06  -1e-04  0.98  1.0e-01  3.2e-04  7.5e-03  2.0e-02  1.6e-01  2.0e-03  1.7e-01
 409  T 0   2.611e+06  -1e-04  0.98  1.0e-01  2.8e-04  1.1e-02  2.3e-02  1.7e-01  1.7e-03  1.7e-01
 410  F 0   2.611e+06  -1e-04  0.98  1.0e-01  3.5e-04  9.6e-03  2.1e-02  1.7e-01  2.0e-03  1.7e-01
 411  T 0   2.610e+06  -2e-04  0.98  1.0e-01  2.8e-04  1.5e-02  2.7e-02  1.7e-01  1.7e-03  1.7e-01
 412  F 0   2.610e+06  -1e-04  0.98  1.0e-01  3.5e-04  1.4e-02  2.3e-02  1.7e-01  2.0e-03  1.7e-01
 413  T 0   2.610e+06  -1e-04  0.98  1.0e-01  2.6e-04  1.2e-02  2.3e-02  1.6e-01  1.8e-03  1.6e-01
 414  F 0   2.610e+06  -9e-05  0.98  1.0e-01  3.4e-04  1.1e-02  2.1e-02  1.6e-01  1.7e-03  1.6e-01
 415  T 0   2.609e+06  -1e-04  0.98  1.0e-01  2.3e-04  5.2e-03  1.8e-02  1.6e-01  1.8e-03  1.6e-01
 416  T 0   2.609e+06  -8e-05  0.98  1.0e-01  2.2e-04  9.0e-03  1.9e-02  2.0e-01  1.4e-03  2.0e-01
 417  T 0   2.609e+06  -9e-05  0.98  1.0e-01  2.0e-04  5.0e-03  1.6e-02  1.8e-01  1.7e-03  1.8e-01
 418  T 0   2.609e+06  -7e-05  0.98  1.0e-01  2.2e-04  1.2e-02  2.0e-02  2.1e-01  1.4e-03  2.1e-01
 419  T 0   2.609e+06  -1e-04  0.98  1.0e-01  1.9e-04  5.0e-03  1.7e-02  2.1e-01  1.4e-03  2.1e-01
 420  T 0   2.609e+06  -7e-05  0.98  1.0e-01  2.1e-04  1.0e-02  1.8e-02  1.9e-01  1.7e-03  1.9e-01
 421  T 0   2.608e+06  -9e-05  0.98  1.0e-01  1.7e-04  5.1e-03  1.6e-02  2.1e-01  1.7e-03  2.1e-01
 422  T 0   2.608e+06  -4e-05  0.98  1.0e-01  2.1e-04  6.2e-03  1.6e-02  2.2e-01  1.7e-03  2.3e-01
 423  T 0   2.608e+06  -8e-05  0.98  1.0e-01  1.7e-04  5.5e-03  1.6e-02  2.1e-01  2.0e-03  2.1e-01
 424  T 0   2.608e+06  -5e-05  0.98  1.0e-01  2.0e-04  6.1e-03  1.5e-02  1.9e-01  1.8e-03  1.9e-01
 425  T 0   2.608e+06  -8e-05  0.98  1.0e-01  1.7e-04  7.9e-03  1.7e-02  2.7e-01  1.7e-03  2.7e-01
 426  T 0   2.608e+06  -7e-05  0.98  1.0e-01  1.9e-04  6.1e-03  1.6e-02  2.0e-01  1.7e-03  2.0e-01
 427  T 0   2.607e+06  -1e-04  0.98  1.0e-01  1.7e-04  1.2e-02  2.0e-02  1.8e-01  2.0e-03  1.9e-01
 428  T 0   2.607e+06  -8e-05  0.98  1.0e-01  1.9e-04  8.4e-03  1.9e-02  2.1e-01  1.8e-03  2.1e-01
 429  T 0   2.606e+06  -1e-04  0.98  1.0e-01  1.8e-04  1.6e-02  2.4e-02  1.8e-01  2.0e-03  1.8e-01
 430  T 0   2.606e+06  -1e-04  0.98  1.0e-01  1.8e-04  7.6e-03  1.9e-02  1.8e-01  3.7e-03  1.8e-01
 431  T 0   2.606e+06  -8e-05  0.98  1.0e-01  1.2e-04  5.6e-03  1.5e-02  1.7e-01  1.5e-03  1.7e-01
 432  F 0   2.606e+06  -6e-05  0.98  1.0e-01  1.9e-04  5.7e-03  1.5e-02  1.7e-01  1.7e-03  1.7e-01
 433  T 0   2.605e+06  -7e-05  0.98  1.0e-01  1.1e-04  5.4e-03  1.5e-02  1.7e-01  1.7e-03  1.7e-01
 434  F 0   2.606e+06  -7e-05  0.98  1.0e-01  1.9e-04  7.1e-03  1.6e-02  1.6e-01  1.4e-03  1.7e-01
 435  T 0   2.605e+06  -8e-05  0.98  1.0e-01  1.0e-04  5.5e-03  1.5e-02  1.7e-01  1.4e-03  1.7e-01
 436  F 0   2.605e+06  -7e-05  0.98  1.0e-01  1.9e-04  1.0e-02  1.8e-02  1.6e-01  1.5e-03  1.6e-01
 437  T 0   2.605e+06  -9e-05  0.98  1.0e-01  1.0e-04  5.5e-03  1.6e-02  1.7e-01  1.5e-03  1.7e-01
 438  F 0   2.605e+06  -8e-05  0.98  1.0e-01  1.9e-04  8.7e-03  1.8e-02  1.6e-01  1.5e-03  1.7e-01
 439  T 0   2.604e+06  -7e-05  0.98  1.0e-01  1.0e-04  5.6e-03  1.7e-02  1.6e-01  1.7e-03  1.7e-01
 440  F 0   2.605e+06  -9e-05  0.98  1.0e-01  1.9e-04  6.1e-03  1.8e-02  1.6e-01  1.7e-03  1.6e-01
 441  T 0   2.604e+06  -5e-05  0.98  1.0e-01  1.0e-04  5.6e-03  1.7e-02  1.7e-01  1.7e-03  1.7e-01
 442  F 0   2.604e+06  -1e-04  0.98  1.0e-01  2.0e-04  5.4e-03  1.8e-02  2.4e-01  1.7e-03  2.4e-01
 443  T 0   2.604e+06  -7e-05  0.98  1.0e-01  1.3e-04  5.6e-03  1.8e-02  2.1e-01  1.8e-03  2.1e-01
 444  F 0   2.604e+06  -9e-05  0.98  1.0e-01  2.1e-04  7.8e-03  1.9e-02  2.4e-01  1.8e-03  2.4e-01
 445  T 0   2.603e+06  -8e-05  0.98  1.0e-01  1.3e-04  6.0e-03  1.8e-02  1.6e-01  1.7e-03  1.6e-01
 446  F 0   2.603e+06  -9e-05  0.98  1.0e-01  2.3e-04  1.1e-02  2.4e-02  2.0e-01  2.0e-03  2.0e-01
 447  T 0   2.603e+06  -1e-04  0.98  1.0e-01  1.3e-04  7.1e-03  2.0e-02  1.9e-01  2.0e-03  1.9e-01
 448  F 0   2.603e+06  -1e-04  0.98  1.0e-01  2.4e-04  1.5e-02  2.5e-02  1.8e-01  2.0e-03  1.8e-01
 449  T 0   2.602e+06  -1e-04  0.98  1.0e-01  1.4e-04  7.4e-03  2.2e-02  1.8e-01  2.0e-03  1.8e-01
 450  T 0   2.602e+06  -9e-05  0.98  1.0e-01  2.4e-04  1.5e-02  2.3e-02  1.6e-01  2.0e-03  1.6e-01
 451  T 0   2.602e+06  -1e-04  0.98  1.0e-01  1.3e-04  6.9e-03  2.0e-02  1.7e-01  2.0e-03  1.7e-01
 452  T 0   2.602e+06  -7e-05  0.98  1.0e-01  2.3e-04  6.5e-03  1.8e-02  1.6e-01  2.0e-03  1.6e-01
 453  T 0   2.601e+06  -9e-05  0.98  1.0e-01  1.4e-04  6.2e-03  1.8e-02  1.7e-01  2.0e-03  1.7e-01
 454  T 0   2.601e+06  -8e-05  0.98  1.0e-01  2.4e-04  7.7e-03  1.8e-02  2.1e-01  1.7e-03  2.1e-01
 455  T 0   2.601e+06  -1e-04  0.98  1.0e-01  1.8e-04  5.9e-03  1.8e-02  1.5e-01  1.6e-03  1.6e-01
 456  T 0   2.600e+06  -6e-05  0.98  1.0e-01  2.5e-04  8.6e-03  1.9e-02  1.6e-01  1.7e-03  1.7e-01
 457  T 0   2.600e+06  -9e-05  0.98  1.0e-01  1.8e-04  5.8e-03  1.8e-02  1.6e-01  1.7e-03  1.6e-01
 458  T 0   2.600e+06  -6e-05  0.98  1.0e-01  2.0e-04  1.3e-02  2.0e-02  1.6e-01  1.7e-03  1.6e-01
 459  T 0   2.599e+06  -7e-05  0.98  1.0e-01  1.3e-04  6.2e-03  1.6e-02  1.7e-01  1.7e-03  1.7e-01
 460  T 0   2.599e+06  -6e-05  0.98  1.0e-01  2.0e-04  1.0e-02  1.8e-02  1.6e-01  1.7e-03  1.7e-01
 461  T 0   2.599e+06  -5e-05  0.98  1.0e-01  1.3e-04  8.2e-03  1.8e-02  1.6e-01  1.7e-03  1.6e-01
 462  T 0   2.599e+06  -8e-05  0.98  1.0e-01  2.2e-04  8.5e-03  1.9e-02  1.6e-01  1.7e-03  1.6e-01
 463  T 0   2.599e+06  -6e-05  0.98  1.0e-01  1.4e-04  1.1e-02  2.1e-02  1.6e-01  1.7e-03  1.6e-01
 464  F 0   2.599e+06  -8e-05  0.98  1.0e-01  2.4e-04  1.1e-02  2.0e-02  1.6e-01  1.7e-03  1.6e-01
 465  T 0   2.598e+06  -6e-05  0.98  1.0e-01  1.8e-04  1.6e-02  2.5e-02  1.6e-01  1.7e-03  1.6e-01
 466  T 0   2.598e+06  -8e-05  0.98  1.0e-01  2.4e-04  1.0e-02  2.1e-02  1.9e-01  2.0e-03  1.9e-01
 467  T 0   2.598e+06  -8e-05  0.98  1.0e-01  1.6e-04  1.3e-02  2.5e-02  2.2e-01  2.0e-03  2.3e-01
 468  T 0   2.598e+06  -6e-05  0.98  1.0e-01  2.1e-04  8.1e-03  2.0e-02  2.2e-01  2.0e-03  2.2e-01
 469  T 0   2.598e+06  -6e-05  0.98  1.0e-01  1.5e-04  1.7e-02  3.0e-02  1.6e-01  2.2e-03  1.7e-01
 470  T 0   2.598e+06  -6e-05  0.98  1.0e-01  2.2e-04  1.2e-02  2.7e-02  1.6e-01  2.0e-03  1.6e-01
 471  T 0   2.597e+06  -6e-05  0.98  1.0e-01  1.6e-04  1.9e-02  2.9e-02  1.6e-01  2.2e-03  1.6e-01
 472  T 0   2.597e+06  -4e-05  0.98  1.0e-01  2.1e-04  8.2e-03  1.9e-02  2.0e-01  2.0e-03  2.1e-01
 473  T 0   2.597e+06   6e-05  0.98  1.0e-01  1.8e-04  1.2e-02  2.3e-02  1.6e-01  1.6e-03  1.7e-01
 474  T 0   2.597e+06  -4e-05  0.98  1.0e-01  2.0e-04  1.1e-02  2.1e-02  1.8e-01  2.0e-03  1.8e-01
 475  T 0   2.597e+06  -5e-05  0.98  1.0e-01  1.9e-04  9.2e-03  1.8e-02  1.6e-01  1.9e-03  1.6e-01
 476  T 0   2.596e+06  -6e-05  0.98  1.0e-01  2.0e-04  7.3e-03  1.6e-02  1.7e-01  1.7e-03  1.7e-01
 477  T 0   2.596e+06   1e-05  0.98  1.0e-01  2.0e-04  1.4e-02  2.2e-02  1.7e-01  1.7e-03  1.7e-01
 478  T 0   2.596e+06  -4e-05  0.98  1.0e-01  2.0e-04  1.3e-02  2.1e-02  1.8e-01  1.9e-03  1.8e-01
 479  T 0   2.596e+06  -4e-05  0.98  1.0e-01  1.9e-04  1.0e-02  2.1e-02  1.8e-01  1.9e-03  1.8e-01
 480  T 0   2.595e+06  -4e-05  0.99  1.0e-01  6.3e-05  7.6e-03  2.0e-02  2.4e-01  2.0e-03  2.4e-01
 481  T 0   2.595e+06  -4e-05  0.98  1.0e-01  1.3e-04  1.6e-02  2.9e-02  1.8e-01  1.9e-03  1.8e-01
 482  T 0   2.595e+06  -4e-05  0.98  1.0e-01  7.3e-05  1.2e-02  2.7e-02  2.5e-01  2.0e-03  2.5e-01
 483  T 0   2.595e+06  -5e-05  0.98  1.0e-01  1.4e-04  3.1e-02  4.6e-02  1.8e-01  2.1e-03  1.8e-01
 484  F 0   2.595e+06  -6e-05  0.98  1.0e-01  1.4e-04  2.3e-02  4.4e-02  2.2e-01  2.0e-03  2.2e-01
 485  F 0   2.595e+06  -1e-04  0.98  1.0e-01  1.8e-04  6.2e-02  1.0e-01  2.0e-01  2.2e-03  2.1e-01
 486  F 0   2.600e+06  -2e-04  0.98  1.0e-01  3.9e-04  6.6e-02  1.4e-01  2.0e-01  2.5e-03  2.0e-01
 487  F 0   2.603e+06  -5e-04  0.98  1.0e-01  3.9e-04  1.0e-01  2.0e-01  1.9e-01  2.7e-03  1.9e-01
 488  F 0   2.603e+06  -5e-04  0.98  1.0e-01  5.1e-04  1.0e-01  2.0e-01  1.7e-01  2.7e-03  1.7e-01
 489  F 0   2.599e+06  -4e-04  0.98  1.0e-01  1.7e-04  1.0e-01  1.8e-01  1.6e-01  2.9e-03  1.7e-01
 490  F 0   2.598e+06  -2e-04  0.98  1.0e-01  2.4e-04  1.0e-01  1.5e-01  1.6e-01  2.4e-03  1.6e-01
 491  F 0   2.596e+06  -2e-04  0.98  1.0e-01  1.2e-04  9.1e-02  1.1e-01  1.6e-01  2.9e-03  1.7e-01
 492  F 0   2.595e+06  -6e-05  0.98  1.0e-01  1.4e-04  3.0e-02  4.0e-02  1.6e-01  2.2e-03  1.7e-01
 493  T 0   2.595e+06  -7e-05  0.98  1.0e-01  1.2e-04  1.1e-02  1.9e-02  2.0e-01  2.0e-03  2.0e-01
 494  T 0   2.594e+06  -5e-05  0.98  1.0e-01  1.5e-04  8.2e-03  1.8e-02  1.6e-01  1.7e-03  1.6e-01
 495  T 0   2.594e+06  -9e-05  0.98  1.0e-01  1.1e-04  1.0e-02  2.0e-02  1.6e-01  1.4e-03  1.7e-01
 496  T 0   2.594e+06  -6e-05  0.98  1.0e-01  1.5e-04  9.4e-03  2.1e-02  1.9e-01  1.7e-03  1.9e-01
 497  T 0   2.593e+06  -9e-05  0.98  1.0e-01  1.1e-04  1.2e-02  2.3e-02  2.1e-01  1.4e-03  2.2e-01
 498  T 0   2.593e+06  -7e-05  0.98  1.0e-01  1.7e-04  1.2e-02  2.3e-02  2.3e-01  1.6e-03  2.4e-01
 499  T 0   2.593e+06  -1e-04  0.98  1.0e-01  8.4e-05  1.5e-02  2.3e-02  2.0e-01  1.6e-03  2.0e-01
 500  T 0   2.593e+06  -5e-05  0.98  1.0e-01  1.6e-04  9.2e-03  2.0e-02  1.5e-01  1.6e-03  1.5e-01
 501  T 0   2.592e+06  -8e-05  0.98  1.0e-01  7.5e-05  1.4e-02  2.2e-02  1.5e-01  1.4e-03  1.6e-01
 502  T 0   2.592e+06  -5e-05  0.98  1.0e-01  1.5e-04  9.2e-03  1.8e-02  1.6e-01  1.7e-03  1.6e-01
 503  T 0   2.592e+06  -8e-05  0.98  1.0e-01  8.2e-05  1.1e-02  2.1e-02  1.5e-01  1.7e-03  1.6e-01
 504  T 0   2.592e+06  -6e-05  0.98  1.0e-01  1.6e-04  1.1e-02  2.1e-02  1.6e-01  1.4e-03  1.6e-01
 505  T 0   2.591e+06  -7e-05  0.98  1.0e-01  8.4e-05  1.6e-02  2.6e-02  2.4e-01  1.7e-03  2.4e-01
 506  T 0   2.591e+06  -7e-05  0.98  1.0e-01  1.7e-04  1.6e-02  2.5e-02  1.8e-01  1.6e-03  1.8e-01
 507  T 0   2.591e+06  -6e-05  0.98  1.0e-01  9.2e-05  2.0e-02  3.3e-02  1.6e-01  1.6e-03  1.6e-01
 508  T 0   2.591e+06  -1e-04  0.98  1.0e-01  1.9e-04  1.3e-02  3.0e-02  1.4e-01  1.9e-03  1.4e-01
 509  T 0   2.590e+06  -9e-05  0.98  1.0e-01  1.1e-04  2.9e-02  3.9e-02  1.6e-01  2.0e-03  1.6e-01
 510  T 0   2.590e+06  -1e-04  0.98  1.0e-01  2.3e-04  2.3e-02  4.0e-02  1.8e-01  2.0e-03  1.8e-01
 511  T 0   2.590e+06  -1e-04  0.98  1.0e-01  1.6e-04  4.0e-02  4.6e-02  2.1e-01  1.9e-03  2.1e-01
 512  T 0   2.589e+06  -1e-04  0.98  1.0e-01  2.4e-04  1.4e-02  3.3e-02  1.9e-01  2.1e-03  1.9e-01
 513  T 0   2.589e+06  -1e-04  0.98  1.0e-01  1.4e-04  3.1e-02  4.0e-02  1.9e-01  1.9e-03  1.9e-01
 514  T 0   2.588e+06  -9e-05  0.98  1.0e-01  2.1e-04  2.9e-02  3.7e-02  1.7e-01  1.9e-03  1.7e-01
 515  T 0   2.588e+06  -1e-04  0.98  1.0e-01  1.6e-04  2.9e-02  4.4e-02  1.6e-01  1.9e-03  1.6e-01
 516  T 0   2.587e+06  -7e-05  0.98  1.0e-01  1.7e-04  3.6e-02  4.9e-02  1.6e-01  1.9e-03  1.6e-01
 517  T 0   2.587e+06  -6e-05  0.98  1.0e-01  1.0e-04  3.2e-02  5.0e-02  1.8e-01  2.2e-03  1.8e-01
 518  T 0   2.587e+06  -5e-05  0.98  1.0e-01  1.8e-04  1.4e-02  3.0e-02  1.8e-01  2.3e-03  1.8e-01
 519  T 0   2.586e+06  -7e-05  0.98  1.0e-01  1.2e-04  1.9e-02  2.8e-02  2.1e-01  1.9e-03  2.1e-01
 520  T 0   2.586e+06  -6e-05  0.98  1.0e-01  2.0e-04  1.2e-02  2.5e-02  1.6e-01  1.9e-03  1.6e-01
 521  T 0   2.586e+06  -7e-05  0.98  1.0e-01  1.5e-04  1.8e-02  3.1e-02  1.8e-01  2.0e-03  1.8e-01
 522  T 0   2.586e+06  -7e-05  0.98  1.0e-01  2.1e-04  1.7e-02  3.1e-02  1.7e-01  1.9e-03  1.7e-01
 523  T 0   2.585e+06  -7e-05  0.98  1.0e-01  1.5e-04  2.2e-02  3.7e-02  1.7e-01  1.9e-03  1.7e-01
 524  T 0   2.585e+06  -6e-05  0.99  1.0e-01  2.0e-04  2.5e-02  3.8e-02  1.7e-01  2.0e-03  1.7e-01
 525  T 0   2.584e+06  -7e-05  0.98  1.0e-01  1.5e-04  2.2e-02  4.0e-02  1.6e-01  1.9e-03  1.6e-01
 526  T 0   2.584e+06  -7e-05  0.99  1.0e-01  2.3e-04  2.8e-02  4.6e-02  2.0e-01  1.9e-03  2.0e-01
 527  T 0   2.583e+06  -6e-05  0.98  1.0e-01  1.7e-04  2.5e-02  4.1e-02  1.6e-01  1.9e-03  1.7e-01
 528  T 0   2.583e+06  -5e-05  0.99  1.0e-01  9.1e-05  5.0e-02  6.3e-02  2.0e-01  2.0e-03  2.0e-01
 529  T 0   2.582e+06  -6e-05  0.99  1.0e-01  1.4e-04  5.8e-02  7.9e-02  1.6e-01  1.9e-03  1.7e-01
 530  T 0   2.582e+06  -5e-05  0.99  1.0e-01  5.2e-05  1.0e-01  1.1e-01  1.8e-01  2.2e-03  1.8e-01
 531  T 0   2.582e+06  -6e-05  0.99  1.0e-01  1.1e-04  5.7e-02  9.7e-02  2.0e-01  2.3e-03  2.0e-01
 532  T 0   2.582e+06  -4e-05  0.99  1.0e-01  5.6e-05  8.1e-02  9.4e-02  2.1e-01  2.3e-03  2.1e-01
 533  T 0   2.581e+06  -4e-05  0.99  1.0e-01  1.0e-04  3.6e-02  6.2e-02  1.8e-01  1.9e-03  1.8e-01
 534  T 0   2.581e+06  -4e-05  0.98  1.0e-01  6.1e-05  2.8e-02  5.2e-02  1.6e-01  1.9e-03  1.7e-01
 535  T 0   2.581e+06  -5e-05  0.98  1.0e-01  1.0e-04  3.4e-02  6.2e-02  1.6e-01  1.9e-03  1.7e-01
 536  T 0   2.581e+06  -6e-05  0.98  1.0e-01  1.3e-04  3.6e-02  6.9e-02  1.6e-01  1.9e-03  1.6e-01
 537  T 0   2.581e+06  -1e-04  0.98  1.0e-01  1.8e-04  5.7e-02  9.3e-02  1.7e-01  1.9e-03  1.7e-01
 538  F 0   2.585e+06  -2e-04  0.98  1.0e-01  3.4e-04  6.1e-02  1.1e-01  1.8e-01  2.2e-03  1.8e-01
 539  F 0   2.585e+06  -4e-04  0.98  1.0e-01  3.1e-04  7.8e-02  1.6e-01  1.6e-01  1.9e-03  1.6e-01
 540  F 0   2.585e+06  -4e-04  0.98  1.0e-01  3.2e-04  7.0e-02  1.5e-01  1.8e-01  2.9e-03  1.9e-01
 541  F 0   2.582e+06  -4e-04  0.98  1.0e-01  1.2e-04  9.6e-02  1.8e-01  1.8e-01  2.1e-03  1.9e-01
 542  F 0   2.581e+06  -2e-04  0.98  1.0e-01  1.9e-04  9.3e-02  1.5e-01  2.2e-01  2.6e-03  2.2e-01
 543  T 0   2.580e+06  -1e-04  0.98  1.0e-01  9.9e-05  7.9e-02  1.3e-01  1.7e-01  1.9e-03  1.7e-01
 544  T 0   2.579e+06  -7e-05  0.98  1.0e-01  8.8e-05  7.6e-02  9.6e-02  1.5e-01  2.1e-03  1.5e-01
 545  T 0   2.578e+06  -5e-05  0.98  1.0e-01  5.3e-05  5.4e-02  8.1e-02  1.6e-01  2.1e-03  1.6e-01
 546  T 0   2.578e+06  -4e-05  0.98  1.0e-01  1.0e-04  5.0e-02  6.8e-02  1.6e-01  1.9e-03  1.7e-01
 547  T 0   2.578e+06  -6e-05  0.98  1.0e-01  8.2e-05  3.6e-02  6.4e-02  1.6e-01  1.9e-03  1.6e-01
 548  F 0   2.578e+06  -7e-05  0.98  1.0e-01  1.5e-04  2.6e-02  6.1e-02  1.5e-01  1.9e-03  1.6e-01
 549  T 0   2.577e+06  -9e-05  0.98  1.0e-01  8.9e-05  2.9e-02  6.4e-02  1.6e-01  1.9e-03  1.6e-01
 550  T 0   2.577e+06  -7e-05  0.98  1.0e-01  1.5e-04  2.9e-02  6.2e-02  2.1e-01  1.9e-03  2.1e-01
 551  T 0   2.577e+06  -7e-05  0.98  1.0e-01  6.9e-05  3.2e-02  6.1e-02  1.5e-01  1.8e-03  1.5e-01
 552  T 0   2.576e+06  -6e-05  0.98  1.0e-01  1.4e-04  3.3e-02  5.8e-02  2.0e-01  1.8e-03  2.0e-01
 553  T 0   2.576e+06  -7e-05  0.98  1.0e-01  7.8e-05  4.8e-02  7.0e-02  1.5e-01  2.1e-03  1.5e-01
 554  T 0   2.576e+06  -7e-05  0.98  1.0e-01  1.5e-04  4.5e-02  9.7e-02  1.6e-01  2.2e-03  1.6e-01
 555  T 0   2.575e+06  -8e-05  0.98  1.0e-01  7.7e-05  9.8e-02  1.4e-01  1.6e-01  1.9e-03  1.6e-01
 556  T 0   2.575e+06  -7e-05  0.98  1.0e-01  1.5e-04  5.5e-02  1.1e-01  2.0e-01  2.2e-03  2.0e-01
 557  T 0   2.574e+06  -7e-05  0.98  1.0e-01  8.1e-05  3.7e-02  6.6e-02  1.5e-01  1.9e-03  1.5e-01
 558  T 0   2.574e+06  -6e-05  0.98  1.0e-01  1.5e-04  4.4e-02  6.1e-02  1.5e-01  2.0e-03  1.5e-01
 559  T 0   2.573e+06  -2e-05  0.98  1.0e-01  1.0e-04  3.6e-02  5.7e-02  1.9e-01  1.7e-03  1.9e-01
 560  T 0   2.573e+06  -7e-05  0.98  1.0e-01  1.8e-04  4.2e-02  6.8e-02  1.9e-01  1.9e-03  1.9e-01
 561  F 0   2.573e+06  -8e-05  0.98  1.0e-01  1.5e-04  4.0e-02  6.4e-02  2.0e-01  1.4e-03  2.0e-01
 562  T 0   2.573e+06  -1e-04  0.98  1.0e-01  1.8e-04  4.1e-02  7.5e-02  2.1e-01  1.9e-03  2.1e-01
 563  T 0   2.573e+06  -9e-05  0.98  1.0e-01  1.3e-04  4.3e-02  7.5e-02  1.9e-01  1.9e-03  1.9e-01
 564  T 0   2.572e+06  -7e-05  0.98  1.0e-01  1.7e-04  6.9e-02  9.9e-02  2.2e-01  1.9e-03  2.2e-01
 565  T 0   2.572e+06  -8e-05  0.98  1.0e-01  1.1e-04  5.0e-02  1.0e-01  2.2e-01  1.9e-03  2.2e-01
 566  T 0   2.571e+06  -7e-05  0.98  1.0e-01  1.6e-04  9.3e-02  1.4e-01  2.1e-01  2.1e-03  2.2e-01
 567  T 0   2.571e+06  -8e-05  0.98  1.0e-01  1.2e-04  8.4e-02  1.3e-01  1.8e-01  2.1e-03  1.9e-01
 568  T 0   2.570e+06  -6e-05  0.98  1.0e-01  1.7e-04  4.9e-02  9.9e-02  1.5e-01  1.8e-03  1.5e-01
 569  T 0   2.570e+06  -7e-05  0.98  1.0e-01  1.6e-04  3.7e-02  7.2e-02  1.7e-01  2.2e-03  1.8e-01
 570  T 0   2.569e+06  -7e-05  0.98  1.0e-01  2.0e-04  3.2e-02  7.3e-02  1.6e-01  1.9e-03  1.6e-01
 571  T 0   2.569e+06  -8e-05  0.98  1.0e-01  1.6e-04  2.6e-02  6.7e-02  1.7e-01  1.9e-03  1.7e-01
 572  T 0   2.568e+06  -8e-05  0.98  1.0e-01  7.5e-05  4.0e-02  8.2e-02  1.9e-01  1.9e-03  1.9e-01
 573  T 0   2.567e+06  -8e-05  0.98  1.0e-01  1.2e-04  3.6e-02  9.5e-02  1.8e-01  2.0e-03  1.9e-01
 574  F 0   2.568e+06  -1e-04  0.98  1.0e-01  1.7e-04  5.8e-02  1.2e-01  1.8e-01  2.0e-03  1.8e-01
 575  T 0   2.567e+06  -2e-04  0.98  1.0e-01  1.8e-04  6.8e-02  1.4e-01  1.6e-01  2.2e-03  1.7e-01
 576  T 0   2.567e+06  -2e-04  0.98  1.0e-01  2.2e-04  8.8e-02  1.7e-01  1.7e-01  2.1e-03  1.7e-01
 577  T 0   2.565e+06  -2e-04  0.98  1.0e-01  1.1e-04  8.0e-02  2.0e-01  1.8e-01  2.2e-03  1.8e-01
 578  T 0   2.564e+06  -2e-04  0.98  1.0e-01  1.3e-04  1.0e-01  2.4e-01  1.6e-01  2.1e-03  1.6e-01
 579  T 0   2.564e+06  -1e-04  0.98  1.0e-01  1.4e-04  1.0e-01  2.0e-01  1.6e-01  2.7e-03  1.6e-01
 580  F 0   2.566e+06  -2e-04  0.98  1.0e-01  2.9e-04  8.4e-02  1.8e-01  1.6e-01  2.1e-03  1.6e-01
 581  F 0   2.566e+06  -3e-04  0.98  1.0e-01  2.9e-04  5.8e-02  1.1e-01  1.8e-01  2.6e-03  1.8e-01
 582  F 0   2.565e+06  -3e-04  0.98  1.0e-01  2.6e-04  4.7e-02  9.6e-02  1.5e-01  1.9e-03  1.5e-01
 583  T 0   2.564e+06  -2e-04  0.98  1.0e-01  1.3e-04  6.3e-02  1.1e-01  1.6e-01  1.9e-03  1.6e-01
 584  T 0   2.563e+06  -1e-04  0.98  1.0e-01  1.6e-04  6.2e-02  1.0e-01  1.5e-01  1.9e-03  1.6e-01
 585  T 0   2.562e+06  -1e-04  0.98  1.0e-01  1.0e-04  5.3e-02  1.1e-01  1.5e-01  2.2e-03  1.6e-01
 586  T 0   2.562e+06  -6e-05  0.98  1.0e-01  9.6e-05  6.3e-02  9.7e-02  1.6e-01  1.9e-03  1.7e-01
 587  T 0   2.561e+06  -6e-05  0.98  1.0e-01  6.1e-05  5.9e-02  1.2e-01  1.6e-01  2.2e-03  1.7e-01
 588  T 0   2.561e+06  -7e-05  0.98  1.0e-01  1.1e-04  8.9e-02  1.5e-01  1.6e-01  2.2e-03  1.7e-01
 589  T 0   2.560e+06  -8e-05  0.98  1.0e-01  7.5e-05  1.0e-01  1.9e-01  1.6e-01  2.3e-03  1.7e-01
 590  T 0   2.560e+06  -1e-04  0.98  1.0e-01  1.3e-04  1.0e-01  2.3e-01  1.6e-01  2.5e-03  1.7e-01
 591  T 0   2.559e+06  -1e-04  0.98  1.0e-01  9.5e-05  1.0e-01  2.6e-01  1.6e-01  2.3e-03  1.7e-01
 592  T 0   2.559e+06  -1e-04  0.98  1.0e-01  1.4e-04  1.0e-01  1.9e-01  1.6e-01  2.4e-03  1.7e-01
 593  T 0   2.558e+06  -1e-04  0.98  1.0e-01  6.8e-05  9.2e-02  1.6e-01  1.6e-01  2.1e-03  1.7e-01
 594  T 0   2.557e+06  -8e-05  0.98  1.0e-01  1.4e-04  3.9e-02  7.0e-02  1.6e-01  1.9e-03  1.7e-01
 595  T 0   2.557e+06  -7e-05  0.98  1.0e-01  8.6e-05  3.4e-02  6.1e-02  1.6e-01  1.9e-03  1.7e-01
 596  T 0   2.556e+06  -9e-05  0.98  1.0e-01  1.5e-04  3.6e-02  6.4e-02  1.6e-01  1.6e-03  1.6e-01
 597  T 0   2.556e+06  -1e-04  0.98  1.0e-01  1.2e-04  3.6e-02  7.4e-02  1.7e-01  1.9e-03  1.7e-01
 598  T 0   2.556e+06  -1e-04  0.98  1.0e-01  1.6e-04  4.1e-02  8.2e-02  1.5e-01  1.9e-03  1.6e-01
 599  T 0   2.555e+06  -8e-05  0.98  1.0e-01  9.9e-05  4.0e-02  8.4e-02  1.6e-01  2.0e-03  1.6e-01
 600  T 0   2.555e+06  -6e-05  0.98  1.0e-01  1.4e-04  4.5e-02  9.1e-02  1.6e-01  1.9e-03  1.6e-01
 601  T 0   2.554e+06  -6e-05  0.98  1.0e-01  9.1e-05  4.6e-02  9.1e-02  1.6e-01  1.9e-03  1.6e-01
 602  T 0   2.554e+06  -5e-05  0.98  1.0e-01  1.4e-04  5.1e-02  9.4e-02  1.9e-01  2.0e-03  2.0e-01
 603  T 0   2.554e+06  -6e-05  0.98  1.0e-01  9.6e-05  4.6e-02  9.0e-02  1.7e-01  1.9e-03  1.7e-01
 604  T 0   2.553e+06  -7e-05  0.98  1.0e-01  1.5e-04  5.0e-02  8.1e-02  1.5e-01  1.9e-03  1.6e-01
 605  T 0   2.552e+06  -8e-05  0.98  1.0e-01  1.2e-04  4.3e-02  7.9e-02  1.5e-01  1.9e-03  1.6e-01
 606  T 0   2.552e+06  -9e-05  0.98  1.0e-01  2.0e-04  4.0e-02  7.1e-02  2.0e-01  2.2e-03  2.0e-01
 607  T 0   2.551e+06  -9e-05  0.98  1.0e-01  2.0e-04  4.6e-02  8.4e-02  1.5e-01  1.9e-03  1.5e-01
 608  T 0   2.551e+06  -1e-04  0.98  1.0e-01  2.4e-04  8.4e-02  1.4e-01  1.5e-01  2.2e-03  1.5e-01
 609  T 0   2.550e+06  -1e-04  0.98  1.0e-01  1.5e-04  1.0e-01  2.5e-01  2.0e-01  2.2e-03  2.0e-01
 610  T 0   2.550e+06  -2e-04  0.98  1.0e-01  6.3e-05  1.0e-01  2.6e-01  2.3e-01  2.2e-03  2.3e-01
 611  T 0   2.549e+06  -1e-04  0.98  1.0e-01  1.2e-04  1.0e-01  2.3e-01  2.2e-01  2.3e-03  2.2e-01
 612  T 0   2.548e+06  -1e-04  0.98  1.0e-01  2.0e-04  1.0e-01  1.9e-01  2.0e-01  2.1e-03  2.0e-01
 613  T 0   2.547e+06  -1e-04  0.98  1.0e-01  1.5e-04  3.7e-02  8.6e-02  1.5e-01  2.1e-03  1.5e-01
 614  T 0   2.546e+06  -9e-05  0.98  1.0e-01  3.1e-04  1.6e-02  3.9e-02  1.5e-01  1.9e-03  1.5e-01
 615  T 0   2.545e+06  -9e-05  0.98  1.0e-01  2.3e-04  2.0e-02  3.9e-02  1.6e-01  1.6e-03  1.7e-01
 616  T 0   2.540e+06  -2e-04  0.98  1.0e-01  6.7e-04  1.4e-02  4.5e-02  2.0e-01  2.0e-03  2.0e-01
 617  T 0   2.528e+06  -2e-04  0.98  1.0e-01  2.3e-03  1.7e-02  4.7e-02  2.1e-01  1.9e-03  2.1e-01
 618  T 0   2.513e+06  -2e-04  0.98  1.0e-01  7.1e-04  1.8e-02  5.1e-02  1.5e-01  1.9e-03  1.5e-01
 619  T 0   2.507e+06  -2e-04  0.98  1.0e-01  9.4e-04  2.3e-02  5.6e-02  1.6e-01  1.9e-03  1.6e-01
 620  T 0   2.499e+06  -2e-04  0.98  1.0e-01  1.1e-03  2.3e-02  6.2e-02  1.6e-01  1.9e-03  1.6e-01
 621  T 0   2.494e+06  -2e-04  0.98  1.0e-01  3.2e-04  2.6e-02  7.0e-02  1.8e-01  1.9e-03  1.8e-01
 622  T 0   2.489e+06  -2e-04  0.98  1.0e-01  4.8e-04  3.4e-02  7.9e-02  1.6e-01  2.0e-03  1.6e-01
 623  T 0   2.484e+06  -2e-04  0.99  1.0e-01  8.1e-04  3.8e-02  8.4e-02  1.6e-01  2.0e-03  1.7e-01
 624  T 0   2.473e+06  -2e-04  0.99  1.0e-01  1.2e-03  4.0e-02  8.1e-02  1.6e-01  1.9e-03  1.6e-01
 625  T 0   2.469e+06  -1e-04  0.99  1.0e-01  1.9e-04  3.3e-02  7.1e-02  1.6e-01  2.0e-03  1.6e-01
 626  T 0   2.467e+06  -1e-04  0.99  1.0e-01  2.1e-04  4.1e-02  7.7e-02  1.8e-01  1.9e-03  1.9e-01
 627  T 0   2.465e+06  -1e-04  0.99  1.0e-01  2.5e-04  3.2e-02  7.3e-02  1.5e-01  1.9e-03  1.5e-01
 628  T 0   2.463e+06  -1e-04  0.99  1.0e-01  3.4e-04  5.5e-02  9.1e-02  1.6e-01  1.9e-03  1.6e-01
 629  T 0   2.458e+06  -2e-04  0.99  1.0e-01  6.7e-04  4.7e-02  1.2e-01  1.6e-01  2.2e-03  1.6e-01
 630  T 0   2.450e+06  -2e-04  0.99  1.0e-01  1.0e-04  1.0e-01  1.8e-01  2.0e-01  2.2e-03  2.0e-01
 631  T 0   2.447e+06  -3e-04  0.99  1.0e-01  1.0e-04  8.9e-02  2.1e-01  1.6e-01  2.2e-03  1.6e-01
 632  T 0   2.443e+06  -4e-04  0.99  1.0e-01  8.5e-05  1.0e-01  2.1e-01  1.6e-01  2.2e-03  1.6e-01
 633  T 0   2.439e+06  -2e-04  0.99  1.0e-01  8.9e-05  6.6e-02  1.2e-01  1.6e-01  2.3e-03  1.7e-01
 634  T 0   2.437e+06  -2e-04  0.99  1.0e-01  1.6e-04  7.6e-02  1.1e-01  1.6e-01  2.1e-03  1.6e-01
 635  T 0   2.432e+06  -2e-04  0.99  1.0e-01  4.5e-04  7.7e-02  1.1e-01  1.6e-01  1.9e-03  1.6e-01
 636  T 0   2.428e+06   3e-06  0.99  1.0e-01  1.5e-04  8.1e-02  1.1e-01  2.1e-01  1.7e-03  2.2e-01
 637  T 0   2.423e+06  -1e-04  0.99  1.0e-01  1.4e-04  6.3e-02  1.1e-01  1.6e-01  1.9e-03  1.7e-01
 638  T 0   2.421e+06  -1e-04  0.99  1.0e-01  4.7e-05  1.0e-01  1.4e-01  1.7e-01  1.9e-03  1.8e-01
 639  F 0   2.422e+06  -2e-04  0.99  1.0e-01  8.1e-05  1.0e-01  1.9e-01  1.5e-01  2.2e-03  1.5e-01
 640  T 0   2.419e+06  -2e-04  0.99  1.0e-01  5.3e-05  1.0e-01  2.1e-01  1.6e-01  2.2e-03  1.6e-01
 641  F 0   2.419e+06  -9e-05  0.99  1.0e-01  3.9e-05  6.2e-02  1.2e-01  2.0e-01  2.7e-03  2.0e-01
 642  T 0   2.418e+06  -1e-04  0.99  1.0e-01  2.6e-05  7.1e-02  9.4e-02  1.5e-01  2.1e-03  1.5e-01
 643  T 0   2.417e+06  -3e-05  0.99  1.0e-01  1.5e-04  3.6e-02  4.6e-02  1.6e-01  1.9e-03  1.6e-01
 644  T 0   2.415e+06  -1e-05  0.99  1.0e-01  7.6e-05  2.2e-02  3.8e-02  1.6e-01  1.6e-03  1.6e-01
 645  T 0   2.413e+06  -5e-05  0.99  1.0e-01  1.4e-04  3.0e-02  4.5e-02  1.9e-01  1.9e-03  2.0e-01
 646  T 0   2.413e+06  -2e-05  0.99  1.0e-01  2.4e-06  1.3e-02  3.0e-02  1.5e-01  1.9e-03  1.5e-01
 647  T 0   2.413e+06   3e-05  0.99  1.0e-01  2.5e-06  1.5e-02  2.7e-02  1.7e-01  1.6e-03  1.7e-01
 648  F 0   2.413e+06  -2e-05  0.99  1.0e-01  2.7e-06  1.7e-02  3.0e-02  1.6e-01  1.8e-03  1.6e-01
 649  F 0   2.413e+06  -6e-05  0.99  1.0e-01  2.5e-06  2.1e-02  3.3e-02  1.6e-01  1.7e-03  1.6e-01
 650  T 0   2.413e+06  -3e-06  0.99  1.0e-01  2.3e-06  1.7e-02  3.3e-02  2.0e-01  1.9e-03  2.0e-01
 651  T 0   2.413e+06  -5e-06  0.99  1.0e-01  2.9e-06  2.5e-02  4.0e-02  1.6e-01  2.0e-03  1.6e-01
 652  T 0   2.413e+06  -1e-05  0.99  1.0e-01  2.3e-06  3.1e-02  4.7e-02  1.6e-01  1.9e-03  1.6e-01
 653  T 0   2.413e+06  -4e-06  0.99  1.0e-01  2.6e-06  2.4e-02  4.7e-02  1.6e-01  2.0e-03  1.6e-01
 654  T 0   2.412e+06  -4e-06  0.99  1.0e-01  2.5e-06  3.2e-02  5.4e-02  1.6e-01  2.0e-03  1.6e-01
 655  T 0   2.412e+06  -5e-06  0.99  1.0e-01  2.5e-06  3.5e-02  6.0e-02  1.9e-01  1.9e-03  1.9e-01
 656  T 0   2.412e+06  -5e-06  0.99  1.0e-01  2.4e-06  4.0e-02  6.7e-02  1.5e-01  1.9e-03  1.5e-01
 657  T 0   2.412e+06  -1e-05  0.99  1.0e-01  2.6e-06  3.7e-02  7.4e-02  1.5e-01  1.4e-03  1.5e-01
 658  T 0   2.412e+06  -6e-06  0.99  1.0e-01  1.9e-06  4.8e-02  8.5e-02  1.9e-01  2.1e-03  1.9e-01
 659  T 0   2.412e+06  -7e-06  0.99  1.0e-01  3.5e-06  5.9e-02  1.0e-01  1.5e-01  2.1e-03  1.5e-01
 660  F 0   2.412e+06  -2e-05  0.99  1.0e-01  3.7e-06  1.0e-01  1.6e-01  1.6e-01  2.1e-03  1.7e-01
 661  F 0   2.412e+06  -4e-05  0.99  1.0e-01  8.2e-06  1.0e-01  2.4e-01  1.7e-01  2.3e-03  1.7e-01
 662  F 0   2.413e+06  -9e-05  0.99  1.0e-01  1.3e-05  1.0e-01  3.1e-01  1.6e-01  2.6e-03  1.7e-01
 663  F 0   2.413e+06  -2e-04  0.99  1.0e-01  1.2e-05  1.0e-01  3.3e-01  1.6e-01  2.6e-03  1.7e-01
 664  F 0   2.414e+06  -2e-04  0.98  1.0e-01  1.7e-05  1.0e-01  3.3e-01  1.6e-01  2.6e-03  1.7e-01
 665  F 0   2.413e+06  -2e-04  0.99  1.0e-01  1.3e-05  1.0e-01  3.3e-01  1.5e-01  2.9e-03  1.6e-01
 666  F 0   2.413e+06  -1e-04  0.98  1.0e-01  1.1e-05  1.0e-01  2.4e-01  1.8e-01  2.7e-03  1.9e-01
 667  T 0   2.412e+06  -5e-05  0.99  1.0e-01  5.3e-06  1.0e-01  1.4e-01  1.5e-01  2.6e-03  1.5e-01
 668  T 0   2.412e+06  -5e-06  0.99  1.0e-01  1.7e-06  1.7e-02  3.2e-02  1.5e-01  2.1e-03  1.6e-01
 669  T 0   2.412e+06   6e-07  0.99  1.0e-01  1.7e-06  1.3e-02  1.8e-02  1.8e-01  2.0e-03  1.8e-01
 670  T 0   2.412e+06   6e-06  0.99  1.0e-01  1.4e-06  1.2e-02  1.7e-02  1.5e-01  1.6e-03  1.5e-01
 671  T 0   2.412e+06  -3e-06  0.99  1.0e-01  1.2e-06  1.2e-02  1.7e-02  1.6e-01  1.7e-03  1.6e-01
 672  T 0   2.412e+06  -1e-06  0.99  1.0e-01  1.1e-06  1.3e-02  1.8e-02  1.5e-01  1.7e-03  1.6e-01
 673  T 0   2.412e+06   2e-07  0.99  1.0e-01  1.1e-06  1.4e-02  2.0e-02  2.1e-01  1.8e-03  2.1e-01
 674  T 0   2.412e+06   5e-06  0.99  1.0e-01  1.1e-06  1.6e-02  2.3e-02  1.5e-01  1.6e-03  1.5e-01
 675  T 0   2.412e+06   5e-06  0.99  1.0e-01  1.1e-06  1.8e-02  2.6e-02  1.5e-01  1.7e-03  1.5e-01
 676  T 0   2.412e+06  -9e-06  0.99  1.0e-01  1.2e-06  2.0e-02  3.0e-02  1.6e-01  1.5e-03  1.7e-01
 677  T 0   2.412e+06  -2e-06  0.99  1.0e-01  1.2e-06  2.5e-02  3.7e-02  1.7e-01  1.9e-03  1.7e-01
 678  T 0   2.412e+06  -3e-06  0.99  1.0e-01  1.2e-06  2.8e-02  4.2e-02  2.1e-01  1.9e-03  2.2e-01
 679  T 0   2.412e+06  -3e-06  0.99  1.0e-01  1.2e-06  3.2e-02  4.8e-02  1.6e-01  1.9e-03  1.6e-01
 680  T 0   2.412e+06  -3e-06  0.99  1.0e-01  1.3e-06  3.4e-02  5.4e-02  1.5e-01  1.9e-03  1.5e-01
 681  T 0   2.412e+06  -3e-06  0.99  1.0e-01  1.2e-06  3.5e-02  5.4e-02  1.6e-01  1.9e-03  1.6e-01
 682  T 0   2.412e+06  -5e-06  0.99  1.0e-01  1.2e-06  2.3e-02  4.5e-02  1.6e-01  1.4e-03  1.6e-01
 683  T 0   2.412e+06  -6e-06  0.99  1.0e-01  1.5e-06  1.8e-02  4.3e-02  1.5e-01  2.0e-03  1.6e-01
 684  T 0   2.412e+06   2e-07  0.99  1.0e-01  1.2e-06  2.4e-02  4.8e-02  1.9e-01  1.9e-03  1.9e-01
 685  T 0   2.412e+06  -2e-06  0.99  1.0e-01  1.9e-06  2.3e-02  4.7e-02  1.6e-01  2.2e-03  1.6e-01
 686  T 0   2.412e+06   2e-06  0.99  1.0e-01  1.3e-06  4.8e-02  7.1e-02  1.7e-01  1.9e-03  1.7e-01
 687  F 0   2.412e+06  -8e-06  0.99  1.0e-01  3.1e-06  4.5e-02  8.3e-02  2.0e-01  2.2e-03  2.0e-01
 688  T 0   2.412e+06   1e-06  0.99  1.0e-01  2.6e-06  1.0e-01  1.3e-01  1.9e-01  2.1e-03  1.9e-01
 689  F 0   2.412e+06  -3e-05  0.99  1.0e-01  3.7e-06  8.0e-02  1.3e-01  1.8e-01  2.1e-03  1.9e-01
 690  T 0   2.411e+06  -2e-05  0.99  1.0e-01  2.0e-06  6.4e-02  8.9e-02  1.9e-01  2.1e-03  2.0e-01
 691  T 0   2.411e+06  -5e-07  0.99  1.0e-01  1.3e-06  2.1e-02  3.3e-02  2.1e-01  1.9e-03  2.1e-01
 692  T 0   2.411e+06  -1e-06  0.99  1.0e-01  9.0e-07  9.8e-03  1.6e-02  1.5e-01  1.9e-03  1.5e-01
 693  T 0   2.411e+06  -1e-06  0.99  1.0e-01  8.7e-07  9.9e-03  1.8e-02  1.5e-01  1.9e-03  1.6e-01
 694  T 0   2.411e+06  -1e-06  0.99  1.0e-01  8.8e-07  1.1e-02  2.0e-02  1.6e-01  1.9e-03  1.6e-01
 695  T 0   2.411e+06  -1e-06  0.99  1.0e-01  8.9e-07  1.3e-02  2.3e-02  1.6e-01  1.9e-03  1.6e-01
 696  T 0   2.411e+06  -1e-06  0.99  1.0e-01  9.0e-07  1.6e-02  2.7e-02  1.8e-01  2.0e-03  1.8e-01
 697  T 0   2.411e+06  -1e-06  0.99  1.0e-01  9.1e-07  2.0e-02  3.0e-02  1.7e-01  1.9e-03  1.7e-01
 698  T 0   2.411e+06  -1e-06  0.99  1.0e-01  8.9e-07  2.4e-02  3.2e-02  1.6e-01  1.9e-03  1.7e-01
 699  T 0   2.411e+06   5e-06  0.99  1.0e-01  9.0e-07  3.2e-02  3.8e-02  1.6e-01  1.4e-03  1.6e-01
 700  T 0   2.411e+06  -2e-06  0.99  1.0e-01  9.0e-07  3.8e-02  4.3e-02  1.6e-01  1.9e-03  1.6e-01
 701  T 0   2.411e+06  -2e-06  0.99  1.0e-01  9.2e-07  4.8e-02  5.3e-02  1.6e-01  2.0e-03  1.6e-01
 702  T 0   2.411e+06  -3e-06  0.99  1.0e-01  9.0e-07  5.2e-02  5.8e-02  1.6e-01  2.1e-03  1.7e-01
 703  T 0   2.411e+06  -3e-06  0.99  1.0e-01  9.1e-07  6.0e-02  6.6e-02  1.5e-01  2.0e-03  1.6e-01
 704  T 0   2.411e+06  -3e-06  0.99  1.0e-01  7.3e-07  4.7e-02  5.7e-02  1.5e-01  1.9e-03  1.6e-01
 705  T 0   2.411e+06  -6e-07  0.99  1.0e-01  8.1e-07  6.3e-02  7.4e-02  1.6e-01  1.9e-03  1.6e-01
 706  T 0   2.411e+06  -5e-06  0.99  1.0e-01  9.8e-07  3.3e-02  5.7e-02  2.1e-01  2.0e-03  2.1e-01
 707  T 0   2.411e+06  -1e-05  0.99  1.0e-01  7.0e-07  6.3e-02  8.2e-02  1.5e-01  1.9e-03  1.5e-01
 708  T 0   2.411e+06  -1e-05  0.99  1.0e-01  9.6e-07  3.3e-02  6.3e-02  1.5e-01  1.8e-03  1.5e-01
 709  T 0   2.411e+06  -3e-06  0.99  1.0e-01  5.7e-07  4.7e-02  7.7e-02  1.7e-01  2.1e-03  1.7e-01
 710  T 0   2.411e+06  -3e-06  0.99  1.0e-01  7.7e-07  3.5e-02  6.0e-02  1.5e-01  1.9e-03  1.5e-01
 711  T 0   2.411e+06  -2e-06  0.99  1.0e-01  5.9e-07  3.9e-02  6.0e-02  1.8e-01  1.9e-03  1.8e-01
 712  T 0   2.411e+06  -5e-06  0.99  1.0e-01  6.4e-07  3.9e-02  6.2e-02  1.5e-01  1.4e-03  1.5e-01
 713  T 0   2.411e+06   1e-07  0.99  1.0e-01  6.1e-07  4.2e-02  6.3e-02  1.6e-01  1.5e-03  1.6e-01
 714  T 0   2.411e+06  -2e-06  0.99  1.0e-01  5.9e-07  4.4e-02  6.7e-02  1.6e-01  1.9e-03  1.7e-01
 715  T 0   2.411e+06  -1e-06  0.99  1.0e-01  5.5e-07  4.4e-02  6.5e-02  1.6e-01  1.9e-03  1.7e-01
 716  T 0   2.411e+06  -2e-06  0.99  1.0e-01  5.2e-07  4.5e-02  6.4e-02  1.7e-01  1.9e-03  1.8e-01
 717  T 0   2.411e+06  -2e-06  0.99  1.0e-01  4.5e-07  4.3e-02  6.2e-02  1.6e-01  1.9e-03  1.6e-01
 718  T 0   2.411e+06  -2e-06  0.99  1.0e-01  4.7e-07  3.8e-02  6.1e-02  1.6e-01  2.1e-03  1.6e-01
 719  T 0   2.411e+06  -2e-06  0.99  1.0e-01  4.4e-07  3.6e-02  5.9e-02  1.6e-01  2.0e-03  1.6e-01
 720  T 0   2.411e+06  -2e-06  0.99  1.0e-01  8.2e-07  3.9e-02  7.7e-02  1.6e-01  1.9e-03  1.6e-01
 721  F 0   2.411e+06  -7e-06  0.99  1.0e-01  1.7e-06  6.0e-02  1.2e-01  1.5e-01  1.9e-03  1.6e-01
 722  F 0   2.411e+06  -3e-05  0.99  1.0e-01  3.3e-06  1.0e-01  1.9e-01  1.6e-01  2.0e-03  1.6e-01
 723  F 0   2.411e+06  -2e-05  0.99  1.0e-01  2.9e-06  9.3e-02  1.8e-01  1.6e-01  1.9e-03  1.6e-01
 724  T 0   2.411e+06  -4e-06  0.99  1.0e-01  3.1e-06  6.3e-02  1.1e-01  1.8e-01  2.2e-03  1.8e-01
 725  T 0   2.411e+06  -3e-06  0.99  1.0e-01  1.4e-06  2.4e-02  4.9e-02  1.5e-01  1.9e-03  1.5e-01
 726  T 0   2.411e+06  -6e-07  0.99  1.0e-01  4.2e-07  9.2e-03  1.8e-02  1.6e-01  1.9e-03  1.6e-01
 727  T 0   2.411e+06   1e-07  0.99  1.0e-01  4.2e-07  8.4e-03  1.4e-02  1.6e-01  1.4e-03  1.6e-01
 728  T 0   2.411e+06   4e-07  0.99  1.0e-01  4.1e-07  9.8e-03  1.6e-02  1.6e-01  1.4e-03  1.6e-01
 729  T 0   2.411e+06  -2e-06  0.99  1.0e-01  4.0e-07  1.1e-02  1.9e-02  1.6e-01  1.4e-03  1.6e-01
 730  T 0   2.411e+06  -6e-06  0.99  1.0e-01  3.9e-07  1.3e-02  2.2e-02  1.7e-01  1.4e-03  1.7e-01
 731  T 0   2.411e+06  -7e-06  0.99  1.0e-01  3.9e-07  1.3e-02  2.4e-02  1.5e-01  1.4e-03  1.5e-01
 732  T 0   2.411e+06  -6e-07  0.99  1.0e-01  3.9e-07  1.5e-02  2.4e-02  1.7e-01  2.0e-03  1.8e-01
 733  T 0   2.411e+06  -6e-07  0.99  1.0e-01  3.9e-07  1.7e-02  2.7e-02  1.6e-01  2.0e-03  1.6e-01
 734  T 0   2.411e+06  -7e-07  0.99  1.0e-01  3.7e-07  1.7e-02  3.0e-02  1.6e-01  1.9e-03  1.7e-01
 735  T 0   2.411e+06   8e-06  0.99  1.0e-01  3.6e-07  1.7e-02  3.3e-02  1.7e-01  1.5e-03  1.7e-01
 736  F 0   2.411e+06  -8e-07  0.99  1.0e-01  3.4e-07  1.8e-02  3.7e-02  1.6e-01  2.0e-03  1.6e-01
 737  T 0   2.411e+06  -9e-07  0.99  1.0e-01  3.2e-07  2.0e-02  4.1e-02  1.6e-01  2.0e-03  1.7e-01
 738  T 0   2.411e+06  -1e-06  0.99  1.0e-01  3.2e-07  2.2e-02  4.5e-02  1.7e-01  2.0e-03  1.7e-01
 739  T 0   2.411e+06  -1e-06  0.99  1.0e-01  3.3e-07  2.6e-02  4.9e-02  1.7e-01  2.0e-03  1.7e-01
 740  T 0   2.411e+06  -2e-06  0.99  1.0e-01  4.9e-07  2.6e-02  5.7e-02  1.7e-01  2.0e-03  1.7e-01
 741  F 0   2.411e+06  -3e-06  0.99  1.0e-01  1.2e-06  4.3e-02  8.7e-02  1.7e-01  2.0e-03  1.7e-01
 742  F 0   2.411e+06  -1e-05  0.99  1.0e-01  2.1e-06  6.7e-02  1.5e-01  1.6e-01  1.9e-03  1.6e-01
 743  F 0   2.411e+06  -3e-05  0.99  1.0e-01  3.3e-06  7.7e-02  1.8e-01  1.6e-01  2.2e-03  1.6e-01
 744  F 0   2.411e+06  -3e-05  0.99  1.0e-01  4.2e-06  6.7e-02  1.5e-01  2.2e-01  2.2e-03  2.3e-01
 745  T 0   2.411e+06  -1e-05  0.99  1.0e-01  2.0e-06  4.8e-02  1.0e-01  1.9e-01  2.2e-03  1.9e-01
 746  T 0   2.411e+06  -5e-06  0.99  1.0e-01  7.0e-07  2.9e-02  4.0e-02  1.8e-01  2.1e-03  1.8e-01
 747  T 0   2.411e+06  -7e-09  0.99  1.0e-01  5.2e-07  1.1e-02  2.0e-02  1.7e-01  2.0e-03  1.7e-01
 748  T 0   2.411e+06  -3e-07  0.99  1.0e-01  3.8e-07  1.2e-02  2.1e-02  2.0e-01  2.1e-03  2.0e-01
 749  F 0   2.411e+06  -6e-06  0.99  1.0e-01  3.6e-07  1.4e-02  2.3e-02  1.7e-01  1.4e-03  1.7e-01
 750  F 0   2.411e+06  -8e-06  0.99  1.0e-01  3.4e-07  1.4e-02  2.4e-02  1.6e-01  1.4e-03  1.6e-01
 751  T 0   2.411e+06  -2e-06  0.99  1.0e-01  3.2e-07  1.4e-02  2.5e-02  1.6e-01  1.5e-03  1.7e-01
 752  T 0   2.411e+06  -8e-07  0.99  1.0e-01  3.1e-07  1.3e-02  2.4e-02  1.6e-01  1.4e-03  1.6e-01
 753  T 0   2.411e+06   7e-06  0.99  1.0e-01  3.0e-07  1.1e-02  2.4e-02  1.6e-01  1.4e-03  1.6e-01
 754  F 0   2.411e+06  -3e-07  0.99  1.0e-01  2.9e-07  1.2e-02  2.5e-02  1.8e-01  1.9e-03  1.8e-01
 755  F 0   2.411e+06  -3e-07  0.99  1.0e-01  2.8e-07  9.9e-03  2.5e-02  1.7e-01  1.9e-03  1.8e-01
 756  T 0   2.411e+06  -3e-07  0.99  1.0e-01  2.7e-07  1.0e-02  2.5e-02  2.1e-01  2.1e-03  2.1e-01
 757  T 0   2.411e+06  -3e-07  0.99  1.0e-01  2.6e-07  1.1e-02  2.5e-02  2.3e-01  2.1e-03  2.3e-01
 758  T 0   2.411e+06  -3e-07  0.99  1.0e-01  2.6e-07  1.2e-02  2.5e-02  2.5e-01  2.1e-03  2.5e-01
 759  T 0   2.411e+06  -3e-07  0.99  1.0e-01  2.7e-07  1.3e-02  2.5e-02  2.0e-01  2.0e-03  2.0e-01
 760  T 0   2.411e+06   5e-06  0.99  1.0e-01  2.7e-07  1.3e-02  2.5e-02  1.5e-01  1.5e-03  1.5e-01
 761  F 0   2.411e+06  -2e-07  0.99  1.0e-01  2.6e-07  1.2e-02  2.4e-02  1.6e-01  1.9e-03  1.7e-01
 762  F 0   2.411e+06  -3e-07  0.99  1.0e-01  3.0e-07  1.2e-02  2.2e-02  1.6e-01  1.9e-03  1.6e-01
 763  F 0   2.411e+06   4e-07  0.99  1.0e-01  4.1e-07  1.5e-02  3.1e-02  1.9e-01  1.4e-03  2.0e-01
 764  F 0   2.411e+06  -7e-06  0.99  1.0e-01  1.2e-06  2.5e-02  5.6e-02  1.5e-01  1.9e-03  1.5e-01
 765  F 0   2.411e+06  -1e-05  0.99  1.0e-01  2.0e-06  5.5e-02  1.3e-01  1.8e-01  2.2e-03  1.8e-01
 766  F 0   2.411e+06  -2e-05  0.99  1.0e-01  2.3e-06  6.9e-02  1.6e-01  1.6e-01  2.1e-03  1.6e-01
 767  F 0   2.411e+06  -3e-05  0.99  1.0e-01  3.4e-06  5.5e-02  1.3e-01  1.6e-01  2.2e-03  1.7e-01
 768  F 0   2.411e+06  -8e-06  0.99  1.0e-01  9.7e-07  3.3e-02  7.3e-02  1.6e-01  2.1e-03  1.6e-01
 769  F 0   2.411e+06  -6e-06  0.99  1.0e-01  7.2e-07  3.5e-02  3.8e-02  1.6e-01  1.9e-03  1.6e-01
 770  F 0   2.411e+06  -5e-06  0.99  1.0e-01  2.8e-07  1.0e-02  1.1e-02  1.5e-01  2.0e-03  1.6e-01
 771  T 0   2.411e+06  -5e-08  0.99  1.0e-01  2.6e-07  1.3e-03  3.6e-03  1.5e-01  1.9e-03  1.6e-01
 772  T 0   2.411e+06   3e-06  0.99  1.0e-01  2.2e-07  1.5e-03  3.8e-03  1.8e-01  1.4e-03  1.8e-01
 773  T 0   2.411e+06   8e-06  0.99  1.0e-01  2.2e-07  1.6e-03  3.9e-03  1.8e-01  1.4e-03  1.8e-01
 774  F 0   2.411e+06  -4e-08  0.99  1.0e-01  2.1e-07  2.2e-03  4.9e-03  2.3e-01  1.9e-03  2.3e-01
 775  F 0   2.411e+06   2e-06  0.99  1.0e-01  2.1e-07  2.5e-03  5.4e-03  2.1e-01  1.3e-03  2.1e-01
 776  T 0   2.411e+06   9e-06  0.99  1.0e-01  2.1e-07  3.0e-03  6.0e-03  1.5e-01  1.4e-03  1.5e-01
 777  F 0   2.411e+06  -6e-08  0.99  1.0e-01  2.0e-07  4.0e-03  7.3e-03  1.5e-01  1.9e-03  1.5e-01
 778  F 0   2.411e+06   7e-06  0.99  1.0e-01  2.0e-07  4.5e-03  8.0e-03  1.6e-01  1.4e-03  1.6e-01
 779  F 0   2.411e+06  -7e-08  0.99  1.0e-01  1.9e-07  4.6e-03  8.6e-03  1.6e-01  1.9e-03  1.6e-01
 780  F 0   2.411e+06  -7e-08  0.99  1.0e-01  1.8e-07  4.9e-03  9.5e-03  1.6e-01  1.9e-03  1.6e-01
 781  F 0   2.411e+06   2e-07  0.99  1.0e-01  1.8e-07  4.7e-03  9.4e-03  1.6e-01  1.4e-03  1.6e-01
 782  F 0   2.411e+06  -8e-08  0.99  1.0e-01  1.6e-07  5.1e-03  1.1e-02  1.9e-01  1.9e-03  1.9e-01
 783  F 0   2.411e+06  -1e-05  0.99  1.0e-01  1.7e-07  5.3e-03  1.1e-02  1.7e-01  1.4e-03  1.7e-01
 784  F 0   2.411e+06   4e-07  0.99  1.0e-01  1.4e-07  6.2e-03  1.3e-02  2.0e-01  2.0e-03  2.0e-01
 785  F 0   2.411e+06  -9e-07  0.99  1.0e-01  2.2e-07  6.5e-03  1.5e-02  1.9e-01  2.0e-03  1.9e-01
 786  F 0   2.411e+06  -3e-06  0.99  1.0e-01  2.6e-07  1.2e-02  2.3e-02  1.7e-01  2.0e-03  1.8e-01
 787  F 0   2.411e+06  -1e-06  0.99  1.0e-01  2.2e-07  1.3e-02  2.5e-02  1.9e-01  2.0e-03  1.9e-01
 788  F 0   2.411e+06  -4e-06  0.99  1.0e-01  1.8e-07  1.5e-02  2.4e-02  1.7e-01  1.9e-03  1.7e-01
 789  F 0   2.411e+06   9e-08  0.99  1.0e-01  1.3e-07  6.7e-03  1.1e-02  2.0e-01  1.9e-03  2.0e-01
 790  T 0   2.411e+06   7e-07  0.99  1.0e-01  1.4e-07  9.1e-03  1.1e-02  1.7e-01  1.8e-03  1.7e-01
 791  T 0   2.411e+06   4e-07  0.99  1.0e-01  1.4e-07  7.4e-03  9.6e-03  1.6e-01  1.9e-03  1.7e-01
 792  F 0   2.411e+06  -2e-06  0.99  1.0e-01  1.4e-07  6.4e-03  8.5e-03  1.6e-01  1.4e-03  1.6e-01
 793  T 0   2.411e+06   3e-06  0.99  1.0e-01  1.3e-07  5.7e-03  7.9e-03  1.5e-01  1.4e-03  1.6e-01
 794  F 0   2.411e+06  -4e-07  0.99  1.0e-01  1.2e-07  4.9e-03  7.6e-03  2.0e-01  2.0e-03  2.0e-01
 795  T 0   2.411e+06   5e-06  0.99  1.0e-01  1.1e-07  4.5e-03  7.4e-03  1.5e-01  1.4e-03  1.6e-01
 796  F 0   2.411e+06  -4e-08  0.99  1.0e-01  9.5e-08  3.8e-03  7.5e-03  1.6e-01  1.9e-03  1.6e-01
 797  T 0   2.411e+06   6e-06  0.99  1.0e-01  9.1e-08  3.7e-03  7.6e-03  1.6e-01  1.5e-03  1.6e-01
 798  F 0   2.411e+06  -4e-08  0.99  1.0e-01  1.0e-07  3.5e-03  7.8e-03  1.7e-01  1.9e-03  1.7e-01
 799  T 0   2.411e+06   9e-06  0.99  1.0e-01  9.5e-08  3.4e-03  8.2e-03  1.5e-01  1.4e-03  1.6e-01
 800  F 0   2.411e+06   2e-07  0.99  1.0e-01  1.4e-07  3.4e-03  8.3e-03  1.5e-01  1.9e-03  1.6e-01
 801  F 0   2.411e+06  -2e-06  0.99  1.0e-01  1.4e-07  6.8e-03  1.1e-02  1.8e-01  1.4e-03  1.8e-01
 802  F 0   2.411e+06   5e-07  0.99  1.0e-01  3.2e-07  9.8e-03  1.9e-02  1.6e-01  1.9e-03  1.6e-01
 803  F 0   2.411e+06  -1e-06  0.99  1.0e-01  5.7e-07  1.8e-02  3.9e-02  1.6e-01  1.9e-03  1.7e-01
 804  F 0   2.411e+06  -2e-06  0.99  1.0e-01  7.8e-07  3.4e-02  5.9e-02  1.6e-01  1.9e-03  1.7e-01
 805  F 0   2.411e+06  -2e-06  0.99  1.0e-01  5.0e-07  3.1e-02  5.5e-02  1.6e-01  2.2e-03  1.6e-01
 806  F 0   2.411e+06  -4e-06  0.99  1.0e-01  1.8e-07  1.7e-02  2.7e-02  1.6e-01  2.0e-03  1.6e-01
 807  F 0   2.411e+06  -8e-08  0.99  1.0e-01  7.7e-08  5.2e-03  5.9e-03  1.6e-01  2.0e-03  1.6e-01
 808  F 0   2.411e+06  -4e-06  0.99  1.0e-01  7.6e-08  8.6e-04  1.6e-03  1.6e-01  1.4e-03  1.6e-01
Termination on Convergence criteria
Total number of system evaluations: 809
