   k  l     Obj         Vio    Bou   ML       |KKT|    |dX|     ||dX||   T_s      T_o      T_t
   0  T 0   9.457e+07  -9e+00  1.00  1.0e-01  0.0e+00  1.0e+00  1.0e+00  3.0e-01  0.0e+00  0.0e+00
   1  T 0   8.219e+07  -8e+00  0.12  1.0e-01  6.7e-04  1.0e-01  5.6e+00  1.7e-01  8.9e-03  1.8e-01
   2  T 0   7.133e+07  -7e+00  0.14  1.0e-01  6.7e-04  1.0e-01  5.6e+00  1.7e-01  7.8e-04  1.8e-01
   3  T 0   6.197e+07  -6e+00  0.11  1.0e-01  6.8e-04  1.0e-01  5.7e+00  1.3e-01  7.7e-04  1.3e-01
   4  T 0   5.412e+07  -6e+00  0.11  1.0e-01  7.0e-04  1.0e-01  5.6e+00  1.7e-01  8.3e-04  1.7e-01
   5  T 0   4.737e+07  -5e+00  0.09  1.0e-01  7.3e-04  1.0e-01  5.5e+00  1.7e-01  8.4e-04  1.7e-01
   6  T 0   4.074e+07  -4e+00  0.09  1.0e-01  7.2e-04  1.0e-01  5.3e+00  2.0e-01  8.3e-04  2.0e-01
   7  T 0   3.354e+07  -4e+00  0.09  1.0e-01  6.9e-04  1.0e-01  5.1e+00  1.6e-01  8.1e-04  1.6e-01
   8  T 0   2.653e+07  -3e+00  0.10  1.0e-01  7.4e-04  1.0e-01  5.0e+00  2.1e-01  8.3e-04  2.1e-01
   9  T 0   2.076e+07  -3e+00  0.11  1.0e-01  1.4e-03  1.0e-01  5.1e+00  1.5e-01  1.1e-03  1.5e-01
  10  T 0   1.520e+07  -2e+00  0.50  1.0e-01  4.8e-04  1.0e-01  5.1e+00  1.6e-01  8.5e-04  1.6e-01
  11  T 0   1.300e+07  -2e+00  0.52  1.0e-01  5.2e-04  1.0e-01  3.0e+00  1.6e-01  9.0e-04  1.6e-01
  12  T 0   1.113e+07  -2e+00  0.52  1.0e-01  6.4e-04  1.0e-01  2.9e+00  1.8e-01  9.3e-04  1.8e-01
  13  T 0   9.370e+06  -1e+00  0.53  1.0e-01  2.2e-03  1.0e-01  3.1e+00  1.6e-01  1.0e-03  1.6e-01
  14  T 0   8.503e+06  -1e+00  0.64  1.0e-01  1.6e-03  1.0e-01  2.8e+00  2.3e-01  9.1e-04  2.3e-01
  15  T 0   7.410e+06  -1e+00  0.63  1.0e-01  5.7e-04  1.0e-01  2.5e+00  1.6e-01  9.4e-04  1.6e-01
  16  T 0   6.508e+06  -1e+00  0.66  1.0e-01  4.3e-03  1.0e-01  2.3e+00  1.6e-01  9.3e-04  1.6e-01
  17  T 0   6.057e+06  -9e-01  0.70  1.0e-01  1.1e-03  1.0e-01  2.2e+00  1.6e-01  1.0e-03  1.6e-01
  18  T 0   5.381e+06  -8e-01  0.68  1.0e-01  1.9e-03  1.0e-01  2.2e+00  1.9e-01  9.1e-04  1.9e-01
  19  T 0   4.819e+06  -7e-01  0.77  1.0e-01  5.5e-04  1.0e-01  1.8e+00  1.7e-01  9.1e-04  1.7e-01
  20  T 0   4.532e+06  -7e-01  0.80  1.0e-01  4.9e-03  1.0e-01  1.5e+00  2.2e-01  9.4e-04  2.2e-01
  21  T 0   4.333e+06  -6e-01  0.79  1.0e-01  1.0e-03  1.0e-01  1.4e+00  2.1e-01  1.2e-03  2.2e-01
  22  T 0   4.134e+06  -6e-01  0.82  1.0e-01  1.4e-03  1.0e-01  1.3e+00  2.2e-01  9.2e-04  2.2e-01
  23  T 0   4.006e+06  -5e-01  0.83  1.0e-01  3.1e-03  1.0e-01  1.1e+00  2.7e-01  9.5e-04  2.7e-01
  24  T 0   3.869e+06  -5e-01  0.83  1.0e-01  1.8e-03  1.0e-01  1.1e+00  2.5e-01  9.3e-04  2.6e-01
  25  T 0   3.769e+06  -5e-01  0.84  1.0e-01  1.3e-03  1.0e-01  9.7e-01  2.4e-01  9.6e-04  2.4e-01
  26  T 0   3.681e+06  -4e-01  0.85  1.0e-01  2.0e-03  1.0e-01  8.9e-01  2.1e-01  9.2e-04  2.1e-01
  27  T 0   3.599e+06  -4e-01  0.86  1.0e-01  2.9e-03  1.0e-01  8.7e-01  1.5e-01  9.0e-04  1.6e-01
  28  T 0   3.527e+06  -4e-01  0.87  1.0e-01  2.0e-03  1.0e-01  8.9e-01  1.7e-01  9.1e-04  1.7e-01
  29  T 0   3.455e+06  -4e-01  0.87  1.0e-01  2.7e-03  1.0e-01  8.5e-01  2.2e-01  9.7e-04  2.2e-01
  30  T 0   3.380e+06  -3e-01  0.88  1.0e-01  1.3e-03  1.0e-01  8.7e-01  1.5e-01  8.7e-04  1.5e-01
  31  T 0   3.303e+06  -3e-01  0.88  1.0e-01  2.9e-03  1.0e-01  8.7e-01  1.7e-01  8.9e-04  1.7e-01
  32  T 0   3.229e+06  -3e-01  0.89  1.0e-01  1.1e-03  1.0e-01  8.3e-01  1.9e-01  9.2e-04  1.9e-01
  33  T 0   3.163e+06  -3e-01  0.89  1.0e-01  1.3e-03  1.0e-01  8.4e-01  1.7e-01  9.0e-04  1.7e-01
  34  T 0   3.103e+06  -2e-01  0.90  1.0e-01  1.9e-03  1.0e-01  8.2e-01  1.7e-01  9.3e-04  1.7e-01
  35  T 0   3.052e+06  -2e-01  0.90  1.0e-01  7.8e-04  1.0e-01  7.8e-01  1.7e-01  9.1e-04  1.7e-01
  36  T 0   3.005e+06  -2e-01  0.90  1.0e-01  7.9e-04  1.0e-01  8.0e-01  1.8e-01  1.1e-03  1.9e-01
  37  T 0   2.961e+06  -2e-01  0.90  1.0e-01  6.9e-04  1.0e-01  7.9e-01  2.0e-01  9.6e-04  2.0e-01
  38  T 0   2.925e+06  -2e-01  0.90  1.0e-01  8.2e-04  1.0e-01  7.7e-01  1.8e-01  9.5e-04  1.8e-01
  39  T 0   2.889e+06  -2e-01  0.91  1.0e-01  2.2e-03  1.0e-01  7.7e-01  1.6e-01  9.1e-04  1.6e-01
  40  T 0   2.854e+06  -2e-01  0.91  1.0e-01  1.5e-03  1.0e-01  7.2e-01  1.9e-01  9.1e-04  1.9e-01
  41  T 0   2.826e+06  -1e-01  0.91  1.0e-01  2.1e-03  1.0e-01  6.9e-01  1.9e-01  8.9e-04  1.9e-01
  42  T 0   2.800e+06  -1e-01  0.92  1.0e-01  1.1e-03  1.0e-01  7.0e-01  2.2e-01  9.1e-04  2.2e-01
  43  T 0   2.778e+06  -1e-01  0.92  1.0e-01  1.5e-03  1.0e-01  5.9e-01  2.0e-01  9.0e-04  2.0e-01
  44  T 0   2.760e+06  -1e-01  0.93  1.0e-01  9.4e-04  1.0e-01  5.5e-01  1.9e-01  8.9e-04  1.9e-01
  45  T 0   2.738e+06  -1e-01  0.93  1.0e-01  1.8e-03  1.0e-01  5.4e-01  2.4e-01  9.2e-04  2.4e-01
  46  T 0   2.718e+06  -1e-01  0.94  1.0e-01  8.4e-04  1.0e-01  5.0e-01  2.1e-01  9.0e-04  2.1e-01
  47  T 0   2.697e+06  -9e-02  0.94  1.0e-01  1.4e-03  1.0e-01  5.3e-01  1.5e-01  8.9e-04  1.5e-01
  48  T 0   2.681e+06  -7e-02  0.94  1.0e-01  1.4e-03  1.0e-01  5.2e-01  1.6e-01  9.1e-04  1.6e-01
  49  T 0   2.664e+06  -7e-02  0.94  1.0e-01  2.0e-03  1.0e-01  5.2e-01  1.6e-01  9.3e-04  1.6e-01
  50  T 0   2.646e+06  -5e-02  0.94  1.0e-01  2.0e-03  1.0e-01  5.4e-01  1.6e-01  8.9e-04  1.6e-01
  51  T 0   2.627e+06  -4e-02  0.94  1.0e-01  1.3e-03  1.0e-01  5.8e-01  1.6e-01  9.1e-04  1.6e-01
  52  T 0   2.604e+06  -3e-02  0.95  1.0e-01  9.4e-04  1.0e-01  5.7e-01  1.7e-01  8.9e-04  1.7e-01
  53  T 0   2.583e+06  -2e-02  0.95  1.0e-01  1.3e-03  1.0e-01  5.4e-01  1.9e-01  1.0e-03  1.9e-01
  54  T 0   2.563e+06  -8e-03  0.95  1.0e-01  1.3e-03  1.0e-01  5.5e-01  1.7e-01  8.7e-04  1.7e-01
  55  T 0   2.543e+06  -1e-07  0.95  1.0e-01  9.5e-04  1.0e-01  5.2e-01  1.6e-01  1.7e-03  1.7e-01
  56  T 0   2.532e+06  -1e-08  0.95  1.0e-01  1.1e-03  1.0e-01  5.4e-01  2.2e-01  3.1e-03  2.3e-01
  57  T 0   2.522e+06  -2e-07  0.95  1.0e-01  1.1e-03  1.0e-01  5.2e-01  1.6e-01  1.9e-03  1.6e-01
  58  T 0   2.512e+06  -1e-07  0.96  1.0e-01  1.5e-03  1.0e-01  4.9e-01  1.6e-01  1.5e-03  1.6e-01
  59  T 0   2.500e+06   6e-05  0.96  1.0e-01  1.6e-03  1.0e-01  5.0e-01  2.0e-01  1.6e-03  2.0e-01
  60  T 0   2.491e+06  -4e-06  0.97  1.0e-01  9.9e-04  1.0e-01  4.9e-01  1.6e-01  2.2e-03  1.6e-01
  61  T 0   2.486e+06  -4e-06  0.97  1.0e-01  1.0e-03  1.0e-01  4.4e-01  1.6e-01  2.5e-03  1.7e-01
  62  T 0   2.481e+06   2e-05  0.97  1.0e-01  7.8e-04  1.0e-01  4.4e-01  1.6e-01  1.9e-03  1.6e-01
  63  T 0   2.478e+06  -1e-06  0.98  1.0e-01  2.8e-04  1.0e-01  4.1e-01  1.6e-01  2.4e-03  1.6e-01
  64  T 0   2.476e+06   6e-06  0.98  1.0e-01  2.7e-04  1.0e-01  3.7e-01  1.6e-01  2.2e-03  1.6e-01
  65  T 0   2.475e+06   2e-05  0.98  1.0e-01  4.0e-04  1.0e-01  3.6e-01  1.5e-01  2.0e-03  1.6e-01
  66  T 0   2.474e+06  -6e-08  0.98  1.0e-01  1.9e-04  1.0e-01  3.6e-01  1.6e-01  1.7e-03  1.6e-01
  67  T 0   2.473e+06  -3e-06  0.98  1.0e-01  1.2e-04  1.0e-01  3.2e-01  1.6e-01  1.7e-03  1.6e-01
  68  T 0   2.472e+06   8e-06  0.98  1.0e-01  2.2e-04  1.0e-01  3.1e-01  1.6e-01  1.2e-03  1.6e-01
  69  T 0   2.471e+06   3e-05  0.98  1.0e-01  1.7e-04  1.0e-01  3.0e-01  1.5e-01  1.8e-03  1.6e-01
  70  T 0   2.470e+06  -3e-06  0.98  1.0e-01  2.3e-04  1.0e-01  2.7e-01  1.5e-01  1.4e-03  1.6e-01
  71  T 0   2.469e+06   3e-05  0.98  1.0e-01  2.6e-04  1.0e-01  2.1e-01  1.8e-01  1.5e-03  1.9e-01
  72  T 0   2.469e+06  -2e-08  0.98  1.0e-01  1.4e-04  9.3e-02  2.0e-01  1.5e-01  1.8e-03  1.5e-01
  73  T 0   2.468e+06   2e-05  0.98  1.0e-01  2.5e-04  7.2e-02  1.8e-01  1.5e-01  1.4e-03  1.6e-01
  74  T 0   2.467e+06   4e-05  0.98  8.2e-02  1.4e-04  8.2e-02  1.9e-01  1.6e-01  1.0e-03  1.6e-01
  75  T 0   2.466e+06   1e-05  0.98  8.5e-02  2.1e-04  6.9e-02  1.7e-01  1.6e-01  1.5e-03  1.6e-01
  76  T 0   2.465e+06  -1e-05  0.98  8.2e-02  3.5e-04  8.2e-02  1.9e-01  1.6e-01  1.4e-03  1.6e-01
  77  T 0   2.464e+06   2e-05  0.98  9.9e-02  3.8e-04  9.9e-02  1.8e-01  1.6e-01  1.8e-03  1.6e-01
  78  T 0   2.462e+06  -4e-06  0.99  1.0e-01  2.1e-04  1.0e-01  1.8e-01  1.6e-01  1.3e-03  1.6e-01
  79  T 0   2.461e+06  -2e-06  0.99  1.0e-01  2.8e-04  1.0e-01  1.8e-01  1.6e-01  1.5e-03  1.6e-01
  80  T 0   2.460e+06  -3e-06  0.99  1.0e-01  3.5e-04  1.0e-01  2.0e-01  2.0e-01  1.6e-03  2.1e-01
  81  T 0   2.459e+06  -2e-08  0.99  1.0e-01  2.4e-04  8.7e-02  2.0e-01  2.0e-01  1.2e-03  2.0e-01
  82  T 0   2.459e+06   1e-05  0.99  1.0e-01  3.6e-04  1.0e-01  2.4e-01  1.9e-01  1.9e-03  1.9e-01
  83  T 0   2.458e+06  -4e-06  0.99  1.0e-01  6.9e-05  1.0e-01  2.3e-01  1.5e-01  1.6e-03  1.5e-01
  84  T 0   2.457e+06  -1e-04  0.99  1.0e-01  6.2e-05  1.0e-01  2.0e-01  1.6e-01  1.2e-03  1.6e-01
  85  T 0   2.457e+06  -3e-05  0.99  1.0e-01  1.2e-04  1.0e-01  1.9e-01  1.6e-01  1.7e-03  1.6e-01
  86  T 0   2.456e+06  -6e-06  0.99  1.0e-01  3.1e-05  1.0e-01  1.9e-01  1.8e-01  1.5e-03  1.8e-01
  87  T 0   2.456e+06   1e-05  0.99  1.0e-01  3.1e-05  1.0e-01  1.6e-01  1.5e-01  1.9e-03  1.5e-01
  88  T 0   2.456e+06   1e-04  0.99  1.0e-01  3.4e-05  7.1e-02  1.0e-01  1.6e-01  1.4e-03  1.6e-01
  89  F 0   2.456e+06   6e-06  0.99  1.0e-01  3.2e-05  2.5e-02  7.3e-02  1.9e-01  1.2e-03  1.9e-01
  90  T 0   2.456e+06   5e-05  0.99  7.0e-02  3.4e-05  2.9e-02  6.8e-02  1.6e-01  1.2e-03  1.6e-01
  91  T 0   2.456e+06   5e-07  0.99  4.9e-02  3.6e-05  2.6e-02  6.2e-02  1.6e-01  1.2e-03  1.6e-01
  92  T 0   2.456e+06   5e-05  0.99  3.4e-02  5.2e-05  3.1e-02  6.6e-02  1.6e-01  1.5e-03  1.6e-01
  93  T 0   2.455e+06  -4e-05  0.99  2.4e-02  8.0e-05  2.4e-02  6.5e-02  1.6e-01  1.4e-03  1.6e-01
  94  T 0   2.455e+06  -3e-06  0.99  2.9e-02  2.5e-05  2.9e-02  7.8e-02  2.1e-01  9.6e-04  2.1e-01
  95  T 0   2.455e+06  -4e-05  0.99  3.5e-02  4.8e-06  3.5e-02  7.8e-02  1.9e-01  1.2e-03  1.9e-01
  96  T 0   2.455e+06  -3e-06  0.99  4.2e-02  3.9e-06  4.2e-02  8.9e-02  1.7e-01  8.9e-04  1.7e-01
  97  T 0   2.455e+06  -3e-06  0.99  4.8e-02  2.8e-06  4.8e-02  9.1e-02  1.9e-01  1.2e-03  1.9e-01
  98  T 0   2.455e+06   9e-06  0.99  5.7e-02  2.8e-06  5.7e-02  1.0e-01  1.5e-01  1.2e-03  1.5e-01
  99  T 0   2.455e+06   3e-05  0.99  6.9e-02  3.2e-06  6.9e-02  1.1e-01  1.6e-01  1.4e-03  1.6e-01
 100  F 0   2.455e+06   2e-05  0.99  8.2e-02  6.8e-06  5.7e-02  9.9e-02  1.6e-01  1.2e-03  1.6e-01
 101  F 0   2.455e+06   7e-06  0.99  9.9e-02  4.1e-06  9.9e-02  1.3e-01  1.7e-01  1.6e-03  1.7e-01
 102  F 0   2.455e+06  -2e-05  0.99  6.9e-02  4.4e-06  6.9e-02  1.1e-01  1.7e-01  1.4e-03  1.7e-01
 103  T 0   2.455e+06   3e-06  0.99  4.8e-02  3.4e-06  4.8e-02  8.3e-02  1.6e-01  1.2e-03  1.6e-01
 104  F 0   2.455e+06  -5e-06  0.99  5.8e-02  5.0e-06  5.8e-02  9.0e-02  1.6e-01  1.7e-03  1.7e-01
 105  T 0   2.455e+06   7e-06  0.99  4.1e-02  4.1e-06  4.1e-02  7.2e-02  1.5e-01  1.5e-03  1.6e-01
 106  F 0   2.455e+06  -3e-05  0.99  3.7e-02  2.7e-06  3.7e-02  6.9e-02  1.7e-01  1.5e-03  1.7e-01
 107  F 0   2.455e+06  -4e-05  0.99  4.5e-02  3.8e-06  4.5e-02  7.4e-02  2.0e-01  1.2e-03  2.0e-01
 108  T 0   2.455e+06   6e-06  0.99  4.1e-02  3.1e-06  4.1e-02  7.1e-02  1.9e-01  1.1e-03  1.9e-01
 109  F 0   2.455e+06  -3e-05  0.99  2.9e-02  3.9e-06  2.9e-02  5.5e-02  2.0e-01  1.4e-03  2.0e-01
 110  T 0   2.455e+06   3e-05  0.99  2.0e-02  3.0e-06  2.0e-02  4.9e-02  2.1e-01  1.3e-03  2.2e-01
 111  F 0   2.455e+06  -3e-06  0.99  2.3e-02  3.5e-06  2.3e-02  4.9e-02  2.4e-01  1.2e-03  2.4e-01
 112  F 0   2.455e+06   3e-06  0.99  2.7e-02  3.3e-06  2.7e-02  5.6e-02  2.4e-01  1.4e-03  2.4e-01
 113  F 0   2.455e+06  -9e-06  0.99  3.3e-02  4.3e-06  3.3e-02  6.4e-02  1.6e-01  1.2e-03  1.7e-01
 114  T 0   2.455e+06   8e-06  0.99  2.7e-02  8.5e-06  2.7e-02  6.0e-02  1.7e-01  1.8e-03  1.7e-01
 115  F 0   2.455e+06  -7e-06  0.99  2.7e-02  4.4e-06  2.7e-02  5.8e-02  1.6e-01  1.4e-03  1.7e-01
 116  T 0   2.455e+06  -9e-06  0.99  1.9e-02  3.1e-06  1.9e-02  4.6e-02  1.6e-01  1.2e-03  1.6e-01
 117  T 0   2.455e+06   2e-05  0.99  2.3e-02  3.3e-06  2.3e-02  4.6e-02  1.9e-01  1.2e-03  1.9e-01
 118  T 0   2.455e+06   5e-06  0.99  2.8e-02  3.3e-06  2.8e-02  5.2e-02  1.5e-01  1.2e-03  1.5e-01
 119  F 0   2.455e+06  -8e-05  0.99  3.3e-02  4.5e-06  3.3e-02  6.1e-02  1.6e-01  1.1e-03  1.6e-01
 120  T 0   2.455e+06  -8e-06  0.99  4.0e-02  4.6e-06  2.7e-02  5.8e-02  2.0e-01  1.2e-03  2.0e-01
 121  T 0   2.455e+06  -2e-05  0.99  4.8e-02  4.6e-06  4.8e-02  8.2e-02  1.7e-01  1.3e-03  1.7e-01
 122  T 0   2.455e+06  -5e-07  0.99  5.7e-02  6.4e-06  4.5e-02  9.2e-02  1.6e-01  1.2e-03  1.6e-01
 123  F 0   2.455e+06   6e-06  0.99  6.9e-02  1.2e-05  6.9e-02  1.2e-01  1.6e-01  1.7e-03  1.6e-01
 124  F 0   2.455e+06  -4e-06  0.99  5.7e-02  6.7e-06  5.7e-02  1.1e-01  1.8e-01  1.2e-03  1.8e-01
 125  F 0   2.455e+06  -3e-06  0.99  4.0e-02  1.1e-05  4.0e-02  8.8e-02  1.7e-01  2.5e-03  1.7e-01
 126  T 0   2.455e+06   1e-05  0.99  4.1e-02  5.9e-06  3.2e-02  6.8e-02  1.6e-01  1.9e-03  1.6e-01
 127  T 0   2.455e+06  -6e-06  0.99  3.3e-02  8.8e-06  3.3e-02  6.3e-02  1.6e-01  1.8e-03  1.6e-01
 128  T 0   2.455e+06  -2e-06  0.99  2.3e-02  6.6e-06  2.3e-02  4.6e-02  1.6e-01  2.2e-03  1.6e-01
 129  T 0   2.455e+06  -5e-06  0.99  1.6e-02  7.2e-06  1.6e-02  4.0e-02  1.6e-01  1.9e-03  1.6e-01
 130  T 0   2.455e+06   7e-06  0.99  2.0e-02  6.9e-06  2.0e-02  4.0e-02  1.7e-01  1.4e-03  1.7e-01
 131  F 0   2.455e+06  -1e-05  0.99  2.4e-02  8.8e-06  2.4e-02  4.6e-02  1.5e-01  1.5e-03  1.6e-01
 132  T 0   2.455e+06   3e-05  0.99  2.4e-02  7.8e-06  2.4e-02  4.7e-02  1.7e-01  1.5e-03  1.7e-01
 133  F 0   2.455e+06  -7e-06  0.99  2.9e-02  8.8e-06  2.9e-02  5.0e-02  1.5e-01  1.1e-03  1.5e-01
 134  T 0   2.454e+06   6e-06  0.99  3.4e-02  8.9e-06  3.4e-02  5.6e-02  1.7e-01  1.1e-03  1.7e-01
 135  F 0   2.454e+06  -4e-05  0.99  4.1e-02  9.1e-06  4.1e-02  6.6e-02  2.0e-01  1.1e-03  2.0e-01
 136  T 0   2.454e+06  -2e-09  0.99  4.9e-02  7.5e-06  3.4e-02  6.2e-02  1.5e-01  1.5e-03  1.5e-01
 137  T 0   2.454e+06  -4e-06  0.99  5.9e-02  9.6e-06  5.9e-02  9.5e-02  1.5e-01  1.1e-03  1.5e-01
 138  T 0   2.454e+06  -3e-05  0.99  7.1e-02  1.3e-05  7.0e-02  1.1e-01  1.5e-01  1.5e-03  1.6e-01
 139  T 0   2.454e+06  -1e-05  0.99  8.5e-02  2.1e-05  5.8e-02  1.2e-01  1.6e-01  1.8e-03  1.6e-01
 140  T 0   2.454e+06   8e-06  0.99  7.0e-02  3.6e-05  7.0e-02  1.3e-01  1.6e-01  1.8e-03  1.6e-01
 141  T 0   2.453e+06  -8e-06  0.99  8.0e-02  6.2e-05  8.0e-02  1.1e-01  1.5e-01  2.5e-03  1.6e-01
 142  T 0   2.453e+06  -1e-05  0.99  9.6e-02  1.0e-05  4.2e-02  8.6e-02  1.6e-01  1.4e-03  1.6e-01
 143  T 0   2.453e+06   7e-06  0.99  1.0e-01  1.0e-05  5.0e-02  8.9e-02  1.6e-01  9.3e-04  1.6e-01
 144  T 0   2.453e+06  -1e-05  0.99  7.0e-02  8.4e-06  4.3e-02  8.7e-02  1.6e-01  2.4e-03  1.6e-01
 145  T 0   2.453e+06   2e-05  0.99  7.2e-02  6.4e-06  4.8e-02  7.8e-02  1.6e-01  1.8e-03  1.6e-01
 146  T 0   2.453e+06  -5e-06  0.99  8.7e-02  8.0e-06  5.7e-02  8.5e-02  1.6e-01  1.9e-03  1.6e-01
 147  T 0   2.453e+06  -2e-09  0.99  6.9e-02  7.1e-06  2.9e-02  5.3e-02  1.6e-01  1.8e-03  1.6e-01
 148  T 0   2.453e+06   6e-06  0.99  4.8e-02  6.9e-06  4.8e-02  7.0e-02  2.1e-01  9.2e-04  2.1e-01
 149  T 0   2.453e+06  -2e-09  0.99  3.6e-02  5.1e-06  3.4e-02  6.1e-02  1.8e-01  1.4e-03  1.8e-01
 150  T 0   2.453e+06   2e-05  0.99  3.0e-02  5.1e-06  3.0e-02  6.8e-02  1.5e-01  1.0e-03  1.5e-01
 151  F 0   2.453e+06  -3e-05  0.99  3.6e-02  1.1e-05  3.6e-02  7.4e-02  1.5e-01  1.2e-03  1.5e-01
 152  T 0   2.453e+06   2e-06  0.99  4.3e-02  2.9e-05  4.2e-02  8.1e-02  1.8e-01  1.4e-03  1.9e-01
 153  T 0   2.453e+06   3e-05  0.99  5.0e-02  8.1e-05  5.0e-02  8.9e-02  1.5e-01  1.1e-03  1.5e-01
 154  T 0   2.453e+06  -9e-06  0.99  6.1e-02  1.7e-05  6.1e-02  9.5e-02  1.6e-01  1.5e-03  1.7e-01
 155  T 0   2.453e+06   4e-05  0.99  6.9e-02  4.6e-05  6.9e-02  9.8e-02  1.5e-01  1.1e-03  1.5e-01
 156  F 0   2.453e+06  -3e-05  0.99  8.2e-02  8.0e-05  6.9e-02  9.8e-02  1.8e-01  1.6e-03  1.8e-01
 157  T 0   2.452e+06  -1e-05  0.99  9.9e-02  3.0e-05  5.3e-02  9.0e-02  1.5e-01  1.7e-03  1.5e-01
 158  T 0   2.452e+06   4e-06  0.99  6.9e-02  5.0e-05  6.9e-02  1.0e-01  1.6e-01  2.2e-03  1.7e-01
 159  F 0   2.452e+06  -8e-05  0.99  4.8e-02  6.8e-05  4.4e-02  8.0e-02  1.5e-01  1.9e-03  1.6e-01
 160  T 0   2.452e+06  -1e-05  0.99  5.8e-02  8.3e-05  5.8e-02  8.7e-02  1.8e-01  1.5e-03  1.8e-01
 161  T 0   2.452e+06  -6e-06  0.99  7.0e-02  1.2e-04  3.7e-02  7.1e-02  2.2e-01  1.8e-03  2.2e-01
 162  T 0   2.451e+06  -2e-05  0.99  8.4e-02  5.1e-04  5.5e-02  8.9e-02  1.9e-01  1.9e-03  1.9e-01
 163  T 0   2.450e+06   9e-06  0.99  1.0e-01  2.3e-04  5.3e-02  8.5e-02  1.9e-01  2.0e-03  1.9e-01
 164  T 0   2.450e+06  -2e-06  0.99  7.0e-02  2.5e-04  7.0e-02  9.7e-02  1.5e-01  2.1e-03  1.5e-01
 165  T 0   2.450e+06   3e-05  0.99  4.9e-02  2.2e-04  4.8e-02  7.0e-02  1.6e-01  3.2e-03  1.7e-01
 166  T 0   2.450e+06  -1e-05  0.99  3.4e-02  1.8e-04  3.4e-02  5.3e-02  1.6e-01  1.9e-03  1.6e-01
 167  T 0   2.450e+06  -2e-05  0.99  2.4e-02  3.1e-05  2.3e-02  4.3e-02  1.6e-01  2.0e-03  1.6e-01
 168  T 0   2.450e+06   7e-06  0.99  2.9e-02  1.2e-05  2.2e-02  3.9e-02  2.0e-01  1.7e-03  2.0e-01
 169  T 0   2.450e+06   9e-07  0.99  2.6e-02  1.0e-05  2.0e-02  4.4e-02  1.5e-01  1.8e-03  1.5e-01
 170  T 0   2.450e+06  -3e-05  0.99  2.4e-02  1.0e-05  2.4e-02  5.2e-02  1.5e-01  1.0e-03  1.5e-01
 171  T 0   2.450e+06   5e-06  0.99  2.7e-02  1.1e-05  2.7e-02  5.5e-02  1.6e-01  9.0e-04  1.6e-01
 172  F 0   2.450e+06  -4e-05  0.99  3.2e-02  9.5e-06  3.2e-02  6.4e-02  2.3e-01  2.0e-03  2.3e-01
 173  T 0   2.450e+06   4e-06  0.99  3.8e-02  1.1e-05  3.8e-02  7.3e-02  2.8e-01  1.8e-03  2.8e-01
 174  T 0   2.450e+06   7e-05  0.99  4.6e-02  8.6e-06  4.6e-02  8.8e-02  1.9e-01  1.5e-03  1.9e-01
 175  F 0   2.450e+06  -4e-07  0.99  4.8e-02  1.1e-05  4.8e-02  9.0e-02  1.6e-01  2.2e-03  1.7e-01
 176  T 0   2.449e+06  -1e-05  0.99  5.2e-02  9.3e-06  5.2e-02  7.9e-02  1.9e-01  1.5e-03  1.9e-01
 177  T 0   2.449e+06  -1e-05  0.99  6.3e-02  7.6e-06  6.3e-02  8.6e-02  1.6e-01  2.2e-03  1.6e-01
 178  T 0   2.449e+06  -1e-05  0.99  7.5e-02  1.1e-05  7.5e-02  1.0e-01  1.6e-01  1.4e-03  1.6e-01
 179  T 0   2.449e+06  -1e-05  0.99  9.0e-02  9.8e-06  9.0e-02  1.2e-01  1.6e-01  1.7e-03  1.6e-01
 180  T 0   2.449e+06   3e-06  0.99  1.0e-01  9.9e-06  4.1e-02  9.2e-02  1.6e-01  1.4e-03  1.6e-01
 181  T 0   2.449e+06   1e-05  0.99  1.0e-01  1.6e-05  4.8e-02  9.9e-02  1.6e-01  1.7e-03  1.6e-01
 182  T 0   2.449e+06   9e-06  0.99  7.0e-02  9.9e-06  5.7e-02  9.3e-02  1.6e-01  2.9e-03  1.6e-01
 183  T 0   2.449e+06   3e-05  0.99  6.9e-02  1.0e-05  6.9e-02  9.6e-02  1.9e-01  1.6e-03  1.9e-01
 184  F 0   2.449e+06  -4e-05  0.99  4.8e-02  9.3e-06  4.8e-02  7.4e-02  1.7e-01  2.0e-03  1.7e-01
 185  T 0   2.449e+06  -2e-05  0.99  3.7e-02  9.7e-06  3.7e-02  7.4e-02  2.4e-01  1.4e-03  2.4e-01
 186  T 0   2.449e+06   3e-06  0.99  4.4e-02  8.8e-06  4.4e-02  8.4e-02  2.2e-01  1.2e-03  2.2e-01
 187  T 0   2.449e+06  -1e-06  0.99  5.3e-02  1.0e-05  5.3e-02  1.0e-01  1.7e-01  1.8e-03  1.7e-01
 188  T 0   2.448e+06  -4e-06  0.99  6.4e-02  1.1e-05  6.4e-02  1.1e-01  1.7e-01  2.5e-03  1.7e-01
 189  T 0   2.448e+06  -9e-09  0.99  7.7e-02  1.2e-05  7.7e-02  1.4e-01  2.2e-01  3.1e-03  2.2e-01
 190  T 0   2.448e+06  -8e-06  0.99  9.2e-02  1.5e-05  9.2e-02  1.7e-01  1.5e-01  1.9e-03  1.6e-01
 191  T 0   2.448e+06  -3e-07  0.99  1.0e-01  1.2e-05  1.0e-01  1.7e-01  1.5e-01  2.2e-03  1.6e-01
 192  T 0   2.448e+06   3e-06  0.99  1.0e-01  9.5e-06  1.0e-01  1.5e-01  1.7e-01  2.1e-03  1.8e-01
 193  T 0   2.448e+06  -6e-05  0.99  1.0e-01  1.0e-05  1.0e-01  1.4e-01  1.6e-01  2.1e-03  1.6e-01
 194  T 0   2.448e+06   2e-06  0.99  7.0e-02  7.0e-06  7.0e-02  1.2e-01  1.8e-01  2.7e-03  1.9e-01
 195  T 0   2.448e+06   2e-06  0.99  7.1e-02  8.0e-06  7.1e-02  1.2e-01  1.5e-01  1.5e-03  1.5e-01
 196  T 0   2.448e+06  -3e-06  0.99  8.5e-02  1.6e-05  8.5e-02  1.3e-01  1.6e-01  1.4e-03  1.6e-01
 197  T 0   2.448e+06   7e-06  0.99  1.0e-01  1.3e-05  9.0e-02  1.4e-01  1.7e-01  2.5e-03  1.7e-01
 198  T 0   2.448e+06   1e-05  0.99  7.0e-02  1.4e-05  7.0e-02  1.1e-01  1.8e-01  2.6e-03  1.8e-01
 199  F 0   2.448e+06  -7e-05  0.99  5.9e-02  6.6e-06  4.9e-02  8.0e-02  1.8e-01  1.9e-03  1.8e-01
 200  T 0   2.448e+06  -8e-06  0.99  5.9e-02  7.5e-06  2.4e-02  4.6e-02  2.2e-01  1.9e-03  2.2e-01
 201  T 0   2.447e+06  -4e-06  0.99  7.1e-02  1.1e-05  7.1e-02  1.0e-01  2.2e-01  2.0e-03  2.2e-01
 202  T 0   2.447e+06  -3e-06  0.99  8.5e-02  1.2e-05  7.7e-02  9.8e-02  2.2e-01  1.7e-03  2.2e-01
 203  T 0   2.447e+06   8e-07  0.99  5.9e-02  8.6e-06  5.4e-02  8.5e-02  1.9e-01  1.5e-03  1.9e-01
 204  T 0   2.447e+06  -8e-07  0.99  4.1e-02  6.7e-06  3.8e-02  6.1e-02  1.5e-01  2.3e-03  1.5e-01
 205  T 0   2.447e+06   1e-05  0.99  3.5e-02  9.3e-06  3.5e-02  6.0e-02  1.5e-01  3.6e-03  1.6e-01
 206  F 0   2.447e+06  -2e-05  0.99  4.2e-02  8.8e-06  3.7e-02  6.1e-02  1.6e-01  1.5e-03  1.6e-01
 207  T 0   2.447e+06  -2e-05  0.99  5.1e-02  9.9e-06  5.1e-02  7.6e-02  1.6e-01  1.2e-03  1.6e-01
 208  T 0   2.447e+06  -1e-05  0.99  4.0e-02  9.5e-06  4.0e-02  6.9e-02  1.6e-01  1.4e-03  1.6e-01
 209  T 0   2.447e+06   2e-05  0.99  4.8e-02  1.1e-05  4.8e-02  6.9e-02  1.6e-01  1.7e-03  1.6e-01
 210  F 0   2.447e+06  -2e-09  0.99  5.8e-02  7.8e-06  3.0e-02  5.9e-02  1.6e-01  1.9e-03  1.6e-01
 211  F 0   2.447e+06  -9e-06  0.99  4.1e-02  1.3e-05  4.1e-02  6.8e-02  1.9e-01  2.5e-03  1.9e-01
 212  F 0   2.447e+06  -3e-05  0.99  2.8e-02  7.2e-06  1.9e-02  4.6e-02  1.5e-01  1.7e-03  1.5e-01
 213  T 0   2.447e+06  -2e-06  0.99  2.0e-02  7.6e-06  2.0e-02  4.1e-02  1.5e-01  1.6e-03  1.5e-01
 214  T 0   2.447e+06  -9e-06  0.99  2.3e-02  4.5e-06  2.3e-02  3.8e-02  1.5e-01  1.7e-03  1.6e-01
 215  T 0   2.447e+06  -6e-06  0.99  2.8e-02  4.8e-06  2.8e-02  4.3e-02  2.0e-01  1.4e-03  2.0e-01
 216  T 0   2.447e+06  -8e-06  0.99  3.3e-02  5.2e-06  3.3e-02  4.9e-02  1.9e-01  1.2e-03  1.9e-01
 217  T 0   2.447e+06  -1e-05  0.99  4.0e-02  4.2e-06  4.0e-02  5.7e-02  1.5e-01  1.1e-03  1.5e-01
 218  T 0   2.447e+06  -8e-06  0.99  4.8e-02  4.5e-06  4.8e-02  6.6e-02  1.6e-01  9.0e-04  1.6e-01
 219  T 0   2.447e+06  -5e-06  0.99  5.7e-02  5.1e-06  5.7e-02  8.0e-02  1.6e-01  1.2e-03  1.6e-01
 220  T 0   2.447e+06  -5e-06  0.99  6.9e-02  6.3e-06  6.9e-02  9.5e-02  1.7e-01  1.1e-03  1.7e-01
 221  T 0   2.447e+06  -2e-05  0.99  8.2e-02  7.1e-06  8.2e-02  1.1e-01  2.0e-01  1.1e-03  2.0e-01
 222  T 0   2.447e+06   9e-05  0.99  9.9e-02  1.1e-05  6.0e-02  9.9e-02  1.5e-01  1.5e-03  1.5e-01
 223  F 0   2.447e+06  -1e-05  0.99  7.2e-02  1.6e-05  7.2e-02  1.3e-01  1.6e-01  1.6e-03  1.6e-01
 224  F 0   2.447e+06  -4e-09  0.99  5.0e-02  9.8e-06  5.0e-02  9.0e-02  1.5e-01  2.5e-03  1.6e-01
 225  F 0   2.447e+06   6e-06  0.99  3.5e-02  4.7e-06  3.5e-02  6.7e-02  1.6e-01  1.8e-03  1.6e-01
 226  T 0   2.447e+06   4e-05  0.99  4.2e-02  6.7e-06  4.2e-02  6.6e-02  1.6e-01  1.1e-03  1.6e-01
 227  F 0   2.447e+06   4e-06  0.99  5.1e-02  5.7e-06  2.8e-02  4.9e-02  1.6e-01  2.1e-03  1.6e-01
 228  T 0   2.447e+06   7e-06  0.99  6.1e-02  6.8e-06  6.1e-02  8.0e-02  1.6e-01  1.5e-03  1.6e-01
 229  T 0   2.447e+06   8e-06  0.99  7.3e-02  7.1e-06  4.1e-02  6.1e-02  1.6e-01  2.0e-03  1.6e-01
 230  F 0   2.447e+06  -1e-06  0.99  8.8e-02  1.1e-05  8.8e-02  1.1e-01  1.5e-01  2.4e-03  1.6e-01
 231  T 0   2.447e+06   8e-06  0.99  1.0e-01  1.0e-05  1.0e-01  1.2e-01  1.6e-01  1.5e-03  1.6e-01
 232  T 0   2.447e+06   2e-05  0.99  7.0e-02  7.2e-06  7.0e-02  8.6e-02  1.5e-01  2.1e-03  1.6e-01
 233  F 0   2.447e+06  -1e-05  0.99  4.9e-02  1.1e-05  4.9e-02  6.7e-02  1.6e-01  1.8e-03  1.6e-01
 234  T 0   2.447e+06   5e-06  0.99  3.4e-02  6.9e-06  3.4e-02  5.8e-02  1.8e-01  1.4e-03  1.8e-01
 235  F 0   2.447e+06  -9e-06  0.99  2.4e-02  7.4e-06  2.4e-02  4.8e-02  1.7e-01  1.9e-03  1.7e-01
 236  T 0   2.447e+06   2e-05  0.99  2.9e-02  3.7e-06  1.9e-02  3.7e-02  1.8e-01  2.1e-03  1.8e-01
 237  T 0   2.447e+06   3e-05  0.99  2.2e-02  6.7e-06  2.0e-02  3.7e-02  1.9e-01  2.2e-03  2.0e-01
 238  F 0   2.447e+06  -4e-05  0.99  2.7e-02  5.9e-06  2.7e-02  4.6e-02  1.6e-01  1.4e-03  1.6e-01
 239  F 0   2.447e+06  -9e-07  0.99  3.2e-02  3.2e-06  3.2e-02  5.2e-02  1.6e-01  1.5e-03  1.6e-01
 240  F 0   2.447e+06  -1e-05  0.99  3.9e-02  6.4e-06  3.9e-02  5.5e-02  1.6e-01  1.1e-03  1.6e-01
 241  T 0   2.447e+06   4e-05  0.99  2.7e-02  4.5e-06  2.7e-02  4.7e-02  1.6e-01  1.1e-03  1.6e-01
 242  F 0   2.447e+06  -3e-05  0.99  2.4e-02  6.1e-06  2.4e-02  4.6e-02  1.5e-01  1.1e-03  1.6e-01
 243  F 0   2.447e+06  -5e-06  0.99  2.8e-02  5.6e-06  2.8e-02  5.3e-02  1.6e-01  9.3e-04  1.6e-01
 244  T 0   2.447e+06  -1e-06  0.99  3.4e-02  4.9e-06  2.8e-02  5.5e-02  1.8e-01  1.2e-03  1.8e-01
 245  T 0   2.447e+06  -8e-07  0.99  3.3e-02  3.9e-06  3.0e-02  5.9e-02  1.6e-01  1.3e-03  1.6e-01
 246  T 0   2.446e+06   3e-05  0.99  3.6e-02  4.1e-06  3.6e-02  5.9e-02  1.6e-01  1.2e-03  1.6e-01
 247  T 0   2.446e+06   1e-05  0.99  2.5e-02  5.1e-06  2.5e-02  5.3e-02  1.7e-01  1.5e-03  1.7e-01
 248  T 0   2.446e+06  -2e-09  0.99  2.4e-02  5.5e-06  2.4e-02  5.7e-02  1.6e-01  1.5e-03  1.6e-01
 249  T 0   2.446e+06  -2e-05  0.99  2.8e-02  6.1e-06  2.8e-02  6.1e-02  1.6e-01  1.3e-03  1.6e-01
 250  T 0   2.446e+06   3e-06  0.99  3.4e-02  7.0e-06  3.4e-02  7.4e-02  1.6e-01  1.1e-03  1.6e-01
 251  F 0   2.446e+06  -7e-05  0.99  4.1e-02  8.7e-06  4.1e-02  8.3e-02  1.6e-01  1.2e-03  1.6e-01
 252  F 0   2.446e+06  -8e-05  0.99  4.9e-02  1.0e-05  4.9e-02  8.7e-02  1.8e-01  1.2e-03  1.8e-01
 253  T 0   2.446e+06   1e-05  0.99  4.4e-02  1.3e-05  4.4e-02  9.0e-02  1.9e-01  1.2e-03  1.9e-01
 254  T 0   2.446e+06   4e-06  0.99  3.1e-02  1.0e-05  3.1e-02  7.5e-02  2.1e-01  1.4e-03  2.2e-01
 255  T 0   2.446e+06  -5e-06  0.99  2.1e-02  1.2e-05  2.1e-02  5.4e-02  2.4e-01  1.6e-03  2.4e-01
 256  T 0   2.446e+06   7e-06  0.99  2.6e-02  9.9e-06  2.6e-02  4.6e-02  1.9e-01  2.1e-03  1.9e-01
 257  T 0   2.446e+06  -8e-06  0.99  3.1e-02  1.1e-05  2.3e-02  4.3e-02  1.5e-01  1.2e-03  1.6e-01
 258  T 0   2.446e+06  -2e-06  0.99  3.7e-02  1.3e-05  2.8e-02  4.8e-02  1.5e-01  1.8e-03  1.5e-01
 259  T 0   2.446e+06   6e-06  0.99  3.3e-02  1.3e-05  3.3e-02  5.0e-02  1.6e-01  1.8e-03  1.6e-01
 260  T 0   2.446e+06   8e-06  0.99  4.0e-02  1.1e-05  4.0e-02  6.1e-02  1.7e-01  2.0e-03  1.7e-01
 261  T 0   2.446e+06   3e-05  0.99  2.8e-02  1.2e-05  2.8e-02  5.8e-02  1.9e-01  1.5e-03  1.9e-01
 262  T 0   2.446e+06  -9e-06  0.99  2.9e-02  1.3e-05  2.9e-02  5.6e-02  1.5e-01  1.6e-03  1.5e-01
 263  T 0   2.446e+06   3e-06  0.99  3.5e-02  1.2e-05  3.5e-02  6.2e-02  1.6e-01  1.3e-03  1.6e-01
 264  T 0   2.446e+06  -3e-05  0.99  4.2e-02  1.2e-05  4.2e-02  7.5e-02  1.8e-01  1.3e-03  1.8e-01
 265  T 0   2.446e+06   1e-05  0.99  5.0e-02  1.3e-05  5.0e-02  1.0e-01  2.1e-01  9.1e-04  2.1e-01
 266  T 0   2.446e+06   1e-06  0.99  6.0e-02  1.1e-05  6.0e-02  1.1e-01  2.0e-01  1.6e-03  2.0e-01
 267  T 0   2.446e+06   4e-06  0.99  7.2e-02  1.2e-05  4.8e-02  1.1e-01  1.5e-01  2.3e-03  1.5e-01
 268  T 0   2.445e+06  -2e-06  0.99  8.6e-02  1.2e-05  8.6e-02  1.4e-01  1.5e-01  8.9e-04  1.5e-01
 269  T 0   2.445e+06  -6e-07  0.99  1.0e-01  1.2e-05  1.0e-01  1.6e-01  1.6e-01  2.6e-03  1.6e-01
 270  T 0   2.445e+06  -1e-05  0.99  7.0e-02  1.7e-05  7.0e-02  1.5e-01  1.7e-01  1.1e-03  1.8e-01
 271  T 0   2.445e+06  -1e-05  0.99  5.7e-02  1.4e-05  5.7e-02  1.4e-01  1.7e-01  2.1e-03  1.7e-01
 272  T 0   2.445e+06   1e-05  0.99  6.9e-02  1.7e-05  6.9e-02  1.5e-01  1.6e-01  1.1e-03  1.6e-01
 273  T 0   2.444e+06  -1e-05  0.99  8.2e-02  1.9e-05  8.2e-02  1.8e-01  1.6e-01  1.7e-03  1.6e-01
 274  T 0   2.444e+06   2e-05  0.99  9.9e-02  2.0e-05  9.9e-02  2.0e-01  1.6e-01  1.7e-03  1.7e-01
 275  T 0   2.444e+06   2e-05  0.99  1.0e-01  2.2e-05  1.0e-01  2.2e-01  1.6e-01  2.7e-03  1.6e-01
 276  T 0   2.443e+06  -2e-05  0.99  1.0e-01  2.2e-05  1.0e-01  2.1e-01  1.9e-01  2.6e-03  1.9e-01
 277  T 0   2.443e+06   3e-05  0.99  1.0e-01  2.4e-05  1.0e-01  2.4e-01  1.5e-01  1.1e-03  1.5e-01
 278  T 0   2.442e+06   2e-05  0.99  1.0e-01  2.3e-05  1.0e-01  2.3e-01  1.5e-01  2.2e-03  1.6e-01
 279  T 0   2.442e+06   5e-05  0.99  1.0e-01  2.4e-05  1.0e-01  2.1e-01  2.0e-01  1.8e-03  2.0e-01
 280  T 0   2.442e+06  -3e-05  0.99  1.0e-01  1.5e-05  1.0e-01  2.0e-01  1.5e-01  1.5e-03  1.5e-01
 281  T 0   2.441e+06   1e-05  0.99  1.0e-01  1.3e-05  1.0e-01  1.9e-01  1.5e-01  1.1e-03  1.5e-01
 282  T 0   2.441e+06   1e-05  0.99  1.0e-01  1.8e-05  1.0e-01  1.4e-01  1.7e-01  1.9e-03  1.7e-01
 283  T 0   2.441e+06  -5e-06  0.99  1.0e-01  1.4e-05  1.0e-01  1.4e-01  1.6e-01  2.1e-03  1.6e-01
 284  T 0   2.441e+06   9e-06  0.99  8.5e-02  1.5e-05  7.1e-02  1.3e-01  1.6e-01  2.6e-03  1.6e-01
 285  T 0   2.441e+06   4e-06  0.99  5.9e-02  1.5e-05  5.9e-02  1.0e-01  1.6e-01  1.7e-03  1.6e-01
 286  T 0   2.441e+06   1e-05  0.99  5.9e-02  1.5e-05  5.9e-02  9.0e-02  1.6e-01  1.3e-03  1.6e-01
 287  T 0   2.441e+06   3e-06  0.99  5.0e-02  1.5e-05  4.1e-02  7.7e-02  1.6e-01  1.4e-03  1.6e-01
 288  T 0   2.441e+06   2e-05  0.99  6.0e-02  1.1e-05  5.0e-02  7.5e-02  1.6e-01  1.6e-03  1.6e-01
 289  T 0   2.441e+06  -7e-06  0.99  4.2e-02  1.2e-05  4.2e-02  7.7e-02  1.6e-01  2.4e-03  1.7e-01
 290  T 0   2.441e+06  -1e-05  0.99  3.0e-02  1.0e-05  3.0e-02  6.8e-02  1.8e-01  1.1e-03  1.8e-01
 291  T 0   2.441e+06  -5e-05  0.99  3.6e-02  9.3e-06  3.6e-02  7.2e-02  2.0e-01  1.8e-03  2.0e-01
 292  T 0   2.441e+06   8e-06  0.99  4.0e-02  9.0e-06  4.0e-02  7.7e-02  1.5e-01  1.0e-03  1.5e-01
 293  T 0   2.441e+06  -3e-06  0.99  4.8e-02  7.9e-06  4.8e-02  8.3e-02  1.5e-01  1.3e-03  1.5e-01
 294  T 0   2.441e+06  -8e-06  0.99  5.8e-02  9.3e-06  5.7e-02  9.6e-02  1.6e-01  1.4e-03  1.6e-01
 295  T 0   2.440e+06  -4e-06  0.99  7.0e-02  1.2e-05  6.9e-02  1.1e-01  1.6e-01  2.3e-03  1.7e-01
 296  T 0   2.440e+06  -7e-06  0.99  8.4e-02  9.0e-06  8.2e-02  1.3e-01  1.8e-01  1.5e-03  1.9e-01
 297  T 0   2.440e+06   9e-06  0.99  1.0e-01  1.1e-05  1.0e-01  1.3e-01  1.6e-01  7.3e-03  1.7e-01
 298  T 0   2.440e+06  -3e-05  0.99  7.0e-02  9.3e-06  7.0e-02  1.2e-01  1.6e-01  2.3e-03  1.6e-01
 299  F 0   2.440e+06  -8e-05  0.99  4.9e-02  9.8e-06  4.4e-02  8.7e-02  1.8e-01  1.4e-03  1.8e-01
 300  T 0   2.440e+06   2e-06  0.99  5.9e-02  1.0e-05  3.4e-02  8.7e-02  1.6e-01  1.2e-03  1.6e-01
 301  T 0   2.440e+06   2e-05  0.99  4.1e-02  1.2e-05  4.0e-02  9.5e-02  1.6e-01  1.1e-03  1.6e-01
 302  T 0   2.440e+06  -1e-07  0.99  4.8e-02  1.2e-05  4.8e-02  1.0e-01  1.6e-01  1.8e-03  1.6e-01
 303  T 0   2.440e+06  -6e-09  0.99  5.7e-02  1.2e-05  5.7e-02  1.1e-01  1.6e-01  1.5e-03  1.7e-01
 304  T 0   2.440e+06  -4e-06  0.99  6.9e-02  1.1e-05  6.9e-02  1.2e-01  1.7e-01  1.5e-03  1.7e-01
 305  T 0   2.440e+06   2e-05  0.99  8.2e-02  1.2e-05  8.2e-02  1.3e-01  1.5e-01  1.3e-03  1.6e-01
 306  F 0   2.440e+06  -6e-05  0.99  9.9e-02  1.1e-05  9.9e-02  1.5e-01  1.6e-01  1.2e-03  1.6e-01
 307  T 0   2.440e+06  -4e-06  0.99  1.0e-01  1.0e-05  6.9e-02  1.4e-01  1.6e-01  1.4e-03  1.7e-01
 308  T 0   2.440e+06   4e-06  0.99  8.2e-02  1.4e-05  8.2e-02  1.6e-01  1.8e-01  1.1e-03  1.8e-01
 309  T 0   2.440e+06   1e-05  0.99  5.8e-02  1.4e-05  5.8e-02  1.3e-01  1.5e-01  1.7e-03  1.5e-01
 310  T 0   2.440e+06  -7e-06  0.99  4.8e-02  1.2e-05  4.8e-02  1.2e-01  1.9e-01  2.4e-03  1.9e-01
 311  T 0   2.440e+06   1e-06  0.99  5.7e-02  1.3e-05  4.8e-02  1.1e-01  1.9e-01  1.4e-03  1.9e-01
 312  T 0   2.440e+06   2e-06  0.99  4.8e-02  1.1e-05  4.8e-02  1.0e-01  1.9e-01  1.5e-03  1.9e-01
 313  T 0   2.440e+06   4e-05  0.99  3.3e-02  1.2e-05  3.3e-02  8.2e-02  2.4e-01  1.0e-03  2.4e-01
 314  F 0   2.440e+06  -6e-06  0.99  3.4e-02  1.0e-05  3.2e-02  8.1e-02  1.9e-01  1.5e-03  1.9e-01
 315  T 0   2.440e+06  -9e-06  0.99  3.5e-02  9.8e-06  3.5e-02  8.9e-02  1.5e-01  1.5e-03  1.5e-01
 316  T 0   2.439e+06  -3e-05  0.99  4.2e-02  9.8e-06  4.2e-02  8.7e-02  1.7e-01  1.2e-03  1.7e-01
 317  T 0   2.439e+06   2e-06  0.99  5.1e-02  1.2e-05  5.1e-02  9.7e-02  2.1e-01  1.1e-03  2.2e-01
 318  T 0   2.439e+06  -1e-05  0.99  6.1e-02  1.2e-05  6.1e-02  1.1e-01  1.9e-01  1.2e-03  1.9e-01
 319  T 0   2.439e+06   9e-06  0.99  7.3e-02  1.3e-05  6.9e-02  1.0e-01  1.5e-01  1.7e-03  1.5e-01
 320  T 0   2.439e+06  -2e-05  0.99  8.8e-02  1.4e-05  8.2e-02  1.2e-01  1.6e-01  1.2e-03  1.6e-01
 321  F 0   2.439e+06  -5e-05  0.99  1.0e-01  1.8e-05  9.9e-02  1.7e-01  2.0e-01  1.4e-03  2.0e-01
 322  T 0   2.439e+06   8e-05  0.99  1.0e-01  1.1e-05  1.0e-01  1.5e-01  1.5e-01  1.5e-03  1.5e-01
 323  F 0   2.439e+06  -3e-06  0.99  7.0e-02  1.1e-05  7.0e-02  1.2e-01  1.5e-01  1.2e-03  1.6e-01
 324  F 0   2.439e+06  -1e-05  0.99  6.3e-02  1.3e-05  6.3e-02  1.2e-01  1.7e-01  1.2e-03  1.7e-01
 325  T 0   2.439e+06  -1e-05  0.99  7.6e-02  1.7e-05  7.0e-02  1.1e-01  1.6e-01  1.9e-03  1.6e-01
 326  T 0   2.439e+06   9e-05  0.99  9.1e-02  9.6e-06  9.1e-02  1.3e-01  1.7e-01  1.1e-03  1.7e-01
 327  F 0   2.439e+06   2e-05  0.99  1.0e-01  1.2e-05  1.0e-01  1.3e-01  2.4e-01  1.4e-03  2.4e-01
 328  T 0   2.439e+06   4e-05  0.99  7.0e-02  6.2e-06  7.0e-02  1.0e-01  2.1e-01  1.1e-03  2.1e-01
 329  T 0   2.439e+06   5e-06  0.99  4.9e-02  7.5e-06  3.4e-02  8.5e-02  1.6e-01  1.5e-03  1.6e-01
 330  T 0   2.439e+06   5e-05  0.99  5.9e-02  1.3e-05  5.9e-02  1.1e-01  2.4e-01  1.3e-03  2.4e-01
 331  T 0   2.439e+06   2e-07  0.99  4.8e-02  1.1e-05  4.8e-02  1.1e-01  2.0e-01  2.0e-03  2.0e-01
 332  T 0   2.438e+06  -6e-06  0.99  5.7e-02  1.1e-05  4.9e-02  1.1e-01  1.8e-01  1.5e-03  1.9e-01
 333  T 0   2.438e+06   1e-06  0.99  6.9e-02  1.3e-05  6.9e-02  1.4e-01  1.5e-01  1.5e-03  1.5e-01
 334  T 0   2.438e+06  -1e-08  0.99  8.2e-02  1.1e-05  8.2e-02  1.5e-01  2.1e-01  1.5e-03  2.1e-01
 335  T 0   2.438e+06  -1e-08  0.99  8.5e-02  1.6e-05  8.5e-02  1.5e-01  1.5e-01  1.6e-03  1.5e-01
 336  F 0   2.438e+06  -8e-05  0.99  1.0e-01  1.3e-05  8.2e-02  1.4e-01  2.2e-01  1.6e-03  2.2e-01
 337  T 0   2.438e+06   4e-07  0.99  7.0e-02  1.6e-05  7.0e-02  1.4e-01  2.4e-01  3.2e-03  2.4e-01
 338  T 0   2.438e+06  -3e-07  0.99  6.9e-02  1.7e-05  4.9e-02  1.1e-01  2.1e-01  1.7e-03  2.1e-01
 339  T 0   2.438e+06  -1e-08  0.99  8.2e-02  1.8e-05  8.2e-02  1.4e-01  2.2e-01  1.7e-03  2.2e-01
 340  T 0   2.438e+06   1e-05  0.99  9.9e-02  1.7e-05  7.1e-02  1.4e-01  2.3e-01  1.6e-03  2.4e-01
 341  F 0   2.438e+06  -1e-04  0.99  8.5e-02  2.2e-05  8.3e-02  1.7e-01  1.6e-01  1.2e-03  1.7e-01
 342  T 0   2.438e+06  -4e-05  0.99  1.0e-01  2.2e-05  6.9e-02  1.5e-01  1.7e-01  2.0e-03  1.7e-01
 343  T 0   2.438e+06   4e-05  0.99  8.2e-02  2.3e-05  7.6e-02  1.5e-01  1.6e-01  2.1e-03  1.6e-01
 344  F 0   2.438e+06  -1e-05  0.99  9.9e-02  2.0e-05  9.9e-02  1.7e-01  1.7e-01  2.1e-03  1.7e-01
 345  T 0   2.438e+06  -7e-05  0.99  7.6e-02  2.0e-05  6.9e-02  1.3e-01  1.7e-01  1.2e-03  1.7e-01
 346  T 0   2.438e+06  -4e-05  0.99  9.1e-02  2.3e-05  9.1e-02  1.6e-01  1.6e-01  1.3e-03  1.6e-01
 347  T 0   2.437e+06  -3e-06  0.99  1.0e-01  2.0e-05  1.0e-01  1.6e-01  1.6e-01  2.7e-03  1.6e-01
 348  T 0   2.437e+06  -2e-06  0.99  7.0e-02  2.0e-05  7.0e-02  1.4e-01  1.8e-01  1.5e-03  1.8e-01
 349  T 0   2.437e+06  -5e-06  0.99  5.9e-02  2.0e-05  5.8e-02  1.2e-01  1.6e-01  1.3e-03  1.6e-01
 350  T 0   2.437e+06  -7e-06  0.99  7.1e-02  2.0e-05  7.1e-02  1.7e-01  1.7e-01  1.4e-03  1.7e-01
 351  T 0   2.437e+06  -2e-06  0.99  8.5e-02  2.0e-05  8.4e-02  1.6e-01  1.6e-01  1.5e-03  1.6e-01
 352  T 0   2.436e+06  -2e-08  0.99  1.0e-01  2.0e-05  1.0e-01  2.1e-01  1.7e-01  2.2e-03  1.7e-01
 353  T 0   2.436e+06   2e-05  0.99  1.0e-01  1.8e-05  1.0e-01  2.2e-01  1.5e-01  2.0e-03  1.6e-01
 354  T 0   2.436e+06  -2e-05  0.99  1.0e-01  1.3e-05  9.9e-02  2.2e-01  1.6e-01  2.0e-03  1.6e-01
 355  T 0   2.436e+06   2e-05  0.99  1.0e-01  9.7e-06  1.0e-01  2.2e-01  1.8e-01  1.7e-03  1.8e-01
 356  T 0   2.435e+06   2e-05  0.99  1.0e-01  1.5e-05  1.0e-01  2.0e-01  1.9e-01  1.7e-03  2.0e-01
 357  T 0   2.435e+06  -3e-05  0.99  1.0e-01  2.0e-05  1.0e-01  2.1e-01  1.9e-01  1.1e-03  1.9e-01
 358  T 0   2.435e+06  -2e-08  0.99  1.0e-01  1.9e-05  1.0e-01  1.8e-01  1.9e-01  1.7e-03  1.9e-01
 359  T 0   2.435e+06  -1e-08  0.99  1.0e-01  2.3e-05  6.0e-02  1.4e-01  1.5e-01  2.0e-03  1.6e-01
 360  T 0   2.435e+06  -7e-07  0.99  1.0e-01  2.4e-05  7.2e-02  1.6e-01  1.6e-01  1.4e-03  1.6e-01
 361  T 0   2.435e+06   1e-06  0.99  8.2e-02  2.8e-05  8.2e-02  1.4e-01  1.8e-01  1.7e-03  1.9e-01
 362  T 0   2.435e+06  -3e-05  0.99  8.8e-02  2.7e-05  8.8e-02  1.5e-01  1.5e-01  1.9e-03  1.5e-01
 363  T 0   2.435e+06   4e-06  0.99  6.1e-02  3.0e-05  6.1e-02  1.1e-01  1.6e-01  1.4e-03  1.6e-01
 364  T 0   2.435e+06  -5e-06  0.99  4.8e-02  2.5e-05  4.8e-02  8.4e-02  1.6e-01  1.6e-03  1.6e-01
 365  T 0   2.435e+06  -9e-06  0.99  5.2e-02  2.8e-05  3.4e-02  7.5e-02  1.5e-01  1.5e-03  1.6e-01
 366  T 0   2.435e+06   2e-05  0.99  3.6e-02  2.4e-05  3.6e-02  7.6e-02  1.8e-01  1.9e-03  1.8e-01
 367  T 0   2.435e+06  -5e-06  0.99  2.8e-02  2.3e-05  2.8e-02  5.8e-02  1.5e-01  1.6e-03  1.5e-01
 368  T 0   2.435e+06  -1e-05  0.99  3.3e-02  2.3e-05  3.3e-02  6.5e-02  1.6e-01  1.5e-03  1.6e-01
 369  T 0   2.435e+06  -2e-09  0.99  2.9e-02  2.1e-05  2.3e-02  5.9e-02  1.6e-01  2.2e-03  1.6e-01
 370  T 0   2.434e+06   3e-05  0.99  3.5e-02  2.0e-05  2.8e-02  6.8e-02  1.6e-01  1.4e-03  1.6e-01
 371  T 0   2.434e+06  -1e-06  0.99  3.3e-02  1.8e-05  3.3e-02  7.6e-02  1.6e-01  8.8e-04  1.6e-01
 372  T 0   2.434e+06   3e-07  0.99  4.0e-02  1.6e-05  4.0e-02  8.3e-02  1.5e-01  1.7e-03  1.6e-01
 373  T 0   2.434e+06  -1e-05  0.99  4.8e-02  1.4e-05  4.8e-02  9.4e-02  1.8e-01  1.5e-03  1.8e-01
 374  T 0   2.434e+06   9e-06  0.99  5.7e-02  1.2e-05  5.7e-02  1.1e-01  1.8e-01  1.8e-03  1.8e-01
 375  T 0   2.434e+06   3e-05  0.99  6.9e-02  1.2e-05  6.9e-02  1.2e-01  1.5e-01  1.6e-03  1.6e-01
 376  T 0   2.433e+06  -1e-05  0.99  8.2e-02  1.5e-05  8.2e-02  1.4e-01  1.5e-01  1.9e-03  1.6e-01
 377  T 0   2.433e+06  -1e-05  0.99  9.9e-02  1.3e-05  6.9e-02  1.3e-01  1.6e-01  1.4e-03  1.6e-01
 378  T 0   2.433e+06  -2e-06  0.99  8.2e-02  1.4e-05  8.2e-02  1.6e-01  2.2e-01  1.4e-03  2.2e-01
 379  T 0   2.433e+06  -5e-06  0.99  9.9e-02  1.2e-05  8.6e-02  1.4e-01  1.7e-01  1.4e-03  1.7e-01
 380  T 0   2.433e+06  -4e-05  0.99  1.0e-01  1.3e-05  1.0e-01  1.8e-01  2.4e-01  1.4e-03  2.4e-01
 381  T 0   2.432e+06  -1e-08  0.99  1.0e-01  1.4e-05  1.0e-01  1.6e-01  2.0e-01  1.6e-03  2.1e-01
 382  T 0   2.432e+06  -1e-06  0.99  1.0e-01  1.5e-05  8.4e-02  1.4e-01  1.9e-01  2.0e-03  2.0e-01
 383  T 0   2.432e+06   7e-06  0.99  1.0e-01  1.2e-05  7.8e-02  1.3e-01  1.9e-01  2.2e-03  1.9e-01
 384  T 0   2.432e+06  -6e-09  0.99  1.0e-01  1.1e-05  6.0e-02  1.0e-01  1.6e-01  1.9e-03  1.6e-01
 385  T 0   2.432e+06   7e-06  0.99  7.0e-02  1.1e-05  7.0e-02  9.8e-02  1.7e-01  1.9e-03  1.8e-01
 386  T 0   2.432e+06  -2e-06  0.99  5.7e-02  7.9e-06  5.7e-02  9.5e-02  1.5e-01  1.1e-03  1.6e-01
 387  T 0   2.432e+06  -1e-07  0.99  6.9e-02  4.7e-06  6.9e-02  8.3e-02  1.6e-01  2.0e-03  1.6e-01
 388  T 0   2.432e+06  -7e-06  0.99  8.2e-02  5.5e-06  8.2e-02  9.7e-02  1.6e-01  1.5e-03  1.6e-01
 389  T 0   2.432e+06  -6e-06  0.99  9.9e-02  6.0e-06  8.9e-02  1.1e-01  1.6e-01  2.2e-03  1.6e-01
 390  T 0   2.432e+06  -4e-06  0.99  1.0e-01  6.0e-06  6.0e-02  8.6e-02  1.8e-01  2.6e-03  1.8e-01
 391  T 0   2.432e+06   8e-06  0.99  7.0e-02  5.9e-06  7.0e-02  7.8e-02  1.6e-01  1.5e-03  1.6e-01
 392  F 0   2.432e+06  -8e-06  0.99  4.9e-02  6.2e-06  4.9e-02  6.4e-02  2.0e-01  2.6e-03  2.0e-01
 393  T 0   2.432e+06   3e-05  0.99  3.4e-02  6.0e-06  3.4e-02  4.9e-02  2.1e-01  1.3e-03  2.1e-01
 394  F 0   2.432e+06  -4e-06  0.99  2.4e-02  5.3e-06  1.8e-02  3.6e-02  2.1e-01  1.2e-03  2.1e-01
 395  F 0   2.432e+06   1e-05  0.99  2.9e-02  5.7e-06  2.9e-02  4.9e-02  1.7e-01  9.1e-04  1.7e-01
 396  F 0   2.432e+06  -2e-05  0.99  2.6e-02  4.3e-06  2.0e-02  4.1e-02  1.5e-01  2.0e-03  1.6e-01
 397  F 0   2.432e+06  -2e-05  0.99  3.1e-02  4.8e-06  3.1e-02  4.3e-02  1.5e-01  1.4e-03  1.6e-01
 398  F 0   2.432e+06  -8e-06  0.99  2.2e-02  4.0e-06  2.2e-02  3.6e-02  1.6e-01  9.4e-04  1.6e-01
 399  F 0   2.432e+06  -2e-05  0.99  1.5e-02  3.2e-06  1.5e-02  2.7e-02  1.6e-01  1.5e-03  1.6e-01
 400  F 0   2.432e+06  -3e-05  0.99  1.8e-02  2.6e-06  1.8e-02  3.2e-02  1.6e-01  1.2e-03  1.6e-01
 401  T 0   2.432e+06   2e-05  0.99  1.3e-02  1.7e-06  1.3e-02  2.8e-02  2.0e-01  1.1e-03  2.1e-01
 402  F 0   2.432e+06  -2e-06  0.99  1.6e-02  1.7e-06  1.6e-02  2.6e-02  1.5e-01  1.2e-03  1.5e-01
 403  F 0   2.432e+06   2e-06  0.99  1.9e-02  1.6e-06  1.9e-02  2.8e-02  1.6e-01  1.5e-03  1.6e-01
 404  F 0   2.432e+06  -9e-06  0.99  2.3e-02  1.4e-06  2.3e-02  3.4e-02  1.7e-01  1.2e-03  1.7e-01
 405  F 0   2.432e+06  -3e-06  0.99  1.6e-02  1.1e-06  1.6e-02  2.8e-02  2.0e-01  1.2e-03  2.0e-01
 406  F 0   2.432e+06  -1e-05  0.99  1.4e-02  1.1e-06  1.4e-02  2.7e-02  2.1e-01  1.2e-03  2.1e-01
 407  F 0   2.432e+06  -2e-05  0.99  1.7e-02  8.0e-07  1.7e-02  2.8e-02  1.9e-01  1.5e-03  1.9e-01
 408  T 0   2.432e+06   1e-05  0.99  1.2e-02  8.5e-07  1.2e-02  2.6e-02  2.0e-01  1.1e-03  2.0e-01
 409  F 0   2.432e+06  -4e-05  0.99  1.3e-02  5.3e-07  1.3e-02  2.8e-02  1.5e-01  1.0e-03  1.5e-01
 410  F 0   2.432e+06  -7e-06  0.99  1.6e-02  8.7e-07  1.5e-02  2.9e-02  1.7e-01  1.4e-03  1.7e-01
 411  F 0   2.432e+06  -5e-06  0.99  1.8e-02  6.0e-07  1.8e-02  3.3e-02  1.9e-01  1.2e-03  1.9e-01
 412  F 0   2.432e+06   4e-07  0.99  2.2e-02  5.2e-07  2.2e-02  3.6e-02  1.7e-01  1.3e-03  1.7e-01
 413  F 0   2.432e+06  -9e-06  0.99  2.6e-02  7.5e-07  2.5e-02  3.3e-02  1.6e-01  1.2e-03  1.6e-01
 414  F 0   2.432e+06   8e-07  0.99  3.1e-02  1.5e-06  3.1e-02  3.6e-02  2.1e-01  1.6e-03  2.1e-01
 415  F 0   2.432e+06  -1e-06  0.99  3.8e-02  1.4e-06  3.8e-02  4.7e-02  1.5e-01  1.2e-03  1.5e-01
 416  F 0   2.432e+06   2e-06  0.99  2.6e-02  1.2e-06  2.6e-02  3.5e-02  1.5e-01  1.3e-03  1.5e-01
 417  F 0   2.432e+06  -7e-06  0.99  1.8e-02  9.4e-07  1.8e-02  2.3e-02  1.6e-01  1.9e-03  1.6e-01
 418  F 0   2.432e+06  -3e-07  0.99  1.3e-02  4.6e-07  1.3e-02  2.0e-02  1.6e-01  1.4e-03  1.6e-01
 419  T 0   2.432e+06   1e-05  0.99  1.3e-02  3.6e-07  1.3e-02  2.0e-02  1.6e-01  1.3e-03  1.6e-01
 420  F 0   2.432e+06  -7e-06  0.99  1.0e-02  3.3e-07  1.0e-02  1.8e-02  1.6e-01  1.2e-03  1.6e-01
 421  F 0   2.432e+06  -7e-06  0.99  1.2e-02  4.0e-07  1.1e-02  1.4e-02  1.6e-01  1.5e-03  1.6e-01
 422  T 0   2.432e+06   2e-05  0.99  1.5e-02  3.7e-07  1.5e-02  2.2e-02  1.6e-01  1.1e-03  1.6e-01
 423  F 0   2.432e+06  -9e-06  0.99  1.8e-02  3.2e-07  1.8e-02  2.6e-02  1.6e-01  1.2e-03  1.6e-01
 424  F 0   2.432e+06  -3e-05  0.99  2.1e-02  2.7e-07  1.9e-02  2.8e-02  1.6e-01  1.2e-03  1.6e-01
 425  F 0   2.432e+06  -9e-06  0.99  2.5e-02  2.7e-07  2.3e-02  3.1e-02  1.6e-01  1.3e-03  1.6e-01
 426  F 0   2.432e+06  -7e-06  0.99  3.0e-02  4.3e-07  3.0e-02  4.5e-02  1.6e-01  1.5e-03  1.6e-01
 427  F 0   2.432e+06  -2e-05  0.99  3.6e-02  1.6e-07  3.3e-02  4.8e-02  1.6e-01  1.3e-03  1.6e-01
 428  F 0   2.432e+06   1e-05  0.99  4.4e-02  2.8e-07  4.4e-02  6.2e-02  1.6e-01  1.5e-03  1.6e-01
 429  F 0   2.432e+06   8e-06  0.99  5.3e-02  1.6e-07  3.2e-02  5.3e-02  1.6e-01  9.5e-04  1.6e-01
 430  F 0   2.432e+06  -4e-05  0.99  6.3e-02  1.6e-06  6.3e-02  8.8e-02  1.7e-01  1.2e-03  1.7e-01
 431  F 0   2.432e+06  -2e-06  0.99  7.6e-02  7.5e-07  7.6e-02  9.2e-02  2.0e-01  2.1e-03  2.0e-01
 432  F 0   2.432e+06   2e-05  0.99  5.3e-02  8.6e-07  5.3e-02  7.3e-02  1.5e-01  1.8e-03  1.5e-01
 433  T 0   2.432e+06   3e-05  0.99  3.7e-02  1.9e-07  3.7e-02  5.2e-02  1.5e-01  1.1e-03  1.6e-01
 434  F 0   2.432e+06  -5e-05  0.99  2.6e-02  1.2e-06  2.6e-02  2.9e-02  1.6e-01  1.3e-03  1.6e-01
 435  F 0   2.432e+06   5e-06  0.99  2.8e-02  1.1e-06  2.8e-02  3.6e-02  1.6e-01  1.8e-03  1.6e-01
 436  F 0   2.432e+06  -4e-05  0.99  2.0e-02  6.0e-07  2.0e-02  2.7e-02  2.0e-01  1.7e-03  2.0e-01
 437  T 0   2.432e+06   3e-05  0.99  1.4e-02  6.2e-07  1.4e-02  1.9e-02  1.8e-01  1.1e-03  1.8e-01
 438  F 0   2.432e+06  -1e-06  0.99  9.7e-03  5.1e-07  9.7e-03  1.6e-02  2.0e-01  1.2e-03  2.0e-01
 439  T 0   2.432e+06   4e-05  0.99  6.8e-03  6.1e-07  6.8e-03  1.2e-02  2.0e-01  1.3e-03  2.0e-01
 440  F 0   2.432e+06  -2e-05  0.99  5.6e-03  1.6e-07  5.6e-03  9.4e-03  1.5e-01  1.0e-03  1.5e-01
 441  F 0   2.432e+06  -2e-06  0.99  3.9e-03  2.8e-07  3.9e-03  6.8e-03  1.5e-01  1.2e-03  1.6e-01
 442  F 0   2.432e+06  -8e-07  0.99  2.7e-03  1.8e-07  2.7e-03  5.5e-03  1.6e-01  1.1e-03  1.6e-01
 443  F 0   2.432e+06  -3e-05  0.99  3.3e-03  1.9e-07  3.3e-03  5.4e-03  2.3e-01  1.1e-03  2.3e-01
 444  F 0   2.432e+06  -1e-05  0.99  3.7e-03  1.6e-07  3.7e-03  5.3e-03  1.6e-01  1.1e-03  1.7e-01
 445  F 0   2.432e+06   8e-06  0.99  2.6e-03  1.6e-07  2.6e-03  4.2e-03  1.6e-01  1.1e-03  1.7e-01
 446  F 0   2.432e+06  -1e-05  0.99  1.9e-03  1.2e-07  1.9e-03  3.9e-03  1.7e-01  1.1e-03  1.7e-01
 447  F 0   2.432e+06  -6e-06  0.99  2.2e-03  1.7e-07  2.1e-03  3.9e-03  1.9e-01  1.3e-03  1.9e-01
 448  F 0   2.432e+06   3e-06  0.99  2.6e-03  1.3e-07  2.6e-03  4.4e-03  1.7e-01  1.3e-03  1.7e-01
 449  F 0   2.432e+06  -8e-06  0.99  3.1e-03  1.7e-07  3.1e-03  5.2e-03  1.8e-01  1.2e-03  1.8e-01
 450  F 0   2.432e+06   1e-05  0.99  3.8e-03  3.1e-07  3.8e-03  5.8e-03  1.6e-01  1.2e-03  1.6e-01
 451  F 0   2.432e+06  -1e-05  0.99  4.1e-03  1.6e-07  4.1e-03  5.7e-03  1.6e-01  9.3e-04  1.6e-01
 452  F 0   2.432e+06   6e-06  0.99  2.9e-03  2.2e-07  2.9e-03  4.3e-03  1.6e-01  9.2e-04  1.6e-01
 453  F 0   2.432e+06  -3e-06  0.99  2.0e-03  1.7e-07  2.0e-03  3.2e-03  1.8e-01  9.4e-04  1.8e-01
 454  F 0   2.432e+06  -6e-06  0.99  1.4e-03  9.3e-08  1.4e-03  2.7e-03  1.6e-01  9.3e-04  1.6e-01
 455  F 0   2.432e+06  -5e-06  0.99  1.1e-03  1.7e-07  1.1e-03  2.6e-03  1.8e-01  9.6e-04  1.8e-01
 456  F 0   2.432e+06   1e-05  0.99  1.3e-03  1.3e-07  1.3e-03  2.9e-03  2.0e-01  1.1e-03  2.0e-01
 457  F 0   2.432e+06  -9e-06  0.99  1.6e-03  1.9e-07  1.6e-03  3.2e-03  1.7e-01  1.1e-03  1.7e-01
 458  F 0   2.432e+06   1e-05  0.99  1.9e-03  1.5e-07  1.9e-03  3.1e-03  2.0e-01  1.1e-03  2.0e-01
 459  F 0   2.432e+06  -7e-06  0.99  1.3e-03  2.0e-07  1.3e-03  2.7e-03  1.8e-01  1.1e-03  1.8e-01
 460  F 0   2.432e+06   1e-05  0.99  9.2e-04  1.4e-07  9.2e-04  2.4e-03  1.6e-01  1.1e-03  1.6e-01
Termination on Convergence criteria
Total number of system evaluations: 461
