   k  l     Obj         Vio    Bou   ML       |KKT|    |dX|     ||dX||   T_s      T_o      T_t
   0  T 0   5.388e+09   2e-02  0.00  1.0e-01  7.5e+02  1.0e+00  1.0e+00  2.9e-01  0.0e+00  0.0e+00
   1  T 0   2.680e+09  -3e-05  0.00  1.0e-01  1.3e-02  1.0e-01  8.5e+00  2.3e-01  5.1e-03  2.4e-01
   2  T 0   1.318e+09  -3e-02  0.22  1.0e-01  4.9e-03  1.0e-01  7.6e+00  1.8e-01  1.4e-03  1.8e-01
   3  T 0   1.041e+09  -9e-02  0.22  1.0e-01  1.2e-02  1.0e-01  7.2e+00  2.0e-01  1.1e-03  2.0e-01
   4  T 0   6.289e+08  -1e-01  0.35  1.0e-01  1.7e-03  1.0e-01  6.9e+00  1.9e-01  1.1e-03  1.9e-01
   5  T 0   4.777e+08  -1e-01  0.39  1.0e-01  2.2e-03  1.0e-01  6.3e+00  2.0e-01  1.1e-03  2.0e-01
   6  T 0   3.473e+08  -1e-01  0.45  1.0e-01  9.1e-04  1.0e-01  6.2e+00  1.9e-01  1.1e-03  1.9e-01
   7  T 0   2.743e+08  -2e-01  0.51  1.0e-01  6.2e-04  1.0e-01  5.8e+00  2.0e-01  1.0e-03  2.0e-01
   8  T 0   2.281e+08  -2e-01  0.76  1.0e-01  1.4e-03  1.0e-01  5.6e+00  1.9e-01  1.0e-03  1.9e-01
   9  T 0   2.207e+08  -2e-01  0.76  1.0e-01  2.3e-02  1.0e-01  4.1e+00  1.9e-01  1.1e-03  1.9e-01
  10  T 0   2.029e+08  -1e-01  0.82  1.0e-01  2.7e-03  1.0e-01  4.0e+00  1.8e-01  1.1e-03  1.8e-01
  11  T 0   1.950e+08  -8e-02  0.82  1.0e-01  3.4e-04  1.0e-01  3.6e+00  2.2e-01  1.1e-03  2.2e-01
  12  T 0   1.891e+08  -5e-02  0.85  1.0e-01  6.4e-04  1.0e-01  3.5e+00  2.0e-01  9.1e-04  2.0e-01
  13  T 0   1.873e+08  -1e-02  0.85  1.0e-01  1.0e-04  1.0e-01  3.4e+00  2.2e-01  1.1e-03  2.2e-01
  14  T 0   1.861e+08  -8e-03  0.87  1.0e-01  1.7e-04  1.0e-01  3.4e+00  2.3e-01  9.1e-04  2.3e-01
  15  F 0   1.861e+08  -8e-03  0.87  7.0e-02  1.7e-04  0.0e+00  0.0e+00  2.7e-01  2.1e-03  2.7e-01
  15  T 1   1.826e+08  -2e-05  0.84  8.4e-02  1.3e-04  7.0e-02  2.3e+00  2.8e-01  2.0e-03  2.9e-01
  16  T 0   1.815e+08   1e-05  0.89  1.0e-01  1.3e-04  8.4e-02  2.6e+00  2.3e-01  1.9e-03  2.4e-01
  17  F 0   1.815e+08   1e-05  0.89  7.0e-02  1.3e-04  0.0e+00  0.0e+00  3.0e-01  1.9e-03  3.0e-01
  17  T 1   1.796e+08   4e-06  0.87  8.4e-02  9.3e-05  7.0e-02  2.2e+00  2.7e-01  2.1e-03  2.8e-01
  18  T 0   1.791e+08  -6e-06  0.90  1.0e-01  1.2e-04  8.4e-02  2.4e+00  2.4e-01  1.9e-03  2.4e-01
  19  F 0   1.791e+08  -6e-06  0.90  7.0e-02  1.2e-04  0.0e+00  0.0e+00  2.7e-01  1.8e-03  2.7e-01
  19  T 1   1.781e+08   4e-06  0.88  8.4e-02  9.9e-05  7.0e-02  2.1e+00  2.6e-01  1.7e-03  2.6e-01
  20  F 0   1.781e+08   4e-06  0.88  5.9e-02  9.9e-05  0.0e+00  0.0e+00  2.1e-01  2.1e-03  2.2e-01
  20  T 1   1.769e+08   3e-06  0.88  7.1e-02  8.7e-05  5.9e-02  1.7e+00  2.1e-01  2.0e-03  2.2e-01
  21  T 0   1.766e+08  -1e-05  0.89  8.5e-02  1.0e-04  7.1e-02  2.0e+00  2.5e-01  2.0e-03  2.5e-01
  22  F 0   1.766e+08  -1e-05  0.89  5.9e-02  1.0e-04  0.0e+00  0.0e+00  2.3e-01  2.0e-03  2.3e-01
  22  T 1   1.755e+08  -7e-05  0.89  7.1e-02  6.7e-05  5.9e-02  1.6e+00  2.1e-01  1.8e-03  2.2e-01
  23  T 0   1.751e+08   6e-06  0.91  8.5e-02  1.2e-04  7.1e-02  1.9e+00  2.2e-01  1.9e-03  2.2e-01
  24  F 0   1.751e+08   6e-06  0.91  6.0e-02  1.2e-04  0.0e+00  0.0e+00  2.1e-01  2.1e-03  2.2e-01
  24  T 1   1.745e+08  -6e-06  0.90  7.2e-02  6.7e-05  6.0e-02  1.6e+00  2.0e-01  1.9e-03  2.1e-01
  25  T 0   1.743e+08   2e-05  0.91  8.6e-02  2.0e-04  7.2e-02  1.9e+00  2.1e-01  1.7e-03  2.1e-01
  26  F 0   1.743e+08   2e-05  0.91  6.0e-02  2.0e-04  0.0e+00  0.0e+00  2.0e-01  1.9e-03  2.0e-01
  26  T 1   1.735e+08  -3e-05  0.90  7.2e-02  7.0e-05  6.0e-02  1.6e+00  2.3e-01  1.6e-03  2.3e-01
  27  T 0   1.728e+08  -5e-06  0.91  8.7e-02  9.6e-05  7.2e-02  1.9e+00  2.7e-01  2.0e-03  2.7e-01
  28  F 0   1.728e+08  -5e-06  0.91  6.1e-02  9.6e-05  0.0e+00  0.0e+00  2.4e-01  2.1e-03  2.4e-01
  28  T 1   1.723e+08   2e-05  0.91  7.3e-02  8.4e-05  6.1e-02  1.6e+00  2.4e-01  1.7e-03  2.4e-01
  29  T 0   1.722e+08   5e-06  0.93  8.7e-02  1.1e-04  7.3e-02  1.9e+00  2.1e-01  2.1e-03  2.1e-01
  30  F 0   1.722e+08   5e-06  0.93  6.1e-02  1.1e-04  0.0e+00  0.0e+00  3.2e-01  1.8e-03  3.3e-01
  30  T 1   1.716e+08  -2e-06  0.90  7.3e-02  8.8e-05  6.1e-02  1.6e+00  2.2e-01  1.7e-03  2.2e-01
  31  T 0   1.710e+08  -4e-07  0.93  8.8e-02  1.6e-04  7.3e-02  1.8e+00  2.6e-01  2.0e-03  2.6e-01
  32  F 0   1.710e+08  -4e-07  0.93  6.2e-02  1.6e-04  0.0e+00  0.0e+00  2.7e-01  2.0e-03  2.7e-01
  32  T 1   1.705e+08   7e-06  0.90  7.4e-02  1.5e-04  6.2e-02  1.6e+00  2.6e-01  1.8e-03  2.6e-01
  33  T 0   1.700e+08  -2e-05  0.93  8.9e-02  2.3e-04  7.4e-02  1.8e+00  2.7e-01  2.0e-03  2.7e-01
  34  F 0   1.700e+08  -2e-05  0.93  6.2e-02  2.3e-04  0.0e+00  0.0e+00  2.9e-01  2.8e-03  3.0e-01
  34  T 1   1.695e+08  -6e-06  0.91  7.5e-02  4.0e-04  6.2e-02  1.6e+00  3.0e-01  1.8e-03  3.0e-01
  35  T 0   1.691e+08   4e-06  0.94  9.0e-02  4.0e-04  7.5e-02  1.8e+00  2.9e-01  2.0e-03  3.0e-01
  36  F 0   1.691e+08   4e-06  0.94  6.3e-02  4.0e-04  0.0e+00  0.0e+00  2.6e-01  2.0e-03  2.6e-01
  36  T 1   1.684e+08  -1e-06  0.91  7.5e-02  5.4e-04  6.3e-02  1.6e+00  2.6e-01  1.7e-03  2.7e-01
  37  T 0   1.674e+08   5e-06  0.94  9.0e-02  7.0e-04  7.5e-02  1.8e+00  2.5e-01  1.8e-03  2.5e-01
  38  F 0   1.674e+08   5e-06  0.94  6.3e-02  7.0e-04  0.0e+00  0.0e+00  2.7e-01  1.8e-03  2.7e-01
  38  T 1   1.665e+08   2e-06  0.91  7.6e-02  4.8e-04  6.3e-02  1.6e+00  2.2e-01  1.5e-03  2.3e-01
  39  T 0   1.658e+08  -6e-06  0.94  9.1e-02  4.0e-04  7.6e-02  1.8e+00  2.3e-01  4.2e-03  2.3e-01
  40  F 0   1.658e+08  -6e-06  0.94  6.4e-02  4.0e-04  0.0e+00  0.0e+00  2.1e-01  1.9e-03  2.1e-01
  40  T 1   1.650e+08  -1e-06  0.91  7.6e-02  2.3e-04  6.4e-02  1.6e+00  2.1e-01  1.8e-03  2.1e-01
  41  F 0   1.650e+08  -1e-06  0.91  5.3e-02  2.3e-04  0.0e+00  0.0e+00  2.0e-01  1.8e-03  2.0e-01
  41  T 1   1.643e+08   6e-06  0.91  6.4e-02  2.6e-04  5.3e-02  1.4e+00  2.0e-01  1.7e-03  2.1e-01
  42  T 0   1.639e+08   5e-06  0.92  7.7e-02  2.9e-04  6.4e-02  1.5e+00  2.0e-01  2.1e-03  2.1e-01
  43  F 0   1.639e+08   5e-06  0.92  5.4e-02  2.9e-04  0.0e+00  0.0e+00  2.0e-01  1.8e-03  2.0e-01
  43  T 1   1.633e+08  -2e-06  0.92  6.5e-02  1.7e-04  5.4e-02  1.3e+00  2.0e-01  1.7e-03  2.0e-01
  44  T 0   1.632e+08  -5e-05  0.93  7.8e-02  1.1e-04  6.5e-02  1.5e+00  2.0e-01  1.8e-03  2.0e-01
  45  F 0   1.632e+08  -5e-05  0.93  5.4e-02  1.1e-04  0.0e+00  0.0e+00  2.0e-01  1.8e-03  2.0e-01
  45  T 1   1.627e+08  -1e-05  0.93  6.5e-02  9.1e-05  5.4e-02  1.3e+00  2.0e-01  1.5e-03  2.0e-01
  46  T 0   1.625e+08   7e-07  0.94  7.8e-02  5.7e-05  6.5e-02  1.5e+00  2.0e-01  1.7e-03  2.0e-01
  47  F 0   1.625e+08   7e-07  0.94  5.5e-02  5.7e-05  0.0e+00  0.0e+00  2.0e-01  1.9e-03  2.0e-01
  47  T 1   1.621e+08  -3e-05  0.93  6.6e-02  5.4e-05  5.5e-02  1.2e+00  2.0e-01  1.5e-03  2.0e-01
  48  T 0   1.620e+08  -2e-05  0.94  7.9e-02  5.6e-05  6.6e-02  1.4e+00  2.0e-01  1.9e-03  2.1e-01
  49  F 0   1.620e+08  -2e-05  0.94  5.5e-02  5.6e-05  0.0e+00  0.0e+00  2.1e-01  1.8e-03  2.1e-01
  49  T 1   1.617e+08   2e-06  0.93  6.6e-02  7.6e-05  5.5e-02  1.2e+00  2.3e-01  1.8e-03  2.3e-01
  50  T 0   1.615e+08  -2e-06  0.95  8.0e-02  5.3e-05  6.6e-02  1.4e+00  2.1e-01  2.1e-03  2.1e-01
  51  F 0   1.615e+08  -2e-06  0.95  5.6e-02  5.3e-05  0.0e+00  0.0e+00  2.2e-01  1.8e-03  2.2e-01
  51  T 1   1.613e+08   3e-06  0.94  6.7e-02  5.2e-05  5.6e-02  1.2e+00  2.8e-01  1.9e-03  2.8e-01
  52  T 0   1.611e+08   9e-06  0.95  8.0e-02  4.9e-05  6.7e-02  1.4e+00  2.2e-01  2.2e-03  2.2e-01
  53  F 0   1.611e+08   9e-06  0.95  5.6e-02  4.9e-05  0.0e+00  0.0e+00  2.4e-01  1.8e-03  2.5e-01
  53  T 1   1.609e+08   8e-05  0.94  6.7e-02  4.8e-05  5.6e-02  1.2e+00  2.2e-01  1.6e-03  2.2e-01
  54  F 0   1.609e+08   8e-05  0.94  4.7e-02  4.8e-05  0.0e+00  0.0e+00  2.0e-01  2.2e-03  2.1e-01
  54  T 1   1.607e+08   4e-07  0.94  5.7e-02  3.8e-05  4.7e-02  9.7e-01  2.2e-01  2.0e-03  2.2e-01
  55  T 0   1.603e+08   9e-06  0.95  6.8e-02  3.5e-05  5.7e-02  1.1e+00  2.3e-01  2.1e-03  2.4e-01
  56  T 0   1.602e+08   5e-06  0.96  8.1e-02  4.4e-05  6.8e-02  1.3e+00  2.2e-01  1.8e-03  2.2e-01
  57  F 0   1.602e+08   5e-06  0.96  5.7e-02  4.4e-05  0.0e+00  0.0e+00  2.7e-01  1.8e-03  2.7e-01
  57  T 1   1.602e+08   2e-05  0.95  6.8e-02  4.6e-05  5.7e-02  1.1e+00  2.1e-01  1.2e-03  2.2e-01
  58  F 0   1.602e+08   2e-05  0.95  4.8e-02  4.6e-05  0.0e+00  0.0e+00  2.1e-01  1.4e-03  2.1e-01
  58  T 1   1.601e+08  -4e-05  0.95  5.7e-02  3.8e-05  4.8e-02  9.3e-01  2.1e-01  1.8e-03  2.1e-01
  59  T 0   1.601e+08   2e-05  0.95  6.9e-02  4.5e-05  5.7e-02  1.1e+00  2.3e-01  1.8e-03  2.3e-01
  60  F 0   1.601e+08   2e-05  0.95  4.8e-02  4.5e-05  0.0e+00  0.0e+00  2.2e-01  1.5e-03  2.2e-01
  60  T 1   1.601e+08   4e-07  0.95  5.8e-02  4.2e-05  4.8e-02  9.3e-01  2.2e-01  1.0e-03  2.2e-01
  61  T 0   1.600e+08   3e-05  0.96  7.0e-02  4.4e-05  5.8e-02  1.1e+00  2.2e-01  1.7e-03  2.2e-01
  62  F 0   1.600e+08   3e-05  0.96  4.9e-02  4.4e-05  0.0e+00  0.0e+00  2.7e-01  1.4e-03  2.8e-01
  62  F 1   1.600e+08   3e-05  0.96  3.4e-02  4.4e-05  0.0e+00  0.0e+00  2.3e-01  1.5e-03  2.3e-01
  62  T 2   1.598e+08  -1e-05  0.95  4.1e-02  3.2e-05  3.4e-02  6.6e-01  2.1e-01  1.3e-03  2.2e-01
  63  T 0   1.594e+08  -1e-05  0.96  4.9e-02  2.6e-05  4.1e-02  7.7e-01  2.2e-01  1.6e-03  2.2e-01
  64  T 0   1.592e+08  -1e-05  0.96  5.9e-02  1.7e-05  4.9e-02  8.3e-01  2.5e-01  1.8e-03  2.5e-01
  65  T 0   1.591e+08  -8e-06  0.97  7.1e-02  2.2e-05  5.9e-02  9.4e-01  2.3e-01  1.8e-03  2.3e-01
  66  T 0   1.590e+08  -8e-07  0.97  8.5e-02  3.2e-05  7.1e-02  1.1e+00  2.1e-01  1.8e-03  2.1e-01
  67  F 0   1.590e+08  -8e-07  0.97  5.9e-02  3.2e-05  0.0e+00  0.0e+00  2.2e-01  1.8e-03  2.2e-01
  67  F 1   1.590e+08  -8e-07  0.97  4.2e-02  3.2e-05  0.0e+00  0.0e+00  2.5e-01  1.9e-03  2.6e-01
  67  T 2   1.589e+08   7e-08  0.96  5.0e-02  2.5e-05  4.2e-02  7.2e-01  2.2e-01  2.0e-03  2.2e-01
  68  T 0   1.588e+08  -2e-07  0.97  6.0e-02  2.1e-05  5.0e-02  8.2e-01  2.1e-01  4.8e-03  2.2e-01
  69  F 0   1.588e+08  -2e-07  0.97  4.2e-02  2.1e-05  0.0e+00  0.0e+00  2.3e-01  1.8e-03  2.3e-01
  69  T 1   1.587e+08   8e-06  0.96  5.0e-02  1.9e-05  4.2e-02  6.8e-01  3.3e-01  2.1e-03  3.3e-01
  70  T 0   1.587e+08  -1e-06  0.97  6.0e-02  2.4e-05  5.0e-02  7.9e-01  2.5e-01  2.4e-03  2.5e-01
  71  F 0   1.587e+08  -1e-06  0.97  4.2e-02  2.4e-05  0.0e+00  0.0e+00  2.5e-01  3.3e-03  2.6e-01
  71  T 1   1.586e+08   9e-06  0.96  5.1e-02  2.0e-05  4.2e-02  6.9e-01  2.8e-01  1.9e-03  2.8e-01
  72  T 0   1.586e+08   2e-05  0.97  6.1e-02  2.4e-05  5.1e-02  7.9e-01  2.3e-01  1.9e-03  2.4e-01
  73  F 0   1.586e+08   2e-05  0.97  4.3e-02  2.4e-05  0.0e+00  0.0e+00  2.4e-01  1.9e-03  2.4e-01
  73  T 1   1.586e+08   4e-06  0.96  5.1e-02  2.0e-05  4.3e-02  6.9e-01  2.7e-01  1.5e-03  2.7e-01
  74  T 0   1.585e+08   3e-05  0.97  6.1e-02  2.3e-05  5.1e-02  7.9e-01  2.6e-01  1.9e-03  2.6e-01
  75  F 0   1.585e+08   3e-05  0.97  4.3e-02  2.3e-05  0.0e+00  0.0e+00  2.9e-01  2.1e-03  2.9e-01
  75  T 1   1.584e+08   1e-05  0.96  5.1e-02  2.0e-05  4.3e-02  6.8e-01  2.1e-01  1.7e-03  2.1e-01
  76  T 0   1.584e+08  -2e-05  0.97  6.2e-02  2.3e-05  5.1e-02  7.9e-01  2.4e-01  1.8e-03  2.4e-01
  77  F 0   1.584e+08  -2e-05  0.97  4.3e-02  2.3e-05  0.0e+00  0.0e+00  2.5e-01  1.9e-03  2.5e-01
  77  T 1   1.584e+08  -5e-06  0.97  5.2e-02  2.1e-05  4.3e-02  6.9e-01  2.2e-01  1.9e-03  2.2e-01
  78  F 0   1.584e+08  -5e-06  0.97  3.6e-02  2.1e-05  0.0e+00  0.0e+00  2.2e-01  1.7e-03  2.2e-01
  78  T 1   1.583e+08   9e-06  0.97  4.4e-02  1.6e-05  3.6e-02  5.7e-01  2.3e-01  2.0e-03  2.3e-01
  79  T 0   1.582e+08   2e-05  0.97  5.2e-02  1.5e-05  4.4e-02  6.7e-01  2.2e-01  1.9e-03  2.2e-01
  80  T 0   1.582e+08  -3e-05  0.97  6.3e-02  2.0e-05  5.2e-02  7.8e-01  2.3e-01  1.7e-03  2.3e-01
  81  F 0   1.582e+08  -3e-05  0.97  4.4e-02  2.0e-05  0.0e+00  0.0e+00  2.1e-01  2.0e-03  2.1e-01
  81  T 1   1.582e+08  -8e-06  0.97  5.3e-02  2.1e-05  4.4e-02  6.8e-01  2.0e-01  1.4e-03  2.1e-01
  82  F 0   1.582e+08  -8e-06  0.97  3.7e-02  2.1e-05  0.0e+00  0.0e+00  2.2e-01  1.8e-03  2.2e-01
  82  T 1   1.581e+08  -5e-06  0.97  4.4e-02  1.7e-05  3.7e-02  5.7e-01  2.1e-01  1.5e-03  2.1e-01
  83  T 0   1.581e+08  -8e-05  0.97  5.3e-02  1.9e-05  4.4e-02  6.5e-01  2.3e-01  1.4e-03  2.3e-01
  84  F 0   1.581e+08  -8e-05  0.97  3.7e-02  1.9e-05  0.0e+00  0.0e+00  2.4e-01  1.9e-03  2.4e-01
  84  T 1   1.580e+08   6e-05  0.97  4.5e-02  1.8e-05  3.7e-02  5.5e-01  2.3e-01  1.2e-03  2.3e-01
  85  T 0   1.580e+08   1e-05  0.97  5.4e-02  1.7e-05  4.5e-02  6.6e-01  2.7e-01  1.4e-03  2.7e-01
  86  F 0   1.580e+08   1e-05  0.97  3.7e-02  1.7e-05  0.0e+00  0.0e+00  2.1e-01  1.7e-03  2.1e-01
  86  T 1   1.580e+08   1e-06  0.97  4.5e-02  2.1e-05  3.7e-02  5.5e-01  2.7e-01  1.6e-03  2.7e-01
  87  F 0   1.580e+08   1e-06  0.97  3.1e-02  2.1e-05  0.0e+00  0.0e+00  2.1e-01  1.5e-03  2.1e-01
  87  T 1   1.580e+08   8e-06  0.97  3.8e-02  1.5e-05  3.1e-02  4.7e-01  2.1e-01  9.5e-04  2.1e-01
  88  T 0   1.579e+08  -1e-05  0.97  4.5e-02  1.3e-05  3.8e-02  5.4e-01  2.1e-01  1.6e-03  2.1e-01
  89  F 0   1.579e+08  -1e-05  0.97  3.2e-02  1.3e-05  0.0e+00  0.0e+00  2.4e-01  1.8e-03  2.4e-01
  89  T 1   1.579e+08   3e-06  0.97  3.8e-02  1.5e-05  3.2e-02  4.4e-01  2.0e-01  1.3e-03  2.0e-01
  90  T 0   1.579e+08  -9e-06  0.97  4.6e-02  1.4e-05  3.8e-02  5.3e-01  2.0e-01  1.6e-03  2.0e-01
  91  F 0   1.579e+08  -9e-06  0.97  3.2e-02  1.4e-05  0.0e+00  0.0e+00  2.0e-01  1.8e-03  2.0e-01
  91  T 1   1.579e+08   4e-06  0.97  3.8e-02  1.4e-05  3.2e-02  4.6e-01  2.4e-01  1.5e-03  2.4e-01
  92  T 0   1.578e+08   8e-06  0.97  4.6e-02  1.5e-05  3.8e-02  5.4e-01  2.1e-01  1.6e-03  2.1e-01
  93  F 0   1.578e+08   8e-06  0.97  3.2e-02  1.5e-05  0.0e+00  0.0e+00  2.2e-01  1.8e-03  2.2e-01
  93  T 1   1.578e+08  -4e-06  0.97  3.9e-02  1.4e-05  3.2e-02  4.6e-01  2.0e-01  1.6e-03  2.0e-01
  94  T 0   1.578e+08  -7e-06  0.98  4.6e-02  1.5e-05  3.9e-02  5.4e-01  2.1e-01  1.8e-03  2.1e-01
  95  F 0   1.578e+08  -7e-06  0.98  3.3e-02  1.5e-05  0.0e+00  0.0e+00  2.0e-01  2.0e-03  2.0e-01
  95  T 1   1.578e+08   4e-05  0.97  3.9e-02  1.4e-05  3.3e-02  4.6e-01  2.0e-01  1.4e-03  2.0e-01
  96  T 0   1.577e+08  -8e-06  0.98  4.7e-02  1.6e-05  3.9e-02  5.3e-01  2.1e-01  2.2e-03  2.1e-01
  97  F 0   1.577e+08  -8e-06  0.98  3.3e-02  1.6e-05  0.0e+00  0.0e+00  2.1e-01  1.8e-03  2.2e-01
  97  T 1   1.577e+08   4e-06  0.97  3.9e-02  1.4e-05  3.3e-02  4.6e-01  2.8e-01  1.5e-03  2.9e-01
  98  T 0   1.577e+08   2e-05  0.98  4.7e-02  1.6e-05  3.9e-02  5.2e-01  2.3e-01  2.0e-03  2.3e-01
  99  F 0   1.577e+08   2e-05  0.98  3.3e-02  1.6e-05  0.0e+00  0.0e+00  2.1e-01  2.0e-03  2.1e-01
  99  T 1   1.577e+08  -1e-05  0.97  4.0e-02  1.5e-05  3.3e-02  4.6e-01  2.1e-01  1.6e-03  2.1e-01
 100  F 0   1.577e+08  -1e-05  0.97  2.8e-02  1.5e-05  0.0e+00  0.0e+00  2.4e-01  1.9e-03  2.4e-01
 100  T 1   1.577e+08   3e-05  0.97  3.3e-02  1.3e-05  2.8e-02  3.9e-01  2.0e-01  1.8e-03  2.1e-01
 101  T 0   1.576e+08   5e-06  0.98  4.0e-02  1.3e-05  3.3e-02  4.4e-01  2.2e-01  2.2e-03  2.2e-01
 102  F 0   1.576e+08   5e-06  0.98  2.8e-02  1.3e-05  0.0e+00  0.0e+00  2.1e-01  1.9e-03  2.2e-01
 102  T 1   1.576e+08  -3e-06  0.98  3.4e-02  1.1e-05  2.8e-02  3.7e-01  2.4e-01  1.8e-03  2.4e-01
 103  T 0   1.576e+08   2e-05  0.98  4.0e-02  1.4e-05  3.4e-02  4.4e-01  2.2e-01  1.9e-03  2.2e-01
 104  F 0   1.576e+08   2e-05  0.98  2.8e-02  1.4e-05  0.0e+00  0.0e+00  2.4e-01  2.0e-03  2.4e-01
 104  T 1   1.576e+08  -5e-05  0.98  3.4e-02  1.3e-05  2.8e-02  3.7e-01  2.4e-01  1.6e-03  2.5e-01
 105  T 0   1.576e+08   1e-05  0.98  4.1e-02  1.5e-05  3.4e-02  4.5e-01  2.7e-01  1.9e-03  2.7e-01
 106  F 0   1.576e+08   1e-05  0.98  2.8e-02  1.5e-05  0.0e+00  0.0e+00  2.4e-01  1.9e-03  2.5e-01
 106  T 1   1.576e+08  -3e-05  0.98  3.4e-02  1.2e-05  2.8e-02  3.7e-01  2.3e-01  1.7e-03  2.3e-01
 107  T 0   1.575e+08  -2e-05  0.98  4.1e-02  1.2e-05  3.4e-02  4.4e-01  2.3e-01  2.1e-03  2.3e-01
 108  F 0   1.575e+08  -2e-05  0.98  2.9e-02  1.2e-05  0.0e+00  0.0e+00  2.2e-01  2.0e-03  2.2e-01
 108  T 1   1.575e+08   8e-06  0.98  3.4e-02  1.2e-05  2.9e-02  3.8e-01  2.2e-01  1.5e-03  2.2e-01
 109  F 0   1.575e+08   8e-06  0.98  2.4e-02  1.2e-05  0.0e+00  0.0e+00  2.2e-01  1.9e-03  2.2e-01
 109  T 1   1.575e+08  -2e-05  0.98  2.9e-02  1.1e-05  2.4e-02  3.2e-01  2.3e-01  1.3e-03  2.3e-01
 110  T 0   1.575e+08   5e-06  0.98  3.5e-02  9.5e-06  2.9e-02  3.7e-01  2.0e-01  1.6e-03  2.0e-01
 111  F 0   1.575e+08   5e-06  0.98  2.4e-02  9.5e-06  0.0e+00  0.0e+00  2.0e-01  1.8e-03  2.0e-01
 111  T 1   1.575e+08   4e-06  0.98  2.9e-02  1.0e-05  2.4e-02  3.2e-01  2.0e-01  1.4e-03  2.0e-01
 112  T 0   1.575e+08   2e-06  0.98  3.5e-02  1.1e-05  2.9e-02  3.7e-01  2.0e-01  2.0e-03  2.0e-01
 113  F 0   1.575e+08   2e-06  0.98  2.4e-02  1.1e-05  0.0e+00  0.0e+00  2.1e-01  1.6e-03  2.1e-01
 113  T 1   1.575e+08  -8e-07  0.98  2.9e-02  9.8e-06  2.4e-02  3.2e-01  2.5e-01  1.4e-03  2.5e-01
 114  T 0   1.574e+08   8e-06  0.98  3.5e-02  1.2e-05  2.9e-02  3.8e-01  2.4e-01  1.6e-03  2.4e-01
 115  F 0   1.574e+08   8e-06  0.98  2.5e-02  1.2e-05  0.0e+00  0.0e+00  3.0e-01  1.8e-03  3.0e-01
 115  T 1   1.574e+08  -5e-05  0.98  3.0e-02  9.9e-06  2.5e-02  3.3e-01  3.0e-01  1.4e-03  3.1e-01
 116  T 0   1.574e+08  -1e-06  0.98  3.5e-02  1.3e-05  3.0e-02  3.8e-01  2.2e-01  2.7e-03  2.2e-01
 117  F 0   1.574e+08  -1e-06  0.98  2.5e-02  1.3e-05  0.0e+00  0.0e+00  2.1e-01  1.9e-03  2.1e-01
 117  T 1   1.574e+08  -6e-06  0.98  3.0e-02  1.0e-05  2.5e-02  3.3e-01  2.1e-01  1.4e-03  2.1e-01
 118  T 0   1.574e+08   4e-05  0.98  3.6e-02  1.2e-05  3.0e-02  3.8e-01  2.1e-01  1.9e-03  2.1e-01
 119  F 0   1.574e+08   4e-05  0.98  2.5e-02  1.2e-05  0.0e+00  0.0e+00  2.0e-01  2.1e-03  2.1e-01
 119  T 1   1.574e+08   6e-06  0.98  3.0e-02  9.7e-06  2.5e-02  3.3e-01  2.3e-01  1.6e-03  2.3e-01
 120  T 0   1.574e+08   5e-05  0.98  3.6e-02  1.3e-05  3.0e-02  3.8e-01  2.2e-01  1.8e-03  2.2e-01
 121  F 0   1.574e+08   5e-05  0.98  2.5e-02  1.3e-05  0.0e+00  0.0e+00  2.1e-01  2.0e-03  2.2e-01
 121  T 1   1.574e+08  -1e-05  0.98  3.0e-02  1.0e-05  2.5e-02  3.3e-01  2.6e-01  1.3e-03  2.6e-01
 122  T 0   1.574e+08   3e-05  0.98  3.6e-02  1.4e-05  3.0e-02  3.9e-01  2.6e-01  2.0e-03  2.6e-01
 123  F 0   1.574e+08   3e-05  0.98  2.5e-02  1.4e-05  0.0e+00  0.0e+00  2.2e-01  1.9e-03  2.2e-01
 123  T 1   1.573e+08   3e-05  0.98  3.1e-02  1.1e-05  2.5e-02  3.4e-01  2.3e-01  1.9e-03  2.3e-01
 124  T 0   1.573e+08  -2e-06  0.98  3.7e-02  1.3e-05  3.1e-02  3.8e-01  2.2e-01  1.6e-03  2.3e-01
 125  F 0   1.573e+08  -2e-06  0.98  2.6e-02  1.3e-05  0.0e+00  0.0e+00  2.4e-01  1.4e-03  2.4e-01
 125  T 1   1.573e+08  -6e-06  0.98  3.1e-02  1.0e-05  2.6e-02  3.4e-01  2.0e-01  1.1e-03  2.1e-01
 126  T 0   1.573e+08  -1e-06  0.98  3.7e-02  1.4e-05  3.1e-02  3.9e-01  2.5e-01  2.0e-03  2.6e-01
 127  F 0   1.573e+08  -1e-06  0.98  2.6e-02  1.4e-05  0.0e+00  0.0e+00  2.1e-01  1.8e-03  2.1e-01
 127  T 1   1.573e+08   5e-07  0.98  3.1e-02  1.1e-05  2.6e-02  3.4e-01  2.1e-01  1.6e-03  2.1e-01
 128  T 0   1.573e+08  -2e-07  0.98  3.7e-02  1.4e-05  3.1e-02  3.8e-01  2.3e-01  2.0e-03  2.3e-01
 129  F 0   1.573e+08  -2e-07  0.98  2.6e-02  1.4e-05  0.0e+00  0.0e+00  2.4e-01  1.8e-03  2.4e-01
 129  T 1   1.573e+08   4e-06  0.98  3.1e-02  1.1e-05  2.6e-02  3.3e-01  2.6e-01  1.1e-03  2.6e-01
 130  T 0   1.573e+08   2e-04  0.98  3.8e-02  1.4e-05  3.1e-02  3.8e-01  2.3e-01  1.9e-03  2.3e-01
 131  F 0   1.573e+08   2e-04  0.98  2.6e-02  1.4e-05  0.0e+00  0.0e+00  2.2e-01  1.8e-03  2.2e-01
 131  T 1   1.573e+08   4e-05  0.98  3.2e-02  1.1e-05  2.6e-02  3.4e-01  2.1e-01  1.4e-03  2.1e-01
 132  F 0   1.573e+08   4e-05  0.98  2.2e-02  1.1e-05  0.0e+00  0.0e+00  2.3e-01  1.8e-03  2.3e-01
 132  T 1   1.573e+08   4e-06  0.98  2.6e-02  1.1e-05  2.2e-02  2.9e-01  2.1e-01  1.6e-03  2.1e-01
 133  T 0   1.572e+08   4e-06  0.98  3.2e-02  1.1e-05  2.6e-02  3.4e-01  2.1e-01  1.8e-03  2.1e-01
 134  F 0   1.572e+08   4e-06  0.98  2.2e-02  1.1e-05  0.0e+00  0.0e+00  2.1e-01  1.8e-03  2.1e-01
 134  T 1   1.572e+08  -5e-06  0.98  2.7e-02  1.0e-05  2.2e-02  2.8e-01  2.1e-01  1.3e-03  2.1e-01
 135  T 0   1.572e+08   1e-06  0.98  3.2e-02  1.2e-05  2.7e-02  3.4e-01  2.1e-01  1.7e-03  2.1e-01
 136  F 0   1.572e+08   1e-06  0.98  2.2e-02  1.2e-05  0.0e+00  0.0e+00  2.1e-01  1.8e-03  2.1e-01
 136  T 1   1.572e+08   6e-06  0.98  2.7e-02  9.6e-06  2.2e-02  2.9e-01  2.2e-01  1.8e-03  2.2e-01
 137  T 0   1.572e+08   2e-07  0.98  3.2e-02  1.1e-05  2.7e-02  3.4e-01  2.1e-01  1.8e-03  2.1e-01
 138  F 0   1.572e+08   2e-07  0.98  2.3e-02  1.1e-05  0.0e+00  0.0e+00  2.4e-01  1.8e-03  2.5e-01
 138  T 1   1.572e+08  -2e-05  0.98  2.7e-02  1.2e-05  2.3e-02  2.8e-01  2.1e-01  1.6e-03  2.1e-01
 139  F 0   1.572e+08  -2e-05  0.98  1.9e-02  1.2e-05  0.0e+00  0.0e+00  2.8e-01  1.6e-03  2.9e-01
 139  T 1   1.572e+08   5e-06  0.98  2.3e-02  9.6e-06  1.9e-02  2.4e-01  2.2e-01  1.3e-03  2.2e-01
 140  T 0   1.572e+08  -2e-05  0.98  2.7e-02  9.6e-06  2.3e-02  2.8e-01  2.1e-01  1.9e-03  2.1e-01
 141  F 0   1.572e+08  -2e-05  0.98  1.9e-02  9.6e-06  0.0e+00  0.0e+00  2.0e-01  1.6e-03  2.1e-01
 141  T 1   1.572e+08  -6e-06  0.98  2.3e-02  9.6e-06  1.9e-02  2.4e-01  2.3e-01  1.3e-03  2.4e-01
 142  T 0   1.572e+08   2e-06  0.98  2.8e-02  8.6e-06  2.3e-02  2.8e-01  2.3e-01  1.6e-03  2.4e-01
 143  F 0   1.572e+08   2e-06  0.98  1.9e-02  8.6e-06  0.0e+00  0.0e+00  2.4e-01  1.8e-03  2.4e-01
 143  T 1   1.572e+08   6e-06  0.98  2.3e-02  9.3e-06  1.9e-02  2.4e-01  2.4e-01  1.5e-03  2.5e-01
 144  T 0   1.572e+08  -1e-05  0.98  2.8e-02  1.1e-05  2.3e-02  2.9e-01  2.1e-01  1.8e-03  2.1e-01
 145  F 0   1.572e+08  -1e-05  0.98  1.9e-02  1.1e-05  0.0e+00  0.0e+00  2.2e-01  1.5e-03  2.2e-01
 145  T 1   1.572e+08  -3e-06  0.98  2.3e-02  9.3e-06  1.9e-02  2.4e-01  2.4e-01  9.1e-04  2.4e-01
 146  T 0   1.571e+08   3e-06  0.98  2.8e-02  7.1e-06  2.3e-02  2.9e-01  2.6e-01  1.6e-03  2.6e-01
 147  F 0   1.571e+08   3e-06  0.98  2.0e-02  7.1e-06  0.0e+00  0.0e+00  2.0e-01  1.6e-03  2.0e-01
 147  T 1   1.571e+08   4e-06  0.98  2.4e-02  8.8e-06  2.0e-02  2.4e-01  2.2e-01  1.2e-03  2.2e-01
 148  T 0   1.571e+08  -1e-05  0.98  2.8e-02  1.0e-05  2.4e-02  2.8e-01  2.4e-01  1.8e-03  2.4e-01
 149  F 0   1.571e+08  -1e-05  0.98  2.0e-02  1.0e-05  0.0e+00  0.0e+00  2.4e-01  1.9e-03  2.4e-01
 149  T 1   1.571e+08   4e-06  0.98  2.4e-02  9.4e-06  2.0e-02  2.5e-01  2.1e-01  1.4e-03  2.1e-01
 150  T 0   1.571e+08  -8e-06  0.98  2.8e-02  9.4e-06  2.4e-02  2.9e-01  2.1e-01  1.7e-03  2.1e-01
 151  F 0   1.571e+08  -8e-06  0.98  2.0e-02  9.4e-06  0.0e+00  0.0e+00  2.1e-01  1.6e-03  2.1e-01
 151  T 1   1.571e+08   6e-07  0.98  2.4e-02  9.0e-06  2.0e-02  2.5e-01  2.1e-01  1.8e-03  2.1e-01
 152  F 0   1.571e+08   6e-07  0.98  1.7e-02  9.0e-06  0.0e+00  0.0e+00  2.2e-01  1.8e-03  2.2e-01
 152  T 1   1.571e+08   1e-05  0.98  2.0e-02  7.3e-06  1.7e-02  2.1e-01  2.4e-01  1.6e-03  2.4e-01
 153  T 0   1.571e+08  -8e-06  0.98  2.4e-02  4.9e-06  2.0e-02  2.5e-01  2.2e-01  1.6e-03  2.2e-01
 154  T 0   1.571e+08   2e-06  0.98  2.9e-02  8.4e-06  2.4e-02  2.9e-01  2.2e-01  1.8e-03  2.3e-01
 155  F 0   1.571e+08   2e-06  0.98  2.0e-02  8.4e-06  0.0e+00  0.0e+00  2.1e-01  1.4e-03  2.1e-01
 155  T 1   1.571e+08  -9e-06  0.98  2.4e-02  7.9e-06  2.0e-02  2.5e-01  2.1e-01  1.1e-03  2.1e-01
 156  F 0   1.571e+08  -9e-06  0.98  1.7e-02  7.9e-06  0.0e+00  0.0e+00  2.3e-01  1.8e-03  2.4e-01
 156  T 1   1.571e+08  -1e-05  0.98  2.0e-02  8.5e-06  1.7e-02  2.2e-01  2.2e-01  1.6e-03  2.2e-01
 157  T 0   1.571e+08  -2e-07  0.98  2.4e-02  7.3e-06  2.0e-02  2.5e-01  2.1e-01  1.6e-03  2.1e-01
 158  F 0   1.571e+08  -2e-07  0.98  1.7e-02  7.3e-06  0.0e+00  0.0e+00  2.0e-01  1.6e-03  2.0e-01
 158  T 1   1.571e+08   2e-05  0.98  2.1e-02  7.9e-06  1.7e-02  2.1e-01  2.0e-01  1.1e-03  2.0e-01
 159  F 0   1.571e+08   2e-05  0.98  1.4e-02  7.9e-06  0.0e+00  0.0e+00  2.1e-01  1.6e-03  2.1e-01
 159  T 1   1.571e+08  -1e-05  0.98  1.7e-02  5.9e-06  1.4e-02  1.8e-01  2.1e-01  1.3e-03  2.1e-01
 160  T 0   1.571e+08   2e-05  0.98  2.1e-02  6.5e-06  1.7e-02  2.1e-01  2.1e-01  1.4e-03  2.1e-01
 161  F 0   1.571e+08   2e-05  0.98  1.5e-02  6.5e-06  0.0e+00  0.0e+00  2.0e-01  1.4e-03  2.1e-01
 161  T 1   1.570e+08   2e-05  0.98  1.7e-02  6.3e-06  1.5e-02  1.8e-01  2.0e-01  1.2e-03  2.1e-01
 162  T 0   1.570e+08  -9e-06  0.98  2.1e-02  7.1e-06  1.7e-02  2.1e-01  2.0e-01  1.6e-03  2.0e-01
 163  F 0   1.570e+08  -9e-06  0.98  1.5e-02  7.1e-06  0.0e+00  0.0e+00  2.0e-01  1.5e-03  2.1e-01
 163  T 1   1.570e+08   8e-06  0.98  1.8e-02  6.3e-06  1.5e-02  1.8e-01  2.0e-01  1.2e-03  2.1e-01
 164  T 0   1.570e+08   9e-05  0.98  2.1e-02  7.0e-06  1.8e-02  2.1e-01  2.1e-01  1.4e-03  2.1e-01
 165  F 0   1.570e+08   9e-05  0.98  1.5e-02  7.0e-06  0.0e+00  0.0e+00  2.1e-01  1.4e-03  2.1e-01
 165  T 1   1.570e+08   1e-05  0.98  1.8e-02  6.4e-06  1.5e-02  1.8e-01  2.1e-01  1.3e-03  2.1e-01
 166  T 0   1.570e+08   2e-05  0.98  2.1e-02  7.1e-06  1.8e-02  2.1e-01  2.4e-01  1.5e-03  2.5e-01
 167  F 0   1.570e+08   2e-05  0.98  1.5e-02  7.1e-06  0.0e+00  0.0e+00  2.1e-01  1.5e-03  2.1e-01
 167  T 1   1.570e+08  -5e-06  0.98  1.8e-02  7.0e-06  1.5e-02  1.8e-01  2.1e-01  1.1e-03  2.1e-01
 168  T 0   1.570e+08  -5e-06  0.98  2.1e-02  7.6e-06  1.8e-02  2.1e-01  2.1e-01  1.2e-03  2.1e-01
 169  F 0   1.570e+08  -5e-06  0.98  1.5e-02  7.6e-06  0.0e+00  0.0e+00  2.1e-01  1.4e-03  2.1e-01
 169  T 1   1.570e+08   3e-06  0.98  1.8e-02  6.8e-06  1.5e-02  1.8e-01  2.2e-01  1.1e-03  2.2e-01
 170  T 0   1.570e+08   1e-05  0.98  2.2e-02  6.2e-06  1.8e-02  2.1e-01  2.1e-01  1.6e-03  2.1e-01
 171  F 0   1.570e+08   1e-05  0.98  1.5e-02  6.2e-06  0.0e+00  0.0e+00  2.0e-01  1.4e-03  2.1e-01
 171  T 1   1.570e+08  -1e-05  0.98  1.8e-02  6.4e-06  1.5e-02  1.8e-01  2.0e-01  1.1e-03  2.0e-01
 172  T 0   1.570e+08   6e-05  0.98  2.2e-02  6.4e-06  1.8e-02  2.2e-01  2.1e-01  1.4e-03  2.1e-01
 173  F 0   1.570e+08   6e-05  0.98  1.5e-02  6.4e-06  0.0e+00  0.0e+00  2.2e-01  1.4e-03  2.2e-01
 173  F 1   1.570e+08   6e-05  0.98  1.1e-02  6.4e-06  0.0e+00  0.0e+00  2.0e-01  1.2e-03  2.1e-01
 173  T 2   1.570e+08  -1e-06  0.98  1.3e-02  4.9e-06  1.1e-02  1.3e-01  2.2e-01  1.5e-03  2.2e-01
 174  T 0   1.570e+08   4e-06  0.98  1.5e-02  4.9e-06  1.3e-02  1.6e-01  2.1e-01  1.4e-03  2.1e-01
 175  T 0   1.570e+08  -8e-06  0.98  1.8e-02  5.0e-06  1.5e-02  1.8e-01  2.1e-01  2.0e-03  2.1e-01
 176  T 0   1.570e+08   1e-05  0.98  2.2e-02  6.7e-06  1.8e-02  2.2e-01  2.0e-01  1.4e-03  2.0e-01
 177  T 0   1.570e+08   1e-06  0.98  2.6e-02  8.9e-06  2.2e-02  2.7e-01  2.0e-01  1.8e-03  2.0e-01
 178  F 0   1.570e+08   1e-06  0.98  1.9e-02  8.9e-06  0.0e+00  0.0e+00  2.1e-01  1.6e-03  2.1e-01
 178  T 1   1.570e+08   5e-06  0.98  2.2e-02  8.2e-06  1.9e-02  2.3e-01  2.2e-01  1.3e-03  2.2e-01
 179  F 0   1.570e+08   5e-06  0.98  1.6e-02  8.2e-06  0.0e+00  0.0e+00  2.0e-01  1.8e-03  2.1e-01
 179  T 1   1.569e+08   1e-06  0.98  1.9e-02  7.2e-06  1.6e-02  2.0e-01  2.1e-01  1.3e-03  2.1e-01
 180  F 0   1.569e+08   1e-06  0.98  1.3e-02  7.2e-06  0.0e+00  0.0e+00  2.2e-01  1.4e-03  2.2e-01
 180  T 1   1.569e+08   2e-05  0.98  1.6e-02  5.5e-06  1.3e-02  1.6e-01  2.2e-01  1.2e-03  2.2e-01
 181  T 0   1.569e+08  -6e-07  0.98  1.9e-02  5.6e-06  1.6e-02  1.9e-01  2.1e-01  1.8e-03  2.1e-01
 182  F 0   1.569e+08  -6e-07  0.98  1.3e-02  5.6e-06  0.0e+00  0.0e+00  2.0e-01  1.5e-03  2.1e-01
 182  T 1   1.569e+08  -3e-05  0.98  1.6e-02  5.8e-06  1.3e-02  1.6e-01  2.1e-01  1.2e-03  2.1e-01
 183  T 0   1.569e+08  -9e-06  0.98  1.9e-02  5.7e-06  1.6e-02  1.9e-01  2.0e-01  1.6e-03  2.0e-01
 184  F 0   1.569e+08  -9e-06  0.98  1.3e-02  5.7e-06  0.0e+00  0.0e+00  2.1e-01  1.6e-03  2.1e-01
 184  T 1   1.569e+08   6e-06  0.98  1.6e-02  5.8e-06  1.3e-02  1.6e-01  2.1e-01  1.1e-03  2.1e-01
 185  T 0   1.569e+08   2e-05  0.98  1.9e-02  6.2e-06  1.6e-02  1.9e-01  2.1e-01  1.9e-03  2.1e-01
 186  F 0   1.569e+08   2e-05  0.98  1.3e-02  6.2e-06  0.0e+00  0.0e+00  2.1e-01  1.7e-03  2.1e-01
 186  T 1   1.569e+08  -1e-06  0.98  1.6e-02  5.9e-06  1.3e-02  1.7e-01  2.1e-01  1.4e-03  2.1e-01
 187  T 0   1.569e+08  -3e-06  0.98  1.9e-02  6.2e-06  1.6e-02  2.0e-01  2.0e-01  1.6e-03  2.0e-01
 188  F 0   1.569e+08  -3e-06  0.98  1.4e-02  6.2e-06  0.0e+00  0.0e+00  2.0e-01  1.9e-03  2.1e-01
 188  T 1   1.569e+08  -2e-05  0.98  1.6e-02  5.8e-06  1.4e-02  1.7e-01  2.1e-01  1.5e-03  2.1e-01
 189  T 0   1.569e+08   1e-06  0.98  1.9e-02  6.1e-06  1.6e-02  2.0e-01  2.1e-01  1.8e-03  2.1e-01
 190  F 0   1.569e+08   1e-06  0.98  1.4e-02  6.1e-06  0.0e+00  0.0e+00  2.1e-01  1.8e-03  2.2e-01
 190  T 1   1.569e+08   4e-06  0.98  1.6e-02  5.6e-06  1.4e-02  1.7e-01  2.2e-01  1.4e-03  2.2e-01
 191  T 0   1.569e+08  -1e-06  0.98  2.0e-02  6.0e-06  1.6e-02  2.0e-01  2.2e-01  1.6e-03  2.2e-01
 192  F 0   1.569e+08  -1e-06  0.98  1.4e-02  6.0e-06  0.0e+00  0.0e+00  2.1e-01  1.9e-03  2.1e-01
 192  T 1   1.569e+08  -2e-05  0.98  1.6e-02  5.7e-06  1.4e-02  1.7e-01  2.0e-01  1.7e-03  2.1e-01
 193  T 0   1.569e+08  -6e-06  0.98  2.0e-02  6.1e-06  1.6e-02  2.0e-01  2.0e-01  1.6e-03  2.1e-01
 194  F 0   1.569e+08  -6e-06  0.98  1.4e-02  6.1e-06  0.0e+00  0.0e+00  2.1e-01  1.6e-03  2.2e-01
 194  T 1   1.569e+08   1e-05  0.98  1.7e-02  5.7e-06  1.4e-02  1.7e-01  2.1e-01  1.4e-03  2.1e-01
 195  T 0   1.569e+08   4e-06  0.98  2.0e-02  6.7e-06  1.7e-02  2.0e-01  2.0e-01  1.7e-03  2.1e-01
 196  F 0   1.569e+08   4e-06  0.98  1.4e-02  6.7e-06  0.0e+00  0.0e+00  2.1e-01  1.8e-03  2.1e-01
 196  T 1   1.569e+08   2e-05  0.98  1.7e-02  5.4e-06  1.4e-02  1.7e-01  2.1e-01  1.3e-03  2.1e-01
 197  T 0   1.569e+08  -1e-05  0.98  2.0e-02  6.1e-06  1.7e-02  2.0e-01  2.1e-01  1.7e-03  2.1e-01
 198  F 0   1.569e+08  -1e-05  0.98  1.4e-02  6.1e-06  0.0e+00  0.0e+00  2.1e-01  1.8e-03  2.1e-01
 198  T 1   1.569e+08   4e-05  0.98  1.7e-02  5.6e-06  1.4e-02  1.7e-01  2.1e-01  1.4e-03  2.1e-01
 199  T 0   1.569e+08  -4e-06  0.98  2.0e-02  6.2e-06  1.7e-02  2.0e-01  2.1e-01  1.6e-03  2.1e-01
 200  F 0   1.569e+08  -4e-06  0.98  1.4e-02  6.2e-06  0.0e+00  0.0e+00  2.0e-01  1.4e-03  2.0e-01
 200  T 1   1.569e+08   1e-05  0.98  1.7e-02  5.6e-06  1.4e-02  1.7e-01  2.1e-01  1.3e-03  2.1e-01
 201  T 0   1.568e+08   5e-06  0.98  2.0e-02  6.4e-06  1.7e-02  2.1e-01  2.1e-01  1.8e-03  2.1e-01
 202  F 0   1.568e+08   5e-06  0.98  1.4e-02  6.4e-06  0.0e+00  0.0e+00  2.1e-01  1.9e-03  2.1e-01
 202  T 1   1.568e+08   8e-06  0.98  1.7e-02  6.1e-06  1.4e-02  1.8e-01  2.1e-01  1.4e-03  2.1e-01
 203  T 0   1.568e+08   2e-04  0.98  2.1e-02  7.1e-06  1.7e-02  2.1e-01  2.1e-01  1.4e-03  2.1e-01
 204  F 0   1.568e+08   2e-04  0.98  1.4e-02  7.1e-06  0.0e+00  0.0e+00  2.2e-01  1.9e-03  2.2e-01
 204  F 1   1.568e+08   2e-04  0.98  1.0e-02  7.1e-06  0.0e+00  0.0e+00  2.1e-01  1.4e-03  2.1e-01
 204  F 2   1.568e+08   2e-04  0.98  7.1e-03  7.1e-06  0.0e+00  0.0e+00  2.1e-01  1.6e-03  2.1e-01
 204  F 3   1.568e+08   2e-04  0.98  4.9e-03  7.1e-06  0.0e+00  0.0e+00  2.0e-01  1.5e-03  2.1e-01
 204  F 4   1.568e+08   2e-04  0.98  3.5e-03  7.1e-06  0.0e+00  0.0e+00  2.1e-01  1.8e-03  2.1e-01
 204  F 5   1.568e+08   2e-04  0.98  2.4e-03  7.1e-06  0.0e+00  0.0e+00  2.0e-01  1.8e-03  2.1e-01
 204  F 6   1.568e+08   2e-04  0.98  1.7e-03  7.1e-06  0.0e+00  0.0e+00  2.0e-01  2.4e-03  2.1e-01
 204  F 7   1.568e+08   2e-04  0.98  1.2e-03  7.1e-06  0.0e+00  0.0e+00  2.0e-01  1.8e-03  2.1e-01
 204  F 8   1.568e+08   2e-04  0.98  8.3e-04  7.1e-06  0.0e+00  0.0e+00  2.1e-01  1.8e-03  2.2e-01
 204  F 9   1.568e+08   2e-04  0.98  5.8e-04  7.1e-06  0.0e+00  0.0e+00  2.1e-01  1.5e-03  2.1e-01
 204  F10   1.568e+08   2e-04  0.98  4.1e-04  7.1e-06  0.0e+00  0.0e+00  2.2e-01  1.8e-03  2.2e-01
 204  F11   1.568e+08   2e-04  0.98  2.8e-04  7.1e-06  0.0e+00  0.0e+00  2.1e-01  1.6e-03  2.2e-01
 204  F12   1.568e+08   2e-04  0.98  2.0e-04  7.1e-06  0.0e+00  0.0e+00  2.0e-01  1.6e-03  2.1e-01
 204  F13   1.568e+08   2e-04  0.98  1.4e-04  7.1e-06  0.0e+00  0.0e+00  2.3e-01  1.6e-03  2.3e-01
 204  F14   1.568e+08   2e-04  0.98  9.8e-05  7.1e-06  0.0e+00  0.0e+00  2.1e-01  1.8e-03  2.1e-01
 204  F15   1.568e+08   2e-04  0.98  6.8e-05  7.1e-06  0.0e+00  0.0e+00  2.1e-01  1.8e-03  2.2e-01
 204  F16   1.568e+08   2e-04  0.98  4.8e-05  7.1e-06  0.0e+00  0.0e+00  2.1e-01  1.8e-03  2.2e-01
Enforced Termination; excessively reduced trust-region
Total number of system evaluations: 322
