   k  l     Obj         Vio    Bou   ML       |KKT|    |dX|     ||dX||   T_s      T_o      T_t
   0  T 0   4.248e+08   1e-02  0.00  1.0e-01  3.0e+03  1.0e+00  1.0e+00  3.3e-01  0.0e+00  0.0e+00
   1  T 0   1.119e+08  -5e-06  0.50  1.0e-01  4.7e-02  1.0e-01  6.0e+00  1.5e-01  4.7e-03  1.6e-01
   2  T 0   3.886e+07  -4e-06  0.47  1.0e-01  6.9e-03  1.0e-01  2.8e+00  1.5e-01  1.6e-03  1.5e-01
   3  T 0   2.750e+07  -7e-03  0.47  1.0e-01  2.6e-03  1.0e-01  1.1e+00  1.4e-01  1.1e-03  1.4e-01
   4  T 0   1.907e+07  -7e-03  0.47  1.0e-01  1.3e-03  1.0e-01  1.4e+00  1.4e-01  8.1e-04  1.4e-01
   5  T 0   1.166e+07  -2e-06  0.54  1.0e-01  7.4e-04  1.0e-01  2.0e+00  1.5e-01  1.2e-03  1.5e-01
   6  T 0   6.667e+06  -1e-05  0.65  1.0e-01  4.3e-03  1.0e-01  3.7e+00  1.4e-01  1.5e-03  1.4e-01
   7  T 0   5.128e+06  -9e-03  0.75  1.0e-01  1.0e-03  1.0e-01  3.2e+00  1.4e-01  9.7e-04  1.4e-01
   8  T 0   4.195e+06  -4e-02  0.78  1.0e-01  1.4e-03  1.0e-01  2.7e+00  1.4e-01  9.7e-04  1.4e-01
   9  T 0   3.893e+06  -6e-02  0.76  1.0e-01  2.8e-04  1.0e-01  1.3e+00  1.4e-01  7.9e-04  1.5e-01
  10  T 0   3.582e+06  -5e-02  0.78  1.0e-01  1.1e-04  8.8e-02  7.7e-01  1.6e-01  8.4e-04  1.6e-01
  11  T 0   3.436e+06  -5e-02  0.78  1.0e-01  1.8e-04  7.1e-02  4.7e-01  1.7e-01  8.7e-04  1.7e-01
  12  T 0   3.061e+06  -4e-02  0.83  1.0e-01  1.1e-03  1.0e-01  2.6e+00  2.4e-01  9.0e-04  2.5e-01
  13  T 0   2.944e+06  -5e-02  0.83  1.0e-01  6.2e-05  1.0e-01  8.6e-01  1.5e-01  8.9e-04  1.6e-01
  14  T 0   2.881e+06  -4e-02  0.84  1.0e-01  6.7e-05  8.0e-02  6.0e-01  2.3e-01  9.1e-04  2.3e-01
  15  T 0   2.827e+06  -4e-02  0.84  1.0e-01  6.1e-05  9.8e-02  5.8e-01  1.7e-01  9.1e-04  1.7e-01
  16  T 0   2.779e+06  -3e-02  0.85  1.0e-01  7.5e-05  8.5e-02  5.6e-01  2.5e-01  9.1e-04  2.5e-01
  17  T 0   2.734e+06  -3e-02  0.86  1.0e-01  7.0e-05  9.1e-02  5.5e-01  2.1e-01  8.9e-04  2.1e-01
  18  T 0   2.694e+06  -3e-02  0.87  1.0e-01  6.0e-05  6.5e-02  4.7e-01  1.5e-01  8.9e-04  1.5e-01
  19  T 0   2.655e+06  -2e-02  0.87  1.0e-01  6.0e-05  8.2e-02  4.8e-01  1.7e-01  9.3e-04  1.7e-01
  20  T 0   2.613e+06  -1e-02  0.89  1.0e-01  6.2e-05  8.1e-02  6.4e-01  1.6e-01  8.9e-04  1.6e-01
  21  T 0   2.607e+06  -7e-03  0.90  1.0e-01  9.0e-05  1.0e-01  9.0e-01  2.2e-01  9.2e-04  2.2e-01
  22  T 0   2.583e+06  -6e-07  0.89  1.0e-01  1.1e-04  1.0e-01  7.9e-01  1.7e-01  1.3e-03  1.7e-01
  23  T 0   2.535e+06  -9e-07  0.90  1.0e-01  3.1e-05  8.5e-02  4.2e-01  1.7e-01  1.3e-03  1.7e-01
  24  T 0   2.525e+06   3e-08  0.91  1.0e-01  2.9e-05  2.5e-02  1.5e-01  1.7e-01  1.2e-03  1.8e-01
  25  T 0   2.509e+06   3e-06  0.92  1.0e-01  1.5e-05  3.8e-02  3.0e-01  1.7e-01  1.2e-03  1.7e-01
  26  T 0   2.458e+06  -7e-06  0.94  1.0e-01  1.2e-05  1.0e-01  1.5e+00  1.8e-01  1.6e-03  1.8e-01
  27  T 0   2.441e+06  -2e-05  0.96  1.0e-01  3.9e-05  1.0e-01  1.3e+00  1.6e-01  1.7e-03  1.6e-01
  28  F 0   2.468e+06  -8e-07  0.96  1.0e-01  8.3e-05  1.0e-01  9.8e-01  1.7e-01  1.5e-03  1.7e-01
  29  F 0   2.494e+06  -1e-05  0.94  1.0e-01  1.2e-04  1.0e-01  8.8e-01  1.6e-01  1.4e-03  1.7e-01
  30  F 0   2.447e+06  -2e-04  0.90  1.0e-01  1.3e-04  1.0e-01  5.5e-01  1.7e-01  1.1e-03  1.7e-01
  31  T 0   2.429e+06  -1e-07  0.94  1.0e-01  3.0e-05  4.2e-02  1.8e-01  2.1e-01  1.6e-03  2.1e-01
  32  T 0   2.425e+06   2e-07  0.95  1.0e-01  1.4e-05  2.3e-02  1.0e-01  2.3e-01  1.4e-03  2.3e-01
  33  T 0   2.419e+06  -2e-06  0.97  1.0e-01  1.2e-05  9.1e-02  4.0e-01  2.3e-01  1.4e-03  2.3e-01
  34  F 0   2.423e+06   4e-06  0.97  1.0e-01  3.7e-05  1.0e-01  5.8e-01  2.4e-01  1.2e-03  2.4e-01
  35  F 0   2.421e+06   5e-06  0.96  1.0e-01  5.8e-05  1.0e-01  4.9e-01  2.0e-01  1.3e-03  2.0e-01
  36  T 0   2.414e+06   2e-06  0.97  1.0e-01  2.8e-05  6.7e-02  2.4e-01  1.7e-01  1.2e-03  1.7e-01
  37  T 0   2.413e+06   1e-06  0.97  1.0e-01  1.5e-05  2.3e-02  7.7e-02  2.1e-01  1.3e-03  2.1e-01
  38  T 0   2.412e+06   6e-06  0.98  1.0e-01  1.8e-05  3.6e-02  6.3e-02  2.0e-01  1.4e-03  2.0e-01
  39  T 0   2.408e+06  -2e-05  0.98  1.0e-01  1.4e-05  1.0e-01  8.3e-01  1.6e-01  1.5e-03  1.6e-01
  40  F 0   2.411e+06  -2e-06  0.98  1.0e-01  2.6e-05  1.0e-01  7.1e-01  1.6e-01  1.6e-03  1.6e-01
  41  F 0   2.431e+06  -5e-06  0.97  1.0e-01  7.0e-05  1.0e-01  6.8e-01  1.6e-01  1.2e-03  1.6e-01
  42  F 0   2.420e+06   1e-06  0.94  1.0e-01  6.7e-05  1.0e-01  5.2e-01  1.9e-01  1.6e-03  2.0e-01
  43  T 0   2.408e+06   3e-06  0.96  1.0e-01  2.4e-05  5.4e-02  2.2e-01  1.7e-01  1.4e-03  1.8e-01
  44  T 0   2.406e+06   4e-07  0.97  1.0e-01  1.3e-05  1.5e-02  5.7e-02  1.6e-01  1.3e-02  1.7e-01
  45  T 0   2.405e+06   4e-06  0.98  1.0e-01  5.7e-06  2.9e-02  9.3e-02  1.9e-01  1.2e-03  1.9e-01
  46  T 0   2.404e+06  -2e-07  0.98  1.0e-01  4.1e-06  8.8e-02  2.8e-01  1.7e-01  1.4e-03  1.7e-01
  47  F 0   2.406e+06   2e-06  0.99  1.0e-01  2.0e-05  1.0e-01  4.4e-01  1.7e-01  1.4e-03  1.7e-01
  48  F 0   2.412e+06  -8e-07  0.98  1.0e-01  4.4e-05  1.0e-01  4.9e-01  1.7e-01  1.5e-03  1.7e-01
  49  F 0   2.406e+06  -1e-07  0.96  1.0e-01  4.0e-05  9.3e-02  3.6e-01  1.6e-01  1.6e-03  1.6e-01
  50  T 0   2.404e+06   4e-07  0.98  1.0e-01  8.7e-06  4.1e-02  1.2e-01  1.6e-01  1.4e-03  1.6e-01
  51  T 0   2.403e+06  -6e-10  0.98  1.0e-01  3.6e-06  9.5e-03  3.3e-02  1.6e-01  1.2e-03  1.6e-01
  52  T 0   2.403e+06  -6e-06  0.99  1.0e-01  1.1e-06  3.5e-02  1.4e-01  1.7e-01  1.2e-03  1.7e-01
  53  T 0   2.403e+06  -1e-05  0.99  1.0e-01  1.4e-06  3.7e-02  1.1e-01  2.0e-01  1.2e-03  2.0e-01
  54  F 0   2.405e+06  -8e-06  0.99  1.0e-01  1.8e-05  1.0e-01  3.7e-01  1.9e-01  1.4e-03  2.0e-01
  55  F 0   2.410e+06  -2e-07  0.98  1.0e-01  4.0e-05  1.0e-01  4.9e-01  1.6e-01  1.5e-03  1.6e-01
  56  F 0   2.405e+06  -6e-08  0.97  1.0e-01  3.8e-05  9.5e-02  3.4e-01  1.6e-01  1.5e-03  1.7e-01
  57  F 0   2.403e+06   4e-07  0.98  1.0e-01  9.3e-06  4.1e-02  1.1e-01  1.7e-01  1.3e-03  1.8e-01
  58  T 0   2.403e+06  -3e-07  0.98  1.0e-01  3.8e-06  9.1e-03  2.9e-02  1.6e-01  1.2e-03  1.6e-01
  59  T 0   2.402e+06   1e-06  0.99  1.0e-01  2.2e-06  5.0e-02  1.7e-01  1.8e-01  1.3e-03  1.8e-01
  60  F 0   2.403e+06  -4e-06  0.99  1.0e-01  8.0e-06  3.7e-02  1.3e-01  1.8e-01  1.2e-03  1.9e-01
  61  T 0   2.402e+06  -9e-06  0.99  1.0e-01  5.8e-06  4.2e-02  1.2e-01  1.7e-01  1.2e-03  1.7e-01
  62  T 0   2.402e+06  -9e-06  0.99  1.0e-01  1.0e-06  1.4e-02  4.1e-02  1.6e-01  1.2e-03  1.6e-01
  63  T 0   2.402e+06  -8e-11  0.99  1.0e-01  7.5e-07  3.1e-03  9.7e-03  1.7e-01  1.2e-03  1.8e-01
  64  T 0   2.402e+06   2e-06  0.99  1.0e-01  1.1e-06  3.1e-02  9.0e-02  3.3e-01  1.3e-03  3.3e-01
  65  F 0   2.404e+06  -1e-06  0.99  1.0e-01  2.0e-05  1.0e-01  4.6e-01  2.4e-01  1.5e-03  2.4e-01
  66  F 0   2.415e+06   3e-06  0.98  1.0e-01  5.2e-05  1.0e-01  5.7e-01  2.1e-01  1.4e-03  2.1e-01
  67  F 0   2.409e+06  -2e-06  0.96  1.0e-01  5.4e-05  1.0e-01  4.3e-01  2.3e-01  1.5e-03  2.3e-01
  68  F 0   2.403e+06   3e-07  0.97  1.0e-01  1.7e-05  5.2e-02  1.7e-01  1.5e-01  1.3e-03  1.6e-01
  69  F 0   2.402e+06  -4e-06  0.98  1.0e-01  8.2e-06  1.3e-02  3.8e-02  2.0e-01  1.1e-03  2.0e-01
  70  T 0   2.402e+06  -9e-06  0.98  1.0e-01  3.1e-06  3.0e-02  8.4e-02  2.1e-01  1.3e-03  2.1e-01
  71  T 0   2.402e+06  -3e-08  0.99  1.0e-01  1.7e-06  7.5e-02  1.9e-01  1.7e-01  1.4e-03  1.7e-01
  72  T 0   2.402e+06  -1e-05  0.99  1.0e-01  3.7e-06  4.6e-02  1.5e-01  1.7e-01  1.2e-03  1.7e-01
  73  F 0   2.402e+06   2e-06  0.99  1.0e-01  1.1e-05  5.9e-02  1.8e-01  2.0e-01  1.4e-03  2.0e-01
  74  T 0   2.402e+06  -7e-07  0.98  1.0e-01  7.4e-06  5.0e-02  1.5e-01  2.6e-01  4.0e-03  2.6e-01
  75  T 0   2.402e+06  -1e-06  0.99  1.0e-01  1.4e-06  2.0e-02  4.4e-02  2.6e-01  1.4e-03  2.6e-01
  76  T 0   2.401e+06  -8e-07  0.99  1.0e-01  1.0e-06  4.7e-03  1.7e-02  2.1e-01  1.3e-03  2.2e-01
  77  T 0   2.401e+06  -2e-09  0.99  1.0e-01  1.0e-06  2.0e-02  5.8e-02  2.3e-01  1.2e-03  2.4e-01
  78  F 0   2.402e+06  -6e-05  0.99  1.0e-01  1.3e-05  1.0e-01  6.0e-01  2.6e-01  1.4e-03  2.6e-01
  79  F 0   2.412e+06  -4e-06  0.99  1.0e-01  4.0e-05  1.0e-01  6.2e-01  2.2e-01  1.9e-03  2.3e-01
  80  F 0   2.412e+06  -3e-07  0.96  1.0e-01  6.0e-05  1.0e-01  5.4e-01  1.9e-01  1.5e-03  1.9e-01
  81  F 0   2.403e+06  -8e-08  0.97  1.0e-01  2.7e-05  7.1e-02  2.6e-01  2.2e-01  1.3e-03  2.2e-01
  82  T 0   2.401e+06   3e-07  0.98  1.0e-01  1.5e-05  2.4e-02  8.0e-02  1.6e-01  1.2e-03  1.6e-01
  83  T 0   2.401e+06  -5e-06  0.98  1.0e-01  7.1e-06  1.8e-02  3.7e-02  1.7e-01  1.2e-03  1.7e-01
  84  T 0   2.400e+06  -1e-06  0.99  1.0e-01  2.8e-06  1.0e-01  3.2e-01  1.6e-01  1.2e-03  1.6e-01
  85  F 0   2.402e+06  -2e-06  0.99  1.0e-01  1.9e-05  9.7e-02  3.3e-01  1.5e-01  1.2e-03  1.5e-01
  86  F 0   2.401e+06   7e-06  0.98  1.0e-01  2.5e-05  1.0e-01  3.3e-01  1.5e-01  1.5e-03  1.5e-01
  87  T 0   2.400e+06  -2e-06  0.98  1.0e-01  8.3e-06  4.4e-02  1.4e-01  1.5e-01  1.1e-03  1.5e-01
  88  T 0   2.400e+06   1e-08  0.98  1.0e-01  2.1e-06  1.6e-02  3.6e-02  1.4e-01  1.1e-03  1.5e-01
  89  T 0   2.400e+06  -6e-07  0.99  1.0e-01  1.5e-06  9.6e-03  2.9e-02  1.5e-01  1.1e-03  1.5e-01
  90  T 0   2.400e+06  -5e-08  0.99  1.0e-01  2.2e-06  1.0e-01  3.2e-01  1.5e-01  1.2e-03  1.5e-01
  91  F 0   2.400e+06  -5e-06  0.99  1.0e-01  6.8e-06  1.0e-01  5.0e-01  1.6e-01  1.1e-03  1.6e-01
  92  F 0   2.400e+06  -5e-07  0.99  1.0e-01  8.0e-06  1.0e-01  4.2e-01  1.5e-01  1.3e-03  1.5e-01
  93  F 0   2.401e+06  -5e-07  0.99  1.0e-01  2.0e-05  8.9e-02  3.0e-01  1.5e-01  1.3e-03  1.5e-01
  94  T 0   2.399e+06   4e-06  0.98  1.0e-01  1.8e-05  7.6e-02  2.3e-01  1.4e-01  1.2e-03  1.4e-01
  95  T 0   2.399e+06  -5e-06  0.98  1.0e-01  2.6e-06  2.8e-02  6.0e-02  1.6e-01  1.2e-03  1.7e-01
  96  T 0   2.399e+06  -2e-06  0.99  1.0e-01  1.3e-06  6.0e-03  1.9e-02  1.6e-01  1.2e-03  1.6e-01
  97  T 0   2.399e+06  -3e-06  0.99  1.0e-01  1.0e-06  4.3e-02  1.2e-01  2.4e-01  1.4e-03  2.4e-01
  98  F 0   2.402e+06  -1e-07  0.99  1.0e-01  2.7e-05  1.0e-01  4.4e-01  2.4e-01  1.2e-03  2.4e-01
  99  F 0   2.402e+06   2e-06  0.98  1.0e-01  3.3e-05  1.0e-01  4.4e-01  2.0e-01  1.4e-03  2.1e-01
 100  F 0   2.399e+06  -7e-07  0.98  1.0e-01  1.9e-05  7.1e-02  2.3e-01  1.9e-01  1.4e-03  1.9e-01
 101  T 0   2.399e+06  -4e-07  0.98  1.0e-01  6.7e-06  2.5e-02  7.8e-02  2.4e-01  1.4e-03  2.4e-01
 102  T 0   2.399e+06  -2e-06  0.99  1.0e-01  5.3e-06  2.0e-02  3.2e-02  2.1e-01  1.4e-03  2.1e-01
 103  T 0   2.398e+06   3e-07  0.99  1.0e-01  1.6e-06  3.6e-02  9.8e-02  2.3e-01  1.2e-03  2.3e-01
 104  F 0   2.399e+06   2e-07  0.99  1.0e-01  8.2e-06  5.8e-02  1.5e-01  1.9e-01  1.4e-03  1.9e-01
 105  F 0   2.399e+06   2e-06  0.99  1.0e-01  8.2e-06  7.8e-02  1.8e-01  1.5e-01  1.4e-03  1.5e-01
 106  T 0   2.398e+06   8e-06  0.99  1.0e-01  4.0e-06  3.5e-02  1.0e-01  1.6e-01  1.2e-03  1.6e-01
 107  T 0   2.398e+06  -2e-06  0.99  1.0e-01  1.5e-06  1.3e-02  2.6e-02  1.6e-01  1.2e-03  1.7e-01
 108  T 0   2.398e+06   2e-07  0.99  1.0e-01  1.3e-06  8.4e-03  1.8e-02  1.8e-01  1.2e-03  1.8e-01
 109  T 0   2.398e+06  -4e-09  0.99  1.0e-01  1.3e-06  5.1e-02  8.7e-02  1.7e-01  1.3e-03  1.7e-01
 110  F 0   2.400e+06   2e-05  0.99  1.0e-01  1.7e-05  1.0e-01  5.3e-01  1.6e-01  1.4e-03  1.6e-01
 111  F 0   2.411e+06  -6e-06  0.98  1.0e-01  5.2e-05  1.0e-01  6.1e-01  1.8e-01  1.4e-03  1.8e-01
 112  F 0   2.408e+06  -2e-06  0.96  1.0e-01  5.8e-05  1.0e-01  5.0e-01  1.9e-01  1.7e-03  2.0e-01
 113  F 0   2.400e+06   4e-06  0.97  1.0e-01  2.2e-05  6.3e-02  2.2e-01  2.0e-01  1.5e-03  2.0e-01
 114  F 0   2.399e+06   4e-06  0.98  1.0e-01  1.2e-05  1.5e-02  5.8e-02  2.3e-01  1.3e-03  2.3e-01
 115  F 0   2.398e+06   8e-07  0.98  1.0e-01  4.0e-06  1.6e-02  5.0e-02  1.6e-01  1.3e-03  1.6e-01
 116  T 0   2.398e+06  -3e-06  0.99  1.0e-01  3.3e-06  1.0e-01  2.7e-01  1.6e-01  1.3e-03  1.7e-01
 117  T 0   2.398e+06  -5e-06  0.99  1.0e-01  6.9e-06  1.0e-01  2.2e-01  1.6e-01  1.2e-03  1.6e-01
 118  F 0   2.398e+06  -5e-06  0.99  1.0e-01  1.2e-05  9.6e-02  2.0e-01  1.6e-01  1.4e-03  1.6e-01
 119  T 0   2.398e+06   4e-06  0.98  1.0e-01  6.5e-06  5.1e-02  1.4e-01  1.6e-01  1.4e-03  1.7e-01
 120  T 0   2.397e+06  -8e-06  0.99  1.0e-01  1.2e-06  1.5e-02  3.2e-02  1.6e-01  1.2e-03  1.6e-01
 121  T 0   2.397e+06   9e-05  0.99  1.0e-01  1.1e-06  6.3e-03  1.7e-02  1.7e-01  1.1e-03  1.7e-01
 122  T 0   2.397e+06   2e-07  0.99  1.0e-01  2.4e-06  8.1e-02  2.2e-01  1.7e-01  1.5e-03  1.7e-01
 123  F 0   2.405e+06  -1e-06  0.99  1.0e-01  3.5e-05  1.0e-01  5.3e-01  1.7e-01  1.5e-03  1.7e-01
 124  F 0   2.406e+06  -1e-06  0.97  1.0e-01  5.0e-05  1.0e-01  5.0e-01  2.1e-01  1.5e-03  2.1e-01
 125  F 0   2.399e+06  -1e-07  0.97  1.0e-01  2.8e-05  8.2e-02  2.6e-01  2.3e-01  1.4e-03  2.3e-01
 126  F 0   2.398e+06  -6e-06  0.98  1.0e-01  9.6e-06  2.5e-02  8.1e-02  1.8e-01  1.1e-03  1.8e-01
 127  F 0   2.397e+06  -6e-08  0.98  1.0e-01  8.8e-06  2.3e-02  4.5e-02  2.0e-01  1.2e-03  2.0e-01
 128  T 0   2.397e+06  -8e-06  0.99  1.0e-01  4.1e-06  4.9e-02  1.3e-01  1.7e-01  9.0e-04  1.7e-01
 129  F 0   2.397e+06   1e-06  0.99  1.0e-01  7.4e-06  5.9e-02  1.4e-01  1.7e-01  1.4e-03  1.7e-01
 130  T 0   2.397e+06   5e-06  0.99  1.0e-01  4.8e-06  3.6e-02  1.0e-01  1.6e-01  1.3e-03  1.6e-01
 131  T 0   2.397e+06   4e-07  0.99  1.0e-01  1.1e-06  7.4e-03  2.2e-02  1.6e-01  1.5e-03  1.6e-01
 132  T 0   2.397e+06  -3e-10  0.99  1.0e-01  8.1e-07  8.3e-03  2.2e-02  1.7e-01  1.2e-03  1.7e-01
 133  T 0   2.397e+06   8e-06  0.99  1.0e-01  3.4e-06  1.0e-01  3.2e-01  1.6e-01  1.4e-03  1.6e-01
 134  F 0   2.401e+06  -1e-05  0.99  1.0e-01  2.2e-05  1.0e-01  4.6e-01  1.6e-01  1.4e-03  1.6e-01
 135  F 0   2.405e+06  -7e-08  0.98  1.0e-01  4.4e-05  1.0e-01  4.9e-01  1.8e-01  1.6e-03  1.8e-01
 136  F 0   2.399e+06  -3e-06  0.97  1.0e-01  3.6e-05  7.7e-02  3.0e-01  2.0e-01  1.6e-03  2.0e-01
 137  F 0   2.397e+06   1e-06  0.98  1.0e-01  7.0e-06  3.1e-02  8.6e-02  1.8e-01  1.4e-03  1.8e-01
 138  F 0   2.397e+06  -9e-07  0.98  1.0e-01  3.9e-06  1.2e-02  3.2e-02  1.9e-01  1.2e-03  1.9e-01
 139  T 0   2.397e+06  -2e-07  0.99  1.0e-01  1.9e-06  4.3e-02  1.1e-01  1.9e-01  1.4e-03  2.0e-01
 140  F 0   2.397e+06  -9e-07  0.99  1.0e-01  7.1e-06  5.3e-02  1.2e-01  1.8e-01  1.3e-03  1.8e-01
 141  F 0   2.397e+06  -1e-06  0.99  1.0e-01  6.8e-06  4.7e-02  1.2e-01  1.6e-01  1.5e-03  1.6e-01
 142  T 0   2.396e+06  -8e-06  0.99  1.0e-01  1.1e-06  1.5e-02  4.2e-02  1.6e-01  1.2e-03  1.6e-01
 143  T 0   2.396e+06  -1e-06  0.99  1.0e-01  5.2e-07  3.3e-03  8.2e-03  1.7e-01  1.2e-03  1.8e-01
 144  T 0   2.396e+06  -3e-10  0.99  1.0e-01  5.5e-07  9.2e-03  2.6e-02  2.0e-01  1.2e-03  2.1e-01
 145  T 0   2.396e+06  -6e-06  0.99  1.0e-01  1.2e-06  1.0e-01  3.0e-01  1.5e-01  1.2e-03  1.5e-01
 146  F 0   2.400e+06  -2e-06  0.99  1.0e-01  2.5e-05  1.0e-01  4.6e-01  1.7e-01  1.3e-03  1.7e-01
 147  F 0   2.400e+06   4e-07  0.98  1.0e-01  3.2e-05  1.0e-01  4.4e-01  1.8e-01  1.5e-03  1.8e-01
 148  F 0   2.397e+06  -1e-06  0.98  1.0e-01  1.7e-05  7.6e-02  2.1e-01  1.8e-01  1.3e-03  1.8e-01
 149  F 0   2.397e+06  -9e-06  0.99  1.0e-01  8.2e-06  2.5e-02  7.6e-02  1.6e-01  1.3e-03  1.6e-01
 150  F 0   2.396e+06   4e-07  0.99  1.0e-01  3.1e-06  1.6e-02  3.2e-02  2.3e-01  1.2e-03  2.3e-01
 151  T 0   2.396e+06  -3e-06  0.99  1.0e-01  3.0e-06  4.4e-02  1.1e-01  1.5e-01  1.2e-03  1.5e-01
 152  F 0   2.397e+06   2e-06  0.99  1.0e-01  9.0e-06  8.1e-02  1.5e-01  1.7e-01  1.2e-03  1.7e-01
 153  T 0   2.396e+06  -6e-06  0.99  1.0e-01  4.1e-06  5.2e-02  1.2e-01  1.7e-01  1.3e-03  1.7e-01
 154  T 0   2.396e+06  -4e-06  0.99  1.0e-01  6.8e-07  1.1e-02  2.1e-02  1.7e-01  1.2e-03  1.8e-01
 155  T 0   2.396e+06  -4e-08  0.99  1.0e-01  6.4e-07  5.1e-03  1.2e-02  1.5e-01  1.2e-03  1.6e-01
 156  T 0   2.396e+06  -4e-06  0.99  1.0e-01  3.0e-07  1.0e-02  2.5e-02  1.6e-01  1.2e-03  1.6e-01
 157  F 0   2.396e+06  -1e-07  0.99  1.0e-01  3.6e-06  6.6e-02  1.6e-01  2.0e-01  1.2e-03  2.1e-01
 158  F 0   2.400e+06   2e-07  0.99  1.0e-01  2.4e-05  1.0e-01  3.5e-01  1.6e-01  1.4e-03  1.6e-01
 159  F 0   2.397e+06   5e-06  0.98  1.0e-01  2.6e-05  1.0e-01  3.2e-01  1.6e-01  1.3e-03  1.7e-01
 160  F 0   2.396e+06   6e-06  0.98  1.0e-01  7.2e-06  4.9e-02  1.1e-01  1.6e-01  1.3e-03  1.7e-01
 161  F 0   2.396e+06  -1e-06  0.99  1.0e-01  2.3e-06  1.2e-02  3.2e-02  2.2e-01  1.3e-03  2.2e-01
 162  F 0   2.396e+06   7e-06  0.99  1.0e-01  2.0e-06  1.2e-02  2.6e-02  1.6e-01  1.3e-03  1.7e-01
 163  F 0   2.396e+06  -1e-08  0.99  1.0e-01  4.2e-06  6.5e-02  1.6e-01  1.7e-01  1.5e-03  1.8e-01
 164  F 0   2.397e+06  -4e-06  0.99  1.0e-01  1.3e-05  6.8e-02  2.2e-01  1.6e-01  1.5e-03  1.6e-01
 165  F 0   2.396e+06   3e-06  0.98  1.0e-01  1.0e-05  6.1e-02  1.6e-01  1.8e-01  1.5e-03  1.8e-01
 166  T 0   2.396e+06  -6e-06  0.99  1.0e-01  2.3e-06  1.8e-02  3.4e-02  1.6e-01  1.3e-03  1.6e-01
 167  T 0   2.396e+06   7e-05  0.99  1.0e-01  6.5e-07  4.3e-03  1.4e-02  1.6e-01  8.3e-04  1.6e-01
 168  F 0   2.396e+06   2e-10  0.99  1.0e-01  2.1e-06  2.0e-02  4.8e-02  1.9e-01  1.4e-03  1.9e-01
 169  F 0   2.396e+06   7e-07  0.99  1.0e-01  4.1e-06  3.2e-02  6.8e-02  2.3e-01  1.2e-03  2.3e-01
 170  F 0   2.396e+06   3e-06  0.99  1.0e-01  5.7e-07  1.8e-02  4.2e-02  1.6e-01  1.2e-03  1.6e-01
 171  F 0   2.396e+06   1e-06  0.99  1.0e-01  2.6e-07  1.5e-03  3.4e-03  1.7e-01  1.2e-03  1.8e-01
 172  F 0   2.396e+06  -2e-10  0.99  1.0e-01  2.6e-07  1.2e-02  2.1e-02  1.6e-01  1.2e-03  1.6e-01
 173  F 0   2.396e+06  -1e-04  0.99  1.0e-01  4.2e-06  1.0e-01  2.1e-01  2.1e-01  1.2e-03  2.2e-01
 174  F 0   2.399e+06  -7e-08  0.99  1.0e-01  1.8e-05  1.0e-01  3.8e-01  2.0e-01  1.3e-03  2.1e-01
 175  F 0   2.400e+06   5e-07  0.98  1.0e-01  3.3e-05  1.0e-01  3.9e-01  1.6e-01  1.5e-03  1.6e-01
 176  F 0   2.397e+06  -2e-06  0.98  1.0e-01  1.9e-05  6.3e-02  2.1e-01  1.6e-01  2.0e-03  1.7e-01
 177  F 0   2.396e+06   4e-07  0.98  1.0e-01  3.6e-06  1.8e-02  5.2e-02  1.7e-01  2.1e-03  1.7e-01
 178  F 0   2.396e+06   1e-05  0.99  1.0e-01  1.5e-06  1.1e-02  2.7e-02  1.6e-01  2.0e-03  1.7e-01
 179  F 0   2.396e+06  -3e-06  0.99  1.0e-01  1.5e-06  3.7e-02  8.6e-02  1.8e-01  1.2e-03  1.8e-01
 180  F 0   2.396e+06  -3e-09  0.99  1.0e-01  4.6e-06  3.4e-02  7.8e-02  1.9e-01  1.2e-03  1.9e-01
 181  F 0   2.396e+06  -8e-07  0.99  1.0e-01  3.4e-06  3.4e-02  8.0e-02  1.7e-01  1.5e-03  1.7e-01
 182  F 0   2.396e+06  -1e-06  0.99  1.0e-01  7.3e-07  1.5e-02  2.9e-02  1.6e-01  1.3e-03  1.6e-01
 183  F 0   2.396e+06  -2e-06  0.99  1.0e-01  3.6e-07  4.3e-03  6.5e-03  1.6e-01  1.3e-03  1.6e-01
 184  F 0   2.396e+06   1e-06  0.99  1.0e-01  1.9e-06  2.1e-02  4.1e-02  1.8e-01  1.2e-03  1.8e-01
 185  F 0   2.396e+06   7e-07  0.99  1.0e-01  2.4e-06  2.5e-02  5.4e-02  1.6e-01  1.3e-03  1.6e-01
 186  F 0   2.396e+06   2e-06  0.99  1.0e-01  1.5e-06  1.4e-02  3.0e-02  1.6e-01  1.3e-03  1.6e-01
 187  F 0   2.396e+06  -5e-11  0.99  1.0e-01  2.4e-07  3.0e-03  4.5e-03  1.6e-01  1.3e-03  1.6e-01
 188  F 0   2.396e+06   3e-07  0.99  1.0e-01  1.7e-07  2.2e-03  4.0e-03  1.6e-01  1.2e-03  1.6e-01
 189  F 0   2.396e+06  -2e-11  0.99  1.0e-01  2.5e-07  2.9e-03  5.8e-03  1.9e-01  1.2e-03  1.9e-01
 190  F 0   2.396e+06  -1e-07  0.99  1.0e-01  5.5e-07  7.1e-03  1.1e-02  1.8e-01  1.2e-03  1.8e-01
 191  F 0   2.396e+06   1e-07  0.99  1.0e-01  6.1e-07  6.5e-03  1.3e-02  1.6e-01  1.2e-03  1.6e-01
 192  F 0   2.396e+06  -4e-05  0.99  1.0e-01  1.8e-07  3.3e-03  7.3e-03  1.7e-01  1.1e-03  1.7e-01
 193  F 0   2.396e+06   2e-07  0.99  1.0e-01  1.3e-07  1.6e-03  3.2e-03  1.7e-01  1.2e-03  1.7e-01
 194  F 0   2.396e+06   6e-06  0.99  1.0e-01  6.7e-07  1.2e-02  2.6e-02  1.6e-01  1.3e-03  1.6e-01
 195  F 0   2.396e+06   7e-06  0.99  1.0e-01  5.2e-06  4.2e-02  7.9e-02  1.6e-01  1.3e-03  1.6e-01
 196  F 0   2.396e+06  -4e-06  0.99  1.0e-01  3.1e-06  3.2e-02  7.3e-02  1.6e-01  1.2e-03  1.6e-01
 197  F 0   2.396e+06   2e-06  0.99  1.0e-01  2.1e-07  4.7e-03  8.2e-03  1.6e-01  1.4e-03  1.6e-01
 198  F 0   2.396e+06  -5e-12  0.99  1.0e-01  1.6e-07  1.4e-03  3.2e-03  2.1e-01  1.2e-03  2.1e-01
 199  F 0   2.396e+06  -1e-11  0.99  1.0e-01  1.2e-07  2.7e-03  5.1e-03  2.4e-01  1.3e-03  2.4e-01
 200  F 0   2.396e+06  -4e-06  0.99  1.0e-01  1.4e-06  2.6e-02  5.2e-02  2.1e-01  9.2e-04  2.2e-01
 201  F 0   2.397e+06   5e-06  0.99  1.0e-01  8.9e-06  6.4e-02  1.4e-01  2.1e-01  1.2e-03  2.1e-01
 202  F 0   2.396e+06  -5e-06  0.99  1.0e-01  3.8e-06  5.2e-02  1.2e-01  1.7e-01  1.2e-03  1.7e-01
 203  F 0   2.396e+06   2e-06  0.99  1.0e-01  8.1e-07  1.5e-02  2.4e-02  2.3e-01  1.3e-03  2.3e-01
 204  F 0   2.396e+06  -8e-11  0.99  1.0e-01  3.6e-07  4.7e-03  1.2e-02  2.1e-01  1.3e-03  2.1e-01
 205  F 0   2.396e+06  -9e-12  0.99  1.0e-01  1.7e-07  2.8e-03  4.4e-03  1.6e-01  1.2e-03  1.6e-01
 206  F 0   2.396e+06  -2e-11  0.99  1.0e-01  2.1e-07  2.2e-03  5.2e-03  2.2e-01  1.3e-03  2.2e-01
 207  F 0   2.396e+06  -9e-08  0.99  1.0e-01  4.6e-07  7.5e-03  1.1e-02  2.1e-01  1.2e-03  2.1e-01
 208  F 0   2.396e+06   1e-08  0.99  1.0e-01  9.6e-07  9.0e-03  1.7e-02  1.9e-01  1.2e-03  2.0e-01
 209  F 0   2.396e+06  -5e-05  0.99  1.0e-01  2.6e-07  5.6e-03  1.3e-02  1.5e-01  1.0e-03  1.6e-01
 210  F 0   2.396e+06  -1e-06  0.99  1.0e-01  1.4e-07  1.3e-03  3.5e-03  2.0e-01  1.2e-03  2.0e-01
 211  F 0   2.396e+06  -4e-06  0.99  1.0e-01  9.6e-07  1.7e-02  3.1e-02  1.5e-01  1.3e-03  1.5e-01
 212  F 0   2.396e+06   2e-06  0.99  1.0e-01  4.9e-06  3.9e-02  7.7e-02  1.6e-01  1.2e-03  1.6e-01
 213  F 0   2.396e+06  -3e-06  0.99  1.0e-01  2.9e-06  2.9e-02  6.6e-02  1.8e-01  1.2e-03  1.8e-01
 214  T 0   2.396e+06   1e-06  0.99  1.0e-01  1.7e-07  4.0e-03  5.7e-03  1.5e-01  1.2e-03  1.6e-01
 215  F 0   2.396e+06  -9e-12  0.99  1.0e-01  1.9e-07  1.8e-03  4.1e-03  1.7e-01  1.3e-03  1.7e-01
 216  F 0   2.396e+06   9e-08  0.99  1.0e-01  2.5e-07  4.1e-03  6.2e-03  1.7e-01  1.3e-03  1.7e-01
 217  F 0   2.396e+06  -8e-11  0.99  1.0e-01  6.6e-07  6.7e-03  1.1e-02  1.7e-01  1.2e-03  1.7e-01
 218  T 0   2.396e+06   1e-07  0.99  1.0e-01  3.6e-07  5.6e-03  1.1e-02  1.6e-01  1.2e-03  1.6e-01
 219  T 0   2.396e+06   3e-05  0.99  1.0e-01  1.5e-07  1.6e-03  3.8e-03  1.6e-01  1.1e-03  1.7e-01
 220  F 0   2.396e+06  -1e-07  0.99  1.0e-01  1.4e-07  1.7e-03  3.2e-03  1.5e-01  1.2e-03  1.5e-01
 221  F 0   2.396e+06  -5e-07  0.99  1.0e-01  5.2e-07  1.0e-02  1.6e-02  1.6e-01  1.2e-03  1.7e-01
 222  F 0   2.396e+06   1e-06  0.99  1.0e-01  2.0e-06  1.9e-02  3.4e-02  1.6e-01  1.2e-03  1.6e-01
 223  F 0   2.396e+06  -1e-04  0.99  1.0e-01  5.3e-07  1.1e-02  3.0e-02  1.6e-01  1.1e-03  1.6e-01
 224  F 0   2.396e+06   7e-07  0.99  1.0e-01  2.5e-07  2.3e-03  8.3e-03  2.0e-01  1.4e-03  2.0e-01
 225  F 0   2.396e+06   4e-07  0.99  1.0e-01  1.5e-06  2.3e-02  3.3e-02  1.6e-01  1.3e-03  1.6e-01
 226  F 0   2.396e+06  -1e-07  0.99  1.0e-01  2.6e-06  2.5e-02  5.1e-02  1.6e-01  1.2e-03  1.6e-01
 227  F 0   2.396e+06  -1e-06  0.99  1.0e-01  3.5e-07  1.5e-02  3.3e-02  1.6e-01  1.2e-03  1.6e-01
 228  F 0   2.396e+06  -7e-05  0.99  1.0e-01  1.5e-07  1.5e-03  4.6e-03  1.7e-01  1.0e-03  1.7e-01
 229  F 0   2.396e+06  -9e-07  0.99  1.0e-01  1.7e-06  3.1e-02  4.4e-02  1.6e-01  1.5e-03  1.7e-01
 230  F 0   2.396e+06  -6e-07  0.99  1.0e-01  2.3e-06  3.7e-02  6.3e-02  1.8e-01  1.3e-03  1.8e-01
 231  F 0   2.396e+06  -1e-06  0.99  1.0e-01  2.2e-06  1.7e-02  4.4e-02  1.8e-01  1.3e-03  1.8e-01
 232  F 0   2.396e+06  -6e-06  0.99  1.0e-01  3.6e-07  5.9e-03  1.4e-02  1.6e-01  1.2e-03  1.6e-01
 233  F 0   2.396e+06  -3e-05  0.99  1.0e-01  2.1e-07  1.3e-03  3.9e-03  1.6e-01  8.8e-04  1.6e-01
 234  F 0   2.396e+06  -2e-06  0.99  1.0e-01  1.9e-07  3.9e-03  8.8e-03  1.7e-01  1.3e-03  1.8e-01
 235  F 0   2.396e+06   6e-06  0.99  1.0e-01  4.4e-07  5.2e-03  8.4e-03  1.5e-01  8.9e-04  1.5e-01
 236  F 0   2.396e+06  -3e-08  0.99  1.0e-01  3.3e-07  4.3e-03  8.1e-03  1.6e-01  1.2e-03  1.6e-01
 237  T 0   2.396e+06   2e-05  0.99  1.0e-01  1.6e-07  1.7e-03  4.0e-03  1.6e-01  1.1e-03  1.6e-01
 238  F 0   2.396e+06  -6e-07  0.99  1.0e-01  1.0e-07  1.2e-03  2.8e-03  1.7e-01  1.2e-03  1.7e-01
 239  F 0   2.396e+06   9e-06  0.99  1.0e-01  1.3e-06  2.6e-02  4.9e-02  1.7e-01  1.2e-03  1.7e-01
 240  F 0   2.396e+06  -5e-06  0.99  1.0e-01  3.6e-06  6.1e-02  9.1e-02  1.8e-01  1.2e-03  1.8e-01
 241  F 0   2.396e+06  -8e-07  0.99  1.0e-01  4.4e-06  3.2e-02  8.9e-02  2.0e-01  1.4e-03  2.0e-01
 242  F 0   2.396e+06  -8e-06  0.99  1.0e-01  8.1e-07  1.8e-02  4.1e-02  1.6e-01  1.2e-03  1.6e-01
 243  F 0   2.396e+06  -1e-10  0.99  1.0e-01  4.2e-07  2.3e-03  5.5e-03  1.7e-01  1.2e-03  1.7e-01
 244  F 0   2.396e+06   5e-07  0.99  1.0e-01  1.7e-07  3.3e-03  6.9e-03  1.9e-01  9.3e-04  1.9e-01
 245  F 0   2.396e+06  -1e-06  0.99  1.0e-01  3.7e-07  1.0e-02  2.1e-02  1.7e-01  1.2e-03  1.7e-01
 246  F 0   2.396e+06  -1e-06  0.99  1.0e-01  5.8e-07  1.3e-02  1.8e-02  1.8e-01  1.3e-03  1.8e-01
 247  F 0   2.396e+06   3e-07  0.99  1.0e-01  7.3e-07  7.0e-03  1.5e-02  1.7e-01  1.3e-03  1.7e-01
 248  F 0   2.396e+06  -4e-05  0.99  1.0e-01  2.4e-07  4.1e-03  9.5e-03  1.8e-01  1.1e-03  1.8e-01
 249  F 0   2.396e+06  -2e-06  0.99  1.0e-01  1.0e-07  1.1e-03  2.8e-03  1.7e-01  1.3e-03  1.7e-01
 250  F 0   2.396e+06  -9e-06  0.99  1.0e-01  7.5e-08  5.1e-03  1.2e-02  1.6e-01  1.3e-03  1.6e-01
 251  F 0   2.396e+06   3e-07  0.99  1.0e-01  2.2e-06  5.0e-02  8.8e-02  1.6e-01  1.3e-03  1.6e-01
 252  F 0   2.397e+06   2e-08  0.99  1.0e-01  1.2e-05  6.9e-02  1.9e-01  1.8e-01  1.4e-03  1.8e-01
 253  F 0   2.396e+06   2e-06  0.99  1.0e-01  9.1e-06  6.5e-02  1.6e-01  1.8e-01  1.4e-03  1.8e-01
 254  F 0   2.396e+06  -6e-06  0.99  1.0e-01  1.8e-06  1.8e-02  3.4e-02  1.6e-01  1.2e-03  1.6e-01
 255  T 0   2.396e+06   6e-05  0.99  1.0e-01  8.3e-07  7.6e-03  1.5e-02  1.7e-01  1.1e-03  1.7e-01
 256  F 0   2.396e+06   4e-07  0.99  1.0e-01  1.5e-06  2.1e-02  4.2e-02  1.8e-01  1.4e-03  1.8e-01
 257  F 0   2.396e+06  -3e-07  0.99  1.0e-01  1.9e-06  1.7e-02  4.5e-02  1.8e-01  1.2e-03  1.8e-01
 258  F 0   2.396e+06  -1e-06  0.99  1.0e-01  2.8e-07  1.1e-02  2.2e-02  1.9e-01  1.3e-03  1.9e-01
 259  F 0   2.396e+06  -4e-05  0.99  1.0e-01  2.4e-07  1.6e-03  3.5e-03  2.0e-01  1.1e-03  2.0e-01
 260  F 0   2.396e+06  -1e-05  0.99  1.0e-01  4.7e-07  7.6e-03  1.6e-02  2.1e-01  1.3e-03  2.1e-01
 261  F 0   2.396e+06   9e-08  0.99  1.0e-01  4.8e-07  7.1e-03  1.8e-02  2.2e-01  1.2e-03  2.3e-01
 262  F 0   2.396e+06  -3e-08  0.99  1.0e-01  3.7e-07  3.8e-03  7.9e-03  1.8e-01  1.2e-03  1.8e-01
 263  F 0   2.396e+06   2e-05  0.99  1.0e-01  9.8e-08  1.3e-03  2.6e-03  1.6e-01  1.2e-03  1.6e-01
 264  F 0   2.396e+06  -4e-07  0.99  1.0e-01  5.6e-08  9.9e-04  2.3e-03  1.6e-01  1.2e-03  1.6e-01
Termination on Convergence criteria
Total number of system evaluations: 265
