   k  l     Obj         Vio    Bou   ML       |KKT|    |dX|     ||dX||   T_s      T_o      T_t
   0  T 0   4.248e+08   1e-02  0.00  1.0e-01  3.0e+03  1.0e+00  1.0e+00  3.4e-01  0.0e+00  0.0e+00
   1  T 0   1.322e+08  -3e-05  0.47  1.0e-01  8.2e-02  1.0e-01  5.7e+00  1.4e-01  4.5e-03  1.4e-01
   2  T 0   4.487e+07  -9e-06  0.46  1.0e-01  1.7e-02  1.0e-01  4.3e+00  1.4e-01  3.7e-03  1.4e-01
   3  F 0   4.487e+07  -9e-06  0.46  1.0e-01  1.7e-02  0.0e+00  0.0e+00  1.4e-01  1.6e-03  1.4e-01
   3  T 1   3.262e+07  -8e-06  0.65  1.0e-01  1.4e-02  1.0e-01  3.9e+00  1.5e-01  1.8e-03  1.5e-01
   4  T 0   1.636e+07  -6e-06  0.65  1.0e-01  4.2e-03  1.0e-01  3.6e+00  1.5e-01  1.8e-03  1.5e-01
   5  T 0   9.792e+06  -3e-04  0.74  1.0e-01  1.7e-03  1.0e-01  3.5e+00  1.6e-01  1.8e-03  1.6e-01
   6  F 0   9.792e+06  -3e-04  0.74  1.0e-01  1.7e-03  0.0e+00  0.0e+00  1.6e-01  2.8e-03  1.6e-01
   6  T 1   8.302e+06  -3e-06  0.74  1.0e-01  1.4e-03  1.0e-01  2.7e+00  2.0e-01  1.4e-03  2.0e-01
   7  F 0   8.302e+06  -3e-06  0.74  1.0e-01  1.4e-03  0.0e+00  0.0e+00  1.4e-01  1.4e-03  1.5e-01
   7  T 1   7.512e+06  -2e-05  0.78  1.0e-01  1.2e-03  1.0e-01  2.7e+00  1.5e-01  1.4e-03  1.5e-01
   8  T 0   6.282e+06  -7e-06  0.77  1.0e-01  6.7e-04  1.0e-01  2.9e+00  1.4e-01  2.1e-03  1.5e-01
   9  T 0   5.197e+06  -3e-02  0.80  1.0e-01  5.0e-04  1.0e-01  2.7e+00  1.5e-01  1.1e-03  1.5e-01
  10  F 0   5.197e+06  -3e-02  0.80  1.0e-01  5.0e-04  0.0e+00  0.0e+00  1.6e-01  2.2e-03  1.7e-01
  10  T 1   4.541e+06  -4e-06  0.80  1.0e-01  1.6e-03  1.0e-01  2.3e+00  1.5e-01  1.4e-03  1.5e-01
  11  T 0   3.929e+06  -2e-03  0.82  1.0e-01  3.3e-04  1.0e-01  2.6e+00  1.6e-01  1.0e-03  1.7e-01
  12  F 0   3.929e+06  -2e-03  0.82  1.0e-01  3.3e-04  0.0e+00  0.0e+00  1.8e-01  1.5e-03  1.8e-01
  12  T 1   3.648e+06  -4e-06  0.84  1.0e-01  3.0e-04  1.0e-01  2.1e+00  1.8e-01  1.6e-03  1.8e-01
  13  T 0   3.584e+06  -3e-02  0.86  1.0e-01  4.6e-04  1.0e-01  2.3e+00  1.4e-01  1.0e-03  1.4e-01
  14  F 0   3.584e+06  -3e-02  0.86  1.0e-01  4.6e-04  0.0e+00  0.0e+00  1.5e-01  1.9e-03  1.5e-01
  14  T 1   3.279e+06  -3e-06  0.88  1.0e-01  4.9e-04  1.0e-01  1.8e+00  2.0e-01  2.0e-03  2.0e-01
  15  F 0   3.279e+06  -3e-06  0.88  1.0e-01  4.9e-04  0.0e+00  0.0e+00  1.9e-01  1.5e-03  1.9e-01
  15  T 1   3.150e+06  -9e-06  0.89  1.0e-01  1.4e-04  1.0e-01  1.6e+00  1.5e-01  1.6e-03  1.5e-01
  16  F 0   3.150e+06  -9e-06  0.89  1.0e-01  1.4e-04  0.0e+00  0.0e+00  1.5e-01  1.6e-03  1.5e-01
  16  T 1   3.037e+06  -1e-05  0.90  1.0e-01  1.1e-04  1.0e-01  1.6e+00  1.5e-01  1.5e-03  1.5e-01
  17  F 0   3.037e+06  -1e-05  0.90  1.0e-01  1.1e-04  0.0e+00  0.0e+00  1.9e-01  1.5e-03  1.9e-01
  17  F 1   3.037e+06  -1e-05  0.90  1.0e-01  1.1e-04  0.0e+00  0.0e+00  1.7e-01  1.6e-03  1.8e-01
  17  F 2   3.037e+06  -1e-05  0.90  1.0e-01  1.1e-04  0.0e+00  0.0e+00  1.8e-01  1.4e-03  1.8e-01
  17  T 3   3.004e+06   2e-06  0.88  1.0e-01  1.2e-04  1.0e-01  3.5e-01  1.4e-01  1.2e-03  1.4e-01
  18  F 0   3.004e+06   2e-06  0.88  1.0e-01  1.2e-04  0.0e+00  0.0e+00  1.4e-01  1.6e-03  1.4e-01
  18  T 1   2.887e+06  -6e-06  0.91  1.0e-01  1.5e-04  1.0e-01  1.5e+00  1.4e-01  1.4e-03  1.4e-01
  19  F 0   2.887e+06  -6e-06  0.91  1.0e-01  1.5e-04  0.0e+00  0.0e+00  1.4e-01  1.9e-03  1.4e-01
  19  F 1   2.887e+06  -6e-06  0.91  1.0e-01  1.5e-04  0.0e+00  0.0e+00  1.4e-01  1.3e-03  1.5e-01
  19  T 2   2.881e+06  -1e-06  0.91  1.0e-01  1.8e-04  1.0e-01  8.1e-01  1.4e-01  1.2e-03  1.4e-01
  20  F 0   2.881e+06  -1e-06  0.91  1.0e-01  1.8e-04  0.0e+00  0.0e+00  1.5e-01  1.7e-03  1.5e-01
  20  T 1   2.809e+06  -1e-05  0.92  1.0e-01  2.1e-04  1.0e-01  1.4e+00  1.5e-01  1.4e-03  1.5e-01
  21  F 0   2.809e+06  -1e-05  0.92  1.0e-01  2.1e-04  0.0e+00  0.0e+00  1.4e-01  1.9e-03  1.5e-01
  21  F 1   2.809e+06  -1e-05  0.92  1.0e-01  2.1e-04  0.0e+00  0.0e+00  2.0e-01  1.5e-03  2.0e-01
  21  F 2   2.809e+06  -1e-05  0.92  1.0e-01  2.1e-04  0.0e+00  0.0e+00  1.4e-01  1.3e-03  1.4e-01
  21  T 3   2.780e+06   2e-06  0.91  1.0e-01  3.4e-04  9.0e-02  3.0e-01  1.5e-01  1.2e-03  1.5e-01
  22  T 0   2.682e+06  -5e-05  0.93  1.0e-01  1.1e-04  1.0e-01  1.6e+00  1.5e-01  1.5e-03  1.5e-01
  23  T 0   2.655e+06  -2e-07  0.94  1.0e-01  1.3e-04  1.0e-01  1.5e+00  1.5e-01  1.7e-03  1.5e-01
  24  T 0   2.636e+06  -2e-05  0.95  1.0e-01  1.2e-04  1.0e-01  1.4e+00  1.5e-01  1.7e-03  1.5e-01
  25  F 0   2.636e+06  -2e-05  0.95  1.0e-01  1.2e-04  0.0e+00  0.0e+00  1.5e-01  1.6e-03  1.5e-01
  25  F 1   2.636e+06  -2e-05  0.95  1.0e-01  1.2e-04  0.0e+00  0.0e+00  1.5e-01  1.3e-03  1.5e-01
  25  F 2   2.636e+06  -2e-05  0.95  1.0e-01  1.2e-04  0.0e+00  0.0e+00  1.5e-01  1.2e-03  1.5e-01
  25  F 3   2.636e+06  -2e-05  0.95  1.0e-01  1.2e-04  0.0e+00  0.0e+00  1.5e-01  1.3e-03  1.5e-01
  25  T 4   2.632e+06   5e-06  0.93  1.0e-01  1.2e-04  1.0e-02  3.2e-02  1.6e-01  1.2e-03  1.6e-01
  26  F 0   2.632e+06   5e-06  0.93  1.0e-01  1.2e-04  0.0e+00  0.0e+00  1.4e-01  1.7e-03  1.5e-01
  26  F 1   2.632e+06   5e-06  0.93  1.0e-01  1.2e-04  0.0e+00  0.0e+00  1.5e-01  1.5e-03  1.5e-01
  26  F 2   2.632e+06   5e-06  0.93  1.0e-01  1.2e-04  0.0e+00  0.0e+00  1.5e-01  1.3e-03  1.5e-01
  26  T 3   2.604e+06  -1e-06  0.92  1.0e-01  1.7e-04  9.0e-02  2.9e-01  1.5e-01  1.4e-03  1.5e-01
  27  F 0   2.604e+06  -1e-06  0.92  1.0e-01  1.7e-04  0.0e+00  0.0e+00  1.5e-01  1.8e-03  1.5e-01
  27  F 1   2.604e+06  -1e-06  0.92  1.0e-01  1.7e-04  0.0e+00  0.0e+00  1.5e-01  1.6e-03  1.5e-01
  27  F 2   2.604e+06  -1e-06  0.92  1.0e-01  1.7e-04  0.0e+00  0.0e+00  1.9e-01  1.3e-03  1.9e-01
  27  T 3   2.596e+06  -8e-07  0.93  1.0e-01  1.7e-04  3.9e-02  1.4e-01  1.5e-01  1.2e-03  1.5e-01
  28  F 0   2.596e+06  -8e-07  0.93  1.0e-01  1.7e-04  0.0e+00  0.0e+00  1.5e-01  2.2e-03  1.6e-01
  28  F 1   2.596e+06  -8e-07  0.93  1.0e-01  1.7e-04  0.0e+00  0.0e+00  2.1e-01  1.1e-03  2.1e-01
  28  F 2   2.596e+06  -8e-07  0.93  1.0e-01  1.7e-04  0.0e+00  0.0e+00  1.4e-01  1.3e-03  1.5e-01
  28  T 3   2.591e+06   3e-06  0.93  1.0e-01  1.6e-04  2.5e-02  1.0e-01  1.5e-01  1.1e-03  1.5e-01
  29  F 0   2.591e+06   3e-06  0.93  1.0e-01  1.6e-04  0.0e+00  0.0e+00  1.5e-01  1.4e-03  1.5e-01
  29  T 1   2.589e+06  -6e-06  0.95  1.0e-01  1.5e-04  1.0e-01  1.1e+00  1.5e-01  1.7e-03  1.5e-01
  30  F 0   2.589e+06  -6e-06  0.95  1.0e-01  1.5e-04  0.0e+00  0.0e+00  1.6e-01  1.6e-03  1.6e-01
  30  T 1   2.576e+06  -3e-06  0.95  1.0e-01  7.9e-05  1.0e-01  1.1e+00  1.7e-01  1.3e-03  1.7e-01
  31  F 0   2.576e+06  -3e-06  0.95  1.0e-01  7.9e-05  0.0e+00  0.0e+00  1.8e-01  1.3e-03  1.8e-01
  31  F 1   2.576e+06  -3e-06  0.95  1.0e-01  7.9e-05  0.0e+00  0.0e+00  1.4e-01  1.4e-03  1.5e-01
  31  F 2   2.576e+06  -3e-06  0.95  1.0e-01  7.9e-05  0.0e+00  0.0e+00  1.6e-01  1.6e-03  1.7e-01
  31  T 3   2.565e+06   9e-09  0.94  1.0e-01  1.2e-04  7.4e-02  1.8e-01  1.7e-01  1.3e-03  1.7e-01
  32  T 0   2.538e+06  -8e-08  0.96  1.0e-01  5.3e-05  1.0e-01  1.2e+00  1.8e-01  1.9e-03  1.8e-01
  33  F 0   2.538e+06  -8e-08  0.96  1.0e-01  5.3e-05  0.0e+00  0.0e+00  1.9e-01  1.7e-03  1.9e-01
  33  T 1   2.521e+06   5e-08  0.96  1.0e-01  9.2e-05  1.0e-01  1.0e+00  2.1e-01  1.5e-03  2.1e-01
  34  F 0   2.521e+06   5e-08  0.96  1.0e-01  9.2e-05  0.0e+00  0.0e+00  2.1e-01  1.6e-03  2.1e-01
  34  F 1   2.521e+06   5e-08  0.96  1.0e-01  9.2e-05  0.0e+00  0.0e+00  1.9e-01  1.3e-03  1.9e-01
  34  T 2   2.514e+06  -2e-06  0.96  1.0e-01  9.1e-05  1.0e-01  5.7e-01  2.0e-01  1.2e-03  2.0e-01
  35  F 0   2.514e+06  -3e-04  0.97  1.0e-01  7.6e-05  1.0e-01  1.1e+00  2.0e-01  1.4e-03  2.0e-01
  36  F 0   2.514e+06  -3e-04  0.97  1.0e-01  7.6e-05  0.0e+00  0.0e+00  1.5e-01  1.5e-03  1.5e-01
  36  F 1   2.514e+06  -3e-04  0.97  1.0e-01  7.6e-05  0.0e+00  0.0e+00  1.5e-01  1.0e-03  1.5e-01
  36  F 2   2.514e+06  -3e-04  0.97  1.0e-01  7.6e-05  0.0e+00  0.0e+00  1.5e-01  1.2e-03  1.5e-01
  36  T 3   2.499e+06   4e-07  0.95  1.0e-01  4.1e-05  6.8e-02  2.1e-01  1.7e-01  1.2e-03  1.7e-01
  37  F 0   2.499e+06   4e-07  0.95  1.0e-01  4.1e-05  0.0e+00  0.0e+00  1.4e-01  1.6e-03  1.4e-01
  37  F 1   2.499e+06   4e-07  0.95  1.0e-01  4.1e-05  0.0e+00  0.0e+00  1.4e-01  1.7e-03  1.4e-01
  37  T 2   2.499e+06  -2e-05  0.96  1.0e-01  6.0e-05  1.0e-01  6.3e-01  1.6e-01  1.3e-03  1.6e-01
  38  F 0   2.499e+06  -2e-05  0.96  1.0e-01  6.0e-05  0.0e+00  0.0e+00  1.5e-01  1.5e-03  1.5e-01
  38  F 1   2.499e+06  -2e-05  0.96  1.0e-01  6.0e-05  0.0e+00  0.0e+00  1.5e-01  1.3e-03  1.5e-01
  38  T 2   2.495e+06  -4e-07  0.96  1.0e-01  3.5e-05  1.0e-01  4.2e-01  1.5e-01  1.0e-03  1.5e-01
  39  F 0   2.495e+06  -4e-07  0.96  1.0e-01  3.5e-05  0.0e+00  0.0e+00  1.6e-01  1.6e-03  1.6e-01
  39  T 1   2.474e+06  -1e-06  0.97  1.0e-01  1.8e-05  1.0e-01  9.4e-01  1.4e-01  1.4e-03  1.4e-01
  40  T 0   2.465e+06  -1e-05  0.97  1.0e-01  4.2e-05  1.0e-01  9.6e-01  1.5e-01  1.5e-03  1.5e-01
  41  F 0   2.465e+06  -1e-05  0.97  1.0e-01  4.2e-05  0.0e+00  0.0e+00  1.5e-01  1.6e-03  1.5e-01
  41  T 1   2.463e+06   1e-06  0.98  1.0e-01  3.5e-05  1.0e-01  8.2e-01  1.5e-01  1.3e-03  1.5e-01
  42  F 0   2.463e+06   1e-06  0.98  1.0e-01  3.5e-05  0.0e+00  0.0e+00  1.5e-01  1.3e-03  1.5e-01
  42  F 1   2.463e+06   1e-06  0.98  1.0e-01  3.5e-05  0.0e+00  0.0e+00  1.6e-01  1.2e-03  1.6e-01
  42  F 2   2.463e+06   1e-06  0.98  1.0e-01  3.5e-05  0.0e+00  0.0e+00  1.6e-01  1.3e-03  1.6e-01
  42  T 3   2.460e+06  -1e-05  0.97  1.0e-01  2.4e-05  3.2e-02  9.2e-02  1.4e-01  1.0e-03  1.4e-01
  43  F 0   2.460e+06  -1e-05  0.97  1.0e-01  2.4e-05  0.0e+00  0.0e+00  1.5e-01  1.5e-03  1.5e-01
  43  F 1   2.460e+06  -1e-05  0.97  1.0e-01  2.4e-05  0.0e+00  0.0e+00  1.4e-01  1.4e-03  1.4e-01
  43  T 2   2.457e+06  -1e-07  0.97  1.0e-01  3.9e-05  1.0e-01  4.8e-01  1.4e-01  1.4e-03  1.5e-01
  44  F 0   2.457e+06  -1e-07  0.97  1.0e-01  3.9e-05  0.0e+00  0.0e+00  1.5e-01  2.4e-03  1.6e-01
  44  T 1   2.452e+06  -3e-07  0.98  1.0e-01  3.3e-05  1.0e-01  7.7e-01  1.4e-01  1.3e-03  1.5e-01
  45  F 0   2.452e+06  -3e-07  0.98  1.0e-01  3.3e-05  0.0e+00  0.0e+00  1.4e-01  1.5e-03  1.4e-01
  45  F 1   2.452e+06  -3e-07  0.98  1.0e-01  3.3e-05  0.0e+00  0.0e+00  1.5e-01  1.3e-03  1.5e-01
  45  F 2   2.452e+06  -3e-07  0.98  1.0e-01  3.3e-05  0.0e+00  0.0e+00  1.5e-01  1.4e-03  1.5e-01
  45  T 3   2.450e+06  -8e-06  0.97  1.0e-01  2.4e-05  3.0e-02  8.1e-02  1.6e-01  1.2e-03  1.6e-01
  46  F 0   2.450e+06  -8e-06  0.97  1.0e-01  2.4e-05  0.0e+00  0.0e+00  1.5e-01  1.7e-03  1.5e-01
  46  F 1   2.450e+06  -8e-06  0.97  1.0e-01  2.4e-05  0.0e+00  0.0e+00  1.5e-01  1.4e-03  1.5e-01
  46  T 2   2.447e+06  -1e-07  0.97  1.0e-01  3.7e-05  9.4e-02  4.6e-01  1.5e-01  1.3e-03  1.5e-01
  47  F 0   2.447e+06  -1e-07  0.97  1.0e-01  3.7e-05  0.0e+00  0.0e+00  1.5e-01  1.6e-03  1.6e-01
  47  T 1   2.443e+06  -2e-06  0.98  1.0e-01  3.2e-05  1.0e-01  7.4e-01  1.5e-01  1.3e-03  1.5e-01
  48  F 0   2.443e+06  -2e-06  0.98  1.0e-01  3.2e-05  0.0e+00  0.0e+00  1.5e-01  1.6e-03  1.5e-01
  48  F 1   2.443e+06  -2e-06  0.98  1.0e-01  3.2e-05  0.0e+00  0.0e+00  1.6e-01  1.3e-03  1.6e-01
  48  F 2   2.443e+06  -2e-06  0.98  1.0e-01  3.2e-05  0.0e+00  0.0e+00  1.6e-01  1.5e-03  1.6e-01
  48  T 3   2.441e+06  -4e-06  0.97  1.0e-01  2.4e-05  3.0e-02  7.0e-02  1.9e-01  1.1e-03  1.9e-01
  49  F 0   2.441e+06  -4e-06  0.97  1.0e-01  2.4e-05  0.0e+00  0.0e+00  1.5e-01  1.4e-03  1.5e-01
  49  F 1   2.441e+06  -4e-06  0.97  1.0e-01  2.4e-05  0.0e+00  0.0e+00  1.5e-01  1.3e-03  1.5e-01
  49  T 2   2.437e+06  -4e-06  0.98  1.0e-01  3.3e-05  9.1e-02  4.0e-01  1.8e-01  1.2e-03  1.8e-01
  50  T 0   2.436e+06   2e-08  0.98  1.0e-01  3.3e-05  1.0e-01  8.4e-01  1.6e-01  1.9e-03  1.6e-01
  51  F 0   2.436e+06   2e-08  0.98  1.0e-01  3.3e-05  0.0e+00  0.0e+00  1.7e-01  1.6e-03  1.7e-01
  51  F 1   2.436e+06   2e-08  0.98  1.0e-01  3.3e-05  0.0e+00  0.0e+00  1.7e-01  1.4e-03  1.7e-01
  51  F 2   2.436e+06   2e-08  0.98  1.0e-01  3.3e-05  0.0e+00  0.0e+00  1.7e-01  1.5e-03  1.7e-01
  51  T 3   2.433e+06   7e-07  0.97  1.0e-01  2.1e-05  2.9e-02  9.1e-02  1.6e-01  1.1e-03  1.6e-01
  52  F 0   2.433e+06   7e-07  0.97  1.0e-01  2.1e-05  0.0e+00  0.0e+00  1.7e-01  1.7e-03  1.8e-01
  52  F 1   2.433e+06   7e-07  0.97  1.0e-01  2.1e-05  0.0e+00  0.0e+00  1.9e-01  1.9e-03  1.9e-01
  52  F 2   2.433e+06   7e-07  0.97  1.0e-01  2.1e-05  0.0e+00  0.0e+00  1.9e-01  1.8e-03  1.9e-01
  52  T 3   2.431e+06   1e-07  0.97  1.0e-01  1.8e-05  2.3e-02  6.0e-02  2.0e-01  1.4e-03  2.0e-01
  53  F 0   2.431e+06   1e-07  0.97  1.0e-01  1.8e-05  0.0e+00  0.0e+00  1.9e-01  2.0e-03  1.9e-01
  53  F 1   2.431e+06   1e-07  0.97  1.0e-01  1.8e-05  0.0e+00  0.0e+00  1.9e-01  1.8e-03  1.9e-01
  53  F 2   2.431e+06   1e-07  0.97  1.0e-01  1.8e-05  0.0e+00  0.0e+00  1.9e-01  1.8e-03  1.9e-01
  53  T 3   2.430e+06  -1e-06  0.97  1.0e-01  1.5e-05  1.9e-02  5.2e-02  2.0e-01  1.4e-03  2.0e-01
  54  F 0   2.430e+06  -1e-06  0.97  1.0e-01  1.5e-05  0.0e+00  0.0e+00  1.9e-01  1.8e-03  1.9e-01
  54  F 1   2.430e+06  -1e-06  0.97  1.0e-01  1.5e-05  0.0e+00  0.0e+00  1.9e-01  1.9e-03  1.9e-01
  54  T 2   2.429e+06   4e-07  0.98  1.0e-01  2.6e-05  8.5e-02  3.5e-01  1.9e-01  1.6e-03  1.9e-01
  55  F 0   2.429e+06   4e-07  0.98  1.0e-01  2.6e-05  0.0e+00  0.0e+00  1.9e-01  1.6e-03  1.9e-01
  55  F 1   2.429e+06   4e-07  0.98  1.0e-01  2.6e-05  0.0e+00  0.0e+00  1.9e-01  1.8e-03  1.9e-01
  55  T 2   2.427e+06   7e-06  0.98  1.0e-01  1.5e-05  8.6e-02  2.2e-01  1.9e-01  1.4e-03  2.0e-01
  56  F 0   2.427e+06   7e-06  0.98  1.0e-01  1.5e-05  0.0e+00  0.0e+00  1.9e-01  2.7e-03  1.9e-01
  56  F 1   2.427e+06   7e-06  0.98  1.0e-01  1.5e-05  0.0e+00  0.0e+00  1.9e-01  1.6e-03  2.0e-01
  56  T 2   2.425e+06   7e-06  0.98  1.0e-01  7.2e-06  7.3e-02  2.5e-01  1.9e-01  1.8e-03  1.9e-01
  57  T 0   2.421e+06  -3e-07  0.98  1.0e-01  8.5e-06  1.0e-01  7.6e-01  1.9e-01  2.0e-03  1.9e-01
  58  F 0   2.421e+06  -3e-07  0.98  1.0e-01  8.5e-06  0.0e+00  0.0e+00  1.9e-01  2.0e-03  1.9e-01
  58  F 1   2.421e+06  -3e-07  0.98  1.0e-01  8.5e-06  0.0e+00  0.0e+00  1.9e-01  1.7e-03  2.0e-01
  58  F 2   2.421e+06  -3e-07  0.98  1.0e-01  8.5e-06  0.0e+00  0.0e+00  2.0e-01  1.6e-03  2.0e-01
  58  T 3   2.421e+06   6e-06  0.98  1.0e-01  6.4e-06  6.6e-03  2.5e-02  1.9e-01  1.4e-03  1.9e-01
  59  F 0   2.421e+06   6e-06  0.98  1.0e-01  6.4e-06  0.0e+00  0.0e+00  2.0e-01  1.8e-03  2.0e-01
  59  F 1   2.421e+06   6e-06  0.98  1.0e-01  6.4e-06  0.0e+00  0.0e+00  1.9e-01  1.6e-03  1.9e-01
  59  T 2   2.420e+06  -3e-06  0.98  1.0e-01  1.1e-05  6.4e-02  2.3e-01  2.0e-01  1.4e-03  2.0e-01
  60  F 0   2.420e+06  -3e-06  0.98  1.0e-01  1.1e-05  0.0e+00  0.0e+00  1.9e-01  2.5e-03  1.9e-01
  60  F 1   2.420e+06  -3e-06  0.98  1.0e-01  1.1e-05  0.0e+00  0.0e+00  2.4e-01  1.6e-03  2.4e-01
  60  F 2   2.420e+06  -3e-06  0.98  1.0e-01  1.1e-05  0.0e+00  0.0e+00  2.7e-01  1.6e-03  2.7e-01
  60  T 3   2.420e+06  -2e-06  0.98  1.0e-01  7.3e-06  9.5e-03  3.2e-02  2.7e-01  1.6e-03  2.7e-01
  61  F 0   2.420e+06  -2e-06  0.98  1.0e-01  7.3e-06  0.0e+00  0.0e+00  2.0e-01  1.3e-02  2.2e-01
  61  F 1   2.420e+06  -2e-06  0.98  1.0e-01  7.3e-06  0.0e+00  0.0e+00  2.0e-01  2.4e-03  2.0e-01
  61  F 2   2.420e+06  -2e-06  0.98  1.0e-01  7.3e-06  0.0e+00  0.0e+00  2.0e-01  1.4e-03  2.1e-01
  61  T 3   2.419e+06  -3e-07  0.98  1.0e-01  6.5e-06  7.0e-03  2.4e-02  1.9e-01  1.5e-03  1.9e-01
  62  F 0   2.419e+06  -3e-07  0.98  1.0e-01  6.5e-06  0.0e+00  0.0e+00  2.2e-01  1.9e-03  2.2e-01
  62  F 1   2.419e+06  -3e-07  0.98  1.0e-01  6.5e-06  0.0e+00  0.0e+00  2.4e-01  1.7e-03  2.4e-01
  62  T 2   2.419e+06  -2e-06  0.98  1.0e-01  1.0e-05  6.3e-02  1.9e-01  2.3e-01  1.4e-03  2.4e-01
  63  F 0   2.419e+06  -2e-06  0.98  1.0e-01  1.0e-05  0.0e+00  0.0e+00  2.0e-01  2.2e-03  2.0e-01
  63  F 1   2.419e+06  -2e-06  0.98  1.0e-01  1.0e-05  0.0e+00  0.0e+00  2.0e-01  1.4e-03  2.0e-01
  63  T 2   2.418e+06   3e-06  0.98  1.0e-01  9.8e-06  6.8e-02  2.2e-01  1.9e-01  1.7e-03  2.0e-01
  64  F 0   2.418e+06   3e-06  0.98  1.0e-01  9.8e-06  0.0e+00  0.0e+00  2.1e-01  2.1e-03  2.1e-01
  64  F 1   2.418e+06   3e-06  0.98  1.0e-01  9.8e-06  0.0e+00  0.0e+00  1.9e-01  1.7e-03  1.9e-01
  64  F 2   2.418e+06   3e-06  0.98  1.0e-01  9.8e-06  0.0e+00  0.0e+00  1.9e-01  1.4e-03  1.9e-01
  64  T 3   2.418e+06  -2e-06  0.98  1.0e-01  6.3e-06  8.7e-03  2.8e-02  2.2e-01  1.4e-03  2.2e-01
  65  F 0   2.418e+06  -2e-06  0.98  1.0e-01  6.3e-06  0.0e+00  0.0e+00  2.0e-01  1.7e-03  2.0e-01
  65  F 1   2.418e+06  -2e-06  0.98  1.0e-01  6.3e-06  0.0e+00  0.0e+00  2.0e-01  1.7e-03  2.0e-01
  65  F 2   2.418e+06  -2e-06  0.98  1.0e-01  6.3e-06  0.0e+00  0.0e+00  1.9e-01  1.5e-03  1.9e-01
  65  T 3   2.418e+06   4e-08  0.98  1.0e-01  5.6e-06  6.2e-03  2.0e-02  1.9e-01  1.4e-03  1.9e-01
  66  F 0   2.418e+06   4e-08  0.98  1.0e-01  5.6e-06  0.0e+00  0.0e+00  2.1e-01  2.4e-03  2.1e-01
  66  F 1   2.418e+06   4e-08  0.98  1.0e-01  5.6e-06  0.0e+00  0.0e+00  2.2e-01  1.6e-03  2.2e-01
  66  T 2   2.417e+06   4e-08  0.98  1.0e-01  9.4e-06  5.5e-02  1.7e-01  2.3e-01  1.4e-03  2.3e-01
  67  F 0   2.417e+06   4e-08  0.98  1.0e-01  9.4e-06  0.0e+00  0.0e+00  2.4e-01  1.9e-03  2.4e-01
  67  F 1   2.417e+06   4e-08  0.98  1.0e-01  9.4e-06  0.0e+00  0.0e+00  2.0e-01  1.7e-03  2.0e-01
  67  F 2   2.417e+06   4e-08  0.98  1.0e-01  9.4e-06  0.0e+00  0.0e+00  2.1e-01  1.6e-03  2.1e-01
  67  T 3   2.417e+06   2e-06  0.98  1.0e-01  6.7e-06  6.9e-03  2.2e-02  1.9e-01  1.4e-03  1.9e-01
  68  F 0   2.417e+06   2e-06  0.98  1.0e-01  6.7e-06  0.0e+00  0.0e+00  1.9e-01  2.3e-03  2.0e-01
  68  F 1   2.417e+06   2e-06  0.98  1.0e-01  6.7e-06  0.0e+00  0.0e+00  1.9e-01  1.8e-03  1.9e-01
  68  T 2   2.416e+06  -3e-06  0.98  1.0e-01  1.1e-05  6.8e-02  1.9e-01  2.1e-01  1.4e-03  2.1e-01
  69  F 0   2.416e+06  -3e-06  0.98  1.0e-01  1.1e-05  0.0e+00  0.0e+00  2.0e-01  2.0e-03  2.1e-01
  69  F 1   2.416e+06  -3e-06  0.98  1.0e-01  1.1e-05  0.0e+00  0.0e+00  2.2e-01  1.7e-03  2.2e-01
  69  F 2   2.416e+06  -3e-06  0.98  1.0e-01  1.1e-05  0.0e+00  0.0e+00  2.0e-01  1.6e-03  2.0e-01
  69  T 3   2.416e+06  -3e-06  0.98  1.0e-01  6.8e-06  9.6e-03  3.1e-02  1.9e-01  1.4e-03  2.0e-01
  70  F 0   2.416e+06  -3e-06  0.98  1.0e-01  6.8e-06  0.0e+00  0.0e+00  1.9e-01  2.0e-03  2.0e-01
  70  F 1   2.416e+06  -3e-06  0.98  1.0e-01  6.8e-06  0.0e+00  0.0e+00  1.9e-01  1.6e-03  1.9e-01
  70  F 2   2.416e+06  -3e-06  0.98  1.0e-01  6.8e-06  0.0e+00  0.0e+00  1.9e-01  1.4e-03  1.9e-01
  70  T 3   2.416e+06  -2e-05  0.98  1.0e-01  5.6e-06  7.0e-03  2.4e-02  1.9e-01  1.3e-03  2.0e-01
  71  F 0   2.416e+06  -2e-05  0.98  1.0e-01  5.6e-06  0.0e+00  0.0e+00  1.9e-01  1.8e-03  2.0e-01
  71  F 1   2.416e+06  -2e-05  0.98  1.0e-01  5.6e-06  0.0e+00  0.0e+00  1.9e-01  1.7e-03  1.9e-01
  71  F 2   2.416e+06  -2e-05  0.98  1.0e-01  5.6e-06  0.0e+00  0.0e+00  1.9e-01  1.4e-03  1.9e-01
  71  T 3   2.416e+06  -5e-07  0.98  1.0e-01  4.9e-06  5.4e-03  1.9e-02  1.9e-01  1.4e-03  1.9e-01
  72  F 0   2.416e+06  -5e-07  0.98  1.0e-01  4.9e-06  0.0e+00  0.0e+00  1.9e-01  2.0e-03  1.9e-01
  72  F 1   2.416e+06  -5e-07  0.98  1.0e-01  4.9e-06  0.0e+00  0.0e+00  1.9e-01  1.6e-03  2.0e-01
  72  T 2   2.415e+06   1e-07  0.98  1.0e-01  8.9e-06  4.9e-02  1.6e-01  1.9e-01  1.4e-03  1.9e-01
  73  F 0   2.415e+06   1e-07  0.98  1.0e-01  8.9e-06  0.0e+00  0.0e+00  2.0e-01  2.0e-03  2.1e-01
  73  F 1   2.415e+06   1e-07  0.98  1.0e-01  8.9e-06  0.0e+00  0.0e+00  2.0e-01  1.6e-03  2.0e-01
  73  F 2   2.415e+06   1e-07  0.98  1.0e-01  8.9e-06  0.0e+00  0.0e+00  1.9e-01  1.6e-03  2.0e-01
  73  T 3   2.415e+06   5e-06  0.98  1.0e-01  6.0e-06  6.9e-03  2.1e-02  2.1e-01  1.4e-03  2.1e-01
  74  F 0   2.415e+06   5e-06  0.98  1.0e-01  6.0e-06  0.0e+00  0.0e+00  2.0e-01  2.1e-03  2.0e-01
  74  F 1   2.415e+06   5e-06  0.98  1.0e-01  6.0e-06  0.0e+00  0.0e+00  1.9e-01  1.9e-03  1.9e-01
  74  T 2   2.415e+06  -7e-07  0.98  1.0e-01  9.2e-06  6.1e-02  1.7e-01  1.9e-01  1.4e-03  1.9e-01
  75  F 0   2.415e+06  -7e-07  0.98  1.0e-01  9.2e-06  0.0e+00  0.0e+00  2.1e-01  2.2e-03  2.1e-01
  75  F 1   2.415e+06  -7e-07  0.98  1.0e-01  9.2e-06  0.0e+00  0.0e+00  2.1e-01  1.9e-03  2.1e-01
  75  F 2   2.415e+06  -7e-07  0.98  1.0e-01  9.2e-06  0.0e+00  0.0e+00  2.0e-01  1.6e-03  2.0e-01
  75  T 3   2.415e+06   5e-07  0.98  1.0e-01  5.8e-06  8.2e-03  2.7e-02  1.9e-01  1.4e-03  1.9e-01
  76  F 0   2.415e+06   5e-07  0.98  1.0e-01  5.8e-06  0.0e+00  0.0e+00  1.9e-01  1.6e-03  1.9e-01
  76  F 1   2.415e+06   5e-07  0.98  1.0e-01  5.8e-06  0.0e+00  0.0e+00  1.9e-01  1.6e-03  1.9e-01
  76  F 2   2.415e+06   5e-07  0.98  1.0e-01  5.8e-06  0.0e+00  0.0e+00  1.9e-01  1.4e-03  1.9e-01
  76  T 3   2.414e+06  -1e-05  0.98  1.0e-01  5.0e-06  5.9e-03  2.0e-02  2.0e-01  1.2e-03  2.0e-01
  77  F 0   2.414e+06  -1e-05  0.98  1.0e-01  5.0e-06  0.0e+00  0.0e+00  2.2e-01  2.2e-03  2.2e-01
  77  F 1   2.414e+06  -1e-05  0.98  1.0e-01  5.0e-06  0.0e+00  0.0e+00  2.0e-01  1.4e-03  2.0e-01
  77  T 2   2.414e+06  -9e-07  0.98  1.0e-01  1.0e-05  4.8e-02  1.6e-01  1.9e-01  1.5e-03  1.9e-01
  78  F 0   2.414e+06  -9e-07  0.98  1.0e-01  1.0e-05  0.0e+00  0.0e+00  2.0e-01  2.0e-03  2.0e-01
  78  F 1   2.414e+06  -9e-07  0.98  1.0e-01  1.0e-05  0.0e+00  0.0e+00  1.9e-01  1.6e-03  1.9e-01
  78  T 2   2.414e+06   6e-07  0.98  1.0e-01  8.7e-06  6.4e-02  1.9e-01  1.9e-01  1.7e-03  1.9e-01
  79  F 0   2.414e+06   6e-07  0.98  1.0e-01  8.7e-06  0.0e+00  0.0e+00  2.1e-01  2.5e-03  2.1e-01
  79  F 1   2.414e+06   6e-07  0.98  1.0e-01  8.7e-06  0.0e+00  0.0e+00  2.0e-01  1.4e-03  2.0e-01
  79  F 2   2.414e+06   6e-07  0.98  1.0e-01  8.7e-06  0.0e+00  0.0e+00  2.0e-01  1.5e-03  2.0e-01
  79  T 3   2.413e+06   5e-09  0.98  1.0e-01  5.7e-06  7.3e-03  2.4e-02  2.1e-01  1.5e-03  2.1e-01
  80  F 0   2.413e+06   5e-09  0.98  1.0e-01  5.7e-06  0.0e+00  0.0e+00  2.1e-01  1.8e-03  2.1e-01
  80  F 1   2.413e+06   5e-09  0.98  1.0e-01  5.7e-06  0.0e+00  0.0e+00  1.9e-01  1.8e-03  1.9e-01
  80  T 2   2.413e+06   5e-06  0.98  1.0e-01  1.0e-05  4.5e-02  1.5e-01  2.0e-01  1.4e-03  2.0e-01
  81  F 0   2.413e+06   5e-06  0.98  1.0e-01  1.0e-05  0.0e+00  0.0e+00  1.9e-01  1.8e-03  1.9e-01
  81  F 1   2.413e+06   5e-06  0.98  1.0e-01  1.0e-05  0.0e+00  0.0e+00  2.0e-01  1.7e-03  2.0e-01
  81  T 2   2.413e+06  -2e-07  0.98  1.0e-01  8.6e-06  6.1e-02  1.7e-01  1.9e-01  1.6e-03  1.9e-01
  82  F 0   2.413e+06  -2e-07  0.98  1.0e-01  8.6e-06  0.0e+00  0.0e+00  1.9e-01  2.4e-03  2.0e-01
  82  F 1   2.413e+06  -2e-07  0.98  1.0e-01  8.6e-06  0.0e+00  0.0e+00  2.0e-01  1.6e-03  2.0e-01
  82  F 2   2.413e+06  -2e-07  0.98  1.0e-01  8.6e-06  0.0e+00  0.0e+00  1.9e-01  1.4e-03  1.9e-01
  82  T 3   2.413e+06  -1e-06  0.98  1.0e-01  4.5e-06  6.4e-03  2.2e-02  2.0e-01  1.5e-03  2.0e-01
  83  F 0   2.413e+06  -1e-06  0.98  1.0e-01  4.5e-06  0.0e+00  0.0e+00  2.0e-01  1.8e-03  2.0e-01
  83  F 1   2.413e+06  -1e-06  0.98  1.0e-01  4.5e-06  0.0e+00  0.0e+00  1.9e-01  1.4e-03  1.9e-01
  83  T 2   2.413e+06   5e-06  0.98  1.0e-01  9.9e-06  4.4e-02  1.4e-01  2.0e-01  1.4e-03  2.0e-01
  84  F 0   2.413e+06   5e-06  0.98  1.0e-01  9.9e-06  0.0e+00  0.0e+00  1.9e-01  1.8e-03  1.9e-01
  84  F 1   2.413e+06   5e-06  0.98  1.0e-01  9.9e-06  0.0e+00  0.0e+00  1.9e-01  1.7e-03  1.9e-01
  84  T 2   2.412e+06  -1e-05  0.98  1.0e-01  8.8e-06  5.8e-02  1.6e-01  1.9e-01  1.4e-03  1.9e-01
  85  F 0   2.412e+06  -1e-05  0.98  1.0e-01  8.8e-06  0.0e+00  0.0e+00  2.0e-01  2.5e-03  2.0e-01
  85  F 1   2.412e+06  -1e-05  0.98  1.0e-01  8.8e-06  0.0e+00  0.0e+00  1.9e-01  1.6e-03  1.9e-01
  85  F 2   2.412e+06  -1e-05  0.98  1.0e-01  8.8e-06  0.0e+00  0.0e+00  1.9e-01  1.4e-03  1.9e-01
  85  T 3   2.412e+06  -2e-06  0.98  1.0e-01  4.2e-06  7.2e-03  2.2e-02  2.0e-01  1.5e-03  2.0e-01
  86  F 0   2.412e+06  -2e-06  0.98  1.0e-01  4.2e-06  0.0e+00  0.0e+00  1.9e-01  2.0e-03  2.0e-01
  86  F 1   2.412e+06  -2e-06  0.98  1.0e-01  4.2e-06  0.0e+00  0.0e+00  1.9e-01  1.8e-03  1.9e-01
  86  T 2   2.412e+06   1e-06  0.98  1.0e-01  1.0e-05  4.4e-02  1.4e-01  2.0e-01  1.5e-03  2.0e-01
  87  F 0   2.412e+06   1e-06  0.98  1.0e-01  1.0e-05  0.0e+00  0.0e+00  2.0e-01  1.8e-03  2.0e-01
  87  F 1   2.412e+06   1e-06  0.98  1.0e-01  1.0e-05  0.0e+00  0.0e+00  1.9e-01  1.6e-03  2.0e-01
  87  T 2   2.412e+06   2e-07  0.98  1.0e-01  9.0e-06  6.2e-02  1.6e-01  2.0e-01  1.7e-03  2.0e-01
  88  F 0   2.412e+06   2e-07  0.98  1.0e-01  9.0e-06  0.0e+00  0.0e+00  2.0e-01  2.1e-03  2.0e-01
  88  F 1   2.412e+06   2e-07  0.98  1.0e-01  9.0e-06  0.0e+00  0.0e+00  2.0e-01  1.7e-03  2.0e-01
  88  F 2   2.412e+06   2e-07  0.98  1.0e-01  9.0e-06  0.0e+00  0.0e+00  2.2e-01  1.5e-03  2.2e-01
  88  T 3   2.412e+06  -3e-06  0.98  1.0e-01  5.0e-06  7.8e-03  2.2e-02  2.1e-01  1.4e-03  2.1e-01
  89  F 0   2.412e+06  -3e-06  0.98  1.0e-01  5.0e-06  0.0e+00  0.0e+00  1.9e-01  2.2e-03  2.0e-01
  89  F 1   2.412e+06  -3e-06  0.98  1.0e-01  5.0e-06  0.0e+00  0.0e+00  2.0e-01  1.6e-03  2.0e-01
  89  T 2   2.412e+06   5e-06  0.98  1.0e-01  9.9e-06  4.3e-02  1.4e-01  2.1e-01  1.4e-03  2.1e-01
  90  F 0   2.412e+06   5e-06  0.98  1.0e-01  9.9e-06  0.0e+00  0.0e+00  2.0e-01  1.6e-03  2.0e-01
  90  F 1   2.412e+06   5e-06  0.98  1.0e-01  9.9e-06  0.0e+00  0.0e+00  2.0e-01  1.6e-03  2.0e-01
  90  T 2   2.412e+06   1e-06  0.98  1.0e-01  9.5e-06  5.8e-02  1.6e-01  2.0e-01  1.6e-03  2.0e-01
  91  F 0   2.412e+06   1e-06  0.98  1.0e-01  9.5e-06  0.0e+00  0.0e+00  1.9e-01  2.1e-03  2.0e-01
  91  F 1   2.412e+06   1e-06  0.98  1.0e-01  9.5e-06  0.0e+00  0.0e+00  2.1e-01  4.5e-03  2.2e-01
  91  F 2   2.412e+06   1e-06  0.98  1.0e-01  9.5e-06  0.0e+00  0.0e+00  2.4e-01  1.8e-03  2.4e-01
  91  T 3   2.411e+06  -2e-06  0.98  1.0e-01  5.2e-06  8.3e-03  2.3e-02  2.4e-01  1.5e-03  2.4e-01
  92  F 0   2.411e+06  -2e-06  0.98  1.0e-01  5.2e-06  0.0e+00  0.0e+00  2.0e-01  2.2e-03  2.0e-01
  92  F 1   2.411e+06  -2e-06  0.98  1.0e-01  5.2e-06  0.0e+00  0.0e+00  2.0e-01  1.6e-03  2.0e-01
  92  F 2   2.411e+06  -2e-06  0.98  1.0e-01  5.2e-06  0.0e+00  0.0e+00  2.0e-01  1.5e-03  2.0e-01
  92  T 3   2.411e+06  -4e-07  0.98  1.0e-01  3.8e-06  4.5e-03  1.6e-02  2.0e-01  1.4e-03  2.0e-01
  93  F 0   2.411e+06  -4e-07  0.98  1.0e-01  3.8e-06  0.0e+00  0.0e+00  2.0e-01  1.9e-03  2.0e-01
  93  F 1   2.411e+06  -4e-07  0.98  1.0e-01  3.8e-06  0.0e+00  0.0e+00  1.9e-01  1.6e-03  1.9e-01
  93  T 2   2.411e+06   5e-07  0.98  1.0e-01  8.2e-06  3.6e-02  1.2e-01  1.9e-01  1.4e-03  1.9e-01
  94  F 0   2.411e+06   5e-07  0.98  1.0e-01  8.2e-06  0.0e+00  0.0e+00  1.9e-01  1.8e-03  1.9e-01
  94  F 1   2.411e+06   5e-07  0.98  1.0e-01  8.2e-06  0.0e+00  0.0e+00  1.9e-01  1.5e-03  1.9e-01
  94  F 2   2.411e+06   5e-07  0.98  1.0e-01  8.2e-06  0.0e+00  0.0e+00  1.9e-01  1.6e-03  1.9e-01
  94  T 3   2.411e+06   3e-06  0.98  1.0e-01  5.4e-06  7.3e-03  1.8e-02  1.9e-01  1.5e-03  2.0e-01
  95  F 0   2.411e+06   3e-06  0.98  1.0e-01  5.4e-06  0.0e+00  0.0e+00  1.9e-01  2.4e-03  1.9e-01
  95  F 1   2.411e+06   3e-06  0.98  1.0e-01  5.4e-06  0.0e+00  0.0e+00  1.9e-01  1.7e-03  1.9e-01
  95  T 2   2.411e+06  -8e-09  0.98  1.0e-01  6.9e-06  5.7e-02  1.3e-01  1.9e-01  1.4e-03  1.9e-01
  96  F 0   2.411e+06  -8e-09  0.98  1.0e-01  6.9e-06  0.0e+00  0.0e+00  1.9e-01  2.2e-03  1.9e-01
  96  F 1   2.411e+06  -8e-09  0.98  1.0e-01  6.9e-06  0.0e+00  0.0e+00  1.9e-01  1.9e-03  2.0e-01
  96  F 2   2.411e+06  -8e-09  0.98  1.0e-01  6.9e-06  0.0e+00  0.0e+00  2.0e-01  1.7e-03  2.0e-01
  96  T 3   2.411e+06  -4e-07  0.98  1.0e-01  4.7e-06  6.1e-03  1.9e-02  1.9e-01  1.4e-03  2.0e-01
  97  F 0   2.411e+06  -4e-07  0.98  1.0e-01  4.7e-06  0.0e+00  0.0e+00  2.0e-01  2.0e-03  2.1e-01
  97  F 1   2.411e+06  -4e-07  0.98  1.0e-01  4.7e-06  0.0e+00  0.0e+00  2.0e-01  1.6e-03  2.0e-01
  97  F 2   2.411e+06  -4e-07  0.98  1.0e-01  4.7e-06  0.0e+00  0.0e+00  2.0e-01  1.4e-03  2.1e-01
  97  T 3   2.411e+06  -1e-05  0.98  1.0e-01  3.7e-06  4.8e-03  1.5e-02  1.9e-01  1.2e-03  1.9e-01
  98  F 0   2.411e+06  -1e-05  0.98  1.0e-01  3.7e-06  0.0e+00  0.0e+00  1.9e-01  1.8e-03  2.0e-01
  98  F 1   2.411e+06  -1e-05  0.98  1.0e-01  3.7e-06  0.0e+00  0.0e+00  2.1e-01  1.5e-03  2.2e-01
  98  T 2   2.411e+06  -8e-07  0.98  1.0e-01  7.9e-06  3.9e-02  1.2e-01  1.9e-01  1.4e-03  1.9e-01
  99  F 0   2.411e+06  -8e-07  0.98  1.0e-01  7.9e-06  0.0e+00  0.0e+00  2.0e-01  1.9e-03  2.0e-01
  99  F 1   2.411e+06  -8e-07  0.98  1.0e-01  7.9e-06  0.0e+00  0.0e+00  1.9e-01  1.6e-03  1.9e-01
  99  F 2   2.411e+06  -8e-07  0.98  1.0e-01  7.9e-06  0.0e+00  0.0e+00  1.9e-01  1.6e-03  1.9e-01
  99  T 3   2.410e+06   2e-06  0.98  1.0e-01  5.3e-06  7.1e-03  1.7e-02  1.9e-01  1.5e-03  1.9e-01
 100  F 0   2.410e+06   2e-06  0.98  1.0e-01  5.3e-06  0.0e+00  0.0e+00  1.9e-01  2.0e-03  1.9e-01
 100  F 1   2.410e+06   2e-06  0.98  1.0e-01  5.3e-06  0.0e+00  0.0e+00  1.9e-01  1.7e-03  1.9e-01
 100  T 2   2.410e+06  -1e-06  0.98  1.0e-01  7.3e-06  5.4e-02  1.3e-01  2.0e-01  1.4e-03  2.0e-01
 101  F 0   2.410e+06  -1e-06  0.98  1.0e-01  7.3e-06  0.0e+00  0.0e+00  2.0e-01  2.5e-03  2.0e-01
 101  F 1   2.410e+06  -1e-06  0.98  1.0e-01  7.3e-06  0.0e+00  0.0e+00  1.9e-01  1.9e-03  1.9e-01
 101  F 2   2.410e+06  -1e-06  0.98  1.0e-01  7.3e-06  0.0e+00  0.0e+00  1.9e-01  1.6e-03  2.0e-01
 101  T 3   2.410e+06  -4e-07  0.98  1.0e-01  4.6e-06  6.2e-03  2.0e-02  1.9e-01  1.4e-03  2.0e-01
 102  F 0   2.410e+06  -4e-07  0.98  1.0e-01  4.6e-06  0.0e+00  0.0e+00  2.0e-01  2.0e-03  2.0e-01
 102  F 1   2.410e+06  -4e-07  0.98  1.0e-01  4.6e-06  0.0e+00  0.0e+00  1.9e-01  1.7e-03  1.9e-01
 102  F 2   2.410e+06  -4e-07  0.98  1.0e-01  4.6e-06  0.0e+00  0.0e+00  1.9e-01  1.4e-03  2.0e-01
 102  T 3   2.410e+06  -2e-05  0.98  1.0e-01  3.7e-06  4.7e-03  1.5e-02  2.0e-01  1.2e-03  2.0e-01
 103  F 0   2.410e+06  -2e-05  0.98  1.0e-01  3.7e-06  0.0e+00  0.0e+00  1.9e-01  2.1e-03  1.9e-01
 103  F 1   2.410e+06  -2e-05  0.98  1.0e-01  3.7e-06  0.0e+00  0.0e+00  1.9e-01  1.6e-03  1.9e-01
 103  T 2   2.410e+06  -2e-07  0.98  1.0e-01  7.7e-06  3.8e-02  1.2e-01  1.9e-01  1.4e-03  1.9e-01
 104  F 0   2.410e+06  -2e-07  0.98  1.0e-01  7.7e-06  0.0e+00  0.0e+00  1.9e-01  2.4e-03  1.9e-01
 104  F 1   2.410e+06  -2e-07  0.98  1.0e-01  7.7e-06  0.0e+00  0.0e+00  1.9e-01  1.8e-03  1.9e-01
 104  F 2   2.410e+06  -2e-07  0.98  1.0e-01  7.7e-06  0.0e+00  0.0e+00  2.0e-01  1.8e-03  2.0e-01
 104  T 3   2.410e+06   9e-07  0.98  1.0e-01  5.1e-06  6.8e-03  1.7e-02  2.1e-01  1.4e-03  2.1e-01
 105  F 0   2.410e+06   9e-07  0.98  1.0e-01  5.1e-06  0.0e+00  0.0e+00  1.9e-01  1.9e-03  1.9e-01
 105  F 1   2.410e+06   9e-07  0.98  1.0e-01  5.1e-06  0.0e+00  0.0e+00  1.9e-01  1.6e-03  1.9e-01
 105  T 2   2.410e+06  -1e-08  0.98  1.0e-01  7.1e-06  5.2e-02  1.3e-01  1.9e-01  1.4e-03  2.0e-01
 106  F 0   2.410e+06  -1e-08  0.98  1.0e-01  7.1e-06  0.0e+00  0.0e+00  1.9e-01  2.4e-03  1.9e-01
 106  F 1   2.410e+06  -1e-08  0.98  1.0e-01  7.1e-06  0.0e+00  0.0e+00  1.9e-01  1.8e-03  1.9e-01
 106  F 2   2.410e+06  -1e-08  0.98  1.0e-01  7.1e-06  0.0e+00  0.0e+00  1.9e-01  1.6e-03  1.9e-01
 106  T 3   2.410e+06  -8e-07  0.98  1.0e-01  4.4e-06  6.1e-03  1.9e-02  1.9e-01  1.5e-03  1.9e-01
 107  F 0   2.410e+06  -8e-07  0.98  1.0e-01  4.4e-06  0.0e+00  0.0e+00  1.9e-01  2.1e-03  2.0e-01
 107  F 1   2.410e+06  -8e-07  0.98  1.0e-01  4.4e-06  0.0e+00  0.0e+00  1.9e-01  1.6e-03  1.9e-01
 107  F 2   2.410e+06  -8e-07  0.98  1.0e-01  4.4e-06  0.0e+00  0.0e+00  2.0e-01  1.4e-03  2.0e-01
 107  T 3   2.410e+06  -2e-05  0.98  1.0e-01  3.6e-06  4.5e-03  1.4e-02  1.9e-01  1.3e-03  1.9e-01
 108  F 0   2.410e+06  -2e-05  0.98  1.0e-01  3.6e-06  0.0e+00  0.0e+00  1.9e-01  2.0e-03  1.9e-01
 108  F 1   2.410e+06  -2e-05  0.98  1.0e-01  3.6e-06  0.0e+00  0.0e+00  1.9e-01  1.7e-03  1.9e-01
 108  T 2   2.410e+06  -3e-07  0.98  1.0e-01  7.6e-06  3.6e-02  1.2e-01  2.3e-01  1.5e-03  2.3e-01
 109  F 0   2.410e+06  -3e-07  0.98  1.0e-01  7.6e-06  0.0e+00  0.0e+00  1.9e-01  1.8e-03  1.9e-01
 109  F 1   2.410e+06  -3e-07  0.98  1.0e-01  7.6e-06  0.0e+00  0.0e+00  1.9e-01  1.9e-03  1.9e-01
 109  F 2   2.410e+06  -3e-07  0.98  1.0e-01  7.6e-06  0.0e+00  0.0e+00  1.9e-01  1.7e-03  1.9e-01
 109  T 3   2.410e+06   1e-06  0.98  1.0e-01  4.9e-06  6.6e-03  1.7e-02  2.1e-01  1.5e-03  2.1e-01
 110  F 0   2.410e+06   1e-06  0.98  1.0e-01  4.9e-06  0.0e+00  0.0e+00  2.0e-01  2.3e-03  2.0e-01
 110  F 1   2.410e+06   1e-06  0.98  1.0e-01  4.9e-06  0.0e+00  0.0e+00  1.9e-01  1.8e-03  1.9e-01
 110  T 2   2.409e+06  -6e-07  0.98  1.0e-01  7.0e-06  5.1e-02  1.3e-01  2.0e-01  1.5e-03  2.0e-01
 111  F 0   2.409e+06  -6e-07  0.98  1.0e-01  7.0e-06  0.0e+00  0.0e+00  1.9e-01  2.4e-03  2.0e-01
 111  F 1   2.409e+06  -6e-07  0.98  1.0e-01  7.0e-06  0.0e+00  0.0e+00  1.9e-01  1.8e-03  1.9e-01
 111  F 2   2.409e+06  -6e-07  0.98  1.0e-01  7.0e-06  0.0e+00  0.0e+00  2.1e-01  1.8e-03  2.1e-01
 111  T 3   2.409e+06  -1e-06  0.98  1.0e-01  4.2e-06  6.0e-03  1.9e-02  2.0e-01  1.4e-03  2.0e-01
 112  F 0   2.409e+06  -1e-06  0.98  1.0e-01  4.2e-06  0.0e+00  0.0e+00  2.1e-01  2.5e-03  2.1e-01
 112  F 1   2.409e+06  -1e-06  0.98  1.0e-01  4.2e-06  0.0e+00  0.0e+00  2.1e-01  1.5e-03  2.1e-01
 112  F 2   2.409e+06  -1e-06  0.98  1.0e-01  4.2e-06  0.0e+00  0.0e+00  2.1e-01  1.5e-03  2.1e-01
 112  T 3   2.409e+06  -2e-05  0.98  1.0e-01  3.5e-06  4.3e-03  1.4e-02  2.2e-01  1.4e-03  2.2e-01
 113  F 0   2.409e+06  -2e-05  0.98  1.0e-01  3.5e-06  0.0e+00  0.0e+00  2.1e-01  2.2e-03  2.1e-01
 113  F 1   2.409e+06  -2e-05  0.98  1.0e-01  3.5e-06  0.0e+00  0.0e+00  2.1e-01  1.5e-03  2.2e-01
 113  T 2   2.409e+06  -1e-06  0.98  1.0e-01  7.4e-06  3.5e-02  1.1e-01  2.2e-01  1.5e-03  2.2e-01
 114  F 0   2.409e+06  -1e-06  0.98  1.0e-01  7.4e-06  0.0e+00  0.0e+00  2.2e-01  1.9e-03  2.3e-01
 114  F 1   2.409e+06  -1e-06  0.98  1.0e-01  7.4e-06  0.0e+00  0.0e+00  2.1e-01  1.9e-03  2.1e-01
 114  F 2   2.409e+06  -1e-06  0.98  1.0e-01  7.4e-06  0.0e+00  0.0e+00  2.1e-01  1.8e-03  2.1e-01
 114  T 3   2.409e+06   2e-06  0.98  1.0e-01  4.7e-06  6.4e-03  1.6e-02  2.1e-01  1.5e-03  2.1e-01
 115  F 0   2.409e+06   2e-06  0.98  1.0e-01  4.7e-06  0.0e+00  0.0e+00  2.1e-01  2.2e-03  2.1e-01
 115  F 1   2.409e+06   2e-06  0.98  1.0e-01  4.7e-06  0.0e+00  0.0e+00  2.1e-01  2.0e-03  2.1e-01
 115  T 2   2.409e+06   3e-07  0.98  1.0e-01  6.9e-06  4.9e-02  1.2e-01  2.2e-01  1.5e-03  2.2e-01
 116  F 0   2.409e+06   3e-07  0.98  1.0e-01  6.9e-06  0.0e+00  0.0e+00  2.3e-01  2.6e-03  2.3e-01
 116  F 1   2.409e+06   3e-07  0.98  1.0e-01  6.9e-06  0.0e+00  0.0e+00  2.1e-01  2.0e-03  2.1e-01
 116  F 2   2.409e+06   3e-07  0.98  1.0e-01  6.9e-06  0.0e+00  0.0e+00  2.1e-01  1.7e-03  2.1e-01
 116  T 3   2.409e+06  -4e-07  0.98  1.0e-01  4.1e-06  5.8e-03  1.8e-02  2.0e-01  1.5e-03  2.1e-01
 117  F 0   2.409e+06  -4e-07  0.98  1.0e-01  4.1e-06  0.0e+00  0.0e+00  2.2e-01  2.1e-03  2.2e-01
 117  F 1   2.409e+06  -4e-07  0.98  1.0e-01  4.1e-06  0.0e+00  0.0e+00  2.3e-01  1.9e-03  2.3e-01
 117  F 2   2.409e+06   3e-06  0.98  1.0e-01  9.2e-06  4.3e-02  1.4e-01  2.1e-01  1.5e-03  2.1e-01
 118  F 0   2.409e+06   3e-06  0.98  1.0e-01  9.2e-06  0.0e+00  0.0e+00  2.3e-01  1.9e-03  2.3e-01
 118  F 1   2.409e+06   3e-06  0.98  1.0e-01  9.2e-06  0.0e+00  0.0e+00  2.2e-01  1.9e-03  2.2e-01
 118  F 2   2.409e+06   3e-06  0.98  1.0e-01  9.2e-06  0.0e+00  0.0e+00  2.4e-01  1.7e-03  2.4e-01
 118  T 3   2.409e+06   3e-06  0.98  1.0e-01  6.1e-06  7.3e-03  1.9e-02  2.3e-01  3.8e-03  2.3e-01
 119  F 0   2.409e+06   3e-06  0.98  1.0e-01  6.1e-06  0.0e+00  0.0e+00  2.3e-01  2.3e-03  2.3e-01
 119  F 1   2.409e+06   3e-06  0.98  1.0e-01  6.1e-06  0.0e+00  0.0e+00  2.2e-01  1.9e-03  2.2e-01
 119  F 2   2.409e+06   3e-06  0.98  1.0e-01  6.1e-06  0.0e+00  0.0e+00  2.3e-01  1.5e-03  2.4e-01
 119  T 3   2.409e+06   1e-05  0.98  1.0e-01  4.6e-06  6.2e-03  1.6e-02  2.3e-01  1.3e-03  2.3e-01
 120  F 0   2.409e+06   1e-05  0.98  1.0e-01  4.6e-06  0.0e+00  0.0e+00  2.5e-01  2.5e-03  2.5e-01
 120  F 1   2.409e+06   1e-05  0.98  1.0e-01  4.6e-06  0.0e+00  0.0e+00  2.0e-01  2.1e-03  2.0e-01
 120  T 2   2.409e+06  -1e-06  0.98  1.0e-01  6.6e-06  4.8e-02  1.2e-01  2.1e-01  1.5e-03  2.1e-01
 121  F 0   2.409e+06  -1e-06  0.98  1.0e-01  6.6e-06  0.0e+00  0.0e+00  2.0e-01  2.3e-03  2.1e-01
 121  F 1   2.409e+06  -1e-06  0.98  1.0e-01  6.6e-06  0.0e+00  0.0e+00  2.5e-01  2.1e-03  2.6e-01
 121  F 2   2.409e+06  -1e-06  0.98  1.0e-01  6.6e-06  0.0e+00  0.0e+00  2.5e-01  1.9e-03  2.5e-01
 121  T 3   2.409e+06  -2e-06  0.98  1.0e-01  4.0e-06  5.6e-03  1.8e-02  2.6e-01  1.6e-03  2.6e-01
 122  F 0   2.409e+06  -2e-06  0.98  1.0e-01  4.0e-06  0.0e+00  0.0e+00  2.3e-01  2.2e-03  2.3e-01
 122  F 1   2.409e+06  -2e-06  0.98  1.0e-01  4.0e-06  0.0e+00  0.0e+00  2.0e-01  1.8e-03  2.0e-01
 122  T 2   2.409e+06   2e-06  0.99  1.0e-01  8.4e-06  4.1e-02  1.3e-01  2.1e-01  1.5e-03  2.1e-01
 123  F 0   2.409e+06   2e-06  0.99  1.0e-01  8.4e-06  0.0e+00  0.0e+00  2.0e-01  2.3e-03  2.1e-01
 123  F 1   2.409e+06   2e-06  0.99  1.0e-01  8.4e-06  0.0e+00  0.0e+00  2.0e-01  2.0e-03  2.0e-01
 123  F 2   2.409e+06   2e-06  0.99  1.0e-01  8.4e-06  0.0e+00  0.0e+00  2.2e-01  1.7e-03  2.2e-01
 123  T 3   2.408e+06   5e-06  0.99  1.0e-01  5.3e-06  7.2e-03  1.8e-02  2.2e-01  1.5e-03  2.2e-01
 124  F 0   2.408e+06   5e-06  0.99  1.0e-01  5.3e-06  0.0e+00  0.0e+00  2.0e-01  2.4e-03  2.0e-01
 124  F 1   2.408e+06   5e-06  0.99  1.0e-01  5.3e-06  0.0e+00  0.0e+00  2.1e-01  1.9e-03  2.1e-01
 124  F 2   2.408e+06   5e-06  0.99  1.0e-01  5.3e-06  0.0e+00  0.0e+00  2.1e-01  1.5e-03  2.1e-01
 124  F 3   2.408e+06   5e-06  0.99  1.0e-01  5.3e-06  0.0e+00  0.0e+00  2.1e-01  1.5e-03  2.1e-01
 124  F 4   2.408e+06   5e-06  0.99  1.0e-01  5.3e-06  0.0e+00  0.0e+00  2.1e-01  1.5e-03  2.1e-01
 124  T 5   2.408e+06  -6e-05  0.98  1.0e-01  5.4e-06  4.4e-02  1.1e-01  2.1e-01  1.5e-03  2.1e-01
 125  F 0   2.408e+06  -6e-05  0.98  1.0e-01  5.4e-06  0.0e+00  0.0e+00  2.1e-01  2.3e-03  2.1e-01
 125  F 1   2.408e+06  -6e-05  0.98  1.0e-01  5.4e-06  0.0e+00  0.0e+00  2.1e-01  1.9e-03  2.1e-01
 125  T 2   2.408e+06   5e-07  0.99  1.0e-01  9.3e-06  4.5e-02  1.4e-01  2.1e-01  1.9e-03  2.1e-01
 126  F 0   2.408e+06   5e-07  0.99  1.0e-01  9.3e-06  0.0e+00  0.0e+00  2.2e-01  1.9e-03  2.2e-01
 126  F 1   2.408e+06   5e-07  0.99  1.0e-01  9.3e-06  0.0e+00  0.0e+00  2.1e-01  1.9e-03  2.1e-01
 126  F 2   2.408e+06   5e-07  0.99  1.0e-01  9.3e-06  0.0e+00  0.0e+00  2.1e-01  1.7e-03  2.1e-01
 126  T 3   2.408e+06   7e-06  0.99  1.0e-01  6.0e-06  7.3e-03  1.9e-02  2.1e-01  1.6e-03  2.1e-01
 127  F 0   2.408e+06   7e-06  0.99  1.0e-01  6.0e-06  0.0e+00  0.0e+00  2.1e-01  2.1e-03  2.1e-01
 127  F 1   2.408e+06   7e-06  0.99  1.0e-01  6.0e-06  0.0e+00  0.0e+00  2.1e-01  2.1e-03  2.1e-01
 127  F 2   2.408e+06   7e-06  0.99  1.0e-01  6.0e-06  0.0e+00  0.0e+00  2.1e-01  1.5e-03  2.1e-01
 127  T 3   2.408e+06   2e-05  0.98  1.0e-01  4.5e-06  6.1e-03  1.5e-02  2.1e-01  1.3e-03  2.1e-01
 128  F 0   2.408e+06   2e-05  0.98  1.0e-01  4.5e-06  0.0e+00  0.0e+00  2.0e-01  2.3e-03  2.0e-01
 128  F 1   2.408e+06   2e-05  0.98  1.0e-01  4.5e-06  0.0e+00  0.0e+00  2.0e-01  1.9e-03  2.0e-01
 128  F 2   2.408e+06  -3e-07  0.99  1.0e-01  6.6e-06  4.8e-02  1.2e-01  2.1e-01  1.4e-03  2.1e-01
 129  F 0   2.408e+06  -3e-07  0.99  1.0e-01  6.6e-06  0.0e+00  0.0e+00  2.0e-01  2.5e-03  2.0e-01
 129  F 1   2.408e+06  -3e-07  0.99  1.0e-01  6.6e-06  0.0e+00  0.0e+00  2.2e-01  2.2e-03  2.2e-01
 129  F 2   2.408e+06  -3e-07  0.99  1.0e-01  6.6e-06  0.0e+00  0.0e+00  2.2e-01  1.7e-03  2.2e-01
 129  T 3   2.408e+06  -2e-06  0.99  1.0e-01  3.9e-06  5.4e-03  1.7e-02  2.1e-01  1.5e-03  2.1e-01
 130  F 0   2.408e+06  -2e-06  0.99  1.0e-01  3.9e-06  0.0e+00  0.0e+00  2.1e-01  2.5e-03  2.1e-01
 130  F 1   2.408e+06  -2e-06  0.99  1.0e-01  3.9e-06  0.0e+00  0.0e+00  2.1e-01  1.9e-03  2.1e-01
 130  F 2   2.408e+06   2e-06  0.99  1.0e-01  8.2e-06  4.1e-02  1.3e-01  2.1e-01  1.9e-03  2.1e-01
 131  F 0   2.408e+06   2e-06  0.99  1.0e-01  8.2e-06  0.0e+00  0.0e+00  2.0e-01  2.2e-03  2.1e-01
 131  F 1   2.408e+06   2e-06  0.99  1.0e-01  8.2e-06  0.0e+00  0.0e+00  2.0e-01  2.1e-03  2.1e-01
 131  F 2   2.408e+06   2e-06  0.99  1.0e-01  8.2e-06  0.0e+00  0.0e+00  2.1e-01  1.8e-03  2.2e-01
 131  T 3   2.408e+06   4e-06  0.99  1.0e-01  5.1e-06  6.9e-03  1.8e-02  2.0e-01  1.5e-03  2.1e-01
 132  F 0   2.408e+06   4e-06  0.99  1.0e-01  5.1e-06  0.0e+00  0.0e+00  2.1e-01  2.3e-03  2.1e-01
 132  F 1   2.408e+06   4e-06  0.99  1.0e-01  5.1e-06  0.0e+00  0.0e+00  2.2e-01  1.9e-03  2.2e-01
 132  F 2   2.408e+06   4e-06  0.99  1.0e-01  5.1e-06  0.0e+00  0.0e+00  2.3e-01  1.5e-03  2.3e-01
 132  F 3   2.408e+06   4e-06  0.99  1.0e-01  5.1e-06  0.0e+00  0.0e+00  2.4e-01  1.5e-03  2.4e-01
 132  F 4   2.408e+06   4e-06  0.99  1.0e-01  5.1e-06  0.0e+00  0.0e+00  2.1e-01  1.5e-03  2.2e-01
 132  F 5   2.408e+06  -8e-06  0.99  1.0e-01  7.3e-06  5.1e-02  1.3e-01  2.0e-01  1.5e-03  2.1e-01
 133  F 0   2.408e+06  -8e-06  0.99  1.0e-01  7.3e-06  0.0e+00  0.0e+00  2.1e-01  2.3e-03  2.1e-01
 133  F 1   2.408e+06  -8e-06  0.99  1.0e-01  7.3e-06  0.0e+00  0.0e+00  2.2e-01  2.4e-03  2.2e-01
 133  F 2   2.408e+06  -8e-06  0.99  1.0e-01  7.3e-06  0.0e+00  0.0e+00  2.2e-01  1.5e-03  2.2e-01
 133  T 3   2.408e+06  -4e-06  0.99  1.0e-01  4.3e-06  6.0e-03  1.8e-02  2.1e-01  1.5e-03  2.1e-01
 134  F 0   2.408e+06  -4e-06  0.99  1.0e-01  4.3e-06  0.0e+00  0.0e+00  2.0e-01  2.6e-03  2.1e-01
 134  F 1   2.408e+06  -4e-06  0.99  1.0e-01  4.3e-06  0.0e+00  0.0e+00  2.3e-01  2.0e-03  2.4e-01
 134  F 2   2.408e+06  -4e-06  0.99  1.0e-01  4.3e-06  0.0e+00  0.0e+00  2.4e-01  1.5e-03  2.4e-01
 134  F 3   2.408e+06  -4e-06  0.99  1.0e-01  4.3e-06  0.0e+00  0.0e+00  2.4e-01  1.5e-03  2.4e-01
 134  F 4   2.408e+06  -4e-06  0.99  1.0e-01  4.3e-06  0.0e+00  0.0e+00  2.1e-01  1.5e-03  2.1e-01
 134  F 5   2.408e+06  -4e-06  0.99  1.0e-01  4.3e-06  0.0e+00  0.0e+00  2.1e-01  1.5e-03  2.1e-01
 134  F 6   2.408e+06  -4e-06  0.99  1.0e-01  4.3e-06  0.0e+00  0.0e+00  2.2e-01  1.5e-03  2.2e-01
 134  F 7   2.408e+06  -4e-06  0.99  1.0e-01  4.3e-06  0.0e+00  0.0e+00  2.4e-01  1.6e-03  2.5e-01
 134  F 8   2.408e+06  -4e-06  0.99  1.0e-01  4.3e-06  0.0e+00  0.0e+00  2.1e-01  1.4e-03  2.1e-01
 134  F 9   2.408e+06  -4e-06  0.99  1.0e-01  4.3e-06  0.0e+00  0.0e+00  2.1e-01  1.5e-03  2.1e-01
 134  F10   2.408e+06  -4e-06  0.99  1.0e-01  4.3e-06  0.0e+00  0.0e+00  2.1e-01  1.5e-03  2.2e-01
 134  F11   2.408e+06  -4e-06  0.99  1.0e-01  4.3e-06  0.0e+00  0.0e+00  2.1e-01  1.5e-03  2.1e-01
 134  F12   2.408e+06  -4e-06  0.99  1.0e-01  4.3e-06  0.0e+00  0.0e+00  2.1e-01  1.5e-03  2.1e-01
 134  F13   2.408e+06  -4e-06  0.99  1.0e-01  4.3e-06  0.0e+00  0.0e+00  2.1e-01  1.5e-03  2.1e-01
 134  F14   2.408e+06  -4e-06  0.99  1.0e-01  4.3e-06  0.0e+00  0.0e+00  2.2e-01  1.5e-03  2.2e-01
 134  F15   2.408e+06  -4e-06  0.99  1.0e-01  4.3e-06  0.0e+00  0.0e+00  2.7e-01  1.5e-03  2.7e-01
 134  F16   2.408e+06  -4e-06  0.99  1.0e-01  4.3e-06  0.0e+00  0.0e+00  2.1e-01  1.5e-03  2.1e-01
 134  F17   2.408e+06  -4e-06  0.99  1.0e-01  4.3e-06  0.0e+00  0.0e+00  2.2e-01  1.6e-03  2.2e-01
 134  F18   2.408e+06  -4e-06  0.99  1.0e-01  4.3e-06  0.0e+00  0.0e+00  2.4e-01  1.5e-03  2.4e-01
 134  F19   2.408e+06  -4e-06  0.99  1.0e-01  4.3e-06  0.0e+00  0.0e+00  2.4e-01  1.5e-03  2.5e-01
 134  F20   2.408e+06  -4e-06  0.99  1.0e-01  4.3e-06  0.0e+00  0.0e+00  2.1e-01  1.6e-03  2.1e-01
 134  F21   2.408e+06  -4e-06  0.99  1.0e-01  4.3e-06  0.0e+00  0.0e+00  2.1e-01  1.5e-03  2.1e-01
 134  F22   2.408e+06  -4e-06  0.99  1.0e-01  4.3e-06  0.0e+00  0.0e+00  2.3e-01  1.5e-03  2.3e-01
 134  F23   2.408e+06  -4e-06  0.99  1.0e-01  4.3e-06  0.0e+00  0.0e+00  2.1e-01  1.5e-03  2.1e-01
 134  F24   2.408e+06  -4e-06  0.99  1.0e-01  4.3e-06  0.0e+00  0.0e+00  2.1e-01  1.5e-03  2.1e-01
 134  F25   2.408e+06  -4e-06  0.99  1.0e-01  4.3e-06  0.0e+00  0.0e+00  2.0e-01  1.5e-03  2.1e-01
 134  F26   2.408e+06  -4e-06  0.99  1.0e-01  4.3e-06  0.0e+00  0.0e+00  2.0e-01  1.5e-03  2.0e-01
 134  F27   2.408e+06  -4e-06  0.99  1.0e-01  4.3e-06  0.0e+00  0.0e+00  2.1e-01  1.6e-03  2.1e-01
 134  F28   2.408e+06  -4e-06  0.99  1.0e-01  4.3e-06  0.0e+00  0.0e+00  2.0e-01  1.4e-03  2.1e-01
 134  F29   2.408e+06  -4e-06  0.99  1.0e-01  4.3e-06  0.0e+00  0.0e+00  2.0e-01  1.6e-03  2.1e-01
 134  F30   2.408e+06  -4e-06  0.99  1.0e-01  4.3e-06  0.0e+00  0.0e+00  2.0e-01  1.7e-03  2.1e-01
 134  F31   2.408e+06  -4e-06  0.99  1.0e-01  4.3e-06  0.0e+00  0.0e+00  2.1e-01  1.6e-03  2.1e-01
Enforced Termination; excessive conservatism
Total number of system evaluations: 445
