   k  l     Obj         Vio    Bou   ML       |KKT|    |dX|     ||dX||   T_s      T_o      T_t
   0  T 0   4.248e+08   1e-02  0.00  1.0e-01  3.0e+03  1.0e+00  1.0e+00  3.1e-01  0.0e+00  0.0e+00
   1  T 0   1.409e+08  -1e-05  0.20  1.0e-01  3.8e-02  1.0e-01  5.1e+00  1.8e-01  4.0e-03  1.8e-01
   2  F 0   6.904e+08  -1e-05  0.37  1.0e-01  3.4e+01  1.0e-01  4.6e+00  1.8e-01  1.8e-03  1.9e-01
   3  T 0   4.886e+07  -1e-05  0.43  1.0e-01  1.5e-02  1.0e-01  4.7e+00  1.5e-01  1.6e-03  1.5e-01
   4  F 0   1.288e+08  -1e-05  0.50  1.0e-01  3.1e+00  1.0e-01  4.2e+00  1.4e-01  1.4e-03  1.5e-01
   5  T 0   1.645e+07  -1e-01  0.49  1.0e-01  1.6e-03  1.0e-01  4.0e+00  1.6e-01  1.1e-03  1.6e-01
   6  T 0   1.111e+07  -9e-02  0.58  1.0e-01  2.7e-02  1.0e-01  3.5e+00  1.6e-01  9.9e-04  1.6e-01
   7  T 0   8.473e+06  -2e-01  0.61  1.0e-01  7.6e-04  1.0e-01  3.0e+00  1.5e-01  1.0e-03  1.5e-01
   8  T 0   6.770e+06  -1e-01  0.61  1.0e-01  3.8e-04  1.0e-01  2.8e+00  1.5e-01  1.1e-03  1.5e-01
   9  T 0   6.005e+06  -2e-01  0.68  1.0e-01  4.6e-04  1.0e-01  2.6e+00  1.4e-01  1.0e-03  1.4e-01
  10  T 0   5.113e+06  -1e-01  0.71  1.0e-01  2.5e-04  1.0e-01  2.1e+00  1.6e-01  1.2e-03  1.6e-01
  11  T 0   4.631e+06  -2e-01  0.72  1.0e-01  1.6e-04  1.0e-01  1.8e+00  1.6e-01  1.1e-03  1.6e-01
  12  T 0   4.230e+06  -2e-01  0.75  1.0e-01  2.3e-04  1.0e-01  1.6e+00  1.9e-01  1.1e-03  1.9e-01
  13  T 0   3.965e+06  -2e-01  0.78  1.0e-01  2.6e-04  1.0e-01  1.4e+00  1.6e-01  1.1e-03  1.6e-01
  14  T 0   3.740e+06  -2e-01  0.79  1.0e-01  1.6e-04  1.0e-01  1.3e+00  2.0e-01  1.1e-03  2.0e-01
  15  T 0   3.607e+06  -2e-01  0.80  1.0e-01  5.0e-04  1.0e-01  1.3e+00  1.7e-01  1.2e-03  1.7e-01
  16  T 0   3.441e+06  -1e-01  0.80  1.0e-01  1.5e-04  1.0e-01  1.3e+00  1.8e-01  1.1e-03  1.8e-01
  17  T 0   3.328e+06  -9e-02  0.81  1.0e-01  2.3e-04  1.0e-01  1.3e+00  1.8e-01  1.1e-03  1.8e-01
  18  T 0   3.190e+06  -5e-02  0.83  1.0e-01  1.9e-04  1.0e-01  1.3e+00  1.7e-01  1.1e-03  1.7e-01
  19  T 0   3.106e+06  -5e-02  0.84  1.0e-01  1.2e-04  1.0e-01  1.2e+00  1.7e-01  1.1e-03  1.7e-01
  20  T 0   3.010e+06  -1e-02  0.85  1.0e-01  4.0e-04  1.0e-01  1.1e+00  1.6e-01  1.1e-03  1.6e-01
  21  T 0   2.947e+06  -7e-03  0.86  1.0e-01  1.5e-04  1.0e-01  1.0e+00  2.7e-01  1.1e-03  2.7e-01
  22  T 0   2.890e+06   1e-05  0.86  1.0e-01  1.6e-04  1.0e-01  7.7e-01  1.9e-01  1.8e-03  1.9e-01
  23  T 0   2.872e+06   3e-06  0.87  1.0e-01  1.8e-04  1.0e-01  7.8e-01  2.0e-01  1.7e-03  2.0e-01
  24  T 0   2.829e+06  -3e-06  0.88  1.0e-01  9.9e-05  1.0e-01  6.2e-01  1.9e-01  2.1e-03  1.9e-01
  25  T 0   2.803e+06  -2e-07  0.89  1.0e-01  7.5e-05  1.0e-01  6.2e-01  2.0e-01  1.8e-03  2.0e-01
  26  T 0   2.777e+06  -5e-07  0.90  1.0e-01  1.1e-04  1.0e-01  5.7e-01  1.6e-01  1.7e-03  1.6e-01
  27  T 0   2.749e+06   9e-06  0.90  1.0e-01  1.3e-04  1.0e-01  5.3e-01  1.5e-01  1.5e-03  1.5e-01
  28  T 0   2.722e+06  -1e-05  0.91  1.0e-01  1.4e-04  1.0e-01  5.9e-01  1.6e-01  1.6e-03  1.6e-01
  29  T 0   2.698e+06  -2e-07  0.91  1.0e-01  1.3e-04  1.0e-01  6.2e-01  1.4e-01  1.5e-03  1.4e-01
  30  T 0   2.674e+06  -7e-07  0.92  1.0e-01  1.6e-04  1.0e-01  6.0e-01  1.4e-01  1.5e-03  1.4e-01
  31  T 0   2.651e+06   2e-06  0.92  1.0e-01  1.6e-04  1.0e-01  6.4e-01  1.5e-01  1.4e-03  1.5e-01
  32  T 0   2.627e+06  -2e-05  0.93  1.0e-01  2.4e-04  1.0e-01  6.0e-01  1.6e-01  1.4e-03  1.6e-01
  33  T 0   2.600e+06  -3e-05  0.93  1.0e-01  1.6e-04  1.0e-01  6.0e-01  1.4e-01  1.5e-03  1.4e-01
  34  T 0   2.578e+06  -1e-06  0.94  1.0e-01  8.8e-05  1.0e-01  5.9e-01  1.4e-01  1.4e-03  1.4e-01
  35  T 0   2.559e+06  -4e-06  0.94  1.0e-01  1.7e-04  1.0e-01  6.6e-01  1.4e-01  1.4e-03  1.4e-01
  36  T 0   2.539e+06  -1e-07  0.95  1.0e-01  5.7e-05  1.0e-01  5.3e-01  1.4e-01  1.7e-03  1.4e-01
  37  T 0   2.526e+06  -2e-06  0.95  1.0e-01  1.2e-04  1.0e-01  5.1e-01  1.4e-01  1.5e-03  1.4e-01
  38  T 0   2.516e+06  -6e-06  0.96  1.0e-01  1.7e-04  1.0e-01  4.5e-01  1.6e-01  1.4e-03  1.6e-01
  39  T 0   2.507e+06  -9e-06  0.96  1.0e-01  1.1e-04  1.0e-01  4.8e-01  1.9e-01  1.5e-03  1.9e-01
  40  T 0   2.506e+06  -7e-06  0.96  1.0e-01  5.9e-05  1.0e-01  5.1e-01  2.1e-01  1.5e-03  2.1e-01
  41  F 0   2.507e+06  -6e-06  0.95  1.0e-01  9.6e-05  1.0e-01  7.2e-01  2.0e-01  1.7e-03  2.1e-01
  42  T 0   2.501e+06  -4e-06  0.96  1.0e-01  1.3e-04  1.0e-01  5.8e-01  1.5e-01  1.5e-03  1.5e-01
  43  T 0   2.497e+06  -3e-07  0.95  1.0e-01  8.0e-05  1.0e-01  6.6e-01  1.6e-01  1.8e-03  1.7e-01
  44  T 0   2.492e+06   1e-05  0.97  1.0e-01  1.3e-04  1.0e-01  5.0e-01  1.6e-01  1.7e-03  1.6e-01
  45  T 0   2.485e+06   3e-06  0.96  1.0e-01  3.8e-05  1.0e-01  5.0e-01  1.6e-01  1.7e-03  1.6e-01
  46  T 0   2.480e+06   9e-06  0.97  1.0e-01  5.3e-05  1.0e-01  3.4e-01  1.7e-01  1.9e-03  1.7e-01
  47  T 0   2.476e+06  -8e-07  0.97  1.0e-01  1.0e-04  1.0e-01  3.4e-01  2.2e-01  1.4e-03  2.3e-01
  48  T 0   2.471e+06   5e-06  0.97  1.0e-01  8.7e-05  1.0e-01  2.8e-01  1.7e-01  1.5e-03  1.7e-01
  49  T 0   2.467e+06  -5e-06  0.97  1.0e-01  2.9e-05  1.0e-01  3.5e-01  1.6e-01  1.6e-03  1.6e-01
  50  T 0   2.463e+06   5e-07  0.97  1.0e-01  3.1e-05  1.0e-01  2.5e-01  1.7e-01  1.6e-03  1.7e-01
  51  T 0   2.462e+06   1e-05  0.97  1.0e-01  4.9e-05  1.0e-01  2.5e-01  1.6e-01  1.6e-03  1.6e-01
  52  T 0   2.457e+06   1e-05  0.98  1.0e-01  1.0e-04  1.0e-01  2.4e-01  1.6e-01  1.6e-03  1.6e-01
  53  T 0   2.454e+06  -1e-06  0.98  1.0e-01  1.1e-04  7.2e-02  1.9e-01  1.6e-01  1.4e-03  1.6e-01
  54  T 0   2.452e+06  -3e-08  0.98  1.0e-01  2.3e-05  1.0e-01  2.4e-01  1.7e-01  1.5e-03  1.7e-01
  55  T 0   2.450e+06  -4e-05  0.98  1.0e-01  4.4e-05  1.0e-01  2.8e-01  1.6e-01  1.7e-03  1.7e-01
  56  T 0   2.448e+06  -1e-07  0.98  1.0e-01  6.1e-05  1.0e-01  3.0e-01  1.7e-01  1.7e-03  1.7e-01
  57  T 0   2.446e+06  -2e-05  0.98  1.0e-01  3.4e-05  1.0e-01  2.9e-01  1.6e-01  1.6e-03  1.6e-01
  58  T 0   2.444e+06  -3e-08  0.98  1.0e-01  6.8e-05  1.0e-01  2.3e-01  1.6e-01  1.7e-03  1.6e-01
  59  T 0   2.443e+06  -5e-06  0.98  1.0e-01  1.6e-05  1.0e-01  2.1e-01  1.7e-01  1.6e-03  1.7e-01
  60  T 0   2.442e+06  -2e-06  0.98  1.0e-01  1.7e-05  1.0e-01  2.1e-01  1.5e-01  1.5e-03  1.6e-01
  61  T 0   2.441e+06  -2e-08  0.98  1.0e-01  2.2e-05  1.0e-01  1.8e-01  1.8e-01  1.6e-03  1.9e-01
  62  T 0   2.440e+06  -2e-08  0.98  1.0e-01  2.0e-05  1.0e-01  1.8e-01  1.6e-01  1.5e-03  1.6e-01
  63  T 0   2.440e+06  -2e-08  0.98  1.0e-01  3.5e-05  1.0e-01  2.0e-01  1.7e-01  1.6e-03  1.7e-01
  64  T 0   2.438e+06   3e-06  0.98  1.0e-01  4.0e-05  1.0e-01  2.0e-01  1.8e-01  1.6e-03  1.8e-01
  65  T 0   2.436e+06  -8e-07  0.98  1.0e-01  1.2e-05  1.0e-01  2.0e-01  2.0e-01  1.5e-03  2.1e-01
  66  T 0   2.435e+06  -2e-06  0.98  1.0e-01  2.1e-05  1.0e-01  1.8e-01  1.6e-01  1.5e-03  1.6e-01
  67  T 0   2.434e+06  -2e-07  0.98  1.0e-01  3.6e-05  1.0e-01  2.0e-01  1.6e-01  1.5e-03  1.6e-01
  68  T 0   2.433e+06   1e-05  0.98  1.0e-01  5.6e-05  8.3e-02  1.8e-01  1.6e-01  1.6e-03  1.6e-01
  69  T 0   2.432e+06  -3e-06  0.99  1.0e-01  1.2e-04  9.7e-02  2.1e-01  1.8e-01  1.4e-03  1.8e-01
  70  T 0   2.431e+06  -1e-05  0.98  1.0e-01  3.8e-05  1.0e-01  2.9e-01  1.7e-01  1.7e-03  1.7e-01
  71  T 0   2.428e+06  -2e-06  0.99  1.0e-01  7.0e-06  1.0e-01  3.4e-01  1.5e-01  1.6e-03  1.6e-01
  72  T 0   2.427e+06   1e-05  0.99  1.0e-01  8.2e-06  1.0e-01  1.6e-01  1.6e-01  1.6e-03  1.6e-01
  73  T 0   2.427e+06  -1e-08  0.99  1.0e-01  8.9e-06  1.0e-01  1.6e-01  2.0e-01  1.4e-03  2.0e-01
  74  T 0   2.427e+06  -9e-09  0.99  1.0e-01  1.0e-05  1.0e-01  1.4e-01  1.6e-01  1.5e-03  1.6e-01
  75  T 0   2.427e+06   8e-06  0.99  1.0e-01  1.2e-05  1.0e-01  1.3e-01  1.7e-01  1.3e-03  1.7e-01
  76  T 0   2.426e+06  -1e-08  0.99  1.0e-01  1.4e-05  1.0e-01  1.3e-01  1.5e-01  1.3e-03  1.5e-01
  77  T 0   2.426e+06  -6e-09  0.99  1.0e-01  1.8e-05  6.3e-02  1.1e-01  1.6e-01  1.4e-03  1.6e-01
  78  T 0   2.426e+06   6e-06  0.99  1.0e-01  2.4e-05  4.3e-02  9.1e-02  1.6e-01  1.1e-03  1.6e-01
  79  T 0   2.425e+06  -7e-09  0.99  1.0e-01  7.5e-06  5.1e-02  9.3e-02  1.8e-01  1.4e-03  1.8e-01
  80  T 0   2.424e+06  -4e-07  0.99  1.0e-01  6.5e-06  6.2e-02  9.5e-02  1.7e-01  1.4e-03  1.7e-01
  81  T 0   2.424e+06   5e-06  0.99  1.0e-01  6.2e-06  5.0e-02  9.5e-02  2.1e-01  1.4e-03  2.1e-01
  82  T 0   2.424e+06  -7e-09  0.99  1.0e-01  5.0e-06  5.2e-02  1.2e-01  2.2e-01  1.3e-03  2.2e-01
  83  F 0   2.424e+06   1e-05  0.99  1.0e-01  1.0e-05  1.0e-01  2.8e-01  1.5e-01  1.3e-03  1.6e-01
  84  T 0   2.423e+06   2e-06  0.99  1.0e-01  1.3e-05  1.0e-01  3.3e-01  1.6e-01  1.5e-03  1.6e-01
  85  F 0   2.425e+06   9e-06  0.99  1.0e-01  2.7e-05  1.0e-01  3.8e-01  1.6e-01  1.6e-03  1.6e-01
  86  T 0   2.423e+06   1e-06  0.98  1.0e-01  2.4e-05  1.0e-01  4.4e-01  1.7e-01  1.7e-03  1.7e-01
  87  F 0   2.423e+06  -8e-06  0.98  1.0e-01  2.0e-05  1.0e-01  2.9e-01  1.4e-01  1.7e-03  1.4e-01
  88  T 0   2.422e+06   3e-05  0.99  1.0e-01  5.1e-06  8.5e-02  1.7e-01  1.4e-01  1.5e-03  1.4e-01
  89  T 0   2.422e+06  -1e-06  0.99  1.0e-01  3.9e-06  1.0e-01  1.1e-01  1.4e-01  1.7e-03  1.5e-01
  90  T 0   2.421e+06   5e-06  0.99  1.0e-01  3.6e-06  4.0e-02  4.6e-02  1.4e-01  9.8e-04  1.5e-01
  91  T 0   2.421e+06   5e-06  0.99  1.0e-01  3.3e-06  3.5e-02  4.1e-02  1.4e-01  1.3e-03  1.4e-01
  92  T 0   2.421e+06   7e-06  0.99  1.0e-01  3.0e-06  3.0e-02  3.8e-02  1.4e-01  1.2e-03  1.4e-01
  93  T 0   2.421e+06   7e-06  0.99  1.0e-01  2.8e-06  2.4e-02  3.4e-02  1.5e-01  1.2e-03  1.5e-01
  94  T 0   2.421e+06  -4e-08  0.99  1.0e-01  2.6e-06  2.0e-02  3.4e-02  1.4e-01  1.2e-03  1.5e-01
  95  T 0   2.421e+06   2e-08  0.99  1.0e-01  2.5e-06  1.7e-02  3.7e-02  1.5e-01  1.3e-03  1.5e-01
  96  T 0   2.421e+06   9e-08  0.99  1.0e-01  2.5e-06  2.2e-02  4.4e-02  1.5e-01  1.3e-03  1.5e-01
  97  T 0   2.421e+06   1e-07  0.99  1.0e-01  2.4e-06  2.9e-02  5.1e-02  1.4e-01  1.3e-03  1.4e-01
  98  T 0   2.421e+06  -2e-08  0.99  1.0e-01  2.2e-06  2.8e-02  5.0e-02  1.4e-01  1.2e-03  1.5e-01
  99  T 0   2.421e+06   6e-06  0.99  1.0e-01  1.9e-06  3.2e-02  5.1e-02  1.9e-01  1.3e-03  1.9e-01
 100  T 0   2.421e+06  -7e-10  0.99  1.0e-01  2.0e-06  2.3e-02  3.7e-02  1.5e-01  1.3e-03  1.5e-01
 101  T 0   2.421e+06  -1e-09  0.99  1.0e-01  2.0e-06  1.5e-02  3.1e-02  1.4e-01  1.2e-03  1.4e-01
 102  T 0   2.421e+06   7e-06  0.99  1.0e-01  2.0e-06  1.6e-02  3.1e-02  1.4e-01  9.6e-04  1.4e-01
 103  T 0   2.421e+06  -7e-08  0.99  1.0e-01  1.9e-06  1.5e-02  3.1e-02  1.4e-01  1.2e-03  1.4e-01
 104  T 0   2.421e+06   4e-07  0.99  1.0e-01  9.0e-07  2.2e-02  3.6e-02  1.4e-01  1.3e-03  1.4e-01
 105  F 0   2.421e+06  -1e-05  0.99  1.0e-01  7.1e-07  2.3e-02  3.2e-02  1.5e-01  1.3e-03  1.5e-01
 106  F 0   2.421e+06   2e-06  0.99  1.0e-01  2.0e-06  3.2e-02  5.2e-02  1.4e-01  1.3e-03  1.4e-01
 107  F 0   2.421e+06  -9e-06  0.99  1.0e-01  4.8e-06  1.0e-01  1.4e-01  1.4e-01  1.3e-03  1.4e-01
 108  F 0   2.422e+06   3e-05  0.99  1.0e-01  1.9e-05  1.0e-01  2.8e-01  1.4e-01  1.5e-03  1.5e-01
 109  F 0   2.422e+06  -5e-08  0.99  1.0e-01  9.1e-06  1.0e-01  3.2e-01  1.4e-01  1.6e-03  1.4e-01
 110  F 0   2.423e+06   5e-06  0.99  1.0e-01  2.3e-05  1.0e-01  3.1e-01  1.4e-01  1.4e-03  1.4e-01
 111  F 0   2.421e+06  -1e-05  0.99  1.0e-01  8.2e-06  1.0e-01  2.4e-01  1.6e-01  1.5e-03  1.6e-01
 112  F 0   2.421e+06  -2e-05  0.99  1.0e-01  3.8e-06  7.6e-02  1.3e-01  1.6e-01  1.5e-03  1.6e-01
 113  F 0   2.421e+06  -2e-07  0.99  1.0e-01  2.2e-06  3.2e-02  4.7e-02  1.6e-01  1.3e-03  1.6e-01
 114  F 0   2.421e+06   2e-06  0.99  1.0e-01  2.2e-06  3.0e-02  4.4e-02  1.6e-01  1.3e-03  1.6e-01
 115  F 0   2.421e+06  -1e-08  0.99  1.0e-01  1.9e-06  3.2e-02  4.8e-02  1.6e-01  1.5e-03  1.6e-01
 116  F 0   2.421e+06   3e-06  0.99  1.0e-01  1.5e-06  3.2e-02  4.8e-02  1.7e-01  1.5e-03  1.7e-01
 117  F 0   2.421e+06  -2e-07  0.99  1.0e-01  1.0e-06  2.4e-02  3.6e-02  1.7e-01  1.4e-03  1.7e-01
 118  F 0   2.421e+06   9e-06  0.99  1.0e-01  8.2e-07  1.6e-02  2.8e-02  1.7e-01  1.4e-03  1.7e-01
 119  T 0   2.421e+06   1e-05  0.99  1.0e-01  6.8e-07  1.4e-02  2.7e-02  1.7e-01  1.4e-03  1.7e-01
 120  F 0   2.421e+06  -4e-10  0.99  1.0e-01  5.9e-07  1.3e-02  2.7e-02  1.7e-01  1.4e-03  1.7e-01
 121  T 0   2.421e+06   4e-08  0.99  1.0e-01  5.8e-07  9.8e-03  2.5e-02  1.7e-01  1.4e-03  1.7e-01
 122  T 0   2.421e+06  -3e-10  0.99  1.0e-01  5.8e-07  9.1e-03  2.4e-02  1.7e-01  1.5e-03  1.7e-01
 123  T 0   2.421e+06  -3e-10  0.99  1.0e-01  6.0e-07  9.0e-03  2.5e-02  1.8e-01  1.5e-03  1.8e-01
 124  T 0   2.421e+06  -3e-10  0.99  1.0e-01  5.5e-07  9.9e-03  2.5e-02  1.6e-01  1.4e-03  1.6e-01
 125  T 0   2.421e+06   3e-07  0.99  1.0e-01  6.6e-07  9.7e-03  2.6e-02  1.6e-01  1.4e-03  1.6e-01
 126  T 0   2.421e+06  -5e-10  0.99  1.0e-01  7.0e-07  1.2e-02  2.9e-02  1.6e-01  1.4e-03  1.6e-01
 127  F 0   2.421e+06  -1e-09  0.99  1.0e-01  2.7e-06  2.7e-02  5.2e-02  1.6e-01  1.4e-03  1.6e-01
 128  F 0   2.421e+06  -1e-08  0.99  1.0e-01  6.4e-06  7.9e-02  1.5e-01  2.0e-01  1.6e-03  2.0e-01
 129  F 0   2.424e+06   6e-07  0.99  1.0e-01  2.7e-05  1.0e-01  4.0e-01  1.6e-01  1.5e-03  1.6e-01
 130  F 0   2.422e+06   1e-05  0.98  1.0e-01  2.5e-05  1.0e-01  4.9e-01  1.6e-01  1.6e-03  1.6e-01
 131  F 0   2.425e+06   2e-05  0.98  1.0e-01  2.8e-05  1.0e-01  4.3e-01  1.6e-01  1.7e-03  1.7e-01
 132  F 0   2.422e+06  -2e-06  0.98  1.0e-01  1.6e-05  1.0e-01  3.7e-01  1.6e-01  1.4e-03  1.6e-01
 133  F 0   2.422e+06  -1e-08  0.99  1.0e-01  6.4e-06  8.2e-02  1.6e-01  1.6e-01  2.4e-03  1.6e-01
 134  F 0   2.421e+06  -3e-09  0.99  1.0e-01  2.8e-06  6.2e-02  8.4e-02  1.9e-01  1.5e-03  1.9e-01
 135  F 0   2.421e+06  -3e-09  0.99  1.0e-01  2.2e-06  5.4e-02  7.6e-02  1.5e-01  1.5e-03  1.6e-01
 136  F 0   2.421e+06  -6e-09  0.99  1.0e-01  1.7e-06  2.1e-02  5.0e-02  1.6e-01  1.4e-03  1.6e-01
 137  F 0   2.421e+06  -1e-09  0.99  1.0e-01  1.4e-06  2.8e-02  4.9e-02  1.6e-01  1.4e-03  1.6e-01
 138  F 0   2.421e+06  -1e-09  0.99  1.0e-01  1.1e-06  3.3e-02  5.2e-02  1.7e-01  1.4e-03  1.8e-01
 139  F 0   2.421e+06   8e-06  0.99  1.0e-01  1.0e-06  3.2e-02  5.3e-02  1.4e-01  1.2e-03  1.4e-01
 140  F 0   2.421e+06   1e-06  0.99  1.0e-01  8.9e-07  3.0e-02  5.5e-02  1.4e-01  1.3e-03  1.4e-01
 141  F 0   2.421e+06   1e-05  0.99  1.0e-01  1.1e-06  2.9e-02  5.5e-02  1.4e-01  1.3e-03  1.4e-01
 142  F 0   2.421e+06   5e-06  0.99  1.0e-01  1.6e-06  3.5e-02  6.4e-02  1.4e-01  1.3e-03  1.4e-01
 143  F 0   2.421e+06  -3e-05  0.99  1.0e-01  1.4e-06  4.4e-02  8.5e-02  1.4e-01  1.3e-03  1.5e-01
 144  F 0   2.421e+06  -6e-06  0.99  1.0e-01  1.5e-06  3.7e-02  7.9e-02  1.4e-01  1.2e-03  1.4e-01
 145  F 0   2.421e+06  -9e-09  0.99  1.0e-01  5.9e-06  6.9e-02  1.2e-01  1.4e-01  1.4e-03  1.4e-01
 146  F 0   2.421e+06  -6e-06  0.99  1.0e-01  8.2e-06  1.0e-01  2.6e-01  1.4e-01  1.5e-03  1.4e-01
 147  F 0   2.424e+06  -2e-05  0.99  1.0e-01  2.5e-05  1.0e-01  3.8e-01  1.4e-01  1.4e-03  1.5e-01
 148  F 0   2.422e+06   3e-06  0.98  1.0e-01  1.8e-05  1.0e-01  4.0e-01  1.4e-01  1.5e-03  1.4e-01
 149  F 0   2.421e+06  -3e-06  0.99  1.0e-01  5.6e-06  6.9e-02  1.7e-01  1.5e-01  1.5e-03  1.5e-01
 150  F 0   2.421e+06  -2e-05  0.99  1.0e-01  2.0e-06  8.5e-02  9.6e-02  1.5e-01  1.4e-03  1.5e-01
 151  F 0   2.421e+06  -8e-09  0.99  1.0e-01  1.8e-06  4.8e-02  8.5e-02  1.6e-01  1.5e-03  1.6e-01
 152  F 0   2.421e+06  -6e-07  0.99  1.0e-01  1.8e-06  4.5e-02  6.8e-02  1.6e-01  1.3e-03  1.7e-01
 153  F 0   2.421e+06  -2e-06  0.99  1.0e-01  1.9e-06  6.0e-02  7.9e-02  1.7e-01  1.4e-03  1.7e-01
 154  F 0   2.421e+06   4e-06  0.99  1.0e-01  1.0e-06  3.6e-02  5.6e-02  1.6e-01  1.1e-03  1.6e-01
 155  F 0   2.421e+06   1e-05  0.99  1.0e-01  7.9e-07  3.0e-02  4.8e-02  1.6e-01  1.4e-03  1.6e-01
 156  F 0   2.421e+06   1e-05  0.99  1.0e-01  6.4e-07  3.0e-02  4.8e-02  1.6e-01  1.4e-03  1.6e-01
 157  F 0   2.421e+06  -2e-09  0.99  1.0e-01  6.0e-07  2.7e-02  4.2e-02  1.6e-01  1.4e-03  1.6e-01
 158  F 0   2.421e+06   9e-06  0.99  1.0e-01  6.4e-07  2.9e-02  5.5e-02  1.5e-01  1.4e-03  1.5e-01
 159  F 0   2.421e+06  -2e-07  0.99  1.0e-01  5.4e-07  1.9e-02  4.2e-02  1.4e-01  1.3e-03  1.4e-01
 160  T 0   2.421e+06   2e-05  0.99  1.0e-01  7.3e-07  2.3e-02  4.9e-02  1.4e-01  1.3e-03  1.4e-01
 161  F 0   2.421e+06   2e-06  0.99  1.0e-01  9.2e-07  2.2e-02  4.3e-02  1.4e-01  1.3e-03  1.4e-01
 162  F 0   2.421e+06   2e-06  0.99  1.0e-01  1.9e-06  2.5e-02  5.3e-02  1.4e-01  1.4e-03  1.4e-01
 163  F 0   2.421e+06  -8e-07  0.99  1.0e-01  2.5e-06  5.1e-02  8.6e-02  1.4e-01  1.5e-03  1.4e-01
 164  F 0   2.421e+06   7e-08  0.99  1.0e-01  4.2e-06  7.3e-02  1.4e-01  1.4e-01  1.5e-03  1.4e-01
 165  F 0   2.421e+06  -1e-05  0.99  1.0e-01  2.3e-06  9.8e-02  1.6e-01  1.5e-01  1.5e-03  1.5e-01
 166  T 0   2.421e+06  -1e-08  0.99  1.0e-01  1.0e-06  4.3e-02  8.2e-02  1.4e-01  1.5e-03  1.4e-01
 167  T 0   2.421e+06  -2e-06  0.99  1.0e-01  6.9e-07  3.3e-02  4.8e-02  1.4e-01  1.3e-03  1.4e-01
 168  T 0   2.421e+06  -2e-10  0.99  1.0e-01  6.4e-07  5.8e-03  1.2e-02  1.4e-01  1.3e-03  1.4e-01
 169  T 0   2.421e+06  -6e-11  0.99  1.0e-01  5.5e-07  6.7e-03  1.1e-02  1.5e-01  1.3e-03  1.5e-01
 170  T 0   2.421e+06  -7e-11  0.99  1.0e-01  4.9e-07  7.5e-03  1.2e-02  1.5e-01  1.3e-03  1.5e-01
 171  T 0   2.421e+06  -9e-11  0.99  1.0e-01  4.5e-07  8.5e-03  1.4e-02  1.6e-01  1.3e-03  1.6e-01
 172  T 0   2.421e+06  -1e-10  0.99  1.0e-01  4.3e-07  9.2e-03  1.5e-02  1.7e-01  1.3e-03  1.7e-01
 173  T 0   2.421e+06  -1e-10  0.99  1.0e-01  4.1e-07  9.6e-03  1.7e-02  1.7e-01  1.4e-03  1.7e-01
 174  T 0   2.421e+06   8e-06  0.99  1.0e-01  3.8e-07  8.4e-03  1.7e-02  1.6e-01  1.1e-03  1.6e-01
 175  F 0   2.421e+06  -4e-10  0.99  1.0e-01  3.6e-07  9.5e-03  2.1e-02  1.6e-01  1.4e-03  1.6e-01
 176  F 0   2.421e+06  -2e-10  0.99  1.0e-01  3.5e-07  1.0e-02  2.2e-02  1.6e-01  1.4e-03  1.6e-01
 177  T 0   2.421e+06  -3e-10  0.99  1.0e-01  3.8e-07  1.1e-02  2.4e-02  1.7e-01  1.4e-03  1.7e-01
 178  T 0   2.421e+06  -3e-10  0.99  1.0e-01  3.9e-07  1.0e-02  2.5e-02  1.7e-01  1.4e-03  1.7e-01
 179  T 0   2.421e+06   7e-06  0.99  1.0e-01  4.6e-07  1.0e-02  2.7e-02  1.7e-01  1.1e-03  1.7e-01
 180  T 0   2.421e+06   1e-06  0.99  1.0e-01  4.3e-07  8.5e-03  2.8e-02  1.7e-01  1.4e-03  1.7e-01
 181  T 0   2.421e+06  -4e-07  0.99  1.0e-01  9.8e-07  1.8e-02  4.1e-02  1.6e-01  1.4e-03  1.6e-01
 182  F 0   2.421e+06   7e-06  0.99  1.0e-01  3.1e-06  3.8e-02  8.0e-02  1.6e-01  1.4e-03  1.6e-01
 183  F 0   2.422e+06  -1e-06  0.99  1.0e-01  9.5e-06  1.0e-01  2.8e-01  1.6e-01  1.7e-03  1.6e-01
 184  F 0   2.426e+06   7e-06  0.98  1.0e-01  3.8e-05  1.0e-01  5.2e-01  1.6e-01  1.7e-03  1.6e-01
 185  F 0   2.422e+06  -4e-05  0.98  1.0e-01  1.9e-05  1.0e-01  5.1e-01  1.7e-01  1.5e-03  1.7e-01
 186  F 0   2.422e+06  -1e-05  0.99  1.0e-01  1.7e-05  1.0e-01  3.3e-01  1.6e-01  1.9e-03  1.6e-01
 187  F 0   2.421e+06   2e-05  0.99  1.0e-01  4.6e-06  1.0e-01  2.8e-01  1.6e-01  1.7e-03  1.7e-01
 188  F 0   2.421e+06  -7e-06  0.99  1.0e-01  4.6e-06  1.0e-01  1.4e-01  1.6e-01  1.7e-03  1.6e-01
 189  F 0   2.421e+06  -1e-08  0.99  1.0e-01  4.0e-06  1.0e-01  1.5e-01  1.6e-01  1.6e-03  1.6e-01
 190  F 0   2.421e+06  -9e-06  0.99  1.0e-01  3.2e-06  6.6e-02  8.3e-02  1.6e-01  1.4e-03  1.6e-01
 191  F 0   2.421e+06  -8e-09  0.99  1.0e-01  3.0e-06  6.1e-02  1.1e-01  1.6e-01  1.6e-03  1.6e-01
 192  F 0   2.421e+06  -1e-09  0.99  1.0e-01  8.5e-07  2.2e-02  4.5e-02  1.6e-01  1.4e-03  1.6e-01
 193  T 0   2.421e+06   1e-05  0.99  1.0e-01  7.4e-07  2.3e-02  4.2e-02  1.7e-01  1.4e-03  1.7e-01
 194  F 0   2.421e+06  -7e-10  0.99  1.0e-01  6.0e-07  2.0e-02  3.7e-02  1.6e-01  1.4e-03  1.6e-01
 195  T 0   2.421e+06   2e-05  0.99  1.0e-01  6.9e-07  1.8e-02  3.6e-02  1.7e-01  1.4e-03  1.7e-01
 196  F 0   2.421e+06   5e-07  0.99  1.0e-01  6.3e-07  1.8e-02  3.8e-02  1.6e-01  1.4e-03  1.6e-01
 197  T 0   2.421e+06   1e-05  0.99  1.0e-01  7.3e-07  1.5e-02  3.6e-02  1.6e-01  1.4e-03  1.6e-01
 198  F 0   2.421e+06  -1e-09  0.99  1.0e-01  1.2e-06  1.8e-02  4.4e-02  1.7e-01  1.4e-03  1.7e-01
 199  F 0   2.421e+06   1e-06  0.99  1.0e-01  2.3e-06  2.1e-02  5.5e-02  1.7e-01  1.5e-03  1.7e-01
 200  F 0   2.421e+06   3e-08  0.99  1.0e-01  4.4e-06  4.8e-02  1.2e-01  1.6e-01  1.6e-03  1.7e-01
 201  F 0   2.422e+06  -7e-07  0.99  1.0e-01  1.5e-05  1.0e-01  2.6e-01  1.7e-01  1.4e-03  1.7e-01
 202  F 0   2.421e+06  -2e-06  0.99  1.0e-01  5.2e-06  1.0e-01  3.2e-01  1.6e-01  1.7e-03  1.6e-01
 203  F 0   2.421e+06  -2e-07  0.99  1.0e-01  4.3e-06  1.0e-01  2.0e-01  1.4e-01  1.7e-03  1.5e-01
 204  F 0   2.421e+06  -3e-05  0.99  1.0e-01  2.3e-06  9.4e-02  1.3e-01  1.4e-01  1.4e-03  1.4e-01
 205  T 0   2.421e+06   1e-05  0.99  1.0e-01  1.6e-06  4.7e-02  5.2e-02  1.4e-01  1.3e-03  1.4e-01
 206  F 0   2.421e+06  -3e-06  0.99  1.0e-01  1.1e-06  3.1e-02  4.1e-02  1.6e-01  1.4e-03  1.6e-01
 207  F 0   2.421e+06  -1e-07  0.99  1.0e-01  7.8e-07  1.3e-02  2.0e-02  1.4e-01  1.3e-03  1.4e-01
 208  T 0   2.421e+06  -4e-09  0.99  1.0e-01  6.2e-07  1.2e-02  1.9e-02  1.4e-01  1.3e-03  1.5e-01
 209  T 0   2.421e+06  -2e-10  0.99  1.0e-01  5.6e-07  1.3e-02  2.0e-02  1.5e-01  1.2e-03  1.5e-01
 210  T 0   2.421e+06  -2e-10  0.99  1.0e-01  5.7e-07  1.2e-02  2.1e-02  1.3e-01  1.2e-03  1.4e-01
 211  T 0   2.421e+06  -2e-10  0.99  1.0e-01  5.8e-07  1.2e-02  2.2e-02  1.7e-01  1.2e-03  1.7e-01
 212  T 0   2.421e+06  -3e-10  0.99  1.0e-01  6.0e-07  1.0e-02  2.3e-02  1.5e-01  1.3e-03  1.5e-01
 213  T 0   2.421e+06  -3e-10  0.99  1.0e-01  6.2e-07  7.9e-03  2.3e-02  1.5e-01  1.3e-03  1.5e-01
 214  T 0   2.421e+06  -3e-10  0.99  1.0e-01  6.5e-07  8.7e-03  2.5e-02  1.5e-01  1.3e-03  1.5e-01
 215  T 0   2.421e+06  -5e-06  0.99  1.0e-01  7.0e-07  1.0e-02  2.6e-02  1.6e-01  1.0e-03  1.7e-01
 216  T 0   2.421e+06  -4e-10  0.99  1.0e-01  7.2e-07  1.1e-02  2.5e-02  1.6e-01  1.4e-03  1.6e-01
 217  T 0   2.421e+06  -6e-10  0.99  1.0e-01  8.0e-07  1.1e-02  2.8e-02  1.7e-01  1.4e-03  1.8e-01
 218  T 0   2.421e+06   2e-08  0.99  1.0e-01  7.3e-07  1.6e-02  3.3e-02  1.7e-01  1.3e-03  1.8e-01
 219  T 0   2.421e+06   6e-05  0.99  1.0e-01  3.1e-06  3.9e-02  7.6e-02  1.7e-01  1.6e-03  1.7e-01
 220  F 0   2.422e+06  -1e-06  0.99  1.0e-01  1.3e-05  1.0e-01  2.7e-01  1.7e-01  1.4e-03  1.7e-01
 221  F 0   2.422e+06  -7e-05  0.99  1.0e-01  1.5e-05  1.0e-01  4.3e-01  1.6e-01  2.0e-03  1.7e-01
 222  F 0   2.428e+06   1e-07  0.98  1.0e-01  4.3e-05  1.0e-01  5.4e-01  1.6e-01  1.4e-03  1.6e-01
 223  F 0   2.423e+06  -1e-06  0.98  1.0e-01  1.6e-05  1.0e-01  5.1e-01  1.6e-01  1.7e-03  1.6e-01
 224  F 0   2.422e+06  -1e-05  0.99  1.0e-01  1.5e-05  1.0e-01  2.1e-01  1.6e-01  1.9e-03  1.6e-01
 225  F 0   2.421e+06  -6e-06  0.99  1.0e-01  7.5e-06  7.5e-02  1.4e-01  1.6e-01  1.4e-03  1.6e-01
 226  F 0   2.421e+06  -6e-06  0.99  1.0e-01  1.0e-05  5.2e-02  1.2e-01  1.6e-01  1.6e-03  1.6e-01
 227  F 0   2.421e+06  -3e-09  0.99  1.0e-01  4.4e-06  3.9e-02  8.4e-02  1.6e-01  1.5e-03  1.6e-01
 228  F 0   2.421e+06  -3e-09  0.99  1.0e-01  4.7e-06  5.4e-02  7.4e-02  1.6e-01  1.5e-03  1.6e-01
 229  F 0   2.421e+06  -1e-05  0.99  1.0e-01  4.3e-06  2.6e-02  4.1e-02  1.6e-01  1.4e-03  1.6e-01
 230  F 0   2.421e+06  -7e-10  0.99  1.0e-01  4.0e-06  2.5e-02  3.6e-02  1.6e-01  1.4e-03  1.6e-01
 231  F 0   2.421e+06  -9e-10  0.99  1.0e-01  1.9e-06  2.9e-02  4.2e-02  1.7e-01  1.5e-03  1.7e-01
 232  F 0   2.421e+06   3e-06  0.99  1.0e-01  1.6e-06  2.9e-02  4.5e-02  1.6e-01  1.1e-03  1.6e-01
 233  F 0   2.421e+06  -3e-07  0.99  1.0e-01  1.3e-06  2.7e-02  4.2e-02  1.6e-01  1.4e-03  1.6e-01
 234  F 0   2.421e+06  -8e-08  0.99  1.0e-01  1.2e-06  2.2e-02  3.9e-02  1.6e-01  1.4e-03  1.6e-01
 235  F 0   2.421e+06   8e-06  0.99  1.0e-01  1.3e-06  1.8e-02  4.1e-02  1.6e-01  1.4e-03  1.6e-01
 236  F 0   2.421e+06  -1e-09  0.99  1.0e-01  1.3e-06  1.9e-02  4.5e-02  1.6e-01  1.4e-03  1.6e-01
 237  F 0   2.421e+06  -9e-10  0.99  1.0e-01  1.4e-06  2.2e-02  4.3e-02  1.7e-01  1.4e-03  1.7e-01
 238  F 0   2.421e+06  -7e-10  0.99  1.0e-01  1.3e-06  1.4e-02  3.5e-02  1.7e-01  1.4e-03  1.7e-01
 239  T 0   2.421e+06   1e-05  0.99  1.0e-01  1.4e-06  1.5e-02  3.2e-02  1.7e-01  1.4e-03  1.7e-01
 240  F 0   2.421e+06  -2e-09  0.99  1.0e-01  1.2e-06  4.0e-02  5.8e-02  1.6e-01  1.5e-03  1.6e-01
 241  F 0   2.421e+06  -1e-05  0.99  1.0e-01  1.7e-06  9.8e-02  1.3e-01  1.6e-01  1.4e-03  1.6e-01
 242  F 0   2.421e+06  -1e-08  0.99  1.0e-01  2.4e-06  1.0e-01  1.5e-01  1.6e-01  1.6e-03  1.6e-01
 243  F 0   2.421e+06  -1e-08  0.99  1.0e-01  4.0e-06  9.0e-02  1.7e-01  1.7e-01  1.6e-03  1.7e-01
 244  F 0   2.421e+06   8e-06  0.99  1.0e-01  2.9e-06  1.0e-01  1.9e-01  1.6e-01  1.5e-03  1.6e-01
 245  T 0   2.421e+06  -4e-08  0.99  1.0e-01  4.4e-06  5.3e-02  1.2e-01  1.6e-01  1.6e-03  1.6e-01
 246  T 0   2.421e+06   6e-08  0.99  1.0e-01  8.2e-07  2.0e-02  4.3e-02  1.7e-01  1.5e-03  1.7e-01
 247  T 0   2.421e+06   1e-10  0.99  1.0e-01  6.7e-07  7.2e-03  1.2e-02  1.7e-01  1.5e-03  1.7e-01
 248  T 0   2.421e+06  -5e-11  0.99  1.0e-01  7.5e-07  5.2e-03  9.6e-03  1.7e-01  1.4e-03  1.7e-01
 249  T 0   2.421e+06  -4e-11  0.99  1.0e-01  8.0e-07  4.8e-03  9.4e-03  1.7e-01  1.4e-03  1.7e-01
 250  T 0   2.421e+06   6e-06  0.99  1.0e-01  8.2e-07  4.7e-03  9.0e-03  1.6e-01  1.2e-03  1.7e-01
 251  T 0   2.421e+06   9e-06  0.99  1.0e-01  8.4e-07  4.7e-03  9.5e-03  1.6e-01  1.2e-03  1.6e-01
 252  T 0   2.421e+06   6e-06  0.99  1.0e-01  8.3e-07  4.6e-03  1.0e-02  1.7e-01  1.5e-03  1.7e-01
 253  F 0   2.421e+06  -6e-06  0.99  1.0e-01  8.4e-07  4.8e-03  1.2e-02  1.7e-01  1.1e-03  1.7e-01
 254  F 0   2.421e+06  -1e-10  0.99  1.0e-01  8.4e-07  4.3e-03  1.2e-02  1.7e-01  1.4e-03  1.7e-01
 255  F 0   2.421e+06  -9e-06  0.99  1.0e-01  8.6e-07  4.9e-03  1.4e-02  1.7e-01  1.1e-03  1.7e-01
 256  F 0   2.421e+06  -9e-06  0.99  1.0e-01  8.4e-07  5.0e-03  1.3e-02  1.6e-01  1.1e-03  1.6e-01
 257  T 0   2.421e+06  -3e-10  0.99  1.0e-01  8.7e-07  6.2e-03  1.4e-02  1.7e-01  1.4e-03  1.7e-01
 258  T 0   2.421e+06  -9e-11  0.99  1.0e-01  7.7e-07  5.3e-03  1.4e-02  1.6e-01  1.9e-03  1.7e-01
 259  T 0   2.421e+06  -6e-07  0.99  1.0e-01  1.0e-06  1.2e-02  2.5e-02  1.6e-01  1.4e-03  1.7e-01
 260  F 0   2.421e+06   3e-06  0.99  1.0e-01  1.9e-06  3.1e-02  5.4e-02  1.7e-01  1.4e-03  1.7e-01
 261  F 0   2.421e+06   2e-07  0.99  1.0e-01  4.7e-06  8.8e-02  1.6e-01  1.7e-01  1.4e-03  1.7e-01
 262  F 0   2.422e+06   1e-06  0.99  1.0e-01  1.5e-05  1.0e-01  3.2e-01  1.7e-01  1.5e-03  1.7e-01
 263  F 0   2.421e+06   1e-05  0.99  1.0e-01  7.9e-06  1.0e-01  3.4e-01  1.7e-01  1.7e-03  1.7e-01
 264  F 0   2.421e+06   4e-05  0.99  1.0e-01  9.8e-06  1.0e-01  2.5e-01  1.7e-01  1.5e-03  1.7e-01
 265  F 0   2.421e+06  -8e-06  0.99  1.0e-01  2.8e-06  4.8e-02  9.9e-02  1.6e-01  1.5e-03  1.6e-01
 266  F 0   2.421e+06  -5e-06  0.99  1.0e-01  2.1e-06  4.0e-02  5.5e-02  1.6e-01  1.6e-03  1.6e-01
 267  F 0   2.421e+06   1e-07  0.99  1.0e-01  1.6e-06  2.0e-02  3.4e-02  1.6e-01  1.4e-03  1.6e-01
 268  F 0   2.421e+06  -3e-10  0.99  1.0e-01  1.2e-06  1.7e-02  2.6e-02  1.6e-01  1.4e-03  1.6e-01
 269  F 0   2.421e+06  -4e-09  0.99  1.0e-01  5.8e-07  1.4e-02  2.1e-02  1.6e-01  1.4e-03  1.6e-01
 270  T 0   2.421e+06   2e-06  0.99  1.0e-01  5.5e-07  1.0e-02  1.7e-02  1.6e-01  1.1e-03  1.6e-01
 271  T 0   2.421e+06   8e-06  0.99  1.0e-01  5.6e-07  8.6e-03  1.6e-02  1.6e-01  1.1e-03  1.6e-01
 272  F 0   2.421e+06  -1e-10  0.99  1.0e-01  5.7e-07  9.1e-03  1.7e-02  1.7e-01  1.4e-03  1.7e-01
 273  F 0   2.421e+06  -1e-10  0.99  1.0e-01  5.8e-07  6.5e-03  1.5e-02  1.6e-01  1.3e-03  1.6e-01
 274  T 0   2.421e+06  -1e-10  0.99  1.0e-01  5.8e-07  5.8e-03  1.5e-02  1.6e-01  1.4e-03  1.6e-01
 275  T 0   2.421e+06   9e-06  0.99  1.0e-01  5.9e-07  5.9e-03  1.5e-02  1.6e-01  1.1e-03  1.6e-01
 276  F 0   2.421e+06  -1e-10  0.99  1.0e-01  5.9e-07  5.9e-03  1.6e-02  1.6e-01  1.5e-03  1.6e-01
 277  F 0   2.421e+06  -3e-06  0.99  1.0e-01  5.7e-07  5.7e-03  1.6e-02  1.6e-01  1.1e-03  1.6e-01
 278  F 0   2.421e+06  -2e-10  0.99  1.0e-01  5.8e-07  6.4e-03  1.6e-02  1.8e-01  1.4e-03  1.8e-01
 279  F 0   2.421e+06  -3e-06  0.99  1.0e-01  4.8e-07  5.6e-03  1.5e-02  1.7e-01  1.1e-03  1.8e-01
 280  T 0   2.421e+06  -4e-10  0.99  1.0e-01  7.8e-07  1.4e-02  2.5e-02  2.6e-01  1.4e-03  2.6e-01
 281  F 0   2.421e+06  -3e-09  0.99  1.0e-01  2.4e-06  3.9e-02  7.2e-02  1.7e-01  1.5e-03  1.7e-01
 282  F 0   2.421e+06   6e-07  0.99  1.0e-01  6.7e-06  1.0e-01  2.3e-01  2.1e-01  1.6e-03  2.1e-01
 283  F 0   2.424e+06   5e-08  0.99  1.0e-01  3.0e-05  1.0e-01  4.5e-01  2.1e-01  1.6e-03  2.1e-01
 284  F 0   2.421e+06  -2e-05  0.98  1.0e-01  2.0e-05  1.0e-01  4.5e-01  1.4e-01  1.6e-03  1.4e-01
 285  F 0   2.421e+06  -5e-06  0.99  1.0e-01  9.1e-06  1.0e-01  2.7e-01  1.5e-01  1.7e-03  1.6e-01
 286  F 0   2.421e+06  -1e-08  0.99  1.0e-01  3.8e-06  1.0e-01  1.6e-01  1.6e-01  1.4e-03  1.6e-01
 287  F 0   2.421e+06  -1e-05  0.99  1.0e-01  2.8e-06  6.5e-02  9.8e-02  1.5e-01  1.5e-03  1.5e-01
 288  F 0   2.421e+06  -5e-09  0.99  1.0e-01  2.0e-06  8.2e-02  1.0e-01  1.5e-01  1.8e-03  1.5e-01
 289  F 0   2.421e+06  -1e-05  0.99  1.0e-01  1.9e-06  5.9e-02  6.7e-02  1.5e-01  1.2e-03  1.5e-01
 290  F 0   2.421e+06   1e-05  0.99  1.0e-01  1.8e-06  2.4e-02  3.4e-02  1.5e-01  1.3e-03  1.5e-01
 291  F 0   2.421e+06  -7e-10  0.99  1.0e-01  1.9e-06  2.8e-02  3.7e-02  1.4e-01  1.3e-03  1.4e-01
 292  F 0   2.421e+06  -7e-10  0.99  1.0e-01  1.9e-06  2.4e-02  3.7e-02  1.4e-01  1.2e-03  1.4e-01
 293  F 0   2.421e+06  -7e-10  0.99  1.0e-01  2.0e-06  2.1e-02  3.8e-02  1.5e-01  1.3e-03  1.5e-01
 294  F 0   2.421e+06  -8e-10  0.99  1.0e-01  2.0e-06  2.6e-02  4.0e-02  1.9e-01  1.3e-03  1.9e-01
 295  F 0   2.421e+06  -9e-10  0.99  1.0e-01  2.1e-06  2.9e-02  4.3e-02  1.7e-01  1.4e-03  1.7e-01
 296  F 0   2.421e+06  -9e-10  0.99  1.0e-01  2.1e-06  2.8e-02  3.9e-02  1.6e-01  1.4e-03  1.6e-01
 297  F 0   2.421e+06  -7e-10  0.99  1.0e-01  1.8e-06  2.1e-02  3.4e-02  1.7e-01  1.4e-03  1.7e-01
 298  F 0   2.421e+06  -3e-09  0.99  1.0e-01  1.8e-06  3.0e-02  5.1e-02  1.8e-01  1.4e-03  1.8e-01
 299  F 0   2.421e+06   2e-05  0.99  1.0e-01  3.8e-06  5.6e-02  9.4e-02  1.6e-01  1.4e-03  1.6e-01
 300  F 0   2.421e+06  -3e-05  0.99  1.0e-01  7.0e-06  1.0e-01  2.2e-01  1.7e-01  1.4e-03  1.7e-01
 301  F 0   2.424e+06  -9e-08  0.99  1.0e-01  2.9e-05  1.0e-01  4.3e-01  1.7e-01  1.6e-03  1.7e-01
 302  F 0   2.421e+06   2e-07  0.98  1.0e-01  1.9e-05  1.0e-01  4.1e-01  1.6e-01  1.7e-03  1.6e-01
 303  F 0   2.421e+06  -1e-06  0.99  1.0e-01  6.4e-06  1.0e-01  2.0e-01  1.7e-01  1.7e-03  1.7e-01
 304  F 0   2.421e+06  -2e-06  0.99  1.0e-01  3.1e-06  8.5e-02  1.3e-01  1.7e-01  1.5e-03  1.7e-01
 305  F 0   2.421e+06   6e-06  0.99  1.0e-01  2.3e-06  5.2e-02  6.4e-02  1.6e-01  1.4e-03  1.6e-01
 306  F 0   2.421e+06  -2e-05  0.99  1.0e-01  2.0e-06  6.8e-02  7.8e-02  2.0e-01  1.5e-03  2.0e-01
 307  F 0   2.421e+06  -7e-10  0.99  1.0e-01  2.0e-06  2.3e-02  3.7e-02  1.5e-01  1.4e-03  1.6e-01
 308  F 0   2.421e+06   6e-06  0.99  1.0e-01  2.0e-06  3.2e-02  4.4e-02  2.1e-01  1.5e-03  2.1e-01
 309  F 0   2.421e+06  -1e-09  0.99  1.0e-01  1.9e-06  2.8e-02  4.5e-02  1.9e-01  1.3e-03  1.9e-01
 310  F 0   2.421e+06   3e-07  0.99  1.0e-01  1.6e-06  2.9e-02  5.0e-02  1.9e-01  1.4e-03  1.9e-01
 311  F 0   2.421e+06   4e-08  0.99  1.0e-01  1.4e-06  2.9e-02  4.6e-02  1.9e-01  1.4e-03  1.9e-01
 312  T 0   2.421e+06  -1e-09  0.99  1.0e-01  5.2e-07  2.6e-02  3.5e-02  1.5e-01  1.4e-03  1.5e-01
 313  T 0   2.421e+06  -7e-10  0.99  1.0e-01  5.2e-07  2.2e-02  2.8e-02  1.6e-01  1.4e-03  1.6e-01
 314  T 0   2.421e+06  -3e-10  0.99  1.0e-01  5.0e-07  1.8e-02  2.5e-02  1.6e-01  1.4e-03  1.6e-01
 315  T 0   2.421e+06   6e-06  0.99  1.0e-01  4.8e-07  1.5e-02  2.3e-02  1.6e-01  1.1e-03  1.6e-01
 316  F 0   2.421e+06  -3e-10  0.99  1.0e-01  4.1e-07  1.5e-02  2.4e-02  1.6e-01  1.4e-03  1.6e-01
 317  T 0   2.421e+06  -2e-10  0.99  1.0e-01  4.9e-07  1.0e-02  2.2e-02  1.6e-01  1.4e-03  1.6e-01
 318  F 0   2.421e+06  -6e-10  0.99  1.0e-01  9.7e-07  2.2e-02  3.6e-02  1.7e-01  1.4e-03  1.7e-01
 319  F 0   2.421e+06  -1e-05  0.99  1.0e-01  5.4e-06  9.8e-02  1.3e-01  1.6e-01  1.4e-03  1.6e-01
 320  F 0   2.421e+06  -8e-06  0.99  1.0e-01  1.0e-05  1.0e-01  2.9e-01  1.6e-01  1.7e-03  1.6e-01
 321  F 0   2.424e+06  -1e-07  0.99  1.0e-01  3.3e-05  1.0e-01  4.8e-01  1.6e-01  1.4e-03  1.6e-01
 322  F 0   2.422e+06  -9e-06  0.98  1.0e-01  2.1e-05  1.0e-01  4.6e-01  1.6e-01  1.4e-03  1.6e-01
 323  F 0   2.422e+06  -1e-04  0.99  1.0e-01  1.7e-05  1.0e-01  2.7e-01  1.6e-01  2.2e-03  1.7e-01
 324  F 0   2.421e+06   8e-06  0.99  1.0e-01  7.7e-06  8.5e-02  2.1e-01  1.7e-01  2.4e-03  1.7e-01
 325  F 0   2.421e+06   4e-05  0.99  1.0e-01  5.3e-06  7.2e-02  1.2e-01  1.6e-01  1.7e-03  1.6e-01
 326  F 0   2.421e+06  -7e-09  0.99  1.0e-01  4.6e-06  6.6e-02  9.6e-02  1.7e-01  1.6e-03  1.7e-01
 327  F 0   2.421e+06   6e-06  0.99  1.0e-01  4.6e-06  6.5e-02  7.6e-02  1.8e-01  1.4e-03  1.8e-01
 328  F 0   2.421e+06   2e-06  0.99  1.0e-01  4.3e-06  6.1e-02  6.6e-02  1.9e-01  1.4e-03  1.9e-01
 329  F 0   2.421e+06  -9e-10  0.99  1.0e-01  1.1e-06  3.5e-02  4.2e-02  1.7e-01  1.4e-03  1.7e-01
 330  F 0   2.421e+06   6e-06  0.99  1.0e-01  1.1e-06  1.7e-02  3.2e-02  1.9e-01  1.6e-03  1.9e-01
 331  F 0   2.421e+06  -7e-10  0.99  1.0e-01  1.2e-06  2.3e-02  3.6e-02  1.5e-01  1.3e-03  1.5e-01
 332  F 0   2.421e+06  -9e-10  0.99  1.0e-01  1.3e-06  3.1e-02  4.2e-02  1.8e-01  1.4e-03  1.8e-01
 333  F 0   2.421e+06   2e-06  0.99  1.0e-01  1.4e-06  4.0e-02  5.0e-02  1.6e-01  1.1e-03  1.6e-01
 334  F 0   2.421e+06  -2e-09  0.99  1.0e-01  1.7e-06  5.1e-02  6.0e-02  1.8e-01  1.4e-03  1.8e-01
 335  F 0   2.421e+06  -3e-06  0.99  1.0e-01  2.0e-06  6.2e-02  6.9e-02  1.6e-01  1.3e-03  1.6e-01
 336  F 0   2.421e+06  -3e-07  0.99  1.0e-01  1.6e-06  6.1e-02  7.2e-02  1.6e-01  1.4e-03  1.6e-01
 337  F 0   2.421e+06  -3e-05  0.99  1.0e-01  2.2e-06  6.5e-02  8.9e-02  1.8e-01  1.4e-03  1.8e-01
 338  F 0   2.421e+06   5e-06  0.99  1.0e-01  1.1e-05  1.0e-01  2.1e-01  1.7e-01  1.1e-03  1.7e-01
 339  F 0   2.422e+06  -2e-05  0.99  1.0e-01  9.7e-06  1.0e-01  3.8e-01  1.6e-01  1.7e-03  1.6e-01
 340  F 0   2.424e+06   2e-05  0.99  1.0e-01  3.1e-05  1.0e-01  4.3e-01  1.6e-01  1.7e-03  1.6e-01
 341  F 0   2.421e+06   5e-05  0.98  1.0e-01  1.7e-05  1.0e-01  3.8e-01  1.6e-01  1.7e-03  1.7e-01
 342  F 0   2.421e+06  -2e-06  0.99  1.0e-01  1.1e-05  1.0e-01  2.0e-01  1.6e-01  1.9e-03  1.6e-01
 343  F 0   2.421e+06   4e-07  0.99  1.0e-01  6.6e-06  9.1e-02  1.5e-01  1.6e-01  1.5e-03  1.6e-01
 344  F 0   2.421e+06  -6e-09  0.99  1.0e-01  5.5e-06  6.4e-02  1.0e-01  2.3e-01  1.5e-03  2.3e-01
 345  F 0   2.421e+06  -1e-04  0.99  1.0e-01  5.0e-06  9.4e-02  1.3e-01  1.8e-01  2.6e-03  1.9e-01
 346  F 0   2.421e+06  -6e-07  0.99  1.0e-01  2.4e-06  4.0e-02  5.9e-02  2.0e-01  1.4e-03  2.0e-01
 347  F 0   2.421e+06   3e-06  0.99  1.0e-01  2.1e-06  3.9e-02  6.6e-02  2.1e-01  1.4e-03  2.2e-01
 348  F 0   2.421e+06   4e-06  0.99  1.0e-01  1.9e-06  4.9e-02  6.6e-02  1.6e-01  1.1e-03  1.6e-01
 349  F 0   2.421e+06  -3e-09  0.99  1.0e-01  1.8e-06  5.8e-02  7.0e-02  1.6e-01  1.4e-03  1.6e-01
 350  F 0   2.421e+06  -3e-05  0.99  1.0e-01  7.0e-07  6.0e-02  6.6e-02  1.6e-01  1.4e-03  1.6e-01
 351  F 0   2.421e+06  -4e-05  0.99  1.0e-01  1.1e-06  4.5e-02  5.4e-02  1.6e-01  1.4e-03  1.6e-01
 352  F 0   2.421e+06  -3e-05  0.99  1.0e-01  5.7e-07  4.0e-02  5.0e-02  2.0e-01  1.9e-03  2.0e-01
 353  T 0   2.420e+06   1e-06  0.99  1.0e-01  1.1e-06  2.4e-02  3.9e-02  1.5e-01  1.4e-03  1.6e-01
 354  T 0   2.420e+06   9e-10  0.99  1.0e-01  6.8e-07  1.5e-02  2.9e-02  1.6e-01  1.6e-03  1.6e-01
 355  T 0   2.420e+06   4e-06  0.99  1.0e-01  7.4e-07  1.9e-02  2.7e-02  1.6e-01  1.4e-03  1.6e-01
 356  F 0   2.420e+06  -4e-10  0.99  1.0e-01  6.2e-07  1.7e-02  2.2e-02  1.6e-01  1.4e-03  1.6e-01
 357  T 0   2.420e+06  -2e-10  0.99  1.0e-01  5.3e-07  1.5e-02  2.2e-02  1.6e-01  1.4e-03  1.6e-01
 358  T 0   2.420e+06  -2e-10  0.99  1.0e-01  4.4e-07  1.3e-02  2.1e-02  1.6e-01  1.6e-03  1.6e-01
 359  T 0   2.420e+06  -2e-10  0.99  1.0e-01  3.5e-07  1.1e-02  2.1e-02  2.0e-01  1.4e-03  2.0e-01
 360  T 0   2.420e+06  -2e-10  0.99  1.0e-01  3.5e-07  1.0e-02  2.0e-02  2.0e-01  1.4e-03  2.1e-01
 361  T 0   2.420e+06  -2e-10  0.99  1.0e-01  3.8e-07  9.8e-03  1.9e-02  1.5e-01  1.3e-03  1.5e-01
 362  T 0   2.420e+06  -1e-10  0.99  1.0e-01  4.0e-07  8.3e-03  1.7e-02  1.5e-01  1.3e-03  1.6e-01
 363  T 0   2.420e+06  -1e-10  0.99  1.0e-01  4.2e-07  7.0e-03  1.4e-02  1.7e-01  1.4e-03  1.7e-01
 364  T 0   2.420e+06  -8e-11  0.99  1.0e-01  4.3e-07  5.9e-03  1.2e-02  1.6e-01  1.3e-03  1.6e-01
 365  T 0   2.420e+06   8e-06  0.99  1.0e-01  4.3e-07  4.4e-03  1.0e-02  1.6e-01  1.1e-03  1.6e-01
 366  F 0   2.420e+06  -5e-11  0.99  1.0e-01  4.3e-07  4.1e-03  1.0e-02  2.2e-01  1.5e-03  2.2e-01
 367  F 0   2.420e+06  -5e-11  0.99  1.0e-01  4.1e-07  4.3e-03  9.7e-03  1.8e-01  1.3e-03  1.8e-01
 368  F 0   2.420e+06  -2e-10  0.99  1.0e-01  5.0e-07  6.0e-03  1.1e-02  1.5e-01  1.3e-03  1.6e-01
 369  T 0   2.420e+06   2e-05  0.99  1.0e-01  1.1e-06  1.2e-02  2.8e-02  1.6e-01  1.4e-03  1.6e-01
 370  F 0   2.421e+06  -1e-08  0.99  1.0e-01  4.7e-06  7.3e-02  1.5e-01  1.6e-01  1.7e-03  1.6e-01
 371  F 0   2.422e+06   7e-05  0.99  1.0e-01  2.1e-05  1.0e-01  3.5e-01  1.7e-01  1.6e-03  1.7e-01
 372  F 0   2.421e+06  -1e-05  0.99  1.0e-01  2.1e-05  1.0e-01  4.5e-01  1.6e-01  1.6e-03  1.6e-01
 373  F 0   2.422e+06   6e-06  0.99  1.0e-01  2.2e-05  1.0e-01  3.6e-01  1.6e-01  1.9e-03  1.6e-01
 374  F 0   2.421e+06  -8e-06  0.99  1.0e-01  1.3e-05  1.0e-01  3.6e-01  1.6e-01  1.6e-03  1.6e-01
 375  F 0   2.421e+06  -9e-09  0.99  1.0e-01  4.3e-06  9.0e-02  1.4e-01  1.6e-01  1.7e-03  1.6e-01
 376  F 0   2.421e+06   5e-06  0.99  1.0e-01  3.0e-06  3.5e-02  6.9e-02  1.6e-01  1.4e-03  1.6e-01
 377  F 0   2.421e+06   2e-06  0.99  1.0e-01  2.5e-06  3.3e-02  5.1e-02  1.6e-01  1.4e-03  1.6e-01
 378  F 0   2.421e+06  -1e-09  0.99  1.0e-01  2.0e-06  2.3e-02  4.7e-02  1.6e-01  1.5e-03  1.6e-01
 379  F 0   2.421e+06  -1e-09  0.99  1.0e-01  1.1e-06  3.0e-02  5.0e-02  1.6e-01  1.4e-03  1.6e-01
 380  F 0   2.421e+06  -4e-06  0.99  1.0e-01  9.8e-07  3.3e-02  5.0e-02  1.6e-01  1.5e-03  1.6e-01
 381  F 0   2.420e+06   6e-07  0.99  1.0e-01  1.3e-06  3.0e-02  4.8e-02  1.9e-01  1.4e-03  1.9e-01
 382  F 0   2.420e+06  -2e-06  0.99  1.0e-01  5.1e-07  2.5e-02  3.6e-02  2.4e-01  1.3e-03  2.4e-01
 383  F 0   2.420e+06  -4e-10  0.99  1.0e-01  4.6e-07  1.7e-02  2.8e-02  1.9e-01  1.3e-03  1.9e-01
 384  F 0   2.420e+06  -3e-10  0.99  1.0e-01  3.7e-07  1.3e-02  2.5e-02  1.8e-01  1.3e-03  1.9e-01
 385  F 0   2.420e+06  -3e-10  0.99  1.0e-01  3.6e-07  1.2e-02  2.3e-02  1.8e-01  1.4e-03  1.9e-01
 386  F 0   2.420e+06  -4e-10  0.99  1.0e-01  3.6e-07  8.8e-03  2.1e-02  1.9e-01  1.4e-03  2.0e-01
 387  T 0   2.420e+06   1e-05  0.99  1.0e-01  6.0e-07  9.9e-03  2.2e-02  1.9e-01  1.4e-03  1.9e-01
 388  F 0   2.420e+06  -2e-05  0.99  1.0e-01  1.1e-06  1.9e-02  3.9e-02  1.8e-01  1.4e-03  1.9e-01
 389  F 0   2.421e+06  -6e-09  0.99  1.0e-01  2.9e-06  4.0e-02  8.5e-02  1.9e-01  1.5e-03  1.9e-01
 390  F 0   2.421e+06   6e-07  0.99  1.0e-01  2.8e-06  6.7e-02  1.4e-01  1.9e-01  1.7e-03  1.9e-01
 391  F 0   2.421e+06  -1e-06  0.99  1.0e-01  6.4e-06  8.7e-02  1.6e-01  1.9e-01  1.6e-03  2.0e-01
 392  F 0   2.420e+06   3e-06  0.99  1.0e-01  1.5e-06  4.5e-02  1.0e-01  2.1e-01  1.7e-03  2.1e-01
 393  F 0   2.420e+06   1e-07  0.99  1.0e-01  4.8e-07  2.7e-02  3.7e-02  1.5e-01  1.6e-03  1.5e-01
 394  F 0   2.420e+06  -2e-10  0.99  1.0e-01  3.1e-07  8.6e-03  1.2e-02  1.5e-01  1.4e-03  1.5e-01
 395  F 0   2.420e+06  -6e-11  0.99  1.0e-01  2.6e-07  7.0e-03  1.1e-02  1.7e-01  1.5e-03  1.7e-01
 396  T 0   2.420e+06   1e-05  0.99  1.0e-01  2.5e-07  6.2e-03  9.6e-03  2.2e-01  1.1e-03  2.2e-01
 397  F 0   2.420e+06  -7e-11  0.99  1.0e-01  2.5e-07  7.7e-03  1.2e-02  2.0e-01  1.3e-03  2.0e-01
 398  F 0   2.420e+06   2e-06  0.99  1.0e-01  2.3e-07  7.0e-03  1.0e-02  1.5e-01  1.0e-03  1.5e-01
 399  T 0   2.420e+06   8e-06  0.99  1.0e-01  2.3e-07  6.2e-03  9.9e-03  1.9e-01  1.1e-03  1.9e-01
 400  F 0   2.420e+06  -5e-11  0.99  1.0e-01  2.4e-07  6.2e-03  1.0e-02  1.6e-01  1.3e-03  1.6e-01
 401  F 0   2.420e+06  -4e-06  0.99  1.0e-01  2.3e-07  4.4e-03  8.7e-03  1.7e-01  1.1e-03  1.7e-01
 402  F 0   2.420e+06  -7e-06  0.99  1.0e-01  2.3e-07  3.6e-03  8.6e-03  1.7e-01  1.1e-03  1.8e-01
 403  F 0   2.420e+06  -5e-06  0.99  1.0e-01  2.1e-07  3.7e-03  8.4e-03  2.0e-01  1.1e-03  2.0e-01
 404  F 0   2.420e+06  -1e-09  0.99  1.0e-01  2.6e-07  4.9e-03  9.8e-03  1.9e-01  1.4e-03  1.9e-01
 405  F 0   2.420e+06  -7e-11  0.99  1.0e-01  4.2e-07  5.6e-03  1.2e-02  2.0e-01  1.4e-03  2.0e-01
 406  F 0   2.420e+06  -5e-06  0.99  1.0e-01  1.2e-06  1.5e-02  3.1e-02  1.8e-01  1.3e-03  1.8e-01
 407  F 0   2.421e+06  -3e-09  0.99  1.0e-01  3.0e-06  4.0e-02  8.1e-02  1.7e-01  1.4e-03  1.8e-01
 408  F 0   2.421e+06  -1e-09  0.99  1.0e-01  3.3e-06  7.3e-02  1.4e-01  1.8e-01  1.5e-03  1.9e-01
 409  F 0   2.421e+06  -3e-06  0.99  1.0e-01  7.8e-06  1.0e-01  1.9e-01  1.6e-01  1.5e-03  1.6e-01
 410  F 0   2.421e+06  -3e-05  0.99  1.0e-01  2.0e-06  5.5e-02  1.3e-01  2.0e-01  1.6e-03  2.0e-01
 411  T 0   2.420e+06   1e-04  0.99  1.0e-01  8.5e-07  2.1e-02  4.1e-02  1.9e-01  1.7e-03  1.9e-01
 412  F 0   2.420e+06   6e-06  0.99  1.0e-01  6.0e-07  3.3e-02  3.8e-02  1.7e-01  1.4e-03  1.7e-01
 413  F 0   2.420e+06   3e-06  0.99  1.0e-01  3.1e-07  1.5e-02  1.7e-02  1.9e-01  1.1e-03  1.9e-01
 414  F 0   2.420e+06  -1e-10  0.99  1.0e-01  2.7e-07  1.2e-02  1.4e-02  1.7e-01  1.4e-03  1.7e-01
 415  F 0   2.420e+06  -7e-11  0.99  1.0e-01  2.4e-07  8.9e-03  1.1e-02  1.8e-01  1.4e-03  1.9e-01
 416  F 0   2.420e+06  -5e-11  0.99  1.0e-01  2.4e-07  6.5e-03  1.0e-02  1.5e-01  1.3e-03  1.5e-01
 417  F 0   2.420e+06  -5e-11  0.99  1.0e-01  2.6e-07  4.8e-03  9.9e-03  1.7e-01  1.3e-03  1.7e-01
 418  F 0   2.420e+06   2e-07  0.99  1.0e-01  2.8e-07  5.0e-03  9.1e-03  1.7e-01  1.1e-03  1.7e-01
 419  F 0   2.420e+06  -3e-06  0.99  1.0e-01  2.9e-07  5.1e-03  9.0e-03  2.2e-01  1.4e-03  2.2e-01
 420  F 0   2.420e+06  -7e-06  0.99  1.0e-01  3.0e-07  5.1e-03  9.5e-03  2.1e-01  1.1e-03  2.1e-01
 421  F 0   2.420e+06  -7e-11  0.99  1.0e-01  3.1e-07  4.3e-03  9.3e-03  1.8e-01  1.3e-03  1.9e-01
 422  F 0   2.420e+06   1e-06  0.99  1.0e-01  3.4e-07  4.7e-03  1.0e-02  1.7e-01  1.1e-03  1.7e-01
 423  F 0   2.420e+06  -3e-06  0.99  1.0e-01  3.4e-07  4.8e-03  1.0e-02  1.5e-01  1.1e-03  1.5e-01
 424  F 0   2.420e+06  -1e-10  0.99  1.0e-01  5.7e-07  8.1e-03  1.5e-02  1.5e-01  1.4e-03  1.6e-01
 425  F 0   2.420e+06  -1e-09  0.99  1.0e-01  1.7e-06  2.3e-02  4.0e-02  2.0e-01  1.4e-03  2.0e-01
 426  F 0   2.421e+06   7e-08  0.99  1.0e-01  5.0e-06  7.2e-02  1.4e-01  1.5e-01  1.4e-03  1.5e-01
 427  F 0   2.422e+06   4e-06  0.99  1.0e-01  1.4e-05  1.0e-01  3.4e-01  1.5e-01  1.5e-03  1.5e-01
 428  F 0   2.421e+06  -3e-06  0.99  1.0e-01  9.9e-06  1.0e-01  4.1e-01  1.7e-01  1.7e-03  1.7e-01
 429  F 0   2.421e+06  -3e-05  0.99  1.0e-01  1.1e-05  1.0e-01  3.2e-01  1.6e-01  1.6e-03  1.6e-01
 430  F 0   2.421e+06  -6e-06  0.99  1.0e-01  3.6e-06  8.4e-02  1.9e-01  1.6e-01  1.4e-03  1.6e-01
 431  F 0   2.421e+06  -8e-08  0.99  1.0e-01  2.0e-06  8.2e-02  9.6e-02  1.6e-01  1.6e-03  1.6e-01
 432  F 0   2.421e+06   7e-11  0.99  1.0e-01  1.8e-06  3.8e-02  5.3e-02  1.6e-01  1.6e-03  1.6e-01
 433  F 0   2.420e+06  -7e-06  0.99  1.0e-01  1.4e-06  3.8e-02  4.8e-02  1.6e-01  1.1e-03  1.6e-01
 434  F 0   2.420e+06   1e-06  0.99  1.0e-01  8.0e-07  3.9e-02  4.7e-02  1.6e-01  1.1e-03  1.6e-01
 435  F 0   2.420e+06  -9e-10  0.99  1.0e-01  6.0e-07  3.6e-02  4.1e-02  1.6e-01  1.4e-03  1.6e-01
 436  F 0   2.420e+06  -7e-10  0.99  1.0e-01  5.7e-07  3.4e-02  3.8e-02  1.6e-01  1.4e-03  1.6e-01
 437  F 0   2.420e+06  -5e-10  0.99  1.0e-01  4.7e-07  2.4e-02  3.1e-02  1.6e-01  1.4e-03  1.6e-01
 438  F 0   2.420e+06  -2e-09  0.99  1.0e-01  4.4e-07  1.4e-02  2.3e-02  1.6e-01  1.4e-03  1.6e-01
 439  F 0   2.420e+06   8e-06  0.99  1.0e-01  4.8e-07  1.3e-02  2.3e-02  1.6e-01  1.1e-03  1.6e-01
 440  F 0   2.420e+06   5e-07  0.99  1.0e-01  4.0e-07  1.8e-02  2.6e-02  1.6e-01  1.1e-03  1.7e-01
 441  F 0   2.420e+06   4e-07  0.99  1.0e-01  5.7e-07  2.4e-02  3.1e-02  1.6e-01  1.4e-03  1.6e-01
 442  F 0   2.420e+06  -2e-06  0.99  1.0e-01  6.9e-07  1.9e-02  3.0e-02  1.6e-01  1.4e-03  1.6e-01
 443  F 0   2.420e+06  -7e-06  0.99  1.0e-01  1.1e-06  3.3e-02  5.0e-02  1.6e-01  1.5e-03  1.6e-01
 444  F 0   2.420e+06  -3e-09  0.99  1.0e-01  2.2e-06  2.8e-02  7.3e-02  1.6e-01  1.4e-03  1.6e-01
 445  F 0   2.420e+06  -5e-09  0.99  1.0e-01  2.1e-06  4.7e-02  1.1e-01  1.6e-01  1.5e-03  1.6e-01
 446  F 0   2.420e+06  -2e-05  0.99  1.0e-01  1.9e-06  4.0e-02  9.4e-02  1.9e-01  1.4e-03  1.9e-01
 447  F 0   2.420e+06  -2e-05  0.99  1.0e-01  5.3e-07  1.8e-02  4.3e-02  1.9e-01  1.7e-03  2.0e-01
 448  F 0   2.420e+06   2e-07  0.99  1.0e-01  5.3e-07  3.3e-03  6.0e-03  1.9e-01  1.5e-03  2.0e-01
 449  F 0   2.420e+06  -2e-11  0.99  1.0e-01  5.1e-07  4.7e-03  6.5e-03  2.3e-01  1.4e-03  2.3e-01
 450  F 0   2.420e+06   5e-06  0.99  1.0e-01  5.1e-07  4.9e-03  6.8e-03  1.6e-01  1.1e-03  1.6e-01
 451  F 0   2.420e+06  -4e-11  0.99  1.0e-01  5.1e-07  6.8e-03  8.8e-03  1.8e-01  1.4e-03  1.8e-01
 452  F 0   2.420e+06  -2e-06  0.99  1.0e-01  5.3e-07  7.4e-03  9.7e-03  1.8e-01  1.1e-03  1.8e-01
 453  F 0   2.420e+06  -4e-06  0.99  1.0e-01  5.4e-07  7.9e-03  1.1e-02  1.6e-01  1.0e-03  1.6e-01
 454  F 0   2.420e+06  -2e-06  0.99  1.0e-01  5.5e-07  8.2e-03  1.2e-02  1.6e-01  1.1e-03  1.6e-01
 455  F 0   2.420e+06  -1e-05  0.99  1.0e-01  5.4e-07  8.1e-03  1.1e-02  1.6e-01  1.1e-03  1.6e-01
 456  F 0   2.420e+06  -7e-11  0.99  1.0e-01  5.6e-07  4.6e-03  9.6e-03  2.0e-01  1.4e-03  2.0e-01
 457  F 0   2.420e+06  -7e-11  0.99  1.0e-01  5.3e-07  6.1e-03  1.2e-02  1.5e-01  1.4e-03  1.5e-01
 458  F 0   2.420e+06  -7e-11  0.99  1.0e-01  6.1e-07  3.7e-03  1.2e-02  1.8e-01  1.4e-03  1.8e-01
 459  F 0   2.420e+06  -2e-10  0.99  1.0e-01  6.2e-07  9.5e-03  1.9e-02  1.6e-01  1.4e-03  1.6e-01
 460  F 0   2.420e+06  -3e-06  0.99  1.0e-01  1.7e-06  2.3e-02  4.2e-02  1.6e-01  1.4e-03  1.6e-01
 461  F 0   2.421e+06   5e-06  0.99  1.0e-01  4.4e-06  6.3e-02  1.2e-01  1.6e-01  1.1e-03  1.6e-01
 462  F 0   2.421e+06  -6e-05  0.99  1.0e-01  1.3e-05  1.0e-01  3.1e-01  1.6e-01  1.7e-03  1.6e-01
 463  F 0   2.421e+06   2e-06  0.99  1.0e-01  9.7e-06  1.0e-01  3.6e-01  1.6e-01  1.7e-03  1.7e-01
 464  F 0   2.421e+06   5e-05  0.99  1.0e-01  9.6e-06  1.0e-01  2.8e-01  1.6e-01  1.8e-03  1.6e-01
 465  F 0   2.421e+06  -1e-05  0.99  1.0e-01  2.4e-06  4.3e-02  1.2e-01  1.6e-01  1.4e-03  1.6e-01
 466  F 0   2.420e+06  -6e-09  0.99  1.0e-01  1.7e-06  5.9e-02  6.7e-02  1.5e-01  1.6e-03  1.5e-01
 467  F 0   2.420e+06   7e-06  0.99  1.0e-01  1.5e-06  4.0e-02  4.8e-02  1.6e-01  1.4e-03  1.6e-01
 468  F 0   2.420e+06   5e-06  0.99  1.0e-01  1.5e-06  4.5e-02  5.1e-02  1.6e-01  1.4e-03  1.6e-01
 469  F 0   2.420e+06  -1e-09  0.99  1.0e-01  7.0e-07  4.3e-02  4.8e-02  1.6e-01  1.4e-03  1.6e-01
 470  F 0   2.420e+06   3e-06  0.99  1.0e-01  5.8e-07  3.4e-02  3.9e-02  1.9e-01  1.3e-03  2.0e-01
 471  F 0   2.420e+06  -2e-07  0.99  1.0e-01  5.4e-07  3.0e-02  3.5e-02  1.6e-01  1.5e-03  1.6e-01
 472  F 0   2.420e+06  -4e-06  0.99  1.0e-01  4.9e-07  2.4e-02  3.0e-02  1.7e-01  1.4e-03  1.7e-01
 473  F 0   2.420e+06   3e-06  0.99  1.0e-01  4.6e-07  1.4e-02  2.0e-02  1.7e-01  1.5e-03  1.7e-01
 474  F 0   2.420e+06  -2e-10  0.99  1.0e-01  4.1e-07  1.2e-02  2.2e-02  1.6e-01  1.4e-03  1.6e-01
 475  F 0   2.420e+06  -2e-06  0.99  1.0e-01  4.2e-07  1.7e-02  2.5e-02  1.7e-01  1.1e-03  1.7e-01
 476  F 0   2.420e+06   3e-07  0.99  1.0e-01  3.5e-07  2.4e-02  3.0e-02  1.6e-01  1.4e-03  1.6e-01
 477  F 0   2.420e+06   6e-07  0.99  1.0e-01  5.0e-07  2.8e-02  3.5e-02  1.6e-01  1.4e-03  1.6e-01
 478  F 0   2.420e+06   1e-06  0.99  1.0e-01  6.0e-07  3.7e-02  4.5e-02  1.8e-01  1.4e-03  1.9e-01
 479  F 0   2.420e+06  -2e-05  0.99  1.0e-01  1.7e-06  2.2e-02  5.1e-02  1.5e-01  1.4e-03  1.6e-01
 480  F 0   2.421e+06  -2e-05  0.99  1.0e-01  4.1e-06  5.7e-02  1.4e-01  1.6e-01  1.4e-03  1.6e-01
 481  F 0   2.422e+06  -8e-07  0.99  1.0e-01  1.3e-05  1.0e-01  3.7e-01  1.7e-01  1.7e-03  1.7e-01
 482  F 0   2.421e+06  -7e-06  0.99  1.0e-01  9.7e-06  1.0e-01  4.0e-01  1.8e-01  1.6e-03  1.8e-01
 483  F 0   2.421e+06  -5e-08  0.99  1.0e-01  7.8e-06  1.0e-01  3.2e-01  1.8e-01  1.7e-03  1.8e-01
 484  F 0   2.420e+06   7e-06  0.99  1.0e-01  2.3e-06  6.5e-02  1.7e-01  1.9e-01  1.4e-03  1.9e-01
 485  F 0   2.420e+06   4e-05  0.99  1.0e-01  1.7e-06  8.3e-02  1.2e-01  1.5e-01  1.5e-03  1.5e-01
 486  F 0   2.420e+06   9e-06  0.99  1.0e-01  1.3e-06  5.7e-02  6.4e-02  1.5e-01  1.4e-03  1.5e-01
 487  F 0   2.420e+06  -3e-09  0.99  1.0e-01  1.2e-06  4.7e-02  5.3e-02  1.6e-01  1.4e-03  1.6e-01
 488  F 0   2.420e+06  -9e-10  0.99  1.0e-01  1.2e-06  3.8e-02  4.1e-02  1.6e-01  1.4e-03  1.6e-01
 489  F 0   2.420e+06  -6e-10  0.99  1.0e-01  1.3e-06  2.9e-02  3.5e-02  1.6e-01  1.5e-03  1.6e-01
 490  F 0   2.420e+06   3e-06  0.99  1.0e-01  1.3e-06  2.6e-02  3.4e-02  1.6e-01  1.4e-03  1.6e-01
 491  F 0   2.420e+06  -4e-07  0.99  1.0e-01  6.6e-07  2.4e-02  3.5e-02  1.5e-01  1.4e-03  1.6e-01
 492  F 0   2.420e+06   2e-07  0.99  1.0e-01  5.0e-07  1.6e-02  2.9e-02  1.6e-01  1.1e-03  1.6e-01
 493  F 0   2.420e+06  -2e-09  0.99  1.0e-01  5.7e-07  1.2e-02  2.6e-02  2.1e-01  1.4e-03  2.1e-01
 494  F 0   2.420e+06  -3e-08  0.99  1.0e-01  5.2e-07  1.6e-02  3.2e-02  1.7e-01  1.4e-03  1.7e-01
 495  F 0   2.420e+06   3e-07  0.99  1.0e-01  8.0e-07  1.3e-02  2.8e-02  2.0e-01  1.4e-03  2.0e-01
 496  F 0   2.420e+06  -9e-08  0.99  1.0e-01  1.1e-06  2.9e-02  5.5e-02  2.2e-01  1.4e-03  2.2e-01
 497  F 0   2.420e+06  -7e-06  0.99  1.0e-01  3.1e-06  5.2e-02  1.1e-01  2.3e-01  1.6e-03  2.4e-01
 498  F 0   2.421e+06   6e-06  0.99  1.0e-01  4.1e-06  1.0e-01  1.8e-01  2.2e-01  1.3e-03  2.2e-01
 499  F 0   2.421e+06  -4e-08  0.99  1.0e-01  8.1e-06  1.0e-01  2.9e-01  1.5e-01  1.6e-03  1.5e-01
 500  F 0   2.420e+06  -2e-08  0.99  1.0e-01  3.0e-06  8.9e-02  2.0e-01  1.5e-01  1.4e-03  1.5e-01
 501  F 0   2.420e+06   1e-08  0.99  1.0e-01  1.9e-06  3.4e-02  7.3e-02  1.6e-01  1.5e-03  1.7e-01
 502  F 0   2.420e+06  -4e-10  0.99  1.0e-01  1.3e-06  2.3e-02  2.8e-02  1.6e-01  1.8e-03  1.6e-01
 503  F 0   2.420e+06  -2e-10  0.99  1.0e-01  1.2e-06  1.5e-02  2.0e-02  1.7e-01  1.4e-03  1.7e-01
 504  T 0   2.420e+06  -2e-10  0.99  1.0e-01  1.1e-06  1.8e-02  2.2e-02  1.7e-01  1.4e-03  1.7e-01
 505  T 0   2.420e+06   6e-06  0.99  1.0e-01  9.7e-07  1.7e-02  2.2e-02  1.7e-01  1.7e-03  1.7e-01
 506  F 0   2.420e+06  -3e-10  0.99  1.0e-01  8.4e-07  1.9e-02  2.4e-02  1.6e-01  1.3e-03  1.6e-01
 507  T 0   2.420e+06   8e-06  0.99  1.0e-01  7.4e-07  1.6e-02  2.3e-02  1.6e-01  1.2e-03  1.6e-01
 508  F 0   2.420e+06   1e-06  0.99  1.0e-01  6.4e-07  1.4e-02  2.2e-02  1.7e-01  1.3e-03  1.7e-01
 509  T 0   2.420e+06  -3e-09  0.99  1.0e-01  4.8e-07  7.1e-03  1.6e-02  1.6e-01  1.4e-03  1.6e-01
 510  T 0   2.420e+06  -2e-10  0.99  1.0e-01  4.8e-07  6.2e-03  1.5e-02  1.9e-01  1.4e-03  1.9e-01
 511  T 0   2.420e+06  -1e-06  0.99  1.0e-01  4.7e-07  7.5e-03  1.8e-02  1.7e-01  1.4e-03  1.7e-01
 512  T 0   2.420e+06  -3e-06  0.99  1.0e-01  4.8e-07  8.3e-03  2.0e-02  2.1e-01  1.1e-03  2.1e-01
 513  T 0   2.420e+06   8e-06  0.99  1.0e-01  5.0e-07  9.6e-03  2.3e-02  1.5e-01  1.1e-03  1.5e-01
 514  F 0   2.420e+06   4e-10  0.99  1.0e-01  4.8e-07  9.9e-03  2.6e-02  1.5e-01  1.3e-03  1.5e-01
 515  T 0   2.420e+06  -5e-10  0.99  1.0e-01  5.8e-07  1.3e-02  3.1e-02  1.8e-01  1.4e-03  1.8e-01
 516  F 0   2.420e+06  -1e-05  0.99  1.0e-01  8.0e-07  1.3e-02  3.6e-02  1.6e-01  1.4e-03  1.6e-01
 517  T 0   2.420e+06   8e-06  0.99  1.0e-01  2.2e-06  4.2e-02  8.1e-02  1.6e-01  1.4e-03  1.6e-01
 518  F 0   2.421e+06  -2e-05  0.99  1.0e-01  8.8e-06  1.0e-01  2.8e-01  1.7e-01  1.7e-03  1.7e-01
 519  F 0   2.422e+06  -3e-06  0.99  1.0e-01  1.1e-05  1.0e-01  4.4e-01  2.0e-01  1.7e-03  2.0e-01
 520  F 0   2.424e+06  -2e-08  0.98  1.0e-01  3.0e-05  1.0e-01  5.4e-01  1.9e-01  1.8e-03  1.9e-01
 521  F 0   2.421e+06  -2e-05  0.98  1.0e-01  1.9e-05  1.0e-01  4.8e-01  1.6e-01  1.5e-03  1.6e-01
 522  F 0   2.421e+06  -2e-07  0.99  1.0e-01  1.0e-05  1.0e-01  2.7e-01  1.8e-01  1.6e-03  1.8e-01
 523  F 0   2.420e+06  -1e-05  0.99  1.0e-01  4.4e-06  1.0e-01  1.6e-01  1.8e-01  1.5e-03  1.9e-01
 524  F 0   2.420e+06  -2e-06  0.99  1.0e-01  4.4e-06  3.0e-02  5.5e-02  1.9e-01  1.4e-03  1.9e-01
 525  F 0   2.420e+06   5e-09  0.99  1.0e-01  3.8e-06  1.7e-02  3.2e-02  1.6e-01  1.3e-03  1.6e-01
 526  F 0   2.420e+06  -3e-10  0.99  1.0e-01  1.8e-06  1.2e-02  2.3e-02  1.6e-01  1.4e-03  1.6e-01
 527  F 0   2.420e+06   7e-08  0.99  1.0e-01  1.7e-06  9.5e-03  2.3e-02  1.7e-01  1.4e-03  1.7e-01
 528  F 0   2.420e+06  -7e-09  0.99  1.0e-01  1.6e-06  8.9e-03  2.2e-02  1.6e-01  1.4e-03  1.6e-01
 529  F 0   2.420e+06   6e-08  0.99  1.0e-01  1.2e-06  1.4e-02  2.7e-02  1.6e-01  1.4e-03  1.6e-01
 530  F 0   2.420e+06   4e-08  0.99  1.0e-01  1.1e-06  1.6e-02  2.9e-02  1.6e-01  1.4e-03  1.6e-01
 531  T 0   2.420e+06  -4e-09  0.99  1.0e-01  1.1e-06  1.9e-02  3.5e-02  1.6e-01  1.4e-03  1.6e-01
 532  T 0   2.420e+06   6e-09  0.99  1.0e-01  9.2e-07  1.6e-02  3.5e-02  2.0e-01  1.3e-03  2.0e-01
 533  T 0   2.420e+06   1e-05  0.99  1.0e-01  1.1e-06  3.4e-02  5.4e-02  1.8e-01  1.4e-03  1.8e-01
 534  F 0   2.420e+06   9e-06  0.99  1.0e-01  2.7e-06  3.7e-02  6.6e-02  2.1e-01  1.4e-03  2.1e-01
 535  F 0   2.420e+06   3e-06  0.99  1.0e-01  4.7e-06  1.0e-01  1.7e-01  1.7e-01  1.7e-03  1.7e-01
 536  F 0   2.421e+06  -6e-06  0.99  1.0e-01  9.9e-06  1.0e-01  2.8e-01  1.6e-01  1.8e-03  1.7e-01
 537  F 0   2.420e+06  -3e-08  0.99  1.0e-01  3.7e-06  1.0e-01  2.4e-01  1.6e-01  1.7e-03  1.6e-01
 538  F 0   2.420e+06  -2e-06  0.99  1.0e-01  3.8e-06  1.0e-01  1.9e-01  1.7e-01  1.6e-03  1.7e-01
 539  F 0   2.420e+06  -5e-05  0.99  1.0e-01  1.1e-06  6.1e-02  1.1e-01  1.6e-01  1.6e-03  1.7e-01
 540  T 0   2.420e+06   1e-07  0.99  1.0e-01  1.6e-06  3.0e-02  3.6e-02  1.7e-01  1.6e-03  1.7e-01
 541  T 0   2.420e+06   7e-07  0.99  1.0e-01  5.0e-07  1.5e-02  2.6e-02  1.7e-01  1.4e-03  1.8e-01
 542  T 0   2.420e+06  -1e-10  0.99  1.0e-01  6.3e-07  8.7e-03  1.4e-02  1.9e-01  1.5e-03  1.9e-01
 543  T 0   2.420e+06  -1e-10  0.99  1.0e-01  6.8e-07  7.4e-03  1.5e-02  1.6e-01  1.4e-03  1.6e-01
 544  T 0   2.420e+06  -1e-10  0.99  1.0e-01  7.1e-07  7.9e-03  1.6e-02  1.7e-01  1.4e-03  1.7e-01
 545  T 0   2.420e+06  -1e-10  0.99  1.0e-01  5.6e-07  8.0e-03  1.5e-02  1.6e-01  1.5e-03  1.6e-01
 546  T 0   2.420e+06  -8e-07  0.99  1.0e-01  6.0e-07  7.8e-03  1.5e-02  1.6e-01  1.1e-03  1.6e-01
 547  T 0   2.420e+06  -1e-10  0.99  1.0e-01  6.4e-07  7.5e-03  1.7e-02  1.7e-01  1.4e-03  1.7e-01
 548  T 0   2.420e+06  -2e-10  0.99  1.0e-01  6.8e-07  6.8e-03  1.8e-02  2.3e-01  1.4e-03  2.3e-01
 549  T 0   2.420e+06  -2e-10  0.99  1.0e-01  6.8e-07  7.5e-03  2.0e-02  2.0e-01  1.3e-03  2.0e-01
 550  T 0   2.420e+06  -3e-10  0.99  1.0e-01  6.8e-07  7.5e-03  2.1e-02  1.5e-01  1.3e-03  1.5e-01
 551  T 0   2.420e+06  -4e-08  0.99  1.0e-01  6.5e-07  1.8e-02  3.0e-02  2.1e-01  1.4e-03  2.1e-01
 552  T 0   2.420e+06  -9e-10  0.99  1.0e-01  9.3e-07  3.8e-02  4.6e-02  2.0e-01  1.5e-03  2.0e-01
 553  F 0   2.420e+06  -1e-06  0.99  1.0e-01  1.3e-06  1.0e-01  1.2e-01  1.6e-01  1.5e-03  1.6e-01
 554  F 0   2.420e+06   2e-08  0.99  1.0e-01  1.4e-06  1.0e-01  1.4e-01  1.6e-01  1.5e-03  1.6e-01
 555  F 0   2.420e+06   2e-08  0.99  1.0e-01  2.0e-06  1.0e-01  1.3e-01  1.6e-01  1.6e-03  1.6e-01
 556  F 0   2.420e+06  -2e-06  0.99  1.0e-01  2.2e-06  8.5e-02  1.2e-01  2.0e-01  1.5e-03  2.0e-01
 557  F 0   2.420e+06   2e-08  0.99  1.0e-01  4.1e-06  3.8e-02  1.0e-01  1.5e-01  1.6e-03  1.6e-01
 558  T 0   2.420e+06  -2e-06  0.99  1.0e-01  1.8e-06  4.6e-02  9.7e-02  1.9e-01  1.4e-03  1.9e-01
 559  T 0   2.420e+06   5e-06  0.99  1.0e-01  1.5e-06  3.2e-02  5.1e-02  1.6e-01  1.4e-03  1.6e-01
 560  F 0   2.420e+06  -7e-07  0.99  1.0e-01  4.3e-07  6.2e-03  1.3e-02  1.8e-01  1.1e-03  1.8e-01
 561  T 0   2.420e+06  -4e-11  0.99  1.0e-01  4.0e-07  5.8e-03  8.4e-03  1.7e-01  1.4e-03  1.7e-01
 562  F 0   2.420e+06  -7e-06  0.99  1.0e-01  4.1e-07  6.0e-03  8.5e-03  1.7e-01  1.1e-03  1.7e-01
 563  T 0   2.420e+06  -4e-11  0.99  1.0e-01  4.2e-07  6.4e-03  8.6e-03  1.7e-01  2.2e-03  1.7e-01
 564  F 0   2.420e+06  -8e-06  0.99  1.0e-01  4.2e-07  6.0e-03  9.4e-03  1.8e-01  1.1e-03  1.8e-01
 565  T 0   2.420e+06  -3e-09  0.99  1.0e-01  4.2e-07  6.5e-03  1.0e-02  1.7e-01  1.4e-03  1.7e-01
 566  F 0   2.420e+06  -4e-06  0.99  1.0e-01  4.2e-07  6.1e-03  1.1e-02  1.7e-01  1.2e-03  1.7e-01
 567  F 0   2.420e+06  -6e-06  0.99  1.0e-01  4.1e-07  6.6e-03  1.3e-02  1.7e-01  1.1e-03  1.7e-01
 568  T 0   2.420e+06   9e-10  0.99  1.0e-01  4.0e-07  6.8e-03  1.4e-02  1.7e-01  1.6e-03  1.7e-01
 569  F 0   2.420e+06  -5e-06  0.99  1.0e-01  4.0e-07  6.5e-03  1.6e-02  1.7e-01  1.2e-03  1.7e-01
 570  T 0   2.420e+06  -2e-06  0.99  1.0e-01  3.6e-07  7.8e-03  1.8e-02  1.6e-01  1.1e-03  1.7e-01
 571  T 0   2.420e+06  -2e-08  0.99  1.0e-01  3.8e-07  8.8e-03  1.9e-02  1.7e-01  1.6e-03  1.7e-01
 572  T 0   2.420e+06  -6e-08  0.99  1.0e-01  2.8e-07  1.1e-02  2.3e-02  1.7e-01  1.5e-03  1.7e-01
 573  T 0   2.420e+06   1e-09  0.99  1.0e-01  3.1e-07  1.1e-02  2.1e-02  1.7e-01  1.5e-03  1.8e-01
 574  T 0   2.420e+06  -4e-07  0.99  1.0e-01  5.3e-07  1.7e-02  3.0e-02  1.6e-01  1.4e-03  1.6e-01
 575  F 0   2.420e+06   1e-09  0.99  1.0e-01  1.1e-06  3.1e-02  5.1e-02  1.7e-01  1.6e-03  1.7e-01
 576  F 0   2.420e+06  -1e-05  0.99  1.0e-01  3.9e-06  1.0e-01  1.5e-01  1.6e-01  1.6e-03  1.6e-01
 577  F 0   2.421e+06  -1e-06  0.99  1.0e-01  1.4e-05  1.0e-01  2.9e-01  1.7e-01  1.9e-03  1.8e-01
 578  F 0   2.421e+06  -2e-05  0.99  1.0e-01  2.0e-05  1.0e-01  4.0e-01  1.7e-01  1.7e-03  1.7e-01
 579  F 0   2.424e+06   2e-05  0.98  1.0e-01  3.4e-05  1.0e-01  4.8e-01  1.7e-01  1.9e-03  1.7e-01
 580  F 0   2.422e+06  -1e-07  0.98  1.0e-01  2.1e-05  1.0e-01  4.6e-01  1.6e-01  1.7e-03  1.6e-01
 581  F 0   2.421e+06  -3e-06  0.98  1.0e-01  1.6e-05  1.0e-01  3.1e-01  1.7e-01  1.8e-03  1.7e-01
 582  F 0   2.420e+06  -4e-08  0.99  1.0e-01  7.5e-06  9.8e-02  1.7e-01  1.7e-01  1.7e-03  1.7e-01
 583  F 0   2.420e+06   2e-06  0.99  1.0e-01  6.7e-06  3.1e-02  5.6e-02  1.6e-01  1.5e-03  1.6e-01
 584  F 0   2.420e+06  -2e-07  0.99  1.0e-01  6.2e-06  1.9e-02  2.9e-02  1.6e-01  1.4e-03  1.6e-01
 585  F 0   2.420e+06  -3e-10  0.99  1.0e-01  6.0e-06  1.3e-02  2.5e-02  1.6e-01  1.4e-03  1.6e-01
 586  F 0   2.420e+06   1e-09  0.99  1.0e-01  6.0e-06  9.3e-03  2.3e-02  1.6e-01  1.4e-03  1.6e-01
 587  F 0   2.420e+06   8e-07  0.99  1.0e-01  5.8e-06  1.2e-02  2.6e-02  1.6e-01  1.4e-03  1.6e-01
 588  F 0   2.420e+06  -4e-10  0.99  1.0e-01  5.5e-06  1.4e-02  2.9e-02  1.6e-01  1.5e-03  1.6e-01
 589  F 0   2.420e+06  -5e-10  0.99  1.0e-01  5.2e-06  1.4e-02  3.2e-02  1.6e-01  1.5e-03  1.6e-01
 590  F 0   2.420e+06   6e-08  0.99  1.0e-01  4.8e-06  1.7e-02  3.4e-02  1.6e-01  1.4e-03  1.6e-01
 591  F 0   2.420e+06   3e-07  0.99  1.0e-01  4.5e-06  1.9e-02  3.6e-02  1.7e-01  1.4e-03  1.7e-01
 592  F 0   2.420e+06  -3e-09  0.99  1.0e-01  5.0e-07  1.7e-02  3.1e-02  1.6e-01  1.5e-03  1.7e-01
 593  F 0   2.420e+06   5e-06  0.99  1.0e-01  3.9e-07  8.9e-03  2.4e-02  1.6e-01  1.4e-03  1.6e-01
 594  F 0   2.420e+06  -8e-10  0.99  1.0e-01  5.2e-07  2.8e-02  3.9e-02  1.6e-01  1.4e-03  1.6e-01
 595  F 0   2.420e+06   4e-09  0.99  1.0e-01  9.1e-07  3.0e-02  4.3e-02  1.6e-01  1.4e-03  1.6e-01
 596  F 0   2.420e+06  -1e-06  0.99  1.0e-01  1.9e-06  8.9e-02  1.0e-01  1.6e-01  1.4e-03  1.6e-01
 597  F 0   2.420e+06   1e-06  0.99  1.0e-01  4.1e-06  1.0e-01  1.2e-01  1.7e-01  1.6e-03  1.8e-01
 598  F 0   2.420e+06  -6e-06  0.99  1.0e-01  2.1e-06  1.0e-01  1.4e-01  1.7e-01  1.9e-03  1.7e-01
 599  F 0   2.420e+06   2e-07  0.99  1.0e-01  2.8e-06  6.1e-02  9.2e-02  1.9e-01  1.5e-03  1.9e-01
 600  T 0   2.420e+06   5e-07  0.99  1.0e-01  3.3e-07  2.0e-02  3.5e-02  1.7e-01  1.4e-03  1.7e-01
 601  T 0   2.420e+06  -1e-09  0.99  1.0e-01  3.4e-07  2.6e-03  5.5e-03  1.8e-01  1.4e-03  1.8e-01
 602  T 0   2.420e+06   3e-06  0.99  1.0e-01  3.0e-07  2.7e-03  5.4e-03  1.7e-01  1.1e-03  1.7e-01
 603  T 0   2.420e+06   3e-06  0.99  1.0e-01  3.0e-07  2.6e-03  5.9e-03  1.6e-01  1.1e-03  1.6e-01
 604  T 0   2.420e+06   3e-06  0.99  1.0e-01  3.1e-07  2.8e-03  6.0e-03  1.8e-01  1.1e-03  1.8e-01
 605  F 0   2.420e+06  -1e-07  0.99  1.0e-01  3.1e-07  3.2e-03  6.4e-03  1.7e-01  1.0e-03  1.7e-01
 606  F 0   2.420e+06  -5e-06  0.99  1.0e-01  3.0e-07  3.7e-03  7.3e-03  1.7e-01  1.1e-03  1.7e-01
 607  T 0   2.420e+06  -4e-11  0.99  1.0e-01  3.0e-07  3.9e-03  7.9e-03  1.6e-01  1.5e-03  1.6e-01
 608  F 0   2.420e+06  -3e-06  0.99  1.0e-01  2.8e-07  4.5e-03  9.1e-03  1.7e-01  1.1e-03  1.7e-01
 609  T 0   2.420e+06  -2e-06  0.99  1.0e-01  2.7e-07  5.1e-03  1.1e-02  1.6e-01  1.1e-03  1.6e-01
 610  F 0   2.420e+06  -8e-06  0.99  1.0e-01  2.5e-07  5.8e-03  1.2e-02  1.7e-01  1.1e-03  1.7e-01
 611  T 0   2.420e+06  -2e-06  0.99  1.0e-01  2.4e-07  6.5e-03  1.4e-02  1.6e-01  1.1e-03  1.6e-01
 612  T 0   2.420e+06   2e-09  0.99  1.0e-01  1.9e-07  5.8e-03  1.2e-02  1.8e-01  1.4e-03  1.9e-01
 613  T 0   2.420e+06  -3e-10  0.99  1.0e-01  3.4e-07  1.8e-02  2.6e-02  1.5e-01  1.4e-03  1.5e-01
 614  F 0   2.420e+06   3e-06  0.99  1.0e-01  7.1e-07  4.6e-02  5.5e-02  1.6e-01  1.4e-03  1.6e-01
 615  F 0   2.420e+06   8e-08  0.99  1.0e-01  2.2e-06  1.0e-01  1.4e-01  1.6e-01  1.6e-03  1.6e-01
 616  F 0   2.420e+06   1e-05  0.99  1.0e-01  6.1e-06  1.0e-01  2.4e-01  1.7e-01  1.7e-03  1.7e-01
 617  F 0   2.420e+06  -7e-06  0.99  1.0e-01  3.6e-06  1.0e-01  2.5e-01  1.6e-01  1.5e-03  1.6e-01
 618  F 0   2.420e+06   1e-06  0.99  1.0e-01  5.4e-06  1.0e-01  2.1e-01  1.7e-01  1.7e-03  1.7e-01
 619  F 0   2.420e+06  -7e-06  0.99  1.0e-01  5.8e-07  1.0e-01  1.2e-01  1.8e-01  1.4e-03  1.8e-01
 620  F 0   2.420e+06  -2e-09  0.99  1.0e-01  4.4e-07  7.5e-03  1.2e-02  1.6e-01  1.4e-03  1.6e-01
 621  F 0   2.420e+06  -4e-06  0.99  1.0e-01  3.6e-07  4.3e-03  6.7e-03  1.6e-01  1.1e-03  1.6e-01
 622  F 0   2.420e+06  -7e-06  0.99  1.0e-01  3.6e-07  3.6e-03  5.7e-03  2.2e-01  1.1e-03  2.2e-01
 623  F 0   2.420e+06  -2e-11  0.99  1.0e-01  3.7e-07  3.5e-03  5.6e-03  2.5e-01  1.5e-03  2.6e-01
 624  T 0   2.420e+06   4e-06  0.99  1.0e-01  3.6e-07  3.4e-03  5.7e-03  2.1e-01  1.1e-03  2.1e-01
 625  F 0   2.420e+06  -2e-11  0.99  1.0e-01  3.5e-07  3.2e-03  6.7e-03  2.3e-01  1.4e-03  2.3e-01
 626  F 0   2.420e+06  -2e-06  0.99  1.0e-01  3.5e-07  3.3e-03  7.4e-03  2.1e-01  1.1e-03  2.1e-01
 627  F 0   2.420e+06  -1e-06  0.99  1.0e-01  1.9e-07  3.8e-03  7.9e-03  2.0e-01  1.1e-03  2.0e-01
 628  F 0   2.420e+06  -5e-06  0.99  1.0e-01  1.7e-07  4.4e-03  8.3e-03  1.9e-01  1.0e-03  1.9e-01
 629  F 0   2.420e+06  -7e-06  0.99  1.0e-01  1.6e-07  5.0e-03  9.2e-03  1.9e-01  1.1e-03  1.9e-01
 630  T 0   2.420e+06  -5e-11  0.99  1.0e-01  1.4e-07  4.2e-03  8.1e-03  2.3e-01  1.4e-03  2.4e-01
 631  T 0   2.420e+06  -3e-07  0.99  1.0e-01  1.9e-07  4.6e-03  9.1e-03  2.0e-01  1.1e-03  2.1e-01
 632  T 0   2.420e+06  -7e-11  0.99  1.0e-01  1.3e-07  3.1e-03  7.7e-03  1.6e-01  1.4e-03  1.6e-01
 633  F 0   2.420e+06  -2e-10  0.99  1.0e-01  5.4e-07  1.2e-02  1.9e-02  1.7e-01  1.4e-03  1.7e-01
 634  F 0   2.420e+06  -1e-05  0.99  1.0e-01  1.8e-06  3.8e-02  5.1e-02  1.7e-01  1.4e-03  1.7e-01
 635  F 0   2.420e+06  -4e-09  0.99  1.0e-01  5.1e-06  1.0e-01  1.6e-01  1.7e-01  1.6e-03  1.7e-01
 636  F 0   2.421e+06  -4e-06  0.99  1.0e-01  1.1e-05  1.0e-01  3.1e-01  1.6e-01  1.7e-03  1.6e-01
 637  F 0   2.420e+06  -1e-06  0.99  1.0e-01  7.8e-06  1.0e-01  3.3e-01  1.6e-01  1.6e-03  1.6e-01
 638  F 0   2.420e+06  -4e-08  0.99  1.0e-01  7.1e-06  1.0e-01  2.9e-01  1.4e-01  1.2e-03  1.4e-01
 639  F 0   2.420e+06  -3e-08  0.99  1.0e-01  1.2e-06  5.1e-02  1.0e-01  1.5e-01  1.3e-03  1.5e-01
 640  F 0   2.420e+06   2e-06  0.99  1.0e-01  5.7e-07  2.3e-02  3.1e-02  2.2e-01  1.5e-03  2.3e-01
 641  F 0   2.420e+06   1e-08  0.99  1.0e-01  4.6e-07  7.6e-03  1.4e-02  2.2e-01  1.4e-03  2.2e-01
 642  F 0   2.420e+06  -3e-06  0.99  1.0e-01  4.5e-07  6.0e-03  1.1e-02  1.8e-01  1.2e-03  1.8e-01
 643  F 0   2.420e+06   2e-06  0.99  1.0e-01  4.3e-07  6.0e-03  1.0e-02  1.9e-01  1.1e-03  1.9e-01
 644  F 0   2.420e+06  -5e-11  0.99  1.0e-01  4.0e-07  6.5e-03  1.0e-02  1.4e-01  1.3e-03  1.4e-01
 645  F 0   2.420e+06   7e-06  0.99  1.0e-01  3.9e-07  6.2e-03  1.0e-02  1.4e-01  1.0e-03  1.4e-01
 646  F 0   2.420e+06  -7e-11  0.99  1.0e-01  3.5e-07  6.5e-03  1.1e-02  1.6e-01  1.3e-03  1.6e-01
 647  F 0   2.420e+06   6e-06  0.99  1.0e-01  3.5e-07  5.9e-03  1.2e-02  1.4e-01  1.0e-03  1.4e-01
 648  F 0   2.420e+06   1e-06  0.99  1.0e-01  3.2e-07  6.2e-03  1.2e-02  1.5e-01  9.9e-04  1.5e-01
 649  F 0   2.420e+06  -1e-10  0.99  1.0e-01  3.4e-07  8.0e-03  1.5e-02  1.5e-01  1.3e-03  1.5e-01
 650  F 0   2.420e+06   6e-09  0.99  1.0e-01  3.0e-07  7.4e-03  1.4e-02  1.5e-01  1.3e-03  1.5e-01
 651  F 0   2.420e+06  -4e-08  0.99  1.0e-01  6.4e-07  1.5e-02  2.7e-02  1.4e-01  1.3e-03  1.4e-01
 652  F 0   2.420e+06  -7e-06  0.99  1.0e-01  1.3e-06  2.1e-02  3.9e-02  1.4e-01  1.2e-03  1.4e-01
 653  F 0   2.420e+06   7e-06  0.99  1.0e-01  1.6e-06  3.4e-02  7.2e-02  1.6e-01  1.3e-03  1.6e-01
 654  F 0   2.420e+06   9e-07  0.99  1.0e-01  1.7e-06  7.0e-02  1.2e-01  1.5e-01  1.4e-03  1.5e-01
 655  F 0   2.420e+06   2e-09  0.99  1.0e-01  1.2e-06  1.0e-01  1.3e-01  1.5e-01  1.5e-03  1.6e-01
 656  F 0   2.420e+06   9e-07  0.99  1.0e-01  7.0e-07  7.6e-02  8.6e-02  1.7e-01  1.5e-03  1.7e-01
 657  T 0   2.420e+06   3e-06  0.99  1.0e-01  3.0e-07  2.3e-02  2.7e-02  2.1e-01  1.4e-03  2.2e-01
 658  F 0   2.420e+06  -3e-08  0.99  1.0e-01  1.3e-07  3.3e-03  4.6e-03  2.2e-01  1.4e-03  2.2e-01
 659  F 0   2.420e+06  -9e-06  0.99  1.0e-01  1.4e-07  3.8e-03  4.5e-03  2.5e-01  1.1e-03  2.5e-01
 660  F 0   2.420e+06  -1e-11  0.99  1.0e-01  1.6e-07  2.7e-03  3.5e-03  2.0e-01  1.4e-03  2.0e-01
 661  F 0   2.420e+06   1e-06  0.99  1.0e-01  9.5e-08  3.1e-03  3.5e-03  2.0e-01  1.1e-03  2.0e-01
 662  T 0   2.420e+06   4e-06  0.99  1.0e-01  9.1e-08  3.5e-03  4.0e-03  2.4e-01  1.2e-03  2.4e-01
 663  F 0   2.420e+06   3e-06  0.99  1.0e-01  8.8e-08  3.9e-03  4.3e-03  2.2e-01  1.1e-03  2.2e-01
 664  F 0   2.420e+06   1e-06  0.99  1.0e-01  8.2e-08  4.2e-03  4.7e-03  1.9e-01  8.5e-03  2.0e-01
 665  F 0   2.420e+06  -1e-06  0.99  1.0e-01  8.3e-08  4.5e-03  5.2e-03  1.6e-01  1.1e-03  1.6e-01
 666  F 0   2.420e+06  -5e-06  0.99  1.0e-01  8.5e-08  4.8e-03  5.5e-03  1.8e-01  1.1e-03  1.8e-01
 667  F 0   2.420e+06  -1e-05  0.99  1.0e-01  8.7e-08  4.9e-03  5.8e-03  1.7e-01  1.1e-03  1.7e-01
 668  F 0   2.420e+06  -3e-11  0.99  1.0e-01  9.7e-08  3.0e-03  4.5e-03  1.6e-01  1.4e-03  1.6e-01
 669  F 0   2.420e+06   2e-06  0.99  1.0e-01  9.4e-08  2.9e-03  4.4e-03  1.8e-01  1.2e-03  1.8e-01
 670  T 0   2.420e+06   8e-06  0.99  1.0e-01  1.0e-07  2.8e-03  4.8e-03  1.7e-01  1.1e-03  1.7e-01
 671  F 0   2.420e+06   3e-06  0.99  1.0e-01  8.4e-08  1.8e-03  4.5e-03  1.9e-01  1.1e-03  1.9e-01
 672  F 0   2.420e+06  -3e-11  0.99  1.0e-01  1.3e-07  4.0e-03  7.9e-03  1.8e-01  1.5e-03  1.8e-01
 673  F 0   2.420e+06   3e-10  0.99  1.0e-01  2.6e-07  4.5e-03  1.1e-02  1.6e-01  1.4e-03  1.6e-01
 674  F 0   2.420e+06  -2e-10  0.99  1.0e-01  3.8e-07  1.2e-02  2.2e-02  1.6e-01  1.4e-03  1.6e-01
 675  F 0   2.420e+06  -1e-08  0.99  1.0e-01  3.9e-07  1.5e-02  2.7e-02  1.6e-01  1.4e-03  1.6e-01
 676  F 0   2.420e+06  -2e-10  0.99  1.0e-01  1.2e-07  1.1e-02  1.8e-02  1.6e-01  1.4e-03  1.6e-01
 677  F 0   2.420e+06  -3e-06  0.99  1.0e-01  7.4e-08  2.3e-03  4.9e-03  1.6e-01  1.1e-03  1.6e-01
 678  F 0   2.420e+06  -7e-06  0.99  1.0e-01  7.2e-08  1.2e-03  1.8e-03  1.7e-01  1.1e-03  1.7e-01
 679  F 0   2.420e+06  -6e-12  0.99  1.0e-01  7.6e-08  1.1e-03  2.0e-03  1.6e-01  1.4e-03  1.6e-01
 680  F 0   2.420e+06   6e-06  0.99  1.0e-01  7.3e-08  1.3e-03  2.0e-03  1.7e-01  1.1e-03  1.7e-01
 681  F 0   2.420e+06  -3e-12  0.99  1.0e-01  6.1e-08  1.8e-03  2.5e-03  1.6e-01  1.4e-03  1.6e-01
 682  F 0   2.420e+06  -4e-06  0.99  1.0e-01  5.7e-08  2.0e-03  2.7e-03  1.6e-01  1.1e-03  1.6e-01
 683  F 0   2.420e+06  -8e-06  0.99  1.0e-01  5.2e-08  2.2e-03  3.0e-03  1.7e-01  1.2e-03  1.7e-01
 684  F 0   2.420e+06  -8e-12  0.99  1.0e-01  5.3e-08  1.9e-03  3.0e-03  1.6e-01  1.4e-03  1.7e-01
 685  F 0   2.420e+06   7e-06  0.99  1.0e-01  5.3e-08  2.0e-03  3.1e-03  1.9e-01  1.1e-03  1.9e-01
 686  F 0   2.420e+06  -7e-12  0.99  1.0e-01  4.8e-08  2.6e-03  3.7e-03  1.6e-01  1.4e-03  1.6e-01
 687  F 0   2.420e+06  -3e-06  0.99  1.0e-01  5.1e-08  2.5e-03  3.8e-03  1.6e-01  1.1e-03  1.7e-01
 688  F 0   2.420e+06  -6e-06  0.99  1.0e-01  4.7e-08  2.4e-03  3.8e-03  1.6e-01  1.1e-03  1.6e-01
 689  F 0   2.420e+06  -6e-06  0.99  1.0e-01  5.6e-08  2.1e-03  4.0e-03  1.6e-01  1.1e-03  1.6e-01
 690  F 0   2.420e+06  -1e-11  0.99  1.0e-01  5.2e-08  1.6e-03  3.6e-03  1.6e-01  1.4e-03  1.6e-01
 691  F 0   2.420e+06  -2e-11  0.99  1.0e-01  1.0e-07  2.9e-03  6.1e-03  1.6e-01  1.4e-03  1.6e-01
 692  F 0   2.420e+06   4e-09  0.99  1.0e-01  2.5e-07  6.4e-03  1.2e-02  1.8e-01  1.4e-03  1.8e-01
 693  F 0   2.420e+06   5e-06  0.99  1.0e-01  7.3e-07  2.0e-02  3.6e-02  2.0e-01  1.4e-03  2.0e-01
 694  F 0   2.420e+06  -1e-07  0.99  1.0e-01  1.1e-06  3.9e-02  6.8e-02  1.9e-01  1.6e-03  2.0e-01
 695  F 0   2.420e+06  -1e-06  0.99  1.0e-01  1.1e-06  4.1e-02  7.8e-02  1.9e-01  1.5e-03  1.9e-01
 696  F 0   2.420e+06  -1e-08  0.99  1.0e-01  4.3e-07  2.7e-02  5.0e-02  1.5e-01  1.5e-03  1.6e-01
 697  F 0   2.420e+06   3e-06  0.99  1.0e-01  5.3e-08  7.2e-03  1.2e-02  1.6e-01  1.4e-03  1.6e-01
 698  F 0   2.420e+06  -1e-11  0.99  1.0e-01  6.1e-08  9.8e-04  1.8e-03  1.6e-01  1.4e-03  1.6e-01
Termination on Convergence criteria
Total number of system evaluations: 699
