   k  l     Obj         Vio    Bou   ML       |KKT|    |dX|     ||dX||   T_s      T_o      T_t
   0  T 0   9.457e+07  -9e+00  1.00  1.0e-01  0.0e+00  1.0e+00  1.0e+00  3.0e-01  0.0e+00  0.0e+00
   1  T 0   8.219e+07  -8e+00  0.12  1.0e-01  6.7e-04  1.0e-01  5.6e+00  1.6e-01  6.0e-03  1.7e-01
   2  T 0   7.132e+07  -7e+00  0.13  1.0e-01  6.7e-04  1.0e-01  5.6e+00  1.6e-01  8.7e-04  1.6e-01
   3  T 0   6.196e+07  -6e+00  0.11  1.0e-01  6.8e-04  1.0e-01  5.5e+00  1.4e-01  8.7e-04  1.4e-01
   4  T 0   5.408e+07  -6e+00  0.10  1.0e-01  7.0e-04  1.0e-01  5.4e+00  1.4e-01  8.7e-04  1.4e-01
   5  T 0   4.731e+07  -5e+00  0.09  1.0e-01  7.2e-04  1.0e-01  5.3e+00  1.4e-01  8.8e-04  1.4e-01
   6  T 0   4.059e+07  -4e+00  0.09  1.0e-01  7.0e-04  1.0e-01  5.2e+00  1.4e-01  8.8e-04  1.4e-01
   7  T 0   3.292e+07  -4e+00  0.11  1.0e-01  6.8e-04  1.0e-01  5.6e+00  1.4e-01  9.0e-04  1.4e-01
   8  T 0   2.540e+07  -3e+00  0.12  1.0e-01  7.2e-04  1.0e-01  5.6e+00  1.5e-01  8.9e-04  1.5e-01
   9  T 0   1.931e+07  -2e+00  0.13  1.0e-01  1.3e-03  1.0e-01  5.5e+00  1.6e-01  8.5e-04  1.6e-01
  10  T 0   1.351e+07  -2e+00  0.41  1.0e-01  6.4e-04  1.0e-01  5.0e+00  1.6e-01  8.8e-04  1.6e-01
  11  T 0   1.013e+07  -2e+00  0.52  1.0e-01  1.9e-03  1.0e-01  4.4e+00  2.2e-01  9.5e-04  2.2e-01
  12  T 0   7.683e+06  -1e+00  0.71  1.0e-01  9.2e-03  1.0e-01  4.0e+00  1.6e-01  9.9e-04  1.6e-01
  13  T 0   6.628e+06  -1e+00  0.70  1.0e-01  4.7e-03  1.0e-01  3.4e+00  1.6e-01  9.8e-04  1.6e-01
  14  T 0   5.693e+06  -8e-01  0.76  1.0e-01  4.7e-03  1.0e-01  2.9e+00  1.9e-01  9.9e-04  1.9e-01
  15  T 0   5.235e+06  -7e-01  0.76  1.0e-01  7.3e-03  1.0e-01  3.1e+00  1.6e-01  9.6e-04  1.6e-01
  16  T 0   4.698e+06  -6e-01  0.79  1.0e-01  1.3e-03  1.0e-01  2.3e+00  1.9e-01  9.5e-04  1.9e-01
  17  T 0   4.604e+06  -6e-01  0.78  1.0e-01  4.1e-03  1.0e-01  1.4e+00  2.2e-01  9.5e-04  2.2e-01
  18  T 0   4.378e+06  -6e-01  0.78  1.0e-01  5.3e-04  1.0e-01  8.3e-01  2.0e-01  1.0e-03  2.0e-01
  19  T 0   4.144e+06  -5e-01  0.80  1.0e-01  1.9e-03  8.7e-02  7.3e-01  2.0e-01  9.3e-04  2.0e-01
  20  T 0   3.764e+06  -4e-01  0.86  1.0e-01  4.8e-03  1.0e-01  2.4e+00  1.8e-01  9.2e-04  1.8e-01
  21  T 0   3.567e+06  -3e-01  0.86  1.0e-01  1.1e-03  1.0e-01  2.3e+00  1.8e-01  1.0e-03  1.8e-01
  22  T 0   3.343e+06  -3e-01  0.85  1.0e-01  7.8e-04  1.0e-01  1.7e+00  1.7e-01  1.4e-03  1.7e-01
  23  T 0   3.190e+06  -2e-01  0.86  1.0e-01  2.2e-03  1.0e-01  1.5e+00  1.6e-01  9.6e-04  1.6e-01
  24  T 0   3.055e+06  -2e-01  0.87  1.0e-01  9.2e-04  1.0e-01  1.3e+00  1.7e-01  9.9e-04  1.7e-01
  25  T 0   2.979e+06  -2e-01  0.88  1.0e-01  4.3e-04  1.0e-01  1.1e+00  2.1e-01  9.8e-04  2.1e-01
  26  T 0   2.884e+06  -1e-01  0.89  1.0e-01  1.4e-03  1.0e-01  1.1e+00  1.6e-01  1.0e-03  1.7e-01
  27  T 0   2.873e+06  -1e-01  0.88  1.0e-01  2.8e-04  1.0e-01  5.8e-01  1.9e-01  9.7e-04  2.0e-01
  28  T 0   2.774e+06  -1e-01  0.90  1.0e-01  6.0e-04  9.5e-02  6.3e-01  1.9e-01  1.0e-03  1.9e-01
  29  T 0   2.732e+06  -1e-01  0.91  1.0e-01  1.4e-03  1.0e-01  5.6e-01  1.7e-01  9.2e-04  1.7e-01
  30  T 0   2.646e+06  -4e-02  0.92  1.0e-01  3.5e-03  1.0e-01  1.7e+00  1.8e-01  9.8e-04  1.8e-01
  31  F 0   2.646e+06  -4e-02  0.92  1.0e-01  3.5e-03  0.0e+00  0.0e+00  2.0e-01  1.6e-03  2.0e-01
  31  F 1   2.646e+06  -4e-02  0.92  1.0e-01  3.5e-03  0.0e+00  0.0e+00  2.1e-01  1.3e-03  2.1e-01
  31  F 2   2.646e+06  -4e-02  0.92  1.0e-01  3.5e-03  0.0e+00  0.0e+00  1.6e-01  7.7e-04  1.6e-01
  31  T 3   2.611e+06  -2e-02  0.92  1.0e-01  6.3e-04  1.0e-01  1.1e+00  1.9e-01  7.9e-04  2.0e-01
  32  T 0   2.565e+06  -1e-02  0.92  1.0e-01  1.9e-04  1.0e-01  8.0e-01  1.9e-01  9.5e-04  1.9e-01
  33  T 0   2.529e+06  -6e-03  0.93  1.0e-01  2.1e-04  7.3e-02  4.7e-01  1.6e-01  9.5e-04  1.6e-01
  34  T 0   2.509e+06   2e-06  0.94  1.0e-01  2.9e-04  6.8e-02  3.2e-01  1.8e-01  1.3e-03  1.8e-01
  35  T 0   2.466e+06  -5e-05  0.96  1.0e-01  9.9e-05  1.0e-01  1.3e+00  1.6e-01  1.8e-03  1.6e-01
  36  T 0   2.454e+06  -6e-05  0.97  1.0e-01  1.3e-04  1.0e-01  1.1e+00  2.1e-01  2.1e-03  2.1e-01
  37  T 0   2.452e+06  -3e-06  0.98  1.0e-01  1.3e-04  1.0e-01  7.2e-01  1.6e-01  1.5e-03  1.6e-01
  38  T 0   2.448e+06  -2e-07  0.97  1.0e-01  1.2e-04  1.0e-01  4.8e-01  1.9e-01  1.3e-03  1.9e-01
  39  T 0   2.444e+06   7e-06  0.98  1.0e-01  1.1e-04  9.3e-02  2.5e-01  1.8e-01  1.3e-03  1.8e-01
  40  T 0   2.443e+06  -3e-06  0.98  1.0e-01  3.3e-05  4.0e-02  1.0e-01  1.6e-01  1.3e-03  1.6e-01
  41  T 0   2.440e+06  -6e-06  0.98  1.0e-01  4.3e-05  1.0e-01  5.1e-01  1.8e-01  1.3e-03  1.9e-01
  42  T 0   2.439e+06   4e-06  0.99  1.0e-01  2.9e-05  1.0e-01  6.4e-01  1.5e-01  1.3e-03  1.5e-01
  43  F 0   2.439e+06   4e-06  0.99  1.0e-01  2.9e-05  0.0e+00  0.0e+00  2.1e-01  1.3e-03  2.2e-01
  43  T 1   2.439e+06  -1e-06  0.99  1.0e-01  1.5e-05  3.4e-02  1.0e-01  1.5e-01  1.1e-03  1.5e-01
  44  T 0   2.438e+06   2e-06  0.99  1.0e-01  1.4e-05  3.2e-02  1.0e-01  1.6e-01  1.3e-03  1.6e-01
  45  T 0   2.438e+06   7e-07  0.99  1.0e-01  1.2e-05  8.8e-02  1.7e-01  1.8e-01  1.3e-03  1.8e-01
  46  T 0   2.437e+06   6e-07  0.99  1.0e-01  1.7e-05  1.0e-01  3.1e-01  1.6e-01  1.3e-03  1.6e-01
  47  T 0   2.437e+06   4e-07  0.99  1.0e-01  1.8e-05  1.0e-01  5.5e-01  1.6e-01  1.8e-03  1.7e-01
  48  F 0   2.437e+06   4e-07  0.99  1.0e-01  1.8e-05  0.0e+00  0.0e+00  1.7e-01  1.3e-03  1.7e-01
  48  T 1   2.437e+06  -4e-08  0.99  1.0e-01  1.1e-05  3.8e-02  9.5e-02  1.7e-01  1.3e-03  1.7e-01
  49  T 0   2.437e+06   3e-06  0.99  1.0e-01  7.3e-06  4.0e-02  9.1e-02  1.6e-01  1.1e-03  1.6e-01
  50  T 0   2.436e+06  -8e-09  0.99  1.0e-01  9.4e-06  5.3e-02  1.3e-01  1.6e-01  1.5e-03  1.7e-01
  51  T 0   2.436e+06   3e-07  0.99  1.0e-01  3.3e-05  1.0e-01  3.8e-01  1.6e-01  1.5e-03  1.6e-01
  52  T 0   2.436e+06  -8e-05  0.99  1.0e-01  5.6e-05  1.0e-01  4.9e-01  1.6e-01  1.4e-03  1.6e-01
  53  F 0   2.436e+06  -8e-05  0.99  1.0e-01  5.6e-05  0.0e+00  0.0e+00  1.6e-01  1.3e-03  1.6e-01
  53  T 1   2.435e+06   4e-06  0.99  1.0e-01  1.0e-05  3.3e-02  7.7e-02  1.8e-01  1.1e-03  1.8e-01
  54  T 0   2.435e+06  -2e-05  0.99  1.0e-01  1.3e-05  7.1e-02  2.2e-01  1.7e-01  1.2e-03  1.7e-01
  55  T 0   2.435e+06  -3e-06  0.99  1.0e-01  1.5e-05  6.0e-02  1.2e-01  1.6e-01  1.3e-03  1.6e-01
  56  T 0   2.435e+06  -9e-06  0.99  1.0e-01  4.1e-06  1.5e-02  4.5e-02  2.5e-01  1.2e-03  2.5e-01
  57  T 0   2.435e+06  -6e-06  0.99  1.0e-01  3.8e-06  1.6e-02  3.0e-02  2.3e-01  1.0e-03  2.3e-01
  58  T 0   2.435e+06  -1e-08  0.99  1.0e-01  4.8e-06  9.0e-02  1.5e-01  1.7e-01  1.3e-03  1.7e-01
  59  F 0   2.435e+06  -1e-08  0.99  1.0e-01  4.8e-06  0.0e+00  0.0e+00  1.6e-01  1.5e-03  1.6e-01
  59  T 1   2.435e+06  -6e-07  0.99  1.0e-01  1.9e-05  1.0e-01  1.6e-01  1.6e-01  1.1e-03  1.6e-01
  60  F 0   2.435e+06  -6e-07  0.99  1.0e-01  1.9e-05  0.0e+00  0.0e+00  1.8e-01  2.4e-03  1.8e-01
  60  F 1   2.435e+06  -6e-07  0.99  1.0e-01  1.9e-05  0.0e+00  0.0e+00  1.8e-01  1.2e-03  1.8e-01
  60  T 2   2.434e+06  -5e-06  0.99  1.0e-01  9.5e-05  1.0e-01  2.1e-01  1.6e-01  1.1e-03  1.6e-01
  61  T 0   2.433e+06  -3e-06  0.99  1.0e-01  2.7e-05  1.0e-01  3.2e-01  1.6e-01  1.6e-03  1.6e-01
  62  F 0   2.433e+06  -3e-06  0.99  1.0e-01  2.7e-05  0.0e+00  0.0e+00  1.7e-01  1.8e-03  1.7e-01
  62  F 1   2.433e+06  -3e-06  0.99  1.0e-01  2.7e-05  0.0e+00  0.0e+00  1.6e-01  1.4e-03  1.6e-01
  62  F 2   2.433e+06  -3e-06  0.99  1.0e-01  2.7e-05  0.0e+00  0.0e+00  1.6e-01  1.1e-03  1.6e-01
  62  T 3   2.433e+06  -3e-05  0.99  1.0e-01  3.2e-05  2.7e-02  5.7e-02  1.9e-01  1.1e-03  2.0e-01
  63  T 0   2.432e+06  -3e-06  0.99  1.0e-01  1.2e-05  5.9e-02  1.7e-01  1.6e-01  1.3e-03  1.6e-01
  64  T 0   2.432e+06  -5e-07  0.99  1.0e-01  3.6e-06  3.2e-02  6.2e-02  1.8e-01  1.3e-03  1.8e-01
  65  T 0   2.432e+06  -3e-06  0.99  1.0e-01  4.1e-06  1.7e-02  3.2e-02  1.8e-01  1.3e-03  1.8e-01
  66  T 0   2.432e+06   2e-06  0.99  1.0e-01  4.8e-06  8.4e-02  1.2e-01  1.8e-01  1.3e-03  1.8e-01
  67  F 0   2.432e+06   2e-06  0.99  1.0e-01  4.8e-06  0.0e+00  0.0e+00  1.7e-01  1.5e-03  1.7e-01
  67  F 1   2.432e+06   2e-06  0.99  1.0e-01  4.8e-06  0.0e+00  0.0e+00  2.2e-01  1.4e-03  2.2e-01
  67  T 2   2.432e+06  -1e-05  0.99  1.0e-01  1.3e-05  1.0e-01  3.9e-01  1.6e-01  1.3e-03  1.6e-01
  68  F 0   2.432e+06  -1e-05  0.99  1.0e-01  1.3e-05  0.0e+00  0.0e+00  1.6e-01  1.4e-03  1.7e-01
  68  T 1   2.432e+06  -7e-09  0.99  1.0e-01  1.3e-05  7.6e-02  1.2e-01  1.6e-01  1.1e-03  1.6e-01
  69  T 0   2.432e+06  -2e-09  0.99  1.0e-01  6.4e-06  2.8e-02  5.9e-02  1.6e-01  1.3e-03  1.7e-01
  70  T 0   2.432e+06  -4e-06  0.99  1.0e-01  7.9e-06  2.5e-02  3.4e-02  1.7e-01  1.2e-03  1.7e-01
  71  T 0   2.432e+06   1e-06  0.99  1.0e-01  9.8e-06  1.0e-01  1.5e-01  1.9e-01  1.3e-03  1.9e-01
  72  F 0   2.432e+06   1e-06  0.99  1.0e-01  9.8e-06  0.0e+00  0.0e+00  1.7e-01  1.3e-03  1.7e-01
  72  F 1   2.432e+06   1e-06  0.99  1.0e-01  9.8e-06  0.0e+00  0.0e+00  1.6e-01  1.2e-03  1.6e-01
  72  F 2   2.432e+06   1e-06  0.99  1.0e-01  9.8e-06  0.0e+00  0.0e+00  2.0e-01  8.7e-04  2.0e-01
  72  T 3   2.432e+06  -5e-06  0.99  1.0e-01  6.6e-06  6.3e-02  1.0e-01  1.8e-01  1.3e-03  1.8e-01
  73  T 0   2.432e+06  -2e-05  0.99  1.0e-01  2.9e-06  5.2e-02  7.2e-02  2.0e-01  1.1e-03  2.0e-01
  74  T 0   2.432e+06  -6e-10  0.99  1.0e-01  1.1e-06  1.6e-02  3.4e-02  1.6e-01  1.3e-03  1.6e-01
  75  T 0   2.432e+06   1e-05  0.99  1.0e-01  8.7e-07  4.2e-03  7.9e-03  1.5e-01  1.1e-03  1.5e-01
  76  F 0   2.432e+06   1e-05  0.99  1.0e-01  8.7e-07  0.0e+00  0.0e+00  1.8e-01  1.3e-03  1.8e-01
  76  F 1   2.432e+06   1e-05  0.99  1.0e-01  8.7e-07  0.0e+00  0.0e+00  1.6e-01  1.1e-03  1.6e-01
  76  F 2   2.432e+06   1e-05  0.99  1.0e-01  8.7e-07  0.0e+00  0.0e+00  1.6e-01  1.2e-03  1.6e-01
  76  F 3   2.432e+06   1e-05  0.99  1.0e-01  8.7e-07  0.0e+00  0.0e+00  2.0e-01  1.1e-03  2.0e-01
  76  F 4   2.432e+06   1e-05  0.99  1.0e-01  8.7e-07  0.0e+00  0.0e+00  2.4e-01  1.0e-03  2.4e-01
  76  F 5   2.432e+06   1e-05  0.99  1.0e-01  8.7e-07  0.0e+00  0.0e+00  2.5e-01  9.7e-04  2.5e-01
  76  F 6   2.432e+06   1e-05  0.99  1.0e-01  8.7e-07  0.0e+00  0.0e+00  2.5e-01  9.4e-04  2.5e-01
  76  F 7   2.432e+06   1e-05  0.99  1.0e-01  8.7e-07  0.0e+00  0.0e+00  2.2e-01  9.5e-04  2.2e-01
  76  F 8   2.432e+06   1e-05  0.99  1.0e-01  8.7e-07  0.0e+00  0.0e+00  2.2e-01  9.8e-04  2.2e-01
  76  F 9   2.432e+06   1e-05  0.99  1.0e-01  8.7e-07  0.0e+00  0.0e+00  1.6e-01  9.3e-04  1.6e-01
  76  F10   2.432e+06   1e-05  0.99  1.0e-01  8.7e-07  0.0e+00  0.0e+00  1.7e-01  9.5e-04  1.7e-01
  76  F11   2.432e+06   1e-05  0.99  1.0e-01  8.7e-07  0.0e+00  0.0e+00  1.6e-01  1.0e-03  1.6e-01
  76  F12   2.432e+06   1e-05  0.99  1.0e-01  8.7e-07  0.0e+00  0.0e+00  1.6e-01  9.4e-04  1.6e-01
  76  F13   2.432e+06   1e-05  0.99  1.0e-01  8.7e-07  0.0e+00  0.0e+00  1.6e-01  9.3e-04  1.6e-01
  76  F14   2.432e+06   1e-05  0.99  1.0e-01  8.7e-07  0.0e+00  0.0e+00  1.6e-01  1.4e-03  1.6e-01
  76  F15   2.432e+06   1e-05  0.99  1.0e-01  8.7e-07  0.0e+00  0.0e+00  1.6e-01  9.8e-04  1.6e-01
  76  F16   2.432e+06   1e-05  0.99  1.0e-01  8.7e-07  0.0e+00  0.0e+00  1.7e-01  9.7e-04  1.7e-01
Enforced Termination; excessive conservatism
Total number of system evaluations: 111
