   k  l     Obj         Vio    Bou   ML       |KKT|    |dX|     ||dX||   T_s      T_o      T_t
   0  T 0   9.132e+08   0e+00  0.00  2.0e-01  3.3e+03  1.0e+00  1.0e+00  4.7e-01  0.0e+00  0.0e+00
   1  F 0   1.129e+13   8e-05  0.67  2.0e-01  1.7e+02  2.0e-01  8.5e+00  2.0e-01  7.6e-03  2.1e-01
   2  F 0   2.718e+12   4e-04  0.53  2.0e-01  2.1e+02  2.0e-01  8.2e+00  2.0e-01  8.8e-03  2.1e-01
   3  F 0   2.120e+12   7e-03  0.75  2.0e-01  1.9e+02  2.0e-01  7.6e+00  2.0e-01  6.8e-03  2.1e-01
   4  F 0   1.636e+11  -7e-04  0.70  2.0e-01  4.7e+02  2.0e-01  5.5e+00  2.0e-01  7.2e-03  2.0e-01
   5  F 0   4.591e+11   9e-05  0.80  2.0e-01  3.7e+02  2.0e-01  4.3e+00  2.2e-01  5.8e-03  2.2e-01
   6  F 0   3.193e+11   2e-03  0.71  2.0e-01  7.7e+03  2.0e-01  4.1e+00  1.9e-01  2.2e-02  2.1e-01
   7  F 0   1.476e+09  -5e-04  0.68  2.0e-01  4.1e+00  2.0e-01  3.3e+00  2.0e-01  6.0e-03  2.1e-01
   8  T 0   2.171e+08   5e-12  0.68  2.0e-01  5.8e-02  1.4e-01  2.2e+00  2.0e-01  5.6e-03  2.0e-01
   9  T 0   7.576e+07  -5e-06  0.65  1.7e-01  1.1e-02  1.7e-01  2.0e+00  2.0e-01  3.2e-03  2.1e-01
  10  T 0   3.812e+07  -8e-02  0.63  2.0e-01  5.1e-03  2.0e-01  2.0e+00  2.6e-01  1.4e-03  2.6e-01
  11  T 0   2.459e+07  -1e-01  0.70  2.0e-01  1.5e-02  2.0e-01  1.9e+00  2.0e-01  1.2e-03  2.0e-01
  12  T 0   1.836e+07  -2e-01  0.69  2.0e-01  2.8e-03  2.0e-01  2.0e+00  2.0e-01  1.2e-03  2.0e-01
  13  T 0   1.821e+07  -3e-01  0.71  2.0e-01  5.3e-03  2.0e-01  2.2e+00  2.4e-01  1.2e-03  2.4e-01
  14  T 0   1.457e+07  -2e-01  0.70  2.0e-01  1.4e-03  2.0e-01  2.3e+00  2.7e-01  1.2e-03  2.7e-01
  15  T 0   1.316e+07  -3e-01  0.72  2.0e-01  1.6e-03  1.7e-01  1.9e+00  2.0e-01  1.3e-03  2.0e-01
  16  T 0   1.121e+07  -3e-01  0.72  2.0e-01  1.2e-03  2.0e-01  1.7e+00  2.1e-01  1.2e-03  2.1e-01
  17  T 0   9.912e+06  -3e-01  0.73  2.0e-01  1.7e-03  2.0e-01  1.5e+00  2.3e-01  1.2e-03  2.4e-01
  18  T 0   9.102e+06  -3e-01  0.74  2.0e-01  1.8e-03  2.0e-01  1.3e+00  2.0e-01  1.2e-03  2.0e-01
  19  T 0   8.632e+06  -3e-01  0.75  2.0e-01  1.9e-03  2.0e-01  1.4e+00  2.1e-01  1.2e-03  2.1e-01
  20  T 0   7.956e+06  -3e-01  0.75  2.0e-01  6.6e-04  2.0e-01  1.6e+00  2.0e-01  1.2e-03  2.0e-01
  21  T 0   7.582e+06  -3e-01  0.77  2.0e-01  4.4e-04  2.0e-01  1.5e+00  2.0e-01  1.3e-03  2.0e-01
  22  T 0   7.257e+06  -3e-01  0.79  2.0e-01  4.5e-04  2.0e-01  1.4e+00  2.3e-01  1.2e-03  2.3e-01
  23  T 0   7.051e+06  -3e-01  0.79  2.0e-01  4.3e-04  2.0e-01  1.3e+00  2.0e-01  1.2e-03  2.0e-01
  24  T 0   6.818e+06  -3e-01  0.79  2.0e-01  2.6e-04  2.0e-01  1.3e+00  2.0e-01  1.2e-03  2.0e-01
  25  T 0   6.630e+06  -3e-01  0.80  2.0e-01  3.8e-04  2.0e-01  1.2e+00  2.0e-01  1.2e-03  2.0e-01
  26  T 0   6.420e+06  -3e-01  0.80  2.0e-01  7.5e-04  1.8e-01  1.0e+00  2.0e-01  1.2e-03  2.0e-01
  27  T 0   6.249e+06  -2e-01  0.81  2.0e-01  4.2e-04  2.0e-01  9.0e-01  2.1e-01  1.2e-03  2.1e-01
  28  T 0   6.108e+06  -2e-01  0.82  2.0e-01  5.5e-04  1.5e-01  8.0e-01  2.0e-01  1.4e-03  2.0e-01
  29  T 0   5.976e+06  -2e-01  0.83  2.0e-01  2.7e-04  1.8e-01  9.0e-01  2.0e-01  1.2e-03  2.0e-01
  30  T 0   5.847e+06  -2e-01  0.84  2.0e-01  2.9e-04  1.3e-01  8.6e-01  2.0e-01  1.2e-03  2.0e-01
  31  T 0   5.763e+06  -2e-01  0.84  2.0e-01  3.0e-04  2.0e-01  9.8e-01  2.0e-01  1.2e-03  2.0e-01
  32  T 0   5.657e+06  -2e-01  0.84  1.8e-01  2.6e-04  1.5e-01  1.0e+00  2.1e-01  1.2e-03  2.1e-01
  33  T 0   5.568e+06  -2e-01  0.84  2.0e-01  2.7e-04  1.8e-01  1.0e+00  2.0e-01  1.2e-03  2.0e-01
  34  T 0   5.458e+06  -2e-01  0.84  2.0e-01  1.5e-04  1.5e-01  9.7e-01  2.0e-01  1.3e-03  2.0e-01
  35  T 0   5.353e+06  -2e-01  0.85  2.0e-01  1.3e-04  1.5e-01  9.6e-01  2.0e-01  1.3e-03  2.0e-01
  36  T 0   5.262e+06  -2e-01  0.86  2.0e-01  1.1e-04  1.8e-01  8.2e-01  2.0e-01  1.2e-03  2.0e-01
  37  T 0   5.183e+06  -2e-01  0.86  2.0e-01  1.6e-04  1.5e-01  6.5e-01  2.0e-01  1.2e-03  2.0e-01
  38  T 0   5.102e+06  -2e-01  0.86  2.0e-01  1.7e-04  1.5e-01  6.1e-01  2.0e-01  1.2e-03  2.0e-01
  39  T 0   5.024e+06  -2e-01  0.87  2.0e-01  1.3e-04  1.3e-01  6.2e-01  2.0e-01  1.2e-03  2.0e-01
  40  T 0   4.949e+06  -2e-01  0.87  2.0e-01  1.4e-04  1.5e-01  6.9e-01  2.6e-01  1.3e-03  2.7e-01
  41  T 0   4.884e+06  -2e-01  0.87  1.8e-01  1.1e-04  1.5e-01  6.0e-01  2.1e-01  1.2e-03  2.1e-01
  42  T 0   4.823e+06  -2e-01  0.88  2.0e-01  1.3e-04  2.0e-01  5.9e-01  2.0e-01  1.2e-03  2.0e-01
  43  T 0   4.765e+06  -2e-01  0.88  2.0e-01  1.3e-04  1.6e-01  6.3e-01  2.0e-01  1.2e-03  2.0e-01
  44  T 0   4.702e+06  -2e-01  0.88  1.8e-01  1.4e-04  1.6e-01  5.7e-01  2.0e-01  1.2e-03  2.0e-01
  45  T 0   4.641e+06  -1e-01  0.88  2.0e-01  1.6e-04  1.3e-01  5.4e-01  2.0e-01  1.2e-03  2.0e-01
  46  T 0   4.580e+06  -1e-01  0.89  2.0e-01  1.2e-04  1.6e-01  5.7e-01  2.0e-01  1.2e-03  2.0e-01
  47  T 0   4.535e+06  -1e-01  0.90  1.9e-01  1.3e-04  1.6e-01  5.6e-01  2.0e-01  1.2e-03  2.1e-01
  48  T 0   4.499e+06  -1e-01  0.90  2.0e-01  1.5e-04  1.3e-01  5.4e-01  2.2e-01  1.2e-03  2.2e-01
  49  T 0   4.464e+06  -1e-01  0.90  2.0e-01  1.4e-04  1.6e-01  6.2e-01  2.0e-01  1.3e-03  2.0e-01
  50  T 0   4.428e+06  -1e-01  0.90  1.9e-01  1.0e-04  1.6e-01  6.1e-01  2.1e-01  1.2e-03  2.1e-01
  51  T 0   4.398e+06  -1e-01  0.90  2.0e-01  7.7e-05  1.3e-01  6.4e-01  2.0e-01  1.2e-03  2.0e-01
  52  T 0   4.384e+06  -1e-01  0.90  1.6e-01  9.3e-05  1.6e-01  6.9e-01  2.0e-01  1.2e-03  2.0e-01
  53  T 0   4.352e+06  -1e-01  0.90  1.9e-01  1.2e-04  1.6e-01  6.6e-01  2.0e-01  1.2e-03  2.0e-01
  54  T 0   4.327e+06  -9e-02  0.90  2.0e-01  1.3e-04  1.6e-01  5.2e-01  2.0e-01  1.2e-03  2.0e-01
  55  T 0   4.305e+06  -9e-02  0.91  2.0e-01  6.5e-05  1.6e-01  4.5e-01  2.6e-01  1.2e-03  2.6e-01
  56  T 0   4.279e+06  -9e-02  0.91  2.0e-01  6.7e-05  1.1e-01  4.1e-01  2.0e-01  9.3e-04  2.0e-01
  57  T 0   4.255e+06  -8e-02  0.91  2.0e-01  1.3e-04  1.3e-01  4.5e-01  2.0e-01  1.3e-03  2.0e-01
  58  T 0   4.227e+06  -8e-02  0.92  1.6e-01  5.9e-05  1.6e-01  5.2e-01  2.2e-01  1.3e-03  2.2e-01
  59  T 0   4.203e+06  -7e-02  0.92  1.9e-01  4.0e-05  1.1e-01  4.6e-01  2.0e-01  1.3e-03  2.1e-01
  60  T 0   4.183e+06  -7e-02  0.92  2.0e-01  3.6e-05  1.3e-01  4.5e-01  2.0e-01  1.3e-03  2.0e-01
  61  T 0   4.163e+06  -7e-02  0.92  1.6e-01  4.5e-05  1.6e-01  4.9e-01  2.0e-01  1.2e-03  2.0e-01
  62  T 0   4.145e+06  -6e-02  0.93  1.9e-01  5.4e-05  1.1e-01  4.3e-01  2.0e-01  1.2e-03  2.0e-01
  63  T 0   4.124e+06  -6e-02  0.93  2.0e-01  5.5e-05  1.4e-01  5.0e-01  2.1e-01  1.2e-03  2.1e-01
  64  T 0   4.102e+06  -6e-02  0.92  1.6e-01  4.6e-05  1.6e-01  5.7e-01  2.0e-01  1.2e-03  2.1e-01
  65  T 0   4.081e+06  -6e-02  0.93  2.0e-01  5.9e-05  1.6e-01  4.5e-01  2.0e-01  1.2e-03  2.0e-01
  66  T 0   4.067e+06  -5e-02  0.93  2.0e-01  3.2e-05  1.4e-01  3.9e-01  2.0e-01  1.2e-03  2.0e-01
  67  T 0   4.050e+06  -5e-02  0.93  2.0e-01  3.7e-05  1.6e-01  4.2e-01  2.0e-01  1.2e-03  2.0e-01
  68  T 0   4.032e+06  -5e-02  0.93  2.0e-01  8.6e-05  1.2e-01  4.3e-01  2.0e-01  1.2e-03  2.0e-01
  69  T 0   4.010e+06  -5e-02  0.93  2.0e-01  5.1e-05  1.4e-01  4.9e-01  2.0e-01  1.1e-03  2.0e-01
  70  T 0   3.989e+06  -5e-02  0.93  1.7e-01  7.8e-05  1.7e-01  5.6e-01  2.0e-01  1.3e-03  2.1e-01
  71  T 0   3.972e+06  -4e-02  0.94  2.0e-01  7.5e-05  1.7e-01  4.8e-01  2.0e-01  1.2e-03  2.0e-01
  72  T 0   3.957e+06  -4e-02  0.94  2.0e-01  6.5e-05  1.4e-01  4.4e-01  2.0e-01  1.2e-03  2.0e-01
  73  T 0   3.941e+06  -4e-02  0.94  2.0e-01  6.0e-05  1.7e-01  4.7e-01  2.0e-01  1.2e-03  2.0e-01
  74  T 0   3.924e+06  -4e-02  0.94  2.0e-01  6.0e-05  1.6e-01  4.6e-01  2.0e-01  1.2e-03  2.0e-01
  75  T 0   3.911e+06  -4e-02  0.94  2.0e-01  1.1e-04  1.4e-01  4.4e-01  2.0e-01  1.3e-03  2.0e-01
  76  T 0   3.897e+06  -4e-02  0.94  1.7e-01  4.6e-05  1.6e-01  4.8e-01  2.0e-01  1.2e-03  2.0e-01
  77  T 0   3.885e+06  -3e-02  0.94  2.0e-01  7.3e-05  1.6e-01  4.4e-01  2.1e-01  1.2e-03  2.1e-01
  78  T 0   3.871e+06  -3e-02  0.94  2.0e-01  7.6e-05  1.4e-01  4.2e-01  2.8e-01  1.2e-03  2.8e-01
  79  T 0   3.860e+06  -3e-02  0.95  2.0e-01  8.1e-05  1.5e-01  4.5e-01  2.0e-01  1.3e-03  2.0e-01
  80  T 0   3.849e+06  -2e-02  0.95  2.0e-01  8.0e-05  1.5e-01  4.6e-01  2.1e-01  1.3e-03  2.1e-01
  81  T 0   3.841e+06  -2e-02  0.95  2.0e-01  8.4e-05  1.4e-01  5.0e-01  2.1e-01  1.2e-03  2.1e-01
  82  T 0   3.833e+06  -2e-02  0.95  1.7e-01  6.7e-05  1.5e-01  5.1e-01  2.0e-01  1.3e-03  2.0e-01
  83  T 0   3.823e+06  -1e-02  0.95  2.0e-01  6.6e-05  1.6e-01  5.1e-01  2.0e-01  1.2e-03  2.0e-01
  84  T 0   3.815e+06  -1e-02  0.95  2.0e-01  6.2e-05  1.4e-01  4.6e-01  2.0e-01  1.2e-03  2.0e-01
  85  T 0   3.808e+06  -8e-03  0.95  2.0e-01  5.7e-05  2.0e-01  5.0e-01  2.0e-01  1.3e-03  2.0e-01
  86  T 0   3.801e+06  -6e-03  0.95  2.0e-01  3.9e-05  1.4e-01  4.5e-01  2.0e-01  1.3e-03  2.0e-01
  87  T 0   3.792e+06  -1e-03  0.95  1.4e-01  4.2e-05  1.4e-01  4.6e-01  2.0e-01  1.1e-03  2.0e-01
  88  T 0   3.783e+06   6e-06  0.95  1.7e-01  5.1e-05  1.7e-01  4.5e-01  2.0e-01  2.7e-03  2.0e-01
  89  T 0   3.775e+06   3e-05  0.95  2.0e-01  5.3e-05  1.2e-01  3.7e-01  2.0e-01  2.2e-03  2.0e-01
  90  T 0   3.768e+06  -1e-04  0.95  1.5e-01  7.8e-05  1.5e-01  4.0e-01  2.0e-01  2.4e-03  2.0e-01
  91  T 0   3.760e+06   8e-06  0.95  1.7e-01  6.6e-05  1.7e-01  4.5e-01  2.0e-01  1.2e-03  2.0e-01
  92  T 0   3.752e+06  -4e-04  0.95  2.0e-01  4.6e-05  1.3e-01  4.4e-01  2.0e-01  1.6e-03  2.0e-01
  93  T 0   3.743e+06   2e-05  0.95  2.0e-01  5.1e-05  1.5e-01  4.9e-01  2.1e-01  2.3e-03  2.1e-01
  94  T 0   3.733e+06   5e-05  0.95  2.0e-01  3.5e-05  1.4e-01  4.8e-01  2.0e-01  2.1e-03  2.0e-01
  95  T 0   3.723e+06  -6e-06  0.95  2.0e-01  5.1e-05  1.6e-01  5.1e-01  2.0e-01  2.1e-03  2.0e-01
  96  T 0   3.712e+06  -8e-06  0.95  2.0e-01  6.0e-05  1.5e-01  5.1e-01  2.0e-01  2.0e-03  2.0e-01
  97  T 0   3.703e+06  -6e-06  0.95  2.0e-01  5.3e-05  1.5e-01  5.2e-01  2.0e-01  1.6e-03  2.0e-01
  98  T 0   3.693e+06  -5e-06  0.95  2.0e-01  5.9e-05  1.2e-01  4.2e-01  2.0e-01  2.8e-03  2.1e-01
  99  T 0   3.690e+06  -6e-04  0.95  2.0e-01  8.1e-05  1.5e-01  4.2e-01  2.0e-01  1.9e-03  2.0e-01
 100  T 0   3.685e+06  -1e-05  0.96  1.8e-01  8.0e-05  1.7e-01  4.4e-01  2.2e-01  2.2e-03  2.2e-01
 101  T 0   3.682e+06   1e-04  0.96  2.0e-01  6.0e-05  1.3e-01  3.4e-01  2.6e-01  2.4e-03  2.7e-01
 102  T 0   3.678e+06   1e-05  0.96  2.0e-01  6.4e-05  8.0e-02  2.5e-01  2.1e-01  1.7e-03  2.1e-01
 103  T 0   3.674e+06   1e-05  0.96  1.8e-01  5.5e-05  9.7e-02  2.6e-01  2.0e-01  2.1e-03  2.0e-01
 104  T 0   3.670e+06  -6e-06  0.96  1.3e-01  7.1e-05  1.2e-01  3.1e-01  2.0e-01  2.4e-03  2.0e-01
 105  T 0   3.666e+06  -1e-04  0.96  1.5e-01  7.9e-05  1.4e-01  3.3e-01  2.0e-01  1.9e-03  2.1e-01
 106  T 0   3.661e+06   3e-05  0.96  1.7e-01  1.0e-04  1.5e-01  4.0e-01  2.0e-01  2.0e-03  2.0e-01
 107  T 0   3.655e+06   8e-06  0.96  2.0e-01  6.3e-05  1.5e-01  4.0e-01  2.0e-01  1.2e-03  2.1e-01
 108  T 0   3.649e+06   3e-05  0.96  2.0e-01  7.2e-05  1.6e-01  3.7e-01  2.0e-01  1.9e-03  2.0e-01
 109  T 0   3.644e+06  -2e-05  0.96  2.0e-01  5.6e-05  1.1e-01  2.9e-01  2.0e-01  2.1e-03  2.0e-01
 110  T 0   3.642e+06  -2e-05  0.96  2.0e-01  1.1e-04  1.3e-01  3.0e-01  2.0e-01  1.9e-03  2.0e-01
 111  T 0   3.636e+06   1e-05  0.96  1.5e-01  9.4e-05  1.5e-01  2.8e-01  2.0e-01  2.0e-03  2.0e-01
 112  T 0   3.632e+06   3e-06  0.96  1.9e-01  7.0e-05  1.1e-01  2.6e-01  2.1e-01  2.3e-03  2.1e-01
 113  T 0   3.627e+06  -3e-05  0.96  2.0e-01  5.4e-05  1.6e-01  3.1e-01  2.0e-01  1.9e-03  2.1e-01
 114  T 0   3.621e+06   1e-04  0.96  1.6e-01  6.4e-05  1.6e-01  2.9e-01  2.1e-01  2.1e-03  2.1e-01
 115  T 0   3.615e+06   1e-04  0.96  1.9e-01  7.7e-05  1.9e-01  3.6e-01  2.0e-01  1.7e-03  2.0e-01
 116  T 0   3.607e+06   4e-05  0.96  1.3e-01  8.3e-05  1.3e-01  3.7e-01  2.0e-01  2.3e-03  2.0e-01
 117  T 0   3.598e+06  -4e-05  0.96  1.3e-01  8.5e-05  1.3e-01  3.9e-01  2.6e-01  2.5e-03  2.7e-01
 118  T 0   3.588e+06   3e-04  0.96  1.6e-01  9.9e-05  1.5e-01  4.3e-01  2.0e-01  1.9e-03  2.1e-01
 119  T 0   3.576e+06  -1e-05  0.96  1.9e-01  6.3e-05  1.6e-01  4.4e-01  2.4e-01  1.9e-03  2.4e-01
 120  T 0   3.563e+06  -2e-05  0.96  2.0e-01  7.1e-05  1.3e-01  3.8e-01  2.0e-01  1.7e-03  2.0e-01
 121  T 0   3.552e+06   5e-05  0.96  2.0e-01  7.1e-05  1.4e-01  3.8e-01  2.0e-01  1.6e-03  2.0e-01
 122  T 0   3.540e+06  -9e-05  0.96  1.7e-01  5.7e-05  1.6e-01  4.4e-01  2.0e-01  2.0e-03  2.0e-01
 123  T 0   3.534e+06   7e-05  0.96  2.0e-01  1.6e-04  1.6e-01  4.3e-01  2.0e-01  1.9e-03  2.0e-01
 124  T 0   3.521e+06  -4e-06  0.96  2.0e-01  8.5e-05  1.6e-01  4.0e-01  2.0e-01  2.3e-03  2.0e-01
 125  T 0   3.514e+06   7e-06  0.96  2.0e-01  1.0e-04  1.3e-01  3.8e-01  2.1e-01  1.6e-03  2.1e-01
 126  T 0   3.503e+06   1e-04  0.96  2.0e-01  7.7e-05  1.6e-01  4.2e-01  2.0e-01  1.9e-03  2.0e-01
 127  T 0   3.493e+06  -4e-05  0.96  2.0e-01  1.1e-04  1.6e-01  4.3e-01  2.1e-01  2.5e-03  2.1e-01
 128  T 0   3.480e+06  -3e-05  0.97  2.0e-01  8.1e-05  1.6e-01  4.4e-01  2.0e-01  1.9e-03  2.0e-01
 129  T 0   3.474e+06   2e-05  0.97  2.0e-01  7.9e-05  1.4e-01  3.1e-01  2.0e-01  1.6e-03  2.0e-01
 130  T 0   3.467e+06  -3e-05  0.97  2.0e-01  7.3e-05  1.6e-01  3.1e-01  2.0e-01  2.0e-03  2.0e-01
 131  T 0   3.458e+06  -6e-06  0.97  2.0e-01  9.0e-05  1.6e-01  3.6e-01  2.0e-01  1.9e-03  2.0e-01
 132  T 0   3.448e+06  -4e-05  0.97  2.0e-01  8.2e-05  2.0e-01  4.2e-01  2.1e-01  2.1e-03  2.1e-01
 133  T 0   3.442e+06   3e-14  0.97  2.0e-01  1.0e-04  1.4e-01  3.6e-01  2.1e-01  2.5e-03  2.1e-01
 134  T 0   3.435e+06   2e-04  0.97  1.7e-01  1.0e-04  1.6e-01  4.1e-01  2.1e-01  2.0e-03  2.1e-01
 135  T 0   3.429e+06   5e-05  0.97  2.0e-01  1.1e-04  1.6e-01  4.2e-01  2.0e-01  2.1e-03  2.0e-01
 136  T 0   3.422e+06  -1e-04  0.97  2.0e-01  1.0e-04  1.6e-01  3.5e-01  2.0e-01  2.8e-03  2.0e-01
 137  T 0   3.416e+06  -2e-05  0.97  2.0e-01  5.6e-05  1.4e-01  3.3e-01  2.0e-01  2.2e-03  2.0e-01
 138  T 0   3.410e+06  -3e-06  0.97  1.7e-01  8.0e-05  1.2e-01  3.4e-01  2.0e-01  2.9e-03  2.0e-01
 139  T 0   3.402e+06  -1e-05  0.97  2.0e-01  8.2e-05  1.4e-01  3.9e-01  2.6e-01  2.3e-03  2.6e-01
 140  T 0   3.393e+06   8e-05  0.97  2.0e-01  5.0e-05  1.6e-01  4.4e-01  2.0e-01  2.0e-03  2.0e-01
 141  T 0   3.386e+06   3e-05  0.97  2.0e-01  5.4e-05  1.4e-01  4.3e-01  2.1e-01  3.2e-03  2.2e-01
 142  T 0   3.378e+06  -2e-05  0.97  2.0e-01  6.2e-05  1.6e-01  4.7e-01  2.1e-01  3.2e-03  2.1e-01
 143  T 0   3.371e+06   8e-06  0.97  2.0e-01  7.2e-05  1.7e-01  3.9e-01  2.3e-01  2.6e-03  2.3e-01
 144  T 0   3.367e+06   5e-05  0.97  2.0e-01  8.5e-05  1.6e-01  3.6e-01  2.1e-01  3.3e-03  2.1e-01
 145  T 0   3.363e+06   9e-06  0.97  2.0e-01  5.0e-05  1.6e-01  3.6e-01  2.1e-01  2.3e-03  2.1e-01
 146  T 0   3.360e+06  -1e-05  0.97  2.0e-01  5.1e-05  1.5e-01  3.8e-01  2.5e-01  2.5e-03  2.5e-01
 147  T 0   3.356e+06   1e-05  0.97  1.8e-01  3.5e-05  1.6e-01  3.8e-01  2.4e-01  2.1e-03  2.4e-01
 148  T 0   3.353e+06  -3e-05  0.97  2.0e-01  8.7e-05  9.9e-02  2.5e-01  2.7e-01  2.0e-03  2.8e-01
 149  T 0   3.349e+06   2e-05  0.97  1.4e-01  3.6e-05  1.2e-01  3.0e-01  3.2e-01  1.7e-03  3.2e-01
 150  T 0   3.345e+06   2e-04  0.97  1.4e-01  6.0e-05  1.4e-01  3.3e-01  3.1e-01  1.8e-03  3.1e-01
 151  T 0   3.340e+06   5e-07  0.97  1.7e-01  5.0e-05  1.6e-01  3.8e-01  2.2e-01  2.4e-03  2.2e-01
 152  T 0   3.335e+06   1e-06  0.97  2.0e-01  6.1e-05  1.4e-01  3.6e-01  2.5e-01  1.9e-03  2.5e-01
 153  T 0   3.330e+06   1e-05  0.97  2.0e-01  2.6e-05  1.6e-01  4.3e-01  2.2e-01  1.8e-03  2.2e-01
 154  T 0   3.324e+06   3e-05  0.97  2.0e-01  4.2e-05  2.0e-01  4.8e-01  2.1e-01  1.9e-03  2.2e-01
 155  T 0   3.317e+06   1e-04  0.97  2.0e-01  3.3e-05  1.7e-01  4.6e-01  2.3e-01  1.9e-03  2.3e-01
 156  T 0   3.310e+06  -5e-05  0.97  2.0e-01  3.3e-05  2.0e-01  4.0e-01  2.1e-01  2.8e-03  2.1e-01
 157  T 0   3.303e+06  -3e-05  0.97  2.0e-01  2.7e-05  1.6e-01  3.9e-01  2.0e-01  2.0e-03  2.0e-01
 158  T 0   3.299e+06  -1e-05  0.97  2.0e-01  2.7e-05  1.5e-01  3.6e-01  2.0e-01  3.2e-03  2.1e-01
 159  T 0   3.294e+06  -1e-05  0.97  2.0e-01  4.5e-05  1.4e-01  3.5e-01  2.0e-01  3.1e-03  2.1e-01
 160  T 0   3.290e+06   5e-05  0.97  2.0e-01  5.4e-05  1.6e-01  3.6e-01  2.3e-01  1.6e-03  2.3e-01
 161  T 0   3.287e+06   4e-05  0.97  2.0e-01  5.5e-05  1.5e-01  3.0e-01  2.1e-01  2.4e-03  2.1e-01
 162  T 0   3.283e+06  -1e-04  0.97  1.8e-01  7.2e-05  1.4e-01  3.2e-01  2.0e-01  2.0e-03  2.1e-01
 163  T 0   3.280e+06  -2e-05  0.97  2.0e-01  5.8e-05  1.5e-01  3.5e-01  2.1e-01  2.7e-03  2.1e-01
 164  T 0   3.277e+06   9e-07  0.97  2.0e-01  5.3e-05  1.7e-01  3.4e-01  2.1e-01  1.9e-03  2.1e-01
 165  T 0   3.273e+06   8e-06  0.97  2.0e-01  4.4e-05  1.6e-01  3.9e-01  2.6e-01  1.7e-03  2.6e-01
 166  T 0   3.269e+06  -7e-05  0.97  2.0e-01  3.9e-05  1.4e-01  4.0e-01  2.1e-01  1.6e-03  2.2e-01
 167  T 0   3.265e+06  -1e-05  0.97  1.7e-01  4.2e-05  1.5e-01  3.9e-01  2.2e-01  2.2e-03  2.2e-01
 168  T 0   3.262e+06  -6e-05  0.97  2.0e-01  5.3e-05  1.5e-01  3.9e-01  2.0e-01  2.3e-03  2.0e-01
 169  T 0   3.258e+06  -1e-05  0.97  1.8e-01  5.2e-05  1.8e-01  4.3e-01  2.0e-01  3.6e-03  2.0e-01
 170  T 0   3.255e+06   8e-07  0.97  2.0e-01  6.0e-05  1.6e-01  3.7e-01  2.0e-01  2.3e-03  2.0e-01
 171  T 0   3.251e+06   1e-04  0.97  2.0e-01  6.4e-05  1.5e-01  3.4e-01  2.0e-01  1.8e-03  2.0e-01
 172  T 0   3.248e+06  -2e-05  0.97  2.0e-01  5.5e-05  1.5e-01  3.0e-01  2.1e-01  1.6e-03  2.1e-01
 173  T 0   3.245e+06  -1e-05  0.97  2.0e-01  5.4e-05  1.2e-01  2.8e-01  2.0e-01  1.6e-03  2.1e-01
 174  T 0   3.241e+06   8e-06  0.97  1.5e-01  5.6e-05  1.4e-01  3.0e-01  2.3e-01  2.1e-03  2.3e-01
 175  T 0   3.237e+06  -5e-06  0.97  1.7e-01  5.6e-05  1.5e-01  3.5e-01  2.0e-01  1.6e-03  2.0e-01
 176  T 0   3.233e+06  -4e-05  0.97  2.0e-01  6.7e-05  2.0e-01  4.2e-01  2.1e-01  2.2e-03  2.1e-01
 177  T 0   3.226e+06   4e-05  0.97  2.0e-01  6.9e-05  1.6e-01  3.6e-01  2.0e-01  2.0e-03  2.0e-01
 178  T 0   3.222e+06  -2e-05  0.97  2.0e-01  5.5e-05  1.4e-01  2.7e-01  2.0e-01  1.7e-03  2.1e-01
 179  T 0   3.217e+06   1e-04  0.97  1.6e-01  6.7e-05  1.2e-01  2.5e-01  2.0e-01  2.6e-03  2.1e-01
 180  T 0   3.211e+06  -2e-05  0.97  2.0e-01  5.3e-05  1.4e-01  3.0e-01  2.0e-01  2.2e-03  2.0e-01
 181  T 0   3.205e+06  -1e-06  0.97  2.0e-01  5.6e-05  1.6e-01  3.4e-01  2.0e-01  1.9e-03  2.0e-01
 182  T 0   3.200e+06   6e-06  0.97  2.0e-01  5.0e-05  1.6e-01  3.0e-01  2.2e-01  2.7e-03  2.3e-01
 183  T 0   3.196e+06   9e-05  0.97  2.0e-01  3.0e-05  1.4e-01  2.9e-01  2.0e-01  2.0e-03  2.0e-01
 184  T 0   3.192e+06   3e-10  0.97  2.0e-01  5.5e-05  1.4e-01  2.9e-01  2.0e-01  2.6e-03  2.1e-01
 185  T 0   3.188e+06   1e-05  0.97  1.7e-01  3.5e-05  1.6e-01  3.1e-01  2.0e-01  2.3e-03  2.0e-01
 186  T 0   3.183e+06   4e-05  0.97  2.0e-01  3.7e-05  1.6e-01  3.0e-01  2.0e-01  1.7e-03  2.0e-01
 187  T 0   3.177e+06  -1e-05  0.97  1.9e-01  3.5e-05  1.6e-01  3.0e-01  2.0e-01  2.6e-03  2.0e-01
 188  T 0   3.170e+06  -5e-06  0.97  2.0e-01  3.4e-05  1.5e-01  3.2e-01  2.0e-01  3.5e-03  2.0e-01
 189  T 0   3.163e+06  -2e-05  0.97  1.7e-01  4.5e-05  1.6e-01  3.6e-01  2.1e-01  3.4e-03  2.1e-01
 190  T 0   3.156e+06  -1e-05  0.97  2.0e-01  5.1e-05  1.4e-01  3.7e-01  2.2e-01  3.2e-03  2.3e-01
 191  T 0   3.148e+06   3e-05  0.97  2.0e-01  3.9e-05  1.6e-01  4.4e-01  2.1e-01  1.8e-03  2.1e-01
 192  T 0   3.141e+06  -6e-08  0.97  2.0e-01  4.3e-05  1.7e-01  4.2e-01  2.1e-01  2.7e-03  2.1e-01
 193  T 0   3.134e+06   1e-08  0.97  2.0e-01  3.6e-05  1.4e-01  4.3e-01  2.0e-01  1.7e-03  2.1e-01
 194  T 0   3.126e+06   2e-05  0.97  1.7e-01  3.9e-05  1.7e-01  5.1e-01  2.0e-01  1.9e-03  2.0e-01
 195  T 0   3.120e+06   1e-05  0.97  2.0e-01  3.0e-05  1.6e-01  4.6e-01  2.0e-01  1.6e-03  2.0e-01
 196  T 0   3.113e+06  -7e-06  0.97  2.0e-01  3.3e-05  1.6e-01  4.3e-01  2.0e-01  1.9e-03  2.0e-01
 197  T 0   3.109e+06   9e-05  0.97  2.0e-01  5.2e-05  1.6e-01  3.9e-01  2.0e-01  2.3e-03  2.0e-01
 198  T 0   3.105e+06   8e-06  0.97  2.0e-01  3.3e-05  1.5e-01  3.7e-01  2.0e-01  2.1e-03  2.0e-01
 199  T 0   3.100e+06   4e-06  0.97  2.0e-01  2.7e-05  1.4e-01  3.8e-01  2.0e-01  1.6e-03  2.0e-01
 200  T 0   3.095e+06  -2e-06  0.97  2.0e-01  3.1e-05  1.6e-01  3.5e-01  2.0e-01  3.5e-03  2.0e-01
 201  T 0   3.091e+06   5e-14  0.97  2.0e-01  3.2e-05  1.5e-01  3.3e-01  2.0e-01  2.8e-03  2.0e-01
 202  T 0   3.087e+06  -2e-06  0.97  2.0e-01  2.4e-05  1.5e-01  3.3e-01  2.0e-01  1.6e-03  2.0e-01
 203  T 0   3.083e+06   3e-05  0.97  1.8e-01  2.4e-05  1.5e-01  3.5e-01  2.0e-01  2.0e-03  2.0e-01
 204  T 0   3.078e+06   3e-05  0.97  2.0e-01  2.4e-05  1.6e-01  3.8e-01  2.0e-01  1.8e-03  2.0e-01
 205  T 0   3.074e+06   4e-16  0.97  2.0e-01  2.8e-05  1.4e-01  4.0e-01  2.0e-01  2.1e-03  2.0e-01
 206  T 0   3.069e+06  -3e-05  0.97  2.0e-01  2.4e-05  1.6e-01  4.3e-01  2.0e-01  1.9e-03  2.0e-01
 207  T 0   3.064e+06  -2e-05  0.97  2.0e-01  3.3e-05  1.6e-01  3.7e-01  2.0e-01  2.7e-03  2.1e-01
 208  T 0   3.059e+06   2e-05  0.97  1.7e-01  5.4e-05  1.6e-01  3.6e-01  2.0e-01  2.2e-03  2.1e-01
 209  T 0   3.054e+06  -5e-06  0.97  2.0e-01  3.4e-05  1.8e-01  3.7e-01  2.0e-01  1.7e-03  2.0e-01
 210  T 0   3.049e+06   4e-05  0.97  2.0e-01  2.7e-05  1.2e-01  3.0e-01  2.0e-01  2.9e-03  2.0e-01
 211  T 0   3.045e+06   2e-05  0.97  2.0e-01  4.0e-05  1.4e-01  3.1e-01  2.0e-01  1.9e-03  2.0e-01
 212  T 0   3.039e+06  -6e-06  0.97  1.7e-01  4.8e-05  1.5e-01  3.6e-01  2.0e-01  2.3e-03  2.0e-01
 213  T 0   3.033e+06   1e-05  0.97  2.0e-01  9.5e-05  1.4e-01  3.6e-01  2.1e-01  2.2e-03  2.1e-01
 214  T 0   3.028e+06   5e-06  0.97  2.0e-01  6.1e-05  1.5e-01  3.8e-01  2.0e-01  2.4e-03  2.0e-01
 215  T 0   3.023e+06   1e-05  0.97  2.0e-01  6.0e-05  1.5e-01  3.3e-01  2.0e-01  2.4e-03  2.0e-01
 216  T 0   3.018e+06   3e-06  0.97  1.8e-01  1.6e-05  1.2e-01  3.2e-01  2.0e-01  1.7e-03  2.0e-01
 217  T 0   3.014e+06  -4e-06  0.97  2.0e-01  2.0e-05  1.2e-01  2.9e-01  2.0e-01  2.3e-03  2.0e-01
 218  T 0   3.009e+06  -3e-05  0.97  1.5e-01  2.6e-05  1.5e-01  3.1e-01  2.1e-01  2.2e-03  2.1e-01
 219  T 0   3.005e+06   2e-06  0.97  1.8e-01  3.1e-05  1.2e-01  3.1e-01  2.1e-01  2.3e-03  2.1e-01
 220  T 0   3.000e+06  -8e-07  0.97  2.0e-01  4.0e-05  1.4e-01  3.4e-01  2.4e-01  1.9e-03  2.4e-01
 221  T 0   2.995e+06   1e-05  0.97  1.7e-01  5.4e-05  1.6e-01  3.6e-01  2.0e-01  2.5e-03  2.1e-01
 222  T 0   2.990e+06  -2e-05  0.97  2.0e-01  5.8e-05  1.2e-01  3.0e-01  2.1e-01  2.1e-03  2.1e-01
 223  T 0   2.986e+06  -7e-04  0.97  2.0e-01  3.4e-05  1.5e-01  3.4e-01  2.0e-01  1.4e-03  2.0e-01
 224  T 0   2.983e+06   2e-05  0.97  1.8e-01  1.7e-05  1.6e-01  3.6e-01  2.0e-01  1.7e-03  2.0e-01
 225  T 0   2.980e+06  -2e-04  0.97  2.0e-01  3.3e-05  1.6e-01  2.7e-01  2.0e-01  1.4e-03  2.0e-01
 226  T 0   2.974e+06  -2e-04  0.97  1.9e-01  2.0e-05  1.5e-01  2.4e-01  2.1e-01  1.2e-03  2.1e-01
 227  T 0   2.972e+06  -7e-04  0.98  2.0e-01  3.5e-05  1.2e-01  2.3e-01  2.7e-01  1.2e-03  2.7e-01
 228  T 0   2.970e+06  -1e-03  0.98  2.0e-01  2.1e-05  1.2e-01  2.1e-01  2.1e-01  1.2e-03  2.1e-01
 229  T 0   2.968e+06  -1e-03  0.98  1.4e-01  2.4e-05  1.4e-01  2.4e-01  2.4e-01  1.2e-03  2.4e-01
 230  T 0   2.966e+06  -1e-03  0.98  1.7e-01  1.7e-05  1.4e-01  2.5e-01  3.1e-01  1.3e-03  3.1e-01
 231  T 0   2.964e+06  -1e-03  0.98  2.0e-01  1.9e-05  1.2e-01  2.3e-01  2.5e-01  1.2e-03  2.6e-01
 232  T 0   2.961e+06  -1e-03  0.98  1.5e-01  1.8e-05  1.5e-01  2.6e-01  2.0e-01  1.2e-03  2.0e-01
 233  T 0   2.958e+06  -1e-03  0.98  1.8e-01  2.2e-05  1.6e-01  2.7e-01  2.0e-01  1.2e-03  2.0e-01
 234  T 0   2.956e+06  -1e-03  0.98  2.0e-01  2.4e-05  1.3e-01  2.3e-01  2.0e-01  1.2e-03  2.0e-01
 235  T 0   2.954e+06  -1e-03  0.98  1.5e-01  6.2e-05  1.5e-01  2.6e-01  2.1e-01  1.2e-03  2.1e-01
 236  T 0   2.952e+06  -9e-04  0.98  1.8e-01  7.2e-05  1.3e-01  2.2e-01  2.0e-01  1.2e-03  2.0e-01
 237  T 0   2.949e+06  -3e-04  0.98  2.0e-01  4.5e-05  1.5e-01  2.3e-01  2.4e-01  1.2e-03  2.4e-01
 238  T 0   2.947e+06  -3e-04  0.98  1.8e-01  4.3e-05  1.5e-01  2.2e-01  2.1e-01  1.2e-03  2.2e-01
 239  T 0   2.944e+06  -8e-04  0.98  2.0e-01  2.8e-05  8.9e-02  1.8e-01  2.0e-01  1.2e-03  2.0e-01
 240  T 0   2.942e+06  -1e-03  0.98  2.0e-01  2.3e-05  8.5e-02  1.9e-01  2.0e-01  1.2e-03  2.0e-01
 241  T 0   2.939e+06  -2e-03  0.97  1.4e-01  1.7e-05  1.0e-01  2.2e-01  2.1e-01  1.3e-03  2.1e-01
 242  T 0   2.936e+06  -3e-03  0.97  1.2e-01  3.6e-05  1.2e-01  2.5e-01  2.0e-01  1.2e-03  2.0e-01
 243  T 0   2.933e+06  -4e-03  0.97  1.5e-01  2.6e-05  1.5e-01  3.0e-01  2.0e-01  1.2e-03  2.0e-01
 244  T 0   2.929e+06  -5e-03  0.97  1.8e-01  4.7e-05  1.6e-01  3.2e-01  2.0e-01  1.2e-03  2.0e-01
 245  T 0   2.926e+06  -5e-03  0.97  2.0e-01  4.6e-05  1.6e-01  2.9e-01  2.1e-01  1.2e-03  2.1e-01
 246  T 0   2.922e+06  -4e-03  0.97  2.0e-01  3.3e-05  1.6e-01  2.8e-01  2.1e-01  1.2e-03  2.2e-01
 247  T 0   2.919e+06  -2e-03  0.97  1.9e-01  2.4e-05  1.5e-01  2.3e-01  2.0e-01  1.2e-03  2.0e-01
 248  T 0   2.916e+06  -2e-03  0.97  2.0e-01  3.3e-05  1.2e-01  2.4e-01  2.0e-01  1.2e-03  2.0e-01
 249  T 0   2.913e+06  -6e-04  0.96  2.0e-01  2.4e-05  1.1e-01  2.5e-01  2.1e-01  1.2e-03  2.1e-01
 250  T 0   2.910e+06   1e-05  0.97  1.4e-01  2.3e-05  1.3e-01  2.9e-01  2.0e-01  3.4e-03  2.1e-01
 251  T 0   2.907e+06  -3e-04  0.97  1.6e-01  4.9e-05  1.6e-01  3.3e-01  2.1e-01  1.7e-03  2.1e-01
 252  T 0   2.904e+06  -4e-05  0.97  1.4e-01  5.6e-05  1.4e-01  3.3e-01  2.0e-01  1.6e-03  2.0e-01
 253  T 0   2.901e+06  -3e-05  0.97  1.7e-01  5.1e-05  1.6e-01  3.4e-01  2.0e-01  2.1e-03  2.0e-01
 254  T 0   2.899e+06   2e-06  0.97  2.0e-01  3.8e-05  2.0e-01  4.0e-01  2.1e-01  2.3e-03  2.1e-01
 255  T 0   2.896e+06  -2e-14  0.97  2.0e-01  2.8e-05  1.6e-01  3.0e-01  2.0e-01  2.0e-03  2.0e-01
 256  T 0   2.894e+06  -1e-05  0.97  2.0e-01  3.3e-05  9.8e-02  2.4e-01  2.0e-01  2.1e-03  2.0e-01
 257  T 0   2.892e+06  -1e-06  0.97  1.4e-01  2.0e-05  1.2e-01  2.4e-01  2.0e-01  1.9e-03  2.0e-01
 258  T 0   2.889e+06   2e-05  0.97  1.4e-01  2.1e-05  1.2e-01  2.5e-01  2.0e-01  1.8e-03  2.0e-01
 259  T 0   2.886e+06   1e-05  0.97  1.7e-01  2.0e-05  1.4e-01  2.8e-01  2.0e-01  3.2e-03  2.1e-01
 260  T 0   2.882e+06   9e-06  0.97  1.7e-01  2.0e-05  1.6e-01  3.2e-01  2.0e-01  1.8e-03  2.0e-01
 261  T 0   2.879e+06   2e-05  0.97  2.0e-01  2.2e-05  1.4e-01  2.7e-01  2.1e-01  2.2e-03  2.2e-01
 262  T 0   2.875e+06   3e-05  0.97  1.7e-01  3.5e-05  1.6e-01  2.8e-01  2.0e-01  1.9e-03  2.0e-01
 263  T 0   2.872e+06   2e-05  0.97  2.0e-01  2.4e-05  1.7e-01  2.5e-01  2.0e-01  2.0e-03  2.1e-01
 264  T 0   2.870e+06   2e-05  0.97  1.4e-01  5.3e-05  1.2e-01  2.5e-01  2.1e-01  2.5e-03  2.1e-01
 265  T 0   2.868e+06   6e-06  0.97  1.4e-01  7.9e-05  1.4e-01  3.0e-01  2.0e-01  1.7e-03  2.0e-01
 266  T 0   2.865e+06   2e-05  0.97  1.7e-01  4.0e-05  1.7e-01  3.5e-01  2.0e-01  2.1e-03  2.1e-01
 267  T 0   2.862e+06   4e-05  0.97  2.0e-01  2.1e-05  2.0e-01  3.9e-01  2.0e-01  2.0e-03  2.0e-01
 268  T 0   2.859e+06   2e-04  0.97  2.0e-01  2.7e-05  2.0e-01  4.0e-01  2.0e-01  1.7e-03  2.0e-01
 269  T 0   2.857e+06   1e-04  0.98  2.0e-01  2.9e-05  1.4e-01  3.3e-01  2.0e-01  2.3e-03  2.0e-01
 270  T 0   2.855e+06   4e-06  0.98  2.0e-01  2.5e-05  1.6e-01  3.4e-01  2.0e-01  2.0e-03  2.1e-01
 271  T 0   2.853e+06  -4e-05  0.98  2.0e-01  2.8e-05  1.8e-01  3.3e-01  2.1e-01  3.0e-03  2.1e-01
 272  T 0   2.851e+06   1e-05  0.98  2.0e-01  2.9e-05  2.0e-01  3.7e-01  2.1e-01  1.9e-03  2.1e-01
 273  T 0   2.849e+06  -9e-05  0.98  2.0e-01  1.8e-05  1.5e-01  3.8e-01  2.0e-01  1.9e-03  2.1e-01
 274  T 0   2.848e+06   6e-06  0.98  2.0e-01  3.6e-05  1.8e-01  3.7e-01  2.1e-01  1.9e-03  2.1e-01
 275  T 0   2.847e+06   4e-05  0.98  2.0e-01  8.5e-05  1.6e-01  2.8e-01  2.0e-01  1.9e-03  2.1e-01
 276  T 0   2.847e+06  -5e-06  0.98  2.0e-01  1.0e-04  1.2e-01  1.9e-01  2.5e-01  1.9e-03  2.5e-01
 277  T 0   2.846e+06   4e-05  0.98  2.0e-01  5.8e-05  1.0e-01  1.9e-01  2.8e-01  1.7e-03  2.8e-01
 278  T 0   2.845e+06  -4e-05  0.98  2.0e-01  2.5e-05  7.5e-02  1.1e-01  2.9e-01  1.8e-03  2.9e-01
 279  T 0   2.845e+06  -2e-05  0.98  1.7e-01  3.1e-05  9.1e-02  1.3e-01  2.6e-01  1.7e-03  2.6e-01
 280  T 0   2.844e+06  -4e-06  0.98  2.0e-01  4.3e-05  1.8e-01  2.1e-01  2.3e-01  1.8e-03  2.3e-01
 281  T 0   2.843e+06   3e-05  0.98  2.0e-01  4.6e-05  1.3e-01  1.6e-01  2.0e-01  2.2e-03  2.0e-01
 282  T 0   2.843e+06  -3e-04  0.98  2.0e-01  3.8e-05  1.6e-01  2.0e-01  2.0e-01  1.7e-03  2.0e-01
 283  T 0   2.842e+06  -9e-06  0.98  2.0e-01  3.4e-05  1.8e-01  2.1e-01  2.0e-01  1.2e-03  2.0e-01
 284  T 0   2.840e+06  -2e-05  0.98  2.0e-01  4.0e-05  1.1e-01  1.3e-01  2.0e-01  1.8e-03  2.0e-01
 285  T 0   2.840e+06   1e-05  0.98  2.0e-01  4.6e-05  7.2e-02  8.6e-02  2.0e-01  1.6e-03  2.0e-01
 286  T 0   2.839e+06  -2e-05  0.98  1.4e-01  5.3e-05  4.9e-02  6.2e-02  2.1e-01  1.7e-03  2.1e-01
 287  T 0   2.839e+06   9e-06  0.98  1.7e-01  3.3e-05  6.6e-02  7.5e-02  2.1e-01  1.7e-03  2.2e-01
 288  T 0   2.838e+06  -5e-05  0.98  2.0e-01  5.4e-05  2.3e-02  4.4e-02  2.0e-01  1.7e-03  2.1e-01
 289  T 0   2.837e+06   2e-04  0.98  1.7e-01  3.5e-05  1.4e-01  1.5e-01  2.0e-01  1.7e-03  2.1e-01
 290  T 0   2.836e+06   9e-07  0.98  1.7e-01  3.6e-05  3.3e-02  5.1e-02  2.0e-01  2.2e-03  2.0e-01
 291  T 0   2.835e+06   3e-05  0.98  2.0e-01  4.5e-05  1.0e-01  1.2e-01  2.0e-01  1.8e-03  2.1e-01
 292  T 0   2.834e+06  -8e-06  0.98  2.0e-01  4.5e-05  1.0e-01  1.2e-01  2.0e-01  1.7e-03  2.1e-01
 293  T 0   2.833e+06  -7e-06  0.98  2.0e-01  7.1e-05  1.3e-01  1.5e-01  2.0e-01  1.9e-03  2.1e-01
 294  T 0   2.832e+06  -5e-06  0.97  2.0e-01  4.0e-05  1.4e-01  1.7e-01  2.0e-01  1.9e-03  2.0e-01
 295  T 0   2.830e+06   1e-06  0.97  2.0e-01  4.3e-05  1.9e-01  2.2e-01  2.0e-01  2.8e-03  2.0e-01
 296  T 0   2.829e+06  -6e-05  0.97  2.0e-01  5.2e-05  9.7e-02  1.4e-01  2.0e-01  1.8e-03  2.0e-01
 297  T 0   2.828e+06  -4e-04  0.98  2.0e-01  6.4e-05  1.2e-01  1.7e-01  2.1e-01  1.3e-03  2.1e-01
 298  T 0   2.827e+06  -5e-05  0.98  1.4e-01  5.4e-05  1.4e-01  2.0e-01  2.0e-01  1.3e-03  2.0e-01
 299  T 0   2.825e+06  -4e-04  0.98  1.2e-01  5.2e-05  1.2e-01  2.0e-01  2.0e-01  1.2e-03  2.0e-01
 300  T 0   2.824e+06  -8e-04  0.98  1.5e-01  5.1e-05  1.5e-01  2.2e-01  2.1e-01  1.2e-03  2.1e-01
 301  T 0   2.822e+06  -1e-03  0.98  1.8e-01  2.2e-04  1.8e-01  2.6e-01  2.0e-01  1.4e-03  2.1e-01
 302  T 0   2.819e+06  -2e-03  0.98  2.0e-01  5.7e-05  1.6e-01  2.2e-01  2.1e-01  1.2e-03  2.1e-01
 303  T 0   2.818e+06  -3e-03  0.98  2.0e-01  4.5e-05  8.5e-02  1.5e-01  2.0e-01  1.2e-03  2.0e-01
 304  T 0   2.817e+06  -3e-03  0.98  1.4e-01  5.2e-05  1.0e-01  1.7e-01  2.0e-01  1.2e-03  2.0e-01
 305  T 0   2.816e+06  -4e-03  0.98  1.2e-01  5.1e-05  1.2e-01  2.0e-01  2.0e-01  1.2e-03  2.0e-01
 306  T 0   2.815e+06  -5e-03  0.98  1.5e-01  4.4e-05  1.5e-01  2.4e-01  2.0e-01  1.2e-03  2.1e-01
 307  T 0   2.814e+06  -6e-03  0.98  1.8e-01  4.3e-05  1.6e-01  2.4e-01  2.1e-01  1.2e-03  2.1e-01
 308  T 0   2.813e+06  -7e-03  0.98  2.0e-01  5.4e-05  1.5e-01  1.9e-01  2.2e-01  1.2e-03  2.2e-01
 309  T 0   2.812e+06  -7e-03  0.98  2.0e-01  2.8e-05  1.1e-01  1.5e-01  2.1e-01  1.2e-03  2.1e-01
 310  T 0   2.811e+06  -8e-03  0.98  2.0e-01  4.4e-05  5.6e-02  1.3e-01  2.0e-01  1.2e-03  2.0e-01
 311  T 0   2.811e+06  -9e-03  0.98  1.4e-01  2.4e-05  6.8e-02  1.3e-01  2.4e-01  1.3e-03  2.4e-01
 312  T 0   2.810e+06  -1e-02  0.98  9.8e-02  2.2e-05  8.1e-02  1.6e-01  2.1e-01  1.2e-03  2.1e-01
 313  T 0   2.809e+06  -1e-02  0.98  9.7e-02  1.8e-05  9.7e-02  1.9e-01  2.0e-01  1.2e-03  2.0e-01
 314  T 0   2.808e+06  -1e-02  0.98  1.2e-01  1.8e-05  1.2e-01  2.1e-01  2.0e-01  1.4e-03  2.0e-01
 315  T 0   2.807e+06  -1e-02  0.98  1.4e-01  1.7e-05  1.4e-01  2.5e-01  2.0e-01  1.2e-03  2.0e-01
 316  T 0   2.806e+06  -1e-02  0.98  1.7e-01  1.8e-05  1.6e-01  2.9e-01  2.0e-01  1.2e-03  2.0e-01
 317  T 0   2.805e+06  -1e-02  0.98  2.0e-01  2.4e-05  1.7e-01  2.8e-01  2.1e-01  1.2e-03  2.2e-01
 318  T 0   2.805e+06  -1e-02  0.98  1.4e-01  1.9e-05  1.2e-01  2.3e-01  2.0e-01  1.2e-03  2.0e-01
 319  T 0   2.803e+06  -1e-02  0.98  1.1e-01  2.5e-05  1.1e-01  2.0e-01  2.0e-01  1.4e-03  2.0e-01
 320  T 0   2.802e+06  -1e-02  0.98  1.3e-01  1.8e-05  1.3e-01  2.1e-01  2.0e-01  1.2e-03  2.0e-01
 321  T 0   2.801e+06  -1e-02  0.98  1.5e-01  3.5e-05  1.5e-01  2.3e-01  2.1e-01  1.2e-03  2.1e-01
 322  T 0   2.799e+06  -1e-02  0.98  1.8e-01  2.4e-05  1.4e-01  2.2e-01  2.1e-01  1.3e-03  2.1e-01
 323  T 0   2.798e+06  -1e-02  0.98  2.0e-01  1.8e-05  1.6e-01  2.3e-01  2.3e-01  1.2e-03  2.3e-01
 324  T 0   2.797e+06  -1e-02  0.98  2.0e-01  2.0e-05  8.5e-02  1.8e-01  2.6e-01  1.2e-03  2.6e-01
 325  T 0   2.796e+06  -1e-02  0.98  1.4e-01  2.6e-05  1.0e-01  1.7e-01  2.6e-01  1.2e-03  2.6e-01
 326  T 0   2.794e+06  -1e-02  0.96  1.2e-01  2.3e-05  7.6e-02  1.6e-01  2.0e-01  1.2e-03  2.0e-01
 327  T 0   2.793e+06  -1e-02  0.96  1.4e-01  1.8e-05  1.3e-01  2.1e-01  2.0e-01  1.1e-03  2.0e-01
 328  T 0   2.791e+06  -1e-02  0.96  1.7e-01  2.4e-05  1.7e-01  2.5e-01  2.0e-01  1.2e-03  2.1e-01
 329  T 0   2.789e+06  -1e-02  0.96  1.2e-01  3.6e-05  1.2e-01  2.4e-01  2.0e-01  1.2e-03  2.0e-01
 330  T 0   2.786e+06  -1e-02  0.96  1.4e-01  2.2e-05  1.4e-01  2.6e-01  2.1e-01  1.3e-03  2.1e-01
 331  T 0   2.784e+06  -1e-02  0.96  1.7e-01  3.0e-05  1.6e-01  3.0e-01  2.3e-01  1.2e-03  2.4e-01
 332  T 0   2.782e+06  -1e-02  0.96  2.0e-01  2.6e-05  1.2e-01  2.1e-01  2.5e-01  1.2e-03  2.5e-01
 333  T 0   2.780e+06  -1e-02  0.96  2.0e-01  2.2e-05  8.7e-02  1.8e-01  2.0e-01  1.1e-03  2.0e-01
 334  T 0   2.778e+06  -9e-03  0.96  1.4e-01  2.2e-05  9.6e-02  2.0e-01  2.0e-01  1.2e-03  2.0e-01
 335  T 0   2.776e+06  -8e-03  0.96  1.2e-01  2.9e-05  1.2e-01  2.2e-01  2.4e-01  1.3e-03  2.4e-01
 336  T 0   2.774e+06  -7e-03  0.96  1.4e-01  2.5e-05  1.4e-01  2.4e-01  2.4e-01  1.2e-03  2.5e-01
 337  T 0   2.771e+06  -5e-03  0.96  1.7e-01  3.3e-05  1.7e-01  3.0e-01  2.5e-01  1.3e-03  2.5e-01
 338  T 0   2.768e+06  -4e-03  0.96  2.0e-01  3.1e-05  1.6e-01  2.7e-01  2.2e-01  1.3e-03  2.2e-01
 339  T 0   2.765e+06  -2e-03  0.96  2.0e-01  2.2e-05  1.5e-01  2.3e-01  2.0e-01  1.2e-03  2.0e-01
 340  T 0   2.763e+06  -6e-04  0.96  2.0e-01  2.1e-05  1.2e-01  2.2e-01  2.0e-01  1.2e-03  2.0e-01
 341  T 0   2.761e+06   5e-05  0.96  2.0e-01  2.0e-05  1.2e-01  2.1e-01  2.0e-01  2.1e-03  2.0e-01
 342  T 0   2.759e+06   3e-05  0.96  1.4e-01  1.9e-05  1.4e-01  2.3e-01  2.0e-01  2.5e-03  2.0e-01
 343  T 0   2.757e+06   7e-06  0.96  1.7e-01  4.3e-05  1.7e-01  2.6e-01  2.0e-01  1.8e-03  2.0e-01
 344  T 0   2.756e+06  -6e-10  0.97  2.0e-01  4.3e-05  9.8e-02  2.1e-01  2.2e-01  2.2e-03  2.3e-01
 345  T 0   2.755e+06  -2e-06  0.97  2.0e-01  2.3e-05  1.2e-01  2.2e-01  2.0e-01  1.7e-03  2.1e-01
 346  T 0   2.754e+06  -3e-05  0.98  1.4e-01  3.4e-05  9.0e-02  2.0e-01  2.0e-01  2.1e-03  2.0e-01
 347  T 0   2.753e+06  -7e-10  0.98  1.5e-01  3.6e-05  1.0e-01  1.9e-01  2.0e-01  2.4e-03  2.0e-01
 348  T 0   2.752e+06   2e-05  0.98  1.2e-01  2.3e-05  1.2e-01  2.4e-01  2.0e-01  2.5e-03  2.1e-01
 349  T 0   2.752e+06   4e-05  0.98  1.4e-01  2.4e-05  1.4e-01  2.8e-01  2.0e-01  1.6e-03  2.0e-01
 350  T 0   2.751e+06   8e-06  0.98  1.7e-01  1.6e-05  1.7e-01  3.2e-01  2.0e-01  1.2e-03  2.0e-01
 351  T 0   2.750e+06  -9e-05  0.98  2.0e-01  2.0e-05  1.7e-01  3.1e-01  2.0e-01  1.8e-03  2.0e-01
 352  T 0   2.749e+06  -3e-06  0.98  2.0e-01  2.1e-05  1.5e-01  3.0e-01  2.0e-01  2.1e-03  2.0e-01
 353  T 0   2.748e+06  -1e-05  0.98  2.0e-01  3.6e-05  1.2e-01  2.6e-01  2.4e-01  2.0e-03  2.4e-01
 354  T 0   2.747e+06   4e-05  0.98  1.4e-01  3.9e-05  1.2e-01  2.7e-01  2.0e-01  2.0e-03  2.0e-01
 355  T 0   2.746e+06   2e-05  0.98  1.4e-01  2.0e-05  1.4e-01  3.0e-01  2.0e-01  3.0e-03  2.0e-01
 356  T 0   2.745e+06  -7e-06  0.98  1.7e-01  3.3e-05  1.4e-01  2.9e-01  2.0e-01  2.0e-03  2.0e-01
 357  T 0   2.744e+06   6e-05  0.98  2.0e-01  2.2e-05  1.4e-01  2.8e-01  2.0e-01  1.9e-03  2.0e-01
 358  T 0   2.743e+06   1e-06  0.98  1.7e-01  3.3e-05  1.6e-01  2.5e-01  2.0e-01  1.7e-03  2.0e-01
 359  T 0   2.743e+06  -3e-06  0.98  2.0e-01  2.2e-05  8.1e-02  1.7e-01  2.0e-01  2.2e-03  2.0e-01
 360  T 0   2.742e+06   1e-04  0.98  2.0e-01  2.2e-05  9.7e-02  1.8e-01  2.0e-01  1.7e-03  2.0e-01
 361  T 0   2.742e+06   3e-05  0.98  1.4e-01  2.6e-05  1.2e-01  1.8e-01  2.0e-01  2.0e-03  2.0e-01
 362  T 0   2.741e+06   8e-06  0.98  1.4e-01  3.2e-05  1.4e-01  1.7e-01  2.0e-01  1.8e-03  2.0e-01
 363  T 0   2.741e+06  -6e-06  0.98  1.7e-01  2.7e-05  1.6e-01  1.9e-01  2.0e-01  1.6e-03  2.0e-01
 364  T 0   2.740e+06  -9e-05  0.98  2.0e-01  2.9e-05  4.0e-02  7.2e-02  2.0e-01  1.6e-03  2.0e-01
 365  T 0   2.740e+06  -6e-06  0.98  1.4e-01  3.2e-05  4.6e-02  7.6e-02  2.0e-01  2.1e-03  2.0e-01
 366  T 0   2.739e+06   3e-05  0.98  9.8e-02  4.2e-05  3.8e-02  7.2e-02  2.0e-01  1.6e-03  2.0e-01
 367  T 0   2.738e+06   2e-06  0.98  1.0e-01  5.3e-05  4.2e-02  7.4e-02  2.0e-01  1.6e-03  2.0e-01
 368  T 0   2.738e+06   4e-05  0.98  7.3e-02  5.3e-05  5.7e-02  9.1e-02  2.0e-01  1.7e-03  2.0e-01
 369  T 0   2.737e+06   4e-05  0.98  5.1e-02  1.9e-05  3.7e-02  8.5e-02  2.0e-01  1.7e-03  2.0e-01
 370  T 0   2.736e+06  -1e-05  0.98  6.2e-02  2.7e-05  6.2e-02  1.2e-01  2.0e-01  2.0e-03  2.0e-01
 371  T 0   2.735e+06  -5e-06  0.98  7.4e-02  2.2e-05  5.4e-02  1.1e-01  1.6e-01  2.1e-03  1.6e-01
 372  T 0   2.733e+06  -9e-06  0.97  6.4e-02  1.8e-05  6.4e-02  1.3e-01  1.3e-01  1.1e-03  1.4e-01
 373  T 0   2.732e+06   4e-05  0.97  7.7e-02  3.5e-05  7.7e-02  1.4e-01  1.4e-01  1.1e-03  1.4e-01
 374  T 0   2.730e+06  -5e-06  0.97  9.2e-02  3.4e-05  9.2e-02  1.7e-01  1.4e-01  1.4e-03  1.4e-01
 375  T 0   2.728e+06   9e-06  0.97  1.1e-01  1.6e-05  1.1e-01  2.0e-01  1.9e-01  1.5e-03  1.9e-01
 376  T 0   2.726e+06   2e-05  0.97  1.3e-01  3.0e-05  1.3e-01  2.4e-01  1.3e-01  1.2e-03  1.3e-01
 377  T 0   2.723e+06   4e-06  0.97  1.6e-01  1.9e-05  1.6e-01  2.8e-01  1.4e-01  1.7e-03  1.4e-01
 378  T 0   2.723e+06   2e-09  0.97  1.9e-01  4.9e-05  1.3e-01  2.7e-01  1.4e-01  1.7e-03  1.4e-01
 379  T 0   2.720e+06  -6e-06  0.97  2.0e-01  1.1e-05  1.1e-01  2.4e-01  1.4e-01  1.8e-03  1.4e-01
 380  T 0   2.718e+06  -4e-05  0.98  2.0e-01  9.8e-06  1.2e-01  2.1e-01  1.9e-01  1.7e-03  1.9e-01
 381  T 0   2.715e+06   6e-06  0.97  1.5e-01  1.8e-05  1.4e-01  2.1e-01  1.4e-01  2.4e-03  1.4e-01
 382  T 0   2.713e+06   8e-05  0.97  1.7e-01  1.5e-05  1.6e-01  2.5e-01  1.4e-01  1.8e-03  1.4e-01
 383  T 0   2.713e+06   2e-06  0.97  2.0e-01  2.1e-05  1.3e-01  2.1e-01  1.8e-01  2.0e-03  1.8e-01
 384  T 0   2.711e+06   2e-05  0.97  1.5e-01  2.1e-05  1.1e-01  2.2e-01  1.4e-01  1.3e-03  1.4e-01
 385  T 0   2.709e+06   1e-05  0.98  1.3e-01  2.2e-05  1.3e-01  2.6e-01  2.0e-01  1.4e-03  2.0e-01
 386  T 0   2.708e+06  -1e-05  0.98  1.5e-01  2.0e-05  1.5e-01  2.3e-01  1.4e-01  8.6e-04  1.4e-01
 387  T 0   2.706e+06  -1e-06  0.98  1.8e-01  2.3e-05  9.2e-02  1.9e-01  1.8e-01  1.4e-03  1.8e-01
 388  T 0   2.704e+06   2e-06  0.98  2.0e-01  1.8e-05  8.7e-02  1.8e-01  1.7e-01  1.4e-03  1.7e-01
 389  T 0   2.703e+06   2e-05  0.98  1.4e-01  2.2e-05  1.0e-01  2.2e-01  1.5e-01  1.4e-03  1.5e-01
 390  T 0   2.702e+06   2e-05  0.98  1.3e-01  1.2e-05  1.3e-01  2.4e-01  1.4e-01  1.5e-03  1.4e-01
 391  T 0   2.701e+06  -8e-06  0.98  1.5e-01  1.8e-05  1.5e-01  2.9e-01  1.3e-01  2.8e-03  1.4e-01
 392  T 0   2.700e+06  -1e-06  0.98  1.3e-01  1.5e-05  1.2e-01  2.6e-01  1.8e-01  2.1e-03  1.8e-01
 393  T 0   2.699e+06  -5e-04  0.98  1.6e-01  1.1e-05  1.3e-01  2.5e-01  1.8e-01  1.1e-03  1.8e-01
 394  T 0   2.699e+06   2e-07  0.98  1.7e-01  1.2e-05  1.2e-01  2.0e-01  1.7e-01  1.7e-03  1.7e-01
 395  T 0   2.699e+06  -5e-04  0.98  1.2e-01  1.1e-05  1.2e-01  2.1e-01  1.4e-01  1.1e-03  1.4e-01
 396  T 0   2.698e+06  -8e-05  0.98  8.2e-02  1.2e-05  8.2e-02  1.7e-01  1.8e-01  1.4e-03  1.8e-01
 397  T 0   2.698e+06   6e-06  0.98  8.3e-02  2.1e-05  8.3e-02  1.5e-01  1.5e-01  1.1e-03  1.5e-01
 398  T 0   2.697e+06   5e-05  0.98  6.9e-02  1.5e-05  6.9e-02  1.3e-01  1.5e-01  1.4e-03  1.5e-01
 399  T 0   2.697e+06   2e-05  0.98  8.3e-02  1.3e-05  5.0e-02  1.3e-01  1.4e-01  1.3e-03  1.4e-01
 400  T 0   2.697e+06   4e-06  0.98  6.0e-02  1.2e-05  6.0e-02  1.5e-01  1.4e-01  1.4e-03  1.4e-01
 401  T 0   2.696e+06  -6e-06  0.98  7.2e-02  1.1e-05  7.2e-02  1.3e-01  1.5e-01  1.9e-03  1.6e-01
 402  T 0   2.695e+06  -3e-06  0.98  8.6e-02  1.3e-05  8.6e-02  1.4e-01  1.4e-01  1.3e-03  1.4e-01
 403  T 0   2.695e+06  -3e-07  0.98  1.0e-01  1.0e-05  1.0e-01  1.5e-01  1.4e-01  1.7e-03  1.4e-01
 404  T 0   2.694e+06  -4e-05  0.98  1.2e-01  1.0e-05  8.1e-02  1.5e-01  1.7e-01  1.1e-03  1.7e-01
 405  T 0   2.693e+06  -4e-06  0.98  1.5e-01  1.9e-05  9.7e-02  1.7e-01  1.5e-01  1.6e-03  1.5e-01
 406  T 0   2.693e+06  -2e-05  0.98  1.8e-01  1.3e-05  1.1e-01  1.8e-01  1.7e-01  1.4e-03  1.7e-01
 407  T 0   2.692e+06  -1e-05  0.98  2.0e-01  9.4e-06  9.7e-02  2.0e-01  2.2e-01  1.4e-03  2.2e-01
 408  T 0   2.691e+06  -1e-04  0.98  2.0e-01  1.1e-05  1.2e-01  2.1e-01  1.9e-01  1.4e-03  2.0e-01
 409  T 0   2.690e+06   2e-06  0.98  2.0e-01  1.2e-05  1.4e-01  2.2e-01  1.8e-01  1.3e-03  1.9e-01
 410  T 0   2.689e+06   4e-05  0.98  2.0e-01  1.5e-05  1.6e-01  2.1e-01  1.9e-01  1.4e-03  1.9e-01
 411  T 0   2.688e+06  -1e-05  0.98  2.0e-01  3.0e-05  8.8e-02  1.4e-01  1.8e-01  1.4e-03  1.8e-01
 412  F 0   2.688e+06  -3e-05  0.98  1.4e-01  7.5e-05  1.1e-01  1.6e-01  1.5e-01  1.4e-03  1.5e-01
 413  T 0   2.686e+06   5e-05  0.98  1.3e-01  3.2e-05  1.3e-01  1.8e-01  1.4e-01  1.4e-03  1.4e-01
 414  T 0   2.686e+06   2e-05  0.98  1.5e-01  5.2e-05  1.5e-01  2.1e-01  1.4e-01  1.3e-03  1.4e-01
 415  T 0   2.684e+06  -3e-05  0.98  1.8e-01  1.4e-05  9.3e-02  1.7e-01  1.4e-01  1.3e-03  1.4e-01
 416  T 0   2.683e+06  -1e-05  0.98  2.0e-01  1.5e-05  8.1e-02  1.5e-01  1.6e-01  1.8e-03  1.6e-01
 417  T 0   2.682e+06   5e-09  0.98  1.4e-01  1.7e-05  9.7e-02  1.7e-01  1.4e-01  1.6e-03  1.4e-01
 418  T 0   2.681e+06   1e-05  0.97  1.2e-01  2.6e-05  1.2e-01  2.0e-01  1.4e-01  1.7e-03  1.4e-01
 419  T 0   2.679e+06  -4e-06  0.97  1.4e-01  1.6e-05  1.1e-01  2.1e-01  1.4e-01  1.8e-03  1.4e-01
 420  T 0   2.678e+06  -2e-06  0.97  1.7e-01  2.0e-05  1.5e-01  2.8e-01  1.5e-01  2.3e-03  1.5e-01
 421  T 0   2.676e+06   3e-06  0.97  1.4e-01  1.1e-05  1.4e-01  2.8e-01  1.9e-01  1.6e-03  2.0e-01
 422  T 0   2.674e+06  -5e-07  0.97  1.6e-01  1.5e-05  1.6e-01  3.0e-01  1.5e-01  2.4e-03  1.5e-01
 423  T 0   2.672e+06  -4e-06  0.97  2.0e-01  1.9e-05  1.4e-01  2.7e-01  1.4e-01  1.4e-03  1.4e-01
 424  T 0   2.671e+06   3e-06  0.97  2.0e-01  1.1e-05  1.5e-01  2.9e-01  1.4e-01  2.3e-03  1.4e-01
 425  T 0   2.669e+06   5e-05  0.97  2.0e-01  1.2e-05  1.5e-01  2.7e-01  1.6e-01  1.4e-03  1.6e-01
 426  T 0   2.668e+06   6e-09  0.97  2.0e-01  1.1e-05  1.3e-01  2.3e-01  1.4e-01  1.3e-03  1.4e-01
 427  T 0   2.667e+06   2e-08  0.97  1.4e-01  9.3e-06  9.1e-02  1.5e-01  1.6e-01  1.6e-03  1.6e-01
 428  T 0   2.666e+06   1e-04  0.97  1.5e-01  1.1e-05  8.6e-02  1.6e-01  1.6e-01  1.3e-03  1.6e-01
 429  T 0   2.665e+06  -2e-05  0.97  1.8e-01  1.4e-05  1.0e-01  2.1e-01  1.9e-01  1.6e-03  1.9e-01
 430  T 0   2.663e+06  -1e-06  0.97  1.2e-01  1.1e-05  1.1e-01  2.2e-01  1.6e-01  1.8e-03  1.6e-01
 431  T 0   2.662e+06  -2e-05  0.97  1.5e-01  9.9e-06  9.8e-02  1.9e-01  1.5e-01  2.0e-03  1.6e-01
 432  T 0   2.660e+06   3e-06  0.97  1.8e-01  9.5e-06  1.2e-01  2.1e-01  1.7e-01  1.2e-03  1.7e-01
 433  T 0   2.659e+06   3e-06  0.97  1.4e-01  1.1e-05  1.4e-01  2.3e-01  2.2e-01  1.5e-03  2.2e-01
 434  T 0   2.658e+06  -2e-05  0.97  1.7e-01  1.1e-05  1.5e-01  2.8e-01  2.0e-01  2.1e-03  2.0e-01
 435  T 0   2.656e+06   9e-06  0.97  2.0e-01  1.3e-05  1.4e-01  2.4e-01  2.4e-01  1.8e-03  2.4e-01
 436  T 0   2.655e+06  -5e-06  0.98  1.4e-01  4.4e-05  1.0e-01  2.4e-01  2.5e-01  1.5e-03  2.6e-01
 437  T 0   2.654e+06  -1e-05  0.98  1.2e-01  3.7e-05  1.2e-01  2.4e-01  2.3e-01  1.9e-03  2.3e-01
 438  T 0   2.652e+06  -9e-06  0.98  1.5e-01  3.4e-05  1.5e-01  2.7e-01  1.8e-01  3.1e-03  1.8e-01
 439  T 0   2.651e+06  -2e-05  0.98  1.8e-01  1.9e-05  1.4e-01  2.4e-01  1.8e-01  2.1e-03  1.8e-01
 440  T 0   2.649e+06  -3e-05  0.98  2.0e-01  2.4e-05  1.4e-01  2.3e-01  1.8e-01  2.9e-03  1.8e-01
 441  T 0   2.647e+06   1e-05  0.98  2.0e-01  1.4e-05  1.1e-01  2.1e-01  1.9e-01  2.2e-03  1.9e-01
 442  T 0   2.646e+06  -1e-04  0.98  1.4e-01  2.4e-05  1.3e-01  2.6e-01  1.9e-01  1.7e-03  1.9e-01
 443  T 0   2.644e+06  -1e-06  0.97  1.5e-01  2.4e-05  1.5e-01  2.9e-01  2.4e-01  1.7e-03  2.4e-01
 444  T 0   2.642e+06   4e-06  0.97  1.9e-01  2.1e-05  1.2e-01  2.2e-01  1.9e-01  2.1e-03  1.9e-01
 445  T 0   2.641e+06  -2e-06  0.97  2.0e-01  2.4e-05  1.5e-01  2.4e-01  1.8e-01  1.9e-03  1.8e-01
 446  T 0   2.639e+06  -3e-05  0.98  1.8e-01  1.8e-05  1.2e-01  2.1e-01  1.8e-01  1.9e-03  1.9e-01
 447  T 0   2.638e+06   7e-05  0.98  2.0e-01  1.7e-05  1.1e-01  2.0e-01  1.9e-01  1.5e-03  1.9e-01
 448  T 0   2.637e+06  -3e-05  0.98  1.4e-01  1.3e-05  1.3e-01  2.3e-01  1.8e-01  1.9e-03  1.8e-01
 449  T 0   2.635e+06  -1e-05  0.98  1.6e-01  1.7e-05  1.6e-01  2.5e-01  1.8e-01  1.7e-03  1.8e-01
 450  T 0   2.635e+06   8e-06  0.98  1.9e-01  1.5e-05  1.2e-01  2.1e-01  1.8e-01  2.0e-03  1.8e-01
 451  T 0   2.634e+06  -6e-05  0.98  2.0e-01  1.5e-05  1.5e-01  2.4e-01  1.8e-01  1.8e-03  1.9e-01
 452  T 0   2.633e+06   3e-05  0.98  1.8e-01  1.6e-05  1.2e-01  2.3e-01  2.1e-01  1.5e-03  2.2e-01
 453  T 0   2.632e+06  -1e-06  0.98  2.0e-01  1.9e-05  1.4e-01  2.4e-01  1.8e-01  1.9e-03  1.8e-01
 454  T 0   2.631e+06   3e-06  0.98  1.7e-01  1.7e-05  1.6e-01  2.6e-01  1.8e-01  2.1e-03  1.8e-01
 455  T 0   2.629e+06  -9e-05  0.98  2.0e-01  1.6e-05  9.9e-02  1.9e-01  1.8e-01  1.7e-03  1.8e-01
 456  T 0   2.629e+06   5e-06  0.98  1.4e-01  2.0e-05  6.9e-02  1.7e-01  2.0e-01  1.6e-03  2.0e-01
 457  T 0   2.628e+06   5e-05  0.98  9.8e-02  3.7e-05  8.2e-02  1.8e-01  1.8e-01  2.1e-03  1.8e-01
 458  T 0   2.627e+06   4e-07  0.98  9.9e-02  2.3e-05  9.9e-02  1.8e-01  2.0e-01  1.9e-03  2.0e-01
 459  T 0   2.627e+06  -2e-05  0.98  1.2e-01  2.4e-05  1.2e-01  1.7e-01  2.0e-01  1.7e-03  2.1e-01
 460  T 0   2.626e+06  -1e-05  0.98  1.4e-01  1.9e-05  1.4e-01  2.0e-01  2.0e-01  1.7e-03  2.0e-01
 461  T 0   2.625e+06  -7e-06  0.98  1.7e-01  2.1e-05  7.9e-02  1.8e-01  1.8e-01  1.9e-03  1.9e-01
 462  T 0   2.624e+06   2e-06  0.98  2.0e-01  2.6e-05  9.4e-02  2.1e-01  1.9e-01  2.3e-03  1.9e-01
 463  T 0   2.623e+06  -8e-05  0.98  1.4e-01  2.3e-05  1.1e-01  2.4e-01  2.4e-01  2.3e-03  2.4e-01
 464  T 0   2.622e+06   3e-06  0.98  1.4e-01  1.1e-05  1.4e-01  2.9e-01  1.9e-01  2.4e-03  1.9e-01
 465  T 0   2.620e+06  -2e-05  0.98  1.6e-01  1.2e-05  1.6e-01  3.4e-01  1.9e-01  1.7e-03  1.9e-01
 466  T 0   2.620e+06   6e-06  0.98  2.0e-01  1.2e-05  1.5e-01  2.3e-01  2.0e-01  1.5e-03  2.0e-01
 467  T 0   2.619e+06   3e-06  0.98  2.0e-01  1.2e-05  1.1e-01  2.0e-01  2.1e-01  2.4e-03  2.1e-01
 468  T 0   2.619e+06  -1e-05  0.98  2.0e-01  2.6e-05  1.3e-01  1.9e-01  2.0e-01  1.6e-03  2.0e-01
 469  T 0   2.619e+06  -4e-05  0.98  1.6e-01  3.2e-05  1.6e-01  2.3e-01  2.0e-01  1.7e-03  2.0e-01
 470  T 0   2.619e+06   2e-06  0.98  1.9e-01  2.6e-05  1.5e-01  2.1e-01  2.0e-01  1.8e-03  2.1e-01
 471  T 0   2.619e+06  -6e-05  0.98  2.0e-01  2.2e-05  1.5e-01  1.9e-01  2.1e-01  2.6e-03  2.1e-01
 472  T 0   2.618e+06  -3e-05  0.98  1.4e-01  1.3e-05  1.2e-01  1.7e-01  2.3e-01  2.4e-03  2.4e-01
 473  T 0   2.618e+06   3e-06  0.98  9.8e-02  1.2e-05  7.6e-02  1.2e-01  2.0e-01  2.1e-03  2.1e-01
 474  T 0   2.618e+06   1e-05  0.98  6.9e-02  1.2e-05  6.0e-02  1.1e-01  2.0e-01  2.2e-03  2.0e-01
 475  T 0   2.617e+06   4e-05  0.98  4.8e-02  1.2e-05  4.3e-02  9.5e-02  2.2e-01  1.9e-03  2.2e-01
 476  T 0   2.617e+06  -2e-04  0.98  5.1e-02  1.9e-05  5.1e-02  9.4e-02  2.0e-01  1.6e-03  2.0e-01
 477  T 0   2.617e+06   1e-05  0.98  6.2e-02  1.4e-05  5.4e-02  1.1e-01  2.1e-01  2.1e-03  2.1e-01
 478  T 0   2.616e+06   1e-04  0.98  7.4e-02  2.5e-05  6.5e-02  9.9e-02  2.0e-01  2.0e-03  2.0e-01
 479  T 0   2.616e+06  -1e-05  0.98  8.9e-02  1.7e-05  8.7e-02  1.3e-01  2.1e-01  1.9e-03  2.1e-01
 480  T 0   2.616e+06  -3e-06  0.98  1.1e-01  1.6e-05  1.0e-01  1.5e-01  2.0e-01  2.2e-03  2.1e-01
 481  T 0   2.615e+06   1e-07  0.98  1.3e-01  2.0e-05  7.3e-02  1.1e-01  2.0e-01  2.3e-03  2.1e-01
 482  T 0   2.614e+06   1e-05  0.98  1.5e-01  2.2e-05  7.8e-02  1.2e-01  2.0e-01  2.1e-03  2.1e-01
 483  T 0   2.614e+06  -8e-06  0.98  1.8e-01  1.9e-05  6.3e-02  1.0e-01  2.0e-01  2.0e-03  2.1e-01
 484  T 0   2.613e+06   3e-06  0.98  2.0e-01  2.9e-05  1.1e-01  1.5e-01  2.0e-01  1.7e-03  2.1e-01
 485  T 0   2.612e+06  -2e-06  0.98  2.0e-01  3.3e-05  1.3e-01  1.7e-01  2.0e-01  2.0e-03  2.1e-01
 486  T 0   2.611e+06   4e-05  0.98  2.0e-01  1.6e-05  1.1e-01  1.9e-01  2.1e-01  1.6e-03  2.1e-01
 487  T 0   2.610e+06  -4e-06  0.98  2.0e-01  2.9e-05  1.3e-01  1.9e-01  2.1e-01  2.2e-03  2.1e-01
 488  T 0   2.608e+06   2e-06  0.98  1.6e-01  4.7e-05  1.6e-01  2.3e-01  2.0e-01  2.1e-03  2.0e-01
 489  T 0   2.607e+06  -3e-05  0.98  1.9e-01  2.7e-05  9.7e-02  1.7e-01  2.0e-01  2.0e-03  2.0e-01
 490  T 0   2.606e+06   2e-06  0.98  2.0e-01  2.0e-05  1.1e-01  1.8e-01  2.5e-01  1.9e-03  2.6e-01
 491  T 0   2.605e+06   3e-07  0.98  1.4e-01  2.3e-05  1.3e-01  2.4e-01  2.0e-01  1.7e-03  2.0e-01
 492  T 0   2.604e+06   2e-05  0.98  1.5e-01  1.9e-05  9.2e-02  1.9e-01  2.0e-01  2.7e-03  2.0e-01
 493  T 0   2.604e+06   7e-06  0.98  1.9e-01  2.3e-05  8.1e-02  1.5e-01  2.0e-01  2.8e-03  2.0e-01
 494  T 0   2.603e+06   3e-06  0.98  1.3e-01  2.7e-05  9.7e-02  1.8e-01  2.0e-01  2.5e-03  2.0e-01
 495  T 0   2.602e+06  -2e-04  0.98  1.2e-01  3.8e-05  1.2e-01  2.1e-01  2.0e-01  1.5e-03  2.0e-01
 496  T 0   2.601e+06   2e-06  0.98  1.4e-01  1.6e-05  1.4e-01  2.1e-01  2.0e-01  2.3e-03  2.0e-01
 497  T 0   2.600e+06   0e+00  0.98  1.7e-01  1.8e-05  1.2e-01  2.1e-01  2.0e-01  2.3e-03  2.0e-01
 498  T 0   2.600e+06   7e-06  0.98  2.0e-01  1.9e-05  1.4e-01  2.0e-01  2.0e-01  2.0e-03  2.0e-01
 499  T 0   2.599e+06   9e-06  0.98  2.0e-01  2.5e-05  1.6e-01  2.2e-01  2.0e-01  2.6e-03  2.1e-01
 500  T 0   2.598e+06  -2e-06  0.98  2.0e-01  3.2e-05  1.1e-01  1.7e-01  2.0e-01  1.2e-03  2.0e-01
 501  T 0   2.597e+06  -4e-06  0.98  1.4e-01  3.1e-05  1.3e-01  2.0e-01  2.0e-01  1.5e-03  2.0e-01
 502  T 0   2.596e+06  -4e-05  0.98  1.6e-01  5.3e-05  1.3e-01  2.0e-01  2.0e-01  2.1e-03  2.0e-01
 503  T 0   2.595e+06  -3e-06  0.98  1.9e-01  4.1e-05  7.9e-02  1.6e-01  2.0e-01  2.2e-03  2.0e-01
 504  T 0   2.595e+06  -2e-05  0.98  1.9e-01  7.9e-05  6.1e-02  1.3e-01  2.0e-01  2.0e-03  2.0e-01
 505  T 0   2.594e+06   1e-05  0.98  1.3e-01  3.1e-05  7.3e-02  1.6e-01  2.1e-01  1.8e-03  2.1e-01
 506  T 0   2.594e+06   5e-06  0.98  9.4e-02  4.2e-05  8.7e-02  1.7e-01  2.0e-01  2.3e-03  2.0e-01
 507  T 0   2.593e+06   6e-05  0.98  1.0e-01  2.2e-05  1.0e-01  1.7e-01  2.0e-01  2.5e-03  2.0e-01
 508  T 0   2.592e+06   2e-05  0.98  1.3e-01  2.8e-05  1.3e-01  2.0e-01  2.0e-01  1.8e-03  2.0e-01
 509  T 0   2.592e+06   3e-05  0.98  1.5e-01  3.0e-05  1.5e-01  2.0e-01  2.0e-01  1.9e-03  2.0e-01
 510  T 0   2.591e+06  -8e-07  0.98  1.8e-01  3.1e-05  1.2e-01  2.0e-01  2.0e-01  2.0e-03  2.0e-01
 511  T 0   2.590e+06  -2e-07  0.98  2.0e-01  4.4e-05  1.4e-01  2.0e-01  2.1e-01  2.0e-03  2.1e-01
 512  T 0   2.590e+06   3e-05  0.98  1.4e-01  5.3e-05  1.1e-01  2.0e-01  2.0e-01  1.6e-03  2.0e-01
 513  T 0   2.589e+06  -1e-05  0.98  1.4e-01  3.6e-05  1.4e-01  1.9e-01  2.0e-01  1.9e-03  2.0e-01
 514  T 0   2.589e+06  -5e-06  0.98  1.6e-01  3.1e-05  1.6e-01  2.2e-01  2.1e-01  1.2e-03  2.1e-01
 515  T 0   2.588e+06   2e-06  0.98  2.0e-01  3.2e-05  3.5e-02  8.6e-02  2.1e-01  1.8e-03  2.1e-01
 516  T 0   2.588e+06   6e-05  0.98  2.0e-01  3.5e-05  1.5e-01  1.6e-01  2.0e-01  2.0e-03  2.0e-01
 517  T 0   2.588e+06   1e-05  0.98  1.4e-01  3.6e-05  1.0e-01  1.3e-01  2.0e-01  1.7e-03  2.1e-01
 518  T 0   2.587e+06   5e-06  0.98  9.8e-02  4.8e-05  6.0e-02  1.0e-01  2.0e-01  2.3e-03  2.0e-01
 519  T 0   2.587e+06   2e-05  0.98  6.9e-02  4.7e-05  4.7e-02  8.5e-02  2.0e-01  2.1e-03  2.0e-01
 520  T 0   2.586e+06  -1e-04  0.98  5.7e-02  5.4e-05  5.7e-02  9.9e-02  2.0e-01  1.6e-03  2.0e-01
 521  T 0   2.586e+06   1e-05  0.97  6.8e-02  6.1e-05  6.8e-02  1.0e-01  2.0e-01  2.0e-03  2.0e-01
 522  T 0   2.585e+06   2e-05  0.97  8.2e-02  7.3e-05  8.2e-02  1.3e-01  2.0e-01  1.7e-03  2.0e-01
 523  T 0   2.585e+06   1e-05  0.97  9.8e-02  1.1e-04  9.8e-02  1.5e-01  2.0e-01  2.3e-03  2.0e-01
 524  T 0   2.584e+06  -7e-06  0.97  1.2e-01  7.9e-05  1.2e-01  1.5e-01  2.0e-01  2.1e-03  2.0e-01
 525  T 0   2.583e+06  -2e-05  0.97  1.4e-01  4.9e-05  1.4e-01  2.2e-01  2.0e-01  1.9e-03  2.1e-01
 526  T 0   2.582e+06   2e-05  0.97  1.7e-01  4.0e-05  1.5e-01  1.8e-01  2.0e-01  2.2e-03  2.0e-01
 527  T 0   2.581e+06  -4e-05  0.97  2.0e-01  3.7e-05  1.4e-01  1.7e-01  2.0e-01  2.9e-03  2.1e-01
 528  T 0   2.581e+06   7e-06  0.97  2.0e-01  3.5e-05  1.4e-01  1.8e-01  2.0e-01  3.1e-03  2.1e-01
 529  T 0   2.581e+06  -8e-05  0.97  1.4e-01  2.7e-05  1.4e-01  1.7e-01  2.0e-01  3.0e-03  2.1e-01
 530  T 0   2.580e+06  -7e-06  0.97  9.8e-02  2.8e-05  8.2e-02  1.3e-01  2.0e-01  2.5e-03  2.1e-01
 531  T 0   2.579e+06  -1e-05  0.97  7.1e-02  3.5e-05  7.1e-02  1.2e-01  2.0e-01  3.3e-03  2.0e-01
 532  T 0   2.579e+06  -3e-08  0.97  8.5e-02  2.2e-05  8.5e-02  1.3e-01  2.0e-01  2.0e-03  2.0e-01
 533  T 0   2.578e+06  -1e-05  0.97  1.0e-01  2.4e-05  1.0e-01  1.7e-01  2.1e-01  2.1e-03  2.1e-01
 534  T 0   2.577e+06   4e-07  0.97  1.2e-01  3.8e-05  1.2e-01  1.8e-01  2.0e-01  2.4e-03  2.0e-01
 535  T 0   2.576e+06   3e-06  0.97  1.5e-01  4.5e-05  1.5e-01  2.2e-01  2.0e-01  1.9e-03  2.0e-01
 536  T 0   2.575e+06   7e-06  0.97  1.8e-01  2.8e-05  1.3e-01  2.1e-01  2.6e-01  2.1e-03  2.6e-01
 537  T 0   2.574e+06  -4e-05  0.97  2.0e-01  1.9e-05  1.5e-01  2.3e-01  2.4e-01  1.2e-03  2.4e-01
 538  T 0   2.573e+06  -2e-04  0.97  1.9e-01  2.5e-05  1.1e-01  2.0e-01  2.9e-01  1.6e-03  2.9e-01
 539  T 0   2.572e+06   7e-06  0.97  1.3e-01  2.8e-05  1.3e-01  2.1e-01  2.2e-01  2.2e-03  2.2e-01
 540  T 0   2.571e+06  -4e-05  0.97  1.6e-01  3.4e-05  1.6e-01  2.3e-01  2.4e-01  2.0e-03  2.4e-01
 541  T 0   2.570e+06  -5e-08  0.97  1.9e-01  5.9e-05  5.8e-02  1.4e-01  2.6e-01  1.0e-02  2.7e-01
 542  T 0   2.569e+06   8e-06  0.97  2.0e-01  2.7e-05  6.2e-02  1.5e-01  2.4e-01  1.7e-03  2.4e-01
 543  T 0   2.567e+06   9e-05  0.97  1.4e-01  2.2e-05  7.4e-02  1.6e-01  2.6e-01  2.0e-03  2.6e-01
 544  T 0   2.566e+06   1e-05  0.98  9.8e-02  2.4e-05  8.9e-02  1.8e-01  2.2e-01  1.8e-03  2.3e-01
 545  T 0   2.564e+06   3e-05  0.98  1.1e-01  2.8e-05  7.7e-02  2.0e-01  2.0e-01  1.9e-03  2.0e-01
 546  T 0   2.563e+06  -3e-05  0.98  1.3e-01  3.1e-05  9.3e-02  2.1e-01  2.1e-01  2.2e-03  2.1e-01
 547  T 0   2.561e+06  -3e-05  0.98  1.1e-01  3.6e-05  1.1e-01  2.5e-01  2.3e-01  2.2e-03  2.3e-01
 548  T 0   2.559e+06  -5e-05  0.98  1.3e-01  6.5e-05  1.3e-01  2.9e-01  2.0e-01  1.6e-03  2.0e-01
 549  T 0   2.557e+06  -5e-06  0.98  1.6e-01  3.7e-05  1.6e-01  3.0e-01  2.0e-01  2.1e-03  2.0e-01
 550  T 0   2.556e+06  -4e-05  0.98  1.9e-01  4.6e-05  9.7e-02  3.1e-01  2.0e-01  2.5e-03  2.0e-01
 551  T 0   2.554e+06   8e-06  0.98  2.0e-01  2.8e-05  1.2e-01  3.1e-01  2.0e-01  2.0e-03  2.0e-01
 552  T 0   2.553e+06   4e-06  0.98  1.4e-01  2.9e-05  1.4e-01  3.6e-01  2.1e-01  1.7e-03  2.1e-01
 553  T 0   2.552e+06   6e-05  0.98  1.7e-01  3.6e-05  1.7e-01  4.0e-01  2.0e-01  1.8e-03  2.0e-01
 554  T 0   2.551e+06   2e-07  0.99  2.0e-01  4.2e-05  1.6e-01  3.2e-01  2.0e-01  2.0e-03  2.0e-01
 555  T 0   2.549e+06   7e-05  0.99  2.0e-01  4.8e-05  1.4e-01  2.3e-01  2.0e-01  2.6e-03  2.0e-01
 556  T 0   2.548e+06  -1e-05  0.98  2.0e-01  5.5e-05  8.2e-02  1.9e-01  2.0e-01  2.4e-03  2.0e-01
 557  T 0   2.547e+06  -1e-04  0.98  1.4e-01  5.8e-05  9.9e-02  2.2e-01  2.0e-01  1.9e-03  2.0e-01
 558  T 0   2.545e+06  -1e-05  0.98  1.2e-01  7.0e-05  1.2e-01  2.7e-01  2.0e-01  1.7e-03  2.0e-01
 559  T 0   2.544e+06  -8e-05  0.98  1.4e-01  8.2e-05  1.4e-01  2.8e-01  2.0e-01  2.1e-03  2.0e-01
 560  T 0   2.542e+06  -3e-05  0.98  1.7e-01  9.6e-05  1.3e-01  2.9e-01  2.3e-01  2.4e-03  2.4e-01
 561  T 0   2.541e+06  -1e-06  0.98  2.0e-01  7.3e-05  1.4e-01  3.3e-01  2.1e-01  2.1e-03  2.1e-01
 562  T 0   2.540e+06  -6e-07  0.98  2.0e-01  5.9e-05  1.7e-01  3.4e-01  2.0e-01  1.6e-03  2.0e-01
 563  T 0   2.539e+06  -4e-06  0.98  2.0e-01  9.7e-05  1.5e-01  3.2e-01  2.0e-01  2.1e-03  2.0e-01
 564  T 0   2.538e+06  -2e-16  0.98  2.0e-01  3.3e-05  1.2e-01  2.7e-01  2.0e-01  1.8e-03  2.0e-01
 565  T 0   2.538e+06   7e-06  0.98  2.0e-01  4.2e-05  1.3e-01  3.0e-01  2.4e-01  1.8e-03  2.4e-01
 566  T 0   2.537e+06   2e-05  0.98  2.0e-01  4.9e-05  9.9e-02  2.2e-01  2.0e-01  2.1e-03  2.0e-01
 567  T 0   2.537e+06  -1e-05  0.99  1.7e-01  5.0e-05  9.8e-02  1.6e-01  2.5e-01  2.1e-03  2.5e-01
 568  T 0   2.537e+06  -2e-04  0.99  1.2e-01  6.0e-05  1.2e-01  1.8e-01  2.0e-01  1.6e-03  2.1e-01
 569  T 0   2.536e+06  -3e-05  0.99  1.4e-01  2.8e-05  6.9e-02  1.4e-01  2.0e-01  2.1e-03  2.1e-01
 570  T 0   2.536e+06   4e-07  0.98  9.9e-02  2.6e-05  9.2e-02  1.8e-01  2.0e-01  2.7e-03  2.1e-01
 571  T 0   2.536e+06   2e-05  0.98  1.2e-01  4.1e-05  7.6e-02  1.6e-01  2.0e-01  2.0e-03  2.0e-01
 572  T 0   2.536e+06   7e-06  0.98  8.3e-02  2.9e-05  8.3e-02  1.3e-01  2.4e-01  1.9e-03  2.4e-01
 573  T 0   2.535e+06   4e-05  0.98  5.8e-02  3.7e-05  5.8e-02  9.3e-02  2.1e-01  2.0e-03  2.1e-01
 574  T 0   2.535e+06   5e-06  0.98  4.1e-02  2.4e-05  2.6e-02  5.9e-02  2.0e-01  1.9e-03  2.0e-01
 575  T 0   2.535e+06   2e-06  0.98  4.9e-02  2.4e-05  2.9e-02  6.0e-02  2.0e-01  1.8e-03  2.1e-01
 576  T 0   2.535e+06   3e-06  0.98  3.5e-02  2.4e-05  3.5e-02  7.3e-02  2.0e-01  2.0e-03  2.0e-01
 577  T 0   2.534e+06   1e-04  0.98  4.2e-02  2.3e-05  2.4e-02  5.4e-02  2.0e-01  1.7e-03  2.0e-01
 578  T 0   2.534e+06  -5e-05  0.98  5.0e-02  2.4e-05  4.8e-02  6.8e-02  2.0e-01  1.9e-03  2.0e-01
 579  T 0   2.534e+06  -2e-06  0.98  6.1e-02  2.7e-05  1.5e-02  3.8e-02  2.1e-01  2.3e-03  2.1e-01
 580  T 0   2.533e+06   4e-05  0.98  7.3e-02  3.7e-05  5.5e-02  6.4e-02  2.4e-01  2.0e-03  2.5e-01
 581  T 0   2.533e+06   2e-04  0.98  8.7e-02  2.7e-05  8.7e-02  9.4e-02  2.0e-01  1.8e-03  2.0e-01
 582  T 0   2.533e+06   1e-05  0.98  1.0e-01  3.7e-05  2.7e-02  4.8e-02  2.5e-01  1.7e-03  2.6e-01
 583  T 0   2.532e+06   6e-05  0.98  1.3e-01  4.2e-05  9.9e-02  1.1e-01  2.0e-01  1.6e-03  2.1e-01
 584  T 0   2.532e+06  -1e-05  0.98  1.5e-01  1.3e-05  7.2e-02  8.9e-02  2.0e-01  1.8e-03  2.0e-01
 585  T 0   2.531e+06   1e-04  0.98  1.8e-01  2.1e-05  1.5e-01  1.6e-01  2.0e-01  1.6e-03  2.0e-01
 586  T 0   2.531e+06  -2e-05  0.98  2.0e-01  2.3e-05  7.2e-02  1.0e-01  2.1e-01  1.9e-03  2.1e-01
 587  T 0   2.530e+06   5e-06  0.98  2.0e-01  2.7e-05  8.5e-02  1.2e-01  2.1e-01  2.3e-03  2.2e-01
 588  T 0   2.529e+06   5e-06  0.98  2.0e-01  2.4e-05  6.8e-02  9.8e-02  2.1e-01  2.1e-03  2.1e-01
 589  T 0   2.529e+06   2e-04  0.98  1.4e-01  3.1e-05  8.1e-02  1.2e-01  2.0e-01  1.5e-03  2.0e-01
 590  T 0   2.528e+06  -6e-06  0.98  9.8e-02  1.7e-05  9.7e-02  1.3e-01  2.0e-01  2.0e-03  2.0e-01
 591  T 0   2.527e+06   9e-07  0.98  1.2e-01  1.8e-05  1.2e-01  1.6e-01  2.0e-01  3.6e-03  2.0e-01
 592  T 0   2.527e+06  -5e-05  0.98  1.4e-01  2.3e-05  1.4e-01  1.9e-01  2.0e-01  2.1e-03  2.0e-01
 593  T 0   2.526e+06   2e-05  0.98  1.7e-01  2.2e-05  1.1e-01  1.5e-01  2.0e-01  2.1e-03  2.0e-01
 594  T 0   2.525e+06   5e-06  0.98  1.3e-01  1.3e-05  1.3e-01  2.1e-01  2.1e-01  1.8e-03  2.1e-01
 595  T 0   2.524e+06  -9e-06  0.98  1.6e-01  1.3e-05  8.2e-02  1.5e-01  2.0e-01  1.9e-03  2.0e-01
 596  T 0   2.524e+06  -2e-06  0.98  1.1e-01  1.8e-05  8.9e-02  1.4e-01  2.0e-01  1.8e-03  2.0e-01
 597  T 0   2.523e+06  -5e-06  0.98  1.1e-01  2.3e-05  1.1e-01  1.6e-01  2.0e-01  2.2e-03  2.0e-01
 598  T 0   2.523e+06   4e-06  0.98  1.3e-01  2.9e-05  6.6e-02  1.5e-01  2.0e-01  1.8e-03  2.0e-01
 599  T 0   2.522e+06   8e-05  0.98  1.5e-01  3.8e-05  7.4e-02  1.5e-01  2.0e-01  1.8e-03  2.0e-01
 600  T 0   2.521e+06   1e-05  0.98  1.1e-01  1.4e-05  8.9e-02  2.0e-01  2.0e-01  2.0e-03  2.0e-01
 601  T 0   2.520e+06   8e-06  0.98  1.1e-01  1.4e-05  1.1e-01  1.8e-01  2.0e-01  1.9e-03  2.0e-01
 602  T 0   2.520e+06   4e-05  0.98  1.3e-01  1.5e-05  7.4e-02  1.3e-01  2.0e-01  2.2e-03  2.1e-01
 603  T 0   2.519e+06   2e-06  0.98  1.5e-01  1.6e-05  1.2e-01  1.6e-01  2.1e-01  2.5e-03  2.1e-01
 604  T 0   2.519e+06   4e-05  0.98  1.1e-01  1.4e-05  8.2e-02  1.4e-01  2.0e-01  2.5e-03  2.0e-01
 605  T 0   2.518e+06  -3e-05  0.98  7.5e-02  1.6e-05  5.7e-02  1.1e-01  2.0e-01  2.1e-03  2.0e-01
 606  T 0   2.518e+06  -3e-05  0.98  6.9e-02  5.7e-05  6.9e-02  1.4e-01  2.0e-01  1.6e-03  2.0e-01
 607  T 0   2.518e+06   5e-06  0.98  4.9e-02  2.3e-05  4.9e-02  1.4e-01  2.1e-01  1.8e-03  2.1e-01
 608  F 0   2.518e+06  -5e-05  0.98  5.8e-02  2.9e-05  5.8e-02  1.3e-01  2.0e-01  1.4e-03  2.0e-01
 609  T 0   2.517e+06   5e-06  0.98  6.8e-02  1.8e-05  6.8e-02  1.2e-01  2.0e-01  2.2e-03  2.0e-01
 610  F 0   2.517e+06   1e-06  0.98  4.7e-02  2.0e-05  4.7e-02  9.6e-02  2.7e-01  2.8e-03  2.7e-01
 611  T 0   2.517e+06   8e-05  0.98  3.3e-02  1.8e-05  3.0e-02  6.7e-02  2.0e-01  2.1e-03  2.0e-01
 612  T 0   2.516e+06   6e-05  0.98  2.3e-02  1.9e-05  2.3e-02  6.0e-02  2.0e-01  2.0e-03  2.0e-01
 613  T 0   2.516e+06   2e-05  0.98  2.8e-02  8.0e-05  2.8e-02  6.3e-02  2.1e-01  1.6e-03  2.1e-01
 614  T 0   2.516e+06   3e-05  0.98  3.1e-02  1.9e-05  3.1e-02  6.6e-02  2.0e-01  1.6e-03  2.0e-01
 615  T 0   2.516e+06   4e-05  0.98  3.7e-02  4.4e-05  3.7e-02  7.3e-02  2.0e-01  2.4e-03  2.0e-01
 616  T 0   2.515e+06  -6e-06  0.98  4.4e-02  3.8e-05  4.4e-02  8.3e-02  2.2e-01  1.8e-03  2.3e-01
 617  T 0   2.515e+06   5e-05  0.98  5.3e-02  2.6e-05  4.0e-02  8.2e-02  2.0e-01  2.1e-03  2.0e-01
 618  T 0   2.515e+06  -4e-06  0.98  6.4e-02  2.4e-05  4.0e-02  8.1e-02  2.2e-01  1.7e-03  2.2e-01
 619  T 0   2.514e+06   4e-05  0.98  4.7e-02  2.6e-05  4.7e-02  7.8e-02  2.0e-01  1.8e-03  2.0e-01
 620  T 0   2.514e+06  -1e-05  0.98  5.7e-02  3.5e-05  5.7e-02  7.7e-02  2.0e-01  2.0e-03  2.0e-01
 621  T 0   2.514e+06   1e-06  0.97  6.8e-02  2.9e-05  6.8e-02  8.3e-02  2.0e-01  1.6e-03  2.0e-01
 622  T 0   2.513e+06  -4e-06  0.98  8.2e-02  4.6e-05  8.2e-02  1.0e-01  2.1e-01  1.2e-03  2.1e-01
 623  T 0   2.513e+06  -1e-05  0.97  9.8e-02  2.3e-05  9.8e-02  1.1e-01  2.0e-01  2.3e-03  2.1e-01
 624  T 0   2.512e+06  -4e-06  0.98  1.2e-01  3.2e-05  1.2e-01  1.3e-01  2.0e-01  1.9e-03  2.0e-01
 625  T 0   2.512e+06  -4e-05  0.98  1.4e-01  2.8e-05  1.4e-01  1.6e-01  2.5e-01  2.0e-03  2.5e-01
 626  T 0   2.511e+06  -1e-05  0.98  1.7e-01  3.7e-05  1.5e-01  1.7e-01  2.2e-01  2.2e-03  2.2e-01
 627  T 0   2.511e+06  -1e-05  0.98  2.0e-01  3.8e-05  6.1e-02  9.1e-02  2.0e-01  2.5e-03  2.1e-01
 628  T 0   2.511e+06   4e-05  0.98  1.4e-01  4.4e-05  3.3e-02  7.8e-02  2.0e-01  1.8e-03  2.0e-01
 629  T 0   2.510e+06   1e-05  0.97  9.8e-02  3.0e-05  3.3e-02  6.4e-02  2.0e-01  1.8e-03  2.0e-01
 630  T 0   2.510e+06  -5e-06  0.97  6.9e-02  2.8e-05  4.0e-02  7.1e-02  2.0e-01  2.0e-03  2.0e-01
 631  T 0   2.510e+06   3e-05  0.98  7.4e-02  3.0e-05  6.9e-02  1.0e-01  2.0e-01  1.9e-03  2.0e-01
 632  T 0   2.509e+06  -3e-04  0.98  5.2e-02  2.2e-05  4.8e-02  8.7e-02  2.0e-01  1.6e-03  2.1e-01
 633  T 0   2.509e+06  -3e-05  0.98  6.2e-02  1.2e-05  6.2e-02  9.8e-02  2.1e-01  2.0e-03  2.1e-01
 634  T 0   2.508e+06   2e-05  0.97  4.7e-02  3.3e-05  4.7e-02  1.0e-01  2.0e-01  1.8e-03  2.0e-01
 635  T 0   2.508e+06  -1e-04  0.97  5.6e-02  2.2e-05  5.6e-02  1.1e-01  2.0e-01  1.5e-03  2.0e-01
 636  T 0   2.507e+06  -1e-05  0.97  6.8e-02  1.9e-05  6.8e-02  1.2e-01  2.0e-01  1.8e-03  2.1e-01
 637  T 0   2.506e+06  -2e-05  0.97  8.1e-02  1.5e-05  8.1e-02  1.4e-01  2.0e-01  1.7e-03  2.0e-01
 638  T 0   2.506e+06  -4e-05  0.97  9.7e-02  2.2e-05  9.7e-02  1.7e-01  2.0e-01  2.3e-03  2.0e-01
 639  T 0   2.505e+06  -3e-05  0.97  1.2e-01  2.3e-05  7.4e-02  1.4e-01  2.0e-01  2.7e-03  2.0e-01
 640  T 0   2.504e+06  -5e-06  0.97  1.4e-01  1.1e-05  8.9e-02  1.4e-01  2.6e-01  1.9e-03  2.6e-01
 641  T 0   2.503e+06   6e-05  0.97  1.1e-01  9.5e-06  1.1e-01  1.6e-01  2.0e-01  1.9e-03  2.0e-01
 642  T 0   2.503e+06   1e-05  0.97  1.3e-01  1.7e-05  1.3e-01  1.9e-01  2.0e-01  1.7e-03  2.0e-01
 643  T 0   2.501e+06   5e-06  0.97  1.5e-01  1.7e-05  1.5e-01  2.3e-01  2.0e-01  1.8e-03  2.0e-01
 644  T 0   2.500e+06   1e-05  0.98  1.9e-01  2.2e-05  6.2e-02  2.1e-01  2.0e-01  2.2e-03  2.0e-01
 645  T 0   2.499e+06  -2e-05  0.98  2.0e-01  3.4e-05  7.4e-02  2.4e-01  2.0e-01  2.0e-03  2.0e-01
 646  T 0   2.498e+06  -9e-05  0.98  1.4e-01  2.4e-05  8.5e-02  2.4e-01  2.0e-01  1.7e-03  2.0e-01
 647  T 0   2.497e+06  -9e-06  0.98  1.1e-01  2.5e-05  1.0e-01  2.5e-01  2.0e-01  2.3e-03  2.0e-01
 648  T 0   2.496e+06  -2e-05  0.98  1.2e-01  1.8e-05  1.2e-01  2.7e-01  2.0e-01  2.0e-03  2.1e-01
 649  T 0   2.495e+06   7e-05  0.98  1.5e-01  1.7e-05  1.2e-01  2.8e-01  2.0e-01  1.8e-03  2.0e-01
 650  T 0   2.495e+06  -9e-06  0.98  1.8e-01  2.4e-05  1.4e-01  2.9e-01  2.0e-01  1.9e-03  2.0e-01
 651  T 0   2.494e+06   1e-05  0.98  1.7e-01  1.7e-05  1.6e-01  3.0e-01  2.0e-01  2.0e-03  2.1e-01
 652  T 0   2.493e+06   0e+00  0.98  2.0e-01  2.0e-05  1.2e-01  2.7e-01  2.0e-01  2.0e-03  2.0e-01
 653  T 0   2.493e+06  -2e-05  0.98  1.4e-01  2.2e-05  1.4e-01  3.1e-01  2.0e-01  2.1e-03  2.0e-01
 654  T 0   2.492e+06  -1e-05  0.98  1.7e-01  1.6e-05  1.6e-01  3.1e-01  2.0e-01  2.1e-03  2.0e-01
 655  T 0   2.491e+06  -1e-05  0.98  2.0e-01  1.5e-05  9.8e-02  2.1e-01  2.4e-01  1.7e-03  2.4e-01
 656  T 0   2.491e+06  -1e-05  0.98  1.4e-01  1.6e-05  1.2e-01  2.1e-01  2.8e-01  2.0e-03  2.8e-01
 657  T 0   2.490e+06  -8e-07  0.98  1.7e-01  1.9e-05  1.4e-01  2.3e-01  2.0e-01  2.1e-03  2.0e-01
 658  T 0   2.490e+06   7e-06  0.98  2.0e-01  1.4e-05  8.1e-02  1.5e-01  2.0e-01  1.7e-03  2.0e-01
 659  T 0   2.489e+06  -4e-06  0.98  2.0e-01  1.6e-05  1.0e-01  2.0e-01  2.0e-01  2.1e-03  2.0e-01
 660  T 0   2.489e+06  -2e-05  0.99  1.4e-01  1.9e-05  8.2e-02  1.6e-01  2.2e-01  1.6e-03  2.2e-01
 661  T 0   2.488e+06   1e-05  0.99  1.4e-01  1.4e-05  8.6e-02  1.6e-01  2.0e-01  1.7e-03  2.0e-01
 662  T 0   2.487e+06   3e-05  0.99  1.4e-01  1.9e-05  1.0e-01  1.7e-01  2.0e-01  2.0e-03  2.0e-01
 663  T 0   2.487e+06  -3e-04  0.99  1.2e-01  1.5e-05  1.2e-01  1.9e-01  2.0e-01  1.7e-03  2.0e-01
 664  T 0   2.486e+06   2e-06  0.99  1.2e-01  1.2e-05  8.7e-02  1.8e-01  2.2e-01  2.0e-03  2.2e-01
 665  T 0   2.485e+06   2e-06  0.99  1.4e-01  1.2e-05  1.1e-01  2.1e-01  2.0e-01  1.6e-03  2.0e-01
 666  T 0   2.484e+06   9e-06  0.99  1.7e-01  1.1e-05  1.2e-01  1.9e-01  2.0e-01  2.0e-03  2.1e-01
 667  F 0   2.485e+06   7e-06  0.99  2.0e-01  2.1e-05  1.1e-01  1.8e-01  2.0e-01  1.7e-03  2.0e-01
 668  F 0   2.485e+06   3e-05  0.99  1.7e-01  1.3e-05  1.4e-01  2.0e-01  2.0e-01  2.1e-03  2.0e-01
 669  T 0   2.484e+06  -6e-05  0.98  1.2e-01  1.1e-05  9.8e-02  1.4e-01  2.0e-01  2.0e-03  2.0e-01
 670  T 0   2.484e+06   1e-04  0.98  8.2e-02  1.3e-05  6.9e-02  1.1e-01  2.0e-01  1.6e-03  2.0e-01
 671  T 0   2.484e+06  -2e-05  0.98  8.6e-02  1.2e-05  4.8e-02  7.9e-02  2.0e-01  1.6e-03  2.0e-01
 672  T 0   2.484e+06  -6e-05  0.98  6.0e-02  1.4e-05  3.4e-02  5.5e-02  2.0e-01  1.6e-03  2.0e-01
 673  T 0   2.484e+06  -1e-05  0.98  7.2e-02  1.4e-05  1.5e-02  3.7e-02  2.0e-01  1.7e-03  2.0e-01
 674  T 0   2.483e+06  -5e-05  0.98  8.6e-02  1.8e-05  2.4e-02  4.1e-02  2.0e-01  1.8e-03  2.0e-01
 675  T 0   2.483e+06  -2e-06  0.98  1.0e-01  2.3e-05  2.0e-02  4.5e-02  2.0e-01  1.9e-03  2.0e-01
 676  T 0   2.483e+06  -1e-05  0.98  1.2e-01  2.9e-05  2.0e-02  4.1e-02  2.0e-01  1.6e-03  2.0e-01
 677  T 0   2.483e+06   7e-05  0.98  1.5e-01  1.4e-05  2.4e-02  4.7e-02  2.0e-01  1.6e-03  2.0e-01
 678  T 0   2.482e+06  -2e-06  0.98  1.0e-01  2.3e-05  2.9e-02  5.4e-02  2.6e-01  1.6e-03  2.6e-01
 679  T 0   2.482e+06   7e-06  0.98  1.3e-01  1.8e-05  3.5e-02  5.6e-02  2.1e-01  1.8e-03  2.1e-01
 680  T 0   2.482e+06  -9e-06  0.98  1.5e-01  1.5e-05  4.2e-02  6.6e-02  2.1e-01  1.9e-03  2.1e-01
 681  T 0   2.482e+06  -2e-06  0.98  1.1e-01  2.5e-05  7.6e-02  1.0e-01  2.0e-01  1.7e-03  2.0e-01
 682  T 0   2.482e+06  -1e-05  0.98  7.4e-02  2.3e-05  2.2e-02  5.4e-02  2.0e-01  1.8e-03  2.0e-01
 683  T 0   2.482e+06   9e-06  0.98  5.2e-02  2.3e-05  1.6e-02  4.0e-02  2.0e-01  1.7e-03  2.0e-01
 684  T 0   2.481e+06   8e-06  0.98  3.6e-02  2.2e-05  1.9e-02  3.8e-02  2.0e-01  1.7e-03  2.0e-01
 685  T 0   2.481e+06  -8e-06  0.98  4.3e-02  2.4e-05  2.3e-02  4.5e-02  2.0e-01  1.7e-03  2.0e-01
 686  T 0   2.481e+06   3e-05  0.98  5.2e-02  3.7e-05  2.9e-02  5.9e-02  2.0e-01  1.9e-03  2.1e-01
 687  T 0   2.480e+06   6e-06  0.98  6.2e-02  2.6e-05  3.2e-02  5.9e-02  2.0e-01  1.3e-03  2.0e-01
 688  T 0   2.480e+06   2e-05  0.98  7.5e-02  2.1e-05  7.5e-02  1.0e-01  2.0e-01  1.6e-03  2.0e-01
 689  T 0   2.479e+06  -2e-09  0.98  9.0e-02  2.5e-05  4.7e-02  7.6e-02  2.0e-01  2.1e-03  2.1e-01
 690  T 0   2.479e+06  -2e-05  0.98  6.3e-02  3.0e-05  6.3e-02  1.1e-01  2.1e-01  1.8e-03  2.1e-01
 691  T 0   2.478e+06  -3e-06  0.98  6.7e-02  3.6e-05  6.7e-02  1.1e-01  2.0e-01  1.7e-03  2.0e-01
 692  T 0   2.478e+06  -9e-06  0.98  8.1e-02  3.5e-05  6.3e-02  1.2e-01  2.0e-01  3.0e-03  2.1e-01
 693  T 0   2.478e+06   5e-05  0.98  6.4e-02  4.1e-05  6.4e-02  1.3e-01  2.0e-01  2.3e-03  2.1e-01
 694  T 0   2.477e+06  -1e-05  0.98  7.6e-02  3.3e-05  7.6e-02  1.3e-01  2.1e-01  1.9e-03  2.1e-01
 695  T 0   2.477e+06  -1e-05  0.98  9.1e-02  2.9e-05  9.1e-02  1.4e-01  2.0e-01  1.7e-03  2.0e-01
 696  T 0   2.476e+06   1e-06  0.98  1.1e-01  2.2e-05  1.1e-01  1.6e-01  2.0e-01  1.6e-03  2.0e-01
 697  T 0   2.475e+06  -8e-06  0.98  1.3e-01  2.9e-05  1.3e-01  1.8e-01  2.0e-01  1.7e-03  2.0e-01
 698  T 0   2.474e+06   2e-06  0.98  1.6e-01  2.8e-05  8.8e-02  1.5e-01  2.1e-01  1.8e-03  2.1e-01
 699  T 0   2.473e+06   6e-06  0.98  1.1e-01  2.9e-05  1.1e-01  1.8e-01  2.1e-01  1.6e-03  2.1e-01
 700  T 0   2.472e+06   4e-05  0.98  1.3e-01  3.1e-05  8.1e-02  1.8e-01  2.0e-01  1.7e-03  2.1e-01
 701  T 0   2.472e+06   2e-05  0.98  1.5e-01  2.3e-05  9.7e-02  2.0e-01  2.0e-01  2.2e-03  2.1e-01
 702  T 0   2.471e+06   4e-14  0.98  1.2e-01  1.9e-05  1.2e-01  2.1e-01  2.0e-01  2.1e-03  2.0e-01
 703  T 0   2.470e+06  -1e-06  0.98  1.4e-01  1.6e-05  9.7e-02  2.2e-01  2.0e-01  1.6e-03  2.0e-01
 704  T 0   2.470e+06  -3e-06  0.98  1.7e-01  2.0e-05  1.2e-01  2.4e-01  2.0e-01  2.1e-03  2.0e-01
 705  T 0   2.469e+06   4e-06  0.98  2.0e-01  1.9e-05  1.4e-01  2.6e-01  2.0e-01  2.8e-03  2.0e-01
 706  T 0   2.468e+06   2e-04  0.98  1.7e-01  2.4e-05  1.6e-01  2.9e-01  2.0e-01  1.6e-03  2.0e-01
 707  T 0   2.468e+06  -5e-05  0.98  2.0e-01  2.5e-05  1.3e-01  2.2e-01  2.0e-01  2.5e-03  2.0e-01
 708  T 0   2.467e+06  -2e-05  0.98  2.0e-01  2.5e-05  6.6e-02  1.3e-01  2.5e-01  2.5e-03  2.5e-01
 709  T 0   2.467e+06  -8e-05  0.99  2.0e-01  2.2e-05  9.2e-02  1.7e-01  2.1e-01  1.5e-03  2.1e-01
 710  T 0   2.466e+06   1e-05  0.99  1.4e-01  1.8e-05  9.5e-02  1.4e-01  2.1e-01  2.0e-03  2.1e-01
 711  T 0   2.466e+06  -4e-05  0.99  1.4e-01  1.7e-05  5.6e-02  1.2e-01  2.0e-01  1.8e-03  2.0e-01
 712  T 0   2.465e+06  -3e-06  0.99  1.7e-01  1.7e-05  6.7e-02  1.3e-01  2.0e-01  1.8e-03  2.0e-01
 713  T 0   2.465e+06  -1e-05  0.99  2.0e-01  2.0e-05  8.0e-02  1.7e-01  3.0e-01  2.2e-03  3.0e-01
 714  T 0   2.464e+06  -1e-06  0.99  1.4e-01  1.4e-05  9.6e-02  1.9e-01  2.1e-01  1.8e-03  2.1e-01
 715  T 0   2.464e+06  -1e-06  0.99  1.2e-01  1.5e-05  1.2e-01  2.0e-01  2.0e-01  2.0e-03  2.1e-01
 716  T 0   2.463e+06   4e-05  0.99  1.4e-01  1.6e-05  1.2e-01  2.0e-01  2.0e-01  1.7e-03  2.0e-01
 717  T 0   2.463e+06   4e-06  0.99  1.7e-01  1.7e-05  6.7e-02  1.3e-01  2.0e-01  2.3e-03  2.0e-01
 718  T 0   2.462e+06  -5e-06  0.99  1.7e-01  2.1e-05  8.0e-02  1.6e-01  2.0e-01  1.9e-03  2.0e-01
 719  T 0   2.462e+06  -5e-07  0.99  2.0e-01  1.7e-05  9.6e-02  1.8e-01  2.0e-01  2.0e-03  2.0e-01
 720  T 0   2.462e+06  -1e-05  0.99  2.0e-01  2.9e-05  1.1e-01  2.1e-01  2.0e-01  2.1e-03  2.0e-01
 721  T 0   2.461e+06  -1e-09  0.99  2.0e-01  2.0e-05  1.4e-01  2.4e-01  2.0e-01  1.9e-03  2.0e-01
 722  T 0   2.461e+06   4e-05  0.99  2.0e-01  2.2e-05  1.7e-01  2.8e-01  2.0e-01  1.9e-03  2.0e-01
 723  T 0   2.460e+06   3e-04  0.99  2.0e-01  1.1e-05  1.4e-01  2.4e-01  2.0e-01  1.6e-03  2.0e-01
 724  T 0   2.460e+06   4e-07  0.98  2.0e-01  1.2e-05  1.0e-01  2.3e-01  2.0e-01  1.8e-03  2.0e-01
 725  T 0   2.460e+06  -7e-05  0.98  1.7e-01  1.2e-05  1.2e-01  2.6e-01  2.0e-01  1.7e-03  2.0e-01
 726  T 0   2.460e+06  -6e-06  0.98  2.0e-01  1.2e-05  1.4e-01  2.6e-01  2.0e-01  1.8e-03  2.0e-01
 727  T 0   2.459e+06  -3e-05  0.98  1.7e-01  9.8e-06  1.4e-01  2.1e-01  2.1e-01  2.1e-03  2.1e-01
 728  T 0   2.459e+06  -2e-06  0.98  1.2e-01  1.2e-05  9.8e-02  1.9e-01  2.0e-01  1.9e-03  2.0e-01
 729  T 0   2.459e+06   6e-05  0.98  8.5e-02  1.1e-05  7.0e-02  1.3e-01  2.1e-01  1.6e-03  2.1e-01
 730  T 0   2.459e+06   9e-06  0.98  6.5e-02  1.1e-05  6.5e-02  1.2e-01  2.0e-01  1.2e-03  2.0e-01
 731  T 0   2.458e+06  -3e-05  0.98  7.7e-02  7.8e-06  7.7e-02  1.2e-01  2.6e-01  1.9e-03  2.6e-01
 732  T 0   2.458e+06  -1e-04  0.98  6.9e-02  9.0e-06  6.9e-02  1.3e-01  2.1e-01  2.0e-03  2.2e-01
 733  T 0   2.458e+06  -1e-05  0.98  8.3e-02  1.1e-05  8.3e-02  1.3e-01  2.6e-01  2.5e-03  2.6e-01
 734  T 0   2.458e+06  -2e-05  0.98  5.9e-02  1.6e-05  5.9e-02  1.0e-01  2.5e-01  2.5e-03  2.5e-01
 735  T 0   2.457e+06  -3e-05  0.98  7.1e-02  2.1e-05  7.1e-02  1.1e-01  2.0e-01  1.9e-03  2.0e-01
 736  F 0   2.458e+06   9e-07  0.98  8.5e-02  4.5e-05  8.5e-02  1.0e-01  2.0e-01  2.2e-03  2.0e-01
 737  T 0   2.457e+06   1e-05  0.98  1.0e-01  3.2e-05  1.0e-01  1.2e-01  2.0e-01  1.6e-03  2.0e-01
 738  T 0   2.457e+06   3e-06  0.98  1.2e-01  2.9e-05  1.2e-01  1.4e-01  2.1e-01  2.4e-03  2.1e-01
 739  T 0   2.456e+06   1e-06  0.98  1.5e-01  2.5e-05  1.5e-01  1.6e-01  2.1e-01  1.6e-03  2.1e-01
 740  T 0   2.456e+06  -1e-05  0.98  1.8e-01  1.8e-05  1.2e-01  1.4e-01  2.1e-01  2.2e-03  2.1e-01
 741  T 0   2.456e+06   4e-05  0.98  2.0e-01  3.0e-05  6.2e-02  9.6e-02  2.0e-01  1.7e-03  2.0e-01
 742  T 0   2.456e+06   7e-06  0.98  1.4e-01  1.4e-05  4.3e-02  7.9e-02  2.1e-01  2.3e-03  2.2e-01
 743  T 0   2.455e+06  -1e-05  0.98  9.8e-02  2.5e-05  6.2e-02  9.7e-02  2.0e-01  2.1e-03  2.0e-01
 744  T 0   2.455e+06  -1e-04  0.98  6.9e-02  1.8e-05  4.3e-02  9.9e-02  2.0e-01  1.6e-03  2.0e-01
 745  T 0   2.455e+06  -8e-05  0.98  5.0e-02  2.5e-05  3.7e-02  9.2e-02  2.0e-01  1.6e-03  2.0e-01
 746  T 0   2.454e+06   8e-13  0.98  5.2e-02  2.7e-05  5.2e-02  1.1e-01  2.0e-01  2.0e-03  2.1e-01
 747  T 0   2.454e+06  -2e-04  0.98  6.3e-02  2.1e-05  5.3e-02  1.3e-01  2.1e-01  1.8e-03  2.1e-01
 748  T 0   2.454e+06  -9e-06  0.98  7.6e-02  1.3e-05  5.2e-02  1.3e-01  2.0e-01  1.7e-03  2.0e-01
 749  T 0   2.453e+06  -2e-04  0.98  9.1e-02  1.1e-05  7.7e-02  1.9e-01  2.0e-01  2.0e-03  2.0e-01
 750  T 0   2.453e+06   3e-05  0.98  9.2e-02  1.2e-05  9.2e-02  2.1e-01  2.0e-01  1.8e-03  2.0e-01
 751  T 0   2.452e+06  -6e-06  0.98  1.1e-01  1.1e-05  1.1e-01  2.3e-01  2.0e-01  1.7e-03  2.0e-01
 752  T 0   2.452e+06   3e-06  0.98  1.3e-01  1.5e-05  1.3e-01  2.5e-01  2.1e-01  2.0e-03  2.1e-01
 753  T 0   2.451e+06  -4e-05  0.98  1.6e-01  1.3e-05  1.6e-01  2.8e-01  2.3e-01  2.1e-03  2.3e-01
 754  T 0   2.451e+06   3e-05  0.98  1.9e-01  1.5e-05  1.5e-01  2.4e-01  2.1e-01  2.0e-03  2.1e-01
 755  T 0   2.450e+06  -4e-06  0.98  2.0e-01  1.7e-05  8.9e-02  2.1e-01  2.0e-01  1.9e-03  2.1e-01
 756  T 0   2.450e+06  -3e-05  0.98  2.0e-01  1.8e-05  1.1e-01  2.1e-01  2.1e-01  1.6e-03  2.1e-01
 757  T 0   2.450e+06  -3e-05  0.98  2.0e-01  5.4e-05  2.0e-01  2.9e-01  2.0e-01  2.0e-03  2.0e-01
 758  T 0   2.450e+06   2e-05  0.98  2.0e-01  1.9e-05  2.0e-01  2.8e-01  2.0e-01  2.1e-03  2.0e-01
 759  T 0   2.449e+06  -3e-05  0.98  1.4e-01  3.6e-05  1.4e-01  2.8e-01  2.0e-01  2.1e-03  2.0e-01
 760  T 0   2.449e+06  -2e-05  0.98  1.4e-01  1.5e-05  1.4e-01  2.6e-01  2.0e-01  1.6e-03  2.1e-01
 761  T 0   2.449e+06   6e-07  0.98  1.7e-01  1.5e-05  1.6e-01  2.5e-01  2.0e-01  2.0e-03  2.0e-01
 762  T 0   2.448e+06  -5e-05  0.98  2.0e-01  1.9e-05  1.4e-01  2.0e-01  2.0e-01  1.6e-03  2.0e-01
 763  T 0   2.448e+06  -2e-05  0.98  1.7e-01  1.6e-05  1.6e-01  2.1e-01  2.0e-01  1.8e-03  2.0e-01
 764  T 0   2.447e+06   1e-04  0.98  2.0e-01  1.3e-05  7.9e-02  1.4e-01  2.0e-01  1.7e-03  2.0e-01
 765  T 0   2.447e+06   2e-04  0.98  1.4e-01  1.3e-05  9.4e-02  1.5e-01  2.1e-01  1.6e-03  2.1e-01
 766  T 0   2.447e+06   3e-05  0.98  1.4e-01  1.2e-05  1.1e-01  1.5e-01  2.2e-01  1.9e-03  2.2e-01
 767  T 0   2.446e+06   1e-04  0.98  1.4e-01  2.2e-05  1.4e-01  1.9e-01  2.1e-01  1.6e-03  2.1e-01
 768  T 0   2.445e+06  -1e-06  0.98  1.6e-01  2.2e-05  1.6e-01  2.2e-01  2.0e-01  1.9e-03  2.0e-01
 769  T 0   2.445e+06   9e-06  0.98  2.0e-01  3.6e-05  9.9e-02  1.5e-01  2.3e-01  1.9e-03  2.3e-01
 770  T 0   2.445e+06  -5e-09  0.98  2.0e-01  3.7e-05  8.1e-02  1.3e-01  2.1e-01  2.1e-03  2.1e-01
 771  T 0   2.444e+06   9e-05  0.98  1.4e-01  3.0e-05  9.7e-02  1.6e-01  2.0e-01  1.7e-03  2.1e-01
 772  T 0   2.444e+06  -6e-05  0.98  1.2e-01  3.4e-05  1.2e-01  1.8e-01  2.1e-01  1.7e-03  2.1e-01
 773  T 0   2.443e+06   2e-06  0.98  1.4e-01  2.0e-05  1.4e-01  2.0e-01  2.0e-01  1.8e-03  2.0e-01
 774  T 0   2.443e+06   7e-06  0.98  1.7e-01  1.9e-05  1.6e-01  2.1e-01  2.0e-01  1.6e-03  2.0e-01
 775  T 0   2.442e+06   6e-07  0.98  2.0e-01  2.3e-05  5.9e-02  1.1e-01  2.0e-01  2.2e-03  2.1e-01
 776  T 0   2.442e+06  -1e-04  0.98  1.4e-01  2.6e-05  9.4e-02  1.5e-01  2.2e-01  1.7e-03  2.2e-01
 777  T 0   2.441e+06   3e-05  0.98  1.4e-01  2.8e-05  6.6e-02  1.4e-01  2.1e-01  1.8e-03  2.1e-01
 778  T 0   2.440e+06   5e-05  0.98  1.0e-01  2.5e-05  6.0e-02  1.4e-01  2.0e-01  1.7e-03  2.0e-01
 779  T 0   2.440e+06  -5e-06  0.98  1.2e-01  2.8e-05  7.8e-02  1.8e-01  2.0e-01  1.2e-03  2.0e-01
 780  T 0   2.439e+06  -2e-08  0.98  1.5e-01  3.5e-05  8.6e-02  1.9e-01  2.0e-01  2.0e-03  2.0e-01
 781  T 0   2.438e+06   6e-05  0.98  1.8e-01  5.0e-05  1.0e-01  2.2e-01  2.0e-01  1.8e-03  2.1e-01
 782  T 0   2.437e+06   2e-06  0.98  2.0e-01  3.5e-05  1.2e-01  2.3e-01  2.1e-01  1.7e-03  2.1e-01
 783  T 0   2.436e+06  -7e-05  0.98  2.0e-01  2.9e-05  1.5e-01  3.1e-01  2.0e-01  1.6e-03  2.0e-01
 784  T 0   2.435e+06   8e-06  0.98  2.0e-01  2.4e-05  1.4e-01  3.0e-01  2.5e-01  1.6e-03  2.5e-01
 785  T 0   2.434e+06  -8e-10  0.98  2.0e-01  2.6e-05  2.0e-01  3.2e-01  2.0e-01  2.3e-03  2.1e-01
 786  T 0   2.433e+06  -6e-07  0.99  2.0e-01  3.5e-05  1.2e-01  2.0e-01  2.1e-01  1.6e-03  2.1e-01
 787  T 0   2.433e+06  -9e-06  0.99  2.0e-01  1.4e-05  1.4e-01  2.7e-01  2.1e-01  1.7e-03  2.1e-01
 788  T 0   2.432e+06   4e-06  0.99  1.7e-01  1.6e-05  1.7e-01  2.8e-01  2.0e-01  2.5e-03  2.0e-01
 789  T 0   2.431e+06  -8e-05  0.99  1.2e-01  1.5e-05  1.2e-01  2.6e-01  2.1e-01  2.0e-03  2.1e-01
 790  T 0   2.431e+06  -8e-06  0.99  1.4e-01  1.5e-05  1.4e-01  2.4e-01  2.0e-01  9.6e-03  2.1e-01
 791  T 0   2.430e+06  -9e-06  0.99  1.7e-01  1.6e-05  9.9e-02  2.5e-01  2.2e-01  2.1e-03  2.2e-01
 792  T 0   2.429e+06  -2e-05  0.99  2.0e-01  1.9e-05  1.2e-01  2.7e-01  2.0e-01  1.8e-03  2.0e-01
 793  T 0   2.429e+06  -6e-06  0.99  1.4e-01  3.1e-05  1.4e-01  3.0e-01  2.0e-01  1.8e-03  2.0e-01
 794  T 0   2.428e+06  -2e-05  0.99  1.7e-01  4.6e-05  1.5e-01  3.2e-01  2.0e-01  2.6e-03  2.0e-01
 795  T 0   2.428e+06   9e-06  0.99  2.0e-01  3.3e-05  1.8e-01  2.8e-01  2.2e-01  2.1e-03  2.2e-01
 796  F 0   2.428e+06  -7e-04  0.99  2.0e-01  3.2e-05  1.2e-01  2.2e-01  2.4e-01  1.9e-03  2.5e-01
 797  T 0   2.428e+06   1e-05  0.99  1.4e-01  3.0e-05  1.0e-01  1.8e-01  2.0e-01  2.0e-03  2.0e-01
 798  T 0   2.427e+06   6e-05  0.99  9.8e-02  2.8e-05  7.0e-02  1.0e-01  2.5e-01  2.0e-03  2.5e-01
 799  T 0   2.427e+06  -6e-05  0.99  7.2e-02  1.8e-05  4.9e-02  1.0e-01  2.0e-01  1.1e-02  2.1e-01
 800  T 0   2.427e+06  -2e-05  0.99  5.9e-02  1.9e-05  5.0e-02  8.3e-02  2.1e-01  1.6e-03  2.1e-01
 801  T 0   2.427e+06  -2e-05  0.99  7.1e-02  1.8e-05  7.1e-02  9.9e-02  2.0e-01  1.6e-03  2.0e-01
 802  T 0   2.427e+06   4e-05  0.99  5.0e-02  2.0e-05  5.0e-02  8.9e-02  2.0e-01  1.8e-03  2.0e-01
 803  T 0   2.427e+06  -6e-05  0.99  3.5e-02  1.6e-05  3.0e-02  5.8e-02  2.0e-01  2.1e-03  2.0e-01
 804  T 0   2.426e+06  -4e-06  0.99  4.2e-02  1.9e-05  4.2e-02  7.4e-02  2.3e-01  2.0e-03  2.4e-01
 805  T 0   2.426e+06  -4e-05  0.99  5.0e-02  1.3e-05  5.0e-02  8.6e-02  2.0e-01  1.9e-03  2.0e-01
 806  T 0   2.426e+06  -3e-05  0.99  5.2e-02  1.3e-05  5.2e-02  9.1e-02  2.3e-01  2.1e-03  2.3e-01
 807  T 0   2.426e+06  -6e-05  0.99  3.6e-02  2.2e-05  3.6e-02  7.9e-02  2.0e-01  1.5e-03  2.0e-01
 808  T 0   2.425e+06   5e-06  0.99  2.6e-02  1.6e-05  2.6e-02  6.5e-02  2.0e-01  1.7e-03  2.0e-01
 809  T 0   2.425e+06   6e-06  0.99  2.2e-02  1.2e-05  2.2e-02  5.8e-02  2.0e-01  2.4e-03  2.0e-01
 810  T 0   2.425e+06  -2e-05  0.99  2.6e-02  1.3e-05  2.6e-02  5.7e-02  2.0e-01  1.8e-03  2.1e-01
 811  T 0   2.425e+06   1e-05  0.99  3.2e-02  1.7e-05  3.2e-02  6.4e-02  2.6e-01  1.8e-03  2.6e-01
 812  T 0   2.424e+06   6e-06  0.99  3.8e-02  2.4e-05  3.8e-02  7.1e-02  2.0e-01  1.6e-03  2.1e-01
 813  T 0   2.424e+06   7e-05  0.99  4.6e-02  2.3e-05  4.6e-02  8.2e-02  2.2e-01  1.6e-03  2.2e-01
 814  T 0   2.424e+06  -9e-06  0.99  5.5e-02  2.8e-05  5.5e-02  9.6e-02  2.0e-01  1.7e-03  2.0e-01
 815  T 0   2.424e+06   3e-06  0.99  6.6e-02  3.4e-05  6.6e-02  9.9e-02  2.0e-01  1.8e-03  2.0e-01
 816  T 0   2.423e+06   7e-05  0.99  7.9e-02  3.1e-05  7.9e-02  1.1e-01  2.0e-01  1.7e-03  2.0e-01
 817  T 0   2.423e+06   1e-05  0.99  9.4e-02  2.4e-05  9.4e-02  1.3e-01  2.0e-01  1.8e-03  2.0e-01
 818  T 0   2.423e+06   5e-06  0.99  1.1e-01  1.7e-05  1.1e-01  1.7e-01  2.0e-01  2.1e-03  2.0e-01
 819  T 0   2.423e+06   1e-05  0.98  1.4e-01  1.6e-05  1.4e-01  1.7e-01  2.0e-01  1.8e-03  2.0e-01
 820  T 0   2.422e+06  -5e-05  0.98  1.6e-01  1.8e-05  1.6e-01  1.9e-01  2.0e-01  1.7e-03  2.0e-01
 821  T 0   2.422e+06  -3e-06  0.99  2.0e-01  1.8e-05  5.7e-02  9.6e-02  2.0e-01  2.8e-03  2.0e-01
 822  T 0   2.422e+06   8e-06  0.98  2.0e-01  1.8e-05  6.5e-02  9.4e-02  2.0e-01  2.6e-03  2.1e-01
 823  T 0   2.422e+06  -2e-05  0.98  1.4e-01  1.9e-05  2.8e-02  5.2e-02  2.1e-01  2.1e-03  2.1e-01
 824  T 0   2.421e+06  -2e-04  0.98  9.8e-02  1.9e-05  3.2e-02  6.1e-02  2.3e-01  1.9e-03  2.4e-01
 825  T 0   2.421e+06   2e-05  0.98  6.9e-02  2.0e-05  3.0e-02  5.6e-02  2.3e-01  2.0e-03  2.3e-01
 826  T 0   2.421e+06  -6e-06  0.98  4.8e-02  2.1e-05  2.7e-02  6.2e-02  2.0e-01  2.0e-03  2.0e-01
 827  T 0   2.420e+06   2e-05  0.98  3.4e-02  2.4e-05  3.2e-02  6.2e-02  2.0e-01  2.1e-03  2.0e-01
 828  T 0   2.419e+06  -3e-05  0.98  2.7e-02  2.7e-05  2.7e-02  5.6e-02  2.3e-01  2.0e-03  2.3e-01
 829  T 0   2.419e+06   2e-05  0.98  3.3e-02  2.4e-05  3.3e-02  5.6e-02  2.4e-01  1.7e-03  2.4e-01
 830  F 0   2.419e+06  -2e-05  0.98  3.9e-02  8.3e-05  3.9e-02  6.4e-02  2.0e-01  1.6e-03  2.0e-01
 831  F 0   2.419e+06   5e-06  0.98  4.7e-02  5.9e-05  4.7e-02  7.6e-02  2.0e-01  2.1e-03  2.0e-01
 832  T 0   2.418e+06   8e-06  0.98  5.6e-02  4.9e-05  5.6e-02  7.4e-02  2.2e-01  1.8e-03  2.2e-01
 833  T 0   2.418e+06  -2e-05  0.98  6.8e-02  4.3e-05  6.8e-02  9.5e-02  2.0e-01  1.5e-03  2.1e-01
 834  T 0   2.417e+06  -8e-06  0.98  8.1e-02  2.5e-05  8.1e-02  1.1e-01  2.2e-01  1.5e-03  2.2e-01
 835  T 0   2.417e+06   2e-06  0.98  9.7e-02  3.4e-05  9.7e-02  1.4e-01  2.0e-01  1.3e-03  2.0e-01
 836  T 0   2.416e+06  -1e-05  0.98  1.2e-01  2.8e-05  1.2e-01  1.6e-01  2.1e-01  1.4e-03  2.1e-01
 837  T 0   2.416e+06   2e-05  0.98  1.4e-01  2.7e-05  1.4e-01  2.0e-01  2.7e-01  1.5e-03  2.7e-01
 838  T 0   2.416e+06   5e-05  0.98  1.7e-01  2.3e-05  7.0e-02  1.3e-01  2.0e-01  1.9e-03  2.1e-01
 839  T 0   2.415e+06  -2e-16  0.98  2.0e-01  2.7e-05  1.6e-01  2.4e-01  2.1e-01  2.1e-03  2.1e-01
 840  T 0   2.415e+06   7e-06  0.98  1.4e-01  2.6e-05  1.4e-01  2.0e-01  2.0e-01  2.1e-03  2.1e-01
 841  T 0   2.415e+06   1e-05  0.98  1.2e-01  3.3e-05  9.8e-02  1.7e-01  2.0e-01  1.8e-03  2.1e-01
 842  T 0   2.414e+06  -4e-06  0.98  9.4e-02  2.9e-05  8.5e-02  1.6e-01  2.0e-01  2.6e-03  2.0e-01
 843  T 0   2.414e+06   3e-05  0.98  6.8e-02  3.3e-05  6.8e-02  1.5e-01  2.0e-01  2.8e-03  2.1e-01
 844  T 0   2.413e+06  -4e-05  0.98  8.1e-02  3.2e-05  8.1e-02  1.6e-01  2.0e-01  1.8e-03  2.0e-01
 845  T 0   2.413e+06  -3e-06  0.98  9.7e-02  3.5e-05  9.7e-02  1.8e-01  2.4e-01  2.1e-03  2.4e-01
 846  T 0   2.412e+06   3e-06  0.98  1.2e-01  2.4e-05  1.2e-01  2.1e-01  2.1e-01  1.9e-03  2.1e-01
 847  T 0   2.411e+06   8e-06  0.98  1.4e-01  2.0e-05  1.1e-01  1.9e-01  2.0e-01  2.0e-03  2.0e-01
 848  T 0   2.411e+06  -2e-06  0.98  1.7e-01  1.7e-05  1.2e-01  2.2e-01  2.1e-01  2.8e-03  2.1e-01
 849  T 0   2.410e+06  -1e-05  0.98  2.0e-01  1.9e-05  9.7e-02  1.9e-01  2.0e-01  2.7e-03  2.0e-01
 850  T 0   2.409e+06   5e-05  0.98  1.4e-01  2.2e-05  1.2e-01  2.4e-01  2.0e-01  2.1e-03  2.0e-01
 851  T 0   2.408e+06   2e-05  0.98  1.4e-01  3.2e-05  1.4e-01  2.8e-01  2.0e-01  2.9e-03  2.0e-01
 852  T 0   2.407e+06   1e-13  0.98  1.7e-01  2.8e-05  1.6e-01  3.2e-01  2.0e-01  2.6e-03  2.1e-01
 853  T 0   2.407e+06   9e-05  0.99  2.0e-01  2.9e-05  9.7e-02  2.1e-01  2.0e-01  1.8e-03  2.0e-01
 854  T 0   2.406e+06   4e-05  0.99  1.4e-01  4.9e-05  1.2e-01  2.4e-01  2.0e-01  2.1e-03  2.0e-01
 855  T 0   2.406e+06   1e-05  0.99  1.4e-01  9.0e-05  1.4e-01  2.1e-01  2.0e-01  2.5e-03  2.1e-01
 856  T 0   2.405e+06  -3e-07  0.99  1.7e-01  4.9e-05  1.6e-01  2.1e-01  2.0e-01  1.6e-03  2.0e-01
 857  T 0   2.405e+06   8e-05  0.99  2.0e-01  5.1e-05  5.6e-02  1.5e-01  2.1e-01  2.2e-03  2.1e-01
 858  T 0   2.404e+06  -6e-06  0.99  1.4e-01  4.0e-05  6.8e-02  1.7e-01  2.1e-01  3.0e-03  2.1e-01
 859  T 0   2.404e+06   3e-05  0.99  9.8e-02  4.6e-05  8.1e-02  1.8e-01  2.0e-01  1.7e-03  2.0e-01
 860  T 0   2.403e+06   1e-05  0.99  9.7e-02  5.1e-05  9.7e-02  2.1e-01  2.0e-01  2.1e-03  2.0e-01
 861  T 0   2.403e+06   1e-05  0.99  1.2e-01  5.1e-05  1.2e-01  2.2e-01  2.0e-01  1.7e-03  2.0e-01
 862  T 0   2.403e+06  -2e-04  0.99  1.4e-01  5.6e-05  1.4e-01  2.2e-01  2.0e-01  1.8e-03  2.0e-01
 863  T 0   2.402e+06  -1e-04  0.99  1.7e-01  5.9e-05  1.2e-01  2.2e-01  2.0e-01  2.1e-03  2.0e-01
 864  T 0   2.402e+06   2e-05  0.99  2.0e-01  3.7e-05  1.4e-01  1.9e-01  2.0e-01  1.6e-03  2.1e-01
 865  T 0   2.402e+06   2e-06  0.99  2.0e-01  4.1e-05  1.2e-01  2.2e-01  2.0e-01  2.1e-03  2.0e-01
 866  T 0   2.402e+06  -1e-04  0.99  1.5e-01  4.2e-05  1.5e-01  2.4e-01  2.1e-01  1.9e-03  2.2e-01
 867  T 0   2.401e+06   1e-05  0.99  1.0e-01  3.9e-05  1.0e-01  1.8e-01  2.1e-01  2.1e-03  2.2e-01
 868  T 0   2.401e+06   2e-05  0.99  1.2e-01  5.5e-05  7.6e-02  1.6e-01  2.1e-01  1.7e-03  2.1e-01
 869  T 0   2.401e+06  -3e-05  0.99  1.4e-01  3.6e-05  1.3e-01  1.9e-01  2.0e-01  1.6e-03  2.0e-01
 870  T 0   2.401e+06   4e-06  0.99  1.1e-01  3.5e-05  1.1e-01  1.8e-01  2.1e-01  1.7e-03  2.1e-01
 871  T 0   2.401e+06  -7e-06  0.99  1.3e-01  2.9e-05  1.3e-01  1.7e-01  2.1e-01  1.8e-03  2.2e-01
 872  T 0   2.401e+06  -7e-05  0.99  1.6e-01  2.8e-05  1.6e-01  1.8e-01  2.6e-01  1.9e-03  2.7e-01
 873  T 0   2.400e+06   1e-05  0.99  1.9e-01  2.7e-05  1.2e-01  1.5e-01  2.8e-01  1.7e-03  2.9e-01
 874  T 0   2.400e+06  -4e-07  0.99  2.0e-01  4.8e-05  1.0e-01  1.3e-01  2.0e-01  1.9e-03  2.1e-01
 875  T 0   2.400e+06   3e-05  0.99  1.4e-01  2.2e-05  7.0e-02  9.0e-02  2.0e-01  2.4e-03  2.1e-01
 876  T 0   2.400e+06   5e-05  0.99  9.8e-02  2.3e-05  4.9e-02  8.8e-02  2.1e-01  1.6e-03  2.1e-01
 877  T 0   2.400e+06  -1e-05  0.99  6.9e-02  2.0e-05  3.4e-02  6.6e-02  2.0e-01  1.7e-03  2.0e-01
 878  T 0   2.400e+06   2e-05  0.99  4.8e-02  4.0e-05  2.4e-02  5.5e-02  2.0e-01  1.9e-03  2.0e-01
 879  T 0   2.400e+06  -2e-05  0.99  5.0e-02  1.5e-05  2.6e-02  5.6e-02  2.1e-01  1.6e-03  2.1e-01
 880  T 0   2.400e+06   3e-06  0.99  6.0e-02  2.4e-05  4.6e-02  8.1e-02  2.1e-01  2.1e-03  2.1e-01
 881  T 0   2.400e+06   2e-05  0.99  7.1e-02  1.4e-05  4.1e-02  6.8e-02  2.0e-01  1.7e-03  2.0e-01
 882  F 0   2.400e+06  -2e-04  0.99  8.6e-02  1.7e-05  3.9e-02  6.5e-02  2.1e-01  1.6e-03  2.1e-01
 883  T 0   2.400e+06  -9e-08  0.99  1.0e-01  1.6e-05  4.0e-02  5.2e-02  2.0e-01  2.1e-03  2.1e-01
 884  T 0   2.400e+06  -3e-05  0.99  7.2e-02  1.6e-05  4.8e-02  5.5e-02  2.0e-01  1.7e-03  2.0e-01
 885  T 0   2.399e+06  -1e-05  0.99  5.8e-02  1.5e-05  5.8e-02  6.7e-02  2.0e-01  1.7e-03  2.0e-01
 886  T 0   2.399e+06  -4e-05  0.99  7.0e-02  1.4e-05  2.9e-02  4.1e-02  2.0e-01  1.7e-03  2.0e-01
 887  T 0   2.399e+06  -1e-06  0.99  8.4e-02  1.9e-05  1.3e-02  3.3e-02  2.1e-01  1.8e-03  2.1e-01
 888  T 0   2.399e+06  -3e-05  0.99  1.0e-01  1.7e-05  1.5e-02  3.2e-02  2.0e-01  1.7e-03  2.0e-01
 889  T 0   2.399e+06  -4e-06  0.99  1.2e-01  1.2e-05  2.3e-02  3.8e-02  2.0e-01  1.7e-03  2.0e-01
 890  T 0   2.399e+06   8e-06  0.98  8.4e-02  1.6e-05  4.6e-02  5.3e-02  2.0e-01  2.0e-03  2.0e-01
 891  T 0   2.399e+06  -5e-05  0.98  5.9e-02  1.9e-05  2.2e-02  3.2e-02  2.0e-01  1.8e-03  2.0e-01
 892  T 0   2.399e+06  -3e-06  0.98  4.1e-02  2.2e-05  1.1e-02  2.6e-02  2.1e-01  1.6e-03  2.1e-01
 893  T 0   2.399e+06  -4e-06  0.98  4.3e-02  2.3e-05  1.3e-02  2.6e-02  2.0e-01  1.2e-03  2.0e-01
 894  F 0   2.399e+06  -6e-05  0.98  5.2e-02  2.9e-05  2.0e-02  4.1e-02  2.1e-01  1.8e-03  2.1e-01
 895  T 0   2.399e+06  -7e-06  0.98  3.6e-02  1.7e-05  3.6e-02  5.1e-02  2.0e-01  1.4e-03  2.0e-01
 896  T 0   2.399e+06  -4e-05  0.98  2.5e-02  1.2e-05  1.7e-02  2.7e-02  2.4e-01  2.0e-03  2.4e-01
 897  T 0   2.398e+06  -3e-07  0.98  1.8e-02  1.2e-05  1.8e-02  2.7e-02  2.0e-01  1.4e-03  2.0e-01
 898  T 0   2.398e+06   2e-05  0.98  1.2e-02  1.2e-05  1.2e-02  2.3e-02  2.1e-01  1.6e-03  2.1e-01
 899  T 0   2.398e+06  -1e-06  0.98  1.5e-02  1.8e-05  1.5e-02  2.7e-02  2.7e-01  1.2e-03  2.8e-01
 900  T 0   2.398e+06  -3e-06  0.98  1.8e-02  1.6e-05  1.2e-02  2.5e-02  2.0e-01  1.7e-03  2.1e-01
 901  T 0   2.398e+06  -1e-05  0.98  1.4e-02  2.3e-05  1.4e-02  3.0e-02  2.1e-01  1.5e-03  2.1e-01
 902  T 0   2.398e+06   8e-06  0.98  1.7e-02  2.5e-05  1.7e-02  3.3e-02  2.0e-01  1.4e-03  2.0e-01
 903  T 0   2.398e+06  -1e-05  0.98  2.1e-02  2.9e-05  2.1e-02  3.9e-02  2.0e-01  1.5e-03  2.0e-01
 904  T 0   2.398e+06  -2e-05  0.98  2.5e-02  3.0e-05  2.5e-02  4.6e-02  2.0e-01  1.6e-03  2.0e-01
 905  T 0   2.397e+06   9e-06  0.98  3.0e-02  2.1e-05  3.0e-02  5.5e-02  2.0e-01  1.6e-03  2.0e-01
 906  T 0   2.397e+06  -3e-05  0.98  3.6e-02  2.5e-05  3.6e-02  6.3e-02  2.1e-01  1.4e-03  2.1e-01
 907  T 0   2.397e+06  -6e-06  0.98  4.3e-02  2.4e-05  4.3e-02  7.3e-02  2.0e-01  1.7e-03  2.0e-01
 908  T 0   2.397e+06   3e-05  0.98  5.2e-02  2.8e-05  5.2e-02  8.7e-02  2.1e-01  1.7e-03  2.1e-01
 909  T 0   2.397e+06   2e-06  0.98  6.2e-02  2.8e-05  6.2e-02  1.0e-01  2.1e-01  1.7e-03  2.1e-01
 910  T 0   2.397e+06   1e-05  0.98  7.4e-02  1.6e-05  7.4e-02  1.2e-01  2.0e-01  1.7e-03  2.1e-01
 911  T 0   2.396e+06  -9e-06  0.98  8.9e-02  1.6e-05  8.9e-02  1.5e-01  2.0e-01  2.2e-03  2.0e-01
 912  T 0   2.396e+06   1e-06  0.98  1.1e-01  1.5e-05  9.9e-02  1.7e-01  2.1e-01  1.6e-03  2.1e-01
 913  T 0   2.396e+06  -1e-05  0.99  1.3e-01  1.6e-05  9.1e-02  1.3e-01  2.0e-01  2.6e-03  2.0e-01
 914  T 0   2.396e+06  -1e-05  0.99  1.2e-01  1.3e-05  8.3e-02  1.6e-01  2.0e-01  1.9e-03  2.0e-01
 915  T 0   2.396e+06  -6e-05  0.99  1.4e-01  1.3e-05  9.4e-02  1.6e-01  2.0e-01  1.8e-03  2.0e-01
 916  T 0   2.396e+06  -1e-05  0.99  1.7e-01  1.6e-05  1.1e-01  1.5e-01  2.0e-01  2.0e-03  2.0e-01
 917  T 0   2.395e+06   2e-05  0.99  1.3e-01  1.6e-05  1.3e-01  2.1e-01  2.0e-01  1.6e-03  2.0e-01
 918  T 0   2.395e+06   2e-06  0.99  1.6e-01  3.0e-05  9.2e-02  1.4e-01  2.1e-01  2.0e-03  2.2e-01
 919  T 0   2.395e+06  -5e-05  0.99  1.9e-01  2.0e-05  6.6e-02  1.2e-01  2.0e-01  2.7e-03  2.1e-01
 920  T 0   2.395e+06   3e-05  0.99  1.4e-01  2.2e-05  6.8e-02  1.1e-01  2.0e-01  2.0e-03  2.0e-01
 921  T 0   2.395e+06   1e-05  0.99  9.5e-02  1.4e-05  8.1e-02  1.2e-01  2.0e-01  1.8e-03  2.0e-01
 922  T 0   2.395e+06  -4e-05  0.99  9.7e-02  1.1e-05  9.7e-02  1.4e-01  2.0e-01  2.4e-03  2.0e-01
 923  T 0   2.394e+06   8e-05  0.99  1.2e-01  1.3e-05  7.9e-02  1.4e-01  2.0e-01  1.8e-03  2.0e-01
 924  T 0   2.394e+06  -1e-05  0.99  8.5e-02  1.4e-05  8.5e-02  1.7e-01  2.1e-01  1.8e-03  2.1e-01
 925  T 0   2.394e+06   7e-05  0.99  1.0e-01  1.6e-05  9.5e-02  1.6e-01  2.0e-01  1.9e-03  2.0e-01
 926  T 0   2.394e+06   3e-05  0.99  1.1e-01  1.6e-05  1.1e-01  1.9e-01  2.0e-01  1.6e-03  2.0e-01
 927  T 0   2.394e+06  -5e-06  0.99  1.4e-01  1.2e-05  1.0e-01  1.6e-01  2.0e-01  1.7e-03  2.0e-01
 928  T 0   2.393e+06   6e-04  0.99  1.6e-01  1.1e-05  1.3e-01  1.8e-01  2.0e-01  1.6e-03  2.0e-01
 929  F 0   2.393e+06  -7e-05  0.99  2.0e-01  1.2e-05  7.2e-02  1.4e-01  2.2e-01  2.2e-03  2.2e-01
 930  F 0   2.393e+06   3e-06  0.99  1.4e-01  1.3e-05  6.6e-02  1.3e-01  2.0e-01  1.6e-03  2.0e-01
 931  T 0   2.393e+06   9e-05  0.99  9.7e-02  1.6e-05  4.8e-02  9.6e-02  2.0e-01  1.4e-02  2.2e-01
 932  T 0   2.393e+06  -3e-06  0.99  1.2e-01  3.0e-05  4.8e-02  9.0e-02  2.1e-01  2.5e-03  2.1e-01
 933  T 0   2.393e+06  -8e-05  0.99  8.1e-02  1.2e-05  5.7e-02  8.7e-02  2.7e-01  8.7e-03  2.8e-01
 934  T 0   2.392e+06   2e-05  0.99  6.9e-02  9.6e-06  5.8e-02  1.0e-01  2.1e-01  2.1e-03  2.1e-01
 935  T 0   2.392e+06  -1e-04  0.99  8.2e-02  9.0e-06  5.8e-02  8.8e-02  2.3e-01  1.8e-03  2.3e-01
 936  T 0   2.392e+06  -2e-05  0.99  7.2e-02  8.3e-06  4.8e-02  8.0e-02  2.3e-01  2.1e-03  2.3e-01
 937  T 0   2.391e+06   2e-07  0.99  8.6e-02  9.0e-06  5.7e-02  8.3e-02  2.3e-01  2.1e-03  2.3e-01
 938  T 0   2.391e+06   2e-06  0.99  8.3e-02  1.2e-05  4.1e-02  7.9e-02  2.3e-01  1.9e-03  2.3e-01
 939  F 0   2.391e+06   8e-06  0.99  5.8e-02  2.2e-05  5.4e-02  9.9e-02  2.1e-01  2.2e-03  2.1e-01
 940  F 0   2.391e+06  -4e-06  0.99  4.9e-02  3.8e-05  4.9e-02  9.7e-02  2.0e-01  1.2e-03  2.0e-01
 941  T 0   2.391e+06   2e-05  0.99  3.5e-02  1.6e-05  3.5e-02  6.7e-02  2.0e-01  2.4e-03  2.0e-01
 942  T 0   2.391e+06   2e-05  0.99  2.4e-02  2.4e-05  2.4e-02  4.6e-02  2.0e-01  2.4e-03  2.0e-01
 943  T 0   2.391e+06  -3e-05  0.98  2.0e-02  1.2e-05  1.1e-02  2.7e-02  2.0e-01  2.2e-03  2.0e-01
 944  T 0   2.391e+06   3e-06  0.98  2.0e-02  1.3e-05  2.0e-02  3.2e-02  2.1e-01  1.3e-03  2.1e-01
 945  T 0   2.391e+06  -8e-06  0.98  1.4e-02  1.4e-05  1.4e-02  2.8e-02  2.0e-01  1.6e-03  2.0e-01
 946  T 0   2.390e+06  -7e-07  0.98  1.1e-02  9.5e-06  1.1e-02  2.8e-02  2.0e-01  1.7e-03  2.1e-01
 947  T 0   2.390e+06   7e-06  0.98  1.2e-02  8.7e-06  1.2e-02  2.8e-02  2.0e-01  1.7e-03  2.0e-01
 948  T 0   2.390e+06   9e-06  0.98  1.0e-02  1.3e-05  1.0e-02  3.0e-02  2.0e-01  1.6e-03  2.0e-01
Termination on Convergence criteria
Total number of system evaluations: 949
