   k  l     Obj         Vio    Bou   ML       |KKT|    |dX|     ||dX||   T_s      T_o      T_t
   0  T 0   6.103e+09   0e+00  0.00  2.0e-01  8.2e+02  1.0e+00  1.0e+00  5.2e-01  0.0e+00  0.0e+00
   1  T 0   2.210e+09  -2e-01  0.00  2.0e-01  4.0e-02  2.0e-01  1.3e+01  2.8e-01  2.2e-02  3.0e-01
   2  T 0   1.402e+09  -3e-01  0.23  2.0e-01  9.5e-03  2.0e-01  1.5e+01  2.8e-01  5.3e-03  2.9e-01
   3  T 0   4.437e+08  -3e-01  0.26  2.0e-01  2.8e-03  2.0e-01  1.2e+01  2.8e-01  6.2e-03  2.9e-01
   4  T 0   2.911e+08  -4e-01  0.48  2.0e-01  2.6e-04  2.0e-01  8.7e+00  2.8e-01  3.1e-03  2.8e-01
   5  T 0   2.565e+08  -4e-01  0.55  2.0e-01  2.0e-04  2.0e-01  6.2e+00  2.8e-01  2.6e-03  2.8e-01
   6  T 0   2.348e+08  -4e-01  0.59  2.0e-01  8.0e-05  2.0e-01  4.2e+00  2.8e-01  2.6e-03  2.8e-01
   7  T 0   2.237e+08  -4e-01  0.61  2.0e-01  6.6e-05  2.0e-01  3.3e+00  2.7e-01  2.6e-03  2.7e-01
   8  T 0   2.141e+08  -3e-01  0.65  2.0e-01  5.9e-05  2.0e-01  2.9e+00  2.8e-01  2.6e-03  2.8e-01
   9  T 0   2.068e+08  -3e-01  0.67  2.0e-01  5.9e-05  2.0e-01  2.5e+00  2.7e-01  2.6e-03  2.7e-01
  10  T 0   2.000e+08  -3e-01  0.70  2.0e-01  6.2e-05  2.0e-01  2.4e+00  2.7e-01  2.6e-03  2.7e-01
  11  T 0   1.931e+08  -3e-01  0.71  2.0e-01  6.1e-05  2.0e-01  2.5e+00  2.8e-01  2.6e-03  2.8e-01
  12  T 0   1.856e+08  -2e-01  0.73  2.0e-01  5.6e-05  2.0e-01  2.7e+00  2.7e-01  2.5e-03  2.7e-01
  13  T 0   1.788e+08  -2e-01  0.75  2.0e-01  4.9e-05  2.0e-01  2.7e+00  2.7e-01  2.5e-03  2.7e-01
  14  T 0   1.721e+08  -2e-01  0.77  2.0e-01  4.6e-05  2.0e-01  2.7e+00  2.7e-01  2.6e-03  2.7e-01
  15  T 0   1.657e+08  -1e-01  0.80  2.0e-01  3.9e-05  2.0e-01  2.8e+00  2.6e-01  2.6e-03  2.7e-01
  16  T 0   1.610e+08  -8e-02  0.84  2.0e-01  3.6e-05  2.0e-01  2.5e+00  2.7e-01  2.6e-03  2.7e-01
  17  T 0   1.577e+08  -6e-02  0.85  2.0e-01  4.2e-05  2.0e-01  2.3e+00  2.9e-01  2.6e-03  2.9e-01
  18  T 0   1.549e+08  -4e-02  0.87  2.0e-01  5.4e-05  2.0e-01  2.2e+00  3.1e-01  2.9e-03  3.1e-01
  19  T 0   1.524e+08  -2e-02  0.88  2.0e-01  1.1e-04  2.0e-01  2.1e+00  2.8e-01  2.6e-03  2.8e-01
  20  T 0   1.506e+08  -5e-03  0.89  2.0e-01  5.0e-05  2.0e-01  1.9e+00  2.7e-01  4.6e-03  2.8e-01
  21  T 0   1.498e+08  -5e-03  0.89  2.0e-01  7.5e-05  2.0e-01  2.1e+00  2.7e-01  4.1e-03  2.7e-01
  22  T 0   1.486e+08  -5e-03  0.90  2.0e-01  6.7e-05  2.0e-01  1.9e+00  2.6e-01  3.6e-03  2.7e-01
  23  T 0   1.475e+08  -4e-03  0.90  2.0e-01  6.3e-05  2.0e-01  1.6e+00  2.6e-01  3.6e-03  2.7e-01
  24  T 0   1.463e+08  -2e-03  0.92  2.0e-01  3.3e-05  2.0e-01  1.1e+00  2.9e-01  3.6e-03  2.9e-01
  25  T 0   1.457e+08  -1e-03  0.93  2.0e-01  5.1e-05  1.8e-01  8.5e-01  2.6e-01  3.7e-03  2.7e-01
  26  T 0   1.453e+08  -7e-04  0.93  2.0e-01  5.0e-05  2.0e-01  7.4e-01  2.6e-01  4.4e-03  2.7e-01
  27  T 0   1.450e+08  -6e-04  0.94  2.0e-01  2.2e-05  2.0e-01  6.7e-01  2.6e-01  4.3e-03  2.7e-01
  28  T 0   1.447e+08  -5e-04  0.94  2.0e-01  2.1e-05  1.7e-01  6.7e-01  2.6e-01  3.6e-03  2.6e-01
  29  T 0   1.445e+08  -4e-04  0.94  2.0e-01  1.9e-05  2.0e-01  6.4e-01  2.7e-01  3.6e-03  2.8e-01
  30  T 0   1.443e+08  -4e-04  0.95  2.0e-01  2.4e-05  1.8e-01  6.5e-01  2.7e-01  2.5e-03  2.7e-01
  31  T 0   1.441e+08  -4e-04  0.95  2.0e-01  1.8e-05  2.0e-01  5.9e-01  2.7e-01  3.1e-03  2.7e-01
  32  T 0   1.439e+08  -4e-04  0.95  2.0e-01  1.8e-05  1.8e-01  5.4e-01  2.6e-01  3.0e-03  2.7e-01
  33  T 0   1.438e+08  -3e-04  0.95  2.0e-01  1.8e-05  1.2e-01  5.1e-01  2.6e-01  3.6e-03  2.7e-01
  34  T 0   1.437e+08  -2e-04  0.95  2.0e-01  2.0e-05  1.3e-01  5.1e-01  3.4e-01  3.6e-03  3.4e-01
  35  T 0   1.436e+08  -2e-04  0.96  2.0e-01  1.5e-05  1.4e-01  5.4e-01  2.6e-01  3.6e-03  2.7e-01
  36  T 0   1.435e+08  -2e-04  0.96  2.0e-01  1.6e-05  1.3e-01  5.0e-01  2.7e-01  3.6e-03  2.7e-01
  37  T 0   1.434e+08  -2e-04  0.96  2.0e-01  1.7e-05  1.3e-01  5.0e-01  2.7e-01  3.5e-03  2.8e-01
  38  T 0   1.433e+08  -2e-04  0.96  2.0e-01  9.8e-06  1.2e-01  5.0e-01  2.6e-01  3.5e-03  2.7e-01
  39  T 0   1.432e+08  -1e-04  0.96  2.0e-01  9.6e-06  1.5e-01  5.1e-01  2.6e-01  3.7e-03  2.7e-01
  40  T 0   1.432e+08  -1e-04  0.97  2.0e-01  9.5e-06  1.6e-01  5.0e-01  2.9e-01  3.6e-03  2.9e-01
  41  T 0   1.431e+08  -1e-04  0.97  2.0e-01  9.3e-06  1.7e-01  5.4e-01  2.6e-01  3.6e-03  2.6e-01
  42  T 0   1.431e+08  -2e-04  0.97  2.0e-01  8.8e-06  1.9e-01  5.5e-01  2.6e-01  3.7e-03  2.6e-01
  43  T 0   1.430e+08  -2e-04  0.97  2.0e-01  9.4e-06  2.0e-01  6.6e-01  2.7e-01  3.7e-03  2.7e-01
  44  T 0   1.430e+08  -3e-04  0.97  2.0e-01  9.4e-06  1.3e-01  6.1e-01  2.6e-01  3.6e-03  2.7e-01
  45  T 0   1.429e+08  -2e-04  0.97  2.0e-01  9.4e-06  1.6e-01  5.4e-01  2.6e-01  3.7e-03  2.7e-01
  46  T 0   1.429e+08  -1e-04  0.97  2.0e-01  9.7e-06  1.1e-01  3.9e-01  2.9e-01  3.7e-03  2.9e-01
  47  T 0   1.429e+08  -7e-05  0.97  2.0e-01  8.1e-06  1.1e-01  4.0e-01  2.6e-01  3.6e-03  2.7e-01
  48  T 0   1.428e+08  -6e-05  0.97  2.0e-01  4.8e-06  1.0e-01  3.7e-01  2.6e-01  3.7e-03  2.6e-01
  49  T 0   1.428e+08  -6e-05  0.97  2.0e-01  4.8e-06  1.1e-01  3.8e-01  2.6e-01  3.5e-03  2.6e-01
  50  T 0   1.428e+08  -7e-05  0.97  2.0e-01  5.1e-06  1.1e-01  4.0e-01  2.7e-01  3.6e-03  2.7e-01
  51  T 0   1.427e+08  -6e-05  0.97  2.0e-01  5.2e-06  1.2e-01  4.2e-01  2.8e-01  3.5e-03  2.8e-01
  52  T 0   1.427e+08  -6e-05  0.97  2.0e-01  5.2e-06  1.4e-01  4.4e-01  2.6e-01  3.5e-03  2.7e-01
  53  T 0   1.427e+08  -6e-05  0.98  2.0e-01  5.3e-06  1.6e-01  4.5e-01  2.6e-01  3.6e-03  2.7e-01
  54  T 0   1.427e+08  -5e-05  0.98  2.0e-01  2.9e-06  1.7e-01  4.6e-01  2.6e-01  3.7e-03  2.7e-01
  55  T 0   1.426e+08  -4e-05  0.98  2.0e-01  3.0e-06  1.2e-01  4.1e-01  2.7e-01  3.5e-03  2.7e-01
  56  T 0   1.426e+08  -4e-05  0.98  2.0e-01  3.1e-06  1.4e-01  4.3e-01  2.7e-01  3.5e-03  2.7e-01
  57  T 0   1.426e+08  -4e-05  0.98  2.0e-01  3.5e-06  1.5e-01  4.6e-01  3.6e-01  2.5e-03  3.7e-01
  58  T 0   1.426e+08  -4e-05  0.98  2.0e-01  3.2e-06  1.8e-01  4.9e-01  2.9e-01  3.6e-03  3.0e-01
  59  T 0   1.426e+08  -4e-05  0.98  2.0e-01  3.6e-06  1.6e-01  5.2e-01  2.7e-01  4.9e-03  2.8e-01
  60  T 0   1.425e+08  -5e-05  0.98  2.0e-01  3.2e-06  1.5e-01  5.1e-01  2.7e-01  3.5e-03  2.8e-01
  61  T 0   1.425e+08  -7e-05  0.98  2.0e-01  3.7e-06  1.8e-01  5.8e-01  2.6e-01  3.5e-03  2.7e-01
  62  T 0   1.425e+08  -6e-05  0.98  2.0e-01  3.4e-06  2.0e-01  5.1e-01  3.3e-01  4.0e-03  3.4e-01
  63  T 0   1.425e+08  -3e-05  0.98  2.0e-01  3.4e-06  2.0e-01  4.5e-01  2.8e-01  3.6e-03  2.9e-01
  64  T 0   1.425e+08  -3e-05  0.98  2.0e-01  3.0e-06  1.4e-01  3.4e-01  2.8e-01  3.6e-03  2.8e-01
  65  T 0   1.425e+08  -3e-05  0.98  2.0e-01  2.7e-06  1.6e-01  3.5e-01  2.8e-01  3.6e-03  2.9e-01
  66  T 0   1.424e+08  -3e-05  0.98  2.0e-01  3.0e-06  1.7e-01  3.6e-01  2.7e-01  3.8e-03  2.7e-01
  67  T 0   1.424e+08  -2e-05  0.98  2.0e-01  3.4e-06  1.4e-01  3.2e-01  2.8e-01  3.6e-03  2.8e-01
  68  T 0   1.424e+08  -2e-05  0.98  2.0e-01  3.6e-06  8.3e-02  2.8e-01  2.8e-01  3.6e-03  2.9e-01
  69  T 0   1.424e+08  -2e-05  0.98  2.0e-01  3.7e-06  8.8e-02  2.9e-01  2.8e-01  3.5e-03  2.8e-01
  70  T 0   1.424e+08  -2e-05  0.98  2.0e-01  3.1e-06  9.0e-02  3.1e-01  2.7e-01  3.5e-03  2.7e-01
  71  T 0   1.424e+08  -2e-05  0.98  2.0e-01  2.4e-06  9.9e-02  3.2e-01  2.8e-01  3.6e-03  2.8e-01
  72  T 0   1.424e+08  -2e-05  0.98  2.0e-01  2.4e-06  1.1e-01  3.6e-01  2.7e-01  3.5e-03  2.8e-01
  73  T 0   1.424e+08  -3e-05  0.98  2.0e-01  2.3e-06  1.3e-01  4.0e-01  3.2e-01  3.5e-03  3.2e-01
  74  T 0   1.424e+08  -3e-05  0.98  2.0e-01  2.3e-06  1.5e-01  4.4e-01  2.8e-01  3.6e-03  2.8e-01
  75  T 0   1.423e+08  -3e-05  0.98  2.0e-01  2.5e-06  1.8e-01  4.7e-01  2.7e-01  3.6e-03  2.7e-01
  76  T 0   1.423e+08  -4e-05  0.98  2.0e-01  2.7e-06  1.9e-01  5.1e-01  2.7e-01  3.6e-03  2.7e-01
  77  T 0   1.423e+08  -4e-05  0.98  2.0e-01  3.0e-06  1.7e-01  5.6e-01  2.6e-01  3.7e-03  2.7e-01
  78  T 0   1.423e+08  -5e-05  0.98  2.0e-01  4.1e-06  2.0e-01  6.4e-01  2.7e-01  3.5e-03  2.8e-01
  79  F 0   1.423e+08  -1e-04  0.98  2.0e-01  7.0e-06  2.0e-01  8.3e-01  3.3e-01  3.6e-03  3.4e-01
  80  F 0   1.424e+08  -3e-04  0.97  2.0e-01  1.6e-05  2.0e-01  1.2e+00  2.7e-01  3.5e-03  2.7e-01
  81  F 0   1.424e+08  -5e-04  0.97  2.0e-01  1.9e-05  2.0e-01  1.4e+00  2.7e-01  3.5e-03  2.7e-01
  82  F 0   1.425e+08  -6e-04  0.97  2.0e-01  3.1e-05  2.0e-01  1.3e+00  2.8e-01  3.7e-03  2.8e-01
  83  F 0   1.425e+08  -6e-04  0.97  2.0e-01  2.4e-05  2.0e-01  1.3e+00  2.8e-01  3.6e-03  2.8e-01
  84  F 0   1.424e+08  -6e-04  0.97  2.0e-01  2.4e-05  2.0e-01  1.1e+00  2.6e-01  3.7e-03  2.7e-01
  85  F 0   1.423e+08  -5e-04  0.97  2.0e-01  1.7e-05  2.0e-01  9.5e-01  2.7e-01  4.0e-03  2.7e-01
  86  T 0   1.422e+08  -3e-04  0.97  2.0e-01  1.1e-05  2.0e-01  6.6e-01  2.7e-01  3.8e-03  2.7e-01
  87  T 0   1.422e+08  -7e-05  0.97  2.0e-01  8.1e-06  1.1e-01  3.2e-01  2.7e-01  3.7e-03  2.7e-01
  88  T 0   1.422e+08  -1e-05  0.97  2.0e-01  7.1e-06  1.0e-01  2.3e-01  2.7e-01  3.7e-03  2.8e-01
  89  T 0   1.422e+08  -2e-05  0.98  2.0e-01  4.0e-06  9.6e-02  2.5e-01  2.7e-01  3.7e-03  2.7e-01
  90  T 0   1.422e+08  -2e-05  0.98  2.0e-01  3.7e-06  9.2e-02  2.6e-01  2.7e-01  3.8e-03  2.7e-01
  91  T 0   1.422e+08  -2e-05  0.98  2.0e-01  3.7e-06  8.4e-02  2.4e-01  2.6e-01  3.7e-03  2.7e-01
  92  T 0   1.421e+08  -2e-05  0.98  2.0e-01  3.9e-06  9.7e-02  2.5e-01  2.7e-01  3.5e-03  2.7e-01
  93  T 0   1.421e+08  -2e-05  0.98  2.0e-01  4.0e-06  9.8e-02  2.6e-01  2.7e-01  3.5e-03  2.7e-01
  94  T 0   1.421e+08  -2e-05  0.98  2.0e-01  4.1e-06  9.5e-02  2.8e-01  3.0e-01  3.5e-03  3.0e-01
  95  T 0   1.421e+08  -2e-05  0.98  2.0e-01  4.3e-06  9.4e-02  3.0e-01  2.7e-01  3.6e-03  2.7e-01
  96  T 0   1.421e+08  -2e-05  0.98  2.0e-01  4.4e-06  9.8e-02  3.2e-01  3.5e-01  3.7e-03  3.6e-01
  97  T 0   1.421e+08  -2e-05  0.98  2.0e-01  4.4e-06  1.2e-01  3.3e-01  2.7e-01  3.6e-03  2.7e-01
  98  T 0   1.421e+08  -2e-05  0.98  2.0e-01  4.7e-06  1.4e-01  3.3e-01  2.6e-01  3.5e-03  2.7e-01
  99  T 0   1.421e+08  -2e-05  0.98  2.0e-01  5.2e-06  1.6e-01  3.7e-01  2.7e-01  3.7e-03  2.7e-01
 100  T 0   1.421e+08  -3e-05  0.98  2.0e-01  5.3e-06  1.4e-01  3.8e-01  2.8e-01  3.5e-03  2.9e-01
 101  T 0   1.420e+08  -3e-05  0.98  2.0e-01  5.6e-06  1.6e-01  3.8e-01  2.6e-01  3.7e-03  2.7e-01
 102  T 0   1.420e+08  -3e-05  0.98  2.0e-01  5.6e-06  1.6e-01  3.5e-01  2.9e-01  3.7e-03  2.9e-01
 103  T 0   1.420e+08  -3e-05  0.98  2.0e-01  5.6e-06  1.5e-01  4.0e-01  2.8e-01  3.5e-03  2.8e-01
 104  T 0   1.420e+08  -4e-05  0.98  2.0e-01  4.7e-06  1.6e-01  4.4e-01  2.8e-01  3.6e-03  2.9e-01
 105  T 0   1.420e+08  -5e-05  0.98  2.0e-01  5.4e-06  1.9e-01  5.1e-01  2.8e-01  3.7e-03  2.8e-01
 106  T 0   1.420e+08  -6e-05  0.98  2.0e-01  2.8e-06  1.3e-01  4.8e-01  2.7e-01  3.7e-03  2.7e-01
 107  T 0   1.420e+08  -6e-05  0.98  2.0e-01  3.1e-06  1.4e-01  4.8e-01  2.8e-01  3.5e-03  2.9e-01
 108  T 0   1.420e+08  -4e-05  0.98  2.0e-01  2.7e-06  1.6e-01  4.0e-01  2.7e-01  3.5e-03  2.7e-01
 109  T 0   1.420e+08  -3e-05  0.98  2.0e-01  2.3e-06  1.4e-01  4.2e-01  2.7e-01  3.6e-03  2.7e-01
 110  T 0   1.419e+08  -3e-05  0.98  2.0e-01  2.9e-06  1.5e-01  4.4e-01  2.7e-01  3.6e-03  2.8e-01
 111  T 0   1.419e+08  -3e-05  0.98  2.0e-01  2.2e-06  1.6e-01  4.8e-01  2.8e-01  3.5e-03  2.8e-01
 112  T 0   1.419e+08  -3e-05  0.98  2.0e-01  2.7e-06  1.9e-01  5.2e-01  2.8e-01  3.5e-03  2.8e-01
 113  T 0   1.419e+08  -4e-05  0.98  2.0e-01  3.1e-06  2.0e-01  5.5e-01  2.7e-01  3.6e-03  2.7e-01
 114  T 0   1.419e+08  -3e-05  0.98  2.0e-01  3.4e-06  1.9e-01  5.2e-01  2.9e-01  3.6e-03  2.9e-01
 115  T 0   1.419e+08  -3e-05  0.98  2.0e-01  3.5e-06  1.5e-01  4.9e-01  2.8e-01  3.6e-03  2.8e-01
 116  T 0   1.418e+08  -3e-05  0.98  2.0e-01  3.5e-06  1.4e-01  4.9e-01  2.7e-01  3.6e-03  2.8e-01
 117  T 0   1.418e+08  -4e-05  0.98  2.0e-01  3.3e-06  2.0e-01  5.7e-01  2.7e-01  3.5e-03  2.8e-01
 118  T 0   1.418e+08  -6e-05  0.98  2.0e-01  7.1e-06  2.0e-01  6.1e-01  2.8e-01  3.7e-03  2.8e-01
 119  T 0   1.418e+08  -6e-05  0.98  2.0e-01  4.5e-06  2.0e-01  5.7e-01  2.8e-01  3.6e-03  2.8e-01
 120  T 0   1.418e+08  -5e-05  0.98  2.0e-01  4.4e-06  1.7e-01  5.1e-01  2.7e-01  3.8e-03  2.7e-01
 121  T 0   1.418e+08  -3e-05  0.98  2.0e-01  3.0e-06  1.9e-01  4.6e-01  2.7e-01  3.6e-03  2.7e-01
 122  T 0   1.418e+08  -3e-05  0.98  2.0e-01  2.7e-06  1.4e-01  3.8e-01  2.7e-01  3.6e-03  2.8e-01
 123  T 0   1.417e+08  -2e-05  0.98  2.0e-01  2.7e-06  1.4e-01  3.5e-01  2.7e-01  3.6e-03  2.7e-01
 124  T 0   1.417e+08  -3e-05  0.98  2.0e-01  2.5e-06  1.4e-01  3.8e-01  3.5e-01  2.6e-03  3.5e-01
 125  T 0   1.417e+08  -3e-05  0.98  2.0e-01  2.4e-06  1.6e-01  4.2e-01  2.7e-01  3.7e-03  2.7e-01
 126  T 0   1.417e+08  -3e-05  0.98  2.0e-01  2.6e-06  1.7e-01  4.5e-01  2.7e-01  3.7e-03  2.7e-01
 127  T 0   1.417e+08  -3e-05  0.98  2.0e-01  2.7e-06  1.9e-01  5.0e-01  2.7e-01  3.6e-03  2.7e-01
 128  T 0   1.417e+08  -3e-05  0.98  2.0e-01  2.6e-06  2.0e-01  4.5e-01  2.7e-01  3.6e-03  2.7e-01
 129  T 0   1.417e+08  -2e-05  0.98  2.0e-01  2.7e-06  2.0e-01  3.8e-01  2.7e-01  3.5e-03  2.8e-01
 130  T 0   1.417e+08  -2e-05  0.98  2.0e-01  2.7e-06  2.0e-01  4.0e-01  2.7e-01  4.0e-03  2.7e-01
 131  T 0   1.416e+08  -3e-05  0.98  2.0e-01  3.0e-06  1.6e-01  3.6e-01  2.6e-01  3.5e-03  2.7e-01
 132  T 0   1.416e+08  -3e-05  0.98  2.0e-01  4.5e-06  1.4e-01  4.1e-01  2.7e-01  3.6e-03  2.7e-01
 133  T 0   1.416e+08  -5e-05  0.98  2.0e-01  6.0e-06  2.0e-01  5.4e-01  2.6e-01  3.6e-03  2.7e-01
 134  F 0   1.416e+08  -1e-04  0.98  2.0e-01  7.8e-06  2.0e-01  7.1e-01  2.6e-01  3.7e-03  2.7e-01
 135  F 0   1.416e+08  -2e-04  0.98  2.0e-01  7.1e-06  2.0e-01  8.0e-01  2.7e-01  3.5e-03  2.7e-01
 136  T 0   1.416e+08  -2e-04  0.98  2.0e-01  5.4e-06  1.8e-01  6.3e-01  2.7e-01  3.6e-03  2.8e-01
 137  T 0   1.416e+08  -7e-05  0.98  2.0e-01  3.5e-06  1.5e-01  4.9e-01  2.6e-01  3.5e-03  2.7e-01
 138  T 0   1.416e+08  -2e-05  0.98  2.0e-01  3.5e-06  1.3e-01  3.8e-01  3.2e-01  3.7e-03  3.2e-01
 139  T 0   1.416e+08  -2e-05  0.98  2.0e-01  3.7e-06  1.5e-01  3.8e-01  2.7e-01  3.7e-03  2.8e-01
 140  T 0   1.416e+08  -2e-05  0.98  2.0e-01  3.8e-06  1.6e-01  4.1e-01  2.6e-01  3.6e-03  2.7e-01
 141  T 0   1.415e+08  -2e-05  0.98  2.0e-01  3.8e-06  1.7e-01  4.3e-01  3.5e-01  3.6e-03  3.5e-01
 142  T 0   1.415e+08  -2e-05  0.98  2.0e-01  3.8e-06  1.7e-01  4.1e-01  2.8e-01  3.6e-03  2.8e-01
 143  T 0   1.415e+08  -2e-05  0.98  2.0e-01  3.8e-06  1.8e-01  3.8e-01  2.7e-01  3.6e-03  2.7e-01
 144  T 0   1.415e+08  -2e-05  0.98  2.0e-01  3.7e-06  1.6e-01  3.6e-01  3.0e-01  3.6e-03  3.0e-01
 145  T 0   1.415e+08  -1e-05  0.98  2.0e-01  3.6e-06  1.2e-01  3.3e-01  2.6e-01  3.6e-03  2.7e-01
 146  T 0   1.415e+08  -1e-05  0.98  2.0e-01  3.6e-06  1.2e-01  3.2e-01  1.9e-01  3.2e-03  1.9e-01
 147  T 0   1.415e+08  -1e-05  0.98  2.0e-01  3.4e-06  1.3e-01  3.0e-01  2.2e-01  2.4e-03  2.2e-01
 148  T 0   1.415e+08  -6e-06  0.98  2.0e-01  3.1e-06  1.2e-01  2.7e-01  2.6e-01  1.8e-03  2.6e-01
 149  T 0   1.415e+08  -1e-05  0.98  2.0e-01  3.0e-06  9.9e-02  2.6e-01  1.8e-01  2.5e-03  1.9e-01
 150  T 0   1.415e+08  -1e-05  0.98  2.0e-01  2.9e-06  1.1e-01  2.6e-01  2.4e-01  2.7e-03  2.5e-01
 151  T 0   1.415e+08  -1e-05  0.98  2.0e-01  3.0e-06  1.2e-01  2.8e-01  2.1e-01  2.5e-03  2.1e-01
 152  T 0   1.415e+08  -2e-05  0.98  2.0e-01  3.1e-06  1.3e-01  3.2e-01  1.9e-01  2.4e-03  1.9e-01
 153  T 0   1.415e+08  -2e-05  0.98  2.0e-01  3.1e-06  1.5e-01  3.6e-01  1.9e-01  2.4e-03  1.9e-01
 154  T 0   1.414e+08  -2e-05  0.98  2.0e-01  3.4e-06  1.6e-01  4.1e-01  2.3e-01  2.5e-03  2.3e-01
 155  T 0   1.414e+08  -3e-05  0.98  2.0e-01  2.9e-06  1.2e-01  4.3e-01  1.9e-01  2.5e-03  1.9e-01
 156  F 0   1.414e+08  -6e-05  0.98  2.0e-01  7.1e-06  2.0e-01  6.2e-01  1.9e-01  2.5e-03  2.0e-01
 157  F 0   1.415e+08  -2e-04  0.98  2.0e-01  1.3e-05  2.0e-01  8.9e-01  2.2e-01  2.8e-03  2.3e-01
 158  F 0   1.415e+08  -3e-04  0.98  2.0e-01  1.7e-05  2.0e-01  1.0e+00  1.9e-01  3.2e-03  1.9e-01
 159  F 0   1.415e+08  -3e-04  0.98  2.0e-01  2.4e-05  2.0e-01  8.9e-01  1.9e-01  2.8e-03  1.9e-01
 160  F 0   1.415e+08  -2e-04  0.98  2.0e-01  1.7e-05  2.0e-01  7.8e-01  1.9e-01  3.2e-03  1.9e-01
 161  T 0   1.414e+08  -2e-04  0.98  2.0e-01  1.4e-05  2.0e-01  5.8e-01  2.0e-01  2.8e-03  2.0e-01
 162  T 0   1.414e+08  -9e-05  0.98  2.0e-01  1.0e-05  2.0e-01  4.8e-01  2.2e-01  3.2e-03  2.3e-01
 163  T 0   1.414e+08  -4e-05  0.98  2.0e-01  4.0e-06  2.0e-01  3.3e-01  2.3e-01  2.9e-03  2.3e-01
 164  T 0   1.414e+08  -2e-05  0.98  2.0e-01  4.3e-06  1.4e-01  2.6e-01  2.2e-01  2.5e-03  2.2e-01
 165  T 0   1.414e+08  -1e-05  0.98  2.0e-01  4.0e-06  1.4e-01  2.6e-01  2.2e-01  2.5e-03  2.2e-01
 166  T 0   1.414e+08  -5e-06  0.98  2.0e-01  3.8e-06  1.3e-01  2.6e-01  2.3e-01  2.1e-03  2.3e-01
 167  T 0   1.413e+08   7e-06  0.98  2.0e-01  3.7e-06  1.3e-01  2.7e-01  2.3e-01  2.1e-03  2.3e-01
 168  T 0   1.413e+08  -8e-06  0.98  2.0e-01  3.6e-06  1.1e-01  2.8e-01  2.2e-01  2.2e-03  2.2e-01
 169  T 0   1.413e+08  -4e-05  0.98  2.0e-01  3.5e-06  1.2e-01  2.9e-01  1.9e-01  2.3e-03  1.9e-01
 170  T 0   1.413e+08  -6e-05  0.98  2.0e-01  3.5e-06  1.3e-01  3.2e-01  2.0e-01  2.2e-03  2.1e-01
 171  T 0   1.413e+08  -2e-05  0.98  2.0e-01  3.6e-06  1.3e-01  3.6e-01  1.9e-01  1.8e-03  1.9e-01
 172  T 0   1.413e+08  -3e-05  0.98  2.0e-01  3.8e-06  1.2e-01  3.9e-01  2.0e-01  2.4e-03  2.0e-01
 173  T 0   1.413e+08  -3e-05  0.98  2.0e-01  4.0e-06  1.3e-01  4.2e-01  1.9e-01  2.5e-03  1.9e-01
 174  T 0   1.413e+08  -3e-05  0.98  2.0e-01  4.3e-06  1.4e-01  4.2e-01  2.0e-01  2.6e-03  2.0e-01
 175  T 0   1.413e+08  -3e-05  0.98  2.0e-01  4.6e-06  1.5e-01  4.4e-01  2.0e-01  2.6e-03  2.0e-01
 176  T 0   1.412e+08  -4e-05  0.98  2.0e-01  7.6e-06  1.9e-01  5.2e-01  2.0e-01  2.4e-03  2.0e-01
 177  F 0   1.413e+08  -9e-05  0.98  2.0e-01  1.4e-05  2.0e-01  7.0e-01  1.9e-01  2.5e-03  1.9e-01
 178  F 0   1.413e+08  -1e-04  0.98  2.0e-01  1.4e-05  2.0e-01  8.0e-01  2.2e-01  2.8e-03  2.2e-01
 179  T 0   1.412e+08  -2e-04  0.98  2.0e-01  1.1e-05  2.0e-01  7.5e-01  2.2e-01  2.8e-03  2.2e-01
 180  T 0   1.412e+08  -1e-04  0.98  2.0e-01  8.6e-06  2.0e-01  6.0e-01  1.9e-01  2.8e-03  1.9e-01
 181  T 0   1.412e+08  -1e-04  0.98  2.0e-01  7.0e-06  1.5e-01  4.6e-01  1.9e-01  2.1e-03  1.9e-01
 182  T 0   1.412e+08  -5e-05  0.98  2.0e-01  3.1e-06  1.1e-01  3.0e-01  1.9e-01  2.2e-03  1.9e-01
 183  T 0   1.412e+08  -2e-05  0.98  2.0e-01  2.9e-06  1.2e-01  3.0e-01  1.9e-01  2.4e-03  2.0e-01
 184  T 0   1.412e+08  -5e-05  0.98  2.0e-01  2.8e-06  1.4e-01  3.2e-01  2.1e-01  2.1e-03  2.1e-01
 185  T 0   1.411e+08   2e-05  0.98  2.0e-01  2.4e-06  1.5e-01  3.5e-01  2.0e-01  2.0e-03  2.0e-01
 186  T 0   1.411e+08  -9e-05  0.98  2.0e-01  2.6e-06  1.2e-01  3.6e-01  1.8e-01  2.2e-03  1.9e-01
 187  T 0   1.411e+08   1e-04  0.98  2.0e-01  3.0e-06  1.2e-01  3.6e-01  1.8e-01  2.2e-03  1.9e-01
 188  T 0   1.411e+08  -3e-05  0.98  2.0e-01  3.2e-06  1.5e-01  4.0e-01  2.4e-01  2.5e-03  2.4e-01
 189  T 0   1.411e+08  -3e-05  0.98  2.0e-01  3.4e-06  1.9e-01  4.5e-01  1.9e-01  2.4e-03  1.9e-01
 190  T 0   1.411e+08  -3e-05  0.98  2.0e-01  3.6e-06  1.5e-01  4.4e-01  1.9e-01  1.7e-03  1.9e-01
 191  T 0   1.411e+08  -3e-05  0.98  2.0e-01  3.8e-06  1.7e-01  4.5e-01  1.9e-01  2.4e-03  1.9e-01
 192  T 0   1.410e+08  -4e-05  0.98  2.0e-01  3.1e-06  1.8e-01  5.1e-01  1.9e-01  2.5e-03  1.9e-01
 193  T 0   1.410e+08  -3e-05  0.98  2.0e-01  3.4e-06  1.9e-01  4.9e-01  2.1e-01  2.5e-03  2.1e-01
 194  T 0   1.410e+08  -3e-05  0.98  2.0e-01  2.8e-06  1.9e-01  4.4e-01  2.0e-01  2.8e-03  2.1e-01
 195  T 0   1.410e+08  -3e-05  0.98  2.0e-01  3.3e-06  1.4e-01  3.7e-01  2.1e-01  2.7e-03  2.1e-01
 196  T 0   1.410e+08  -3e-05  0.98  2.0e-01  2.2e-06  1.2e-01  3.7e-01  2.0e-01  2.7e-03  2.1e-01
 197  T 0   1.410e+08  -3e-05  0.98  2.0e-01  2.2e-06  1.3e-01  4.1e-01  2.0e-01  2.7e-03  2.0e-01
 198  T 0   1.410e+08  -3e-05  0.98  2.0e-01  2.5e-06  2.0e-01  4.6e-01  2.3e-01  2.7e-03  2.3e-01
 199  T 0   1.410e+08  -4e-05  0.98  2.0e-01  2.7e-06  1.6e-01  4.8e-01  2.3e-01  2.9e-03  2.4e-01
 200  T 0   1.409e+08  -3e-05  0.98  2.0e-01  2.5e-06  1.6e-01  4.5e-01  2.3e-01  3.4e-03  2.4e-01
 201  T 0   1.409e+08  -3e-05  0.98  2.0e-01  3.0e-06  1.6e-01  4.4e-01  2.4e-01  3.6e-03  2.5e-01
 202  T 0   1.409e+08  -3e-05  0.98  2.0e-01  2.6e-06  1.8e-01  4.4e-01  2.5e-01  1.7e-03  2.5e-01
 203  T 0   1.409e+08  -3e-05  0.98  2.0e-01  3.4e-06  1.6e-01  4.4e-01  2.4e-01  2.5e-03  2.4e-01
 204  T 0   1.409e+08  -2e-05  0.98  2.0e-01  3.1e-06  1.7e-01  4.2e-01  2.7e-01  2.5e-03  2.8e-01
 205  T 0   1.409e+08  -2e-05  0.98  2.0e-01  3.4e-06  1.7e-01  4.2e-01  2.4e-01  1.5e-02  2.5e-01
 206  T 0   1.409e+08  -2e-05  0.98  2.0e-01  3.7e-06  1.1e-01  4.0e-01  2.4e-01  3.4e-03  2.5e-01
 207  T 0   1.409e+08  -2e-05  0.98  2.0e-01  3.3e-06  1.2e-01  3.8e-01  2.3e-01  3.4e-03  2.3e-01
 208  T 0   1.408e+08  -2e-05  0.98  2.0e-01  4.2e-06  1.2e-01  3.8e-01  2.8e-01  3.3e-03  2.8e-01
 209  T 0   1.408e+08  -2e-05  0.98  2.0e-01  3.2e-06  1.5e-01  4.1e-01  2.4e-01  3.3e-03  2.4e-01
 210  T 0   1.408e+08  -3e-05  0.98  2.0e-01  5.0e-06  1.7e-01  4.4e-01  2.4e-01  3.3e-03  2.5e-01
 211  T 0   1.408e+08  -3e-05  0.98  2.0e-01  3.2e-06  1.5e-01  4.6e-01  2.4e-01  3.4e-03  2.4e-01
 212  T 0   1.408e+08  -4e-05  0.98  2.0e-01  4.9e-06  1.6e-01  4.8e-01  2.5e-01  3.3e-03  2.5e-01
 213  T 0   1.408e+08  -4e-05  0.98  2.0e-01  4.6e-06  1.6e-01  5.0e-01  2.3e-01  3.4e-03  2.3e-01
 214  T 0   1.408e+08  -4e-05  0.98  2.0e-01  4.9e-06  1.6e-01  5.1e-01  2.8e-01  3.4e-03  2.9e-01
 215  T 0   1.407e+08  -5e-05  0.98  2.0e-01  5.2e-06  1.7e-01  5.6e-01  2.3e-01  3.3e-03  2.4e-01
 216  T 0   1.407e+08  -5e-05  0.98  2.0e-01  5.1e-06  2.0e-01  5.7e-01  2.4e-01  3.4e-03  2.5e-01
 217  T 0   1.407e+08  -5e-05  0.98  2.0e-01  5.4e-06  2.0e-01  5.8e-01  2.3e-01  3.3e-03  2.3e-01
 218  T 0   1.407e+08  -5e-05  0.98  2.0e-01  5.2e-06  2.0e-01  5.7e-01  3.0e-01  3.4e-03  3.1e-01
 219  T 0   1.406e+08  -5e-05  0.98  2.0e-01  4.9e-06  1.8e-01  4.8e-01  2.3e-01  3.4e-03  2.4e-01
 220  T 0   1.406e+08  -4e-05  0.98  2.0e-01  5.0e-06  1.7e-01  4.7e-01  2.4e-01  3.4e-03  2.4e-01
 221  T 0   1.406e+08  -4e-05  0.98  2.0e-01  4.2e-06  1.8e-01  4.6e-01  2.3e-01  3.4e-03  2.3e-01
 222  T 0   1.406e+08  -4e-05  0.98  2.0e-01  4.5e-06  1.8e-01  4.6e-01  2.3e-01  3.3e-03  2.4e-01
 223  T 0   1.406e+08  -4e-05  0.98  2.0e-01  4.7e-06  1.9e-01  4.4e-01  2.3e-01  3.3e-03  2.4e-01
 224  T 0   1.405e+08  -3e-05  0.98  2.0e-01  4.6e-06  2.0e-01  4.6e-01  2.5e-01  3.3e-03  2.5e-01
 225  T 0   1.405e+08  -3e-05  0.98  2.0e-01  5.1e-06  1.5e-01  3.9e-01  2.5e-01  3.3e-03  2.5e-01
 226  T 0   1.405e+08  -2e-05  0.98  2.0e-01  4.8e-06  1.5e-01  3.4e-01  2.4e-01  3.4e-03  2.5e-01
 227  T 0   1.405e+08  -2e-05  0.98  2.0e-01  4.9e-06  1.5e-01  3.6e-01  2.4e-01  3.4e-03  2.5e-01
 228  T 0   1.405e+08  -2e-05  0.98  2.0e-01  4.6e-06  9.0e-02  3.2e-01  2.3e-01  3.4e-03  2.3e-01
 229  T 0   1.405e+08  -3e-05  0.98  2.0e-01  4.5e-06  1.1e-01  3.7e-01  2.3e-01  3.4e-03  2.3e-01
 230  T 0   1.405e+08  -3e-05  0.98  2.0e-01  4.3e-06  1.2e-01  4.2e-01  2.3e-01  3.4e-03  2.3e-01
 231  T 0   1.405e+08  -4e-05  0.98  2.0e-01  4.1e-06  1.4e-01  4.8e-01  2.6e-01  3.4e-03  2.7e-01
 232  T 0   1.404e+08  -4e-05  0.98  2.0e-01  3.9e-06  1.5e-01  5.6e-01  2.7e-01  3.5e-03  2.7e-01
 233  T 0   1.404e+08  -5e-05  0.98  2.0e-01  3.6e-06  1.7e-01  6.5e-01  2.6e-01  3.7e-03  2.7e-01
 234  T 0   1.404e+08  -6e-05  0.98  2.0e-01  3.6e-06  2.0e-01  6.9e-01  2.7e-01  3.7e-03  2.7e-01
 235  T 0   1.403e+08  -6e-05  0.98  2.0e-01  3.8e-06  1.8e-01  6.4e-01  2.7e-01  3.5e-03  2.8e-01
 236  T 0   1.403e+08  -8e-05  0.98  2.0e-01  4.9e-06  2.0e-01  6.9e-01  2.6e-01  4.3e-03  2.7e-01
 237  T 0   1.403e+08  -1e-04  0.98  2.0e-01  4.6e-06  2.0e-01  7.7e-01  2.6e-01  3.7e-03  2.7e-01
 238  T 0   1.403e+08  -1e-04  0.98  2.0e-01  7.2e-06  2.0e-01  6.8e-01  2.7e-01  4.2e-03  2.8e-01
 239  T 0   1.402e+08  -9e-05  0.98  2.0e-01  5.0e-06  2.0e-01  6.6e-01  2.7e-01  3.6e-03  2.8e-01
 240  T 0   1.402e+08  -7e-05  0.98  2.0e-01  6.1e-06  2.0e-01  5.8e-01  2.7e-01  3.5e-03  2.7e-01
 241  T 0   1.402e+08  -6e-05  0.98  2.0e-01  3.8e-06  2.0e-01  5.6e-01  2.6e-01  3.7e-03  2.7e-01
 242  T 0   1.401e+08  -5e-05  0.98  2.0e-01  5.6e-06  1.9e-01  5.0e-01  2.6e-01  3.6e-03  2.7e-01
 243  T 0   1.401e+08  -4e-05  0.98  2.0e-01  4.5e-06  1.8e-01  4.8e-01  2.6e-01  3.7e-03  2.7e-01
 244  T 0   1.401e+08  -4e-05  0.98  2.0e-01  4.4e-06  1.5e-01  4.7e-01  2.6e-01  3.8e-03  2.7e-01
 245  T 0   1.401e+08  -5e-05  0.98  2.0e-01  4.0e-06  1.6e-01  4.7e-01  2.7e-01  3.8e-03  2.7e-01
 246  T 0   1.401e+08  -5e-05  0.98  2.0e-01  4.0e-06  1.7e-01  4.9e-01  2.8e-01  3.7e-03  2.8e-01
 247  T 0   1.400e+08  -6e-05  0.98  2.0e-01  3.5e-06  1.9e-01  5.2e-01  2.7e-01  3.5e-03  2.7e-01
 248  T 0   1.400e+08  -6e-05  0.98  2.0e-01  3.8e-06  1.7e-01  5.7e-01  3.5e-01  3.6e-03  3.5e-01
 249  T 0   1.400e+08  -7e-05  0.98  2.0e-01  4.0e-06  1.9e-01  6.2e-01  3.2e-01  3.5e-03  3.3e-01
 250  T 0   1.399e+08  -8e-05  0.98  2.0e-01  4.6e-06  2.0e-01  6.8e-01  2.7e-01  3.5e-03  2.7e-01
 251  T 0   1.399e+08  -9e-05  0.98  2.0e-01  4.8e-06  2.0e-01  7.1e-01  2.6e-01  3.7e-03  2.6e-01
 252  T 0   1.398e+08  -1e-04  0.98  2.0e-01  5.3e-06  2.0e-01  7.4e-01  2.9e-01  3.7e-03  3.0e-01
 253  T 0   1.398e+08  -1e-04  0.98  2.0e-01  5.3e-06  2.0e-01  7.3e-01  3.4e-01  3.7e-03  3.4e-01
 254  T 0   1.397e+08  -1e-04  0.98  2.0e-01  6.8e-06  2.0e-01  7.9e-01  2.9e-01  3.6e-03  3.0e-01
 255  T 0   1.397e+08  -1e-04  0.98  2.0e-01  8.5e-06  2.0e-01  7.4e-01  2.7e-01  3.5e-03  2.8e-01
 256  T 0   1.397e+08  -1e-04  0.97  2.0e-01  1.0e-05  2.0e-01  7.4e-01  2.7e-01  3.5e-03  2.7e-01
 257  T 0   1.396e+08  -1e-04  0.97  2.0e-01  6.7e-06  2.0e-01  6.8e-01  2.7e-01  3.6e-03  2.7e-01
 258  T 0   1.396e+08  -1e-04  0.97  2.0e-01  7.0e-06  2.0e-01  7.5e-01  2.6e-01  3.7e-03  2.6e-01
 259  T 0   1.395e+08  -1e-04  0.97  2.0e-01  6.1e-06  2.0e-01  7.2e-01  3.0e-01  3.5e-03  3.1e-01
 260  T 0   1.395e+08  -1e-04  0.97  2.0e-01  7.0e-06  1.9e-01  7.5e-01  2.7e-01  3.5e-03  2.7e-01
 261  T 0   1.394e+08  -1e-04  0.97  2.0e-01  6.6e-06  1.8e-01  6.4e-01  2.7e-01  3.6e-03  2.8e-01
 262  T 0   1.394e+08  -1e-04  0.97  2.0e-01  7.1e-06  2.0e-01  7.6e-01  3.1e-01  3.6e-03  3.2e-01
 263  T 0   1.393e+08  -1e-04  0.97  2.0e-01  7.0e-06  2.0e-01  7.7e-01  2.7e-01  3.5e-03  2.7e-01
 264  T 0   1.392e+08  -1e-04  0.97  2.0e-01  6.8e-06  2.0e-01  8.0e-01  2.8e-01  3.6e-03  2.8e-01
 265  T 0   1.392e+08  -1e-04  0.97  2.0e-01  6.2e-06  2.0e-01  7.7e-01  3.3e-01  3.6e-03  3.4e-01
 266  T 0   1.391e+08  -1e-04  0.97  2.0e-01  6.0e-06  2.0e-01  7.4e-01  2.7e-01  3.7e-03  2.7e-01
 267  T 0   1.390e+08  -1e-04  0.97  2.0e-01  5.9e-06  2.0e-01  7.5e-01  2.7e-01  3.5e-03  2.8e-01
 268  T 0   1.389e+08  -1e-04  0.97  2.0e-01  5.9e-06  2.0e-01  7.3e-01  2.6e-01  3.6e-03  2.6e-01
 269  T 0   1.388e+08  -2e-04  0.97  2.0e-01  6.7e-06  2.0e-01  8.1e-01  2.6e-01  3.5e-03  2.6e-01
 270  T 0   1.387e+08  -2e-04  0.97  2.0e-01  8.5e-06  2.0e-01  8.5e-01  2.8e-01  3.7e-03  2.9e-01
 271  T 0   1.386e+08  -2e-04  0.97  2.0e-01  1.1e-05  2.0e-01  8.5e-01  2.8e-01  3.7e-03  2.9e-01
 272  T 0   1.385e+08  -3e-04  0.97  2.0e-01  1.6e-05  2.0e-01  1.1e+00  2.6e-01  3.7e-03  2.7e-01
 273  T 0   1.383e+08  -5e-04  0.97  2.0e-01  1.7e-05  2.0e-01  1.2e+00  2.6e-01  3.5e-03  2.7e-01
 274  T 0   1.382e+08  -6e-04  0.97  2.0e-01  3.1e-05  2.0e-01  1.4e+00  2.6e-01  3.6e-03  2.7e-01
 275  T 0   1.380e+08  -8e-04  0.97  2.0e-01  2.9e-05  2.0e-01  1.5e+00  2.6e-01  3.6e-03  2.6e-01
 276  T 0   1.378e+08  -1e-03  0.96  2.0e-01  3.2e-05  2.0e-01  1.7e+00  2.8e-01  3.6e-03  2.9e-01
 277  T 0   1.375e+08  -1e-03  0.96  2.0e-01  2.7e-05  2.0e-01  1.5e+00  2.8e-01  3.1e-03  2.8e-01
 278  T 0   1.373e+08  -1e-03  0.95  2.0e-01  4.0e-05  2.0e-01  1.7e+00  2.7e-01  3.7e-03  2.8e-01
 279  T 0   1.367e+08  -1e-03  0.96  2.0e-01  3.0e-05  2.0e-01  1.3e+00  3.0e-01  3.7e-03  3.1e-01
 280  T 0   1.362e+08  -8e-04  0.96  2.0e-01  4.2e-05  2.0e-01  1.2e+00  3.1e-01  3.6e-03  3.1e-01
 281  T 0   1.359e+08  -6e-04  0.97  2.0e-01  8.5e-05  2.0e-01  9.2e-01  3.0e-01  3.7e-03  3.1e-01
 282  F 0   1.365e+08  -9e-04  0.96  2.0e-01  1.6e-04  2.0e-01  1.1e+00  2.8e-01  3.8e-03  2.8e-01
 283  F 0   1.372e+08  -2e-03  0.96  2.0e-01  4.1e-04  2.0e-01  1.4e+00  2.7e-01  3.8e-03  2.8e-01
 284  F 0   1.383e+08  -3e-03  0.95  2.0e-01  1.3e-04  2.0e-01  2.2e+00  2.7e-01  4.4e-03  2.7e-01
 285  F 0   1.370e+08  -3e-03  0.95  2.0e-01  4.4e-05  2.0e-01  2.0e+00  2.7e-01  4.3e-03  2.7e-01
 286  F 0   1.361e+08  -1e-03  0.96  2.0e-01  4.0e-05  2.0e-01  1.1e+00  2.6e-01  3.5e-03  2.6e-01
 287  T 0   1.356e+08  -6e-04  0.96  2.0e-01  4.0e-05  2.0e-01  7.7e-01  2.7e-01  3.6e-03  2.7e-01
 288  T 0   1.352e+08  -4e-04  0.96  2.0e-01  5.8e-05  2.0e-01  6.1e-01  2.9e-01  3.7e-03  2.9e-01
 289  T 0   1.350e+08  -3e-04  0.97  2.0e-01  7.1e-05  1.2e-01  5.5e-01  2.7e-01  3.6e-03  2.8e-01
 290  T 0   1.348e+08  -3e-04  0.97  2.0e-01  7.4e-05  1.3e-01  5.2e-01  2.7e-01  3.8e-03  2.7e-01
 291  T 0   1.347e+08  -2e-04  0.97  2.0e-01  1.6e-04  1.5e-01  5.6e-01  2.6e-01  3.6e-03  2.6e-01
 292  F 0   1.353e+08  -9e-04  0.97  2.0e-01  1.1e-04  2.0e-01  8.3e-01  2.6e-01  4.3e-03  2.7e-01
 293  F 0   1.357e+08  -2e-03  0.96  2.0e-01  4.1e-05  2.0e-01  1.4e+00  2.8e-01  4.0e-03  2.8e-01
 294  T 0   1.346e+08  -1e-03  0.97  2.0e-01  4.6e-05  2.0e-01  1.3e+00  2.7e-01  4.2e-03  2.8e-01
 295  T 0   1.343e+08  -4e-04  0.97  2.0e-01  7.0e-05  2.0e-01  6.1e-01  2.8e-01  3.6e-03  2.8e-01
 296  T 0   1.342e+08  -2e-04  0.97  2.0e-01  9.2e-05  1.1e-01  3.7e-01  2.8e-01  3.8e-03  2.8e-01
 297  T 0   1.341e+08  -2e-04  0.97  2.0e-01  4.2e-05  1.2e-01  3.8e-01  2.8e-01  3.6e-03  2.9e-01
 298  T 0   1.340e+08  -2e-04  0.98  2.0e-01  7.9e-05  1.5e-01  3.9e-01  2.8e-01  3.7e-03  2.8e-01
 299  T 0   1.340e+08  -2e-04  0.97  2.0e-01  1.6e-04  2.0e-01  4.9e-01  2.8e-01  3.8e-03  2.8e-01
 300  T 0   1.338e+08  -2e-04  0.98  2.0e-01  7.9e-05  2.0e-01  5.0e-01  2.9e-01  4.2e-03  3.0e-01
 301  F 0   1.339e+08  -3e-04  0.97  2.0e-01  1.3e-04  2.0e-01  7.1e-01  2.7e-01  4.2e-03  2.7e-01
 302  T 0   1.337e+08  -3e-04  0.98  2.0e-01  8.0e-05  2.0e-01  6.3e-01  2.7e-01  4.0e-03  2.8e-01
 303  T 0   1.336e+08  -1e-04  0.98  2.0e-01  5.2e-05  1.5e-01  5.1e-01  2.6e-01  3.7e-03  2.7e-01
 304  F 0   1.337e+08  -3e-04  0.98  2.0e-01  6.7e-05  2.0e-01  7.1e-01  2.7e-01  4.2e-03  2.7e-01
 305  T 0   1.335e+08  -2e-04  0.98  2.0e-01  2.2e-05  1.7e-01  5.5e-01  2.6e-01  4.1e-03  2.7e-01
 306  T 0   1.335e+08  -1e-04  0.98  2.0e-01  2.8e-05  1.5e-01  4.9e-01  3.1e-01  3.7e-03  3.1e-01
 307  T 0   1.334e+08  -1e-04  0.98  2.0e-01  4.2e-05  1.5e-01  4.8e-01  2.6e-01  3.6e-03  2.7e-01
 308  F 0   1.334e+08  -2e-04  0.98  2.0e-01  2.3e-05  1.9e-01  5.5e-01  2.6e-01  3.5e-03  2.7e-01
 309  T 0   1.333e+08  -1e-04  0.98  2.0e-01  2.4e-05  1.5e-01  5.1e-01  2.6e-01  3.6e-03  2.7e-01
 310  T 0   1.333e+08  -6e-05  0.98  2.0e-01  2.0e-05  1.5e-01  4.9e-01  3.1e-01  3.6e-03  3.1e-01
 311  T 0   1.333e+08  -6e-05  0.98  2.0e-01  2.8e-05  1.7e-01  4.4e-01  2.8e-01  3.6e-03  2.8e-01
 312  T 0   1.332e+08  -4e-05  0.98  2.0e-01  1.4e-05  1.9e-01  4.9e-01  2.8e-01  3.7e-03  2.9e-01
 313  T 0   1.332e+08   1e-04  0.98  2.0e-01  1.6e-05  1.2e-01  3.6e-01  2.7e-01  3.1e-03  2.8e-01
 314  T 0   1.332e+08  -3e-05  0.98  2.0e-01  7.7e-05  1.4e-01  3.7e-01  2.9e-01  3.7e-03  2.9e-01
 315  T 0   1.332e+08  -2e-05  0.98  2.0e-01  3.2e-06  1.3e-01  3.3e-01  2.6e-01  2.6e-03  2.6e-01
 316  T 0   1.332e+08  -6e-05  0.98  2.0e-01  3.2e-06  1.3e-01  3.2e-01  2.8e-01  3.0e-03  2.8e-01
 317  T 0   1.332e+08  -5e-05  0.98  2.0e-01  3.3e-06  1.3e-01  2.9e-01  2.9e-01  3.1e-03  2.9e-01
 318  T 0   1.332e+08  -1e-05  0.98  2.0e-01  3.3e-06  8.1e-02  2.2e-01  2.8e-01  3.7e-03  2.8e-01
 319  T 0   1.332e+08  -1e-05  0.98  2.0e-01  3.4e-06  6.6e-02  2.0e-01  2.7e-01  3.6e-03  2.7e-01
 320  T 0   1.332e+08  -1e-05  0.98  2.0e-01  3.3e-06  6.3e-02  2.1e-01  2.8e-01  3.6e-03  2.8e-01
 321  T 0   1.332e+08  -1e-05  0.98  2.0e-01  3.3e-06  7.3e-02  2.3e-01  2.8e-01  3.5e-03  2.9e-01
 322  T 0   1.332e+08  -1e-05  0.98  2.0e-01  3.2e-06  8.6e-02  2.5e-01  2.7e-01  3.6e-03  2.8e-01
 323  T 0   1.331e+08  -1e-05  0.98  2.0e-01  3.1e-06  1.0e-01  2.8e-01  2.8e-01  3.5e-03  2.9e-01
 324  T 0   1.331e+08  -1e-05  0.98  2.0e-01  3.0e-06  1.2e-01  3.1e-01  2.7e-01  3.5e-03  2.8e-01
 325  T 0   1.331e+08  -2e-05  0.98  2.0e-01  3.0e-06  1.4e-01  3.3e-01  2.7e-01  3.5e-03  2.7e-01
 326  T 0   1.331e+08  -2e-05  0.98  2.0e-01  2.9e-06  1.2e-01  3.4e-01  3.3e-01  3.7e-03  3.3e-01
 327  T 0   1.331e+08  -2e-05  0.98  2.0e-01  3.9e-06  1.3e-01  3.5e-01  2.6e-01  3.7e-03  2.7e-01
 328  F 0   1.331e+08  -5e-05  0.98  2.0e-01  9.7e-06  1.9e-01  5.7e-01  2.7e-01  3.7e-03  2.7e-01
 329  F 0   1.332e+08  -2e-04  0.98  2.0e-01  1.7e-05  2.0e-01  9.4e-01  2.6e-01  4.2e-03  2.7e-01
 330  F 0   1.332e+08  -5e-04  0.98  2.0e-01  2.3e-05  2.0e-01  1.2e+00  2.7e-01  3.7e-03  2.7e-01
 331  F 0   1.332e+08  -4e-04  0.97  2.0e-01  2.1e-05  2.0e-01  1.0e+00  2.7e-01  4.7e-03  2.8e-01
 332  F 0   1.331e+08  -3e-04  0.98  2.0e-01  9.8e-06  2.0e-01  7.8e-01  2.7e-01  3.6e-03  2.8e-01
 333  T 0   1.331e+08  -6e-05  0.98  2.0e-01  3.8e-06  1.4e-01  3.2e-01  2.6e-01  4.4e-03  2.7e-01
 334  T 0   1.331e+08  -1e-05  0.98  2.0e-01  3.2e-06  7.2e-02  1.4e-01  2.8e-01  3.5e-03  2.9e-01
 335  T 0   1.331e+08  -1e-05  0.98  2.0e-01  3.1e-06  6.9e-02  1.3e-01  2.7e-01  3.1e-03  2.8e-01
 336  T 0   1.331e+08  -1e-05  0.98  2.0e-01  3.0e-06  7.1e-02  1.4e-01  2.7e-01  3.1e-03  2.7e-01
 337  T 0   1.331e+08  -2e-05  0.98  2.0e-01  2.8e-06  6.5e-02  1.3e-01  2.6e-01  3.2e-03  2.7e-01
 338  T 0   1.331e+08  -2e-05  0.98  2.0e-01  2.7e-06  5.0e-02  1.2e-01  2.9e-01  3.3e-03  2.9e-01
 339  T 0   1.331e+08  -4e-06  0.98  2.0e-01  2.6e-06  4.6e-02  1.1e-01  2.8e-01  2.7e-03  2.8e-01
 340  T 0   1.331e+08  -2e-05  0.98  2.0e-01  2.4e-06  4.5e-02  1.1e-01  2.6e-01  3.6e-03  2.7e-01
 341  T 0   1.331e+08  -9e-06  0.98  2.0e-01  2.2e-06  4.7e-02  1.2e-01  2.6e-01  3.6e-03  2.7e-01
 342  T 0   1.331e+08  -5e-06  0.98  2.0e-01  2.0e-06  5.2e-02  1.3e-01  2.8e-01  3.6e-03  2.8e-01
 343  T 0   1.331e+08  -6e-06  0.98  2.0e-01  1.8e-06  5.7e-02  1.4e-01  3.1e-01  2.5e-03  3.2e-01
 344  T 0   1.331e+08  -1e-05  0.98  2.0e-01  1.8e-06  6.2e-02  1.5e-01  2.7e-01  2.5e-03  2.7e-01
 345  T 0   1.331e+08  -5e-06  0.98  2.0e-01  1.7e-06  6.6e-02  1.6e-01  2.6e-01  3.6e-03  2.6e-01
 346  T 0   1.331e+08  -6e-06  0.98  2.0e-01  1.8e-06  7.0e-02  1.7e-01  2.7e-01  3.5e-03  2.8e-01
 347  T 0   1.331e+08  -6e-06  0.98  2.0e-01  1.7e-06  7.2e-02  1.8e-01  2.6e-01  3.6e-03  2.7e-01
 348  T 0   1.331e+08  -1e-05  0.98  2.0e-01  1.8e-06  7.4e-02  1.9e-01  2.6e-01  2.6e-03  2.7e-01
 349  T 0   1.331e+08  -6e-06  0.98  2.0e-01  1.5e-06  7.3e-02  2.0e-01  2.7e-01  3.6e-03  2.7e-01
 350  T 0   1.330e+08  -7e-06  0.98  2.0e-01  2.8e-06  7.8e-02  2.2e-01  2.6e-01  3.7e-03  2.7e-01
 351  F 0   1.331e+08  -2e-05  0.98  2.0e-01  4.6e-06  1.3e-01  3.2e-01  2.7e-01  3.6e-03  2.7e-01
 352  F 0   1.331e+08  -1e-04  0.98  2.0e-01  1.3e-05  2.0e-01  7.9e-01  2.6e-01  3.6e-03  2.7e-01
 353  F 0   1.332e+08  -4e-04  0.98  2.0e-01  2.1e-05  2.0e-01  1.1e+00  2.6e-01  4.0e-03  2.7e-01
 354  F 0   1.331e+08  -5e-04  0.97  2.0e-01  2.3e-05  2.0e-01  1.2e+00  2.6e-01  3.6e-03  2.7e-01
 355  F 0   1.331e+08  -3e-04  0.98  2.0e-01  1.4e-05  2.0e-01  8.1e-01  2.6e-01  4.0e-03  2.6e-01
 356  T 0   1.330e+08  -7e-05  0.98  2.0e-01  4.4e-06  1.2e-01  3.7e-01  2.6e-01  4.1e-03  2.7e-01
 357  T 0   1.330e+08  -1e-05  0.98  2.0e-01  1.6e-06  4.1e-02  8.2e-02  2.6e-01  3.0e-03  2.7e-01
 358  T 0   1.330e+08  -1e-05  0.98  2.0e-01  1.5e-06  3.8e-02  6.8e-02  2.7e-01  3.0e-03  2.7e-01
 359  T 0   1.330e+08  -5e-06  0.98  2.0e-01  1.5e-06  3.9e-02  7.4e-02  2.6e-01  3.0e-03  2.7e-01
 360  T 0   1.330e+08  -9e-06  0.98  2.0e-01  1.5e-06  4.3e-02  8.0e-02  2.6e-01  3.0e-03  2.7e-01
 361  T 0   1.330e+08  -9e-06  0.98  2.0e-01  1.6e-06  5.2e-02  9.1e-02  2.8e-01  3.0e-03  2.8e-01
 362  T 0   1.330e+08  -1e-05  0.98  2.0e-01  1.6e-06  5.2e-02  9.8e-02  2.6e-01  3.1e-03  2.6e-01
 363  T 0   1.330e+08  -4e-06  0.98  2.0e-01  1.6e-06  5.1e-02  1.1e-01  2.6e-01  2.5e-03  2.7e-01
 364  T 0   1.330e+08  -3e-06  0.98  2.0e-01  1.7e-06  5.0e-02  1.2e-01  2.6e-01  3.5e-03  2.7e-01
 365  T 0   1.330e+08   6e-06  0.98  2.0e-01  1.7e-06  5.6e-02  1.3e-01  2.9e-01  2.5e-03  2.9e-01
 366  T 0   1.330e+08  -3e-06  0.98  2.0e-01  1.8e-06  6.3e-02  1.3e-01  3.4e-01  3.6e-03  3.5e-01
 367  T 0   1.330e+08   6e-06  0.98  2.0e-01  1.8e-06  4.6e-02  1.2e-01  2.7e-01  2.6e-03  2.7e-01
 368  T 0   1.330e+08  -3e-06  0.98  2.0e-01  1.8e-06  4.5e-02  1.1e-01  2.8e-01  3.6e-03  2.8e-01
 369  T 0   1.330e+08  -3e-06  0.98  2.0e-01  1.7e-06  4.7e-02  1.1e-01  2.7e-01  3.7e-03  2.8e-01
 370  T 0   1.330e+08  -3e-06  0.98  2.0e-01  2.0e-06  3.9e-02  1.2e-01  3.4e-01  3.6e-03  3.5e-01
 371  F 0   1.330e+08  -7e-06  0.98  2.0e-01  3.1e-06  7.8e-02  2.1e-01  3.1e-01  3.5e-03  3.1e-01
 372  F 0   1.330e+08  -4e-05  0.98  2.0e-01  5.8e-06  1.7e-01  4.1e-01  3.2e-01  3.7e-03  3.3e-01
 373  F 0   1.330e+08  -1e-04  0.98  2.0e-01  8.5e-06  2.0e-01  6.5e-01  2.7e-01  3.6e-03  2.8e-01
 374  F 0   1.330e+08  -2e-04  0.98  2.0e-01  6.6e-06  2.0e-01  6.3e-01  2.7e-01  4.0e-03  2.8e-01
 375  T 0   1.330e+08  -8e-05  0.98  2.0e-01  2.7e-06  1.3e-01  3.8e-01  2.9e-01  3.6e-03  2.9e-01
 376  T 0   1.330e+08  -5e-06  0.98  2.0e-01  1.4e-06  2.6e-02  7.9e-02  2.7e-01  3.5e-03  2.8e-01
 377  T 0   1.330e+08  -9e-06  0.98  2.0e-01  1.5e-06  3.4e-02  6.7e-02  2.7e-01  3.0e-03  2.7e-01
 378  T 0   1.330e+08  -7e-06  0.98  2.0e-01  1.2e-06  4.0e-02  7.5e-02  2.8e-01  2.6e-03  2.9e-01
 379  T 0   1.330e+08  -2e-06  0.98  2.0e-01  1.1e-06  4.8e-02  8.6e-02  2.8e-01  2.5e-03  2.9e-01
 380  T 0   1.330e+08   1e-06  0.98  2.0e-01  1.1e-06  5.6e-02  9.7e-02  2.8e-01  2.5e-03  2.8e-01
 381  T 0   1.330e+08  -1e-05  0.98  2.0e-01  1.1e-06  6.9e-02  1.0e-01  3.0e-01  3.0e-03  3.1e-01
 382  T 0   1.330e+08   4e-06  0.98  2.0e-01  1.2e-06  7.8e-02  1.2e-01  3.8e-01  3.0e-03  3.8e-01
 383  T 0   1.330e+08  -2e-05  0.98  2.0e-01  1.2e-06  8.8e-02  1.3e-01  2.8e-01  3.1e-03  2.8e-01
 384  T 0   1.330e+08  -3e-06  0.98  2.0e-01  1.3e-06  8.1e-02  1.4e-01  2.7e-01  3.5e-03  2.7e-01
 385  T 0   1.330e+08  -3e-06  0.98  2.0e-01  1.3e-06  7.8e-02  1.5e-01  2.6e-01  3.6e-03  2.7e-01
 386  T 0   1.330e+08   5e-06  0.98  2.0e-01  1.4e-06  7.5e-02  1.6e-01  2.7e-01  2.5e-03  2.7e-01
 387  T 0   1.330e+08   6e-06  0.98  2.0e-01  1.5e-06  7.2e-02  1.6e-01  2.8e-01  2.6e-03  2.8e-01
 388  T 0   1.330e+08  -4e-06  0.98  2.0e-01  1.6e-06  7.0e-02  1.7e-01  2.8e-01  2.4e-03  2.9e-01
 389  T 0   1.330e+08  -4e-06  0.98  2.0e-01  1.8e-06  5.5e-02  1.8e-01  3.0e-01  3.6e-03  3.1e-01
 390  T 0   1.330e+08  -7e-06  0.98  2.0e-01  1.7e-06  5.6e-02  1.8e-01  2.7e-01  2.5e-03  2.8e-01
 391  T 0   1.330e+08  -5e-06  0.98  2.0e-01  2.2e-06  6.3e-02  1.9e-01  2.6e-01  3.6e-03  2.7e-01
 392  F 0   1.330e+08  -1e-05  0.98  2.0e-01  3.6e-06  8.0e-02  2.5e-01  2.7e-01  3.6e-03  2.8e-01
 393  F 0   1.330e+08  -8e-05  0.98  2.0e-01  1.0e-05  1.9e-01  6.2e-01  3.4e-01  3.6e-03  3.5e-01
 394  F 0   1.331e+08  -4e-04  0.98  2.0e-01  2.1e-05  2.0e-01  1.1e+00  2.7e-01  3.5e-03  2.7e-01
 395  F 0   1.331e+08  -7e-04  0.97  2.0e-01  2.9e-05  2.0e-01  1.3e+00  2.6e-01  4.2e-03  2.7e-01
 396  F 0   1.331e+08  -6e-04  0.97  2.0e-01  2.1e-05  2.0e-01  1.1e+00  2.7e-01  2.8e-03  2.7e-01
 397  F 0   1.330e+08  -2e-04  0.98  2.0e-01  7.4e-06  2.0e-01  6.8e-01  2.6e-01  4.0e-03  2.7e-01
 398  T 0   1.330e+08  -2e-05  0.98  2.0e-01  3.4e-06  5.7e-02  1.5e-01  2.7e-01  4.0e-03  2.7e-01
 399  T 0   1.330e+08  -3e-06  0.98  2.0e-01  3.0e-06  2.9e-02  7.6e-02  2.8e-01  3.0e-03  2.8e-01
 400  T 0   1.330e+08   5e-06  0.98  2.0e-01  2.6e-06  3.7e-02  7.1e-02  2.6e-01  3.0e-03  2.7e-01
 401  T 0   1.330e+08  -5e-07  0.98  2.0e-01  2.3e-06  4.5e-02  7.5e-02  2.7e-01  3.1e-03  2.8e-01
 402  T 0   1.330e+08  -4e-06  0.98  2.0e-01  2.2e-06  5.1e-02  8.5e-02  2.7e-01  3.1e-03  2.8e-01
 403  T 0   1.330e+08  -9e-06  0.98  2.0e-01  2.0e-06  5.9e-02  9.3e-02  2.7e-01  3.1e-03  2.8e-01
 404  T 0   1.330e+08  -8e-06  0.98  2.0e-01  1.5e-06  6.5e-02  1.0e-01  2.7e-01  3.1e-03  2.7e-01
 405  T 0   1.330e+08  -2e-05  0.98  2.0e-01  1.5e-06  6.9e-02  1.1e-01  2.7e-01  3.1e-03  2.7e-01
 406  T 0   1.330e+08  -2e-05  0.98  2.0e-01  1.5e-06  6.2e-02  1.1e-01  2.6e-01  3.1e-03  2.7e-01
 407  T 0   1.330e+08  -3e-05  0.98  2.0e-01  1.4e-06  5.8e-02  1.2e-01  2.8e-01  3.1e-03  2.8e-01
 408  T 0   1.330e+08  -1e-05  0.98  2.0e-01  1.3e-06  5.2e-02  1.2e-01  2.7e-01  2.4e-03  2.7e-01
 409  T 0   1.330e+08  -2e-06  0.98  2.0e-01  1.2e-06  4.4e-02  1.0e-01  2.6e-01  3.5e-03  2.7e-01
 410  T 0   1.330e+08  -2e-06  0.98  2.0e-01  1.1e-06  4.7e-02  1.0e-01  2.7e-01  3.7e-03  2.8e-01
 411  T 0   1.330e+08  -2e-06  0.98  2.0e-01  9.6e-07  4.8e-02  1.1e-01  2.7e-01  3.7e-03  2.8e-01
 412  T 0   1.330e+08  -2e-06  0.98  2.0e-01  9.1e-07  4.8e-02  1.1e-01  2.7e-01  3.6e-03  2.7e-01
 413  T 0   1.330e+08  -2e-06  0.98  2.0e-01  9.0e-07  4.9e-02  1.1e-01  2.7e-01  3.6e-03  2.7e-01
 414  T 0   1.330e+08  -2e-06  0.98  2.0e-01  9.4e-07  4.8e-02  1.1e-01  2.8e-01  3.7e-03  2.9e-01
 415  T 0   1.330e+08  -3e-06  0.98  2.0e-01  1.4e-06  4.8e-02  1.1e-01  2.7e-01  3.5e-03  2.7e-01
 416  F 0   1.330e+08  -1e-05  0.98  2.0e-01  4.2e-06  1.1e-01  2.6e-01  3.4e-01  3.6e-03  3.5e-01
 417  F 0   1.330e+08  -9e-05  0.98  2.0e-01  1.0e-05  2.0e-01  5.7e-01  2.9e-01  3.5e-03  3.0e-01
 418  F 0   1.331e+08  -3e-04  0.98  2.0e-01  1.5e-05  2.0e-01  9.2e-01  2.7e-01  3.1e-03  2.7e-01
 419  F 0   1.330e+08  -5e-04  0.98  2.0e-01  1.9e-05  2.0e-01  9.5e-01  2.7e-01  3.5e-03  2.8e-01
 420  F 0   1.330e+08  -3e-04  0.98  2.0e-01  7.6e-06  2.0e-01  7.0e-01  2.6e-01  4.0e-03  2.7e-01
 421  F 0   1.330e+08  -5e-05  0.98  2.0e-01  2.5e-06  1.1e-01  2.5e-01  3.0e-01  4.2e-03  3.0e-01
 422  T 0   1.330e+08   6e-06  0.98  2.0e-01  2.5e-06  3.5e-02  7.4e-02  2.6e-01  3.1e-03  2.7e-01
 423  T 0   1.330e+08  -7e-07  0.98  2.0e-01  1.4e-06  1.8e-02  5.0e-02  2.7e-01  3.5e-03  2.8e-01
 424  T 0   1.330e+08   5e-06  0.98  2.0e-01  1.2e-06  2.2e-02  4.7e-02  2.7e-01  3.0e-03  2.7e-01
 425  T 0   1.330e+08   2e-06  0.98  2.0e-01  1.1e-06  2.9e-02  5.2e-02  2.8e-01  3.1e-03  2.8e-01
 426  T 0   1.330e+08  -1e-06  0.98  2.0e-01  9.8e-07  3.4e-02  5.6e-02  2.8e-01  3.0e-03  2.8e-01
 427  T 0   1.330e+08  -3e-06  0.98  2.0e-01  9.7e-07  3.3e-02  5.6e-02  3.4e-01  3.2e-03  3.5e-01
 428  T 0   1.330e+08  -9e-06  0.98  2.0e-01  1.1e-06  2.6e-02  4.8e-02  3.3e-01  3.1e-03  3.3e-01
 429  T 0   1.330e+08  -4e-06  0.98  2.0e-01  1.1e-06  2.6e-02  4.7e-02  2.8e-01  1.4e-02  3.0e-01
 430  T 0   1.330e+08  -8e-06  0.98  2.0e-01  1.1e-06  2.8e-02  5.0e-02  2.8e-01  3.0e-03  2.8e-01
 431  T 0   1.330e+08   5e-06  0.98  2.0e-01  1.1e-06  2.7e-02  5.2e-02  2.6e-01  2.5e-03  2.7e-01
 432  F 0   1.330e+08  -3e-05  0.98  2.0e-01  1.2e-06  3.1e-02  5.8e-02  2.7e-01  3.1e-03  2.7e-01
 433  T 0   1.330e+08  -1e-06  0.98  2.0e-01  1.1e-06  2.8e-02  5.9e-02  2.7e-01  3.6e-03  2.8e-01
 434  T 0   1.330e+08  -1e-06  0.98  2.0e-01  1.1e-06  2.9e-02  6.7e-02  2.7e-01  3.6e-03  2.8e-01
 435  T 0   1.330e+08  -1e-06  0.98  2.0e-01  1.0e-06  3.0e-02  7.1e-02  3.0e-01  3.5e-03  3.1e-01
 436  T 0   1.330e+08  -1e-06  0.98  2.0e-01  1.4e-06  2.9e-02  8.3e-02  3.3e-01  3.8e-03  3.3e-01
 437  F 0   1.330e+08  -3e-06  0.98  2.0e-01  2.3e-06  4.4e-02  1.1e-01  2.7e-01  3.7e-03  2.7e-01
 438  F 0   1.330e+08  -3e-05  0.98  2.0e-01  7.1e-06  1.1e-01  3.4e-01  2.7e-01  3.5e-03  2.7e-01
 439  F 0   1.330e+08  -2e-04  0.98  2.0e-01  1.4e-05  2.0e-01  7.5e-01  2.7e-01  3.6e-03  2.7e-01
 440  F 0   1.331e+08  -5e-04  0.98  2.0e-01  1.7e-05  2.0e-01  1.0e+00  2.6e-01  3.0e-03  2.7e-01
 441  F 0   1.330e+08  -4e-04  0.98  2.0e-01  1.6e-05  2.0e-01  8.5e-01  2.6e-01  4.1e-03  2.7e-01
 442  F 0   1.330e+08  -1e-04  0.98  2.0e-01  4.9e-06  2.0e-01  4.8e-01  2.6e-01  3.6e-03  2.7e-01
 443  T 0   1.330e+08  -1e-05  0.98  2.0e-01  2.3e-06  6.0e-02  1.1e-01  2.7e-01  3.5e-03  2.7e-01
 444  T 0   1.330e+08  -2e-06  0.98  2.0e-01  1.8e-06  2.0e-02  5.2e-02  2.7e-01  3.5e-03  2.7e-01
 445  T 0   1.330e+08   5e-06  0.98  2.0e-01  1.5e-06  1.2e-02  3.3e-02  2.6e-01  3.1e-03  2.7e-01
 446  T 0   1.330e+08   5e-06  0.98  2.0e-01  1.3e-06  1.3e-02  3.6e-02  2.9e-01  3.0e-03  2.9e-01
 447  T 0   1.330e+08  -1e-06  0.98  2.0e-01  1.2e-06  1.8e-02  4.1e-02  2.7e-01  3.0e-03  2.7e-01
 448  T 0   1.330e+08  -3e-06  0.98  2.0e-01  1.2e-06  2.0e-02  4.4e-02  2.7e-01  3.1e-03  2.8e-01
 449  T 0   1.330e+08  -6e-06  0.98  2.0e-01  1.2e-06  2.2e-02  4.8e-02  2.7e-01  3.2e-03  2.7e-01
 450  T 0   1.330e+08  -9e-06  0.98  2.0e-01  1.0e-06  2.3e-02  5.1e-02  2.8e-01  3.0e-03  2.9e-01
 451  T 0   1.330e+08  -1e-05  0.98  2.0e-01  1.0e-06  2.4e-02  5.5e-02  2.7e-01  3.0e-03  2.7e-01
 452  T 0   1.329e+08   7e-06  0.98  2.0e-01  1.0e-06  2.4e-02  5.9e-02  2.8e-01  2.5e-03  2.8e-01
 453  T 0   1.329e+08  -8e-07  0.98  2.0e-01  1.0e-06  2.6e-02  6.6e-02  2.7e-01  3.5e-03  2.7e-01
 454  T 0   1.329e+08  -9e-07  0.98  2.0e-01  1.0e-06  2.7e-02  7.0e-02  2.7e-01  3.6e-03  2.8e-01
 455  T 0   1.329e+08  -1e-06  0.98  2.0e-01  1.0e-06  2.8e-02  7.7e-02  2.7e-01  3.5e-03  2.7e-01
 456  T 0   1.329e+08  -1e-06  0.98  2.0e-01  9.4e-07  3.1e-02  8.0e-02  2.7e-01  3.5e-03  2.8e-01
 457  T 0   1.329e+08  -1e-06  0.98  2.0e-01  1.1e-06  3.1e-02  9.0e-02  2.7e-01  3.5e-03  2.7e-01
 458  T 0   1.329e+08  -2e-06  0.98  2.0e-01  1.1e-06  3.3e-02  9.5e-02  2.7e-01  3.7e-03  2.7e-01
 459  F 0   1.329e+08  -4e-06  0.98  2.0e-01  2.2e-06  4.2e-02  1.5e-01  2.6e-01  3.5e-03  2.7e-01
 460  F 0   1.330e+08  -2e-05  0.98  2.0e-01  3.9e-06  6.7e-02  2.3e-01  2.7e-01  3.7e-03  2.7e-01
 461  F 0   1.330e+08  -5e-05  0.98  2.0e-01  5.9e-06  1.4e-01  4.2e-01  2.9e-01  3.5e-03  2.9e-01
 462  F 0   1.330e+08  -8e-05  0.98  2.0e-01  4.1e-06  1.3e-01  3.9e-01  2.8e-01  3.7e-03  2.8e-01
 463  T 0   1.329e+08  -4e-05  0.98  2.0e-01  2.5e-06  7.8e-02  2.6e-01  2.7e-01  3.6e-03  2.8e-01
 464  T 0   1.329e+08  -3e-06  0.98  2.0e-01  9.5e-07  3.9e-02  7.2e-02  2.6e-01  3.7e-03  2.7e-01
 465  T 0   1.329e+08  -6e-06  0.98  2.0e-01  1.0e-06  3.6e-02  6.6e-02  2.6e-01  3.0e-03  2.7e-01
 466  T 0   1.329e+08   4e-06  0.98  2.0e-01  9.0e-07  3.7e-02  6.7e-02  2.7e-01  2.5e-03  2.7e-01
 467  T 0   1.329e+08  -4e-06  0.98  2.0e-01  8.8e-07  3.6e-02  7.2e-02  2.7e-01  3.0e-03  2.7e-01
 468  T 0   1.329e+08  -1e-05  0.98  2.0e-01  8.6e-07  3.7e-02  7.8e-02  2.9e-01  2.5e-03  2.9e-01
 469  T 0   1.329e+08   1e-05  0.98  2.0e-01  8.4e-07  4.0e-02  8.4e-02  2.7e-01  3.0e-03  2.7e-01
 470  F 0   1.329e+08  -1e-05  0.98  2.0e-01  8.2e-07  3.9e-02  8.8e-02  2.6e-01  3.0e-03  2.6e-01
 471  T 0   1.329e+08  -1e-06  0.98  2.0e-01  8.1e-07  4.2e-02  9.6e-02  2.6e-01  3.6e-03  2.7e-01
 472  T 0   1.329e+08  -4e-06  0.98  2.0e-01  7.8e-07  4.2e-02  1.0e-01  3.5e-01  2.6e-03  3.6e-01
 473  T 0   1.329e+08  -2e-06  0.98  2.0e-01  7.4e-07  4.5e-02  9.9e-02  2.6e-01  3.7e-03  2.7e-01
 474  T 0   1.329e+08  -2e-06  0.98  2.0e-01  6.9e-07  3.8e-02  9.8e-02  2.7e-01  3.5e-03  2.7e-01
 475  T 0   1.329e+08  -2e-06  0.98  2.0e-01  6.4e-07  3.9e-02  9.9e-02  2.9e-01  3.5e-03  2.9e-01
 476  T 0   1.329e+08  -2e-06  0.98  2.0e-01  5.7e-07  3.7e-02  1.0e-01  2.7e-01  3.6e-03  2.7e-01
 477  T 0   1.329e+08  -2e-06  0.98  2.0e-01  6.6e-07  3.9e-02  1.1e-01  2.6e-01  3.7e-03  2.7e-01
 478  T 0   1.329e+08  -2e-06  0.98  2.0e-01  8.6e-07  3.8e-02  1.1e-01  2.6e-01  3.5e-03  2.7e-01
 479  F 0   1.329e+08  -4e-06  0.98  2.0e-01  2.7e-06  5.1e-02  1.7e-01  2.6e-01  3.5e-03  2.7e-01
 480  F 0   1.330e+08  -4e-05  0.98  2.0e-01  7.2e-06  1.2e-01  3.9e-01  2.7e-01  3.5e-03  2.8e-01
 481  F 0   1.330e+08  -2e-04  0.98  2.0e-01  1.2e-05  2.0e-01  8.1e-01  2.7e-01  3.5e-03  2.7e-01
 482  F 0   1.330e+08  -4e-04  0.98  2.0e-01  1.9e-05  2.0e-01  9.9e-01  2.6e-01  4.1e-03  2.7e-01
 483  F 0   1.330e+08  -3e-04  0.98  2.0e-01  8.6e-06  2.0e-01  7.7e-01  2.7e-01  3.5e-03  2.7e-01
 484  F 0   1.329e+08  -8e-05  0.98  2.0e-01  2.5e-06  1.1e-01  3.1e-01  2.6e-01  3.7e-03  2.6e-01
 485  T 0   1.329e+08  -2e-06  0.98  2.0e-01  1.6e-06  3.2e-02  6.7e-02  2.8e-01  3.1e-03  2.9e-01
 486  T 0   1.329e+08   6e-06  0.98  2.0e-01  1.2e-06  2.3e-02  4.3e-02  2.7e-01  3.2e-03  2.7e-01
 487  T 0   1.329e+08   4e-06  0.98  2.0e-01  1.1e-06  1.7e-02  3.7e-02  2.7e-01  3.0e-03  2.7e-01
 488  T 0   1.329e+08  -1e-06  0.98  2.0e-01  1.0e-06  1.4e-02  3.8e-02  2.6e-01  3.0e-03  2.6e-01
 489  T 0   1.329e+08   6e-06  0.98  2.0e-01  8.7e-07  1.5e-02  4.2e-02  2.7e-01  2.5e-03  2.7e-01
 490  F 0   1.329e+08  -4e-06  0.98  2.0e-01  9.2e-07  1.7e-02  4.6e-02  2.6e-01  3.1e-03  2.7e-01
 491  T 0   1.329e+08   5e-06  0.98  2.0e-01  5.8e-07  1.8e-02  5.1e-02  2.8e-01  3.0e-03  2.8e-01
 492  T 0   1.329e+08   4e-06  0.98  2.0e-01  5.9e-07  2.0e-02  5.6e-02  2.7e-01  2.5e-03  2.7e-01
 493  F 0   1.329e+08  -4e-06  0.98  2.0e-01  5.9e-07  2.2e-02  6.2e-02  2.6e-01  2.6e-03  2.7e-01
 494  T 0   1.329e+08  -8e-07  0.98  2.0e-01  6.0e-07  2.4e-02  6.8e-02  2.7e-01  3.6e-03  2.7e-01
 495  T 0   1.329e+08  -9e-06  0.98  2.0e-01  6.0e-07  2.8e-02  7.4e-02  3.4e-01  2.9e-03  3.4e-01
 496  T 0   1.329e+08  -9e-07  0.98  2.0e-01  6.2e-07  3.4e-02  8.2e-02  2.6e-01  3.5e-03  2.6e-01
 497  T 0   1.329e+08  -1e-06  0.98  2.0e-01  6.2e-07  3.9e-02  9.1e-02  2.7e-01  3.6e-03  2.7e-01
 498  T 0   1.329e+08   5e-06  0.98  2.0e-01  6.6e-07  4.4e-02  9.7e-02  2.7e-01  2.5e-03  2.7e-01
 499  T 0   1.329e+08  -4e-06  0.98  2.0e-01  7.1e-07  4.9e-02  1.0e-01  2.6e-01  2.5e-03  2.7e-01
 500  F 0   1.329e+08  -1e-06  0.99  2.0e-01  1.5e-06  4.5e-02  1.3e-01  2.7e-01  2.6e-03  2.7e-01
 501  F 0   1.329e+08  -2e-05  0.98  2.0e-01  4.9e-06  1.5e-01  2.9e-01  2.7e-01  3.6e-03  2.7e-01
 502  F 0   1.330e+08  -1e-04  0.98  2.0e-01  9.5e-06  2.0e-01  5.7e-01  2.7e-01  3.7e-03  2.8e-01
 503  F 0   1.330e+08  -3e-04  0.98  2.0e-01  1.3e-05  2.0e-01  8.1e-01  2.8e-01  3.7e-03  2.9e-01
 504  F 0   1.330e+08  -3e-04  0.98  2.0e-01  1.1e-05  2.0e-01  7.1e-01  2.7e-01  4.0e-03  2.7e-01
 505  F 0   1.329e+08  -9e-05  0.98  2.0e-01  3.2e-06  1.4e-01  3.6e-01  2.8e-01  3.5e-03  2.8e-01
 506  T 0   1.329e+08  -6e-06  0.98  2.0e-01  1.7e-06  4.6e-02  9.4e-02  2.6e-01  3.9e-03  2.7e-01
 507  T 0   1.329e+08  -2e-06  0.98  2.0e-01  1.3e-06  2.6e-02  4.8e-02  2.8e-01  3.6e-03  2.9e-01
 508  T 0   1.329e+08   1e-06  0.98  2.0e-01  1.3e-06  2.4e-02  4.7e-02  2.8e-01  3.1e-03  2.9e-01
 509  T 0   1.329e+08  -5e-07  0.98  2.0e-01  6.4e-07  2.5e-02  4.9e-02  2.8e-01  3.1e-03  2.8e-01
 510  T 0   1.329e+08  -2e-06  0.98  2.0e-01  5.8e-07  2.8e-02  5.1e-02  2.9e-01  3.1e-03  2.9e-01
 511  T 0   1.329e+08  -4e-06  0.98  2.0e-01  5.7e-07  2.8e-02  5.5e-02  2.6e-01  3.1e-03  2.7e-01
 512  T 0   1.329e+08   6e-06  0.98  2.0e-01  5.6e-07  2.6e-02  5.9e-02  3.1e-01  2.6e-03  3.1e-01
 513  F 0   1.329e+08  -2e-05  0.98  2.0e-01  5.8e-07  3.3e-02  6.9e-02  2.6e-01  3.0e-03  2.7e-01
 514  T 0   1.329e+08   2e-05  0.98  2.0e-01  5.6e-07  3.7e-02  7.8e-02  2.6e-01  3.0e-03  2.7e-01
 515  F 0   1.329e+08  -9e-07  0.98  2.0e-01  6.1e-07  5.0e-02  9.2e-02  2.6e-01  3.5e-03  2.7e-01
 516  T 0   1.329e+08  -3e-06  0.98  2.0e-01  6.0e-07  4.9e-02  1.0e-01  2.7e-01  2.5e-03  2.7e-01
 517  T 0   1.329e+08  -8e-06  0.98  2.0e-01  6.3e-07  4.4e-02  1.0e-01  2.6e-01  2.5e-03  2.7e-01
 518  T 0   1.329e+08  -1e-06  0.98  2.0e-01  6.2e-07  4.5e-02  1.0e-01  2.6e-01  3.5e-03  2.6e-01
 519  T 0   1.329e+08  -4e-06  0.98  2.0e-01  6.8e-07  4.6e-02  1.0e-01  2.7e-01  2.5e-03  2.7e-01
 520  T 0   1.329e+08  -1e-06  0.98  2.0e-01  6.7e-07  4.0e-02  1.0e-01  2.7e-01  3.6e-03  2.7e-01
 521  T 0   1.329e+08  -2e-06  0.98  2.0e-01  1.2e-06  4.3e-02  1.1e-01  2.7e-01  3.6e-03  2.7e-01
 522  F 0   1.329e+08  -5e-06  0.98  2.0e-01  2.4e-06  6.2e-02  1.6e-01  2.7e-01  3.6e-03  2.7e-01
 523  F 0   1.329e+08  -4e-05  0.98  2.0e-01  5.6e-06  1.7e-01  3.5e-01  2.7e-01  2.5e-03  2.7e-01
 524  F 0   1.329e+08  -1e-04  0.98  2.0e-01  7.5e-06  2.0e-01  5.2e-01  3.0e-01  3.5e-03  3.0e-01
 525  F 0   1.329e+08  -1e-04  0.98  2.0e-01  6.0e-06  2.0e-01  5.5e-01  2.7e-01  3.7e-03  2.8e-01
 526  F 0   1.329e+08  -7e-05  0.98  2.0e-01  2.7e-06  1.2e-01  3.1e-01  2.7e-01  3.5e-03  2.8e-01
 527  T 0   1.329e+08  -9e-06  0.98  2.0e-01  1.1e-06  5.0e-02  1.2e-01  2.9e-01  3.7e-03  2.9e-01
 528  T 0   1.329e+08  -9e-06  0.98  2.0e-01  8.8e-07  4.2e-02  8.3e-02  2.8e-01  3.0e-03  2.8e-01
 529  T 0   1.329e+08  -6e-06  0.98  2.0e-01  4.9e-07  4.5e-02  9.0e-02  2.8e-01  3.0e-03  2.8e-01
 530  T 0   1.329e+08  -7e-06  0.98  2.0e-01  5.3e-07  5.0e-02  9.8e-02  2.7e-01  3.1e-03  2.7e-01
 531  T 0   1.329e+08   6e-06  0.98  2.0e-01  5.7e-07  5.5e-02  1.1e-01  2.7e-01  2.5e-03  2.7e-01
 532  F 0   1.329e+08  -2e-05  0.98  2.0e-01  6.2e-07  6.2e-02  1.1e-01  2.6e-01  3.1e-03  2.6e-01
 533  T 0   1.329e+08   1e-05  0.98  2.0e-01  6.2e-07  5.6e-02  1.2e-01  2.6e-01  3.0e-03  2.6e-01
 534  F 0   1.329e+08  -6e-05  0.98  2.0e-01  6.6e-07  3.4e-02  9.0e-02  2.6e-01  3.0e-03  2.7e-01
 535  T 0   1.329e+08   6e-05  0.98  2.0e-01  6.0e-07  3.9e-02  8.5e-02  2.7e-01  3.1e-03  2.7e-01
 536  F 0   1.329e+08   3e-06  0.98  2.0e-01  6.1e-07  3.5e-02  7.1e-02  2.7e-01  3.8e-03  2.8e-01
 537  F 0   1.329e+08  -6e-06  0.98  2.0e-01  6.3e-07  2.7e-02  6.2e-02  2.6e-01  2.4e-03  2.7e-01
 538  F 0   1.329e+08  -4e-07  0.98  2.0e-01  5.8e-07  2.5e-02  5.8e-02  2.8e-01  3.5e-03  2.8e-01
 539  F 0   1.329e+08   5e-06  0.98  2.0e-01  6.5e-07  2.4e-02  5.8e-02  2.6e-01  2.5e-03  2.6e-01
 540  F 0   1.329e+08   7e-06  0.98  2.0e-01  4.7e-07  2.3e-02  5.6e-02  2.6e-01  2.5e-03  2.6e-01
 541  F 0   1.329e+08  -5e-07  0.98  2.0e-01  9.5e-07  3.2e-02  6.7e-02  2.7e-01  3.6e-03  2.7e-01
 542  F 0   1.329e+08  -1e-06  0.98  2.0e-01  1.5e-06  5.1e-02  8.5e-02  2.7e-01  3.5e-03  2.8e-01
 543  F 0   1.329e+08  -6e-06  0.98  2.0e-01  3.5e-06  1.6e-01  2.0e-01  2.7e-01  3.6e-03  2.7e-01
 544  F 0   1.329e+08  -2e-05  0.98  2.0e-01  4.4e-06  2.0e-01  3.0e-01  2.7e-01  3.6e-03  2.7e-01
 545  F 0   1.329e+08  -3e-05  0.98  2.0e-01  3.2e-06  2.0e-01  3.0e-01  2.6e-01  3.6e-03  2.7e-01
 546  F 0   1.329e+08  -1e-05  0.98  2.0e-01  1.5e-06  1.2e-01  1.7e-01  2.6e-01  3.6e-03  2.7e-01
 547  F 0   1.329e+08   1e-06  0.98  2.0e-01  4.5e-07  3.7e-02  6.6e-02  2.6e-01  3.5e-03  2.7e-01
 548  F 0   1.329e+08  -1e-05  0.98  2.0e-01  4.9e-07  1.8e-02  4.2e-02  2.6e-01  2.4e-03  2.7e-01
 549  T 0   1.329e+08   3e-06  0.98  2.0e-01  5.5e-07  2.0e-02  4.5e-02  2.8e-01  3.0e-03  2.8e-01
 550  T 0   1.329e+08   1e-05  0.98  2.0e-01  5.8e-07  2.0e-02  4.8e-02  2.7e-01  2.6e-03  2.7e-01
 551  F 0   1.329e+08  -1e-05  0.98  2.0e-01  5.2e-07  2.2e-02  5.2e-02  2.6e-01  3.1e-03  2.7e-01
 552  T 0   1.329e+08   1e-05  0.98  2.0e-01  5.2e-07  2.2e-02  5.8e-02  3.5e-01  3.0e-03  3.5e-01
 553  F 0   1.329e+08  -1e-05  0.98  2.0e-01  5.3e-07  2.3e-02  6.2e-02  2.9e-01  3.0e-03  2.9e-01
 554  F 0   1.329e+08  -5e-07  0.98  2.0e-01  5.2e-07  2.4e-02  6.8e-02  2.7e-01  3.6e-03  2.7e-01
 555  T 0   1.329e+08  -6e-06  0.98  2.0e-01  5.1e-07  2.7e-02  7.4e-02  2.6e-01  2.5e-03  2.7e-01
 556  T 0   1.329e+08  -6e-07  0.98  2.0e-01  5.1e-07  2.8e-02  8.0e-02  2.7e-01  3.5e-03  2.7e-01
 557  T 0   1.329e+08  -6e-07  0.98  2.0e-01  5.2e-07  3.1e-02  8.1e-02  2.7e-01  3.5e-03  2.7e-01
 558  F 0   1.329e+08  -9e-06  0.98  2.0e-01  5.7e-07  3.1e-02  8.4e-02  2.7e-01  2.5e-03  2.7e-01
 559  T 0   1.329e+08  -7e-07  0.98  2.0e-01  6.3e-07  3.0e-02  8.4e-02  2.6e-01  3.5e-03  2.7e-01
 560  T 0   1.329e+08   8e-07  0.98  2.0e-01  6.6e-07  3.1e-02  8.5e-02  2.7e-01  2.4e-03  2.7e-01
 561  T 0   1.329e+08  -9e-07  0.98  2.0e-01  7.5e-07  3.2e-02  9.0e-02  2.6e-01  3.5e-03  2.7e-01
 562  F 0   1.329e+08  -2e-06  0.98  2.0e-01  1.9e-06  7.3e-02  1.3e-01  2.6e-01  3.8e-03  2.6e-01
 563  F 0   1.329e+08  -1e-05  0.98  2.0e-01  3.2e-06  1.5e-01  2.2e-01  2.6e-01  3.5e-03  2.6e-01
 564  F 0   1.329e+08  -3e-05  0.98  2.0e-01  4.2e-06  1.5e-01  3.2e-01  2.9e-01  3.5e-03  2.9e-01
 565  F 0   1.329e+08  -5e-05  0.98  2.0e-01  3.7e-06  1.7e-01  3.3e-01  2.7e-01  3.5e-03  2.8e-01
 566  T 0   1.329e+08  -2e-05  0.98  2.0e-01  1.1e-06  7.9e-02  1.9e-01  2.8e-01  4.3e-03  2.8e-01
 567  T 0   1.329e+08  -7e-07  0.98  2.0e-01  6.4e-07  3.8e-02  7.8e-02  2.6e-01  3.6e-03  2.7e-01
 568  T 0   1.329e+08  -9e-06  0.98  2.0e-01  6.5e-07  3.5e-02  7.2e-02  2.7e-01  3.0e-03  2.7e-01
 569  T 0   1.329e+08   6e-07  0.98  2.0e-01  6.2e-07  3.5e-02  7.1e-02  3.1e-01  3.0e-03  3.2e-01
 570  T 0   1.329e+08   6e-07  0.98  2.0e-01  3.9e-07  3.6e-02  7.4e-02  2.7e-01  3.0e-03  2.7e-01
 571  T 0   1.329e+08   3e-06  0.98  2.0e-01  4.0e-07  3.5e-02  8.1e-02  2.6e-01  2.6e-03  2.7e-01
 572  T 0   1.329e+08  -5e-06  0.98  2.0e-01  4.4e-07  3.5e-02  8.6e-02  2.7e-01  3.3e-03  2.8e-01
 573  T 0   1.329e+08  -5e-06  0.98  2.0e-01  4.7e-07  3.9e-02  9.4e-02  2.6e-01  2.5e-03  2.7e-01
 574  T 0   1.329e+08  -3e-06  0.98  2.0e-01  5.0e-07  4.8e-02  1.0e-01  2.7e-01  2.6e-03  2.7e-01
 575  T 0   1.329e+08  -8e-06  0.99  2.0e-01  5.5e-07  6.1e-02  1.1e-01  2.7e-01  2.6e-03  2.7e-01
 576  T 0   1.329e+08   4e-06  0.99  2.0e-01  5.3e-07  8.0e-02  1.3e-01  2.7e-01  3.8e-03  2.7e-01
 577  T 0   1.329e+08   4e-06  0.99  2.0e-01  5.4e-07  8.5e-02  1.4e-01  2.6e-01  2.4e-03  2.7e-01
 578  T 0   1.329e+08  -2e-06  0.99  2.0e-01  5.6e-07  8.6e-02  1.5e-01  2.7e-01  3.6e-03  2.7e-01
 579  T 0   1.329e+08   3e-06  0.99  2.0e-01  5.8e-07  9.0e-02  1.5e-01  2.7e-01  2.5e-03  2.8e-01
 580  T 0   1.329e+08  -2e-06  0.99  2.0e-01  5.9e-07  9.4e-02  1.6e-01  3.2e-01  3.7e-03  3.3e-01
 581  T 0   1.329e+08  -2e-06  0.99  2.0e-01  6.2e-07  9.6e-02  1.7e-01  3.3e-01  8.1e-03  3.4e-01
 582  T 0   1.329e+08  -3e-06  0.99  2.0e-01  1.5e-06  9.7e-02  1.8e-01  2.8e-01  3.8e-03  2.8e-01
 583  F 0   1.329e+08  -1e-05  0.98  2.0e-01  4.7e-06  1.0e-01  2.7e-01  2.8e-01  3.7e-03  2.9e-01
 584  F 0   1.329e+08  -6e-05  0.98  2.0e-01  8.1e-06  1.5e-01  4.8e-01  2.7e-01  3.7e-03  2.7e-01
 585  F 0   1.329e+08  -2e-04  0.98  2.0e-01  1.0e-05  2.0e-01  6.6e-01  3.0e-01  4.1e-03  3.1e-01
 586  F 0   1.329e+08  -2e-04  0.98  2.0e-01  4.2e-06  1.6e-01  5.5e-01  2.9e-01  3.6e-03  3.0e-01
 587  T 0   1.329e+08  -3e-05  0.98  2.0e-01  1.9e-06  8.2e-02  2.3e-01  2.7e-01  4.0e-03  2.7e-01
 588  T 0   1.329e+08  -2e-06  0.98  2.0e-01  8.7e-07  5.0e-02  8.9e-02  2.7e-01  3.6e-03  2.8e-01
 589  T 0   1.329e+08   2e-06  0.98  2.0e-01  6.9e-07  3.8e-02  7.8e-02  2.9e-01  3.0e-03  2.9e-01
 590  T 0   1.329e+08   5e-06  0.98  2.0e-01  5.0e-07  3.9e-02  7.1e-02  2.7e-01  3.0e-03  2.7e-01
 591  T 0   1.329e+08   7e-08  0.99  2.0e-01  3.7e-07  4.3e-02  7.2e-02  2.7e-01  3.0e-03  2.7e-01
 592  T 0   1.329e+08   5e-06  0.99  2.0e-01  3.4e-07  4.9e-02  7.6e-02  2.7e-01  2.5e-03  2.7e-01
 593  T 0   1.329e+08   7e-06  0.99  2.0e-01  3.4e-07  5.2e-02  8.1e-02  2.6e-01  2.6e-03  2.7e-01
 594  F 0   1.329e+08  -5e-06  0.99  2.0e-01  2.7e-07  5.1e-02  7.8e-02  2.6e-01  3.2e-03  2.6e-01
 595  T 0   1.329e+08   8e-06  0.99  2.0e-01  2.7e-07  4.7e-02  7.9e-02  2.9e-01  3.0e-03  2.9e-01
 596  F 0   1.329e+08  -1e-06  0.99  2.0e-01  2.8e-07  4.4e-02  8.2e-02  3.2e-01  2.6e-03  3.2e-01
 597  T 0   1.329e+08   7e-06  0.99  2.0e-01  2.8e-07  4.7e-02  8.5e-02  2.7e-01  3.0e-03  2.8e-01
 598  F 0   1.329e+08  -8e-07  0.99  2.0e-01  2.9e-07  4.6e-02  8.5e-02  2.7e-01  2.6e-03  2.7e-01
 599  T 0   1.329e+08  -7e-06  0.99  2.0e-01  2.9e-07  4.7e-02  8.5e-02  2.8e-01  2.6e-03  2.9e-01
 600  T 0   1.329e+08  -6e-07  0.99  2.0e-01  2.8e-07  4.7e-02  8.5e-02  2.7e-01  3.5e-03  2.7e-01
 601  T 0   1.329e+08   2e-06  0.99  2.0e-01  4.0e-07  4.6e-02  8.5e-02  3.5e-01  2.6e-03  3.5e-01
 602  F 0   1.329e+08  -9e-07  0.99  2.0e-01  8.7e-07  4.6e-02  9.0e-02  2.8e-01  3.6e-03  2.8e-01
 603  F 0   1.329e+08  -3e-06  0.99  2.0e-01  2.4e-06  4.3e-02  1.4e-01  2.8e-01  3.6e-03  2.8e-01
 604  F 0   1.329e+08  -2e-05  0.99  2.0e-01  5.3e-06  1.4e-01  2.9e-01  2.6e-01  4.8e-03  2.7e-01
 605  F 0   1.329e+08  -7e-05  0.99  2.0e-01  5.3e-06  1.9e-01  4.0e-01  2.7e-01  4.1e-03  2.8e-01
 606  F 0   1.329e+08  -8e-05  0.98  2.0e-01  4.7e-06  1.9e-01  3.8e-01  2.8e-01  4.2e-03  2.9e-01
 607  T 0   1.329e+08  -2e-05  0.98  2.0e-01  1.0e-06  1.1e-01  1.8e-01  2.8e-01  3.5e-03  2.8e-01
 608  T 0   1.329e+08   1e-06  0.98  2.0e-01  7.1e-07  4.2e-02  6.2e-02  2.9e-01  3.0e-03  2.9e-01
 609  T 0   1.329e+08   6e-06  0.99  2.0e-01  4.1e-07  2.8e-02  4.4e-02  2.7e-01  3.1e-03  2.7e-01
 610  F 0   1.329e+08   1e-06  0.99  2.0e-01  3.5e-07  1.9e-02  3.7e-02  2.6e-01  3.2e-03  2.7e-01
 611  T 0   1.329e+08   4e-06  0.99  2.0e-01  2.4e-07  1.9e-02  3.6e-02  2.7e-01  2.4e-03  2.7e-01
 612  T 0   1.329e+08   4e-06  0.99  2.0e-01  2.2e-07  1.8e-02  3.7e-02  2.6e-01  2.5e-03  2.6e-01
 613  T 0   1.329e+08   9e-06  0.99  2.0e-01  2.3e-07  1.5e-02  3.6e-02  2.7e-01  2.6e-03  2.7e-01
 614  F 0   1.329e+08  -5e-06  0.99  2.0e-01  2.2e-07  1.5e-02  3.7e-02  2.7e-01  3.0e-03  2.7e-01
 615  F 0   1.329e+08   4e-06  0.99  2.0e-01  2.3e-07  1.8e-02  3.7e-02  2.7e-01  3.0e-03  2.8e-01
 616  F 0   1.329e+08   4e-06  0.99  2.0e-01  2.3e-07  1.7e-02  3.8e-02  2.6e-01  2.5e-03  2.7e-01
 617  F 0   1.329e+08  -7e-06  0.99  2.0e-01  2.4e-07  1.8e-02  3.9e-02  2.8e-01  3.0e-03  2.8e-01
 618  T 0   1.329e+08   1e-05  0.99  2.0e-01  2.4e-07  2.2e-02  4.0e-02  2.8e-01  3.0e-03  2.8e-01
 619  F 0   1.329e+08  -2e-05  0.99  2.0e-01  2.7e-07  2.1e-02  4.2e-02  3.0e-01  3.1e-03  3.0e-01
 620  T 0   1.329e+08   3e-05  0.99  2.0e-01  2.3e-07  2.7e-02  4.4e-02  2.6e-01  3.0e-03  2.7e-01
 621  F 0   1.329e+08   8e-07  0.99  2.0e-01  2.3e-07  2.4e-02  4.5e-02  2.7e-01  2.7e-03  2.7e-01
 622  F 0   1.329e+08  -2e-07  0.99  2.0e-01  4.6e-07  2.4e-02  4.7e-02  2.7e-01  3.5e-03  2.8e-01
 623  F 0   1.329e+08  -7e-07  0.99  2.0e-01  1.3e-06  2.8e-02  6.8e-02  2.9e-01  3.5e-03  3.0e-01
 624  F 0   1.329e+08  -4e-07  0.99  2.0e-01  4.4e-06  1.0e-01  1.7e-01  2.7e-01  3.6e-03  2.8e-01
 625  F 0   1.329e+08  -4e-05  0.98  2.0e-01  8.0e-06  2.0e-01  3.8e-01  2.8e-01  3.5e-03  2.8e-01
 626  F 0   1.329e+08  -7e-05  0.98  2.0e-01  5.6e-06  2.0e-01  4.2e-01  2.6e-01  4.3e-03  2.7e-01
 627  F 0   1.329e+08  -6e-05  0.98  2.0e-01  6.1e-06  1.9e-01  3.5e-01  2.6e-01  3.5e-03  2.7e-01
 628  F 0   1.329e+08  -2e-05  0.98  2.0e-01  6.1e-07  1.0e-01  1.8e-01  2.6e-01  3.5e-03  2.7e-01
 629  F 0   1.329e+08  -2e-06  0.98  2.0e-01  5.4e-07  9.7e-03  2.1e-02  2.7e-01  3.6e-03  2.7e-01
Termination on Convergence criteria
Total number of system evaluations: 630
