   k  l     Obj         Vio    Bou   ML       |KKT|    |dX|     ||dX||   T_s      T_o      T_t
   0  T 0   9.132e+07  -9e+00  1.00  2.0e-01  0.0e+00  1.0e+00  1.0e+00  4.6e-01  0.0e+00  0.0e+00
   1  T 0   6.923e+07  -7e+00  0.12  2.0e-01  6.7e-04  2.0e-01  1.1e+01  2.1e-01  3.6e-03  2.1e-01
   2  T 0   5.341e+07  -6e+00  0.19  2.0e-01  7.1e-04  2.0e-01  1.1e+01  2.1e-01  1.2e-03  2.1e-01
   3  T 0   4.311e+07  -4e+00  0.09  2.0e-01  1.4e-03  2.0e-01  1.1e+01  2.0e-01  1.3e-03  2.0e-01
   4  T 0   3.124e+07  -4e+00  0.12  2.0e-01  1.0e-03  2.0e-01  1.2e+01  2.1e-01  1.2e-03  2.1e-01
   5  T 0   2.534e+07  -3e+00  0.08  2.0e-01  1.5e-03  2.0e-01  9.0e+00  2.1e-01  1.3e-03  2.1e-01
   6  T 0   2.179e+07  -3e+00  0.11  2.0e-01  2.2e-03  2.0e-01  8.5e+00  2.1e-01  1.2e-03  2.1e-01
   7  T 0   1.979e+07  -2e+00  0.10  2.0e-01  3.1e-03  2.0e-01  7.5e+00  2.1e-01  1.2e-03  2.1e-01
   8  T 0   1.811e+07  -2e+00  0.08  2.0e-01  4.2e-03  2.0e-01  7.4e+00  2.0e-01  1.2e-03  2.1e-01
   9  T 0   1.737e+07  -2e+00  0.10  2.0e-01  9.9e-03  2.0e-01  7.0e+00  2.0e-01  1.3e-03  2.1e-01
  10  T 0   1.628e+07  -2e+00  0.08  2.0e-01  1.2e-02  2.0e-01  6.9e+00  2.2e-01  1.3e-03  2.2e-01
  11  T 0   1.616e+07  -2e+00  0.10  2.0e-01  3.0e-02  2.0e-01  6.7e+00  2.1e-01  1.2e-03  2.1e-01
  12  T 0   1.534e+07  -2e+00  0.17  2.0e-01  6.0e-03  2.0e-01  6.6e+00  2.1e-01  1.2e-03  2.1e-01
  13  T 0   1.468e+07  -2e+00  0.19  2.0e-01  2.5e-02  2.0e-01  6.5e+00  2.1e-01  1.2e-03  2.1e-01
  14  T 0   1.442e+07  -2e+00  0.20  2.0e-01  1.7e-02  2.0e-01  6.4e+00  2.0e-01  1.2e-03  2.0e-01
  15  T 0   1.402e+07  -1e+00  0.26  2.0e-01  3.8e-02  2.0e-01  6.3e+00  2.1e-01  1.2e-03  2.1e-01
  16  T 0   1.352e+07  -1e+00  0.25  2.0e-01  4.3e-02  2.0e-01  6.3e+00  2.1e-01  1.2e-03  2.1e-01
  17  T 0   1.340e+07  -1e+00  0.32  2.0e-01  1.7e-02  2.0e-01  6.2e+00  2.4e-01  1.3e-03  2.4e-01
  18  T 0   1.270e+07  -1e+00  0.34  2.0e-01  2.0e-02  2.0e-01  6.2e+00  2.0e-01  1.2e-03  2.0e-01
  19  T 0   1.253e+07  -1e+00  0.36  2.0e-01  3.2e-02  2.0e-01  6.1e+00  2.4e-01  1.2e-03  2.4e-01
  20  T 0   1.199e+07  -1e+00  0.39  2.0e-01  2.4e-02  2.0e-01  6.1e+00  2.0e-01  1.3e-03  2.1e-01
  21  T 0   1.185e+07  -1e+00  0.41  2.0e-01  3.6e-02  2.0e-01  6.0e+00  2.0e-01  1.2e-03  2.0e-01
  22  T 0   1.142e+07  -1e+00  0.43  2.0e-01  3.1e-02  2.0e-01  6.0e+00  2.1e-01  1.2e-03  2.1e-01
  23  T 0   1.121e+07  -1e+00  0.48  2.0e-01  1.5e-02  2.0e-01  5.9e+00  2.0e-01  1.3e-03  2.0e-01
  24  T 0   1.075e+07  -1e+00  0.47  2.0e-01  4.1e-02  2.0e-01  5.9e+00  2.5e-01  1.3e-03  2.5e-01
  25  T 0   1.059e+07  -1e+00  0.52  2.0e-01  3.5e-02  2.0e-01  5.8e+00  2.4e-01  1.2e-03  2.5e-01
  26  T 0   1.012e+07  -1e+00  0.53  2.0e-01  1.4e-02  2.0e-01  5.8e+00  2.1e-01  1.3e-03  2.1e-01
  27  F 0   1.010e+07  -1e+00  0.55  2.0e-01  1.7e-02  2.0e-01  5.7e+00  2.1e-01  1.2e-03  2.1e-01
  28  T 0   9.554e+06  -1e+00  0.57  2.0e-01  3.4e-02  2.0e-01  5.7e+00  2.2e-01  1.2e-03  2.2e-01
  29  T 0   9.415e+06  -1e+00  0.59  2.0e-01  4.2e-02  2.0e-01  5.6e+00  2.4e-01  1.2e-03  2.4e-01
  30  T 0   8.951e+06  -9e-01  0.60  2.0e-01  4.2e-02  2.0e-01  5.5e+00  2.1e-01  1.2e-03  2.1e-01
  31  T 0   8.856e+06  -9e-01  0.64  2.0e-01  1.2e-02  2.0e-01  5.4e+00  2.0e-01  1.2e-03  2.1e-01
  32  T 0   8.390e+06  -8e-01  0.63  2.0e-01  2.5e-02  2.0e-01  5.4e+00  2.0e-01  1.2e-03  2.0e-01
  33  T 0   8.251e+06  -8e-01  0.67  2.0e-01  1.1e-02  2.0e-01  5.3e+00  2.0e-01  1.2e-03  2.1e-01
  34  T 0   7.835e+06  -8e-01  0.67  2.0e-01  1.4e-02  2.0e-01  5.2e+00  2.1e-01  1.2e-03  2.1e-01
  35  T 0   7.577e+06  -8e-01  0.70  2.0e-01  1.6e-02  2.0e-01  5.1e+00  2.2e-01  1.3e-03  2.2e-01
  36  T 0   7.014e+06  -7e-01  0.70  2.0e-01  1.2e-02  2.0e-01  5.1e+00  2.0e-01  1.3e-03  2.0e-01
  37  T 0   6.957e+06  -7e-01  0.72  2.0e-01  1.4e-02  2.0e-01  4.8e+00  2.2e-01  1.2e-03  2.2e-01
  38  T 0   6.467e+06  -6e-01  0.72  2.0e-01  2.4e-02  2.0e-01  4.8e+00  2.2e-01  1.2e-03  2.2e-01
  39  F 0   6.467e+06  -6e-01  0.72  2.0e-01  2.4e-02  0.0e+00  0.0e+00  2.1e-01  1.2e-03  2.1e-01
  39  T 1   6.176e+06  -6e-01  0.74  2.0e-01  2.3e-02  2.0e-01  3.9e+00  2.1e-01  1.0e-03  2.1e-01
  40  T 0   5.896e+06  -6e-01  0.73  2.0e-01  1.5e-02  2.0e-01  4.7e+00  2.1e-01  1.2e-03  2.1e-01
  41  T 0   5.758e+06  -6e-01  0.78  2.0e-01  8.6e-03  2.0e-01  4.4e+00  2.1e-01  1.2e-03  2.2e-01
  42  T 0   5.530e+06  -5e-01  0.76  2.0e-01  1.6e-02  2.0e-01  4.5e+00  2.1e-01  1.2e-03  2.1e-01
  43  F 0   5.526e+06  -5e-01  0.80  2.0e-01  8.9e-03  2.0e-01  4.3e+00  2.1e-01  1.2e-03  2.1e-01
  44  T 0   5.289e+06  -5e-01  0.78  2.0e-01  1.6e-02  2.0e-01  4.3e+00  1.8e-01  1.7e-03  1.9e-01
  45  F 0   5.289e+06  -5e-01  0.78  2.0e-01  1.6e-02  0.0e+00  0.0e+00  1.4e-01  9.0e-04  1.4e-01
  45  T 1   5.117e+06  -5e-01  0.82  2.0e-01  1.5e-02  2.0e-01  3.7e+00  1.5e-01  7.0e-04  1.5e-01
  46  F 0   5.117e+06  -5e-01  0.82  2.0e-01  1.5e-02  0.0e+00  0.0e+00  1.5e-01  8.8e-04  1.5e-01
  46  T 1   4.899e+06  -4e-01  0.79  2.0e-01  7.2e-03  2.0e-01  3.5e+00  1.5e-01  7.1e-04  1.5e-01
  47  F 0   4.899e+06  -4e-01  0.79  2.0e-01  7.2e-03  0.0e+00  0.0e+00  1.6e-01  8.7e-04  1.6e-01
  47  T 1   4.823e+06  -5e-01  0.82  2.0e-01  8.3e-03  2.0e-01  3.4e+00  1.5e-01  8.3e-04  1.5e-01
  48  F 0   4.823e+06  -5e-01  0.82  2.0e-01  8.3e-03  0.0e+00  0.0e+00  1.5e-01  8.7e-04  1.5e-01
  48  T 1   4.662e+06  -4e-01  0.80  2.0e-01  1.1e-02  2.0e-01  3.4e+00  1.5e-01  7.4e-04  1.5e-01
  49  F 0   4.662e+06  -4e-01  0.80  2.0e-01  1.1e-02  0.0e+00  0.0e+00  1.5e-01  8.9e-04  1.5e-01
  49  F 1   4.662e+06  -4e-01  0.80  2.0e-01  1.1e-02  0.0e+00  0.0e+00  1.5e-01  7.3e-04  1.5e-01
  49  T 2   4.462e+06  -4e-01  0.79  2.0e-01  1.2e-02  1.2e-01  1.8e+00  1.5e-01  7.5e-04  1.5e-01
  50  T 0   3.991e+06  -4e-01  0.83  2.0e-01  1.6e-02  2.0e-01  3.7e+00  1.6e-01  8.7e-04  1.6e-01
  51  F 0   3.991e+06  -4e-01  0.83  2.0e-01  1.6e-02  0.0e+00  0.0e+00  1.5e-01  8.7e-04  1.5e-01
  51  T 1   3.979e+06  -3e-01  0.82  2.0e-01  1.7e-02  2.0e-01  2.8e+00  1.6e-01  7.5e-04  1.6e-01
  52  F 0   3.979e+06  -3e-01  0.82  2.0e-01  1.7e-02  0.0e+00  0.0e+00  1.5e-01  8.6e-04  1.5e-01
  52  T 1   3.956e+06  -2e-01  0.81  2.0e-01  2.3e-02  2.0e-01  3.1e+00  1.5e-01  7.2e-04  1.5e-01
  53  F 0   3.956e+06  -2e-01  0.81  2.0e-01  2.3e-02  0.0e+00  0.0e+00  1.5e-01  8.6e-04  1.5e-01
  53  F 1   3.956e+06  -2e-01  0.81  2.0e-01  2.3e-02  0.0e+00  0.0e+00  1.5e-01  7.4e-04  1.5e-01
  53  T 2   3.740e+06  -2e-01  0.80  2.0e-01  2.0e-02  1.2e-01  1.7e+00  1.4e-01  7.6e-04  1.4e-01
  54  T 0   3.484e+06  -2e-01  0.84  2.0e-01  2.2e-02  2.0e-01  3.3e+00  1.4e-01  8.6e-04  1.4e-01
  55  F 0   3.484e+06  -2e-01  0.84  2.0e-01  2.2e-02  0.0e+00  0.0e+00  1.5e-01  8.9e-04  1.5e-01
  55  F 1   3.484e+06  -2e-01  0.84  2.0e-01  2.2e-02  0.0e+00  0.0e+00  1.9e-01  7.2e-04  1.9e-01
  55  T 2   3.363e+06  -2e-01  0.83  2.0e-01  2.4e-02  1.2e-01  1.4e+00  1.4e-01  7.5e-04  1.4e-01
  56  T 0   3.319e+06  -1e-01  0.85  2.0e-01  3.3e-02  2.0e-01  2.8e+00  1.5e-01  8.7e-04  1.5e-01
  57  F 0   3.319e+06  -1e-01  0.85  2.0e-01  3.3e-02  0.0e+00  0.0e+00  2.0e-01  1.0e-03  2.0e-01
  57  T 1   3.273e+06  -9e-02  0.84  2.0e-01  1.5e-02  2.0e-01  2.5e+00  2.0e-01  7.1e-04  2.0e-01
  58  F 0   3.273e+06  -9e-02  0.84  2.0e-01  1.5e-02  0.0e+00  0.0e+00  1.8e-01  8.6e-04  1.8e-01
  58  F 1   3.273e+06  -9e-02  0.84  2.0e-01  1.5e-02  0.0e+00  0.0e+00  1.6e-01  7.3e-04  1.7e-01
  58  T 2   3.188e+06  -6e-02  0.81  2.0e-01  1.6e-02  1.2e-01  1.7e+00  1.9e-01  7.8e-04  1.9e-01
  59  F 0   3.188e+06  -6e-02  0.81  2.0e-01  1.6e-02  0.0e+00  0.0e+00  1.4e-01  9.0e-04  1.4e-01
  59  F 1   3.188e+06  -6e-02  0.81  2.0e-01  1.6e-02  0.0e+00  0.0e+00  1.5e-01  7.3e-04  1.5e-01
  59  F 2   3.188e+06  -6e-02  0.81  2.0e-01  1.6e-02  0.0e+00  0.0e+00  1.5e-01  7.6e-04  1.5e-01
  59  T 3   3.120e+06  -7e-02  0.81  2.0e-01  1.6e-02  5.8e-02  8.3e-01  1.5e-01  7.3e-04  1.5e-01
  60  T 0   3.095e+06  -5e-02  0.86  2.0e-01  1.3e-02  2.0e-01  2.8e+00  1.5e-01  8.9e-04  1.5e-01
  61  F 0   3.095e+06  -5e-02  0.86  2.0e-01  1.3e-02  0.0e+00  0.0e+00  1.6e-01  9.1e-04  1.6e-01
  61  T 1   3.036e+06  -2e-02  0.85  2.0e-01  1.5e-02  2.0e-01  2.2e+00  1.5e-01  7.3e-04  1.5e-01
  62  F 0   3.036e+06  -2e-02  0.85  2.0e-01  1.5e-02  0.0e+00  0.0e+00  1.7e-01  1.8e-03  1.8e-01
  62  F 1   3.036e+06  -2e-02  0.85  2.0e-01  1.5e-02  0.0e+00  0.0e+00  1.9e-01  1.2e-03  1.9e-01
  62  T 2   3.001e+06  -1e-03  0.82  2.0e-01  1.3e-02  1.2e-01  1.6e+00  1.5e-01  7.1e-04  1.5e-01
  63  F 0   3.001e+06  -1e-03  0.82  2.0e-01  1.3e-02  0.0e+00  0.0e+00  1.5e-01  8.7e-04  1.5e-01
  63  F 1   3.001e+06  -1e-03  0.82  2.0e-01  1.3e-02  0.0e+00  0.0e+00  1.5e-01  7.6e-04  1.5e-01
  63  T 2   2.987e+06  -2e-02  0.83  2.0e-01  1.4e-02  1.1e-01  1.5e+00  1.7e-01  7.8e-04  1.7e-01
  64  F 0   2.987e+06  -2e-02  0.83  2.0e-01  1.4e-02  0.0e+00  0.0e+00  1.5e-01  1.3e-03  1.5e-01
  64  F 1   2.987e+06  -2e-02  0.83  2.0e-01  1.4e-02  0.0e+00  0.0e+00  1.5e-01  1.3e-03  1.5e-01
  64  T 2   2.957e+06   0e+00  0.83  2.0e-01  1.5e-02  1.2e-01  1.4e+00  1.6e-01  1.5e-03  1.6e-01
  65  F 0   2.957e+06   0e+00  0.83  2.0e-01  1.5e-02  0.0e+00  0.0e+00  1.7e-01  1.3e-03  1.7e-01
  65  F 1   2.957e+06   0e+00  0.83  2.0e-01  1.5e-02  0.0e+00  0.0e+00  1.7e-01  1.4e-03  1.7e-01
  65  F 2   2.957e+06   0e+00  0.83  2.0e-01  1.5e-02  0.0e+00  0.0e+00  1.7e-01  9.8e-04  1.7e-01
  65  T 3   2.903e+06  -4e-03  0.83  2.0e-01  1.5e-02  6.2e-02  7.5e-01  1.7e-01  1.1e-03  1.7e-01
  66  F 0   2.903e+06  -4e-03  0.83  2.0e-01  1.5e-02  0.0e+00  0.0e+00  1.9e-01  1.7e-03  2.0e-01
  66  F 1   2.903e+06  -4e-03  0.83  2.0e-01  1.5e-02  0.0e+00  0.0e+00  2.2e-01  8.1e-04  2.2e-01
  66  T 2   2.843e+06  -1e-02  0.85  2.0e-01  1.7e-02  1.2e-01  1.3e+00  2.0e-01  9.7e-04  2.0e-01
  67  F 0   2.843e+06  -1e-02  0.85  2.0e-01  1.7e-02  0.0e+00  0.0e+00  2.0e-01  2.2e-03  2.0e-01
  67  F 1   2.843e+06  -1e-02  0.85  2.0e-01  1.7e-02  0.0e+00  0.0e+00  1.9e-01  2.1e-03  1.9e-01
  67  F 2   2.843e+06  -1e-02  0.85  2.0e-01  1.7e-02  0.0e+00  0.0e+00  1.8e-01  1.8e-03  1.9e-01
  67  T 3   2.826e+06  -5e-03  0.85  2.0e-01  1.7e-02  6.2e-02  5.7e-01  1.9e-01  9.8e-04  1.9e-01
  68  F 0   2.826e+06  -5e-03  0.85  2.0e-01  1.7e-02  0.0e+00  0.0e+00  1.9e-01  2.2e-03  1.9e-01
  68  F 1   2.826e+06  -5e-03  0.85  2.0e-01  1.7e-02  0.0e+00  0.0e+00  2.0e-01  1.9e-03  2.0e-01
  68  F 2   2.826e+06  -5e-03  0.85  2.0e-01  1.7e-02  0.0e+00  0.0e+00  2.0e-01  1.1e-03  2.0e-01
  68  T 3   2.810e+06  -5e-03  0.85  2.0e-01  1.7e-02  6.2e-02  5.7e-01  1.8e-01  9.6e-04  1.9e-01
  69  F 0   2.810e+06  -5e-03  0.85  2.0e-01  1.7e-02  0.0e+00  0.0e+00  1.9e-01  2.4e-03  1.9e-01
  69  F 1   2.810e+06  -5e-03  0.85  2.0e-01  1.7e-02  0.0e+00  0.0e+00  1.8e-01  2.3e-03  1.9e-01
  69  F 2   2.810e+06  -5e-03  0.85  2.0e-01  1.7e-02  0.0e+00  0.0e+00  2.0e-01  2.0e-03  2.0e-01
  69  T 3   2.801e+06   1e-08  0.85  2.0e-01  1.8e-02  1.1e-01  6.1e-01  1.9e-01  1.9e-03  1.9e-01
  70  F 0   2.801e+06   1e-08  0.85  2.0e-01  1.8e-02  0.0e+00  0.0e+00  1.9e-01  2.0e-03  1.9e-01
  70  F 1   2.801e+06   1e-08  0.85  2.0e-01  1.8e-02  0.0e+00  0.0e+00  2.2e-01  1.8e-03  2.3e-01
  70  F 2   2.801e+06   1e-08  0.85  2.0e-01  1.8e-02  0.0e+00  0.0e+00  2.6e-01  1.4e-03  2.6e-01
  70  T 3   2.788e+06  -7e-06  0.86  2.0e-01  1.8e-02  6.1e-02  5.4e-01  2.1e-01  1.3e-03  2.1e-01
  71  F 0   2.788e+06  -7e-06  0.86  2.0e-01  1.8e-02  0.0e+00  0.0e+00  2.0e-01  2.3e-03  2.1e-01
  71  F 1   2.788e+06  -7e-06  0.86  2.0e-01  1.8e-02  0.0e+00  0.0e+00  2.1e-01  2.1e-03  2.1e-01
  71  F 2   2.788e+06  -7e-06  0.86  2.0e-01  1.8e-02  0.0e+00  0.0e+00  2.0e-01  2.3e-03  2.1e-01
  71  T 3   2.781e+06   2e-16  0.86  2.0e-01  1.9e-02  2.0e-01  7.4e-01  2.0e-01  1.9e-03  2.1e-01
  72  F 0   2.781e+06   2e-16  0.86  2.0e-01  1.9e-02  0.0e+00  0.0e+00  2.2e-01  2.1e-03  2.2e-01
  72  F 1   2.781e+06   2e-16  0.86  2.0e-01  1.9e-02  0.0e+00  0.0e+00  2.1e-01  2.0e-03  2.1e-01
  72  F 2   2.781e+06   2e-16  0.86  2.0e-01  1.9e-02  0.0e+00  0.0e+00  2.1e-01  1.9e-03  2.1e-01
  72  T 3   2.770e+06  -2e-16  0.86  2.0e-01  1.9e-02  9.4e-02  5.5e-01  2.0e-01  1.9e-03  2.1e-01
  73  F 0   2.770e+06  -2e-16  0.86  2.0e-01  1.9e-02  0.0e+00  0.0e+00  2.1e-01  2.4e-03  2.1e-01
  73  F 1   2.770e+06  -2e-16  0.86  2.0e-01  1.9e-02  0.0e+00  0.0e+00  2.3e-01  2.1e-03  2.3e-01
  73  F 2   2.770e+06  -2e-16  0.86  2.0e-01  1.9e-02  0.0e+00  0.0e+00  2.5e-01  2.1e-03  2.5e-01
  73  T 3   2.767e+06  -2e-05  0.86  2.0e-01  1.9e-02  2.0e-01  6.9e-01  2.0e-01  1.9e-03  2.0e-01
  74  F 0   2.767e+06  -2e-05  0.86  2.0e-01  1.9e-02  0.0e+00  0.0e+00  2.2e-01  2.1e-03  2.2e-01
  74  F 1   2.767e+06  -2e-05  0.86  2.0e-01  1.9e-02  0.0e+00  0.0e+00  2.8e-01  1.7e-03  2.9e-01
  74  F 2   2.767e+06  -2e-05  0.86  2.0e-01  1.9e-02  0.0e+00  0.0e+00  2.2e-01  2.1e-03  2.2e-01
  74  T 3   2.758e+06  -2e-16  0.86  2.0e-01  2.0e-02  1.3e-01  5.8e-01  2.0e-01  1.9e-03  2.1e-01
  75  F 0   2.758e+06  -2e-16  0.86  2.0e-01  2.0e-02  0.0e+00  0.0e+00  2.0e-01  2.3e-03  2.1e-01
  75  F 1   2.758e+06  -2e-16  0.86  2.0e-01  2.0e-02  0.0e+00  0.0e+00  2.0e-01  2.2e-03  2.1e-01
  75  F 2   2.758e+06  -2e-16  0.86  2.0e-01  2.0e-02  0.0e+00  0.0e+00  2.0e-01  2.1e-03  2.0e-01
  75  T 3   2.754e+06   0e+00  0.86  2.0e-01  2.1e-02  2.0e-01  6.8e-01  2.1e-01  1.9e-03  2.1e-01
  76  F 0   2.754e+06   0e+00  0.86  2.0e-01  2.1e-02  0.0e+00  0.0e+00  2.0e-01  2.1e-03  2.0e-01
  76  F 1   2.754e+06   0e+00  0.86  2.0e-01  2.1e-02  0.0e+00  0.0e+00  2.0e-01  1.7e-03  2.1e-01
  76  F 2   2.754e+06   0e+00  0.86  2.0e-01  2.1e-02  0.0e+00  0.0e+00  2.1e-01  1.9e-03  2.1e-01
  76  T 3   2.744e+06   5e-06  0.86  2.0e-01  2.1e-02  1.2e-01  5.7e-01  2.0e-01  2.0e-03  2.1e-01
  77  F 0   2.744e+06   5e-06  0.86  2.0e-01  2.1e-02  0.0e+00  0.0e+00  2.1e-01  2.5e-03  2.1e-01
  77  F 1   2.744e+06   5e-06  0.86  2.0e-01  2.1e-02  0.0e+00  0.0e+00  2.0e-01  2.1e-03  2.1e-01
  77  F 2   2.744e+06   5e-06  0.86  2.0e-01  2.1e-02  0.0e+00  0.0e+00  2.3e-01  2.1e-03  2.3e-01
  77  T 3   2.738e+06  -3e-06  0.86  2.0e-01  2.1e-02  2.0e-01  6.3e-01  2.1e-01  1.7e-03  2.1e-01
  78  F 0   2.738e+06  -3e-06  0.86  2.0e-01  2.1e-02  0.0e+00  0.0e+00  2.2e-01  2.4e-03  2.2e-01
  78  F 1   2.738e+06  -3e-06  0.86  2.0e-01  2.1e-02  0.0e+00  0.0e+00  2.2e-01  1.7e-03  2.2e-01
  78  F 2   2.738e+06  -3e-06  0.86  2.0e-01  2.1e-02  0.0e+00  0.0e+00  2.1e-01  1.7e-03  2.1e-01
  78  T 3   2.730e+06  -2e-16  0.86  2.0e-01  2.1e-02  1.1e-01  5.3e-01  2.1e-01  1.9e-03  2.2e-01
  79  F 0   2.730e+06  -2e-16  0.86  2.0e-01  2.1e-02  0.0e+00  0.0e+00  2.2e-01  2.3e-03  2.2e-01
  79  F 1   2.730e+06  -2e-16  0.86  2.0e-01  2.1e-02  0.0e+00  0.0e+00  2.1e-01  2.1e-03  2.1e-01
  79  F 2   2.730e+06  -2e-16  0.86  2.0e-01  2.1e-02  0.0e+00  0.0e+00  2.1e-01  1.9e-03  2.1e-01
  79  T 3   2.725e+06  -2e-06  0.87  2.0e-01  2.2e-02  2.0e-01  6.6e-01  2.0e-01  1.7e-03  2.0e-01
  80  F 0   2.725e+06  -2e-06  0.87  2.0e-01  2.2e-02  0.0e+00  0.0e+00  2.1e-01  2.1e-03  2.2e-01
  80  F 1   2.725e+06  -2e-06  0.87  2.0e-01  2.2e-02  0.0e+00  0.0e+00  2.0e-01  1.7e-03  2.0e-01
  80  F 2   2.725e+06  -2e-06  0.87  2.0e-01  2.2e-02  0.0e+00  0.0e+00  2.0e-01  1.9e-03  2.0e-01
  80  T 3   2.718e+06   0e+00  0.86  2.0e-01  2.2e-02  1.8e-01  5.6e-01  2.1e-01  2.1e-03  2.1e-01
  81  F 0   2.718e+06   0e+00  0.86  2.0e-01  2.2e-02  0.0e+00  0.0e+00  2.0e-01  2.3e-03  2.0e-01
  81  F 1   2.718e+06   0e+00  0.86  2.0e-01  2.2e-02  0.0e+00  0.0e+00  2.1e-01  2.1e-03  2.2e-01
  81  F 2   2.718e+06   0e+00  0.86  2.0e-01  2.2e-02  0.0e+00  0.0e+00  2.1e-01  1.9e-03  2.2e-01
  81  T 3   2.713e+06   1e-06  0.87  2.0e-01  2.2e-02  2.0e-01  6.5e-01  2.0e-01  2.4e-03  2.1e-01
  82  F 0   2.713e+06   1e-06  0.87  2.0e-01  2.2e-02  0.0e+00  0.0e+00  2.5e-01  2.1e-03  2.5e-01
  82  F 1   2.713e+06   1e-06  0.87  2.0e-01  2.2e-02  0.0e+00  0.0e+00  2.1e-01  1.7e-03  2.1e-01
  82  F 2   2.713e+06   1e-06  0.87  2.0e-01  2.2e-02  0.0e+00  0.0e+00  2.1e-01  2.2e-03  2.1e-01
  82  T 3   2.706e+06  -3e-06  0.86  2.0e-01  2.2e-02  2.0e-01  5.6e-01  2.1e-01  1.9e-03  2.1e-01
  83  F 0   2.706e+06  -3e-06  0.86  2.0e-01  2.2e-02  0.0e+00  0.0e+00  2.0e-01  2.3e-03  2.1e-01
  83  F 1   2.706e+06  -3e-06  0.86  2.0e-01  2.2e-02  0.0e+00  0.0e+00  2.1e-01  2.1e-03  2.1e-01
  83  F 2   2.706e+06  -3e-06  0.86  2.0e-01  2.2e-02  0.0e+00  0.0e+00  2.2e-01  1.9e-03  2.2e-01
  83  T 3   2.702e+06  -3e-06  0.87  2.0e-01  2.3e-02  2.0e-01  6.8e-01  2.0e-01  1.8e-03  2.1e-01
  84  F 0   2.702e+06  -3e-06  0.87  2.0e-01  2.3e-02  0.0e+00  0.0e+00  2.1e-01  2.1e-03  2.1e-01
  84  F 1   2.702e+06  -3e-06  0.87  2.0e-01  2.3e-02  0.0e+00  0.0e+00  2.1e-01  1.9e-03  2.1e-01
  84  F 2   2.702e+06  -3e-06  0.87  2.0e-01  2.3e-02  0.0e+00  0.0e+00  2.1e-01  1.9e-03  2.1e-01
  84  T 3   2.694e+06   1e-05  0.87  2.0e-01  2.3e-02  1.2e-01  5.4e-01  2.1e-01  1.7e-03  2.1e-01
  85  F 0   2.694e+06   1e-05  0.87  2.0e-01  2.3e-02  0.0e+00  0.0e+00  2.0e-01  2.7e-03  2.0e-01
  85  F 1   2.694e+06   1e-05  0.87  2.0e-01  2.3e-02  0.0e+00  0.0e+00  2.0e-01  2.1e-03  2.0e-01
  85  F 2   2.694e+06   1e-05  0.87  2.0e-01  2.3e-02  0.0e+00  0.0e+00  2.0e-01  1.9e-03  2.0e-01
  85  T 3   2.691e+06  -1e-06  0.87  2.0e-01  2.3e-02  2.0e-01  6.1e-01  2.0e-01  1.7e-03  2.0e-01
  86  F 0   2.691e+06  -1e-06  0.87  2.0e-01  2.3e-02  0.0e+00  0.0e+00  2.8e-01  2.2e-03  2.8e-01
  86  F 1   2.691e+06  -1e-06  0.87  2.0e-01  2.3e-02  0.0e+00  0.0e+00  2.1e-01  1.5e-03  2.1e-01
  86  F 2   2.691e+06  -1e-06  0.87  2.0e-01  2.3e-02  0.0e+00  0.0e+00  2.0e-01  1.9e-03  2.1e-01
  86  T 3   2.681e+06   0e+00  0.87  2.0e-01  2.3e-02  1.7e-01  5.7e-01  2.0e-01  2.1e-03  2.1e-01
  87  F 0   2.681e+06   0e+00  0.87  2.0e-01  2.3e-02  0.0e+00  0.0e+00  2.2e-01  2.5e-03  2.2e-01
  87  F 1   2.681e+06   0e+00  0.87  2.0e-01  2.3e-02  0.0e+00  0.0e+00  2.1e-01  2.1e-03  2.1e-01
  87  F 2   2.681e+06   0e+00  0.87  2.0e-01  2.3e-02  0.0e+00  0.0e+00  2.1e-01  2.2e-03  2.1e-01
  87  T 3   2.677e+06  -2e-16  0.87  2.0e-01  2.3e-02  2.0e-01  6.0e-01  2.0e-01  1.9e-03  2.1e-01
  88  F 0   2.677e+06  -2e-16  0.87  2.0e-01  2.3e-02  0.0e+00  0.0e+00  2.0e-01  2.2e-03  2.0e-01
  88  F 1   2.677e+06  -2e-16  0.87  2.0e-01  2.3e-02  0.0e+00  0.0e+00  2.2e-01  1.5e-03  2.2e-01
  88  F 2   2.677e+06  -2e-16  0.87  2.0e-01  2.3e-02  0.0e+00  0.0e+00  2.0e-01  1.7e-03  2.0e-01
  88  T 3   2.672e+06  -5e-06  0.87  2.0e-01  2.3e-02  2.0e-01  6.0e-01  2.0e-01  2.2e-03  2.1e-01
  89  F 0   2.672e+06  -5e-06  0.87  2.0e-01  2.3e-02  0.0e+00  0.0e+00  2.0e-01  2.3e-03  2.0e-01
  89  F 1   2.672e+06  -5e-06  0.87  2.0e-01  2.3e-02  0.0e+00  0.0e+00  2.1e-01  2.3e-03  2.1e-01
  89  F 2   2.672e+06  -5e-06  0.87  2.0e-01  2.3e-02  0.0e+00  0.0e+00  2.0e-01  1.9e-03  2.0e-01
  89  T 3   2.670e+06   0e+00  0.87  2.0e-01  2.4e-02  2.0e-01  6.8e-01  2.1e-01  2.0e-03  2.1e-01
  90  F 0   2.670e+06   0e+00  0.87  2.0e-01  2.4e-02  0.0e+00  0.0e+00  2.2e-01  2.3e-03  2.2e-01
  90  F 1   2.670e+06   0e+00  0.87  2.0e-01  2.4e-02  0.0e+00  0.0e+00  2.1e-01  1.9e-03  2.1e-01
  90  F 2   2.670e+06   0e+00  0.87  2.0e-01  2.4e-02  0.0e+00  0.0e+00  2.0e-01  1.8e-03  2.0e-01
  90  T 3   2.662e+06   3e-06  0.87  2.0e-01  2.4e-02  7.1e-02  5.3e-01  2.1e-01  1.7e-03  2.1e-01
  91  F 0   2.662e+06   3e-06  0.87  2.0e-01  2.4e-02  0.0e+00  0.0e+00  2.0e-01  2.4e-03  2.1e-01
  91  F 1   2.662e+06   3e-06  0.87  2.0e-01  2.4e-02  0.0e+00  0.0e+00  2.0e-01  2.3e-03  2.1e-01
  91  F 2   2.662e+06   3e-06  0.87  2.0e-01  2.4e-02  0.0e+00  0.0e+00  2.0e-01  2.0e-03  2.0e-01
  91  T 3   2.659e+06  -5e-06  0.88  2.0e-01  9.2e-03  2.0e-01  5.7e-01  2.0e-01  1.8e-03  2.1e-01
  92  F 0   2.659e+06  -5e-06  0.88  2.0e-01  9.2e-03  0.0e+00  0.0e+00  2.4e-01  2.1e-03  2.4e-01
  92  F 1   2.659e+06  -5e-06  0.88  2.0e-01  9.2e-03  0.0e+00  0.0e+00  2.3e-01  1.5e-03  2.3e-01
  92  F 2   2.659e+06  -5e-06  0.88  2.0e-01  9.2e-03  0.0e+00  0.0e+00  2.3e-01  1.9e-03  2.3e-01
  92  T 3   2.655e+06   0e+00  0.88  2.0e-01  9.9e-03  2.0e-01  6.1e-01  2.9e-01  2.1e-03  3.0e-01
  93  F 0   2.655e+06   0e+00  0.88  2.0e-01  9.9e-03  0.0e+00  0.0e+00  2.1e-01  2.3e-03  2.1e-01
  93  F 1   2.655e+06   0e+00  0.88  2.0e-01  9.9e-03  0.0e+00  0.0e+00  2.1e-01  2.1e-03  2.1e-01
  93  F 2   2.655e+06   0e+00  0.88  2.0e-01  9.9e-03  0.0e+00  0.0e+00  2.0e-01  2.1e-03  2.1e-01
  93  T 3   2.652e+06  -2e-16  0.88  2.0e-01  1.0e-02  2.0e-01  6.2e-01  2.2e-01  2.1e-03  2.3e-01
  94  F 0   2.652e+06  -2e-16  0.88  2.0e-01  1.0e-02  0.0e+00  0.0e+00  3.3e-01  8.5e-03  3.4e-01
  94  F 1   2.652e+06  -2e-16  0.88  2.0e-01  1.0e-02  0.0e+00  0.0e+00  2.1e-01  1.7e-03  2.1e-01
  94  F 2   2.652e+06  -2e-16  0.88  2.0e-01  1.0e-02  0.0e+00  0.0e+00  2.0e-01  1.9e-03  2.0e-01
  94  T 3   2.645e+06  -7e-06  0.88  2.0e-01  1.1e-02  2.0e-01  6.1e-01  2.0e-01  1.9e-03  2.0e-01
  95  F 0   2.645e+06  -7e-06  0.88  2.0e-01  1.1e-02  0.0e+00  0.0e+00  2.0e-01  2.5e-03  2.0e-01
  95  F 1   2.645e+06  -7e-06  0.88  2.0e-01  1.1e-02  0.0e+00  0.0e+00  2.0e-01  2.2e-03  2.1e-01
  95  F 2   2.645e+06  -7e-06  0.88  2.0e-01  1.1e-02  0.0e+00  0.0e+00  2.0e-01  2.1e-03  2.1e-01
  95  T 3   2.641e+06   1e-06  0.88  2.0e-01  1.1e-02  1.0e-01  5.5e-01  2.4e-01  1.8e-03  2.4e-01
  96  F 0   2.641e+06   1e-06  0.88  2.0e-01  1.1e-02  0.0e+00  0.0e+00  2.2e-01  2.1e-03  2.2e-01
  96  F 1   2.641e+06   1e-06  0.88  2.0e-01  1.1e-02  0.0e+00  0.0e+00  2.0e-01  1.7e-03  2.1e-01
  96  F 2   2.641e+06   1e-06  0.88  2.0e-01  1.1e-02  0.0e+00  0.0e+00  2.2e-01  1.9e-03  2.2e-01
  96  T 3   2.638e+06   0e+00  0.88  2.0e-01  1.1e-02  2.0e-01  5.8e-01  2.1e-01  2.1e-03  2.1e-01
  97  F 0   2.638e+06   0e+00  0.88  2.0e-01  1.1e-02  0.0e+00  0.0e+00  2.0e-01  2.6e-03  2.1e-01
  97  F 1   2.638e+06   0e+00  0.88  2.0e-01  1.1e-02  0.0e+00  0.0e+00  2.0e-01  2.1e-03  2.0e-01
  97  F 2   2.638e+06   0e+00  0.88  2.0e-01  1.1e-02  0.0e+00  0.0e+00  2.1e-01  2.1e-03  2.1e-01
  97  F 3   2.638e+06  -9e-06  0.88  2.0e-01  1.1e-02  2.0e-01  6.7e-01  2.4e-01  1.7e-03  2.4e-01
  98  F 0   2.638e+06  -9e-06  0.88  2.0e-01  1.1e-02  0.0e+00  0.0e+00  2.1e-01  2.1e-03  2.1e-01
  98  F 1   2.638e+06  -9e-06  0.88  2.0e-01  1.1e-02  0.0e+00  0.0e+00  2.1e-01  1.9e-03  2.2e-01
  98  F 2   2.638e+06  -9e-06  0.88  2.0e-01  1.1e-02  0.0e+00  0.0e+00  2.0e-01  1.5e-03  2.0e-01
  98  T 3   2.629e+06   2e-06  0.88  2.0e-01  1.2e-02  8.1e-02  5.3e-01  2.0e-01  1.7e-03  2.1e-01
  99  F 0   2.629e+06   2e-06  0.88  2.0e-01  1.2e-02  0.0e+00  0.0e+00  2.1e-01  2.7e-03  2.1e-01
  99  F 1   2.629e+06   2e-06  0.88  2.0e-01  1.2e-02  0.0e+00  0.0e+00  2.0e-01  2.3e-03  2.0e-01
  99  F 2   2.629e+06   2e-06  0.88  2.0e-01  1.2e-02  0.0e+00  0.0e+00  2.0e-01  1.9e-03  2.1e-01
  99  T 3   2.627e+06   6e-06  0.88  2.0e-01  1.3e-02  2.0e-01  6.5e-01  2.4e-01  1.5e-03  2.4e-01
 100  F 0   2.627e+06   6e-06  0.88  2.0e-01  1.3e-02  0.0e+00  0.0e+00  2.0e-01  2.2e-03  2.0e-01
 100  F 1   2.627e+06   6e-06  0.88  2.0e-01  1.3e-02  0.0e+00  0.0e+00  2.1e-01  1.5e-03  2.1e-01
 100  F 2   2.627e+06   6e-06  0.88  2.0e-01  1.3e-02  0.0e+00  0.0e+00  2.0e-01  1.6e-03  2.0e-01
 100  T 3   2.627e+06   4e-16  0.88  2.0e-01  1.1e-02  2.0e-01  5.9e-01  2.0e-01  1.9e-03  2.1e-01
 101  F 0   2.627e+06   4e-16  0.88  2.0e-01  1.1e-02  0.0e+00  0.0e+00  2.0e-01  2.6e-03  2.0e-01
 101  F 1   2.627e+06   4e-16  0.88  2.0e-01  1.1e-02  0.0e+00  0.0e+00  2.1e-01  2.3e-03  2.1e-01
 101  F 2   2.627e+06   4e-16  0.88  2.0e-01  1.1e-02  0.0e+00  0.0e+00  2.1e-01  2.1e-03  2.1e-01
 101  F 3   2.627e+06   4e-16  0.88  2.0e-01  1.1e-02  0.0e+00  0.0e+00  2.1e-01  1.7e-03  2.1e-01
 101  T 4   2.618e+06  -4e-07  0.88  2.0e-01  1.1e-02  1.9e-01  3.8e-01  2.1e-01  1.7e-03  2.1e-01
 102  T 0   2.571e+06  -1e-06  0.91  2.0e-01  1.4e-02  2.0e-01  1.5e+00  2.0e-01  2.4e-03  2.0e-01
 103  T 0   2.551e+06   3e-06  0.92  2.0e-01  7.1e-03  2.0e-01  1.2e+00  2.1e-01  2.1e-03  2.1e-01
 104  F 0   2.551e+06   3e-06  0.92  2.0e-01  7.1e-03  0.0e+00  0.0e+00  2.0e-01  1.9e-03  2.0e-01
 104  F 1   2.551e+06   3e-06  0.92  2.0e-01  7.1e-03  0.0e+00  0.0e+00  2.1e-01  1.8e-03  2.1e-01
 104  F 2   2.551e+06   3e-06  0.92  2.0e-01  7.1e-03  0.0e+00  0.0e+00  2.1e-01  1.9e-03  2.1e-01
 104  T 3   2.547e+06  -2e-16  0.91  2.0e-01  7.2e-03  2.0e-01  6.7e-01  2.1e-01  2.0e-03  2.1e-01
 105  T 0   2.541e+06   6e-06  0.93  2.0e-01  5.4e-03  2.0e-01  1.0e+00  2.1e-01  2.1e-03  2.1e-01
 106  F 0   2.541e+06   6e-06  0.93  2.0e-01  5.4e-03  0.0e+00  0.0e+00  2.0e-01  2.1e-03  2.1e-01
 106  F 1   2.541e+06   6e-06  0.93  2.0e-01  5.4e-03  0.0e+00  0.0e+00  2.1e-01  1.7e-03  2.1e-01
 106  F 2   2.541e+06   6e-06  0.93  2.0e-01  5.4e-03  0.0e+00  0.0e+00  2.2e-01  1.5e-03  2.2e-01
 106  T 3   2.525e+06   0e+00  0.91  2.0e-01  5.5e-03  2.0e-01  6.5e-01  2.0e-01  1.9e-03  2.0e-01
 107  T 0   2.499e+06  -9e-06  0.93  2.0e-01  7.1e-03  2.0e-01  1.0e+00  2.1e-01  1.9e-03  2.1e-01
 108  T 0   2.492e+06   6e-07  0.94  2.0e-01  1.6e-03  2.0e-01  8.7e-01  2.0e-01  1.9e-03  2.1e-01
 109  F 0   2.492e+06   6e-07  0.94  2.0e-01  1.6e-03  0.0e+00  0.0e+00  2.0e-01  2.1e-03  2.0e-01
 109  F 1   2.492e+06   6e-07  0.94  2.0e-01  1.6e-03  0.0e+00  0.0e+00  2.1e-01  1.5e-03  2.1e-01
 109  F 2   2.492e+06   6e-07  0.94  2.0e-01  1.6e-03  0.0e+00  0.0e+00  2.0e-01  1.7e-03  2.0e-01
 109  T 3   2.488e+06  -7e-07  0.93  2.0e-01  1.4e-03  2.0e-01  4.8e-01  2.1e-01  1.7e-03  2.1e-01
 110  T 0   2.485e+06   2e-06  0.94  2.0e-01  2.7e-03  2.0e-01  7.4e-01  2.0e-01  2.1e-03  2.0e-01
 111  F 0   2.485e+06   2e-06  0.94  2.0e-01  2.7e-03  0.0e+00  0.0e+00  2.3e-01  1.9e-03  2.3e-01
 111  F 1   2.485e+06   2e-06  0.94  2.0e-01  2.7e-03  0.0e+00  0.0e+00  2.9e-01  1.5e-03  2.9e-01
 111  F 2   2.485e+06   2e-06  0.94  2.0e-01  2.7e-03  0.0e+00  0.0e+00  2.1e-01  1.9e-03  2.1e-01
 111  T 3   2.483e+06  -2e-16  0.93  2.0e-01  2.5e-03  2.0e-01  6.3e-01  2.0e-01  1.9e-03  2.0e-01
 112  T 0   2.479e+06   7e-06  0.95  2.0e-01  2.5e-03  2.0e-01  7.9e-01  2.0e-01  2.1e-03  2.1e-01
 113  F 0   2.479e+06   7e-06  0.95  2.0e-01  2.5e-03  0.0e+00  0.0e+00  2.1e-01  2.2e-03  2.2e-01
 113  F 1   2.479e+06   7e-06  0.95  2.0e-01  2.5e-03  0.0e+00  0.0e+00  2.4e-01  1.7e-03  2.4e-01
 113  F 2   2.479e+06   7e-06  0.95  2.0e-01  2.5e-03  0.0e+00  0.0e+00  2.1e-01  2.0e-03  2.1e-01
 113  T 3   2.475e+06  -6e-06  0.94  2.0e-01  2.1e-03  2.0e-01  6.1e-01  2.0e-01  1.3e-03  2.0e-01
 114  T 0   2.464e+06   7e-06  0.95  2.0e-01  2.6e-03  2.0e-01  6.1e-01  2.1e-01  1.9e-03  2.2e-01
 115  F 0   2.464e+06   7e-06  0.95  2.0e-01  2.6e-03  0.0e+00  0.0e+00  2.1e-01  2.2e-03  2.1e-01
 115  F 1   2.464e+06   7e-06  0.95  2.0e-01  2.6e-03  0.0e+00  0.0e+00  2.1e-01  1.5e-03  2.1e-01
 115  F 2   2.464e+06   7e-06  0.95  2.0e-01  2.6e-03  0.0e+00  0.0e+00  2.1e-01  1.7e-03  2.1e-01
 115  T 3   2.461e+06  -1e-05  0.94  2.0e-01  2.5e-03  2.0e-01  5.1e-01  2.0e-01  1.5e-03  2.0e-01
 116  T 0   2.456e+06  -1e-05  0.96  2.0e-01  2.4e-03  2.0e-01  6.1e-01  2.1e-01  1.9e-03  2.1e-01
 117  F 0   2.456e+06  -1e-05  0.96  2.0e-01  2.4e-03  0.0e+00  0.0e+00  2.0e-01  1.9e-03  2.0e-01
 117  F 1   2.456e+06  -1e-05  0.96  2.0e-01  2.4e-03  0.0e+00  0.0e+00  2.1e-01  1.5e-03  2.1e-01
 117  F 2   2.456e+06  -1e-05  0.96  2.0e-01  2.4e-03  0.0e+00  0.0e+00  2.2e-01  1.9e-03  2.2e-01
 117  T 3   2.453e+06   0e+00  0.95  2.0e-01  2.4e-03  2.0e-01  4.7e-01  2.1e-01  1.7e-03  2.1e-01
 118  T 0   2.444e+06   0e+00  0.96  2.0e-01  1.5e-03  2.0e-01  5.2e-01  2.1e-01  2.3e-03  2.1e-01
 119  F 0   2.444e+06   0e+00  0.96  2.0e-01  1.5e-03  0.0e+00  0.0e+00  2.0e-01  1.7e-03  2.0e-01
 119  F 1   2.444e+06   0e+00  0.96  2.0e-01  1.5e-03  0.0e+00  0.0e+00  2.2e-01  1.7e-03  2.2e-01
 119  F 2   2.444e+06   0e+00  0.96  2.0e-01  1.5e-03  0.0e+00  0.0e+00  2.0e-01  1.9e-03  2.0e-01
 119  T 3   2.442e+06  -1e-06  0.95  2.0e-01  1.5e-03  2.0e-01  4.4e-01  3.1e-01  1.7e-03  3.2e-01
 120  T 0   2.439e+06   2e-16  0.96  2.0e-01  1.4e-03  2.0e-01  5.2e-01  2.2e-01  2.3e-03  2.2e-01
 121  F 0   2.439e+06   2e-16  0.96  2.0e-01  1.4e-03  0.0e+00  0.0e+00  2.0e-01  1.7e-03  2.1e-01
 121  F 1   2.439e+06   2e-16  0.96  2.0e-01  1.4e-03  0.0e+00  0.0e+00  2.1e-01  1.5e-03  2.1e-01
 121  F 2   2.439e+06   2e-16  0.96  2.0e-01  1.4e-03  0.0e+00  0.0e+00  2.6e-01  1.9e-03  2.6e-01
 121  T 3   2.438e+06  -2e-16  0.95  2.0e-01  1.4e-03  2.0e-01  4.9e-01  2.3e-01  1.7e-03  2.3e-01
 122  T 0   2.435e+06   6e-06  0.96  2.0e-01  1.2e-03  2.0e-01  5.9e-01  2.1e-01  2.1e-03  2.1e-01
 123  F 0   2.435e+06   6e-06  0.96  2.0e-01  1.2e-03  0.0e+00  0.0e+00  2.2e-01  1.9e-03  2.2e-01
 123  F 1   2.435e+06   6e-06  0.96  2.0e-01  1.2e-03  0.0e+00  0.0e+00  2.1e-01  1.8e-03  2.1e-01
 123  F 2   2.435e+06   6e-06  0.96  2.0e-01  1.2e-03  0.0e+00  0.0e+00  2.1e-01  1.7e-03  2.1e-01
 123  T 3   2.432e+06  -1e-07  0.96  2.0e-01  1.1e-03  2.0e-01  4.7e-01  2.1e-01  1.9e-03  2.1e-01
 124  T 0   2.428e+06  -2e-16  0.97  2.0e-01  1.4e-03  1.5e-01  4.3e-01  2.0e-01  2.3e-03  2.0e-01
 125  F 0   2.428e+06  -2e-16  0.97  2.0e-01  1.4e-03  0.0e+00  0.0e+00  2.1e-01  1.9e-03  2.2e-01
 125  F 1   2.428e+06  -2e-16  0.97  2.0e-01  1.4e-03  0.0e+00  0.0e+00  2.0e-01  1.7e-03  2.1e-01
 125  F 2   2.428e+06  -2e-16  0.97  2.0e-01  1.4e-03  0.0e+00  0.0e+00  2.1e-01  1.7e-03  2.1e-01
 125  T 3   2.427e+06  -6e-06  0.96  2.0e-01  1.5e-03  2.0e-01  4.9e-01  2.1e-01  1.7e-03  2.2e-01
 126  T 0   2.422e+06   0e+00  0.97  2.0e-01  1.8e-03  2.0e-01  5.5e-01  2.1e-01  2.1e-03  2.2e-01
 127  F 0   2.422e+06   0e+00  0.97  2.0e-01  1.8e-03  0.0e+00  0.0e+00  2.1e-01  1.7e-03  2.2e-01
 127  F 1   2.422e+06   0e+00  0.97  2.0e-01  1.8e-03  0.0e+00  0.0e+00  2.1e-01  1.7e-03  2.2e-01
 127  F 2   2.422e+06   0e+00  0.97  2.0e-01  1.8e-03  0.0e+00  0.0e+00  2.3e-01  1.7e-03  2.4e-01
 127  T 3   2.422e+06  -3e-06  0.96  2.0e-01  1.9e-03  2.0e-01  5.5e-01  2.1e-01  1.9e-03  2.1e-01
 128  F 0   2.422e+06  -3e-06  0.96  2.0e-01  1.9e-03  0.0e+00  0.0e+00  2.0e-01  2.3e-03  2.1e-01
 128  T 1   2.420e+06   7e-06  0.97  2.0e-01  1.8e-03  1.2e-01  4.0e-01  2.1e-01  1.9e-03  2.1e-01
 129  F 0   2.420e+06   7e-06  0.97  2.0e-01  1.8e-03  0.0e+00  0.0e+00  2.0e-01  2.0e-03  2.1e-01
 129  F 1   2.420e+06   7e-06  0.97  2.0e-01  1.8e-03  0.0e+00  0.0e+00  2.3e-01  1.5e-03  2.3e-01
 129  F 2   2.420e+06   7e-06  0.97  2.0e-01  1.8e-03  0.0e+00  0.0e+00  2.0e-01  1.8e-03  2.1e-01
 129  T 3   2.418e+06  -6e-07  0.96  2.0e-01  1.8e-03  2.0e-01  3.7e-01  2.0e-01  1.7e-03  2.1e-01
 130  T 0   2.411e+06  -2e-16  0.97  2.0e-01  1.4e-03  1.2e-01  4.0e-01  2.0e-01  2.1e-03  2.1e-01
 131  F 0   2.411e+06  -2e-16  0.97  2.0e-01  1.4e-03  0.0e+00  0.0e+00  2.1e-01  1.6e-03  2.1e-01
 131  T 1   2.410e+06   2e-16  0.97  2.0e-01  1.4e-03  1.1e-01  3.2e-01  2.6e-01  1.5e-03  2.6e-01
 132  F 0   2.410e+06   2e-16  0.97  2.0e-01  1.4e-03  0.0e+00  0.0e+00  2.1e-01  1.9e-03  2.1e-01
 132  T 1   2.409e+06  -2e-06  0.97  2.0e-01  1.4e-03  2.0e-01  4.5e-01  2.2e-01  1.7e-03  2.3e-01
 133  F 0   2.409e+06  -2e-06  0.97  2.0e-01  1.4e-03  0.0e+00  0.0e+00  2.2e-01  2.1e-03  2.2e-01
 133  F 1   2.409e+06  -2e-06  0.97  2.0e-01  1.4e-03  0.0e+00  0.0e+00  2.1e-01  1.7e-03  2.2e-01
 133  T 2   2.409e+06  -6e-06  0.97  2.0e-01  1.4e-03  1.5e-01  4.6e-01  2.0e-01  1.5e-03  2.0e-01
 134  F 0   2.409e+06  -6e-06  0.97  2.0e-01  1.4e-03  0.0e+00  0.0e+00  2.0e-01  1.9e-03  2.0e-01
 134  F 1   2.409e+06  -6e-06  0.97  2.0e-01  1.4e-03  0.0e+00  0.0e+00  2.9e-01  1.7e-03  2.9e-01
 134  T 2   2.409e+06  -5e-07  0.97  2.0e-01  1.3e-03  2.0e-01  4.6e-01  2.1e-01  1.7e-03  2.1e-01
 135  F 0   2.409e+06  -5e-07  0.97  2.0e-01  1.3e-03  0.0e+00  0.0e+00  2.0e-01  1.9e-03  2.0e-01
 135  F 1   2.409e+06  -5e-07  0.97  2.0e-01  1.3e-03  0.0e+00  0.0e+00  2.1e-01  1.7e-03  2.1e-01
 135  T 2   2.408e+06   7e-07  0.97  2.0e-01  1.3e-03  1.7e-01  4.4e-01  2.0e-01  1.7e-03  2.0e-01
 136  F 0   2.408e+06   7e-07  0.97  2.0e-01  1.3e-03  0.0e+00  0.0e+00  2.1e-01  2.1e-03  2.1e-01
 136  F 1   2.408e+06   7e-07  0.97  2.0e-01  1.3e-03  0.0e+00  0.0e+00  2.0e-01  1.7e-03  2.1e-01
 136  T 2   2.408e+06  -4e-06  0.97  2.0e-01  1.2e-03  1.8e-01  4.4e-01  2.1e-01  1.7e-03  2.1e-01
 137  F 0   2.408e+06  -4e-06  0.97  2.0e-01  1.2e-03  0.0e+00  0.0e+00  2.0e-01  2.4e-03  2.1e-01
 137  F 1   2.408e+06  -4e-06  0.97  2.0e-01  1.2e-03  0.0e+00  0.0e+00  2.2e-01  2.1e-03  2.2e-01
 137  F 2   2.408e+06  -4e-06  0.97  2.0e-01  1.2e-03  0.0e+00  0.0e+00  2.0e-01  1.7e-03  2.0e-01
 137  T 3   2.406e+06   8e-06  0.97  2.0e-01  1.2e-03  7.7e-02  2.7e-01  2.0e-01  1.2e-03  2.1e-01
 138  T 0   2.400e+06  -8e-12  0.98  2.0e-01  1.7e-03  1.9e-01  4.3e-01  2.0e-01  2.1e-03  2.1e-01
 139  T 0   2.400e+06   2e-13  0.98  2.0e-01  1.8e-03  1.5e-01  3.8e-01  2.0e-01  1.9e-03  2.1e-01
 140  F 0   2.400e+06   2e-13  0.98  2.0e-01  1.8e-03  0.0e+00  0.0e+00  2.0e-01  1.8e-03  2.1e-01
 140  T 1   2.400e+06   1e-06  0.98  2.0e-01  1.6e-03  2.0e-01  5.7e-01  2.1e-01  1.9e-03  2.1e-01
 141  F 0   2.400e+06   1e-06  0.98  2.0e-01  1.6e-03  0.0e+00  0.0e+00  2.1e-01  2.1e-03  2.1e-01
 141  F 1   2.400e+06   1e-06  0.98  2.0e-01  1.6e-03  0.0e+00  0.0e+00  2.0e-01  1.3e-03  2.0e-01
 141  F 2   2.400e+06   1e-06  0.98  2.0e-01  1.6e-03  0.0e+00  0.0e+00  2.1e-01  1.7e-03  2.1e-01
 141  T 3   2.398e+06  -3e-06  0.97  2.0e-01  1.6e-03  1.1e-01  2.9e-01  2.0e-01  1.7e-03  2.0e-01
 142  T 0   2.394e+06  -2e-16  0.98  2.0e-01  1.3e-03  1.1e-01  3.1e-01  2.1e-01  2.1e-03  2.1e-01
 143  F 0   2.394e+06  -2e-16  0.98  2.0e-01  1.3e-03  0.0e+00  0.0e+00  2.0e-01  1.6e-03  2.0e-01
 143  T 1   2.394e+06  -3e-06  0.98  2.0e-01  1.3e-03  1.1e-01  2.5e-01  2.3e-01  1.5e-03  2.3e-01
 144  T 0   2.394e+06  -9e-06  0.98  2.0e-01  1.3e-03  2.0e-01  4.7e-01  2.0e-01  1.7e-03  2.1e-01
 145  F 0   2.394e+06  -9e-06  0.98  2.0e-01  1.3e-03  0.0e+00  0.0e+00  2.1e-01  1.9e-03  2.2e-01
 145  F 1   2.394e+06  -9e-06  0.98  2.0e-01  1.3e-03  0.0e+00  0.0e+00  2.1e-01  1.5e-03  2.1e-01
 145  F 2   2.394e+06  -9e-06  0.98  2.0e-01  1.3e-03  0.0e+00  0.0e+00  2.1e-01  1.7e-03  2.1e-01
 145  T 3   2.392e+06  -3e-08  0.98  2.0e-01  1.3e-03  1.1e-01  3.0e-01  2.0e-01  1.7e-03  2.1e-01
 146  F 0   2.392e+06  -3e-08  0.98  2.0e-01  1.3e-03  0.0e+00  0.0e+00  2.0e-01  1.9e-03  2.1e-01
 146  T 1   2.392e+06   9e-06  0.98  2.0e-01  1.3e-03  1.2e-01  2.2e-01  2.1e-01  1.7e-03  2.1e-01
 147  F 0   2.392e+06   9e-06  0.98  2.0e-01  1.3e-03  0.0e+00  0.0e+00  2.6e-01  2.3e-03  2.6e-01
 147  T 1   2.391e+06  -8e-06  0.98  2.0e-01  1.2e-03  8.9e-02  2.2e-01  2.0e-01  1.5e-03  2.0e-01
 148  F 0   2.391e+06  -8e-06  0.98  2.0e-01  1.2e-03  0.0e+00  0.0e+00  2.0e-01  1.9e-03  2.0e-01
 148  T 1   2.391e+06  -2e-16  0.98  2.0e-01  1.1e-03  1.4e-01  3.3e-01  2.4e-01  1.7e-03  2.4e-01
 149  F 0   2.391e+06  -2e-16  0.98  2.0e-01  1.1e-03  0.0e+00  0.0e+00  2.3e-01  2.4e-03  2.3e-01
 149  F 1   2.391e+06  -2e-16  0.98  2.0e-01  1.1e-03  0.0e+00  0.0e+00  2.3e-01  1.7e-03  2.4e-01
 149  T 2   2.390e+06   5e-06  0.98  2.0e-01  1.0e-03  7.1e-02  2.2e-01  2.3e-01  1.5e-03  2.3e-01
 150  T 0   2.389e+06   0e+00  0.98  2.0e-01  3.4e-04  7.0e-02  2.2e-01  2.5e-01  1.8e-03  2.5e-01
 151  F 0   2.389e+06   0e+00  0.98  2.0e-01  3.4e-04  0.0e+00  0.0e+00  2.5e-01  1.7e-03  2.5e-01
 151  F 1   2.389e+06   0e+00  0.98  2.0e-01  3.4e-04  0.0e+00  0.0e+00  2.6e-01  1.4e-03  2.6e-01
 151  T 2   2.389e+06  -1e-05  0.98  2.0e-01  3.8e-04  4.8e-02  1.5e-01  2.6e-01  1.3e-03  2.6e-01
 152  T 0   2.388e+06  -2e-16  0.98  2.0e-01  5.1e-04  4.5e-02  1.2e-01  2.6e-01  1.8e-03  2.6e-01
 153  F 0   2.388e+06  -2e-16  0.98  2.0e-01  5.1e-04  0.0e+00  0.0e+00  2.0e-01  1.7e-03  2.0e-01
 153  F 1   2.388e+06  -2e-16  0.98  2.0e-01  5.1e-04  0.0e+00  0.0e+00  2.1e-01  1.3e-03  2.1e-01
 153  T 2   2.388e+06  -3e-05  0.98  2.0e-01  5.3e-04  2.9e-02  5.1e-02  2.1e-01  1.2e-03  2.1e-01
 154  T 0   2.388e+06  -4e-07  0.98  2.0e-01  5.8e-04  4.3e-02  9.5e-02  2.0e-01  1.8e-03  2.1e-01
 155  F 0   2.388e+06  -4e-07  0.98  2.0e-01  5.8e-04  0.0e+00  0.0e+00  2.0e-01  1.7e-03  2.1e-01
 155  T 1   2.388e+06   0e+00  0.98  2.0e-01  6.1e-04  4.4e-02  8.1e-02  2.1e-01  1.5e-03  2.1e-01
 156  T 0   2.387e+06   2e-07  0.98  2.0e-01  2.2e-04  5.3e-02  1.1e-01  2.1e-01  1.9e-03  2.2e-01
 157  F 0   2.387e+06   2e-07  0.98  2.0e-01  2.2e-04  0.0e+00  0.0e+00  2.1e-01  2.0e-03  2.1e-01
 157  F 1   2.387e+06   2e-07  0.98  2.0e-01  2.2e-04  0.0e+00  0.0e+00  2.1e-01  1.6e-03  2.1e-01
 157  T 2   2.387e+06   2e-06  0.98  2.0e-01  1.7e-04  3.7e-02  7.1e-02  2.1e-01  1.6e-03  2.1e-01
 158  T 0   2.387e+06   1e-06  0.99  2.0e-01  2.2e-04  6.0e-02  8.2e-02  2.0e-01  1.9e-03  2.0e-01
 159  T 0   2.386e+06  -1e-05  0.99  2.0e-01  3.1e-04  6.7e-02  8.5e-02  2.0e-01  1.6e-03  2.0e-01
 160  T 0   2.385e+06   5e-05  0.99  2.0e-01  4.1e-04  7.2e-02  9.6e-02  2.0e-01  1.5e-03  2.0e-01
 161  T 0   2.384e+06   0e+00  0.99  2.0e-01  6.4e-04  8.2e-02  1.0e-01  2.0e-01  1.7e-03  2.0e-01
 162  T 0   2.384e+06  -2e-16  0.99  2.0e-01  8.1e-04  8.8e-02  9.6e-02  2.0e-01  1.7e-03  2.1e-01
 163  T 0   2.383e+06   2e-05  0.99  2.0e-01  1.2e-03  9.1e-02  1.1e-01  2.0e-01  1.4e-03  2.1e-01
 164  T 0   2.382e+06   2e-05  0.99  2.0e-01  2.1e-03  9.7e-02  1.2e-01  2.0e-01  1.5e-03  2.1e-01
 165  T 0   2.381e+06   3e-05  0.99  2.0e-01  2.4e-03  7.5e-02  1.5e-01  2.3e-01  1.5e-03  2.3e-01
 166  T 0   2.381e+06   8e-07  0.99  2.0e-01  9.2e-04  1.0e-01  2.0e-01  2.1e-01  1.9e-03  2.1e-01
 167  F 0   2.381e+06   8e-07  0.99  2.0e-01  9.2e-04  0.0e+00  0.0e+00  2.0e-01  1.7e-03  2.1e-01
 167  T 1   2.380e+06  -2e-16  0.99  2.0e-01  8.4e-04  1.6e-01  2.8e-01  2.1e-01  1.7e-03  2.1e-01
 168  F 0   2.380e+06  -2e-16  0.99  2.0e-01  8.4e-04  0.0e+00  0.0e+00  2.2e-01  2.1e-03  2.2e-01
 168  T 1   2.380e+06  -2e-06  0.99  2.0e-01  7.5e-04  8.8e-02  2.1e-01  2.0e-01  1.5e-03  2.0e-01
 169  F 0   2.380e+06  -2e-06  0.99  2.0e-01  7.5e-04  0.0e+00  0.0e+00  2.0e-01  1.7e-03  2.1e-01
 169  T 1   2.380e+06  -8e-07  0.99  2.0e-01  6.8e-04  9.9e-02  2.2e-01  2.2e-01  1.7e-03  2.2e-01
 170  F 0   2.380e+06  -8e-07  0.99  2.0e-01  6.8e-04  0.0e+00  0.0e+00  2.1e-01  1.9e-03  2.1e-01
 170  T 1   2.380e+06   1e-06  0.99  2.0e-01  6.0e-04  8.7e-02  2.1e-01  2.1e-01  1.6e-03  2.1e-01
 171  F 0   2.380e+06   1e-06  0.99  2.0e-01  6.0e-04  0.0e+00  0.0e+00  2.1e-01  1.9e-03  2.1e-01
 171  T 1   2.380e+06  -7e-08  0.99  2.0e-01  5.6e-04  8.7e-02  2.0e-01  2.0e-01  1.8e-03  2.1e-01
 172  F 0   2.380e+06  -7e-08  0.99  2.0e-01  5.6e-04  0.0e+00  0.0e+00  2.1e-01  2.0e-03  2.1e-01
 172  T 1   2.380e+06   4e-06  0.99  2.0e-01  4.9e-04  8.2e-02  1.9e-01  2.0e-01  1.5e-03  2.1e-01
 173  F 0   2.380e+06   4e-06  0.99  2.0e-01  4.9e-04  0.0e+00  0.0e+00  2.0e-01  2.0e-03  2.1e-01
 173  T 1   2.380e+06  -1e-06  0.99  2.0e-01  4.1e-05  7.0e-02  1.8e-01  2.7e-01  1.7e-03  2.7e-01
 174  F 0   2.380e+06  -1e-06  0.99  2.0e-01  4.1e-05  0.0e+00  0.0e+00  2.8e-01  1.9e-03  2.8e-01
 174  T 1   2.380e+06   2e-06  0.99  2.0e-01  4.3e-05  7.3e-02  1.6e-01  2.0e-01  1.5e-03  2.0e-01
 175  F 0   2.380e+06   2e-06  0.99  2.0e-01  4.3e-05  0.0e+00  0.0e+00  2.0e-01  1.9e-03  2.0e-01
 175  T 1   2.379e+06   9e-06  0.99  2.0e-01  5.1e-05  5.1e-02  1.3e-01  2.0e-01  1.5e-03  2.0e-01
 176  F 0   2.379e+06   9e-06  0.99  2.0e-01  5.1e-05  0.0e+00  0.0e+00  2.1e-01  1.9e-03  2.1e-01
 176  T 1   2.379e+06   3e-06  0.99  2.0e-01  5.7e-05  5.4e-02  1.1e-01  2.0e-01  1.5e-03  2.1e-01
 177  T 0   2.379e+06   9e-06  0.99  2.0e-01  7.3e-05  4.8e-02  1.1e-01  2.1e-01  1.5e-03  2.1e-01
 178  T 0   2.379e+06  -1e-06  0.99  2.0e-01  8.9e-05  8.0e-02  1.7e-01  2.1e-01  1.7e-03  2.1e-01
 179  F 0   2.379e+06  -1e-06  0.99  2.0e-01  8.9e-05  0.0e+00  0.0e+00  2.0e-01  1.9e-03  2.0e-01
 179  T 1   2.379e+06  -3e-07  0.99  2.0e-01  9.8e-05  1.0e-01  1.8e-01  2.0e-01  1.7e-03  2.1e-01
 180  F 0   2.379e+06  -3e-07  0.99  2.0e-01  9.8e-05  0.0e+00  0.0e+00  2.0e-01  1.9e-03  2.0e-01
 180  T 1   2.379e+06   3e-06  0.99  2.0e-01  1.0e-04  5.2e-02  1.1e-01  2.1e-01  1.5e-03  2.1e-01
 181  T 0   2.379e+06  -2e-05  0.99  2.0e-01  1.2e-04  5.1e-02  1.0e-01  2.0e-01  1.4e-03  2.0e-01
 182  F 0   2.379e+06  -2e-05  0.99  2.0e-01  1.2e-04  0.0e+00  0.0e+00  2.0e-01  1.8e-03  2.1e-01
 182  T 1   2.379e+06  -2e-16  0.99  2.0e-01  1.3e-04  4.2e-02  8.3e-02  2.0e-01  1.5e-03  2.0e-01
 183  T 0   2.379e+06   8e-06  0.99  2.0e-01  1.5e-04  3.2e-02  5.9e-02  2.0e-01  1.7e-03  2.1e-01
 184  T 0   2.379e+06  -8e-07  0.99  2.0e-01  1.8e-04  4.5e-02  9.1e-02  2.0e-01  1.8e-03  2.1e-01
 185  F 0   2.379e+06  -8e-07  0.99  2.0e-01  1.8e-04  0.0e+00  0.0e+00  2.0e-01  1.7e-03  2.0e-01
 185  T 1   2.379e+06   4e-16  0.99  2.0e-01  2.0e-04  4.3e-02  7.8e-02  2.0e-01  1.5e-03  2.0e-01
 186  T 0   2.379e+06  -1e-06  0.99  2.0e-01  1.9e-05  2.8e-02  5.9e-02  2.1e-01  1.8e-03  2.1e-01
 187  T 0   2.379e+06   0e+00  0.99  2.0e-01  3.1e-05  5.4e-02  1.0e-01  2.3e-01  1.7e-03  2.3e-01
 188  T 0   2.379e+06  -3e-06  0.99  2.0e-01  4.1e-05  7.3e-02  1.5e-01  2.6e-01  1.7e-03  2.6e-01
 189  F 0   2.379e+06  -3e-06  0.99  2.0e-01  4.1e-05  0.0e+00  0.0e+00  2.0e-01  1.7e-03  2.0e-01
 189  T 1   2.379e+06   6e-07  0.99  2.0e-01  4.6e-05  7.7e-02  1.4e-01  2.0e-01  1.5e-03  2.0e-01
 190  T 0   2.378e+06   0e+00  0.99  2.0e-01  5.1e-05  7.8e-02  1.4e-01  2.1e-01  1.9e-03  2.1e-01
 191  F 0   2.378e+06   0e+00  0.99  2.0e-01  5.1e-05  0.0e+00  0.0e+00  2.1e-01  1.8e-03  2.1e-01
 191  T 1   2.378e+06   2e-06  0.99  2.0e-01  5.5e-05  8.0e-02  1.5e-01  2.4e-01  1.5e-03  2.4e-01
 192  F 0   2.378e+06   2e-06  0.99  2.0e-01  5.5e-05  0.0e+00  0.0e+00  2.0e-01  1.9e-03  2.1e-01
 192  T 1   2.378e+06   2e-16  0.99  2.0e-01  5.7e-05  4.3e-02  8.4e-02  2.1e-01  1.5e-03  2.1e-01
 193  T 0   2.378e+06   5e-07  0.99  2.0e-01  6.5e-05  3.3e-02  7.4e-02  2.1e-01  1.3e-03  2.1e-01
 194  T 0   2.378e+06  -4e-06  0.99  2.0e-01  7.2e-05  6.1e-02  1.2e-01  2.1e-01  1.8e-03  2.1e-01
 195  F 0   2.378e+06  -4e-06  0.99  2.0e-01  7.2e-05  0.0e+00  0.0e+00  2.0e-01  1.7e-03  2.0e-01
 195  T 1   2.378e+06  -2e-16  0.99  2.0e-01  7.6e-05  5.4e-02  1.0e-01  2.0e-01  1.5e-03  2.0e-01
 196  T 0   2.378e+06  -5e-06  0.99  2.0e-01  8.2e-05  4.5e-02  8.4e-02  2.1e-01  1.7e-03  2.1e-01
 197  F 0   2.378e+06  -5e-06  0.99  2.0e-01  8.2e-05  0.0e+00  0.0e+00  2.1e-01  1.7e-03  2.1e-01
 197  T 1   2.378e+06   0e+00  0.99  2.0e-01  8.5e-05  3.9e-02  7.4e-02  2.2e-01  1.5e-03  2.3e-01
 198  T 0   2.378e+06  -2e-06  0.99  2.0e-01  9.1e-05  2.9e-02  5.6e-02  2.1e-01  1.7e-03  2.1e-01
 199  F 0   2.378e+06  -2e-06  0.99  2.0e-01  9.1e-05  0.0e+00  0.0e+00  2.1e-01  1.7e-03  2.1e-01
 199  T 1   2.378e+06  -2e-16  0.99  2.0e-01  9.4e-05  2.6e-02  4.8e-02  2.0e-01  1.5e-03  2.0e-01
 200  T 0   2.378e+06  -5e-07  0.99  2.0e-01  1.0e-04  1.7e-02  3.4e-02  2.1e-01  2.2e-03  2.1e-01
 201  T 0   2.378e+06   2e-16  0.99  2.0e-01  3.9e-05  2.9e-02  5.6e-02  2.0e-01  1.7e-03  2.1e-01
 202  F 0   2.378e+06   2e-16  0.99  2.0e-01  3.9e-05  0.0e+00  0.0e+00  2.1e-01  1.4e-03  2.2e-01
 202  T 1   2.378e+06   1e-05  0.99  2.0e-01  4.0e-05  2.2e-02  4.2e-02  2.0e-01  1.3e-03  2.0e-01
 203  T 0   2.378e+06   2e-06  0.99  2.0e-01  4.3e-05  1.2e-02  2.6e-02  2.1e-01  1.6e-03  2.1e-01
 204  T 0   2.378e+06  -4e-06  0.99  2.0e-01  4.5e-05  1.7e-02  3.6e-02  2.0e-01  1.4e-03  2.1e-01
 205  T 0   2.378e+06   0e+00  0.99  2.0e-01  4.8e-05  2.9e-02  5.7e-02  2.0e-01  1.7e-03  2.0e-01
 206  F 0   2.378e+06   0e+00  0.99  2.0e-01  4.8e-05  0.0e+00  0.0e+00  2.0e-01  1.7e-03  2.1e-01
 206  T 1   2.378e+06   1e-05  0.99  2.0e-01  5.0e-05  2.3e-02  4.3e-02  2.1e-01  1.4e-03  2.1e-01
 207  T 0   2.378e+06   3e-06  0.99  2.0e-01  7.9e-06  1.2e-02  2.8e-02  2.1e-01  1.4e-03  2.1e-01
 208  T 0   2.378e+06  -5e-06  0.99  2.0e-01  7.5e-06  1.8e-02  3.9e-02  2.0e-01  1.5e-03  2.0e-01
 209  T 0   2.378e+06   0e+00  0.99  2.0e-01  1.1e-05  3.0e-02  6.1e-02  2.0e-01  1.6e-03  2.0e-01
 210  T 0   2.378e+06   0e+00  0.99  2.0e-01  1.7e-05  4.6e-02  9.1e-02  2.1e-01  1.7e-03  2.1e-01
 211  F 0   2.378e+06   0e+00  0.99  2.0e-01  1.7e-05  0.0e+00  0.0e+00  2.1e-01  1.7e-03  2.1e-01
 211  T 1   2.378e+06   3e-06  0.99  2.0e-01  2.1e-05  3.9e-02  7.7e-02  2.1e-01  1.5e-03  2.1e-01
 212  T 0   2.378e+06  -4e-07  0.99  2.0e-01  3.0e-05  3.3e-02  6.7e-02  2.1e-01  1.8e-03  2.1e-01
 213  T 0   2.378e+06  -3e-06  0.99  2.0e-01  3.9e-05  5.5e-02  1.1e-01  2.0e-01  1.7e-03  2.1e-01
 214  F 0   2.378e+06  -3e-06  0.99  2.0e-01  3.9e-05  0.0e+00  0.0e+00  2.0e-01  1.7e-03  2.1e-01
 214  T 1   2.378e+06   1e-05  0.99  2.0e-01  4.3e-05  4.3e-02  8.6e-02  2.1e-01  1.2e-03  2.1e-01
 215  T 0   2.378e+06  -5e-07  0.99  2.0e-01  5.2e-05  3.2e-02  7.0e-02  2.1e-01  1.7e-03  2.1e-01
 216  T 0   2.378e+06  -5e-07  0.99  2.0e-01  6.1e-05  5.9e-02  1.1e-01  2.1e-01  1.7e-03  2.1e-01
 217  F 0   2.378e+06  -5e-07  0.99  2.0e-01  6.1e-05  0.0e+00  0.0e+00  2.0e-01  1.7e-03  2.1e-01
 217  T 1   2.378e+06  -2e-16  0.99  2.0e-01  6.5e-05  5.0e-02  9.6e-02  2.0e-01  1.5e-03  2.0e-01
 218  T 0   2.377e+06   0e+00  0.99  2.0e-01  7.2e-05  4.5e-02  8.6e-02  2.0e-01  1.7e-03  2.0e-01
 219  F 0   2.377e+06   0e+00  0.99  2.0e-01  7.2e-05  0.0e+00  0.0e+00  2.0e-01  1.8e-03  2.0e-01
 219  T 1   2.377e+06   2e-16  0.99  2.0e-01  7.6e-05  3.8e-02  7.4e-02  2.0e-01  1.8e-03  2.0e-01
 220  T 0   2.377e+06   0e+00  0.99  2.0e-01  8.2e-05  3.2e-02  6.5e-02  2.0e-01  1.8e-03  2.0e-01
 221  T 0   2.377e+06   0e+00  0.99  2.0e-01  8.9e-05  5.4e-02  1.1e-01  2.0e-01  1.7e-03  2.0e-01
 222  F 0   2.377e+06   0e+00  0.99  2.0e-01  8.9e-05  0.0e+00  0.0e+00  2.0e-01  1.7e-03  2.0e-01
 222  T 1   2.377e+06   1e-05  0.99  2.0e-01  9.3e-05  4.2e-02  8.5e-02  2.1e-01  1.3e-03  2.1e-01
 223  T 0   2.377e+06   0e+00  0.99  2.0e-01  1.0e-04  3.3e-02  7.1e-02  2.2e-01  1.7e-03  2.2e-01
 224  T 0   2.377e+06  -1e-06  0.99  2.0e-01  1.1e-04  6.1e-02  1.2e-01  2.2e-01  1.7e-03  2.2e-01
 225  F 0   2.377e+06  -1e-06  0.99  2.0e-01  1.1e-04  0.0e+00  0.0e+00  2.4e-01  1.7e-03  2.4e-01
 225  T 1   2.377e+06   2e-06  0.99  2.0e-01  1.1e-05  5.2e-02  1.0e-01  2.2e-01  1.5e-03  2.3e-01
 226  T 0   2.377e+06   0e+00  0.99  2.0e-01  7.8e-06  5.0e-02  9.8e-02  2.3e-01  1.7e-03  2.3e-01
 227  F 0   2.377e+06   0e+00  0.99  2.0e-01  7.8e-06  0.0e+00  0.0e+00  2.3e-01  1.7e-03  2.3e-01
 227  T 1   2.377e+06   0e+00  0.99  2.0e-01  9.7e-06  4.3e-02  8.4e-02  2.3e-01  1.5e-03  2.3e-01
 228  T 0   2.377e+06   0e+00  0.99  2.0e-01  1.4e-05  3.9e-02  8.2e-02  2.3e-01  1.7e-03  2.3e-01
 229  T 0   2.377e+06   0e+00  0.99  2.0e-01  2.3e-05  6.5e-02  1.3e-01  2.3e-01  1.7e-03  2.3e-01
 230  F 0   2.377e+06   0e+00  0.99  2.0e-01  2.3e-05  0.0e+00  0.0e+00  2.4e-01  1.8e-03  2.4e-01
 230  T 1   2.377e+06   7e-06  0.99  2.0e-01  2.8e-05  5.1e-02  1.1e-01  2.0e-01  1.3e-03  2.1e-01
 231  T 0   2.377e+06   0e+00  0.99  2.0e-01  3.7e-05  4.9e-02  1.0e-01  2.3e-01  1.7e-03  2.3e-01
 232  F 0   2.377e+06   0e+00  0.99  2.0e-01  3.7e-05  0.0e+00  0.0e+00  2.1e-01  1.8e-03  2.1e-01
 232  T 1   2.377e+06   1e-05  0.99  2.0e-01  3.9e-05  4.6e-02  9.0e-02  2.0e-01  1.3e-03  2.1e-01
 233  T 0   2.377e+06   0e+00  0.99  2.0e-01  4.1e-05  3.5e-02  8.8e-02  2.5e-01  1.7e-03  2.5e-01
 234  F 0   2.377e+06   0e+00  0.99  2.0e-01  4.1e-05  0.0e+00  0.0e+00  2.7e-01  1.5e-03  2.8e-01
 234  T 1   2.377e+06   4e-06  0.99  2.0e-01  4.2e-05  3.7e-02  7.4e-02  2.1e-01  1.2e-03  2.1e-01
 235  T 0   2.377e+06   3e-05  0.99  2.0e-01  4.3e-05  3.4e-02  7.3e-02  2.1e-01  1.4e-03  2.1e-01
 236  F 0   2.377e+06   3e-05  0.99  2.0e-01  4.3e-05  0.0e+00  0.0e+00  2.3e-01  1.5e-03  2.3e-01
 236  T 1   2.377e+06   6e-06  0.99  2.0e-01  4.4e-05  2.6e-02  5.6e-02  2.6e-01  1.4e-03  2.6e-01
 237  T 0   2.377e+06   1e-05  0.99  2.0e-01  4.7e-05  3.8e-02  6.2e-02  2.2e-01  1.5e-03  2.3e-01
 238  T 0   2.377e+06  -9e-06  0.99  2.0e-01  4.9e-05  4.1e-02  7.9e-02  2.1e-01  1.3e-03  2.1e-01
 239  T 0   2.377e+06   0e+00  0.99  2.0e-01  5.1e-05  5.0e-02  1.1e-01  2.0e-01  1.7e-03  2.1e-01
 240  F 0   2.377e+06   0e+00  0.99  2.0e-01  5.1e-05  0.0e+00  0.0e+00  2.1e-01  1.4e-03  2.1e-01
 240  T 1   2.377e+06  -8e-06  0.99  2.0e-01  5.3e-05  4.1e-02  8.7e-02  2.0e-01  1.0e-03  2.1e-01
 241  T 0   2.377e+06   5e-05  0.99  2.0e-01  5.5e-05  4.0e-02  8.9e-02  2.2e-01  1.5e-03  2.2e-01
 242  F 0   2.377e+06   5e-05  0.99  2.0e-01  5.5e-05  0.0e+00  0.0e+00  2.0e-01  1.7e-03  2.0e-01
 242  F 1   2.377e+06   5e-05  0.99  2.0e-01  5.5e-05  0.0e+00  0.0e+00  2.0e-01  1.5e-03  2.0e-01
 242  F 2   2.377e+06   5e-05  0.99  2.0e-01  5.5e-05  0.0e+00  0.0e+00  2.4e-01  1.5e-03  2.5e-01
 242  F 3   2.377e+06   5e-05  0.99  2.0e-01  5.5e-05  0.0e+00  0.0e+00  2.0e-01  1.5e-03  2.0e-01
 242  F 4   2.377e+06   5e-05  0.99  2.0e-01  5.5e-05  0.0e+00  0.0e+00  2.0e-01  1.5e-03  2.0e-01
 242  F 5   2.377e+06   5e-05  0.99  2.0e-01  5.5e-05  0.0e+00  0.0e+00  2.1e-01  1.5e-03  2.1e-01
 242  F 6   2.377e+06   5e-05  0.99  2.0e-01  5.5e-05  0.0e+00  0.0e+00  2.9e-01  1.5e-03  2.9e-01
 242  F 7   2.377e+06   5e-05  0.99  2.0e-01  5.5e-05  0.0e+00  0.0e+00  2.6e-01  1.5e-03  2.6e-01
 242  F 8   2.377e+06   5e-05  0.99  2.0e-01  5.5e-05  0.0e+00  0.0e+00  2.0e-01  1.5e-03  2.1e-01
 242  F 9   2.377e+06   5e-05  0.99  2.0e-01  5.5e-05  0.0e+00  0.0e+00  2.1e-01  1.5e-03  2.1e-01
 242  F10   2.377e+06   5e-05  0.99  2.0e-01  5.5e-05  0.0e+00  0.0e+00  2.0e-01  1.5e-03  2.1e-01
 242  F11   2.377e+06   5e-05  0.99  2.0e-01  5.5e-05  0.0e+00  0.0e+00  2.0e-01  1.5e-03  2.1e-01
 242  F12   2.377e+06   5e-05  0.99  2.0e-01  5.5e-05  0.0e+00  0.0e+00  2.1e-01  1.5e-03  2.1e-01
 242  F13   2.377e+06   5e-05  0.99  2.0e-01  5.5e-05  0.0e+00  0.0e+00  2.7e-01  1.5e-03  2.7e-01
 242  F14   2.377e+06   5e-05  0.99  2.0e-01  5.5e-05  0.0e+00  0.0e+00  2.0e-01  1.5e-03  2.0e-01
 242  F15   2.377e+06   5e-05  0.99  2.0e-01  5.5e-05  0.0e+00  0.0e+00  2.0e-01  1.5e-03  2.0e-01
 242  F16   2.377e+06   5e-05  0.99  2.0e-01  5.5e-05  0.0e+00  0.0e+00  2.1e-01  1.5e-03  2.1e-01
 242  F17   2.377e+06   5e-05  0.99  2.0e-01  5.5e-05  0.0e+00  0.0e+00  2.0e-01  1.5e-03  2.0e-01
 242  F18   2.377e+06   5e-05  0.99  2.0e-01  5.5e-05  0.0e+00  0.0e+00  2.0e-01  1.5e-03  2.1e-01
 242  F19   2.377e+06   5e-05  0.99  2.0e-01  5.5e-05  0.0e+00  0.0e+00  2.0e-01  1.5e-03  2.1e-01
 242  F20   2.377e+06   5e-05  0.99  2.0e-01  5.5e-05  0.0e+00  0.0e+00  2.0e-01  1.5e-03  2.1e-01
 242  F21   2.377e+06   5e-05  0.99  2.0e-01  5.5e-05  0.0e+00  0.0e+00  2.2e-01  1.5e-03  2.2e-01
 242  F22   2.377e+06   5e-05  0.99  2.0e-01  5.5e-05  0.0e+00  0.0e+00  2.0e-01  1.5e-03  2.0e-01
 242  F23   2.377e+06   5e-05  0.99  2.0e-01  5.5e-05  0.0e+00  0.0e+00  2.0e-01  1.5e-03  2.0e-01
 242  F24   2.377e+06   5e-05  0.99  2.0e-01  5.5e-05  0.0e+00  0.0e+00  2.0e-01  1.5e-03  2.0e-01
 242  F25   2.377e+06   5e-05  0.99  2.0e-01  5.5e-05  0.0e+00  0.0e+00  2.0e-01  1.5e-03  2.0e-01
 242  F26   2.377e+06   5e-05  0.99  2.0e-01  5.5e-05  0.0e+00  0.0e+00  2.0e-01  1.5e-03  2.1e-01
 242  F27   2.377e+06   5e-05  0.99  2.0e-01  5.5e-05  0.0e+00  0.0e+00  2.1e-01  1.6e-03  2.1e-01
 242  F28   2.377e+06   5e-05  0.99  2.0e-01  5.5e-05  0.0e+00  0.0e+00  2.6e-01  1.5e-03  2.7e-01
 242  F29   2.377e+06   5e-05  0.99  2.0e-01  5.5e-05  0.0e+00  0.0e+00  2.1e-01  1.5e-03  2.1e-01
 242  F30   2.377e+06   5e-05  0.99  2.0e-01  5.5e-05  0.0e+00  0.0e+00  2.1e-01  1.5e-03  2.1e-01
 242  F31   2.377e+06   5e-05  0.99  2.0e-01  5.5e-05  0.0e+00  0.0e+00  2.0e-01  1.5e-03  2.0e-01
Enforced Termination; excessive conservatism
Total number of system evaluations: 518
