   k  l     Obj         Vio    Bou   ML       |KKT|    |dX|     ||dX||   T_s      T_o      T_t
   0  T 0   9.132e+07  -9e+00  1.00  2.0e-01  0.0e+00  1.0e+00  1.0e+00  4.7e-01  0.0e+00  0.0e+00
   1  T 0   6.923e+07  -7e+00  0.12  2.0e-01  6.7e-04  2.0e-01  1.1e+01  2.3e-01  3.6e-03  2.3e-01
   2  T 0   5.341e+07  -6e+00  0.19  2.0e-01  7.1e-04  2.0e-01  1.1e+01  2.2e-01  1.2e-03  2.2e-01
   3  T 0   4.311e+07  -4e+00  0.09  2.0e-01  1.4e-03  2.0e-01  1.1e+01  2.1e-01  1.2e-03  2.1e-01
   4  T 0   3.124e+07  -4e+00  0.12  2.0e-01  1.0e-03  2.0e-01  1.2e+01  2.1e-01  1.3e-03  2.1e-01
   5  T 0   2.534e+07  -3e+00  0.08  2.0e-01  1.5e-03  2.0e-01  9.0e+00  2.2e-01  1.2e-03  2.3e-01
   6  T 0   2.179e+07  -3e+00  0.11  2.0e-01  2.2e-03  2.0e-01  8.5e+00  2.0e-01  1.4e-03  2.0e-01
   7  T 0   1.979e+07  -2e+00  0.10  2.0e-01  3.1e-03  2.0e-01  7.5e+00  2.1e-01  1.2e-03  2.1e-01
   8  T 0   1.811e+07  -2e+00  0.08  2.0e-01  4.2e-03  2.0e-01  7.4e+00  2.6e-01  1.3e-03  2.6e-01
   9  T 0   1.737e+07  -2e+00  0.10  2.0e-01  9.9e-03  2.0e-01  7.0e+00  2.5e-01  1.2e-03  2.5e-01
  10  T 0   1.628e+07  -2e+00  0.08  2.0e-01  1.2e-02  2.0e-01  6.9e+00  2.0e-01  1.3e-03  2.0e-01
  11  T 0   1.616e+07  -2e+00  0.10  2.0e-01  3.0e-02  2.0e-01  6.7e+00  2.1e-01  1.2e-03  2.1e-01
  12  T 0   1.534e+07  -2e+00  0.17  2.0e-01  6.0e-03  2.0e-01  6.6e+00  2.8e-01  1.3e-03  2.8e-01
  13  T 0   1.468e+07  -2e+00  0.19  2.0e-01  2.5e-02  2.0e-01  6.5e+00  2.1e-01  1.2e-03  2.1e-01
  14  T 0   1.442e+07  -2e+00  0.20  2.0e-01  1.7e-02  2.0e-01  6.4e+00  2.0e-01  1.3e-03  2.0e-01
  15  T 0   1.402e+07  -1e+00  0.26  2.0e-01  3.8e-02  2.0e-01  6.3e+00  2.1e-01  1.2e-03  2.1e-01
  16  T 0   1.352e+07  -1e+00  0.25  2.0e-01  4.3e-02  2.0e-01  6.3e+00  2.0e-01  1.2e-03  2.0e-01
  17  T 0   1.340e+07  -1e+00  0.32  2.0e-01  1.7e-02  2.0e-01  6.2e+00  2.0e-01  1.3e-03  2.1e-01
  18  T 0   1.270e+07  -1e+00  0.34  2.0e-01  2.0e-02  2.0e-01  6.2e+00  2.0e-01  1.2e-03  2.0e-01
  19  T 0   1.253e+07  -1e+00  0.36  2.0e-01  3.2e-02  2.0e-01  6.1e+00  2.0e-01  1.3e-03  2.1e-01
  20  T 0   1.199e+07  -1e+00  0.39  2.0e-01  2.4e-02  2.0e-01  6.1e+00  2.1e-01  1.2e-03  2.2e-01
  21  T 0   1.185e+07  -1e+00  0.41  2.0e-01  3.6e-02  2.0e-01  6.0e+00  2.0e-01  1.2e-03  2.0e-01
  22  T 0   1.142e+07  -1e+00  0.43  2.0e-01  3.1e-02  2.0e-01  6.0e+00  2.3e-01  1.2e-03  2.3e-01
  23  T 0   1.121e+07  -1e+00  0.48  2.0e-01  1.5e-02  2.0e-01  5.9e+00  2.5e-01  1.2e-03  2.5e-01
  24  T 0   1.075e+07  -1e+00  0.47  2.0e-01  4.1e-02  2.0e-01  5.9e+00  2.1e-01  1.3e-03  2.1e-01
  25  T 0   1.059e+07  -1e+00  0.52  2.0e-01  3.5e-02  2.0e-01  5.8e+00  2.3e-01  1.2e-03  2.3e-01
  26  T 0   1.012e+07  -1e+00  0.53  2.0e-01  1.4e-02  2.0e-01  5.8e+00  2.4e-01  1.2e-03  2.4e-01
  27  F 0   1.012e+07  -1e+00  0.53  1.4e-01  1.4e-02  0.0e+00  0.0e+00  2.5e-01  1.3e-03  2.5e-01
  27  T 1   9.328e+06  -1e+00  0.52  1.7e-01  1.7e-02  1.4e-01  4.0e+00  2.1e-01  1.0e-03  2.1e-01
  28  T 0   8.836e+06  -1e+00  0.58  2.0e-01  3.4e-02  1.7e-01  4.6e+00  2.1e-01  1.2e-03  2.1e-01
  29  F 0   8.836e+06  -1e+00  0.58  1.4e-01  3.4e-02  0.0e+00  0.0e+00  2.1e-01  1.3e-03  2.1e-01
  29  T 1   8.235e+06  -9e-01  0.58  1.7e-01  4.1e-02  1.4e-01  3.8e+00  2.0e-01  1.0e-03  2.0e-01
  30  T 0   7.831e+06  -8e-01  0.60  2.0e-01  4.2e-02  1.7e-01  4.4e+00  2.0e-01  1.2e-03  2.0e-01
  31  F 0   7.831e+06  -8e-01  0.60  1.4e-01  4.2e-02  0.0e+00  0.0e+00  1.5e-01  1.1e-03  1.5e-01
  31  T 1   7.425e+06  -8e-01  0.62  1.7e-01  9.8e-03  1.4e-01  3.7e+00  1.7e-01  7.0e-04  1.7e-01
  32  T 0   6.930e+06  -7e-01  0.63  2.0e-01  2.2e-02  1.7e-01  4.1e+00  1.7e-01  8.9e-04  1.7e-01
  33  F 0   6.930e+06  -7e-01  0.63  1.4e-01  2.2e-02  0.0e+00  0.0e+00  1.8e-01  8.5e-04  1.8e-01
  33  T 1   6.662e+06  -7e-01  0.65  1.7e-01  1.4e-02  1.4e-01  3.5e+00  1.4e-01  7.4e-04  1.4e-01
  34  T 0   6.333e+06  -6e-01  0.68  2.0e-01  2.1e-02  1.7e-01  3.9e+00  1.5e-01  8.4e-04  1.5e-01
  35  F 0   6.333e+06  -6e-01  0.68  1.4e-01  2.1e-02  0.0e+00  0.0e+00  1.5e-01  8.4e-04  1.5e-01
  35  T 1   6.010e+06  -6e-01  0.68  1.7e-01  2.0e-02  1.4e-01  3.2e+00  1.5e-01  7.4e-04  1.5e-01
  36  T 0   5.767e+06  -5e-01  0.71  2.0e-01  1.3e-02  1.7e-01  3.6e+00  1.5e-01  1.0e-03  1.5e-01
  37  F 0   5.767e+06  -5e-01  0.71  1.4e-01  1.3e-02  0.0e+00  0.0e+00  1.5e-01  9.9e-04  1.5e-01
  37  T 1   5.404e+06  -5e-01  0.72  1.7e-01  2.6e-02  1.4e-01  3.0e+00  1.5e-01  9.5e-04  1.5e-01
  38  T 0   5.242e+06  -5e-01  0.74  2.0e-01  2.2e-02  1.7e-01  3.4e+00  1.5e-01  8.8e-04  1.5e-01
  39  F 0   5.242e+06  -5e-01  0.74  1.4e-01  2.2e-02  0.0e+00  0.0e+00  1.7e-01  8.7e-04  1.7e-01
  39  T 1   4.966e+06  -5e-01  0.74  1.7e-01  1.0e-02  1.4e-01  2.9e+00  1.5e-01  7.2e-04  1.5e-01
  40  T 0   4.918e+06  -4e-01  0.76  2.0e-01  1.6e-02  1.7e-01  3.4e+00  1.5e-01  8.6e-04  1.5e-01
  41  F 0   4.918e+06  -4e-01  0.76  1.4e-01  1.6e-02  0.0e+00  0.0e+00  1.5e-01  9.1e-04  1.5e-01
  41  T 1   4.591e+06  -4e-01  0.76  1.7e-01  6.3e-03  1.4e-01  2.8e+00  1.6e-01  7.3e-04  1.6e-01
  42  F 0   4.591e+06  -4e-01  0.76  1.2e-01  6.3e-03  0.0e+00  0.0e+00  1.5e-01  8.5e-04  1.5e-01
  42  T 1   4.385e+06  -4e-01  0.78  1.4e-01  1.2e-02  1.2e-01  2.4e+00  1.5e-01  7.2e-04  1.5e-01
  43  T 0   4.377e+06  -4e-01  0.79  1.7e-01  1.4e-02  1.4e-01  2.8e+00  1.6e-01  9.2e-04  1.6e-01
  44  F 0   4.377e+06  -4e-01  0.79  1.2e-01  1.4e-02  0.0e+00  0.0e+00  1.6e-01  1.0e-03  1.6e-01
  44  T 1   4.151e+06  -3e-01  0.79  1.4e-01  1.8e-02  1.2e-01  2.4e+00  1.6e-01  7.4e-04  1.6e-01
  45  F 0   4.151e+06  -3e-01  0.79  1.0e-01  1.8e-02  0.0e+00  0.0e+00  1.5e-01  8.7e-04  1.6e-01
  45  T 1   4.020e+06  -3e-01  0.80  1.2e-01  1.7e-02  1.0e-01  2.0e+00  1.5e-01  7.5e-04  1.5e-01
  46  T 0   3.915e+06  -3e-01  0.82  1.4e-01  3.8e-02  1.2e-01  2.3e+00  1.5e-01  8.8e-04  1.5e-01
  47  F 0   3.915e+06  -3e-01  0.82  1.0e-01  3.8e-02  0.0e+00  0.0e+00  1.5e-01  8.7e-04  1.5e-01
  47  T 1   3.805e+06  -3e-01  0.82  1.2e-01  3.5e-02  1.0e-01  1.9e+00  1.6e-01  7.5e-04  1.6e-01
  48  T 0   3.764e+06  -3e-01  0.84  1.4e-01  1.8e-02  1.2e-01  2.3e+00  1.5e-01  8.7e-04  1.5e-01
  49  F 0   3.764e+06  -3e-01  0.84  1.0e-01  1.8e-02  0.0e+00  0.0e+00  1.5e-01  9.4e-04  1.5e-01
  49  T 1   3.637e+06  -3e-01  0.84  1.2e-01  2.2e-02  1.0e-01  1.9e+00  1.6e-01  7.4e-04  1.6e-01
  50  T 0   3.595e+06  -2e-01  0.85  1.5e-01  1.8e-02  1.2e-01  2.2e+00  1.5e-01  8.7e-04  1.5e-01
  51  F 0   3.595e+06  -2e-01  0.85  1.0e-01  1.8e-02  0.0e+00  0.0e+00  1.5e-01  8.8e-04  1.5e-01
  51  T 1   3.490e+06  -2e-01  0.85  1.2e-01  1.2e-02  1.0e-01  1.9e+00  1.6e-01  7.6e-04  1.6e-01
  52  F 0   3.490e+06  -2e-01  0.85  8.6e-02  1.2e-02  0.0e+00  0.0e+00  1.5e-01  8.8e-04  1.5e-01
  52  T 1   3.420e+06  -2e-01  0.86  1.0e-01  1.1e-02  8.6e-02  1.6e+00  1.5e-01  7.4e-04  1.5e-01
  53  T 0   3.333e+06  -2e-01  0.87  1.2e-01  1.0e-02  1.0e-01  1.8e+00  1.4e-01  8.6e-04  1.4e-01
  54  F 0   3.333e+06  -2e-01  0.87  8.6e-02  1.0e-02  0.0e+00  0.0e+00  1.5e-01  8.7e-04  1.5e-01
  54  T 1   3.280e+06  -2e-01  0.87  1.0e-01  1.2e-02  8.6e-02  1.6e+00  1.5e-01  7.2e-04  1.5e-01
  55  T 0   3.228e+06  -2e-01  0.88  1.2e-01  9.0e-03  1.0e-01  1.8e+00  1.5e-01  8.6e-04  1.5e-01
  56  F 0   3.228e+06  -2e-01  0.88  8.7e-02  9.0e-03  0.0e+00  0.0e+00  1.6e-01  1.0e-03  1.6e-01
  56  T 1   3.188e+06  -1e-01  0.87  1.0e-01  4.7e-03  8.7e-02  1.6e+00  1.6e-01  7.4e-04  1.6e-01
  57  T 0   3.174e+06  -1e-01  0.89  1.3e-01  6.1e-03  1.0e-01  1.8e+00  1.4e-01  8.9e-04  1.4e-01
  58  F 0   3.174e+06  -1e-01  0.89  8.8e-02  6.1e-03  0.0e+00  0.0e+00  1.6e-01  8.7e-04  1.6e-01
  58  T 1   3.115e+06  -1e-01  0.87  1.1e-01  6.3e-03  8.8e-02  1.6e+00  1.5e-01  7.5e-04  1.5e-01
  59  F 0   3.115e+06  -1e-01  0.87  7.4e-02  6.3e-03  0.0e+00  0.0e+00  1.6e-01  8.7e-04  1.7e-01
  59  T 1   3.046e+06  -1e-01  0.88  8.8e-02  6.1e-03  7.4e-02  1.3e+00  1.6e-01  7.3e-04  1.6e-01
  60  T 0   3.039e+06  -1e-01  0.89  1.1e-01  8.2e-03  8.8e-02  1.5e+00  1.5e-01  8.9e-04  1.5e-01
  61  F 0   3.039e+06  -1e-01  0.89  7.4e-02  8.2e-03  0.0e+00  0.0e+00  1.5e-01  8.9e-04  1.5e-01
  61  T 1   2.987e+06  -1e-01  0.90  8.9e-02  2.2e-03  7.4e-02  1.2e+00  1.5e-01  7.6e-04  1.5e-01
  62  T 0   2.955e+06  -1e-01  0.90  1.1e-01  2.8e-03  8.9e-02  1.4e+00  1.6e-01  8.6e-04  1.6e-01
  63  F 0   2.955e+06  -1e-01  0.90  7.5e-02  2.8e-03  0.0e+00  0.0e+00  1.5e-01  8.5e-04  1.5e-01
  63  T 1   2.918e+06  -9e-02  0.91  9.0e-02  3.7e-03  7.5e-02  1.2e+00  1.5e-01  7.4e-04  1.5e-01
  64  F 0   2.918e+06  -9e-02  0.91  6.3e-02  3.7e-03  0.0e+00  0.0e+00  1.7e-01  9.7e-04  1.7e-01
  64  T 1   2.894e+06  -8e-02  0.91  7.5e-02  3.5e-03  6.3e-02  1.0e+00  1.5e-01  7.4e-04  1.5e-01
  65  T 0   2.864e+06  -7e-02  0.91  9.1e-02  3.3e-03  7.5e-02  1.2e+00  1.4e-01  8.6e-04  1.5e-01
  66  F 0   2.864e+06  -7e-02  0.91  6.3e-02  3.3e-03  0.0e+00  0.0e+00  1.5e-01  8.6e-04  1.5e-01
  66  T 1   2.841e+06  -6e-02  0.91  7.6e-02  2.9e-03  6.3e-02  1.0e+00  1.5e-01  7.6e-04  1.5e-01
  67  T 0   2.821e+06  -5e-02  0.92  9.1e-02  3.0e-03  7.6e-02  1.2e+00  1.5e-01  9.0e-04  1.5e-01
  68  F 0   2.821e+06  -5e-02  0.92  6.4e-02  3.0e-03  0.0e+00  0.0e+00  1.6e-01  8.9e-04  1.6e-01
  68  T 1   2.794e+06  -4e-02  0.91  7.7e-02  2.5e-03  6.4e-02  1.0e+00  1.7e-01  7.8e-04  1.7e-01
  69  T 0   2.771e+06  -4e-02  0.92  9.2e-02  3.3e-03  7.7e-02  1.2e+00  1.7e-01  9.4e-04  1.7e-01
  70  F 0   2.771e+06  -4e-02  0.92  6.4e-02  3.3e-03  0.0e+00  0.0e+00  1.6e-01  9.5e-04  1.7e-01
  70  T 1   2.749e+06  -2e-02  0.92  7.7e-02  2.9e-03  6.4e-02  1.0e+00  1.7e-01  7.9e-04  1.7e-01
  71  F 0   2.749e+06  -2e-02  0.92  5.4e-02  2.9e-03  0.0e+00  0.0e+00  1.6e-01  9.5e-04  1.6e-01
  71  T 1   2.717e+06  -2e-02  0.92  6.5e-02  4.7e-03  5.4e-02  8.7e-01  1.7e-01  7.8e-04  1.7e-01
  72  T 0   2.678e+06  -1e-02  0.93  7.8e-02  3.6e-03  6.5e-02  9.8e-01  2.0e-01  1.1e-03  2.1e-01
  73  F 0   2.678e+06  -1e-02  0.93  5.5e-02  3.6e-03  0.0e+00  0.0e+00  1.9e-01  1.2e-03  1.9e-01
  73  T 1   2.655e+06  -6e-03  0.93  6.5e-02  5.4e-03  5.5e-02  8.1e-01  1.9e-01  9.6e-04  1.9e-01
  74  T 0   2.638e+06  -1e-05  0.93  7.9e-02  1.5e-03  6.5e-02  9.3e-01  1.8e-01  1.9e-03  1.8e-01
  75  F 0   2.638e+06  -1e-05  0.93  5.5e-02  1.5e-03  0.0e+00  0.0e+00  2.1e-01  1.7e-03  2.1e-01
  75  T 1   2.628e+06  -2e-05  0.93  6.6e-02  2.5e-03  5.5e-02  7.7e-01  1.9e-01  2.2e-03  2.0e-01
  76  F 0   2.628e+06  -2e-05  0.93  4.6e-02  2.5e-03  0.0e+00  0.0e+00  1.9e-01  2.1e-03  1.9e-01
  76  T 1   2.612e+06  -1e-05  0.94  5.5e-02  2.1e-03  4.6e-02  6.4e-01  1.9e-01  1.8e-03  1.9e-01
  77  T 0   2.599e+06  -6e-06  0.94  6.7e-02  2.6e-03  5.5e-02  7.3e-01  1.8e-01  1.6e-03  1.8e-01
  78  T 0   2.595e+06   9e-06  0.94  8.0e-02  2.2e-03  6.7e-02  8.7e-01  1.8e-01  1.6e-03  1.9e-01
  79  F 0   2.595e+06   9e-06  0.94  5.6e-02  2.2e-03  0.0e+00  0.0e+00  1.8e-01  1.8e-03  1.8e-01
  79  T 1   2.583e+06   0e+00  0.94  6.7e-02  2.1e-03  5.6e-02  7.6e-01  1.8e-01  1.6e-03  1.8e-01
  80  F 0   2.583e+06   0e+00  0.94  4.7e-02  2.1e-03  0.0e+00  0.0e+00  1.8e-01  1.6e-03  1.8e-01
  80  T 1   2.569e+06   4e-06  0.94  5.6e-02  1.9e-03  4.7e-02  6.2e-01  2.2e-01  1.4e-03  2.2e-01
  81  F 0   2.569e+06   4e-06  0.94  3.9e-02  1.9e-03  0.0e+00  0.0e+00  1.8e-01  1.6e-03  1.9e-01
  81  T 1   2.558e+06  -3e-06  0.94  4.7e-02  1.6e-03  3.9e-02  5.1e-01  1.9e-01  1.6e-03  1.9e-01
  82  T 0   2.537e+06   2e-07  0.95  5.7e-02  5.8e-04  4.7e-02  6.0e-01  1.9e-01  1.5e-03  1.9e-01
  83  T 0   2.515e+06   3e-07  0.95  6.8e-02  6.4e-04  5.7e-02  7.0e-01  1.9e-01  1.6e-03  1.9e-01
  84  T 0   2.492e+06  -3e-05  0.95  8.2e-02  1.0e-03  6.8e-02  7.7e-01  1.9e-01  1.8e-03  1.9e-01
  85  F 0   2.492e+06  -3e-05  0.95  5.7e-02  1.0e-03  0.0e+00  0.0e+00  1.9e-01  1.8e-03  1.9e-01
  85  T 1   2.483e+06  -1e-06  0.95  6.9e-02  1.3e-03  5.7e-02  6.2e-01  1.9e-01  1.6e-03  1.9e-01
  86  T 0   2.478e+06   8e-06  0.96  8.2e-02  8.5e-04  6.9e-02  7.3e-01  1.9e-01  1.6e-03  1.9e-01
  87  F 0   2.478e+06   8e-06  0.96  5.8e-02  8.5e-04  0.0e+00  0.0e+00  1.9e-01  1.8e-03  1.9e-01
  87  F 1   2.478e+06   8e-06  0.96  4.0e-02  8.5e-04  0.0e+00  0.0e+00  1.9e-01  1.8e-03  1.9e-01
  87  T 2   2.470e+06   1e-05  0.95  4.8e-02  6.3e-04  4.0e-02  4.6e-01  1.9e-01  1.8e-03  2.0e-01
  88  T 0   2.455e+06   0e+00  0.96  5.8e-02  8.0e-04  4.8e-02  5.1e-01  1.9e-01  2.0e-03  1.9e-01
  89  T 0   2.447e+06   2e-07  0.96  7.0e-02  1.4e-03  5.8e-02  5.5e-01  1.9e-01  1.8e-03  1.9e-01
  90  T 0   2.443e+06  -1e-06  0.96  8.4e-02  2.1e-03  7.0e-02  6.1e-01  1.9e-01  1.5e-03  1.9e-01
  91  F 0   2.443e+06  -1e-06  0.96  5.9e-02  2.1e-03  0.0e+00  0.0e+00  1.9e-01  1.8e-03  1.9e-01
  91  T 1   2.440e+06  -5e-06  0.96  7.0e-02  1.5e-03  5.9e-02  5.7e-01  1.8e-01  1.4e-03  1.8e-01
  92  F 0   2.440e+06  -5e-06  0.96  4.9e-02  1.5e-03  0.0e+00  0.0e+00  1.9e-01  2.0e-03  1.9e-01
  92  T 1   2.434e+06   5e-07  0.96  5.9e-02  1.0e-03  4.9e-02  4.7e-01  1.8e-01  1.6e-03  1.8e-01
  93  T 0   2.431e+06   4e-06  0.96  7.1e-02  7.2e-04  5.9e-02  5.2e-01  1.9e-01  1.7e-03  1.9e-01
  94  F 0   2.431e+06   4e-06  0.96  5.0e-02  7.2e-04  0.0e+00  0.0e+00  2.1e-01  1.8e-03  2.1e-01
  94  T 1   2.426e+06  -1e-06  0.97  6.0e-02  4.9e-04  5.0e-02  4.4e-01  2.0e-01  1.5e-03  2.0e-01
  95  T 0   2.424e+06   8e-06  0.97  7.1e-02  1.7e-04  6.0e-02  4.8e-01  2.0e-01  1.7e-03  2.0e-01
  96  F 0   2.424e+06   8e-06  0.97  5.0e-02  1.7e-04  0.0e+00  0.0e+00  2.0e-01  1.7e-03  2.0e-01
  96  T 1   2.421e+06  -3e-06  0.97  6.0e-02  1.5e-04  5.0e-02  4.1e-01  2.0e-01  1.5e-03  2.0e-01
  97  T 0   2.416e+06  -3e-07  0.97  7.2e-02  1.5e-04  6.0e-02  4.6e-01  2.1e-01  1.7e-03  2.2e-01
  98  T 0   2.410e+06  -1e-07  0.97  8.6e-02  1.4e-04  7.2e-02  5.1e-01  2.0e-01  1.7e-03  2.0e-01
  99  T 0   2.408e+06  -6e-06  0.97  1.0e-01  1.8e-04  8.6e-02  5.9e-01  2.0e-01  1.7e-03  2.0e-01
 100  F 0   2.408e+06  -6e-06  0.97  7.3e-02  1.8e-04  0.0e+00  0.0e+00  2.0e-01  1.7e-03  2.0e-01
 100  T 1   2.406e+06  -8e-08  0.97  8.7e-02  3.7e-04  7.3e-02  5.4e-01  2.1e-01  1.5e-03  2.1e-01
 101  F 0   2.406e+06  -8e-08  0.97  6.1e-02  3.7e-04  0.0e+00  0.0e+00  2.1e-01  1.9e-03  2.1e-01
 101  T 1   2.405e+06   2e-06  0.97  7.3e-02  5.2e-04  6.1e-02  4.7e-01  2.0e-01  1.7e-03  2.0e-01
 102  T 0   2.404e+06   2e-06  0.97  8.8e-02  7.3e-04  7.3e-02  5.5e-01  2.0e-01  1.9e-03  2.0e-01
 103  F 0   2.404e+06   2e-06  0.97  6.1e-02  7.3e-04  0.0e+00  0.0e+00  2.3e-01  3.1e-02  2.7e-01
 103  T 1   2.401e+06  -1e-07  0.97  7.4e-02  8.8e-04  6.1e-02  4.8e-01  2.1e-01  1.7e-03  2.1e-01
 104  F 0   2.401e+06  -1e-07  0.97  5.2e-02  8.8e-04  0.0e+00  0.0e+00  2.0e-01  2.6e-03  2.0e-01
 104  T 1   2.399e+06   7e-06  0.97  6.2e-02  1.1e-03  5.2e-02  3.9e-01  2.0e-01  1.5e-03  2.0e-01
 105  T 0   2.397e+06   4e-06  0.98  7.4e-02  1.3e-03  6.2e-02  4.2e-01  2.0e-01  1.7e-03  2.0e-01
 106  T 0   2.396e+06  -1e-06  0.98  8.9e-02  3.0e-04  7.4e-02  4.7e-01  2.0e-01  1.9e-03  2.0e-01
 107  F 0   2.396e+06  -1e-06  0.98  6.2e-02  3.0e-04  0.0e+00  0.0e+00  2.0e-01  1.7e-03  2.0e-01
 107  T 1   2.394e+06   3e-06  0.98  7.5e-02  3.3e-04  6.2e-02  4.3e-01  2.1e-01  1.5e-03  2.1e-01
 108  F 0   2.394e+06   3e-06  0.98  5.2e-02  3.3e-04  0.0e+00  0.0e+00  2.0e-01  1.9e-03  2.0e-01
 108  T 1   2.393e+06   1e-07  0.98  6.3e-02  2.7e-04  5.2e-02  3.5e-01  2.0e-01  1.7e-03  2.1e-01
 109  T 0   2.391e+06   6e-06  0.98  7.6e-02  2.3e-04  6.3e-02  3.9e-01  2.0e-01  1.5e-03  2.0e-01
 110  F 0   2.391e+06   6e-06  0.98  5.3e-02  2.3e-04  0.0e+00  0.0e+00  2.0e-01  1.9e-03  2.1e-01
 110  T 1   2.390e+06  -5e-06  0.98  6.3e-02  2.1e-04  5.3e-02  3.2e-01  2.0e-01  1.5e-03  2.0e-01
 111  T 0   2.390e+06   1e-06  0.98  7.6e-02  2.0e-04  6.3e-02  3.7e-01  2.1e-01  1.6e-03  2.1e-01
 112  F 0   2.390e+06   1e-06  0.98  5.3e-02  2.0e-04  0.0e+00  0.0e+00  2.0e-01  1.9e-03  2.1e-01
 112  T 1   2.389e+06   3e-06  0.98  6.4e-02  9.1e-05  5.3e-02  3.2e-01  2.1e-01  1.5e-03  2.1e-01
 113  F 0   2.389e+06   3e-06  0.98  4.5e-02  9.1e-05  0.0e+00  0.0e+00  2.1e-01  1.4e-03  2.1e-01
 113  T 1   2.388e+06  -2e-06  0.98  5.4e-02  5.9e-05  4.5e-02  2.6e-01  2.0e-01  1.7e-03  2.0e-01
 114  T 0   2.387e+06  -3e-07  0.98  6.4e-02  8.0e-05  5.4e-02  2.5e-01  2.0e-01  1.9e-03  2.0e-01
 115  T 0   2.387e+06  -1e-06  0.98  7.7e-02  6.7e-05  6.4e-02  3.3e-01  2.0e-01  1.7e-03  2.0e-01
 116  F 0   2.387e+06  -1e-06  0.98  5.4e-02  6.7e-05  0.0e+00  0.0e+00  2.0e-01  1.7e-03  2.0e-01
 116  T 1   2.386e+06   7e-06  0.98  6.5e-02  6.6e-05  5.4e-02  2.9e-01  2.1e-01  1.2e-03  2.1e-01
 117  F 0   2.386e+06   7e-06  0.98  4.6e-02  6.6e-05  0.0e+00  0.0e+00  2.1e-01  1.7e-03  2.2e-01
 117  T 1   2.386e+06   8e-06  0.98  5.5e-02  5.7e-05  4.6e-02  2.5e-01  2.0e-01  1.5e-03  2.1e-01
 118  T 0   2.386e+06  -1e-05  0.98  6.6e-02  6.3e-05  5.5e-02  2.6e-01  2.2e-01  1.7e-03  2.2e-01
 119  F 0   2.386e+06  -1e-05  0.98  4.6e-02  6.3e-05  0.0e+00  0.0e+00  2.1e-01  1.8e-03  2.1e-01
 119  T 1   2.385e+06  -7e-07  0.98  5.5e-02  5.2e-05  4.6e-02  2.4e-01  2.0e-01  1.7e-03  2.1e-01
 120  T 0   2.384e+06  -1e-06  0.98  6.6e-02  5.9e-05  5.5e-02  2.4e-01  2.1e-01  1.7e-03  2.1e-01
 121  F 0   2.384e+06  -1e-06  0.98  4.6e-02  5.9e-05  0.0e+00  0.0e+00  2.0e-01  1.6e-03  2.0e-01
 121  T 1   2.384e+06   0e+00  0.98  5.5e-02  4.9e-05  4.6e-02  2.4e-01  2.1e-01  1.7e-03  2.2e-01
 122  T 0   2.384e+06   9e-06  0.99  6.7e-02  4.9e-05  5.5e-02  2.3e-01  2.3e-01  1.6e-03  2.3e-01
 123  F 0   2.384e+06   9e-06  0.99  4.7e-02  4.9e-05  0.0e+00  0.0e+00  2.3e-01  1.8e-03  2.3e-01
 123  T 1   2.383e+06   1e-06  0.98  5.6e-02  5.0e-05  4.7e-02  2.2e-01  2.3e-01  1.7e-03  2.3e-01
 124  T 0   2.383e+06   7e-07  0.99  6.7e-02  4.7e-05  5.6e-02  2.2e-01  2.1e-01  1.6e-03  2.2e-01
 125  F 0   2.383e+06   7e-07  0.99  4.7e-02  4.7e-05  0.0e+00  0.0e+00  2.0e-01  1.8e-03  2.1e-01
 125  T 1   2.383e+06   1e-12  0.98  5.6e-02  4.8e-05  4.7e-02  2.1e-01  2.1e-01  1.7e-03  2.2e-01
 126  T 0   2.383e+06  -8e-06  0.99  6.8e-02  3.4e-05  5.6e-02  2.2e-01  2.0e-01  1.5e-03  2.0e-01
 127  F 0   2.383e+06  -8e-06  0.99  4.7e-02  3.4e-05  0.0e+00  0.0e+00  2.1e-01  1.6e-03  2.1e-01
 127  T 1   2.383e+06  -9e-06  0.99  5.7e-02  4.7e-05  4.7e-02  2.1e-01  2.2e-01  1.5e-03  2.2e-01
 128  T 0   2.383e+06   4e-07  0.99  6.8e-02  3.4e-05  5.7e-02  2.2e-01  2.0e-01  1.7e-03  2.1e-01
 129  F 0   2.383e+06   4e-07  0.99  4.8e-02  3.4e-05  0.0e+00  0.0e+00  2.1e-01  1.9e-03  2.1e-01
 129  T 1   2.383e+06  -4e-06  0.99  5.7e-02  4.6e-05  4.8e-02  2.1e-01  2.1e-01  1.5e-03  2.2e-01
 130  T 0   2.383e+06   7e-06  0.99  6.9e-02  3.4e-05  5.7e-02  2.1e-01  2.0e-01  1.7e-03  2.1e-01
 131  F 0   2.383e+06   7e-06  0.99  4.8e-02  3.4e-05  0.0e+00  0.0e+00  2.0e-01  1.9e-03  2.0e-01
 131  T 1   2.382e+06  -3e-06  0.99  5.8e-02  4.5e-05  4.8e-02  2.1e-01  3.1e-01  1.5e-03  3.1e-01
 132  T 0   2.382e+06   5e-06  0.99  6.9e-02  3.4e-05  5.8e-02  2.1e-01  2.0e-01  1.7e-03  2.0e-01
 133  F 0   2.382e+06   5e-06  0.99  4.8e-02  3.4e-05  0.0e+00  0.0e+00  2.0e-01  1.9e-03  2.0e-01
 133  T 1   2.382e+06   8e-13  0.99  5.8e-02  4.3e-05  4.8e-02  2.1e-01  2.0e-01  1.7e-03  2.1e-01
 134  T 0   2.382e+06   3e-06  0.99  7.0e-02  3.4e-05  5.8e-02  2.1e-01  2.1e-01  1.8e-03  2.1e-01
 135  F 0   2.382e+06   3e-06  0.99  4.9e-02  3.4e-05  0.0e+00  0.0e+00  2.1e-01  1.7e-03  2.1e-01
 135  T 1   2.382e+06   3e-12  0.99  5.9e-02  4.2e-05  4.9e-02  2.1e-01  2.0e-01  1.7e-03  2.0e-01
 136  T 0   2.382e+06   5e-07  0.99  7.0e-02  3.5e-05  5.9e-02  2.2e-01  2.0e-01  1.7e-03  2.1e-01
 137  F 0   2.382e+06   5e-07  0.99  4.9e-02  3.5e-05  0.0e+00  0.0e+00  2.4e-01  1.7e-03  2.4e-01
 137  T 1   2.382e+06  -6e-06  0.99  5.9e-02  4.0e-05  4.9e-02  2.1e-01  2.1e-01  1.5e-03  2.1e-01
 138  F 0   2.382e+06  -6e-06  0.99  4.1e-02  4.0e-05  0.0e+00  0.0e+00  2.0e-01  1.7e-03  2.1e-01
 138  T 1   2.382e+06  -3e-06  0.99  5.0e-02  3.0e-05  4.1e-02  1.8e-01  2.1e-01  1.5e-03  2.1e-01
 139  F 0   2.382e+06  -3e-06  0.99  3.5e-02  3.0e-05  0.0e+00  0.0e+00  2.0e-01  1.6e-03  2.0e-01
 139  T 1   2.382e+06  -4e-06  0.99  4.2e-02  3.0e-05  3.5e-02  1.4e-01  2.0e-01  1.5e-03  2.1e-01
 140  T 0   2.382e+06  -2e-16  0.99  5.0e-02  3.0e-05  4.2e-02  1.2e-01  2.0e-01  1.7e-03  2.1e-01
 141  F 0   2.382e+06  -2e-16  0.99  3.5e-02  3.0e-05  0.0e+00  0.0e+00  2.2e-01  1.4e-03  2.2e-01
 141  T 1   2.382e+06  -2e-07  0.99  4.2e-02  2.8e-05  3.5e-02  1.4e-01  2.1e-01  1.5e-03  2.1e-01
 142  T 0   2.381e+06   1e-06  0.99  5.0e-02  2.2e-05  4.2e-02  1.4e-01  2.0e-01  1.6e-03  2.1e-01
 143  F 0   2.381e+06   1e-06  0.99  3.5e-02  2.2e-05  0.0e+00  0.0e+00  2.1e-01  1.8e-03  2.1e-01
 143  T 1   2.381e+06  -1e-05  0.99  4.2e-02  2.9e-05  3.5e-02  1.5e-01  2.0e-01  1.2e-03  2.0e-01
 144  T 0   2.381e+06  -5e-06  0.99  5.1e-02  2.3e-05  4.2e-02  1.5e-01  2.1e-01  1.5e-03  2.1e-01
 145  F 0   2.381e+06  -5e-06  0.99  3.6e-02  2.3e-05  0.0e+00  0.0e+00  2.0e-01  1.7e-03  2.1e-01
 145  T 1   2.381e+06  -9e-06  0.99  4.3e-02  2.9e-05  3.6e-02  1.5e-01  2.0e-01  1.3e-03  2.0e-01
 146  T 0   2.381e+06   7e-06  0.99  5.1e-02  2.4e-05  4.3e-02  1.6e-01  2.2e-01  1.4e-03  2.2e-01
 147  F 0   2.381e+06   7e-06  0.99  3.6e-02  2.4e-05  0.0e+00  0.0e+00  2.1e-01  1.8e-03  2.1e-01
 147  T 1   2.381e+06   2e-05  0.99  4.3e-02  2.9e-05  3.6e-02  1.6e-01  2.1e-01  1.3e-03  2.1e-01
 148  T 0   2.381e+06   8e-06  0.99  5.2e-02  2.5e-05  4.3e-02  1.7e-01  2.0e-01  1.4e-03  2.0e-01
 149  F 0   2.381e+06   8e-06  0.99  3.6e-02  2.5e-05  0.0e+00  0.0e+00  2.0e-01  1.8e-03  2.1e-01
 149  T 1   2.381e+06   1e-05  0.99  4.3e-02  2.7e-05  3.6e-02  1.6e-01  2.0e-01  1.0e-03  2.0e-01
 150  T 0   2.381e+06   7e-06  0.99  5.2e-02  2.6e-05  4.3e-02  1.7e-01  2.1e-01  1.4e-03  2.1e-01
 151  F 0   2.381e+06   7e-06  0.99  3.6e-02  2.6e-05  0.0e+00  0.0e+00  2.1e-01  1.6e-03  2.1e-01
 151  T 1   2.381e+06   3e-06  0.99  4.4e-02  2.6e-05  3.6e-02  1.6e-01  2.1e-01  1.0e-03  2.2e-01
 152  T 0   2.380e+06   4e-06  0.99  5.3e-02  2.7e-05  4.4e-02  1.7e-01  2.1e-01  1.4e-03  2.1e-01
 153  F 0   2.380e+06   4e-06  0.99  3.7e-02  2.7e-05  0.0e+00  0.0e+00  2.0e-01  1.7e-03  2.0e-01
 153  T 1   2.380e+06  -9e-06  0.99  4.4e-02  3.5e-05  3.7e-02  1.6e-01  2.0e-01  1.2e-03  2.0e-01
 154  T 0   2.380e+06   5e-06  0.99  5.3e-02  4.3e-05  4.4e-02  1.7e-01  2.0e-01  1.4e-03  2.0e-01
 155  F 0   2.380e+06   5e-06  0.99  3.7e-02  4.3e-05  0.0e+00  0.0e+00  2.1e-01  1.9e-03  2.1e-01
 155  T 1   2.380e+06  -2e-05  0.99  4.4e-02  5.1e-05  3.7e-02  1.7e-01  2.0e-01  1.3e-03  2.1e-01
 156  T 0   2.380e+06  -4e-06  0.99  5.3e-02  5.8e-05  4.4e-02  1.7e-01  2.1e-01  1.2e-03  2.1e-01
 157  F 0   2.380e+06  -4e-06  0.99  3.7e-02  5.8e-05  0.0e+00  0.0e+00  2.0e-01  2.0e-03  2.0e-01
 157  T 1   2.380e+06  -2e-05  0.99  4.5e-02  6.5e-05  3.7e-02  1.6e-01  2.0e-01  9.7e-04  2.0e-01
 158  T 0   2.380e+06   5e-06  0.99  5.4e-02  7.0e-05  4.5e-02  1.7e-01  2.1e-01  1.2e-03  2.1e-01
 159  F 0   2.380e+06   5e-06  0.99  3.8e-02  7.0e-05  0.0e+00  0.0e+00  2.1e-01  1.9e-03  2.2e-01
 159  T 1   2.379e+06  -2e-05  0.99  4.5e-02  7.5e-05  3.8e-02  1.7e-01  2.1e-01  1.3e-03  2.1e-01
 160  T 0   2.379e+06   7e-06  0.99  5.4e-02  7.9e-05  4.5e-02  1.7e-01  2.0e-01  1.2e-03  2.0e-01
 161  F 0   2.379e+06   7e-06  0.99  3.8e-02  7.9e-05  0.0e+00  0.0e+00  2.4e-01  1.6e-03  2.4e-01
 161  T 1   2.379e+06   0e+00  0.99  4.6e-02  8.5e-05  3.8e-02  1.7e-01  2.1e-01  1.5e-03  2.1e-01
 162  T 0   2.379e+06  -9e-06  0.99  5.5e-02  9.0e-05  4.6e-02  1.7e-01  2.1e-01  1.5e-03  2.1e-01
 163  F 0   2.379e+06  -9e-06  0.99  3.8e-02  9.0e-05  0.0e+00  0.0e+00  2.0e-01  1.9e-03  2.0e-01
 163  T 1   2.379e+06   8e-07  0.99  4.6e-02  2.1e-05  3.8e-02  1.7e-01  2.0e-01  1.7e-03  2.0e-01
 164  T 0   2.379e+06  -6e-06  0.99  5.5e-02  3.5e-05  4.6e-02  1.7e-01  2.1e-01  1.6e-03  2.1e-01
 165  F 0   2.379e+06  -6e-06  0.99  3.9e-02  3.5e-05  0.0e+00  0.0e+00  2.1e-01  1.7e-03  2.1e-01
 165  T 1   2.379e+06   4e-06  0.99  4.6e-02  2.2e-05  3.9e-02  1.6e-01  2.0e-01  1.5e-03  2.0e-01
 166  T 0   2.379e+06   0e+00  0.99  5.6e-02  1.8e-05  4.6e-02  1.6e-01  3.1e-01  1.9e-03  3.2e-01
 167  F 0   2.379e+06   0e+00  0.99  3.9e-02  1.8e-05  0.0e+00  0.0e+00  2.7e-01  1.7e-03  2.8e-01
 167  T 1   2.379e+06   3e-06  0.99  4.7e-02  2.3e-05  3.9e-02  1.6e-01  2.1e-01  1.6e-03  2.2e-01
 168  T 0   2.379e+06  -5e-06  0.99  5.6e-02  1.9e-05  4.7e-02  1.6e-01  2.0e-01  1.7e-03  2.0e-01
 169  F 0   2.379e+06  -5e-06  0.99  3.9e-02  1.9e-05  0.0e+00  0.0e+00  2.0e-01  1.7e-03  2.1e-01
 169  T 1   2.379e+06  -2e-16  0.99  4.7e-02  2.4e-05  3.9e-02  1.5e-01  2.0e-01  1.5e-03  2.0e-01
 170  T 0   2.379e+06   4e-16  0.99  5.6e-02  2.9e-05  4.7e-02  1.5e-01  2.0e-01  1.7e-03  2.0e-01
 171  F 0   2.379e+06   4e-16  0.99  3.9e-02  2.9e-05  0.0e+00  0.0e+00  2.0e-01  1.7e-03  2.0e-01
 171  T 1   2.378e+06  -3e-06  0.99  4.7e-02  3.7e-05  3.9e-02  1.5e-01  2.1e-01  1.8e-03  2.1e-01
 172  T 0   2.378e+06  -7e-07  0.99  5.7e-02  3.7e-05  4.7e-02  1.5e-01  2.2e-01  1.7e-03  2.2e-01
 173  F 0   2.378e+06  -7e-07  0.99  4.0e-02  3.7e-05  0.0e+00  0.0e+00  2.0e-01  1.8e-03  2.0e-01
 173  T 1   2.378e+06  -4e-06  0.99  4.8e-02  3.8e-05  4.0e-02  1.5e-01  2.1e-01  1.7e-03  2.1e-01
 174  T 0   2.378e+06  -2e-06  0.99  5.7e-02  3.6e-05  4.8e-02  1.5e-01  2.0e-01  1.7e-03  2.1e-01
 175  F 0   2.378e+06  -2e-06  0.99  4.0e-02  3.6e-05  0.0e+00  0.0e+00  2.0e-01  1.8e-03  2.1e-01
 175  T 1   2.378e+06  -4e-06  0.99  4.8e-02  3.9e-05  4.0e-02  1.5e-01  2.0e-01  1.7e-03  2.1e-01
 176  T 0   2.378e+06  -3e-06  0.99  5.8e-02  3.7e-05  4.8e-02  1.5e-01  2.3e-01  1.7e-03  2.3e-01
 177  F 0   2.378e+06  -3e-06  0.99  4.0e-02  3.7e-05  0.0e+00  0.0e+00  2.3e-01  1.5e-03  2.3e-01
 177  T 1   2.378e+06  -5e-06  0.99  4.9e-02  4.0e-05  4.0e-02  1.6e-01  2.2e-01  1.7e-03  2.2e-01
 178  T 0   2.378e+06  -5e-06  0.99  5.8e-02  3.9e-05  4.9e-02  1.5e-01  2.0e-01  1.6e-03  2.0e-01
 179  F 0   2.378e+06  -5e-06  0.99  4.1e-02  3.9e-05  0.0e+00  0.0e+00  2.3e-01  1.7e-03  2.4e-01
 179  T 1   2.378e+06   7e-06  0.99  4.9e-02  4.2e-05  4.1e-02  1.6e-01  2.0e-01  1.5e-03  2.0e-01
 180  T 0   2.378e+06  -7e-06  0.99  5.9e-02  4.2e-05  4.9e-02  1.6e-01  2.7e-01  1.8e-03  2.7e-01
 181  F 0   2.378e+06  -7e-06  0.99  4.1e-02  4.2e-05  0.0e+00  0.0e+00  2.0e-01  2.0e-03  2.0e-01
 181  T 1   2.378e+06  -6e-06  0.99  4.9e-02  4.4e-05  4.1e-02  1.7e-01  2.1e-01  1.5e-03  2.1e-01
 182  T 0   2.378e+06  -3e-06  0.99  5.9e-02  4.4e-05  4.9e-02  1.6e-01  2.1e-01  1.7e-03  2.1e-01
 183  F 0   2.378e+06  -3e-06  0.99  4.1e-02  4.4e-05  0.0e+00  0.0e+00  2.1e-01  1.9e-03  2.1e-01
 183  T 1   2.378e+06  -2e-11  0.99  5.0e-02  2.7e-05  4.1e-02  1.7e-01  2.1e-01  1.5e-03  2.1e-01
 184  T 0   2.378e+06  -3e-06  0.99  6.0e-02  3.9e-05  5.0e-02  1.6e-01  2.0e-01  1.6e-03  2.1e-01
 185  F 0   2.378e+06  -3e-06  0.99  4.2e-02  3.9e-05  0.0e+00  0.0e+00  2.1e-01  1.9e-03  2.1e-01
 185  F 1   2.378e+06  -3e-06  0.99  2.9e-02  3.9e-05  0.0e+00  0.0e+00  2.1e-01  1.7e-03  2.1e-01
 185  T 2   2.378e+06  -2e-06  0.99  3.5e-02  2.3e-05  2.9e-02  1.2e-01  2.1e-01  1.7e-03  2.1e-01
 186  T 0   2.377e+06   6e-06  0.99  4.2e-02  3.1e-05  3.5e-02  9.7e-02  2.2e-01  1.4e-03  2.2e-01
 187  T 0   2.377e+06  -7e-13  0.99  5.1e-02  1.7e-05  4.2e-02  1.2e-01  2.0e-01  1.8e-03  2.0e-01
 188  T 0   2.377e+06   2e-07  0.99  6.1e-02  2.8e-05  5.1e-02  1.3e-01  2.3e-01  1.7e-03  2.3e-01
 189  F 0   2.377e+06   2e-07  0.99  4.2e-02  2.8e-05  0.0e+00  0.0e+00  2.4e-01  1.5e-03  2.4e-01
 189  F 1   2.377e+06   2e-07  0.99  3.0e-02  2.8e-05  0.0e+00  0.0e+00  2.3e-01  1.7e-03  2.3e-01
 189  T 2   2.377e+06  -5e-06  0.99  3.6e-02  1.7e-05  3.0e-02  1.2e-01  2.3e-01  1.5e-03  2.3e-01
 190  T 0   2.377e+06  -2e-07  0.99  4.3e-02  2.4e-05  3.6e-02  1.0e-01  2.3e-01  1.8e-03  2.3e-01
 191  F 0   2.377e+06  -2e-07  0.99  3.0e-02  2.4e-05  0.0e+00  0.0e+00  2.4e-01  1.7e-03  2.4e-01
 191  T 1   2.377e+06   5e-06  0.99  3.6e-02  1.5e-05  3.0e-02  9.8e-02  2.5e-01  1.6e-03  2.5e-01
 192  T 0   2.377e+06   2e-16  0.99  4.3e-02  2.3e-05  3.6e-02  9.7e-02  2.5e-01  1.7e-03  2.6e-01
 193  F 0   2.377e+06   2e-16  0.99  3.0e-02  2.3e-05  0.0e+00  0.0e+00  2.3e-01  1.8e-03  2.3e-01
 193  T 1   2.377e+06   2e-06  0.99  3.6e-02  1.4e-05  3.0e-02  9.7e-02  2.3e-01  1.5e-03  2.3e-01
 194  T 0   2.377e+06  -2e-16  0.99  4.3e-02  2.3e-05  3.6e-02  9.6e-02  2.3e-01  1.7e-03  2.3e-01
 195  F 0   2.377e+06  -2e-16  0.99  3.0e-02  2.3e-05  0.0e+00  0.0e+00  2.0e-01  1.8e-03  2.0e-01
 195  F 1   2.377e+06  -2e-16  0.99  2.1e-02  2.3e-05  0.0e+00  0.0e+00  2.1e-01  1.4e-03  2.1e-01
 195  T 2   2.377e+06   8e-07  0.99  2.6e-02  1.4e-05  2.1e-02  8.0e-02  2.1e-01  1.8e-03  2.1e-01
 196  T 0   2.377e+06   2e-06  0.99  3.1e-02  1.6e-05  2.6e-02  7.1e-02  2.0e-01  1.7e-03  2.0e-01
 197  T 0   2.377e+06  -3e-06  0.99  3.7e-02  1.5e-05  3.1e-02  6.9e-02  2.0e-01  1.7e-03  2.0e-01
 198  T 0   2.377e+06   5e-07  0.99  4.4e-02  1.7e-05  3.7e-02  7.5e-02  2.0e-01  1.5e-03  2.0e-01
 199  T 0   2.377e+06  -2e-16  0.99  5.3e-02  1.6e-05  4.4e-02  8.3e-02  2.2e-01  1.7e-03  2.3e-01
 200  T 0   2.377e+06  -4e-06  0.99  6.4e-02  1.9e-05  5.3e-02  1.0e-01  2.0e-01  1.6e-03  2.0e-01
 201  F 0   2.377e+06  -4e-06  0.99  4.5e-02  1.9e-05  0.0e+00  0.0e+00  2.0e-01  1.7e-03  2.0e-01
 201  F 1   2.377e+06  -4e-06  0.99  3.1e-02  1.9e-05  0.0e+00  0.0e+00  2.3e-01  1.5e-03  2.3e-01
 201  F 2   2.377e+06  -4e-06  0.99  2.2e-02  1.9e-05  0.0e+00  0.0e+00  2.8e-01  1.5e-03  2.8e-01
 201  T 3   2.377e+06   6e-06  0.99  2.6e-02  1.2e-05  2.2e-02  8.6e-02  2.7e-01  1.5e-03  2.7e-01
 202  T 0   2.377e+06  -2e-07  0.99  3.1e-02  1.5e-05  2.6e-02  7.4e-02  2.6e-01  1.8e-03  2.6e-01
 203  T 0   2.377e+06  -6e-06  0.99  3.8e-02  1.1e-05  3.1e-02  7.7e-02  2.2e-01  1.7e-03  2.2e-01
 204  T 0   2.377e+06   9e-06  0.99  4.5e-02  1.6e-05  3.8e-02  8.4e-02  2.0e-01  1.4e-03  2.1e-01
 205  F 0   2.377e+06   9e-06  0.99  3.2e-02  1.6e-05  0.0e+00  0.0e+00  2.3e-01  1.6e-03  2.3e-01
 205  F 1   2.377e+06   9e-06  0.99  2.2e-02  1.6e-05  0.0e+00  0.0e+00  2.0e-01  1.5e-03  2.0e-01
 205  T 2   2.377e+06   8e-06  0.99  2.7e-02  1.0e-05  2.2e-02  7.8e-02  2.1e-01  1.5e-03  2.1e-01
 206  T 0   2.377e+06  -7e-07  0.99  3.2e-02  7.8e-06  2.7e-02  7.2e-02  2.1e-01  1.7e-03  2.1e-01
 207  T 0   2.377e+06  -3e-06  0.99  3.8e-02  5.8e-06  3.2e-02  7.1e-02  2.1e-01  1.6e-03  2.1e-01
 208  T 0   2.377e+06   6e-06  0.99  4.6e-02  9.3e-06  3.8e-02  8.4e-02  2.2e-01  1.7e-03  2.2e-01
 209  F 0   2.377e+06   6e-06  0.99  3.2e-02  9.3e-06  0.0e+00  0.0e+00  2.0e-01  1.7e-03  2.0e-01
 209  F 1   2.377e+06   6e-06  0.99  2.3e-02  9.3e-06  0.0e+00  0.0e+00  2.1e-01  1.5e-03  2.1e-01
 209  T 2   2.377e+06   4e-05  0.99  2.7e-02  1.1e-05  2.3e-02  7.9e-02  2.0e-01  1.5e-03  2.0e-01
 210  F 0   2.377e+06   4e-05  0.99  1.9e-02  1.1e-05  0.0e+00  0.0e+00  2.0e-01  1.7e-03  2.1e-01
 210  T 1   2.377e+06   6e-06  0.99  2.3e-02  7.1e-06  1.9e-02  6.5e-02  2.0e-01  1.9e-03  2.0e-01
 211  F 0   2.377e+06   6e-06  0.99  1.6e-02  7.1e-06  0.0e+00  0.0e+00  2.0e-01  1.7e-03  2.0e-01
 211  T 1   2.377e+06   5e-06  0.99  1.9e-02  5.8e-06  1.6e-02  5.0e-02  2.1e-01  1.5e-03  2.1e-01
 212  T 0   2.377e+06   8e-06  0.99  2.3e-02  7.5e-06  1.9e-02  5.2e-02  2.1e-01  1.6e-03  2.1e-01
 213  F 0   2.377e+06   8e-06  0.99  1.6e-02  7.5e-06  0.0e+00  0.0e+00  2.0e-01  1.7e-03  2.0e-01
 213  F 1   2.377e+06   8e-06  0.99  1.1e-02  7.5e-06  0.0e+00  0.0e+00  2.0e-01  1.5e-03  2.0e-01
 213  T 2   2.377e+06   1e-06  0.99  1.3e-02  4.5e-06  1.1e-02  4.2e-02  2.0e-01  1.4e-03  2.0e-01
 214  T 0   2.377e+06   8e-06  0.99  1.6e-02  6.8e-06  1.3e-02  3.8e-02  2.0e-01  1.4e-03  2.1e-01
 215  F 0   2.377e+06   8e-06  0.99  1.1e-02  6.8e-06  0.0e+00  0.0e+00  2.1e-01  1.8e-03  2.1e-01
 215  T 1   2.377e+06  -2e-06  0.99  1.4e-02  5.2e-06  1.1e-02  3.1e-02  2.0e-01  1.5e-03  2.0e-01
 216  T 0   2.377e+06   3e-06  0.99  1.6e-02  7.1e-06  1.4e-02  3.3e-02  2.4e-01  1.5e-03  2.4e-01
 217  T 0   2.377e+06   7e-07  0.99  2.0e-02  4.8e-06  1.6e-02  3.7e-02  2.2e-01  1.7e-03  2.2e-01
 218  T 0   2.377e+06   2e-06  0.99  2.3e-02  7.9e-06  2.0e-02  4.7e-02  2.0e-01  1.5e-03  2.1e-01
 219  F 0   2.377e+06   2e-06  0.99  1.6e-02  7.9e-06  0.0e+00  0.0e+00  2.0e-01  1.7e-03  2.0e-01
 219  T 1   2.377e+06   1e-06  0.99  2.0e-02  4.1e-06  1.6e-02  5.2e-02  2.1e-01  1.3e-03  2.1e-01
 220  T 0   2.377e+06  -7e-07  0.99  2.4e-02  7.8e-06  2.0e-02  5.6e-02  2.1e-01  1.7e-03  2.2e-01
 221  F 0   2.377e+06  -7e-07  0.99  1.7e-02  7.8e-06  0.0e+00  0.0e+00  2.1e-01  1.8e-03  2.1e-01
 221  F 1   2.377e+06  -7e-07  0.99  1.2e-02  7.8e-06  0.0e+00  0.0e+00  2.1e-01  1.3e-03  2.1e-01
 221  T 2   2.377e+06  -3e-06  0.99  1.4e-02  4.8e-06  1.2e-02  4.4e-02  2.1e-01  1.5e-03  2.1e-01
 222  T 0   2.377e+06  -3e-06  0.99  1.7e-02  7.6e-06  1.4e-02  4.1e-02  2.0e-01  1.4e-03  2.0e-01
 223  T 0   2.377e+06   8e-06  0.99  2.0e-02  4.0e-06  1.7e-02  4.8e-02  2.0e-01  1.6e-03  2.0e-01
 224  T 0   2.377e+06  -3e-06  0.99  2.4e-02  8.1e-06  2.0e-02  5.6e-02  2.0e-01  1.5e-03  2.0e-01
 225  F 0   2.377e+06  -3e-06  0.99  1.7e-02  8.1e-06  0.0e+00  0.0e+00  2.2e-01  1.9e-03  2.2e-01
 225  T 1   2.377e+06   2e-06  0.99  2.0e-02  4.1e-06  1.7e-02  5.7e-02  2.0e-01  1.5e-03  2.1e-01
 226  T 0   2.377e+06   4e-06  0.99  2.4e-02  8.3e-06  2.0e-02  6.1e-02  2.0e-01  1.5e-03  2.0e-01
 227  T 0   2.377e+06   1e-05  0.99  2.9e-02  5.9e-06  2.4e-02  7.2e-02  2.4e-01  1.4e-03  2.4e-01
 228  T 0   2.377e+06   5e-06  0.99  3.5e-02  9.1e-06  2.9e-02  8.4e-02  2.0e-01  1.4e-03  2.1e-01
 229  F 0   2.377e+06   5e-06  0.99  2.4e-02  9.1e-06  0.0e+00  0.0e+00  2.0e-01  1.8e-03  2.0e-01
 229  F 1   2.377e+06   5e-06  0.99  1.7e-02  9.1e-06  0.0e+00  0.0e+00  2.0e-01  1.5e-03  2.1e-01
 229  T 2   2.376e+06   5e-06  0.99  2.0e-02  5.0e-06  1.7e-02  6.4e-02  2.0e-01  1.5e-03  2.0e-01
 230  F 0   2.376e+06   5e-06  0.99  1.4e-02  5.0e-06  0.0e+00  0.0e+00  2.1e-01  1.5e-03  2.1e-01
 230  F 1   2.376e+06   5e-06  0.99  1.0e-02  5.0e-06  0.0e+00  0.0e+00  2.1e-01  1.5e-03  2.1e-01
 230  T 2   2.376e+06  -4e-06  0.99  1.2e-02  7.0e-06  1.0e-02  3.9e-02  2.0e-01  1.9e-03  2.1e-01
 231  T 0   2.376e+06   3e-07  0.99  1.4e-02  5.1e-06  1.2e-02  3.1e-02  2.0e-01  1.6e-03  2.0e-01
 232  T 0   2.376e+06   4e-06  0.99  1.7e-02  8.1e-06  1.4e-02  3.7e-02  2.0e-01  1.3e-03  2.0e-01
 233  T 0   2.376e+06   5e-06  0.99  2.1e-02  4.2e-06  1.7e-02  5.0e-02  3.0e-01  1.6e-03  3.0e-01
 234  T 0   2.376e+06   5e-06  0.99  2.5e-02  8.8e-06  2.1e-02  6.2e-02  2.2e-01  1.5e-03  2.2e-01
 235  F 0   2.376e+06   5e-06  0.99  1.7e-02  8.8e-06  0.0e+00  0.0e+00  2.3e-01  1.7e-03  2.3e-01
 235  T 1   2.376e+06   3e-06  0.99  2.1e-02  4.5e-06  1.7e-02  6.1e-02  2.4e-01  1.5e-03  2.4e-01
 236  T 0   2.376e+06   5e-06  0.99  2.5e-02  9.3e-06  2.1e-02  6.7e-02  2.0e-01  1.6e-03  2.0e-01
 237  F 0   2.376e+06   5e-06  0.99  1.8e-02  9.3e-06  0.0e+00  0.0e+00  2.2e-01  1.6e-03  2.2e-01
 237  T 1   2.376e+06   3e-06  0.99  2.1e-02  4.9e-06  1.8e-02  6.4e-02  2.3e-01  1.5e-03  2.3e-01
 238  F 0   2.376e+06   3e-06  0.99  1.5e-02  4.9e-06  0.0e+00  0.0e+00  2.0e-01  1.5e-03  2.1e-01
 238  T 1   2.376e+06   5e-06  0.99  1.8e-02  8.6e-06  1.5e-02  5.7e-02  2.4e-01  1.5e-03  2.4e-01
 239  F 0   2.376e+06   5e-06  0.99  1.2e-02  8.6e-06  0.0e+00  0.0e+00  2.3e-01  1.6e-03  2.3e-01
 239  F 1   2.376e+06   5e-06  0.99  8.7e-03  8.6e-06  0.0e+00  0.0e+00  2.1e-01  1.2e-03  2.1e-01
 239  T 2   2.376e+06   5e-07  0.99  1.0e-02  6.1e-06  8.7e-03  3.5e-02  2.0e-01  1.0e-03  2.0e-01
Termination on Convergence criteria
Total number of system evaluations: 357
