   k  l     Obj         Vio    Bou   ML       |KKT|    |dX|     ||dX||   T_s      T_o      T_t
   0  T 0   6.103e+09   0e+00  0.00  2.0e-01  8.2e+02  1.0e+00  1.0e+00  3.3e-01  0.0e+00  0.0e+00
   1  T 0   3.113e+09  -5e-06  0.00  2.0e-01  8.4e-02  2.0e-01  8.6e+00  1.9e-01  4.9e-03  1.9e-01
   2  T 0   1.526e+09  -1e-02  0.00  2.0e-01  1.7e-02  2.0e-01  9.5e+00  1.8e-01  1.3e-03  1.9e-01
   3  T 0   8.428e+08  -9e-02  0.00  2.0e-01  4.6e-03  2.0e-01  9.4e+00  2.1e-01  1.1e-03  2.1e-01
   4  T 0   5.945e+08  -3e-01  0.00  2.0e-01  2.1e-03  2.0e-01  9.5e+00  1.9e-01  1.1e-03  1.9e-01
   5  T 0   4.394e+08  -2e-01  0.07  2.0e-01  1.6e-03  2.0e-01  1.0e+01  1.9e-01  1.1e-03  1.9e-01
   6  T 0   3.456e+08  -4e-01  0.06  2.0e-01  1.3e-03  2.0e-01  8.7e+00  2.4e-01  1.1e-03  2.4e-01
   7  T 0   2.948e+08  -2e-01  0.10  2.0e-01  2.2e-03  2.0e-01  9.0e+00  2.6e-01  1.1e-03  2.6e-01
   8  T 0   2.675e+08  -3e-01  0.16  2.0e-01  1.3e-03  2.0e-01  7.9e+00  1.9e-01  1.1e-03  1.9e-01
   9  T 0   2.461e+08  -1e-01  0.16  2.0e-01  2.5e-03  2.0e-01  8.2e+00  1.9e-01  1.1e-03  1.9e-01
  10  T 0   2.297e+08  -2e-01  0.22  2.0e-01  1.5e-03  2.0e-01  7.5e+00  1.9e-01  1.3e-03  1.9e-01
  11  T 0   2.259e+08  -5e-02  0.24  2.0e-01  1.0e-03  2.0e-01  7.7e+00  2.2e-01  1.1e-03  2.2e-01
  12  T 0   2.128e+08  -1e-01  0.27  2.0e-01  2.2e-03  2.0e-01  7.3e+00  2.0e-01  1.1e-03  2.0e-01
  13  F 0   2.128e+08  -1e-01  0.27  1.4e-01  2.2e-03  0.0e+00  0.0e+00  2.0e-01  1.1e-03  2.0e-01
  13  T 1   1.987e+08  -3e-02  0.31  1.7e-01  7.0e-04  1.4e-01  5.5e+00  1.9e-01  8.5e-04  1.9e-01
  14  T 0   1.957e+08  -9e-02  0.36  2.0e-01  1.7e-03  1.7e-01  5.9e+00  2.5e-01  1.1e-03  2.5e-01
  15  F 0   1.957e+08  -9e-02  0.36  1.4e-01  1.7e-03  0.0e+00  0.0e+00  2.2e-01  1.9e-03  2.3e-01
  15  T 1   1.873e+08  -5e-03  0.41  1.7e-01  9.2e-04  1.4e-01  5.1e+00  2.1e-01  8.8e-04  2.1e-01
  16  F 0   1.873e+08  -5e-03  0.41  1.2e-01  9.2e-04  0.0e+00  0.0e+00  2.0e-01  1.1e-03  2.0e-01
  16  T 1   1.826e+08  -5e-02  0.48  1.4e-01  2.0e-03  1.2e-01  4.3e+00  1.9e-01  8.7e-04  1.9e-01
  17  T 0   1.790e+08  -3e-06  0.50  1.7e-01  1.6e-03  1.4e-01  4.8e+00  2.0e-01  1.8e-03  2.0e-01
  18  F 0   1.790e+08  -3e-06  0.50  1.2e-01  1.6e-03  0.0e+00  0.0e+00  1.8e-01  1.3e-03  1.8e-01
  18  T 1   1.753e+08  -3e-02  0.57  1.4e-01  5.7e-04  1.2e-01  4.0e+00  1.9e-01  1.1e-03  1.9e-01
  19  T 0   1.719e+08   1e-07  0.61  1.7e-01  7.2e-04  1.4e-01  4.4e+00  2.0e-01  2.1e-03  2.0e-01
  20  F 0   1.719e+08   1e-07  0.61  1.2e-01  7.2e-04  0.0e+00  0.0e+00  1.8e-01  1.3e-03  1.9e-01
  20  T 1   1.692e+08  -2e-02  0.64  1.4e-01  9.5e-04  1.2e-01  3.9e+00  2.2e-01  1.1e-03  2.3e-01
  21  T 0   1.672e+08   6e-06  0.68  1.7e-01  6.3e-04  1.4e-01  4.2e+00  1.8e-01  2.2e-03  1.9e-01
  22  F 0   1.672e+08   6e-06  0.68  1.2e-01  6.3e-04  0.0e+00  0.0e+00  1.9e-01  1.3e-03  1.9e-01
  22  T 1   1.652e+08  -2e-02  0.70  1.4e-01  6.9e-04  1.2e-01  3.8e+00  1.9e-01  1.1e-03  1.9e-01
  23  T 0   1.647e+08   1e-07  0.75  1.7e-01  5.4e-04  1.4e-01  4.0e+00  1.9e-01  2.1e-03  2.0e-01
  24  F 0   1.647e+08   1e-07  0.75  1.2e-01  5.4e-04  0.0e+00  0.0e+00  2.4e-01  1.5e-03  2.4e-01
  24  T 1   1.622e+08  -1e-02  0.75  1.5e-01  5.7e-04  1.2e-01  3.7e+00  1.9e-01  1.1e-03  1.9e-01
  25  T 0   1.610e+08  -3e-07  0.79  1.7e-01  4.2e-04  1.5e-01  3.8e+00  1.8e-01  2.1e-03  1.9e-01
  26  F 0   1.610e+08  -3e-07  0.79  1.2e-01  4.2e-04  0.0e+00  0.0e+00  1.9e-01  1.3e-03  1.9e-01
  26  T 1   1.601e+08  -7e-03  0.79  1.5e-01  3.3e-04  1.2e-01  3.6e+00  1.9e-01  1.1e-03  1.9e-01
  27  F 0   1.601e+08  -7e-03  0.79  1.0e-01  3.3e-04  0.0e+00  0.0e+00  2.1e-01  2.1e-03  2.1e-01
  27  T 1   1.582e+08  -2e-08  0.79  1.2e-01  3.5e-04  1.0e-01  2.9e+00  2.0e-01  2.1e-03  2.0e-01
  28  T 0   1.581e+08  -2e-03  0.81  1.5e-01  4.1e-04  1.2e-01  3.5e+00  2.0e-01  1.3e-03  2.0e-01
  29  T 0   1.578e+08   5e-07  0.83  1.8e-01  3.5e-04  1.5e-01  3.7e+00  2.0e-01  2.2e-03  2.0e-01
  30  F 0   1.578e+08   5e-07  0.83  1.2e-01  3.5e-04  0.0e+00  0.0e+00  1.8e-01  1.5e-03  1.8e-01
  30  T 1   1.570e+08  -6e-05  0.83  1.5e-01  4.6e-04  1.2e-01  3.6e+00  2.2e-01  1.3e-03  2.2e-01
  31  T 0   1.568e+08  -5e-06  0.85  1.8e-01  2.0e-04  1.5e-01  3.5e+00  1.9e-01  1.6e-03  1.9e-01
  32  F 0   1.568e+08  -5e-06  0.85  1.3e-01  2.0e-04  0.0e+00  0.0e+00  1.9e-01  2.2e-03  2.0e-01
  32  T 1   1.558e+08   4e-06  0.84  1.5e-01  2.8e-04  1.3e-01  3.5e+00  2.0e-01  1.7e-03  2.0e-01
  33  T 0   1.555e+08  -5e-05  0.86  1.8e-01  2.1e-04  1.5e-01  3.5e+00  1.9e-01  1.7e-03  2.0e-01
  34  F 0   1.555e+08  -5e-05  0.86  1.3e-01  2.1e-04  0.0e+00  0.0e+00  2.2e-01  2.1e-03  2.3e-01
  34  T 1   1.546e+08   7e-06  0.85  1.5e-01  1.9e-04  1.3e-01  3.4e+00  2.4e-01  2.0e-03  2.4e-01
  35  F 0   1.546e+08   7e-06  0.85  1.1e-01  1.9e-04  0.0e+00  0.0e+00  3.3e-01  2.0e-03  3.3e-01
  35  T 1   1.534e+08   5e-06  0.85  1.3e-01  8.3e-05  1.1e-01  2.7e+00  2.5e-01  2.1e-03  2.6e-01
  36  F 0   1.534e+08   5e-06  0.85  8.9e-02  8.3e-05  0.0e+00  0.0e+00  2.1e-01  1.9e-03  2.1e-01
  36  T 1   1.524e+08  -9e-06  0.86  1.1e-01  1.3e-04  8.9e-02  2.3e+00  2.3e-01  1.8e-03  2.3e-01
  37  T 0   1.515e+08   1e-07  0.87  1.3e-01  1.0e-04  1.1e-01  2.5e+00  3.0e-01  2.9e-03  3.1e-01
  38  F 0   1.515e+08   1e-07  0.87  9.0e-02  1.0e-04  0.0e+00  0.0e+00  2.4e-01  2.3e-03  2.5e-01
  38  T 1   1.509e+08   6e-06  0.88  1.1e-01  1.1e-04  9.0e-02  2.2e+00  2.4e-01  2.0e-03  2.4e-01
  39  T 0   1.502e+08  -7e-07  0.89  1.3e-01  1.3e-04  1.1e-01  2.3e+00  2.3e-01  2.5e-03  2.3e-01
  40  F 0   1.502e+08  -7e-07  0.89  9.1e-02  1.3e-04  0.0e+00  0.0e+00  2.6e-01  2.6e-03  2.6e-01
  40  T 1   1.497e+08  -2e-06  0.89  1.1e-01  9.1e-05  9.1e-02  2.0e+00  2.3e-01  2.0e-03  2.4e-01
  41  T 0   1.493e+08  -7e-08  0.90  1.3e-01  1.1e-04  1.1e-01  2.1e+00  2.6e-01  2.5e-03  2.6e-01
  42  F 0   1.493e+08  -7e-08  0.90  9.1e-02  1.1e-04  0.0e+00  0.0e+00  2.5e-01  2.3e-03  2.5e-01
  42  T 1   1.489e+08   5e-06  0.90  1.1e-01  6.9e-05  9.1e-02  1.9e+00  2.4e-01  1.7e-03  2.4e-01
  43  T 0   1.486e+08   3e-08  0.91  1.3e-01  4.8e-05  1.1e-01  2.0e+00  2.4e-01  2.5e-03  2.4e-01
  44  F 0   1.486e+08   3e-08  0.91  9.2e-02  4.8e-05  0.0e+00  0.0e+00  2.5e-01  2.3e-03  2.5e-01
  44  T 1   1.482e+08  -1e-06  0.91  1.1e-01  6.5e-05  9.2e-02  1.9e+00  2.4e-01  1.7e-03  2.4e-01
  45  T 0   1.481e+08  -3e-07  0.92  1.3e-01  7.3e-05  1.1e-01  2.0e+00  2.6e-01  2.1e-03  2.7e-01
  46  F 0   1.481e+08  -3e-07  0.92  9.3e-02  7.3e-05  0.0e+00  0.0e+00  2.5e-01  2.0e-03  2.5e-01
  46  T 1   1.478e+08   8e-07  0.91  1.1e-01  7.6e-05  9.3e-02  1.8e+00  2.7e-01  2.0e-03  2.8e-01
  47  T 0   1.477e+08   1e-07  0.92  1.3e-01  4.6e-05  1.1e-01  1.9e+00  2.4e-01  2.5e-03  2.4e-01
  48  F 0   1.477e+08   1e-07  0.92  9.4e-02  4.6e-05  0.0e+00  0.0e+00  2.4e-01  2.0e-03  2.4e-01
  48  T 1   1.474e+08  -1e-06  0.92  1.1e-01  5.4e-05  9.4e-02  1.8e+00  2.4e-01  2.2e-03  2.4e-01
  49  F 0   1.474e+08  -1e-06  0.92  7.9e-02  5.4e-05  0.0e+00  0.0e+00  2.4e-01  2.6e-03  2.4e-01
  49  T 1   1.471e+08  -2e-07  0.92  9.4e-02  2.7e-05  7.9e-02  1.4e+00  2.4e-01  2.3e-03  2.4e-01
  50  T 0   1.471e+08  -1e-07  0.92  1.1e-01  3.5e-05  9.4e-02  1.7e+00  2.3e-01  2.3e-03  2.4e-01
  51  F 0   1.471e+08  -1e-07  0.92  7.9e-02  3.5e-05  0.0e+00  0.0e+00  2.4e-01  2.6e-03  2.4e-01
  51  T 1   1.468e+08   1e-06  0.92  9.5e-02  4.5e-05  7.9e-02  1.4e+00  2.8e-01  2.9e-03  2.8e-01
  52  F 0   1.468e+08   1e-06  0.92  6.7e-02  4.5e-05  0.0e+00  0.0e+00  2.8e-01  2.0e-03  2.8e-01
  52  T 1   1.466e+08   1e-06  0.93  8.0e-02  5.1e-05  6.7e-02  1.2e+00  2.3e-01  1.7e-03  2.4e-01
  53  T 0   1.463e+08   2e-07  0.93  9.6e-02  3.5e-05  8.0e-02  1.3e+00  2.7e-01  2.7e-03  2.8e-01
  54  F 0   1.463e+08   2e-07  0.93  6.7e-02  3.5e-05  0.0e+00  0.0e+00  2.5e-01  2.0e-03  2.5e-01
  54  T 1   1.462e+08  -2e-07  0.93  8.0e-02  3.0e-05  6.7e-02  1.1e+00  2.5e-01  1.9e-03  2.5e-01
  55  T 0   1.461e+08   3e-06  0.93  9.7e-02  3.9e-05  8.0e-02  1.3e+00  2.5e-01  2.2e-03  2.5e-01
  56  F 0   1.461e+08   3e-06  0.93  6.8e-02  3.9e-05  0.0e+00  0.0e+00  2.5e-01  2.1e-03  2.5e-01
  56  T 1   1.459e+08  -4e-07  0.93  8.1e-02  2.3e-05  6.8e-02  1.1e+00  2.7e-01  2.0e-03  2.7e-01
  57  T 0   1.458e+08  -2e-07  0.94  9.7e-02  2.2e-05  8.1e-02  1.3e+00  3.1e-01  2.6e-03  3.1e-01
  58  F 0   1.458e+08  -2e-07  0.94  6.8e-02  2.2e-05  0.0e+00  0.0e+00  2.5e-01  2.3e-03  2.5e-01
  58  T 1   1.457e+08   3e-07  0.93  8.2e-02  2.2e-05  6.8e-02  1.1e+00  2.5e-01  2.0e-03  2.5e-01
  59  T 0   1.456e+08  -3e-07  0.94  9.8e-02  3.1e-05  8.2e-02  1.2e+00  2.3e-01  2.5e-03  2.4e-01
  60  F 0   1.456e+08  -3e-07  0.94  6.9e-02  3.1e-05  0.0e+00  0.0e+00  2.7e-01  2.0e-03  2.7e-01
  60  T 1   1.454e+08  -8e-07  0.94  8.2e-02  3.5e-05  6.9e-02  1.1e+00  2.8e-01  2.0e-03  2.9e-01
  61  T 0   1.452e+08   1e-06  0.94  9.9e-02  2.0e-05  8.2e-02  1.2e+00  2.4e-01  2.3e-03  2.5e-01
  62  F 0   1.452e+08   1e-06  0.94  6.9e-02  2.0e-05  0.0e+00  0.0e+00  3.0e-01  2.0e-03  3.0e-01
  62  T 1   1.451e+08   6e-07  0.94  8.3e-02  2.1e-05  6.9e-02  1.1e+00  2.3e-01  1.7e-03  2.3e-01
  63  T 0   1.450e+08  -9e-07  0.95  1.0e-01  2.6e-05  8.3e-02  1.2e+00  2.6e-01  2.0e-03  2.6e-01
  64  F 0   1.450e+08  -9e-07  0.95  7.0e-02  2.6e-05  0.0e+00  0.0e+00  2.7e-01  2.1e-03  2.7e-01
  64  T 1   1.449e+08   1e-06  0.94  8.4e-02  3.6e-05  7.0e-02  1.1e+00  2.9e-01  1.9e-03  3.0e-01
  65  T 0   1.447e+08  -1e-06  0.95  1.0e-01  5.4e-05  8.4e-02  1.1e+00  2.7e-01  2.1e-03  2.8e-01
  66  F 0   1.447e+08  -1e-06  0.95  7.0e-02  5.4e-05  0.0e+00  0.0e+00  2.7e-01  2.1e-03  2.7e-01
  66  T 1   1.446e+08  -1e-06  0.95  8.4e-02  3.3e-05  7.0e-02  1.0e+00  2.8e-01  1.8e-03  2.8e-01
  67  T 0   1.445e+08  -1e-06  0.95  1.0e-01  4.1e-05  8.4e-02  1.1e+00  3.2e-01  2.1e-03  3.2e-01
  68  F 0   1.445e+08  -1e-06  0.95  7.1e-02  4.1e-05  0.0e+00  0.0e+00  3.2e-01  2.1e-03  3.2e-01
  68  T 1   1.445e+08   9e-05  0.95  8.5e-02  3.6e-05  7.1e-02  1.0e+00  3.0e-01  1.5e-03  3.0e-01
  69  T 0   1.444e+08   3e-07  0.95  1.0e-01  2.8e-05  8.5e-02  1.1e+00  2.6e-01  2.4e-03  2.7e-01
  70  F 0   1.444e+08   3e-07  0.95  7.1e-02  2.8e-05  0.0e+00  0.0e+00  2.7e-01  2.2e-03  2.7e-01
  70  T 1   1.443e+08  -3e-06  0.95  8.6e-02  2.4e-05  7.1e-02  1.0e+00  2.6e-01  1.9e-03  2.6e-01
  71  T 0   1.443e+08  -3e-06  0.95  1.0e-01  2.3e-05  8.6e-02  1.1e+00  2.7e-01  2.1e-03  2.7e-01
  72  F 0   1.443e+08  -3e-06  0.95  7.2e-02  2.3e-05  0.0e+00  0.0e+00  2.7e-01  2.1e-03  2.7e-01
  72  T 1   1.442e+08   2e-05  0.95  8.6e-02  1.9e-05  7.2e-02  1.0e+00  2.8e-01  1.5e-03  2.8e-01
  73  T 0   1.442e+08  -1e-06  0.96  1.0e-01  2.7e-05  8.6e-02  1.1e+00  2.7e-01  2.1e-03  2.7e-01
  74  F 0   1.442e+08  -1e-06  0.96  7.3e-02  2.7e-05  0.0e+00  0.0e+00  2.6e-01  2.1e-03  2.6e-01
  74  T 1   1.441e+08   9e-05  0.95  8.7e-02  2.0e-05  7.3e-02  1.0e+00  2.6e-01  1.5e-03  2.6e-01
  75  T 0   1.441e+08   6e-06  0.96  1.0e-01  2.5e-05  8.7e-02  1.1e+00  2.7e-01  2.1e-03  2.8e-01
  76  F 0   1.441e+08   6e-06  0.96  7.3e-02  2.5e-05  0.0e+00  0.0e+00  2.9e-01  2.2e-03  2.9e-01
  76  T 1   1.440e+08  -3e-06  0.95  8.8e-02  2.1e-05  7.3e-02  1.0e+00  3.3e-01  1.8e-03  3.3e-01
  77  F 0   1.440e+08  -3e-06  0.95  6.1e-02  2.1e-05  0.0e+00  0.0e+00  2.7e-01  2.1e-03  2.7e-01
  77  T 1   1.440e+08   7e-07  0.95  7.4e-02  2.2e-05  6.1e-02  8.4e-01  2.7e-01  1.8e-03  2.7e-01
  78  T 0   1.439e+08  -3e-06  0.96  8.9e-02  1.8e-05  7.4e-02  9.3e-01  2.9e-01  2.2e-03  2.9e-01
  79  T 0   1.439e+08   4e-07  0.96  1.1e-01  2.2e-05  8.9e-02  1.1e+00  2.6e-01  2.1e-03  2.6e-01
  80  F 0   1.439e+08   4e-07  0.96  7.4e-02  2.2e-05  0.0e+00  0.0e+00  2.8e-01  2.4e-03  2.9e-01
  80  T 1   1.439e+08   5e-06  0.96  8.9e-02  1.5e-05  7.4e-02  1.0e+00  3.0e-01  1.8e-03  3.0e-01
  81  F 0   1.439e+08   5e-06  0.96  6.2e-02  1.5e-05  0.0e+00  0.0e+00  2.9e-01  2.1e-03  2.9e-01
  81  T 1   1.438e+08   1e-06  0.96  7.5e-02  1.6e-05  6.2e-02  8.3e-01  2.7e-01  1.8e-03  2.8e-01
  82  F 0   1.438e+08   1e-06  0.96  5.2e-02  1.6e-05  0.0e+00  0.0e+00  2.7e-01  2.1e-03  2.7e-01
  82  T 1   1.437e+08  -3e-06  0.96  6.3e-02  1.2e-05  5.2e-02  7.0e-01  2.6e-01  1.8e-03  2.6e-01
  83  T 0   1.436e+08   8e-08  0.96  7.6e-02  1.1e-05  6.3e-02  7.4e-01  2.8e-01  2.4e-03  2.8e-01
  84  F 0   1.436e+08   8e-08  0.96  5.3e-02  1.1e-05  0.0e+00  0.0e+00  2.7e-01  2.1e-03  2.8e-01
  84  T 1   1.436e+08  -8e-06  0.96  6.3e-02  1.3e-05  5.3e-02  6.8e-01  2.8e-01  1.8e-03  2.9e-01
  85  T 0   1.435e+08  -9e-08  0.96  7.6e-02  1.1e-05  6.3e-02  7.3e-01  2.7e-01  2.1e-03  2.7e-01
  86  F 0   1.435e+08  -9e-08  0.96  5.3e-02  1.1e-05  0.0e+00  0.0e+00  2.7e-01  2.1e-03  2.7e-01
  86  T 1   1.435e+08   1e-06  0.96  6.4e-02  1.4e-05  5.3e-02  6.8e-01  2.8e-01  1.8e-03  2.8e-01
  87  T 0   1.434e+08  -3e-06  0.96  7.7e-02  1.1e-05  6.4e-02  7.3e-01  2.8e-01  2.1e-03  2.8e-01
  88  F 0   1.434e+08  -3e-06  0.96  5.4e-02  1.1e-05  0.0e+00  0.0e+00  3.0e-01  2.1e-03  3.0e-01
  88  T 1   1.434e+08   3e-05  0.96  6.4e-02  1.5e-05  5.4e-02  6.7e-01  2.6e-01  1.6e-03  2.6e-01
  89  T 0   1.433e+08   3e-06  0.96  7.7e-02  1.3e-05  6.4e-02  7.2e-01  2.7e-01  2.1e-03  2.7e-01
  90  F 0   1.433e+08   3e-06  0.96  5.4e-02  1.3e-05  0.0e+00  0.0e+00  2.6e-01  2.2e-03  2.6e-01
  90  T 1   1.433e+08  -1e-06  0.96  6.5e-02  1.6e-05  5.4e-02  6.7e-01  2.7e-01  2.1e-03  2.7e-01
  91  T 0   1.433e+08   4e-06  0.96  7.8e-02  1.2e-05  6.5e-02  7.2e-01  2.8e-01  2.1e-03  2.8e-01
  92  F 0   1.433e+08   4e-06  0.96  5.5e-02  1.2e-05  0.0e+00  0.0e+00  2.8e-01  2.1e-03  2.8e-01
  92  T 1   1.432e+08  -7e-06  0.96  6.6e-02  1.7e-05  5.5e-02  6.6e-01  2.7e-01  1.8e-03  2.7e-01
  93  T 0   1.432e+08   8e-06  0.96  7.9e-02  1.3e-05  6.6e-02  7.1e-01  2.6e-01  2.1e-03  2.7e-01
  94  F 0   1.432e+08   8e-06  0.96  5.5e-02  1.3e-05  0.0e+00  0.0e+00  2.8e-01  2.2e-03  2.8e-01
  94  T 1   1.431e+08  -7e-08  0.96  6.6e-02  1.3e-05  5.5e-02  6.4e-01  2.6e-01  2.1e-03  2.7e-01
  95  T 0   1.431e+08  -2e-06  0.97  7.9e-02  1.1e-05  6.6e-02  6.8e-01  2.8e-01  2.1e-03  2.8e-01
  96  F 0   1.431e+08  -2e-06  0.97  5.5e-02  1.1e-05  0.0e+00  0.0e+00  2.6e-01  2.1e-03  2.7e-01
  96  T 1   1.431e+08   7e-07  0.96  6.7e-02  1.4e-05  5.5e-02  6.3e-01  2.8e-01  2.1e-03  2.8e-01
  97  T 0   1.430e+08   5e-06  0.97  8.0e-02  1.2e-05  6.7e-02  6.6e-01  2.6e-01  2.1e-03  2.6e-01
  98  F 0   1.430e+08   5e-06  0.97  5.6e-02  1.2e-05  0.0e+00  0.0e+00  2.6e-01  2.1e-03  2.7e-01
  98  T 1   1.430e+08  -3e-06  0.97  6.7e-02  1.1e-05  5.6e-02  6.4e-01  2.7e-01  2.1e-03  2.7e-01
  99  T 0   1.430e+08   7e-08  0.97  8.1e-02  1.2e-05  6.7e-02  7.0e-01  2.7e-01  2.2e-03  2.7e-01
 100  F 0   1.430e+08   7e-08  0.97  5.6e-02  1.2e-05  0.0e+00  0.0e+00  2.7e-01  2.1e-03  2.7e-01
 100  T 1   1.430e+08  -6e-06  0.97  6.8e-02  1.2e-05  5.6e-02  6.5e-01  2.6e-01  1.8e-03  2.6e-01
 101  T 0   1.429e+08  -4e-07  0.97  8.1e-02  1.2e-05  6.8e-02  6.8e-01  2.6e-01  2.4e-03  2.7e-01
 102  F 0   1.429e+08  -4e-07  0.97  5.7e-02  1.2e-05  0.0e+00  0.0e+00  2.9e-01  2.1e-03  3.0e-01
 102  T 1   1.429e+08  -2e-06  0.97  6.8e-02  1.2e-05  5.7e-02  6.5e-01  2.6e-01  2.1e-03  2.6e-01
 103  T 0   1.429e+08  -1e-05  0.97  8.2e-02  1.2e-05  6.8e-02  6.9e-01  3.4e-01  1.6e-03  3.5e-01
 104  F 0   1.429e+08  -1e-05  0.97  5.7e-02  1.2e-05  0.0e+00  0.0e+00  2.8e-01  2.9e-03  2.8e-01
 104  T 1   1.429e+08  -2e-06  0.97  6.9e-02  1.3e-05  5.7e-02  6.6e-01  2.7e-01  2.1e-03  2.8e-01
 105  T 0   1.429e+08  -6e-06  0.97  8.2e-02  1.2e-05  6.9e-02  6.9e-01  2.7e-01  2.1e-03  2.7e-01
 106  F 0   1.429e+08  -6e-06  0.97  5.8e-02  1.2e-05  0.0e+00  0.0e+00  2.8e-01  2.1e-03  2.9e-01
 106  T 1   1.428e+08  -9e-06  0.97  6.9e-02  1.3e-05  5.8e-02  6.7e-01  2.8e-01  1.8e-03  2.8e-01
 107  T 0   1.428e+08   7e-07  0.97  8.3e-02  1.2e-05  6.9e-02  7.0e-01  2.6e-01  2.1e-03  2.7e-01
 108  F 0   1.428e+08   7e-07  0.97  5.8e-02  1.2e-05  0.0e+00  0.0e+00  2.6e-01  2.1e-03  2.7e-01
 108  T 1   1.428e+08   7e-06  0.97  7.0e-02  1.1e-05  5.8e-02  6.8e-01  2.8e-01  1.8e-03  2.8e-01
 109  T 0   1.428e+08   1e-06  0.97  8.4e-02  1.1e-05  7.0e-02  7.1e-01  2.6e-01  2.1e-03  2.6e-01
 110  F 0   1.428e+08   1e-06  0.97  5.9e-02  1.1e-05  0.0e+00  0.0e+00  2.6e-01  2.2e-03  2.6e-01
 110  T 1   1.427e+08  -2e-06  0.97  7.0e-02  1.1e-05  5.9e-02  6.8e-01  2.6e-01  1.8e-03  2.7e-01
 111  T 0   1.427e+08   4e-06  0.97  8.4e-02  1.1e-05  7.0e-02  6.8e-01  2.7e-01  2.1e-03  2.7e-01
 112  F 0   1.427e+08   4e-06  0.97  5.9e-02  1.1e-05  0.0e+00  0.0e+00  2.6e-01  2.1e-03  2.6e-01
 112  T 1   1.427e+08  -6e-10  0.97  7.1e-02  1.2e-05  5.9e-02  6.7e-01  2.6e-01  1.8e-03  2.6e-01
 113  F 0   1.427e+08  -6e-10  0.97  5.0e-02  1.2e-05  0.0e+00  0.0e+00  2.7e-01  2.2e-03  2.7e-01
 113  T 1   1.427e+08  -3e-06  0.97  6.0e-02  1.0e-05  5.0e-02  5.5e-01  2.7e-01  1.8e-03  2.8e-01
 114  T 0   1.427e+08  -2e-06  0.97  7.2e-02  1.2e-05  6.0e-02  6.0e-01  2.6e-01  2.1e-03  2.6e-01
 115  F 0   1.427e+08  -2e-06  0.97  5.0e-02  1.2e-05  0.0e+00  0.0e+00  2.6e-01  2.1e-03  2.6e-01
 115  T 1   1.427e+08  -3e-06  0.97  6.0e-02  1.1e-05  5.0e-02  5.3e-01  2.6e-01  1.8e-03  2.7e-01
 116  T 0   1.427e+08  -2e-06  0.97  7.2e-02  1.2e-05  6.0e-02  5.7e-01  2.7e-01  2.1e-03  2.8e-01
 117  F 0   1.427e+08  -2e-06  0.97  5.0e-02  1.2e-05  0.0e+00  0.0e+00  2.6e-01  2.1e-03  2.7e-01
 117  T 1   1.426e+08   2e-06  0.97  6.1e-02  9.2e-06  5.0e-02  5.2e-01  3.1e-01  2.1e-03  3.1e-01
 118  T 0   1.426e+08  -2e-06  0.97  7.3e-02  1.1e-05  6.1e-02  5.5e-01  2.8e-01  2.1e-03  2.9e-01
 119  F 0   1.426e+08  -2e-06  0.97  5.1e-02  1.1e-05  0.0e+00  0.0e+00  2.8e-01  2.1e-03  2.8e-01
 119  T 1   1.426e+08   7e-07  0.97  6.1e-02  8.4e-06  5.1e-02  5.2e-01  2.7e-01  2.3e-03  2.7e-01
 120  T 0   1.426e+08  -2e-06  0.97  7.3e-02  1.1e-05  6.1e-02  5.5e-01  2.7e-01  2.1e-03  2.8e-01
 121  F 0   1.426e+08  -2e-06  0.97  5.1e-02  1.1e-05  0.0e+00  0.0e+00  3.0e-01  2.1e-03  3.0e-01
 121  T 1   1.426e+08   8e-07  0.97  6.2e-02  8.5e-06  5.1e-02  5.0e-01  2.6e-01  2.1e-03  2.6e-01
 122  T 0   1.426e+08   8e-06  0.97  7.4e-02  1.1e-05  6.2e-02  5.4e-01  2.6e-01  2.1e-03  2.6e-01
 123  F 0   1.426e+08   8e-06  0.97  5.2e-02  1.1e-05  0.0e+00  0.0e+00  2.8e-01  2.1e-03  2.8e-01
 123  T 1   1.426e+08   5e-06  0.97  6.2e-02  8.0e-06  5.2e-02  5.0e-01  2.6e-01  2.1e-03  2.7e-01
 124  T 0   1.426e+08   2e-06  0.97  7.4e-02  1.1e-05  6.2e-02  5.3e-01  2.6e-01  2.4e-03  2.7e-01
 125  F 0   1.426e+08   2e-06  0.97  5.2e-02  1.1e-05  0.0e+00  0.0e+00  2.7e-01  2.1e-03  2.7e-01
 125  T 1   1.425e+08   2e-06  0.97  6.3e-02  7.8e-06  5.2e-02  5.0e-01  2.7e-01  2.4e-03  2.7e-01
 126  F 0   1.425e+08   2e-06  0.97  4.4e-02  7.8e-06  0.0e+00  0.0e+00  2.6e-01  2.1e-03  2.7e-01
 126  T 1   1.425e+08   1e-06  0.97  5.3e-02  9.5e-06  4.4e-02  4.2e-01  2.7e-01  2.1e-03  2.7e-01
 127  T 0   1.425e+08   2e-06  0.97  6.3e-02  6.3e-06  5.3e-02  4.7e-01  2.7e-01  2.1e-03  2.7e-01
 128  F 0   1.425e+08   2e-06  0.97  4.4e-02  6.3e-06  0.0e+00  0.0e+00  2.6e-01  2.1e-03  2.7e-01
 128  T 1   1.425e+08  -1e-06  0.97  5.3e-02  6.3e-06  4.4e-02  4.2e-01  2.7e-01  1.8e-03  2.7e-01
 129  T 0   1.425e+08   3e-07  0.97  6.4e-02  6.2e-06  5.3e-02  4.7e-01  2.7e-01  2.1e-03  2.8e-01
 130  T 0   1.425e+08   6e-05  0.97  7.6e-02  7.2e-06  6.4e-02  5.7e-01  2.7e-01  1.8e-03  2.7e-01
 131  F 0   1.425e+08   6e-05  0.97  5.3e-02  7.2e-06  0.0e+00  0.0e+00  3.1e-01  2.1e-03  3.1e-01
 131  T 1   1.425e+08   5e-06  0.97  6.4e-02  7.7e-06  5.3e-02  5.2e-01  2.6e-01  2.1e-03  2.6e-01
 132  F 0   1.425e+08   5e-06  0.97  4.5e-02  7.7e-06  0.0e+00  0.0e+00  3.4e-01  2.1e-03  3.5e-01
 132  T 1   1.425e+08   7e-06  0.97  5.4e-02  7.4e-06  4.5e-02  4.3e-01  2.7e-01  1.8e-03  2.7e-01
 133  T 0   1.425e+08  -1e-07  0.97  6.5e-02  7.6e-06  5.4e-02  4.8e-01  2.7e-01  2.1e-03  2.7e-01
 134  T 0   1.424e+08   4e-07  0.98  7.7e-02  6.4e-06  6.5e-02  5.6e-01  2.7e-01  2.1e-03  2.7e-01
 135  F 0   1.424e+08   4e-07  0.98  5.4e-02  6.4e-06  0.0e+00  0.0e+00  2.7e-01  2.1e-03  2.8e-01
 135  T 1   1.424e+08   8e-07  0.97  6.5e-02  6.3e-06  5.4e-02  5.2e-01  2.6e-01  2.2e-03  2.7e-01
 136  T 0   1.424e+08  -1e-06  0.98  7.8e-02  6.8e-06  6.5e-02  5.6e-01  2.6e-01  2.2e-03  2.6e-01
 137  F 0   1.424e+08  -1e-06  0.98  5.5e-02  6.8e-06  0.0e+00  0.0e+00  2.7e-01  2.1e-03  2.7e-01
 137  T 1   1.424e+08   2e-09  0.97  6.6e-02  7.0e-06  5.5e-02  5.3e-01  2.8e-01  2.1e-03  2.8e-01
 138  F 0   1.424e+08   2e-09  0.97  4.6e-02  7.0e-06  0.0e+00  0.0e+00  2.6e-01  2.1e-03  2.6e-01
 138  T 1   1.424e+08  -9e-06  0.97  5.5e-02  6.3e-06  4.6e-02  4.6e-01  2.7e-01  1.8e-03  2.7e-01
 139  T 0   1.424e+08  -5e-06  0.97  6.6e-02  5.9e-06  5.5e-02  5.2e-01  2.6e-01  2.1e-03  2.7e-01
 140  T 0   1.424e+08  -5e-06  0.98  7.9e-02  6.5e-06  6.6e-02  6.0e-01  2.8e-01  2.2e-03  2.8e-01
 141  T 0   1.424e+08  -1e-06  0.97  9.5e-02  8.3e-06  7.9e-02  7.2e-01  2.6e-01  2.1e-03  2.6e-01
 142  F 0   1.424e+08  -1e-06  0.97  6.7e-02  8.3e-06  0.0e+00  0.0e+00  2.6e-01  2.4e-03  2.7e-01
 142  T 1   1.424e+08  -5e-06  0.98  8.0e-02  6.7e-06  6.7e-02  6.5e-01  2.6e-01  1.8e-03  2.6e-01
 143  F 0   1.424e+08  -5e-06  0.98  5.6e-02  6.7e-06  0.0e+00  0.0e+00  2.6e-01  2.1e-03  2.7e-01
 143  T 1   1.423e+08   9e-06  0.97  6.7e-02  6.9e-06  5.6e-02  5.4e-01  2.6e-01  2.1e-03  2.6e-01
 144  T 0   1.423e+08  -2e-06  0.98  8.1e-02  6.5e-06  6.7e-02  5.8e-01  2.6e-01  2.1e-03  2.7e-01
 145  F 0   1.423e+08  -2e-06  0.98  5.6e-02  6.5e-06  0.0e+00  0.0e+00  2.7e-01  2.1e-03  2.7e-01
 145  T 1   1.423e+08  -6e-08  0.97  6.8e-02  7.5e-06  5.6e-02  5.3e-01  2.7e-01  2.1e-03  2.7e-01
 146  T 0   1.423e+08   1e-06  0.98  8.1e-02  7.5e-06  6.8e-02  5.4e-01  2.7e-01  2.4e-03  2.7e-01
 147  F 0   1.423e+08   1e-06  0.98  5.7e-02  7.5e-06  0.0e+00  0.0e+00  2.6e-01  2.1e-03  2.7e-01
 147  T 1   1.423e+08   1e-06  0.97  6.8e-02  7.6e-06  5.7e-02  5.2e-01  2.7e-01  2.1e-03  2.7e-01
 148  F 0   1.423e+08   1e-06  0.97  4.8e-02  7.6e-06  0.0e+00  0.0e+00  2.7e-01  2.1e-03  2.7e-01
 148  T 1   1.423e+08  -4e-07  0.97  5.7e-02  8.0e-06  4.8e-02  4.5e-01  2.6e-01  2.1e-03  2.7e-01
 149  T 0   1.423e+08   4e-06  0.98  6.9e-02  5.4e-06  5.7e-02  4.9e-01  2.7e-01  2.2e-03  2.7e-01
 150  F 0   1.423e+08   4e-06  0.98  4.8e-02  5.4e-06  0.0e+00  0.0e+00  2.8e-01  2.1e-03  2.8e-01
 150  T 1   1.423e+08  -4e-06  0.98  5.8e-02  6.9e-06  4.8e-02  4.4e-01  2.7e-01  1.8e-03  2.7e-01
 151  F 0   1.423e+08  -4e-06  0.98  4.0e-02  6.9e-06  0.0e+00  0.0e+00  3.4e-01  2.1e-03  3.5e-01
 151  T 1   1.423e+08  -2e-07  0.97  4.9e-02  5.9e-06  4.0e-02  3.7e-01  3.1e-01  2.2e-03  3.1e-01
 152  T 0   1.423e+08   4e-06  0.98  5.8e-02  6.4e-06  4.9e-02  3.9e-01  2.6e-01  2.1e-03  2.7e-01
 153  T 0   1.423e+08  -2e-06  0.98  7.0e-02  5.4e-06  5.8e-02  5.0e-01  2.6e-01  2.1e-03  2.7e-01
 154  F 0   1.423e+08  -2e-06  0.98  4.9e-02  5.4e-06  0.0e+00  0.0e+00  2.6e-01  2.1e-03  2.7e-01
 154  T 1   1.422e+08  -6e-06  0.98  5.9e-02  7.1e-06  4.9e-02  4.6e-01  2.6e-01  1.8e-03  2.7e-01
 155  T 0   1.422e+08  -8e-07  0.98  7.0e-02  5.5e-06  5.9e-02  5.0e-01  2.9e-01  2.1e-03  2.9e-01
 156  T 0   1.422e+08  -1e-06  0.98  8.5e-02  7.2e-06  7.0e-02  5.9e-01  2.6e-01  2.1e-03  2.7e-01
 157  F 0   1.422e+08  -1e-06  0.98  5.9e-02  7.2e-06  0.0e+00  0.0e+00  2.7e-01  2.3e-03  2.7e-01
 157  T 1   1.422e+08  -4e-06  0.98  7.1e-02  6.6e-06  5.9e-02  5.5e-01  2.9e-01  2.1e-03  2.9e-01
 158  F 0   1.422e+08  -4e-06  0.98  5.0e-02  6.6e-06  0.0e+00  0.0e+00  2.6e-01  2.1e-03  2.6e-01
 158  T 1   1.422e+08   6e-08  0.98  6.0e-02  6.3e-06  5.0e-02  4.5e-01  2.6e-01  2.1e-03  2.6e-01
 159  T 0   1.422e+08  -2e-06  0.98  7.2e-02  7.1e-06  6.0e-02  5.1e-01  2.8e-01  2.1e-03  2.9e-01
 160  T 0   1.422e+08  -2e-07  0.98  8.6e-02  6.5e-06  7.2e-02  5.9e-01  2.8e-01  2.1e-03  2.8e-01
 161  F 0   1.422e+08  -2e-07  0.98  6.0e-02  6.5e-06  0.0e+00  0.0e+00  2.6e-01  2.1e-03  2.7e-01
 161  T 1   1.422e+08   5e-07  0.98  7.2e-02  8.1e-06  6.0e-02  5.6e-01  2.7e-01  2.1e-03  2.7e-01
 162  F 0   1.422e+08   5e-07  0.98  5.1e-02  8.1e-06  0.0e+00  0.0e+00  2.8e-01  2.1e-03  2.8e-01
 162  T 1   1.422e+08  -3e-07  0.98  6.1e-02  6.3e-06  5.1e-02  4.4e-01  3.5e-01  1.8e-03  3.5e-01
 163  T 0   1.422e+08   1e-09  0.98  7.3e-02  9.6e-06  6.1e-02  5.3e-01  3.1e-01  2.1e-03  3.1e-01
 164  T 0   1.422e+08   3e-05  0.98  8.7e-02  5.9e-06  7.3e-02  6.1e-01  2.7e-01  1.9e-03  2.7e-01
 165  F 0   1.422e+08   3e-05  0.98  6.1e-02  5.9e-06  0.0e+00  0.0e+00  2.7e-01  2.1e-03  2.7e-01
 165  T 1   1.422e+08   2e-06  0.98  7.3e-02  9.5e-06  6.1e-02  5.7e-01  2.8e-01  2.1e-03  2.8e-01
 166  F 0   1.422e+08   2e-06  0.98  5.1e-02  9.5e-06  0.0e+00  0.0e+00  2.7e-01  2.1e-03  2.7e-01
 166  T 1   1.422e+08   7e-07  0.98  6.2e-02  6.5e-06  5.1e-02  4.6e-01  2.6e-01  2.0e-03  2.7e-01
 167  F 0   1.422e+08   7e-07  0.98  4.3e-02  6.5e-06  0.0e+00  0.0e+00  2.6e-01  2.1e-03  2.6e-01
 167  T 1   1.421e+08  -3e-06  0.98  5.2e-02  9.1e-06  4.3e-02  4.0e-01  2.7e-01  1.8e-03  2.7e-01
 168  T 0   1.421e+08   1e-07  0.98  6.2e-02  7.4e-06  5.2e-02  4.0e-01  2.7e-01  2.1e-03  2.7e-01
 169  F 0   1.421e+08   1e-07  0.98  4.3e-02  7.4e-06  0.0e+00  0.0e+00  2.9e-01  2.1e-03  3.0e-01
 169  T 1   1.421e+08   1e-05  0.98  5.2e-02  6.0e-06  4.3e-02  3.9e-01  2.7e-01  1.2e-03  2.7e-01
 170  F 0   1.421e+08   1e-05  0.98  3.7e-02  6.0e-06  0.0e+00  0.0e+00  2.6e-01  2.1e-03  2.7e-01
 170  T 1   1.421e+08   2e-05  0.98  4.4e-02  4.6e-06  3.7e-02  3.3e-01  2.7e-01  1.5e-03  2.7e-01
 171  T 0   1.421e+08  -2e-08  0.98  5.3e-02  6.0e-06  4.4e-02  3.7e-01  2.7e-01  2.1e-03  2.7e-01
 172  T 0   1.421e+08  -1e-05  0.98  6.3e-02  5.7e-06  5.3e-02  4.3e-01  2.8e-01  1.8e-03  2.8e-01
 173  F 0   1.421e+08  -1e-05  0.98  4.4e-02  5.7e-06  0.0e+00  0.0e+00  2.6e-01  2.1e-03  2.6e-01
 173  T 1   1.421e+08  -3e-05  0.98  5.3e-02  5.7e-06  4.4e-02  4.1e-01  3.5e-01  1.5e-03  3.5e-01
 174  T 0   1.421e+08   7e-07  0.98  6.4e-02  5.0e-06  5.3e-02  4.2e-01  2.6e-01  2.3e-03  2.7e-01
 175  F 0   1.421e+08   7e-07  0.98  4.5e-02  5.0e-06  0.0e+00  0.0e+00  2.6e-01  2.1e-03  2.7e-01
 175  T 1   1.421e+08  -6e-05  0.98  5.3e-02  5.6e-06  4.5e-02  4.1e-01  2.6e-01  1.5e-03  2.7e-01
 176  F 0   1.421e+08  -6e-05  0.98  3.7e-02  5.6e-06  0.0e+00  0.0e+00  2.7e-01  2.1e-03  2.7e-01
 176  T 1   1.421e+08   8e-06  0.98  4.5e-02  4.8e-06  3.7e-02  3.3e-01  2.6e-01  1.8e-03  2.6e-01
 177  T 0   1.421e+08   8e-07  0.98  5.4e-02  5.5e-06  4.5e-02  3.7e-01  2.7e-01  2.1e-03  2.7e-01
 178  T 0   1.421e+08   5e-05  0.98  6.5e-02  5.2e-06  5.4e-02  4.4e-01  2.6e-01  1.8e-03  2.6e-01
 179  F 0   1.421e+08   5e-05  0.98  4.5e-02  5.2e-06  0.0e+00  0.0e+00  2.6e-01  2.1e-03  2.6e-01
 179  T 1   1.421e+08  -7e-07  0.98  5.4e-02  5.6e-06  4.5e-02  4.2e-01  2.6e-01  1.8e-03  2.6e-01
 180  F 0   1.421e+08  -7e-07  0.98  3.8e-02  5.6e-06  0.0e+00  0.0e+00  2.6e-01  2.1e-03  2.6e-01
 180  T 1   1.421e+08   6e-06  0.98  4.6e-02  5.0e-06  3.8e-02  3.4e-01  2.6e-01  1.4e-03  2.7e-01
 181  T 0   1.421e+08   2e-06  0.98  5.5e-02  5.1e-06  4.6e-02  3.8e-01  2.6e-01  1.5e-03  2.6e-01
 182  F 0   1.421e+08   2e-06  0.98  3.8e-02  5.1e-06  0.0e+00  0.0e+00  2.7e-01  1.5e-03  2.7e-01
 182  T 1   1.421e+08   1e-05  0.98  4.6e-02  4.5e-06  3.8e-02  3.4e-01  2.7e-01  1.5e-03  2.7e-01
 183  T 0   1.421e+08   5e-07  0.98  5.5e-02  4.8e-06  4.6e-02  3.7e-01  2.6e-01  2.1e-03  2.7e-01
 184  T 0   1.421e+08   5e-06  0.98  6.6e-02  5.0e-06  5.5e-02  4.5e-01  2.6e-01  1.5e-03  2.7e-01
 185  F 0   1.421e+08   5e-06  0.98  4.6e-02  5.0e-06  0.0e+00  0.0e+00  2.6e-01  2.1e-03  2.6e-01
 185  T 1   1.421e+08   7e-07  0.98  5.6e-02  5.4e-06  4.6e-02  4.2e-01  2.6e-01  2.1e-03  2.6e-01
 186  F 0   1.421e+08   7e-07  0.98  3.9e-02  5.4e-06  0.0e+00  0.0e+00  3.0e-01  2.2e-03  3.0e-01
 186  T 1   1.421e+08   7e-07  0.98  4.7e-02  5.4e-06  3.9e-02  3.4e-01  2.7e-01  1.8e-03  2.7e-01
 187  T 0   1.421e+08  -1e-06  0.98  5.6e-02  5.4e-06  4.7e-02  3.8e-01  2.6e-01  2.2e-03  2.7e-01
 188  T 0   1.421e+08  -6e-06  0.98  6.7e-02  5.7e-06  5.6e-02  4.5e-01  2.7e-01  2.1e-03  2.7e-01
 189  F 0   1.421e+08  -6e-06  0.98  4.7e-02  5.7e-06  0.0e+00  0.0e+00  2.9e-01  2.4e-03  2.9e-01
 189  T 1   1.420e+08  -2e-07  0.98  5.6e-02  5.8e-06  4.7e-02  4.1e-01  2.8e-01  2.1e-03  2.8e-01
 190  F 0   1.420e+08  -2e-07  0.98  4.0e-02  5.8e-06  0.0e+00  0.0e+00  2.6e-01  2.1e-03  2.6e-01
 190  T 1   1.420e+08  -3e-06  0.98  4.7e-02  5.0e-06  4.0e-02  3.3e-01  2.7e-01  1.8e-03  2.7e-01
 191  F 0   1.420e+08  -3e-06  0.98  3.3e-02  5.0e-06  0.0e+00  0.0e+00  2.7e-01  1.8e-03  2.8e-01
 191  T 1   1.420e+08  -6e-07  0.98  4.0e-02  5.4e-06  3.3e-02  2.8e-01  2.7e-01  1.8e-03  2.7e-01
 192  T 0   1.420e+08  -2e-06  0.98  4.8e-02  3.1e-06  4.0e-02  2.8e-01  2.8e-01  2.1e-03  2.9e-01
 193  F 0   1.420e+08  -2e-06  0.98  3.3e-02  3.1e-06  0.0e+00  0.0e+00  2.8e-01  1.8e-03  2.8e-01
 193  T 1   1.420e+08   1e-09  0.98  4.0e-02  3.2e-06  3.3e-02  2.8e-01  2.7e-01  1.9e-03  2.7e-01
 194  T 0   1.420e+08   5e-05  0.98  4.8e-02  4.0e-06  4.0e-02  3.0e-01  2.7e-01  1.8e-03  2.7e-01
 195  F 0   1.420e+08   5e-05  0.98  3.4e-02  4.0e-06  0.0e+00  0.0e+00  2.6e-01  1.8e-03  2.6e-01
 195  T 1   1.420e+08  -3e-07  0.98  4.0e-02  3.8e-06  3.4e-02  2.9e-01  2.7e-01  1.8e-03  2.7e-01
 196  F 0   1.420e+08  -3e-07  0.98  2.8e-02  3.8e-06  0.0e+00  0.0e+00  2.7e-01  2.1e-03  2.7e-01
 196  T 1   1.420e+08   2e-06  0.98  3.4e-02  3.1e-06  2.8e-02  2.3e-01  2.7e-01  1.8e-03  2.7e-01
 197  F 0   1.420e+08   2e-06  0.98  2.4e-02  3.1e-06  0.0e+00  0.0e+00  2.7e-01  1.8e-03  2.7e-01
 197  T 1   1.420e+08   1e-06  0.98  2.9e-02  3.7e-06  2.4e-02  2.0e-01  2.7e-01  1.9e-03  2.7e-01
 198  T 0   1.420e+08  -5e-06  0.98  3.4e-02  4.6e-06  2.9e-02  1.9e-01  2.7e-01  2.1e-03  2.7e-01
 199  F 0   1.420e+08  -5e-06  0.98  2.4e-02  4.6e-06  0.0e+00  0.0e+00  2.6e-01  1.5e-03  2.7e-01
 199  T 1   1.420e+08  -2e-05  0.98  2.9e-02  4.0e-06  2.4e-02  1.9e-01  2.8e-01  1.5e-03  2.8e-01
 200  T 0   1.420e+08   3e-05  0.98  3.5e-02  4.3e-06  2.9e-02  2.1e-01  2.7e-01  1.8e-03  2.7e-01
 201  F 0   1.420e+08   3e-05  0.98  2.4e-02  4.3e-06  0.0e+00  0.0e+00  2.7e-01  1.8e-03  2.7e-01
 201  T 1   1.420e+08  -3e-07  0.98  2.9e-02  4.1e-06  2.4e-02  2.0e-01  2.6e-01  1.8e-03  2.7e-01
 202  T 0   1.420e+08  -5e-06  0.98  3.5e-02  3.5e-06  2.9e-02  2.0e-01  2.8e-01  2.2e-03  2.8e-01
 203  T 0   1.420e+08  -3e-05  0.98  4.2e-02  4.6e-06  3.5e-02  2.6e-01  2.7e-01  1.8e-03  2.7e-01
 204  F 0   1.420e+08  -3e-05  0.98  2.9e-02  4.6e-06  0.0e+00  0.0e+00  2.6e-01  1.8e-03  2.7e-01
 204  T 1   1.420e+08   1e-05  0.98  3.5e-02  3.3e-06  2.9e-02  2.5e-01  2.6e-01  1.5e-03  2.7e-01
 205  F 0   1.420e+08   1e-05  0.98  2.5e-02  3.3e-06  0.0e+00  0.0e+00  2.7e-01  1.8e-03  2.7e-01
 205  T 1   1.420e+08  -9e-07  0.98  2.9e-02  4.5e-06  2.5e-02  2.1e-01  2.6e-01  1.8e-03  2.6e-01
 206  T 0   1.420e+08   7e-05  0.98  3.5e-02  3.4e-06  2.9e-02  2.3e-01  3.0e-01  1.9e-03  3.0e-01
 207  F 0   1.420e+08   7e-05  0.98  2.5e-02  3.4e-06  0.0e+00  0.0e+00  3.1e-01  2.2e-03  3.1e-01
 207  T 1   1.420e+08  -2e-06  0.98  3.0e-02  4.6e-06  2.5e-02  2.1e-01  2.7e-01  1.8e-03  2.8e-01
 208  T 0   1.420e+08  -3e-06  0.98  3.6e-02  3.4e-06  3.0e-02  2.1e-01  2.8e-01  2.1e-03  2.8e-01
 209  T 0   1.420e+08  -2e-05  0.98  4.3e-02  5.1e-06  3.6e-02  2.7e-01  2.6e-01  1.8e-03  2.7e-01
 210  F 0   1.420e+08  -2e-05  0.98  3.0e-02  5.1e-06  0.0e+00  0.0e+00  2.6e-01  1.8e-03  2.7e-01
 210  T 1   1.420e+08   1e-05  0.98  3.6e-02  3.6e-06  3.0e-02  2.6e-01  2.7e-01  1.5e-03  2.7e-01
 211  F 0   1.420e+08   1e-05  0.98  2.5e-02  3.6e-06  0.0e+00  0.0e+00  2.7e-01  1.8e-03  2.7e-01
 211  T 1   1.420e+08  -7e-07  0.98  3.0e-02  4.8e-06  2.5e-02  2.2e-01  2.7e-01  1.8e-03  2.7e-01
 212  T 0   1.420e+08   8e-05  0.98  3.6e-02  3.9e-06  3.0e-02  2.3e-01  2.7e-01  1.8e-03  2.7e-01
 213  F 0   1.420e+08   8e-05  0.98  2.5e-02  3.9e-06  0.0e+00  0.0e+00  2.7e-01  2.4e-03  2.7e-01
 213  T 1   1.420e+08   3e-07  0.98  3.0e-02  3.6e-06  2.5e-02  2.1e-01  3.0e-01  2.0e-03  3.0e-01
 214  F 0   1.420e+08   3e-07  0.98  2.1e-02  3.6e-06  0.0e+00  0.0e+00  2.7e-01  2.1e-03  2.7e-01
 214  T 1   1.420e+08   4e-06  0.98  2.6e-02  3.8e-06  2.1e-02  1.7e-01  2.7e-01  1.8e-03  2.7e-01
 215  T 0   1.420e+08  -4e-05  0.98  3.1e-02  3.4e-06  2.6e-02  2.0e-01  2.7e-01  1.9e-03  2.7e-01
 216  T 0   1.420e+08   6e-05  0.98  3.7e-02  3.5e-06  3.1e-02  2.3e-01  2.6e-01  1.8e-03  2.6e-01
 217  F 0   1.420e+08   6e-05  0.98  2.6e-02  3.5e-06  0.0e+00  0.0e+00  2.7e-01  2.2e-03  2.8e-01
 217  T 1   1.420e+08   2e-06  0.98  3.1e-02  3.3e-06  2.6e-02  2.1e-01  2.7e-01  1.8e-03  2.7e-01
 218  F 0   1.420e+08   2e-06  0.98  2.2e-02  3.3e-06  0.0e+00  0.0e+00  3.5e-01  2.1e-03  3.5e-01
 218  T 1   1.420e+08   3e-06  0.98  2.6e-02  3.4e-06  2.2e-02  1.8e-01  2.7e-01  1.8e-03  2.7e-01
 219  F 0   1.420e+08   3e-06  0.98  1.8e-02  3.4e-06  0.0e+00  0.0e+00  2.7e-01  1.9e-03  2.7e-01
 219  T 1   1.420e+08   4e-08  0.98  2.2e-02  3.4e-06  1.8e-02  1.5e-01  2.8e-01  1.8e-03  2.8e-01
 220  T 0   1.420e+08  -5e-07  0.98  2.6e-02  3.5e-06  2.2e-02  1.4e-01  3.4e-01  2.1e-03  3.5e-01
 221  T 0   1.420e+08  -2e-07  0.98  3.1e-02  3.4e-06  2.6e-02  1.9e-01  3.4e-01  2.2e-03  3.4e-01
 222  T 0   1.420e+08   3e-06  0.98  3.8e-02  3.9e-06  3.1e-02  2.3e-01  2.9e-01  1.5e-03  2.9e-01
 223  F 0   1.420e+08   3e-06  0.98  2.6e-02  3.9e-06  0.0e+00  0.0e+00  2.7e-01  1.8e-03  2.8e-01
 223  T 1   1.420e+08  -6e-07  0.98  3.2e-02  3.1e-06  2.6e-02  2.3e-01  2.7e-01  1.8e-03  2.7e-01
 224  F 0   1.420e+08  -6e-07  0.98  2.2e-02  3.1e-06  0.0e+00  0.0e+00  2.7e-01  2.4e-03  2.7e-01
 224  T 1   1.420e+08   4e-06  0.98  2.7e-02  4.0e-06  2.2e-02  1.9e-01  2.7e-01  1.8e-03  2.7e-01
 225  T 0   1.420e+08  -2e-06  0.98  3.2e-02  3.0e-06  2.7e-02  2.1e-01  3.0e-01  2.1e-03  3.1e-01
 226  F 0   1.420e+08  -2e-06  0.98  2.2e-02  3.0e-06  0.0e+00  0.0e+00  3.0e-01  2.2e-03  3.0e-01
 226  T 1   1.420e+08   2e-06  0.98  2.7e-02  3.0e-06  2.2e-02  1.9e-01  2.8e-01  1.8e-03  2.8e-01
 227  T 0   1.420e+08  -2e-06  0.98  3.2e-02  3.1e-06  2.7e-02  2.1e-01  2.8e-01  2.1e-03  2.8e-01
 228  T 0   1.420e+08  -2e-06  0.98  3.9e-02  3.3e-06  3.2e-02  2.5e-01  2.7e-01  2.1e-03  2.7e-01
 229  T 0   1.420e+08  -8e-06  0.98  4.6e-02  3.6e-06  3.9e-02  3.1e-01  3.4e-01  2.2e-03  3.4e-01
 230  F 0   1.420e+08  -8e-06  0.98  3.2e-02  3.6e-06  0.0e+00  0.0e+00  2.8e-01  2.1e-03  2.8e-01
 230  T 1   1.420e+08  -4e-06  0.98  3.9e-02  3.1e-06  3.2e-02  2.8e-01  2.6e-01  1.8e-03  2.7e-01
 231  F 0   1.420e+08  -4e-06  0.98  2.7e-02  3.1e-06  0.0e+00  0.0e+00  2.9e-01  2.1e-03  2.9e-01
 231  T 1   1.420e+08   2e-07  0.98  3.3e-02  3.6e-06  2.7e-02  2.4e-01  2.7e-01  1.8e-03  2.7e-01
 232  T 0   1.420e+08  -8e-06  0.98  3.9e-02  3.0e-06  3.3e-02  2.6e-01  2.7e-01  2.1e-03  2.7e-01
 233  T 0   1.420e+08  -3e-06  0.98  4.7e-02  3.9e-06  3.9e-02  3.1e-01  2.7e-01  2.1e-03  2.7e-01
 234  F 0   1.420e+08  -3e-06  0.98  3.3e-02  3.9e-06  0.0e+00  0.0e+00  2.7e-01  2.1e-03  2.8e-01
 234  T 1   1.419e+08  -3e-06  0.98  4.0e-02  2.5e-06  3.3e-02  2.8e-01  2.7e-01  1.8e-03  2.7e-01
 235  F 0   1.419e+08  -3e-06  0.98  2.8e-02  2.5e-06  0.0e+00  0.0e+00  2.7e-01  2.1e-03  2.7e-01
 235  T 1   1.419e+08   7e-06  0.98  3.3e-02  3.2e-06  2.8e-02  2.4e-01  3.4e-01  1.8e-03  3.5e-01
 236  T 0   1.419e+08  -4e-06  0.98  4.0e-02  2.8e-06  3.3e-02  2.6e-01  3.5e-01  2.1e-03  3.5e-01
 237  T 0   1.419e+08  -3e-06  0.98  4.8e-02  3.9e-06  4.0e-02  3.1e-01  2.6e-01  2.2e-03  2.7e-01
 238  F 0   1.419e+08  -3e-06  0.98  3.4e-02  3.9e-06  0.0e+00  0.0e+00  2.6e-01  2.1e-03  2.7e-01
 238  T 1   1.419e+08  -3e-06  0.98  4.0e-02  2.7e-06  3.4e-02  2.9e-01  2.8e-01  1.8e-03  2.8e-01
 239  F 0   1.419e+08  -3e-06  0.98  2.8e-02  2.7e-06  0.0e+00  0.0e+00  2.8e-01  2.1e-03  2.8e-01
 239  T 1   1.419e+08   2e-06  0.98  3.4e-02  2.9e-06  2.8e-02  2.4e-01  2.8e-01  1.8e-03  2.8e-01
 240  T 0   1.419e+08  -4e-06  0.98  4.1e-02  2.8e-06  3.4e-02  2.7e-01  2.8e-01  2.1e-03  2.8e-01
 241  F 0   1.419e+08  -4e-06  0.98  2.8e-02  2.8e-06  0.0e+00  0.0e+00  2.8e-01  2.2e-03  2.8e-01
 241  T 1   1.419e+08  -3e-06  0.98  3.4e-02  3.0e-06  2.8e-02  2.4e-01  2.8e-01  1.8e-03  2.8e-01
 242  T 0   1.419e+08  -3e-07  0.98  4.1e-02  2.7e-06  3.4e-02  2.6e-01  2.8e-01  2.4e-03  2.8e-01
 243  T 0   1.419e+08  -8e-06  0.98  4.9e-02  3.7e-06  4.1e-02  3.2e-01  2.8e-01  2.1e-03  2.8e-01
 244  F 0   1.419e+08  -8e-06  0.98  3.4e-02  3.7e-06  0.0e+00  0.0e+00  3.2e-01  2.1e-03  3.2e-01
 244  T 1   1.419e+08  -1e-06  0.98  4.1e-02  3.1e-06  3.4e-02  3.0e-01  2.7e-01  1.8e-03  2.7e-01
 245  F 0   1.419e+08  -1e-06  0.98  2.9e-02  3.1e-06  0.0e+00  0.0e+00  2.8e-01  2.1e-03  2.8e-01
 245  T 1   1.419e+08  -5e-06  0.98  3.5e-02  3.1e-06  2.9e-02  2.5e-01  2.7e-01  1.8e-03  2.7e-01
 246  T 0   1.419e+08  -2e-06  0.98  4.2e-02  2.7e-06  3.5e-02  2.7e-01  2.6e-01  2.1e-03  2.7e-01
 247  T 0   1.419e+08  -3e-06  0.98  5.0e-02  3.3e-06  4.2e-02  3.3e-01  2.6e-01  2.2e-03  2.6e-01
 248  F 0   1.419e+08  -3e-06  0.98  3.5e-02  3.3e-06  0.0e+00  0.0e+00  2.7e-01  1.8e-03  2.7e-01
 248  T 1   1.419e+08   2e-05  0.98  4.2e-02  3.0e-06  3.5e-02  3.0e-01  2.6e-01  1.5e-03  2.6e-01
 249  F 0   1.419e+08   2e-05  0.98  2.9e-02  3.0e-06  0.0e+00  0.0e+00  2.6e-01  1.8e-03  2.7e-01
 249  T 1   1.419e+08  -2e-06  0.98  3.5e-02  3.2e-06  2.9e-02  2.5e-01  2.7e-01  1.8e-03  2.7e-01
 250  T 0   1.419e+08   2e-05  0.98  4.2e-02  2.6e-06  3.5e-02  2.8e-01  2.7e-01  1.8e-03  2.7e-01
 251  T 0   1.419e+08   3e-05  0.98  5.1e-02  3.4e-06  4.2e-02  3.4e-01  2.7e-01  1.8e-03  2.7e-01
 252  F 0   1.419e+08   3e-05  0.98  3.5e-02  3.4e-06  0.0e+00  0.0e+00  2.6e-01  2.1e-03  2.7e-01
 252  T 1   1.419e+08  -8e-08  0.98  4.3e-02  4.0e-06  3.5e-02  3.1e-01  2.7e-01  1.8e-03  2.7e-01
 253  T 0   1.419e+08   7e-05  0.98  5.1e-02  4.1e-06  4.3e-02  3.4e-01  2.8e-01  1.8e-03  2.8e-01
 254  F 0   1.419e+08   7e-05  0.98  3.6e-02  4.1e-06  0.0e+00  0.0e+00  2.6e-01  2.2e-03  2.7e-01
 254  T 1   1.419e+08   2e-07  0.98  4.3e-02  4.5e-06  3.6e-02  3.1e-01  2.7e-01  1.8e-03  2.7e-01
 255  F 0   1.419e+08   2e-07  0.98  3.0e-02  4.5e-06  0.0e+00  0.0e+00  2.9e-01  2.1e-03  2.9e-01
 255  T 1   1.419e+08  -5e-06  0.98  3.6e-02  4.2e-06  3.0e-02  2.6e-01  2.7e-01  1.8e-03  2.7e-01
 256  T 0   1.419e+08   1e-05  0.98  4.3e-02  3.9e-06  3.6e-02  2.8e-01  3.2e-01  1.8e-03  3.3e-01
 257  F 0   1.419e+08   1e-05  0.98  3.0e-02  3.9e-06  0.0e+00  0.0e+00  2.4e-01  2.0e-03  2.4e-01
 257  T 1   1.419e+08  -6e-06  0.98  3.6e-02  3.7e-06  3.0e-02  2.7e-01  1.9e-01  1.1e-03  2.0e-01
 258  T 0   1.419e+08   3e-05  0.98  4.4e-02  3.5e-06  3.6e-02  2.8e-01  1.9e-01  1.3e-03  2.0e-01
 259  F 0   1.419e+08   3e-05  0.98  3.0e-02  3.5e-06  0.0e+00  0.0e+00  2.1e-01  1.4e-03  2.1e-01
 259  T 1   1.419e+08  -8e-07  0.98  3.7e-02  3.3e-06  3.0e-02  2.7e-01  2.2e-01  1.3e-03  2.3e-01
 260  T 0   1.419e+08   5e-05  0.98  4.4e-02  3.2e-06  3.7e-02  2.8e-01  2.3e-01  1.5e-03  2.3e-01
 261  F 0   1.419e+08   5e-05  0.98  3.1e-02  3.2e-06  0.0e+00  0.0e+00  2.3e-01  1.3e-03  2.3e-01
 261  T 1   1.419e+08  -2e-07  0.98  3.7e-02  3.6e-06  3.1e-02  2.6e-01  2.0e-01  1.3e-03  2.0e-01
 262  F 0   1.419e+08  -2e-07  0.98  2.6e-02  3.6e-06  0.0e+00  0.0e+00  1.9e-01  1.6e-03  2.0e-01
 262  T 1   1.419e+08   9e-09  0.98  3.1e-02  2.9e-06  2.6e-02  2.1e-01  1.9e-01  1.4e-03  1.9e-01
 263  T 0   1.419e+08  -3e-05  0.98  3.7e-02  3.9e-06  3.1e-02  2.4e-01  1.9e-01  1.3e-03  1.9e-01
 264  T 0   1.419e+08   3e-05  0.98  4.5e-02  3.0e-06  3.7e-02  2.8e-01  1.9e-01  1.4e-03  1.9e-01
 265  F 0   1.419e+08   3e-05  0.98  3.1e-02  3.0e-06  0.0e+00  0.0e+00  1.9e-01  1.3e-03  2.0e-01
 265  T 1   1.419e+08  -1e-05  0.98  3.7e-02  3.9e-06  3.1e-02  2.7e-01  1.9e-01  1.1e-03  1.9e-01
 266  T 0   1.419e+08   7e-05  0.98  4.5e-02  3.2e-06  3.7e-02  2.8e-01  1.9e-01  1.4e-03  1.9e-01
 267  F 0   1.419e+08   7e-05  0.98  3.1e-02  3.2e-06  0.0e+00  0.0e+00  1.9e-01  1.5e-03  1.9e-01
 267  T 1   1.419e+08  -6e-07  0.98  3.8e-02  3.9e-06  3.1e-02  2.7e-01  1.9e-01  1.3e-03  1.9e-01
 268  F 0   1.419e+08  -6e-07  0.98  2.6e-02  3.9e-06  0.0e+00  0.0e+00  2.1e-01  1.5e-03  2.1e-01
 268  T 1   1.419e+08   3e-06  0.98  3.2e-02  3.0e-06  2.6e-02  2.2e-01  2.1e-01  1.3e-03  2.1e-01
 269  T 0   1.419e+08   7e-06  0.98  3.8e-02  4.3e-06  3.2e-02  2.5e-01  1.9e-01  9.2e-04  1.9e-01
 270  F 0   1.419e+08   7e-06  0.98  2.7e-02  4.3e-06  0.0e+00  0.0e+00  2.4e-01  1.4e-03  2.4e-01
 270  T 1   1.419e+08  -6e-06  0.98  3.2e-02  3.1e-06  2.7e-02  2.3e-01  2.0e-01  1.1e-03  2.0e-01
 271  T 0   1.419e+08   3e-05  0.98  3.8e-02  4.6e-06  3.2e-02  2.5e-01  2.3e-01  1.4e-03  2.3e-01
 272  F 0   1.419e+08   3e-05  0.98  2.7e-02  4.6e-06  0.0e+00  0.0e+00  1.8e-01  1.7e-03  1.9e-01
 272  T 1   1.419e+08  -5e-07  0.98  3.2e-02  3.2e-06  2.7e-02  2.3e-01  1.9e-01  1.3e-03  1.9e-01
 273  T 0   1.419e+08   5e-05  0.98  3.9e-02  2.9e-06  3.2e-02  2.5e-01  2.3e-01  1.3e-03  2.3e-01
 274  F 0   1.419e+08   5e-05  0.98  2.7e-02  2.9e-06  0.0e+00  0.0e+00  1.9e-01  1.6e-03  1.9e-01
 274  T 1   1.419e+08  -7e-06  0.98  3.2e-02  3.7e-06  2.7e-02  2.4e-01  1.9e-01  1.1e-03  1.9e-01
 275  F 0   1.419e+08  -7e-06  0.98  2.3e-02  3.7e-06  0.0e+00  0.0e+00  2.1e-01  1.5e-03  2.1e-01
 275  T 1   1.419e+08   2e-06  0.98  2.7e-02  3.1e-06  2.3e-02  2.0e-01  1.9e-01  1.6e-03  1.9e-01
 276  T 0   1.419e+08  -4e-06  0.98  3.3e-02  3.7e-06  2.7e-02  2.2e-01  1.9e-01  1.4e-03  1.9e-01
 277  T 0   1.419e+08   4e-05  0.98  3.9e-02  2.9e-06  3.3e-02  2.6e-01  2.0e-01  1.4e-03  2.0e-01
 278  F 0   1.419e+08   4e-05  0.98  2.8e-02  2.9e-06  0.0e+00  0.0e+00  1.9e-01  1.7e-03  1.9e-01
 278  T 1   1.419e+08  -9e-06  0.98  3.3e-02  3.5e-06  2.8e-02  2.4e-01  1.9e-01  1.1e-03  1.9e-01
 279  F 0   1.419e+08  -9e-06  0.98  2.3e-02  3.5e-06  0.0e+00  0.0e+00  1.9e-01  1.4e-03  1.9e-01
 279  T 1   1.419e+08   8e-06  0.98  2.8e-02  3.0e-06  2.3e-02  2.0e-01  2.3e-01  1.1e-03  2.3e-01
 280  T 0   1.419e+08   3e-05  0.98  3.3e-02  2.9e-06  2.8e-02  2.2e-01  1.9e-01  1.3e-03  1.9e-01
 281  F 0   1.419e+08   3e-05  0.98  2.3e-02  2.9e-06  0.0e+00  0.0e+00  1.9e-01  1.3e-03  1.9e-01
 281  T 1   1.419e+08  -2e-05  0.98  2.8e-02  3.1e-06  2.3e-02  2.0e-01  1.9e-01  1.1e-03  1.9e-01
 282  T 0   1.419e+08   4e-07  0.98  3.4e-02  3.0e-06  2.8e-02  2.2e-01  1.8e-01  1.6e-03  1.9e-01
 283  T 0   1.419e+08   4e-05  0.98  4.0e-02  3.4e-06  3.4e-02  2.7e-01  2.0e-01  1.4e-03  2.1e-01
 284  F 0   1.419e+08   4e-05  0.98  2.8e-02  3.4e-06  0.0e+00  0.0e+00  2.5e-01  1.3e-03  2.6e-01
 284  T 1   1.419e+08  -6e-06  0.98  3.4e-02  3.2e-06  2.8e-02  2.4e-01  2.0e-01  1.1e-03  2.0e-01
 285  T 0   1.419e+08   3e-05  0.98  4.1e-02  3.7e-06  3.4e-02  2.5e-01  2.1e-01  1.5e-03  2.1e-01
 286  F 0   1.419e+08   3e-05  0.98  2.8e-02  3.7e-06  0.0e+00  0.0e+00  1.9e-01  1.3e-03  2.0e-01
 286  T 1   1.419e+08  -5e-06  0.98  3.4e-02  3.5e-06  2.8e-02  2.4e-01  2.0e-01  1.1e-03  2.0e-01
 287  F 0   1.419e+08  -5e-06  0.98  2.4e-02  3.5e-06  0.0e+00  0.0e+00  2.5e-01  1.7e-03  2.5e-01
 287  T 1   1.419e+08   9e-06  0.98  2.9e-02  3.8e-06  2.4e-02  2.0e-01  2.3e-01  1.2e-03  2.4e-01
 288  T 0   1.418e+08   1e-05  0.98  3.4e-02  3.7e-06  2.9e-02  2.3e-01  2.0e-01  1.4e-03  2.0e-01
 289  F 0   1.418e+08   1e-05  0.98  2.4e-02  3.7e-06  0.0e+00  0.0e+00  2.0e-01  1.1e-03  2.1e-01
 289  T 1   1.418e+08  -2e-05  0.98  2.9e-02  4.0e-06  2.4e-02  2.0e-01  2.5e-01  1.2e-03  2.6e-01
 290  T 0   1.418e+08   4e-05  0.98  3.5e-02  3.8e-06  2.9e-02  2.2e-01  2.4e-01  1.8e-03  2.4e-01
 291  F 0   1.418e+08   4e-05  0.98  2.4e-02  3.8e-06  0.0e+00  0.0e+00  2.4e-01  1.7e-03  2.5e-01
 291  T 1   1.418e+08  -1e-05  0.98  2.9e-02  2.1e-06  2.4e-02  2.0e-01  2.5e-01  1.4e-03  2.5e-01
 292  T 0   1.418e+08   4e-05  0.98  3.5e-02  2.5e-06  2.9e-02  2.2e-01  2.4e-01  1.6e-03  2.5e-01
 293  T 0   1.418e+08   4e-05  0.98  4.2e-02  2.5e-06  3.5e-02  2.6e-01  2.6e-01  1.8e-03  2.7e-01
 294  F 0   1.418e+08   4e-05  0.98  2.9e-02  2.5e-06  0.0e+00  0.0e+00  2.5e-01  2.1e-03  2.6e-01
 294  T 1   1.418e+08  -4e-07  0.98  3.5e-02  2.6e-06  2.9e-02  2.5e-01  2.5e-01  1.7e-03  2.5e-01
 295  F 0   1.418e+08  -4e-07  0.98  2.5e-02  2.6e-06  0.0e+00  0.0e+00  2.4e-01  2.0e-03  2.5e-01
 295  T 1   1.418e+08  -2e-06  0.98  3.0e-02  2.2e-06  2.5e-02  2.1e-01  2.6e-01  1.8e-03  2.6e-01
 296  F 0   1.418e+08  -2e-06  0.98  2.1e-02  2.2e-06  0.0e+00  0.0e+00  2.4e-01  1.8e-03  2.4e-01
 296  T 1   1.418e+08  -5e-06  0.98  2.5e-02  3.3e-06  2.1e-02  1.8e-01  2.4e-01  1.5e-03  2.4e-01
 297  T 0   1.418e+08   6e-05  0.98  3.0e-02  2.9e-06  2.5e-02  1.8e-01  2.5e-01  1.7e-03  2.5e-01
 298  F 0   1.418e+08   6e-05  0.98  2.1e-02  2.9e-06  0.0e+00  0.0e+00  2.4e-01  2.2e-03  2.5e-01
 298  F 1   1.418e+08   6e-05  0.98  1.5e-02  2.9e-06  0.0e+00  0.0e+00  2.4e-01  1.8e-03  2.4e-01
 298  F 2   1.418e+08   6e-05  0.98  1.0e-02  2.9e-06  0.0e+00  0.0e+00  2.4e-01  1.4e-03  2.4e-01
 298  F 3   1.418e+08   6e-05  0.98  7.2e-03  2.9e-06  0.0e+00  0.0e+00  2.5e-01  1.5e-03  2.5e-01
 298  F 4   1.418e+08   6e-05  0.98  5.0e-03  2.9e-06  0.0e+00  0.0e+00  2.3e-01  1.7e-03  2.4e-01
 298  F 5   1.418e+08   6e-05  0.98  3.5e-03  2.9e-06  0.0e+00  0.0e+00  2.3e-01  1.7e-03  2.3e-01
 298  F 6   1.418e+08   6e-05  0.98  2.5e-03  2.9e-06  0.0e+00  0.0e+00  2.7e-01  1.7e-03  2.7e-01
 298  F 7   1.418e+08   6e-05  0.98  1.7e-03  2.9e-06  0.0e+00  0.0e+00  2.4e-01  1.6e-03  2.4e-01
 298  F 8   1.418e+08   6e-05  0.98  1.2e-03  2.9e-06  0.0e+00  0.0e+00  2.4e-01  1.7e-03  2.4e-01
 298  F 9   1.418e+08   6e-05  0.98  8.4e-04  2.9e-06  0.0e+00  0.0e+00  2.4e-01  1.8e-03  2.5e-01
 298  F10   1.418e+08   6e-05  0.98  5.9e-04  2.9e-06  0.0e+00  0.0e+00  2.7e-01  2.0e-03  2.7e-01
 298  F11   1.418e+08   6e-05  0.98  4.1e-04  2.9e-06  0.0e+00  0.0e+00  2.5e-01  2.2e-03  2.5e-01
 298  F12   1.418e+08   6e-05  0.98  2.9e-04  2.9e-06  0.0e+00  0.0e+00  2.5e-01  2.8e-03  2.6e-01
 298  F13   1.418e+08   6e-05  0.98  2.0e-04  2.9e-06  0.0e+00  0.0e+00  2.3e-01  2.7e-03  2.4e-01
 298  F14   1.418e+08   6e-05  0.98  1.4e-04  2.9e-06  0.0e+00  0.0e+00  2.4e-01  2.7e-03  2.4e-01
 298  F15   1.418e+08   6e-05  0.98  9.9e-05  2.9e-06  0.0e+00  0.0e+00  2.4e-01  2.7e-03  2.4e-01
 298  F16   1.418e+08   6e-05  0.98  6.9e-05  2.9e-06  0.0e+00  0.0e+00  2.4e-01  2.8e-03  2.4e-01
 298  F17   1.418e+08   6e-05  0.98  4.9e-05  2.9e-06  0.0e+00  0.0e+00  2.8e-01  2.5e-03  2.8e-01
 298  F18   1.418e+08   6e-05  0.98  3.4e-05  2.9e-06  0.0e+00  0.0e+00  2.9e-01  2.6e-03  3.0e-01
 298  F19   1.418e+08   6e-05  0.98  2.4e-05  2.9e-06  0.0e+00  0.0e+00  2.9e-01  3.0e-03  2.9e-01
 298  F20   1.418e+08   6e-05  0.98  1.7e-05  2.9e-06  0.0e+00  0.0e+00  3.1e-01  2.9e-03  3.1e-01
 298  F21   1.418e+08   6e-05  0.98  1.2e-05  2.9e-06  0.0e+00  0.0e+00  2.7e-01  2.7e-03  2.7e-01
 298  F22   1.418e+08   6e-05  0.98  8.2e-06  2.9e-06  0.0e+00  0.0e+00  2.6e-01  5.6e-03  2.7e-01
 298  F23   1.418e+08   6e-05  0.98  5.7e-06  2.9e-06  0.0e+00  0.0e+00  3.4e-01  5.4e-03  3.5e-01
 298  F24   1.418e+08   6e-05  0.98  4.0e-06  2.9e-06  0.0e+00  0.0e+00  2.6e-01  5.3e-03  2.7e-01
 298  F25   1.418e+08   6e-05  0.98  2.8e-06  2.9e-06  0.0e+00  0.0e+00  2.7e-01  5.2e-03  2.8e-01
 298  F26   1.418e+08   6e-05  0.98  2.0e-06  2.9e-06  0.0e+00  0.0e+00  2.8e-01  4.8e-03  2.8e-01
 298  F27   1.418e+08   6e-05  0.98  1.4e-06  2.9e-06  0.0e+00  0.0e+00  2.6e-01  4.9e-03  2.7e-01
 298  F28   1.418e+08   6e-05  0.98  9.6e-07  2.9e-06  0.0e+00  0.0e+00  2.6e-01  4.9e-03  2.7e-01
 298  F29   1.418e+08   6e-05  0.98  6.7e-07  2.9e-06  0.0e+00  0.0e+00  2.7e-01  4.8e-03  2.7e-01
 298  F30   1.418e+08   6e-05  0.98  4.7e-07  2.9e-06  0.0e+00  0.0e+00  2.7e-01  4.9e-03  2.7e-01
 298  F31   1.418e+08   6e-05  0.98  3.3e-07  2.9e-06  0.0e+00  0.0e+00  2.7e-01  4.7e-03  2.7e-01
Enforced Termination; excessively reduced trust-region
Total number of system evaluations: 481
