   k  l     Obj         Vio    Bou   ML       |KKT|    |dX|     ||dX||   T_s      T_o      T_t
   0  T 0   9.132e+07  -9e+00  1.00  2.0e-01  0.0e+00  1.0e+00  1.0e+00  4.5e-01  0.0e+00  0.0e+00
   1  T 0   6.921e+07  -7e+00  0.12  2.0e-01  6.6e-04  2.0e-01  1.1e+01  2.4e-01  5.8e-03  2.5e-01
   2  T 0   5.337e+07  -6e+00  0.17  2.0e-01  7.1e-04  2.0e-01  1.1e+01  3.2e-01  1.8e-03  3.2e-01
   3  T 0   4.296e+07  -4e+00  0.09  2.0e-01  1.4e-03  2.0e-01  1.1e+01  2.2e-01  1.5e-03  2.3e-01
   4  T 0   3.081e+07  -4e+00  0.10  2.0e-01  8.6e-04  2.0e-01  1.1e+01  2.2e-01  1.9e-03  2.3e-01
   5  T 0   1.757e+07  -3e+00  0.50  2.0e-01  7.2e-04  2.0e-01  1.1e+01  2.3e-01  1.9e-03  2.3e-01
   6  T 0   1.510e+07  -2e+00  0.51  2.0e-01  6.4e-04  2.0e-01  7.2e+00  2.3e-01  2.0e-03  2.3e-01
   7  T 0   1.308e+07  -2e+00  0.58  2.0e-01  5.7e-03  2.0e-01  6.1e+00  2.3e-01  2.1e-03  2.3e-01
   8  T 0   1.174e+07  -2e+00  0.60  2.0e-01  8.0e-04  2.0e-01  4.8e+00  2.3e-01  2.0e-03  2.3e-01
   9  T 0   1.022e+07  -1e+00  0.63  2.0e-01  2.2e-03  2.0e-01  4.2e+00  2.4e-01  2.1e-03  2.4e-01
  10  T 0   8.929e+06  -1e+00  0.66  2.0e-01  1.0e-03  2.0e-01  3.8e+00  2.1e-01  1.9e-03  2.1e-01
  11  T 0   8.038e+06  -1e+00  0.72  2.0e-01  1.6e-03  2.0e-01  3.3e+00  2.0e-01  1.9e-03  2.0e-01
  12  T 0   7.483e+06  -1e+00  0.73  2.0e-01  3.4e-04  2.0e-01  3.0e+00  2.4e-01  2.1e-03  2.4e-01
  13  T 0   6.817e+06  -9e-01  0.76  2.0e-01  5.2e-04  2.0e-01  2.8e+00  3.0e-01  1.9e-03  3.0e-01
  14  T 0   6.289e+06  -8e-01  0.78  2.0e-01  5.4e-04  2.0e-01  2.4e+00  2.1e-01  2.1e-03  2.1e-01
  15  T 0   5.817e+06  -8e-01  0.81  2.0e-01  4.9e-04  2.0e-01  2.4e+00  2.1e-01  2.1e-03  2.1e-01
  16  T 0   5.488e+06  -7e-01  0.83  2.0e-01  5.3e-04  2.0e-01  2.2e+00  2.0e-01  1.9e-03  2.0e-01
  17  T 0   5.239e+06  -6e-01  0.85  2.0e-01  3.5e-04  2.0e-01  2.0e+00  2.0e-01  2.0e-03  2.0e-01
  18  T 0   5.038e+06  -5e-01  0.87  2.0e-01  2.9e-03  2.0e-01  1.7e+00  2.0e-01  2.0e-03  2.0e-01
  19  T 0   4.901e+06  -5e-01  0.87  2.0e-01  3.0e-04  2.0e-01  1.9e+00  2.6e-01  1.9e-03  2.6e-01
  20  T 0   4.672e+06  -4e-01  0.88  2.0e-01  9.7e-04  2.0e-01  1.9e+00  2.4e-01  2.0e-03  2.4e-01
  21  T 0   4.500e+06  -4e-01  0.89  2.0e-01  1.0e-03  2.0e-01  1.7e+00  2.3e-01  2.0e-03  2.3e-01
  22  T 0   4.398e+06  -3e-01  0.91  2.0e-01  5.7e-04  2.0e-01  1.8e+00  2.0e-01  1.9e-03  2.0e-01
  23  T 0   4.310e+06  -3e-01  0.91  2.0e-01  9.5e-04  2.0e-01  1.7e+00  2.2e-01  2.1e-03  2.2e-01
  24  T 0   4.231e+06  -3e-01  0.93  2.0e-01  6.9e-04  2.0e-01  1.5e+00  2.1e-01  1.9e-03  2.1e-01
  25  T 0   4.174e+06  -3e-01  0.93  2.0e-01  1.7e-03  2.0e-01  1.1e+00  2.0e-01  1.9e-03  2.1e-01
  26  T 0   4.131e+06  -2e-01  0.93  2.0e-01  3.4e-04  2.0e-01  1.1e+00  1.8e-01  1.9e-03  1.8e-01
  27  T 0   4.089e+06  -2e-01  0.94  2.0e-01  1.6e-04  2.0e-01  1.0e+00  1.5e-01  1.3e-03  1.5e-01
  28  T 0   4.059e+06  -2e-01  0.94  2.0e-01  1.3e-04  1.9e-01  8.6e-01  1.5e-01  1.3e-03  1.6e-01
  29  T 0   4.036e+06  -2e-01  0.95  2.0e-01  1.7e-04  2.0e-01  8.2e-01  1.5e-01  1.3e-03  1.5e-01
  30  T 0   4.020e+06  -2e-01  0.95  2.0e-01  4.2e-04  2.0e-01  8.0e-01  1.5e-01  1.3e-03  1.5e-01
  31  T 0   4.005e+06  -2e-01  0.95  2.0e-01  4.4e-04  2.0e-01  7.6e-01  1.6e-01  1.3e-03  1.6e-01
  32  T 0   3.992e+06  -1e-01  0.95  2.0e-01  4.5e-04  2.0e-01  9.0e-01  1.5e-01  1.3e-03  1.5e-01
  33  T 0   3.977e+06  -1e-01  0.95  2.0e-01  1.6e-04  2.0e-01  6.6e-01  1.5e-01  1.3e-03  1.5e-01
  34  T 0   3.966e+06  -1e-01  0.96  2.0e-01  1.2e-04  2.0e-01  6.4e-01  1.5e-01  1.4e-03  1.5e-01
  35  T 0   3.955e+06  -1e-01  0.96  2.0e-01  1.0e-04  1.8e-01  5.3e-01  1.5e-01  1.3e-03  1.5e-01
  36  T 0   3.943e+06  -1e-01  0.96  2.0e-01  1.2e-04  1.7e-01  5.2e-01  1.5e-01  1.3e-03  1.5e-01
  37  T 0   3.931e+06  -1e-01  0.96  2.0e-01  1.1e-04  1.5e-01  5.0e-01  1.5e-01  1.3e-03  1.5e-01
  38  T 0   3.918e+06  -1e-01  0.96  2.0e-01  1.1e-04  2.0e-01  5.2e-01  1.5e-01  1.4e-03  1.5e-01
  39  T 0   3.903e+06  -1e-01  0.96  2.0e-01  1.1e-04  1.5e-01  5.4e-01  1.5e-01  1.3e-03  1.5e-01
  40  T 0   3.889e+06  -1e-01  0.96  2.0e-01  1.9e-04  1.4e-01  5.7e-01  1.5e-01  1.3e-03  1.5e-01
  41  T 0   3.888e+06  -1e-01  0.96  2.0e-01  4.0e-04  1.8e-01  7.0e-01  1.7e-01  1.4e-03  1.7e-01
  42  T 0   3.876e+06  -1e-01  0.96  2.0e-01  2.7e-04  2.0e-01  7.6e-01  1.7e-01  1.3e-03  1.7e-01
  43  T 0   3.873e+06  -1e-01  0.96  2.0e-01  3.3e-04  2.0e-01  7.8e-01  1.5e-01  1.3e-03  1.5e-01
  44  T 0   3.862e+06  -1e-01  0.95  2.0e-01  1.8e-04  2.0e-01  7.9e-01  2.0e-01  1.3e-03  2.0e-01
  45  T 0   3.847e+06  -9e-02  0.96  2.0e-01  1.7e-04  2.0e-01  7.2e-01  1.8e-01  1.3e-03  1.8e-01
  46  T 0   3.841e+06  -9e-02  0.95  2.0e-01  1.1e-04  2.0e-01  6.5e-01  1.8e-01  1.3e-03  1.8e-01
  47  T 0   3.828e+06  -8e-02  0.96  2.0e-01  4.0e-04  2.0e-01  6.8e-01  1.4e-01  1.3e-03  1.4e-01
  48  T 0   3.827e+06  -9e-02  0.96  2.0e-01  1.1e-04  2.0e-01  6.3e-01  1.5e-01  1.3e-03  1.5e-01
  49  T 0   3.814e+06  -8e-02  0.96  2.0e-01  1.3e-04  2.0e-01  6.3e-01  2.0e-01  1.3e-03  2.0e-01
  50  T 0   3.808e+06  -8e-02  0.96  2.0e-01  1.1e-04  1.2e-01  3.8e-01  1.9e-01  1.4e-03  2.0e-01
  51  T 0   3.802e+06  -7e-02  0.96  2.0e-01  1.2e-04  1.6e-01  4.7e-01  2.0e-01  1.5e-03  2.0e-01
  52  T 0   3.793e+06  -7e-02  0.96  2.0e-01  1.4e-04  2.0e-01  5.2e-01  1.6e-01  1.3e-03  1.6e-01
  53  T 0   3.785e+06  -6e-02  0.96  2.0e-01  3.8e-04  1.8e-01  5.2e-01  1.9e-01  1.3e-03  1.9e-01
  54  T 0   3.776e+06  -6e-02  0.96  2.0e-01  5.4e-04  1.8e-01  4.9e-01  1.7e-01  1.3e-03  1.7e-01
  55  T 0   3.772e+06  -6e-02  0.96  2.0e-01  1.9e-04  1.9e-01  5.4e-01  1.5e-01  1.3e-03  1.5e-01
  56  T 0   3.768e+06  -6e-02  0.97  2.0e-01  2.4e-04  2.0e-01  6.4e-01  1.8e-01  1.3e-03  1.8e-01
  57  F 0   3.768e+06  -5e-02  0.96  2.0e-01  3.2e-04  2.0e-01  7.0e-01  2.8e-01  1.3e-03  2.8e-01
  58  T 0   3.760e+06  -5e-02  0.96  2.0e-01  2.1e-04  2.0e-01  6.9e-01  2.0e-01  1.3e-03  2.0e-01
  59  T 0   3.757e+06  -5e-02  0.96  2.0e-01  2.8e-04  2.0e-01  6.4e-01  1.6e-01  1.4e-03  1.6e-01
  60  T 0   3.746e+06  -5e-02  0.96  2.0e-01  1.2e-04  1.8e-01  4.9e-01  1.5e-01  1.3e-03  1.5e-01
  61  T 0   3.738e+06  -4e-02  0.96  2.0e-01  1.7e-04  1.5e-01  4.3e-01  1.5e-01  1.3e-03  1.5e-01
  62  T 0   3.729e+06  -4e-02  0.97  2.0e-01  1.3e-04  1.5e-01  4.5e-01  1.5e-01  1.3e-03  1.5e-01
  63  T 0   3.718e+06  -3e-02  0.97  2.0e-01  1.7e-04  1.9e-01  5.0e-01  1.5e-01  1.3e-03  1.5e-01
  64  T 0   3.708e+06  -3e-02  0.97  2.0e-01  1.8e-04  1.5e-01  5.3e-01  1.5e-01  1.3e-03  1.5e-01
  65  T 0   3.696e+06  -3e-02  0.97  2.0e-01  1.6e-04  1.9e-01  5.2e-01  1.5e-01  1.3e-03  1.5e-01
  66  T 0   3.686e+06  -3e-02  0.97  2.0e-01  1.6e-04  1.4e-01  4.4e-01  1.5e-01  1.3e-03  1.5e-01
  67  T 0   3.674e+06  -2e-02  0.97  2.0e-01  1.8e-04  1.6e-01  4.7e-01  1.4e-01  1.3e-03  1.5e-01
  68  T 0   3.663e+06  -2e-02  0.97  2.0e-01  1.7e-04  2.0e-01  5.0e-01  1.5e-01  1.3e-03  1.5e-01
  69  T 0   3.656e+06  -2e-02  0.97  2.0e-01  1.6e-04  1.5e-01  3.9e-01  1.4e-01  1.3e-03  1.4e-01
  70  T 0   3.648e+06  -2e-02  0.97  2.0e-01  1.7e-04  1.8e-01  4.2e-01  1.5e-01  1.3e-03  1.5e-01
  71  T 0   3.642e+06  -2e-02  0.97  2.0e-01  1.6e-04  1.7e-01  5.3e-01  1.5e-01  1.3e-03  1.5e-01
  72  F 0   3.642e+06  -2e-02  0.97  2.0e-01  2.1e-04  2.0e-01  6.9e-01  1.5e-01  1.3e-03  1.5e-01
  73  T 0   3.640e+06  -2e-02  0.97  2.0e-01  1.9e-04  2.0e-01  8.4e-01  1.4e-01  1.3e-03  1.4e-01
  74  T 0   3.629e+06  -1e-02  0.96  2.0e-01  2.1e-04  2.0e-01  8.7e-01  1.4e-01  1.3e-03  1.4e-01
  75  T 0   3.620e+06  -2e-02  0.96  2.0e-01  2.3e-04  2.0e-01  7.4e-01  1.4e-01  1.3e-03  1.4e-01
  76  T 0   3.617e+06  -1e-02  0.96  2.0e-01  3.5e-04  2.0e-01  5.7e-01  1.5e-01  1.3e-03  1.5e-01
  77  T 0   3.611e+06  -1e-02  0.97  2.0e-01  3.6e-04  2.0e-01  5.1e-01  1.5e-01  1.3e-03  1.5e-01
  78  T 0   3.604e+06  -1e-02  0.97  2.0e-01  3.5e-04  2.0e-01  4.7e-01  1.5e-01  1.3e-03  1.5e-01
  79  F 0   3.605e+06  -1e-02  0.97  2.0e-01  4.3e-04  2.0e-01  4.8e-01  1.5e-01  1.3e-03  1.5e-01
  80  T 0   3.590e+06  -1e-02  0.97  2.0e-01  2.9e-04  2.0e-01  4.8e-01  1.7e-01  1.3e-03  1.7e-01
  81  T 0   3.587e+06  -1e-02  0.97  2.0e-01  3.3e-04  1.9e-01  3.8e-01  1.4e-01  1.3e-03  1.4e-01
  82  T 0   3.577e+06  -1e-02  0.97  2.0e-01  1.3e-04  1.9e-01  3.6e-01  1.4e-01  1.3e-03  1.4e-01
  83  T 0   3.572e+06  -1e-02  0.97  2.0e-01  1.4e-04  1.2e-01  2.7e-01  1.6e-01  1.3e-03  1.6e-01
  84  T 0   3.567e+06  -1e-02  0.97  2.0e-01  1.1e-04  1.3e-01  3.1e-01  1.6e-01  1.3e-03  1.6e-01
  85  T 0   3.563e+06  -7e-03  0.97  2.0e-01  1.4e-04  1.3e-01  3.4e-01  1.7e-01  1.3e-03  1.7e-01
  86  T 0   3.558e+06  -9e-03  0.97  2.0e-01  1.5e-04  1.4e-01  4.0e-01  1.5e-01  1.3e-03  1.5e-01
  87  T 0   3.550e+06  -6e-03  0.97  2.0e-01  1.5e-04  1.4e-01  4.3e-01  1.5e-01  1.4e-03  1.6e-01
  88  T 0   3.544e+06  -5e-03  0.97  2.0e-01  1.1e-04  1.2e-01  4.3e-01  1.6e-01  1.4e-03  1.6e-01
  89  T 0   3.533e+06  -5e-03  0.97  2.0e-01  1.4e-04  2.0e-01  4.7e-01  1.7e-01  1.3e-03  1.7e-01
  90  T 0   3.525e+06  -3e-03  0.97  2.0e-01  1.1e-04  1.5e-01  3.8e-01  1.7e-01  2.3e-03  1.7e-01
  91  T 0   3.514e+06  -3e-03  0.97  2.0e-01  1.4e-04  1.8e-01  3.8e-01  1.7e-01  2.2e-03  1.7e-01
  92  T 0   3.502e+06  -3e-03  0.97  2.0e-01  1.4e-04  1.7e-01  4.0e-01  1.6e-01  2.3e-03  1.6e-01
  93  T 0   3.490e+06  -3e-03  0.97  2.0e-01  1.4e-04  1.2e-01  4.2e-01  1.6e-01  2.0e-03  1.6e-01
  94  T 0   3.476e+06  -4e-03  0.97  2.0e-01  1.4e-04  1.5e-01  4.8e-01  1.7e-01  2.0e-03  1.8e-01
  95  T 0   3.461e+06  -4e-03  0.97  2.0e-01  1.6e-04  1.4e-01  4.8e-01  2.3e-01  8.8e-03  2.4e-01
  96  T 0   3.449e+06  -3e-03  0.97  2.0e-01  1.6e-04  2.0e-01  4.9e-01  1.9e-01  2.5e-03  2.0e-01
  97  T 0   3.440e+06  -3e-03  0.97  2.0e-01  1.5e-04  1.8e-01  4.8e-01  1.9e-01  2.5e-03  1.9e-01
  98  T 0   3.432e+06  -3e-03  0.97  2.0e-01  3.3e-04  2.0e-01  4.6e-01  1.9e-01  2.6e-03  1.9e-01
  99  F 0   3.436e+06  -4e-03  0.97  2.0e-01  6.2e-04  2.0e-01  5.6e-01  1.9e-01  2.9e-03  1.9e-01
 100  T 0   3.427e+06  -6e-03  0.97  2.0e-01  3.2e-04  2.0e-01  6.3e-01  1.9e-01  2.5e-03  2.0e-01
 101  T 0   3.423e+06  -7e-03  0.97  2.0e-01  5.6e-04  2.0e-01  7.0e-01  1.9e-01  2.9e-03  1.9e-01
 102  T 0   3.413e+06  -7e-03  0.96  2.0e-01  2.8e-04  2.0e-01  7.6e-01  1.9e-01  2.9e-03  1.9e-01
 103  T 0   3.406e+06  -8e-03  0.96  2.0e-01  4.2e-04  2.0e-01  8.5e-01  1.9e-01  2.6e-03  1.9e-01
 104  T 0   3.388e+06  -7e-03  0.96  2.0e-01  1.9e-04  2.0e-01  7.4e-01  1.8e-01  2.9e-03  1.9e-01
 105  T 0   3.374e+06  -6e-03  0.96  2.0e-01  2.3e-04  1.7e-01  5.7e-01  1.8e-01  2.8e-03  1.9e-01
 106  T 0   3.359e+06  -4e-03  0.96  2.0e-01  2.1e-04  2.0e-01  4.8e-01  1.9e-01  2.9e-03  1.9e-01
 107  T 0   3.344e+06  -3e-03  0.96  2.0e-01  2.6e-04  1.9e-01  4.9e-01  2.0e-01  2.6e-03  2.1e-01
 108  T 0   3.332e+06  -3e-03  0.97  2.0e-01  2.1e-04  1.2e-01  3.7e-01  1.8e-01  3.2e-03  1.9e-01
 109  T 0   3.322e+06  -3e-03  0.96  2.0e-01  2.9e-04  1.4e-01  3.9e-01  1.9e-01  3.2e-03  1.9e-01
 110  T 0   3.309e+06  -4e-03  0.97  2.0e-01  2.6e-04  1.3e-01  4.4e-01  2.2e-01  2.6e-03  2.2e-01
 111  T 0   3.297e+06  -4e-03  0.96  2.0e-01  3.9e-04  1.7e-01  5.0e-01  2.0e-01  2.9e-03  2.0e-01
 112  T 0   3.280e+06  -4e-03  0.96  2.0e-01  2.4e-04  2.0e-01  5.1e-01  1.9e-01  3.4e-03  2.0e-01
 113  T 0   3.269e+06  -4e-03  0.96  2.0e-01  4.0e-04  2.0e-01  5.5e-01  1.9e-01  2.8e-03  1.9e-01
 114  T 0   3.253e+06  -4e-03  0.96  2.0e-01  3.1e-04  2.0e-01  5.0e-01  1.9e-01  2.2e-03  1.9e-01
 115  T 0   3.237e+06  -4e-03  0.96  2.0e-01  3.5e-04  2.0e-01  5.4e-01  2.0e-01  2.5e-03  2.0e-01
 116  T 0   3.217e+06  -4e-03  0.97  2.0e-01  3.2e-04  1.6e-01  4.5e-01  1.9e-01  2.9e-03  2.0e-01
 117  T 0   3.195e+06  -4e-03  0.97  2.0e-01  3.7e-04  1.8e-01  5.0e-01  2.0e-01  2.9e-03  2.0e-01
 118  T 0   3.177e+06  -3e-03  0.97  2.0e-01  3.9e-04  1.7e-01  3.8e-01  1.8e-01  2.6e-03  1.8e-01
 119  T 0   3.164e+06  -4e-03  0.97  2.0e-01  3.3e-04  1.5e-01  4.1e-01  1.8e-01  2.5e-03  1.8e-01
 120  T 0   3.152e+06  -5e-03  0.97  2.0e-01  5.1e-04  2.0e-01  5.6e-01  1.9e-01  2.8e-03  1.9e-01
 121  T 0   3.151e+06  -6e-03  0.97  2.0e-01  5.3e-04  2.0e-01  6.1e-01  1.8e-01  2.9e-03  1.9e-01
 122  T 0   3.136e+06  -8e-03  0.96  2.0e-01  6.1e-04  2.0e-01  7.5e-01  1.8e-01  3.2e-03  1.9e-01
 123  T 0   3.118e+06  -7e-03  0.96  2.0e-01  3.2e-04  1.9e-01  6.5e-01  1.9e-01  3.2e-03  1.9e-01
 124  T 0   3.091e+06  -7e-03  0.96  2.0e-01  4.3e-04  2.0e-01  6.8e-01  1.8e-01  3.3e-03  1.8e-01
 125  T 0   3.066e+06  -5e-03  0.96  2.0e-01  4.9e-04  1.9e-01  5.5e-01  1.9e-01  2.9e-03  1.9e-01
 126  T 0   3.042e+06  -4e-03  0.96  2.0e-01  4.7e-04  1.7e-01  4.7e-01  1.8e-01  3.2e-03  1.9e-01
 127  T 0   3.021e+06  -4e-03  0.97  2.0e-01  3.4e-04  1.6e-01  4.3e-01  1.9e-01  2.8e-03  1.9e-01
 128  T 0   3.001e+06  -4e-03  0.97  2.0e-01  3.8e-04  1.4e-01  4.5e-01  2.2e-01  2.6e-03  2.2e-01
 129  T 0   2.979e+06  -4e-03  0.96  2.0e-01  3.5e-04  1.6e-01  4.8e-01  2.3e-01  2.9e-03  2.3e-01
 130  T 0   2.961e+06  -3e-03  0.97  2.0e-01  3.5e-04  1.7e-01  4.5e-01  2.0e-01  2.9e-03  2.1e-01
 131  T 0   2.946e+06  -3e-03  0.97  2.0e-01  3.6e-04  1.7e-01  4.5e-01  2.0e-01  2.5e-03  2.1e-01
 132  F 0   2.948e+06  -3e-03  0.97  2.0e-01  6.3e-04  2.0e-01  4.7e-01  2.0e-01  2.8e-03  2.0e-01
 133  T 0   2.941e+06  -4e-03  0.97  2.0e-01  3.9e-04  2.0e-01  6.0e-01  2.0e-01  2.9e-03  2.1e-01
 134  T 0   2.935e+06  -6e-03  0.96  2.0e-01  5.1e-04  2.0e-01  7.2e-01  2.0e-01  3.3e-03  2.0e-01
 135  T 0   2.916e+06  -6e-03  0.96  2.0e-01  3.0e-04  2.0e-01  6.5e-01  2.1e-01  2.8e-03  2.1e-01
 136  T 0   2.903e+06  -4e-03  0.96  2.0e-01  3.5e-04  2.0e-01  5.7e-01  2.1e-01  3.4e-03  2.1e-01
 137  T 0   2.887e+06  -3e-03  0.96  2.0e-01  2.9e-04  2.0e-01  4.8e-01  2.2e-01  3.5e-03  2.2e-01
 138  T 0   2.872e+06  -3e-03  0.97  2.0e-01  2.8e-04  1.4e-01  3.6e-01  2.3e-01  3.0e-03  2.4e-01
 139  T 0   2.863e+06  -1e-03  0.97  2.0e-01  2.9e-04  1.5e-01  2.7e-01  2.2e-01  2.7e-03  2.2e-01
 140  T 0   2.857e+06  -1e-03  0.97  2.0e-01  3.7e-04  8.6e-02  2.2e-01  2.1e-01  2.7e-03  2.2e-01
 141  T 0   2.847e+06  -1e-03  0.97  2.0e-01  2.6e-04  9.0e-02  2.4e-01  2.1e-01  3.4e-03  2.1e-01
 142  T 0   2.838e+06  -1e-03  0.97  2.0e-01  2.3e-04  7.4e-02  2.2e-01  2.1e-01  2.6e-03  2.1e-01
 143  T 0   2.829e+06  -1e-03  0.97  2.0e-01  2.5e-04  9.5e-02  2.6e-01  2.0e-01  2.7e-03  2.0e-01
 144  T 0   2.820e+06  -1e-03  0.97  2.0e-01  3.8e-04  1.1e-01  2.8e-01  2.0e-01  2.8e-03  2.1e-01
 145  T 0   2.816e+06  -2e-03  0.97  2.0e-01  2.9e-04  1.6e-01  3.4e-01  2.8e-01  2.7e-03  2.8e-01
 146  T 0   2.815e+06  -3e-03  0.97  2.0e-01  3.9e-04  2.0e-01  5.2e-01  2.1e-01  2.9e-03  2.1e-01
 147  F 0   2.821e+06  -3e-03  0.97  2.0e-01  4.8e-04  2.0e-01  5.4e-01  2.9e-01  2.7e-03  2.9e-01
 148  T 0   2.813e+06  -5e-03  0.97  2.0e-01  5.4e-04  2.0e-01  6.4e-01  2.0e-01  2.9e-03  2.0e-01
 149  T 0   2.798e+06  -4e-03  0.97  2.0e-01  3.2e-04  1.6e-01  4.9e-01  2.3e-01  2.7e-03  2.4e-01
 150  T 0   2.785e+06  -3e-03  0.97  2.0e-01  2.7e-04  2.0e-01  4.1e-01  2.1e-01  3.4e-03  2.2e-01
 151  T 0   2.775e+06  -2e-03  0.97  2.0e-01  2.7e-04  1.3e-01  2.8e-01  2.2e-01  3.0e-03  2.2e-01
 152  T 0   2.764e+06  -2e-03  0.97  2.0e-01  4.1e-04  1.7e-01  3.2e-01  2.9e-01  2.9e-03  3.0e-01
 153  T 0   2.757e+06  -9e-04  0.97  2.0e-01  2.1e-04  1.0e-01  2.0e-01  2.5e-01  3.1e-03  2.6e-01
 154  T 0   2.750e+06  -1e-03  0.97  2.0e-01  2.2e-04  1.0e-01  2.3e-01  2.0e-01  3.0e-03  2.1e-01
 155  T 0   2.744e+06  -7e-04  0.97  2.0e-01  2.3e-04  6.8e-02  1.5e-01  2.1e-01  2.8e-03  2.1e-01
 156  T 0   2.739e+06  -9e-04  0.97  2.0e-01  2.3e-04  8.0e-02  1.9e-01  2.0e-01  2.8e-03  2.0e-01
 157  T 0   2.732e+06  -9e-04  0.97  2.0e-01  2.2e-04  7.5e-02  1.9e-01  2.7e-01  3.2e-03  2.8e-01
 158  T 0   2.724e+06  -1e-03  0.97  2.0e-01  2.5e-04  1.3e-01  2.5e-01  2.5e-01  2.2e-03  2.5e-01
 159  T 0   2.718e+06  -1e-03  0.97  2.0e-01  2.7e-04  2.0e-01  3.2e-01  2.8e-01  2.7e-03  2.8e-01
 160  F 0   2.720e+06  -2e-03  0.97  2.0e-01  4.1e-04  1.8e-01  3.8e-01  2.0e-01  2.4e-03  2.1e-01
 161  F 0   2.730e+06  -4e-03  0.97  2.0e-01  6.8e-04  2.0e-01  6.0e-01  2.1e-01  3.2e-03  2.1e-01
 162  F 0   2.730e+06  -5e-03  0.97  2.0e-01  6.2e-04  2.0e-01  6.3e-01  2.1e-01  3.4e-03  2.1e-01
 163  F 0   2.725e+06  -6e-03  0.97  2.0e-01  8.6e-04  2.0e-01  6.6e-01  2.1e-01  3.0e-03  2.1e-01
 164  T 0   2.716e+06  -4e-03  0.97  2.0e-01  5.7e-04  2.0e-01  5.5e-01  2.0e-01  3.0e-03  2.1e-01
 165  T 0   2.705e+06  -4e-03  0.97  2.0e-01  4.3e-04  2.0e-01  4.8e-01  2.0e-01  2.7e-03  2.0e-01
 166  T 0   2.699e+06  -2e-03  0.97  2.0e-01  4.4e-04  1.5e-01  3.4e-01  2.0e-01  3.1e-03  2.1e-01
 167  T 0   2.692e+06  -2e-03  0.97  2.0e-01  3.2e-04  1.1e-01  2.7e-01  2.0e-01  3.5e-03  2.1e-01
 168  T 0   2.685e+06  -1e-03  0.97  2.0e-01  2.3e-04  8.3e-02  1.9e-01  2.1e-01  3.1e-03  2.1e-01
 169  T 0   2.680e+06  -6e-04  0.97  2.0e-01  2.7e-04  4.7e-02  1.1e-01  2.0e-01  3.2e-03  2.0e-01
 170  T 0   2.677e+06  -5e-04  0.97  2.0e-01  2.0e-04  6.1e-02  1.2e-01  2.0e-01  3.0e-03  2.0e-01
 171  T 0   2.673e+06  -6e-04  0.97  2.0e-01  2.1e-04  6.4e-02  1.3e-01  2.1e-01  2.7e-03  2.1e-01
 172  T 0   2.668e+06  -5e-04  0.97  2.0e-01  2.1e-04  6.3e-02  1.3e-01  2.1e-01  2.9e-03  2.1e-01
 173  T 0   2.664e+06  -5e-04  0.97  2.0e-01  2.1e-04  5.2e-02  1.2e-01  2.3e-01  2.6e-03  2.3e-01
 174  T 0   2.660e+06  -6e-04  0.97  2.0e-01  2.6e-04  6.2e-02  1.4e-01  2.1e-01  3.1e-03  2.2e-01
 175  T 0   2.655e+06  -9e-04  0.97  2.0e-01  4.4e-04  7.8e-02  1.9e-01  2.0e-01  2.8e-03  2.0e-01
 176  T 0   2.655e+06  -1e-03  0.97  2.0e-01  4.6e-04  9.8e-02  2.2e-01  2.2e-01  2.4e-03  2.2e-01
 177  F 0   2.663e+06  -3e-03  0.97  2.0e-01  6.7e-04  2.0e-01  5.0e-01  2.0e-01  3.0e-03  2.1e-01
 178  F 0   2.664e+06  -3e-03  0.97  2.0e-01  6.3e-04  2.0e-01  5.7e-01  2.2e-01  3.1e-03  2.3e-01
 179  T 0   2.653e+06  -4e-03  0.97  2.0e-01  6.8e-04  2.0e-01  5.2e-01  2.1e-01  3.0e-03  2.1e-01
 180  T 0   2.640e+06  -2e-03  0.97  2.0e-01  2.9e-04  1.3e-01  3.5e-01  2.7e-01  3.2e-03  2.7e-01
 181  T 0   2.631e+06  -1e-03  0.97  2.0e-01  3.2e-04  7.6e-02  2.0e-01  2.0e-01  2.8e-03  2.1e-01
 182  T 0   2.626e+06  -1e-03  0.97  2.0e-01  2.7e-04  9.6e-02  2.0e-01  2.2e-01  2.7e-03  2.2e-01
 183  T 0   2.621e+06  -1e-03  0.97  2.0e-01  2.3e-04  8.8e-02  1.9e-01  2.1e-01  2.6e-03  2.1e-01
 184  T 0   2.616e+06  -9e-04  0.97  2.0e-01  2.4e-04  8.7e-02  1.7e-01  2.0e-01  2.5e-03  2.1e-01
 185  T 0   2.610e+06  -9e-04  0.97  2.0e-01  2.6e-04  1.2e-01  2.2e-01  2.1e-01  2.8e-03  2.1e-01
 186  T 0   2.606e+06  -8e-04  0.97  2.0e-01  2.9e-04  1.7e-01  2.3e-01  2.2e-01  3.1e-03  2.3e-01
 187  T 0   2.604e+06  -1e-03  0.98  2.0e-01  4.5e-04  1.8e-01  3.1e-01  2.1e-01  3.0e-03  2.1e-01
 188  F 0   2.610e+06  -2e-03  0.97  2.0e-01  8.8e-04  2.0e-01  4.2e-01  2.1e-01  3.0e-03  2.1e-01
 189  F 0   2.622e+06  -3e-03  0.97  2.0e-01  9.1e-04  2.0e-01  5.3e-01  2.1e-01  2.6e-03  2.1e-01
 190  F 0   2.634e+06  -5e-03  0.97  2.0e-01  1.6e-03  2.0e-01  7.1e-01  2.1e-01  3.2e-03  2.1e-01
 191  F 0   2.609e+06  -5e-03  0.96  2.0e-01  5.6e-04  2.0e-01  6.8e-01  2.1e-01  2.8e-03  2.2e-01
 192  T 0   2.602e+06  -4e-03  0.97  2.0e-01  4.8e-04  2.0e-01  5.8e-01  2.1e-01  3.2e-03  2.1e-01
 193  T 0   2.590e+06  -3e-03  0.97  2.0e-01  3.5e-04  2.0e-01  4.4e-01  2.1e-01  3.0e-03  2.1e-01
 194  T 0   2.582e+06  -2e-03  0.97  2.0e-01  5.3e-04  1.3e-01  3.1e-01  2.4e-01  2.7e-03  2.4e-01
 195  T 0   2.580e+06  -2e-03  0.97  2.0e-01  5.6e-04  2.0e-01  4.1e-01  2.1e-01  2.8e-03  2.1e-01
 196  T 0   2.572e+06  -2e-03  0.97  2.0e-01  5.1e-04  2.0e-01  3.4e-01  2.0e-01  3.1e-03  2.1e-01
 197  T 0   2.566e+06  -2e-03  0.97  2.0e-01  5.2e-04  2.0e-01  3.0e-01  2.1e-01  3.4e-03  2.1e-01
 198  T 0   2.558e+06  -1e-03  0.97  2.0e-01  4.4e-04  1.0e-01  2.0e-01  2.0e-01  3.0e-03  2.1e-01
 199  T 0   2.550e+06  -8e-04  0.97  2.0e-01  4.4e-04  6.4e-02  1.3e-01  2.0e-01  3.1e-03  2.1e-01
 200  T 0   2.544e+06  -7e-04  0.98  2.0e-01  4.1e-04  6.2e-02  1.3e-01  2.0e-01  2.7e-03  2.1e-01
 201  T 0   2.539e+06  -6e-04  0.98  2.0e-01  4.1e-04  5.8e-02  1.2e-01  2.1e-01  2.8e-03  2.1e-01
 202  T 0   2.534e+06  -5e-04  0.98  2.0e-01  3.6e-04  5.6e-02  1.3e-01  2.7e-01  2.9e-03  2.7e-01
 203  F 0   2.538e+06  -1e-03  0.98  2.0e-01  1.2e-03  2.0e-01  3.3e-01  2.1e-01  3.0e-03  2.1e-01
 204  F 0   2.556e+06  -2e-03  0.97  2.0e-01  1.6e-03  2.0e-01  4.2e-01  2.1e-01  2.9e-03  2.1e-01
 205  F 0   2.574e+06  -5e-03  0.97  2.0e-01  1.8e-03  2.0e-01  7.1e-01  2.0e-01  3.2e-03  2.1e-01
 206  F 0   2.546e+06  -4e-03  0.96  2.0e-01  5.5e-04  2.0e-01  6.5e-01  2.0e-01  3.1e-03  2.1e-01
 207  F 0   2.541e+06  -3e-03  0.97  2.0e-01  1.0e-03  2.0e-01  5.5e-01  2.2e-01  3.6e-03  2.2e-01
 208  T 0   2.523e+06  -2e-03  0.97  2.0e-01  4.1e-04  2.0e-01  4.0e-01  2.2e-01  3.1e-03  2.2e-01
 209  T 0   2.518e+06  -1e-03  0.97  2.0e-01  6.0e-04  1.5e-01  2.6e-01  2.0e-01  3.5e-03  2.1e-01
 210  T 0   2.513e+06  -9e-04  0.97  2.0e-01  4.6e-04  1.2e-01  2.2e-01  2.2e-01  3.0e-03  2.2e-01
 211  T 0   2.510e+06  -8e-04  0.98  2.0e-01  4.8e-04  1.5e-01  1.9e-01  2.0e-01  3.2e-03  2.0e-01
 212  T 0   2.508e+06  -1e-03  0.97  2.0e-01  4.6e-04  1.5e-01  2.4e-01  2.0e-01  2.9e-03  2.1e-01
 213  T 0   2.504e+06  -8e-04  0.98  2.0e-01  3.5e-04  1.0e-01  2.1e-01  2.1e-01  3.1e-03  2.2e-01
 214  F 0   2.505e+06  -1e-03  0.97  2.0e-01  1.1e-03  1.7e-01  2.5e-01  2.0e-01  3.9e-03  2.1e-01
 215  T 0   2.499e+06  -9e-04  0.98  2.0e-01  4.3e-04  7.6e-02  1.7e-01  2.1e-01  3.1e-03  2.1e-01
 216  T 0   2.495e+06  -7e-04  0.98  2.0e-01  7.3e-04  5.2e-02  1.4e-01  2.0e-01  2.6e-03  2.1e-01
 217  T 0   2.492e+06  -5e-04  0.98  2.0e-01  3.4e-04  5.2e-02  1.3e-01  2.2e-01  2.7e-03  2.3e-01
 218  T 0   2.488e+06  -4e-04  0.98  2.0e-01  4.4e-04  5.9e-02  1.4e-01  2.1e-01  2.7e-03  2.1e-01
 219  T 0   2.485e+06  -4e-04  0.98  2.0e-01  3.9e-04  6.1e-02  1.4e-01  2.1e-01  2.7e-03  2.1e-01
 220  T 0   2.482e+06  -4e-04  0.98  2.0e-01  6.2e-04  1.1e-01  1.9e-01  2.1e-01  2.7e-03  2.1e-01
 221  T 0   2.481e+06  -4e-04  0.98  2.0e-01  3.2e-04  1.1e-01  2.0e-01  2.1e-01  2.6e-03  2.1e-01
 222  F 0   2.487e+06  -1e-03  0.98  2.0e-01  2.8e-03  2.0e-01  4.8e-01  2.1e-01  3.2e-03  2.2e-01
 223  T 0   2.476e+06  -2e-03  0.97  2.0e-01  3.7e-03  2.0e-01  6.2e-01  2.1e-01  3.0e-03  2.1e-01
 224  T 0   2.474e+06  -2e-03  0.98  2.0e-01  9.2e-04  2.0e-01  6.4e-01  2.0e-01  3.7e-03  2.1e-01
 225  T 0   2.456e+06  -2e-03  0.97  2.0e-01  1.3e-03  2.0e-01  5.3e-01  2.1e-01  3.4e-03  2.2e-01
 226  F 0   2.456e+06  -1e-03  0.97  2.0e-01  8.3e-04  2.0e-01  4.7e-01  2.0e-01  4.9e-03  2.1e-01
 227  T 0   2.445e+06  -9e-04  0.97  2.0e-01  1.5e-03  2.0e-01  3.1e-01  2.0e-01  3.5e-03  2.1e-01
 228  T 0   2.441e+06  -4e-04  0.98  2.0e-01  1.7e-03  5.8e-02  1.2e-01  2.1e-01  3.2e-03  2.1e-01
 229  T 0   2.435e+06  -4e-04  0.98  2.0e-01  2.9e-03  6.6e-02  1.2e-01  2.1e-01  3.1e-03  2.1e-01
 230  T 0   2.429e+06  -2e-04  0.98  2.0e-01  6.9e-04  4.4e-02  8.7e-02  2.4e-01  3.1e-03  2.5e-01
 231  T 0   2.427e+06  -2e-04  0.98  2.0e-01  6.9e-04  5.3e-02  8.6e-02  2.3e-01  2.6e-03  2.3e-01
 232  T 0   2.425e+06  -2e-04  0.98  2.0e-01  7.4e-04  5.9e-02  9.3e-02  2.6e-01  2.8e-03  2.6e-01
 233  T 0   2.422e+06  -3e-04  0.98  2.0e-01  1.3e-03  6.4e-02  1.1e-01  2.3e-01  2.0e-03  2.3e-01
 234  T 0   2.411e+06  -3e-04  0.98  2.0e-01  6.2e-04  6.5e-02  1.2e-01  2.1e-01  2.4e-03  2.1e-01
 235  T 0   2.409e+06  -3e-04  0.98  2.0e-01  8.6e-04  7.6e-02  1.3e-01  2.0e-01  2.3e-03  2.0e-01
 236  T 0   2.406e+06  -2e-04  0.98  2.0e-01  1.3e-03  8.4e-02  1.4e-01  2.1e-01  2.9e-03  2.1e-01
 237  T 0   2.402e+06  -3e-04  0.98  2.0e-01  1.7e-03  8.5e-02  1.5e-01  2.1e-01  2.3e-03  2.1e-01
 238  T 0   2.400e+06  -2e-04  0.99  2.0e-01  5.3e-04  1.1e-01  1.7e-01  2.0e-01  2.3e-03  2.1e-01
 239  T 0   2.398e+06  -2e-04  0.99  2.0e-01  5.6e-04  1.3e-01  2.1e-01  2.2e-01  2.6e-03  2.2e-01
 240  T 0   2.396e+06  -2e-04  0.99  2.0e-01  6.2e-04  8.3e-02  1.5e-01  2.1e-01  2.3e-03  2.1e-01
 241  T 0   2.393e+06  -3e-04  0.99  2.0e-01  1.0e-03  1.3e-01  1.7e-01  2.0e-01  2.7e-03  2.1e-01
 242  T 0   2.387e+06  -2e-04  0.99  2.0e-01  9.3e-04  4.5e-02  1.1e-01  2.1e-01  2.4e-03  2.1e-01
 243  T 0   2.381e+06  -1e-04  0.99  2.0e-01  3.0e-04  3.5e-02  7.7e-02  2.0e-01  3.5e-03  2.0e-01
 244  T 0   2.379e+06  -1e-04  0.99  2.0e-01  3.4e-04  3.9e-02  8.1e-02  2.0e-01  2.8e-03  2.1e-01
 245  T 0   2.378e+06  -2e-04  0.99  2.0e-01  5.1e-04  4.4e-02  9.4e-02  2.0e-01  2.4e-03  2.1e-01
 246  T 0   2.377e+06  -9e-05  0.99  2.0e-01  9.9e-05  4.7e-02  1.0e-01  2.4e-01  2.6e-03  2.5e-01
 247  T 0   2.376e+06  -1e-04  0.99  2.0e-01  7.0e-05  5.1e-02  1.2e-01  1.9e-01  2.1e-03  2.0e-01
 248  T 0   2.376e+06  -1e-04  0.99  2.0e-01  1.5e-04  5.4e-02  1.4e-01  2.0e-01  2.4e-03  2.0e-01
 249  T 0   2.375e+06  -2e-04  0.99  2.0e-01  1.2e-04  6.3e-02  1.7e-01  2.0e-01  2.7e-03  2.0e-01
 250  F 0   2.385e+06  -8e-04  0.99  2.0e-01  2.5e-04  2.0e-01  3.7e-01  2.1e-01  3.0e-03  2.1e-01
 251  F 0   2.377e+06  -1e-03  0.99  2.0e-01  1.9e-04  2.0e-01  4.8e-01  2.0e-01  3.0e-03  2.0e-01
 252  T 0   2.374e+06  -4e-04  0.99  2.0e-01  1.2e-04  2.0e-01  3.9e-01  2.0e-01  3.0e-03  2.0e-01
 253  T 0   2.372e+06  -2e-04  0.99  2.0e-01  9.7e-05  2.0e-01  2.9e-01  2.0e-01  2.7e-03  2.0e-01
 254  T 0   2.371e+06  -3e-04  0.99  2.0e-01  2.0e-04  2.0e-01  3.0e-01  2.2e-01  3.1e-03  2.2e-01
 255  T 0   2.370e+06  -2e-04  0.99  2.0e-01  5.1e-04  1.0e-01  2.5e-01  2.0e-01  2.7e-03  2.0e-01
 256  T 0   2.368e+06  -2e-04  0.99  2.0e-01  1.3e-04  1.1e-01  2.3e-01  2.0e-01  2.7e-03  2.0e-01
 257  T 0   2.367e+06  -1e-04  0.99  2.0e-01  8.2e-05  1.1e-01  2.4e-01  2.0e-01  2.4e-03  2.1e-01
 258  T 0   2.367e+06  -1e-04  0.99  2.0e-01  6.3e-05  1.2e-01  2.5e-01  2.0e-01  2.3e-03  2.0e-01
 259  T 0   2.366e+06  -8e-05  0.99  2.0e-01  6.2e-05  7.3e-02  1.9e-01  2.0e-01  2.7e-03  2.0e-01
 260  T 0   2.366e+06  -8e-05  0.99  2.0e-01  1.2e-04  6.1e-02  1.6e-01  2.0e-01  2.7e-03  2.0e-01
 261  T 0   2.365e+06  -7e-05  0.99  2.0e-01  2.3e-04  6.3e-02  1.4e-01  2.0e-01  2.6e-03  2.0e-01
 262  T 0   2.364e+06  -1e-04  0.99  2.0e-01  7.2e-04  7.1e-02  1.5e-01  2.3e-01  2.7e-03  2.3e-01
 263  T 0   2.362e+06  -8e-05  0.99  2.0e-01  4.7e-04  7.6e-02  1.6e-01  2.1e-01  2.8e-03  2.2e-01
 264  T 0   2.361e+06  -9e-05  0.99  2.0e-01  1.7e-05  7.5e-02  1.5e-01  2.0e-01  2.6e-03  2.1e-01
 265  T 0   2.361e+06  -3e-05  0.99  2.0e-01  1.7e-05  6.2e-02  1.4e-01  2.1e-01  2.8e-03  2.1e-01
 266  T 0   2.361e+06  -3e-05  0.99  2.0e-01  1.6e-05  5.4e-02  1.3e-01  2.1e-01  2.6e-03  2.1e-01
 267  T 0   2.361e+06  -3e-05  0.99  2.0e-01  1.6e-05  5.9e-02  1.4e-01  2.0e-01  2.7e-03  2.0e-01
 268  T 0   2.361e+06  -3e-05  0.99  2.0e-01  1.5e-05  5.2e-02  1.3e-01  2.6e-01  2.8e-03  2.6e-01
 269  T 0   2.361e+06  -3e-05  0.99  2.0e-01  1.6e-05  8.0e-02  1.8e-01  2.4e-01  2.8e-03  2.4e-01
 270  T 0   2.361e+06  -4e-05  0.99  2.0e-01  1.5e-05  8.9e-02  1.8e-01  2.0e-01  2.8e-03  2.0e-01
 271  T 0   2.360e+06  -5e-05  0.99  2.0e-01  1.4e-05  9.4e-02  2.1e-01  2.0e-01  2.8e-03  2.1e-01
 272  T 0   2.360e+06  -6e-05  0.99  2.0e-01  1.5e-05  1.1e-01  2.5e-01  2.0e-01  2.7e-03  2.0e-01
 273  T 0   2.360e+06  -8e-05  0.99  2.0e-01  1.6e-05  1.4e-01  2.8e-01  2.0e-01  2.7e-03  2.0e-01
 274  T 0   2.360e+06  -7e-05  0.99  2.0e-01  1.2e-05  8.9e-02  2.0e-01  2.0e-01  2.7e-03  2.0e-01
 275  T 0   2.360e+06  -4e-05  0.99  2.0e-01  8.8e-06  7.1e-02  1.2e-01  2.0e-01  2.3e-03  2.0e-01
 276  T 0   2.360e+06  -2e-05  0.99  2.0e-01  7.8e-06  7.8e-02  1.0e-01  2.0e-01  2.3e-03  2.0e-01
 277  T 0   2.360e+06  -2e-05  0.99  2.0e-01  8.0e-06  8.5e-02  1.1e-01  2.0e-01  2.3e-03  2.0e-01
 278  T 0   2.360e+06  -2e-05  0.99  2.0e-01  8.2e-06  8.4e-02  1.1e-01  2.1e-01  1.9e-03  2.1e-01
 279  T 0   2.360e+06  -3e-05  0.99  2.0e-01  8.1e-06  8.1e-02  1.1e-01  2.0e-01  2.4e-03  2.1e-01
 280  T 0   2.359e+06  -2e-05  0.99  2.0e-01  7.9e-06  7.5e-02  1.0e-01  2.0e-01  2.7e-03  2.1e-01
 281  T 0   2.359e+06  -2e-05  0.99  2.0e-01  7.4e-06  7.2e-02  1.1e-01  2.0e-01  2.9e-03  2.0e-01
 282  T 0   2.359e+06  -1e-05  0.99  2.0e-01  6.8e-06  7.1e-02  1.1e-01  2.0e-01  2.7e-03  2.0e-01
 283  T 0   2.359e+06  -1e-05  0.99  2.0e-01  5.9e-06  4.6e-02  9.4e-02  2.0e-01  2.8e-03  2.0e-01
 284  T 0   2.359e+06  -1e-05  0.99  2.0e-01  5.0e-06  4.8e-02  9.0e-02  2.3e-01  2.6e-03  2.3e-01
 285  T 0   2.359e+06  -1e-05  0.99  2.0e-01  4.4e-06  5.4e-02  1.0e-01  2.0e-01  2.7e-03  2.0e-01
 286  T 0   2.359e+06  -1e-05  0.99  2.0e-01  3.9e-06  6.8e-02  1.1e-01  2.0e-01  2.8e-03  2.0e-01
 287  T 0   2.359e+06  -2e-05  0.99  2.0e-01  4.1e-06  8.7e-02  1.3e-01  2.1e-01  2.6e-03  2.2e-01
 288  T 0   2.359e+06  -2e-05  0.99  2.0e-01  4.8e-06  1.0e-01  1.5e-01  2.4e-01  2.8e-03  2.4e-01
 289  T 0   2.359e+06  -1e-05  0.99  2.0e-01  4.8e-06  1.2e-01  1.7e-01  2.2e-01  1.1e-02  2.3e-01
 290  T 0   2.359e+06  -2e-05  0.99  2.0e-01  6.5e-06  1.1e-01  1.9e-01  2.1e-01  3.0e-03  2.1e-01
 291  F 0   2.359e+06  -6e-05  0.99  2.0e-01  2.4e-05  1.9e-01  3.2e-01  2.0e-01  2.6e-03  2.0e-01
 292  F 0   2.360e+06  -2e-04  0.99  2.0e-01  4.3e-05  2.0e-01  6.1e-01  2.1e-01  3.2e-03  2.2e-01
 293  F 0   2.361e+06  -5e-04  0.99  2.0e-01  6.9e-05  2.0e-01  6.9e-01  2.0e-01  3.5e-03  2.1e-01
 294  F 0   2.361e+06  -6e-04  0.99  2.0e-01  8.8e-05  2.0e-01  7.1e-01  2.0e-01  3.0e-03  2.1e-01
 295  F 0   2.361e+06  -8e-04  0.99  2.0e-01  6.1e-05  2.0e-01  6.7e-01  2.5e-01  3.2e-03  2.6e-01
 296  F 0   2.360e+06  -5e-04  0.99  2.0e-01  5.4e-05  2.0e-01  5.2e-01  2.1e-01  1.1e-02  2.2e-01
 297  F 0   2.359e+06  -2e-04  0.99  2.0e-01  1.7e-05  1.6e-01  3.3e-01  2.0e-01  2.9e-03  2.0e-01
 298  T 0   2.359e+06  -2e-05  0.99  2.0e-01  1.0e-05  3.5e-02  5.5e-02  2.2e-01  2.3e-03  2.2e-01
 299  T 0   2.359e+06  -3e-06  0.99  2.0e-01  9.9e-06  2.5e-02  3.2e-02  2.1e-01  2.7e-03  2.1e-01
 300  T 0   2.359e+06  -2e-06  0.99  2.0e-01  9.8e-06  7.6e-03  1.9e-02  2.0e-01  2.6e-03  2.1e-01
Termination on Convergence criteria
Total number of system evaluations: 301
