   k  l     Obj         Vio    Bou   ML       |KKT|    |dX|     ||dX||   T_s      T_o      T_t
   0  T 0   9.132e+08   0e+00  0.00  2.0e-01  3.3e+03  1.0e+00  1.0e+00  4.6e-01  0.0e+00  0.0e+00
   1  F 0   9.132e+08   0e+00  0.00  1.4e-01  3.3e+03  0.0e+00  0.0e+00  2.3e-01  6.8e-03  2.4e-01
   1  F 1   9.132e+08   0e+00  0.00  9.8e-02  3.3e+03  0.0e+00  0.0e+00  2.0e-01  6.9e-03  2.0e-01
   1  T 2   3.678e+08  -3e-06  0.00  1.2e-01  4.5e-01  9.8e-02  5.8e+00  2.1e-01  7.0e-03  2.2e-01
   2  T 0   9.771e+07   2e-15  0.18  1.4e-01  8.9e-02  1.2e-01  5.1e+00  2.0e-01  4.2e-03  2.0e-01
   3  T 0   6.570e+07  -3e-05  0.46  1.7e-01  6.2e-02  1.4e-01  5.4e+00  2.5e-01  3.1e-03  2.5e-01
   4  T 0   2.063e+07   9e-07  0.54  2.0e-01  8.6e-03  1.7e-01  5.8e+00  2.5e-01  2.7e-03  2.5e-01
   5  F 0   2.063e+07   9e-07  0.54  1.4e-01  8.6e-03  0.0e+00  0.0e+00  2.0e-01  1.5e-03  2.0e-01
   5  T 1   1.593e+07  -3e-02  0.63  1.7e-01  3.6e-03  1.4e-01  4.2e+00  2.0e-01  1.2e-03  2.0e-01
   6  T 0   1.418e+07  -3e-05  0.72  2.0e-01  5.0e-03  1.7e-01  5.0e+00  2.0e-01  3.0e-03  2.0e-01
   7  F 0   1.418e+07  -3e-05  0.72  1.4e-01  5.0e-03  0.0e+00  0.0e+00  2.0e-01  1.4e-03  2.1e-01
   7  T 1   9.444e+06  -1e-01  0.76  1.7e-01  4.1e-03  1.4e-01  3.8e+00  2.0e-01  1.2e-03  2.0e-01
   8  T 0   8.044e+06   0e+00  0.77  2.0e-01  1.7e-03  1.7e-01  4.3e+00  2.0e-01  2.8e-03  2.0e-01
   9  F 0   8.044e+06   0e+00  0.77  1.4e-01  1.7e-03  0.0e+00  0.0e+00  2.0e-01  1.4e-03  2.0e-01
   9  F 1   8.044e+06   0e+00  0.77  9.8e-02  1.7e-03  0.0e+00  0.0e+00  2.1e-01  1.3e-03  2.1e-01
   9  T 2   6.757e+06  -5e-02  0.81  1.2e-01  1.3e-03  9.8e-02  2.6e+00  2.0e-01  1.2e-03  2.0e-01
  10  T 0   5.914e+06   5e-05  0.81  1.4e-01  4.6e-04  1.2e-01  3.0e+00  2.0e-01  2.5e-03  2.0e-01
  11  F 0   5.914e+06   5e-05  0.81  9.9e-02  4.6e-04  0.0e+00  0.0e+00  2.0e-01  1.4e-03  2.0e-01
  11  T 1   5.618e+06  -5e-02  0.83  1.2e-01  3.2e-03  9.9e-02  2.4e+00  2.1e-01  1.3e-03  2.1e-01
  12  F 0   5.618e+06  -5e-02  0.83  8.3e-02  3.2e-03  0.0e+00  0.0e+00  2.0e-01  2.3e-03  2.0e-01
  12  T 1   4.953e+06  -3e-05  0.83  1.0e-01  1.6e-04  8.3e-02  2.1e+00  2.0e-01  2.5e-03  2.0e-01
  13  F 0   4.953e+06  -3e-05  0.83  7.0e-02  1.6e-04  0.0e+00  0.0e+00  2.1e-01  1.4e-03  2.2e-01
  13  T 1   4.728e+06  -4e-02  0.83  8.4e-02  4.0e-04  7.0e-02  1.7e+00  2.1e-01  1.3e-03  2.1e-01
  14  T 0   4.534e+06  -7e-05  0.84  1.0e-01  1.8e-04  8.4e-02  2.0e+00  2.0e-01  2.4e-03  2.1e-01
  15  F 0   4.534e+06  -7e-05  0.84  7.0e-02  1.8e-04  0.0e+00  0.0e+00  2.0e-01  1.4e-03  2.0e-01
  15  T 1   4.335e+06  -4e-02  0.85  8.4e-02  3.4e-04  7.0e-02  1.6e+00  2.4e-01  1.2e-03  2.4e-01
  16  F 0   4.335e+06  -4e-02  0.85  5.9e-02  3.4e-04  0.0e+00  0.0e+00  1.6e-01  2.2e-03  1.6e-01
  16  T 1   4.109e+06   6e-06  0.85  7.1e-02  3.2e-04  5.9e-02  1.4e+00  1.4e-01  1.7e-03  1.4e-01
  17  F 0   4.109e+06   6e-06  0.85  5.0e-02  3.2e-04  0.0e+00  0.0e+00  1.4e-01  9.8e-04  1.5e-01
  17  T 1   3.955e+06  -2e-02  0.85  5.9e-02  4.7e-04  5.0e-02  1.1e+00  1.6e-01  8.9e-04  1.6e-01
  18  T 0   3.820e+06  -4e-05  0.86  7.1e-02  1.6e-04  5.9e-02  1.3e+00  2.1e-01  1.6e-03  2.1e-01
  19  F 0   3.820e+06  -4e-05  0.86  5.0e-02  1.6e-04  0.0e+00  0.0e+00  1.9e-01  1.0e-03  2.0e-01
  19  T 1   3.753e+06  -2e-02  0.86  6.0e-02  1.9e-04  5.0e-02  1.1e+00  2.1e-01  8.9e-04  2.1e-01
  20  F 0   3.753e+06  -2e-02  0.86  4.2e-02  1.9e-04  0.0e+00  0.0e+00  1.9e-01  1.6e-03  1.9e-01
  20  T 1   3.659e+06  -1e-05  0.86  5.0e-02  1.5e-04  4.2e-02  9.4e-01  1.8e-01  1.6e-03  1.9e-01
  21  T 0   3.595e+06  -2e-02  0.87  6.0e-02  1.5e-04  5.0e-02  1.1e+00  1.8e-01  1.0e-03  1.9e-01
  22  F 0   3.595e+06  -2e-02  0.87  4.2e-02  1.5e-04  0.0e+00  0.0e+00  2.0e-01  1.7e-03  2.0e-01
  22  T 1   3.506e+06  -7e-06  0.87  5.1e-02  1.0e-04  4.2e-02  9.3e-01  2.4e-01  1.9e-03  2.4e-01
  23  F 0   3.506e+06  -7e-06  0.87  3.6e-02  1.0e-04  0.0e+00  0.0e+00  1.4e-01  1.1e-03  1.4e-01
  23  T 1   3.475e+06  -1e-02  0.87  4.3e-02  1.8e-04  3.6e-02  7.6e-01  2.0e-01  8.8e-04  2.0e-01
  24  T 0   3.358e+06  -4e-05  0.88  5.1e-02  1.3e-04  4.3e-02  9.0e-01  1.4e-01  1.5e-03  1.4e-01
  25  T 0   3.325e+06  -1e-02  0.89  6.1e-02  2.6e-04  5.1e-02  1.1e+00  1.3e-01  9.7e-04  1.4e-01
  26  F 0   3.325e+06  -1e-02  0.89  4.3e-02  2.6e-04  0.0e+00  0.0e+00  1.5e-01  1.7e-03  1.5e-01
  26  T 1   3.251e+06   8e-06  0.88  5.2e-02  1.0e-04  4.3e-02  9.0e-01  1.8e-01  1.5e-03  1.8e-01
  27  F 0   3.251e+06   8e-06  0.88  3.6e-02  1.0e-04  0.0e+00  0.0e+00  1.3e-01  1.0e-03  1.3e-01
  27  T 1   3.231e+06  -1e-02  0.88  4.3e-02  2.5e-04  3.6e-02  7.5e-01  1.4e-01  8.7e-04  1.4e-01
  28  T 0   3.141e+06  -2e-04  0.89  5.2e-02  9.3e-05  4.3e-02  8.8e-01  1.3e-01  1.4e-03  1.4e-01
  29  F 0   3.141e+06  -2e-04  0.89  3.6e-02  9.3e-05  0.0e+00  0.0e+00  1.4e-01  1.0e-03  1.4e-01
  29  T 1   3.138e+06  -7e-03  0.89  4.4e-02  2.6e-04  3.6e-02  7.3e-01  1.9e-01  9.2e-04  1.9e-01
  30  T 0   3.054e+06   7e-05  0.89  5.2e-02  7.9e-05  4.4e-02  8.7e-01  1.8e-01  1.9e-03  1.8e-01
  31  F 0   3.054e+06   7e-05  0.89  3.7e-02  7.9e-05  0.0e+00  0.0e+00  1.4e-01  1.0e-03  1.4e-01
  31  F 1   3.054e+06   7e-05  0.89  2.6e-02  7.9e-05  0.0e+00  0.0e+00  1.3e-01  8.7e-04  1.4e-01
  31  T 2   3.027e+06  -3e-03  0.89  3.1e-02  5.8e-05  2.6e-02  5.0e-01  1.4e-01  9.1e-04  1.4e-01
  32  T 0   2.956e+06   1e-04  0.90  3.7e-02  1.1e-04  3.1e-02  5.9e-01  1.6e-01  1.5e-03  1.6e-01
  33  T 0   2.884e+06   9e-06  0.90  4.4e-02  1.1e-04  3.7e-02  7.0e-01  1.6e-01  1.4e-03  1.6e-01
  34  T 0   2.816e+06  -1e-04  0.90  5.3e-02  5.7e-05  4.4e-02  8.4e-01  1.6e-01  1.6e-03  1.6e-01
  35  T 0   2.779e+06  -5e-05  0.91  6.4e-02  8.8e-05  5.3e-02  9.7e-01  1.8e-01  1.5e-03  1.8e-01
  36  F 0   2.779e+06  -5e-05  0.91  4.5e-02  8.8e-05  0.0e+00  0.0e+00  1.8e-01  1.4e-03  1.8e-01
  36  T 1   2.762e+06   1e-05  0.90  5.4e-02  7.0e-05  4.5e-02  8.3e-01  1.7e-01  1.5e-03  1.7e-01
  37  F 0   2.762e+06   1e-05  0.90  3.8e-02  7.0e-05  0.0e+00  0.0e+00  1.5e-01  1.3e-03  1.5e-01
  37  T 1   2.736e+06   2e-06  0.90  4.5e-02  9.7e-05  3.8e-02  6.8e-01  1.4e-01  1.2e-03  1.4e-01
  38  T 0   2.706e+06   2e-05  0.92  5.4e-02  6.1e-05  4.5e-02  7.9e-01  1.5e-01  1.5e-03  1.5e-01
  39  F 0   2.706e+06   2e-05  0.92  3.8e-02  6.1e-05  0.0e+00  0.0e+00  1.6e-01  1.5e-03  1.6e-01
  39  T 1   2.694e+06   9e-06  0.92  4.5e-02  7.2e-05  3.8e-02  6.5e-01  1.4e-01  1.5e-03  1.4e-01
  40  T 0   2.679e+06   2e-05  0.92  5.5e-02  6.2e-05  4.5e-02  7.7e-01  1.4e-01  1.5e-03  1.4e-01
  41  F 0   2.679e+06   2e-05  0.92  3.8e-02  6.2e-05  0.0e+00  0.0e+00  1.4e-01  1.5e-03  1.4e-01
  41  T 1   2.666e+06  -6e-05  0.92  4.6e-02  4.4e-05  3.8e-02  6.4e-01  2.0e-01  1.2e-03  2.1e-01
  42  T 0   2.659e+06  -5e-06  0.93  5.5e-02  6.1e-05  4.6e-02  7.6e-01  1.9e-01  1.6e-03  1.9e-01
  43  F 0   2.659e+06  -5e-06  0.93  3.8e-02  6.1e-05  0.0e+00  0.0e+00  1.7e-01  1.5e-03  1.8e-01
  43  T 1   2.643e+06  -3e-06  0.92  4.6e-02  4.0e-05  3.8e-02  6.3e-01  1.4e-01  1.3e-03  1.4e-01
  44  T 0   2.637e+06   2e-05  0.93  5.5e-02  5.1e-05  4.6e-02  7.5e-01  1.3e-01  1.6e-03  1.4e-01
  45  F 0   2.637e+06   2e-05  0.93  3.9e-02  5.1e-05  0.0e+00  0.0e+00  1.4e-01  1.4e-03  1.4e-01
  45  T 1   2.621e+06   1e-06  0.93  4.7e-02  3.7e-05  3.9e-02  6.3e-01  1.4e-01  1.1e-03  1.4e-01
  46  T 0   2.616e+06   2e-05  0.93  5.6e-02  5.3e-05  4.7e-02  7.4e-01  1.4e-01  1.7e-03  1.4e-01
  47  F 0   2.616e+06   2e-05  0.93  3.9e-02  5.3e-05  0.0e+00  0.0e+00  1.4e-01  1.4e-03  1.4e-01
  47  T 1   2.599e+06   3e-05  0.93  4.7e-02  3.4e-05  3.9e-02  6.2e-01  1.3e-01  1.5e-03  1.4e-01
  48  F 0   2.599e+06   3e-05  0.93  3.3e-02  3.4e-05  0.0e+00  0.0e+00  1.4e-01  1.6e-03  1.4e-01
  48  T 1   2.582e+06   4e-13  0.93  3.9e-02  3.8e-05  3.3e-02  5.2e-01  1.5e-01  1.7e-03  1.5e-01
  49  T 0   2.576e+06  -6e-06  0.94  4.7e-02  3.8e-05  3.9e-02  6.1e-01  1.6e-01  1.4e-03  1.6e-01
  50  T 0   2.571e+06  -2e-03  0.94  5.7e-02  4.6e-05  4.7e-02  7.1e-01  1.4e-01  1.4e-03  1.4e-01
  51  F 0   2.571e+06  -2e-03  0.94  4.0e-02  4.6e-05  0.0e+00  0.0e+00  1.4e-01  1.4e-03  1.4e-01
  51  T 1   2.564e+06  -9e-06  0.94  4.8e-02  3.6e-05  4.0e-02  6.0e-01  1.4e-01  1.2e-03  1.4e-01
  52  F 0   2.564e+06  -9e-06  0.94  3.3e-02  3.6e-05  0.0e+00  0.0e+00  1.4e-01  1.6e-03  1.4e-01
  52  T 1   2.554e+06   2e-05  0.94  4.0e-02  3.9e-05  3.3e-02  5.1e-01  1.4e-01  1.4e-03  1.4e-01
  53  F 0   2.554e+06   2e-05  0.94  2.8e-02  3.9e-05  0.0e+00  0.0e+00  1.4e-01  1.5e-03  1.4e-01
  53  T 1   2.547e+06  -2e-07  0.94  3.4e-02  2.9e-05  2.8e-02  4.2e-01  1.4e-01  1.7e-03  1.4e-01
  54  T 0   2.528e+06   3e-05  0.94  4.0e-02  3.0e-05  3.4e-02  5.0e-01  1.4e-01  1.6e-03  1.4e-01
  55  T 0   2.525e+06  -5e-05  0.94  4.8e-02  3.4e-05  4.0e-02  5.9e-01  1.4e-01  1.4e-03  1.4e-01
  56  F 0   2.525e+06  -5e-05  0.94  3.4e-02  3.4e-05  0.0e+00  0.0e+00  1.9e-01  1.4e-03  1.9e-01
  56  T 1   2.516e+06   7e-05  0.94  4.1e-02  3.4e-05  3.4e-02  5.0e-01  1.4e-01  1.2e-03  1.4e-01
  57  F 0   2.516e+06   7e-05  0.94  2.8e-02  3.4e-05  0.0e+00  0.0e+00  1.4e-01  1.3e-03  1.4e-01
  57  T 1   2.512e+06   4e-06  0.94  3.4e-02  2.9e-05  2.8e-02  4.2e-01  1.9e-01  1.2e-03  1.9e-01
  58  T 0   2.502e+06  -1e-04  0.95  4.1e-02  4.5e-05  3.4e-02  4.9e-01  1.5e-01  1.7e-03  1.6e-01
  59  F 0   2.502e+06  -1e-04  0.95  2.9e-02  4.5e-05  0.0e+00  0.0e+00  1.5e-01  1.4e-03  1.5e-01
  59  T 1   2.498e+06  -6e-05  0.95  3.4e-02  2.7e-05  2.9e-02  4.0e-01  1.7e-01  1.2e-03  1.7e-01
  60  T 0   2.487e+06   5e-06  0.95  4.1e-02  3.0e-05  3.4e-02  4.7e-01  1.7e-01  8.3e-03  1.8e-01
  61  F 0   2.487e+06   5e-06  0.95  2.9e-02  3.0e-05  0.0e+00  0.0e+00  1.6e-01  1.4e-03  1.6e-01
  61  T 1   2.484e+06   6e-05  0.95  3.5e-02  2.9e-05  2.9e-02  4.0e-01  2.6e-01  1.6e-03  2.6e-01
  62  T 0   2.478e+06  -5e-05  0.95  4.2e-02  3.3e-05  3.5e-02  4.6e-01  1.9e-01  2.2e-03  1.9e-01
  63  F 0   2.478e+06  -5e-05  0.95  2.9e-02  3.3e-05  0.0e+00  0.0e+00  1.9e-01  1.9e-03  1.9e-01
  63  T 1   2.476e+06  -4e-07  0.95  3.5e-02  2.6e-05  2.9e-02  3.9e-01  1.9e-01  1.8e-03  1.9e-01
  64  T 0   2.467e+06   4e-04  0.95  4.2e-02  2.9e-05  3.5e-02  4.6e-01  1.9e-01  1.7e-03  1.9e-01
  65  F 0   2.467e+06   4e-04  0.95  2.9e-02  2.9e-05  0.0e+00  0.0e+00  1.8e-01  1.8e-03  1.9e-01
  65  T 1   2.464e+06   1e-05  0.95  3.5e-02  2.6e-05  2.9e-02  3.9e-01  1.9e-01  1.6e-03  1.9e-01
  66  T 0   2.462e+06   2e-04  0.95  4.2e-02  3.5e-05  3.5e-02  4.7e-01  1.9e-01  2.0e-03  1.9e-01
  67  F 0   2.462e+06   2e-04  0.95  3.0e-02  3.5e-05  0.0e+00  0.0e+00  1.8e-01  1.7e-03  1.8e-01
  67  T 1   2.458e+06   3e-07  0.95  3.6e-02  2.5e-05  3.0e-02  4.0e-01  2.2e-01  1.8e-03  2.2e-01
  68  T 0   2.447e+06  -7e-06  0.96  4.3e-02  2.8e-05  3.6e-02  4.6e-01  1.9e-01  2.1e-03  1.9e-01
  69  F 0   2.447e+06  -7e-06  0.96  3.0e-02  2.8e-05  0.0e+00  0.0e+00  2.0e-01  1.9e-03  2.0e-01
  69  T 1   2.446e+06   1e-05  0.95  3.6e-02  2.9e-05  3.0e-02  3.9e-01  1.9e-01  1.7e-03  1.9e-01
  70  T 0   2.445e+06   5e-06  0.96  4.3e-02  3.3e-05  3.6e-02  4.5e-01  1.9e-01  2.3e-03  1.9e-01
  71  F 0   2.445e+06   5e-06  0.96  3.0e-02  3.3e-05  0.0e+00  0.0e+00  1.9e-01  2.1e-03  1.9e-01
  71  T 1   2.443e+06   3e-04  0.95  3.6e-02  2.6e-05  3.0e-02  3.8e-01  1.9e-01  1.5e-03  1.9e-01
  72  T 0   2.440e+06   9e-06  0.96  4.3e-02  3.3e-05  3.6e-02  4.4e-01  1.9e-01  2.1e-03  1.9e-01
  73  F 0   2.440e+06   9e-06  0.96  3.0e-02  3.3e-05  0.0e+00  0.0e+00  2.1e-01  1.9e-03  2.2e-01
  73  T 1   2.439e+06   2e-06  0.96  3.6e-02  2.5e-05  3.0e-02  3.8e-01  1.9e-01  1.9e-03  1.9e-01
  74  T 0   2.432e+06   4e-05  0.96  4.4e-02  3.1e-05  3.6e-02  4.4e-01  1.9e-01  2.0e-03  1.9e-01
  75  F 0   2.432e+06   4e-05  0.96  3.1e-02  3.1e-05  0.0e+00  0.0e+00  2.1e-01  2.1e-03  2.1e-01
  75  F 1   2.432e+06   4e-05  0.96  2.1e-02  3.1e-05  0.0e+00  0.0e+00  1.9e-01  1.9e-03  1.9e-01
  75  T 2   2.428e+06  -1e-06  0.96  2.6e-02  1.8e-05  2.1e-02  2.6e-01  1.9e-01  1.7e-03  1.9e-01
  76  T 0   2.418e+06   8e-06  0.96  3.1e-02  2.2e-05  2.6e-02  3.1e-01  2.0e-01  1.9e-03  2.0e-01
  77  T 0   2.410e+06   2e-05  0.96  3.7e-02  1.6e-05  3.1e-02  3.5e-01  1.9e-01  2.0e-03  1.9e-01
  78  T 0   2.402e+06  -2e-07  0.97  4.4e-02  2.3e-05  3.7e-02  4.1e-01  2.0e-01  1.8e-03  2.0e-01
  79  F 0   2.402e+06  -2e-07  0.97  3.1e-02  2.3e-05  0.0e+00  0.0e+00  1.8e-01  1.7e-03  1.8e-01
  79  T 1   2.400e+06   2e-04  0.97  3.7e-02  2.1e-05  3.1e-02  3.5e-01  1.9e-01  1.6e-03  1.9e-01
  80  T 0   2.396e+06  -3e-05  0.97  4.5e-02  2.6e-05  3.7e-02  4.1e-01  1.8e-01  1.7e-03  1.9e-01
  81  F 0   2.396e+06  -3e-05  0.97  3.1e-02  2.6e-05  0.0e+00  0.0e+00  1.8e-01  1.9e-03  1.8e-01
  81  F 1   2.396e+06  -3e-05  0.97  2.2e-02  2.6e-05  0.0e+00  0.0e+00  1.8e-01  2.2e-03  1.8e-01
  81  T 2   2.393e+06  -6e-05  0.96  2.6e-02  2.1e-05  2.2e-02  2.5e-01  1.8e-01  2.1e-03  1.8e-01
  82  T 0   2.387e+06   8e-06  0.97  3.2e-02  4.6e-05  2.6e-02  3.0e-01  1.8e-01  2.1e-03  1.8e-01
  83  T 0   2.384e+06  -4e-05  0.97  3.8e-02  1.8e-05  3.2e-02  3.4e-01  1.9e-01  1.9e-03  1.9e-01
  84  T 0   2.383e+06   1e-04  0.97  4.6e-02  2.3e-05  3.8e-02  4.1e-01  1.8e-01  1.6e-03  1.8e-01
  85  F 0   2.383e+06   1e-04  0.97  3.2e-02  2.3e-05  0.0e+00  0.0e+00  2.0e-01  2.0e-03  2.1e-01
  85  F 1   2.383e+06   1e-04  0.97  2.2e-02  2.3e-05  0.0e+00  0.0e+00  2.0e-01  1.8e-03  2.1e-01
  85  T 2   2.380e+06  -6e-05  0.96  2.7e-02  1.4e-05  2.2e-02  2.5e-01  2.3e-01  1.6e-03  2.3e-01
  86  T 0   2.375e+06   8e-07  0.97  3.2e-02  1.7e-05  2.7e-02  2.9e-01  2.3e-01  1.7e-03  2.3e-01
  87  F 0   2.375e+06   8e-07  0.97  2.2e-02  1.7e-05  0.0e+00  0.0e+00  1.9e-01  1.8e-03  1.9e-01
  87  T 1   2.374e+06   4e-07  0.97  2.7e-02  1.2e-05  2.2e-02  2.3e-01  1.9e-01  1.5e-03  1.9e-01
  88  T 0   2.371e+06   1e-05  0.97  3.2e-02  1.5e-05  2.7e-02  2.8e-01  2.2e-01  1.7e-03  2.2e-01
  89  T 0   2.368e+06   1e-06  0.97  3.9e-02  1.4e-05  3.2e-02  3.2e-01  1.8e-01  1.7e-03  1.9e-01
  90  F 0   2.368e+06   1e-06  0.97  2.7e-02  1.4e-05  0.0e+00  0.0e+00  2.0e-01  1.8e-03  2.0e-01
  90  T 1   2.366e+06  -2e-06  0.97  3.3e-02  1.6e-05  2.7e-02  2.7e-01  2.0e-01  1.9e-03  2.0e-01
  91  F 0   2.366e+06  -2e-06  0.97  2.3e-02  1.6e-05  0.0e+00  0.0e+00  2.0e-01  2.5e-03  2.0e-01
  91  T 1   2.365e+06  -2e-05  0.97  2.7e-02  1.3e-05  2.3e-02  2.3e-01  2.0e-01  2.3e-03  2.0e-01
  92  T 0   2.362e+06  -3e-05  0.97  3.3e-02  1.5e-05  2.7e-02  2.7e-01  2.0e-01  2.4e-03  2.0e-01
  93  T 0   2.360e+06  -2e-06  0.98  3.9e-02  1.4e-05  3.3e-02  3.1e-01  2.0e-01  2.7e-03  2.0e-01
  94  F 0   2.360e+06  -2e-06  0.98  2.8e-02  1.4e-05  0.0e+00  0.0e+00  2.3e-01  1.8e-03  2.3e-01
  94  T 1   2.359e+06   1e-05  0.97  3.3e-02  1.1e-05  2.8e-02  2.6e-01  2.0e-01  1.7e-03  2.0e-01
  95  T 0   2.358e+06   7e-05  0.98  4.0e-02  1.5e-05  3.3e-02  3.1e-01  2.0e-01  2.1e-03  2.0e-01
  96  F 0   2.358e+06   7e-05  0.98  2.8e-02  1.5e-05  0.0e+00  0.0e+00  2.0e-01  2.5e-03  2.0e-01
  96  T 1   2.357e+06  -2e-05  0.98  3.3e-02  1.0e-05  2.8e-02  2.6e-01  2.0e-01  1.9e-03  2.0e-01
  97  T 0   2.356e+06  -2e-05  0.98  4.0e-02  9.6e-06  3.3e-02  3.0e-01  2.0e-01  2.1e-03  2.0e-01
  98  T 0   2.354e+06   7e-05  0.98  4.8e-02  1.2e-05  4.0e-02  3.6e-01  2.0e-01  2.2e-03  2.0e-01
  99  F 0   2.354e+06   7e-05  0.98  3.4e-02  1.2e-05  0.0e+00  0.0e+00  2.0e-01  2.0e-03  2.0e-01
  99  F 1   2.354e+06   7e-05  0.98  2.4e-02  1.2e-05  0.0e+00  0.0e+00  2.0e-01  1.7e-03  2.1e-01
  99  T 2   2.354e+06  -5e-05  0.98  2.8e-02  1.1e-05  2.4e-02  2.2e-01  2.1e-01  1.7e-03  2.1e-01
 100  T 0   2.353e+06   4e-05  0.98  3.4e-02  1.2e-05  2.8e-02  2.6e-01  2.0e-01  2.1e-03  2.0e-01
 101  F 0   2.353e+06   4e-05  0.98  2.4e-02  1.2e-05  0.0e+00  0.0e+00  2.0e-01  2.1e-03  2.0e-01
 101  T 1   2.352e+06   2e-05  0.98  2.9e-02  9.9e-06  2.4e-02  2.1e-01  2.0e-01  1.7e-03  2.0e-01
 102  T 0   2.350e+06   1e-05  0.98  3.4e-02  1.0e-05  2.9e-02  2.5e-01  2.0e-01  1.9e-03  2.0e-01
 103  T 0   2.349e+06  -6e-05  0.98  4.1e-02  9.0e-06  3.4e-02  2.9e-01  2.0e-01  2.3e-03  2.0e-01
 104  F 0   2.349e+06  -6e-05  0.98  2.9e-02  9.0e-06  0.0e+00  0.0e+00  2.0e-01  2.0e-03  2.0e-01
 104  T 1   2.348e+06  -3e-05  0.98  3.4e-02  5.8e-06  2.9e-02  2.5e-01  2.0e-01  1.7e-03  2.0e-01
 105  T 0   2.347e+06   9e-06  0.98  4.1e-02  1.0e-05  3.4e-02  2.8e-01  2.0e-01  2.0e-03  2.0e-01
 106  F 0   2.347e+06   9e-06  0.98  2.9e-02  1.0e-05  0.0e+00  0.0e+00  2.4e-01  1.9e-03  2.4e-01
 106  T 1   2.347e+06   3e-07  0.98  3.5e-02  9.4e-06  2.9e-02  2.4e-01  2.0e-01  1.9e-03  2.0e-01
 107  F 0   2.347e+06   3e-07  0.98  2.4e-02  9.4e-06  0.0e+00  0.0e+00  2.0e-01  2.5e-03  2.0e-01
 107  F 1   2.347e+06   3e-07  0.98  1.7e-02  9.4e-06  0.0e+00  0.0e+00  2.1e-01  2.4e-03  2.1e-01
 107  T 2   2.346e+06  -3e-05  0.98  2.0e-02  6.2e-06  1.7e-02  1.5e-01  2.6e-01  2.3e-03  2.6e-01
 108  T 0   2.345e+06   5e-05  0.98  2.5e-02  4.2e-06  2.0e-02  1.8e-01  2.0e-01  2.3e-03  2.0e-01
 109  T 0   2.344e+06  -4e-06  0.98  2.9e-02  5.3e-06  2.5e-02  2.1e-01  2.1e-01  1.7e-03  2.1e-01
 110  T 0   2.342e+06  -1e-06  0.98  3.5e-02  4.0e-06  2.9e-02  2.4e-01  2.0e-01  2.5e-03  2.0e-01
 111  T 0   2.342e+06  -7e-05  0.98  4.2e-02  8.3e-06  3.5e-02  2.8e-01  2.0e-01  2.0e-03  2.0e-01
 112  F 0   2.342e+06  -7e-05  0.98  3.0e-02  8.3e-06  0.0e+00  0.0e+00  2.0e-01  1.9e-03  2.1e-01
 112  T 1   2.341e+06  -1e-05  0.98  3.6e-02  7.2e-06  3.0e-02  2.5e-01  2.0e-01  1.7e-03  2.0e-01
 113  F 0   2.341e+06  -1e-05  0.98  2.5e-02  7.2e-06  0.0e+00  0.0e+00  2.0e-01  1.7e-03  2.1e-01
 113  T 1   2.341e+06   5e-06  0.98  3.0e-02  7.9e-06  2.5e-02  2.1e-01  2.1e-01  1.0e-03  2.1e-01
 114  T 0   2.340e+06   1e-04  0.98  3.6e-02  7.5e-06  3.0e-02  2.5e-01  2.0e-01  1.9e-03  2.0e-01
 115  F 0   2.340e+06   1e-04  0.98  2.5e-02  7.5e-06  0.0e+00  0.0e+00  2.0e-01  1.7e-03  2.0e-01
 115  T 1   2.340e+06  -6e-05  0.98  3.0e-02  7.5e-06  2.5e-02  2.1e-01  2.0e-01  1.5e-03  2.0e-01
 116  T 0   2.340e+06   4e-06  0.98  3.6e-02  8.0e-06  3.0e-02  2.5e-01  2.0e-01  1.8e-03  2.0e-01
 117  F 0   2.340e+06   4e-06  0.98  2.5e-02  8.0e-06  0.0e+00  0.0e+00  2.0e-01  1.8e-03  2.1e-01
 117  T 1   2.339e+06   6e-05  0.98  3.0e-02  8.1e-06  2.5e-02  2.1e-01  2.0e-01  1.7e-03  2.0e-01
 118  T 0   2.339e+06   2e-05  0.98  3.6e-02  8.0e-06  3.0e-02  2.5e-01  2.0e-01  2.0e-03  2.0e-01
 119  F 0   2.339e+06   2e-05  0.98  2.6e-02  8.0e-06  0.0e+00  0.0e+00  2.0e-01  2.1e-03  2.0e-01
 119  T 1   2.338e+06   3e-04  0.98  3.1e-02  1.1e-05  2.6e-02  2.2e-01  2.0e-01  1.6e-03  2.0e-01
 120  F 0   2.338e+06   3e-04  0.98  2.1e-02  1.1e-05  0.0e+00  0.0e+00  2.0e-01  1.6e-03  2.0e-01
 120  T 1   2.338e+06  -6e-05  0.98  2.6e-02  5.8e-06  2.1e-02  1.8e-01  2.0e-01  1.5e-03  2.0e-01
 121  T 0   2.337e+06   5e-05  0.98  3.1e-02  7.0e-06  2.6e-02  2.1e-01  2.0e-01  1.6e-03  2.0e-01
 122  T 0   2.337e+06  -3e-05  0.98  3.7e-02  7.5e-06  3.1e-02  2.5e-01  2.0e-01  2.1e-03  2.0e-01
 123  F 0   2.337e+06  -3e-05  0.98  2.6e-02  7.5e-06  0.0e+00  0.0e+00  2.2e-01  2.0e-03  2.2e-01
 123  T 1   2.336e+06  -3e-06  0.98  3.1e-02  6.9e-06  2.6e-02  2.1e-01  2.1e-01  1.7e-03  2.2e-01
 124  F 0   2.336e+06  -3e-06  0.98  2.2e-02  6.9e-06  0.0e+00  0.0e+00  2.3e-01  1.6e-03  2.3e-01
 124  T 1   2.336e+06  -9e-06  0.98  2.6e-02  5.7e-06  2.2e-02  1.8e-01  2.2e-01  1.0e-03  2.2e-01
 125  F 0   2.336e+06  -9e-06  0.98  1.8e-02  5.7e-06  0.0e+00  0.0e+00  2.1e-01  1.8e-03  2.2e-01
 125  T 1   2.335e+06   7e-05  0.98  2.2e-02  5.3e-06  1.8e-02  1.5e-01  2.1e-01  2.0e-03  2.1e-01
 126  T 0   2.335e+06  -7e-06  0.98  2.6e-02  5.2e-06  2.2e-02  1.7e-01  2.0e-01  2.4e-03  2.0e-01
 127  T 0   2.335e+06  -2e-05  0.98  3.2e-02  5.4e-06  2.6e-02  2.0e-01  2.1e-01  2.2e-03  2.1e-01
 128  F 0   2.335e+06  -2e-05  0.98  2.2e-02  5.4e-06  0.0e+00  0.0e+00  2.0e-01  2.0e-03  2.0e-01
 128  T 1   2.334e+06   3e-05  0.98  2.7e-02  4.8e-06  2.2e-02  1.7e-01  2.0e-01  3.6e-03  2.1e-01
 129  F 0   2.334e+06   3e-05  0.98  1.9e-02  4.8e-06  0.0e+00  0.0e+00  2.0e-01  1.8e-03  2.0e-01
 129  T 1   2.334e+06  -2e-05  0.98  2.2e-02  4.4e-06  1.9e-02  1.5e-01  2.6e-01  1.5e-03  2.6e-01
 130  T 0   2.334e+06   2e-06  0.99  2.7e-02  4.5e-06  2.2e-02  1.7e-01  2.7e-01  1.9e-03  2.7e-01
 131  F 0   2.334e+06   2e-06  0.99  1.9e-02  4.5e-06  0.0e+00  0.0e+00  2.1e-01  2.1e-03  2.1e-01
 131  T 1   2.333e+06   5e-05  0.98  2.2e-02  4.0e-06  1.9e-02  1.4e-01  2.4e-01  1.9e-03  2.4e-01
 132  T 0   2.333e+06  -5e-05  0.99  2.7e-02  5.0e-06  2.2e-02  1.7e-01  2.3e-01  2.1e-03  2.3e-01
 133  F 0   2.333e+06  -5e-05  0.99  1.9e-02  5.0e-06  0.0e+00  0.0e+00  2.6e-01  2.3e-03  2.7e-01
 133  T 1   2.333e+06   1e-05  0.98  2.3e-02  5.6e-06  1.9e-02  1.5e-01  2.0e-01  1.9e-03  2.1e-01
 134  T 0   2.333e+06  -8e-08  0.99  2.7e-02  5.5e-06  2.3e-02  1.7e-01  2.0e-01  2.1e-03  2.0e-01
 135  F 0   2.333e+06  -8e-08  0.99  1.9e-02  5.5e-06  0.0e+00  0.0e+00  2.0e-01  2.3e-03  2.0e-01
 135  T 1   2.333e+06  -7e-06  0.98  2.3e-02  5.2e-06  1.9e-02  1.5e-01  2.1e-01  1.7e-03  2.1e-01
 136  F 0   2.333e+06  -7e-06  0.98  1.6e-02  5.2e-06  0.0e+00  0.0e+00  2.0e-01  1.9e-03  2.1e-01
 136  T 1   2.332e+06   1e-06  0.98  1.9e-02  4.0e-06  1.6e-02  1.2e-01  2.0e-01  1.9e-03  2.0e-01
 137  T 0   2.332e+06  -6e-06  0.98  2.3e-02  4.1e-06  1.9e-02  1.4e-01  2.2e-01  1.8e-03  2.2e-01
 138  T 0   2.332e+06  -1e-13  0.99  2.8e-02  5.1e-06  2.3e-02  1.7e-01  2.0e-01  2.0e-03  2.0e-01
 139  F 0   2.332e+06  -1e-13  0.99  1.9e-02  5.1e-06  0.0e+00  0.0e+00  2.0e-01  2.1e-03  2.0e-01
 139  T 1   2.332e+06   5e-06  0.98  2.3e-02  5.6e-06  1.9e-02  1.5e-01  2.4e-01  2.0e-03  2.5e-01
 140  T 0   2.332e+06  -5e-05  0.99  2.8e-02  5.6e-06  2.3e-02  1.7e-01  2.1e-01  2.1e-03  2.1e-01
 141  F 0   2.332e+06  -5e-05  0.99  2.0e-02  5.6e-06  0.0e+00  0.0e+00  2.1e-01  1.8e-03  2.1e-01
 141  T 1   2.331e+06   1e-05  0.98  2.3e-02  5.5e-06  2.0e-02  1.5e-01  2.0e-01  2.3e-03  2.0e-01
 142  F 0   2.331e+06   1e-05  0.98  1.6e-02  5.5e-06  0.0e+00  0.0e+00  2.3e-01  2.0e-03  2.3e-01
 142  T 1   2.331e+06  -2e-05  0.98  2.0e-02  4.1e-06  1.6e-02  1.2e-01  2.2e-01  2.1e-03  2.3e-01
 143  T 0   2.331e+06  -5e-07  0.99  2.4e-02  4.3e-06  2.0e-02  1.4e-01  2.0e-01  2.0e-03  2.0e-01
 144  F 0   2.331e+06  -5e-07  0.99  1.7e-02  4.3e-06  0.0e+00  0.0e+00  2.0e-01  1.7e-03  2.0e-01
 144  T 1   2.331e+06  -1e-05  0.98  2.0e-02  4.2e-06  1.7e-02  1.2e-01  2.0e-01  1.5e-03  2.1e-01
 145  T 0   2.331e+06   6e-05  0.99  2.4e-02  4.4e-06  2.0e-02  1.4e-01  2.8e-01  1.6e-03  2.8e-01
 146  T 0   2.331e+06  -3e-05  0.99  2.9e-02  4.7e-06  2.4e-02  1.7e-01  2.7e-01  2.0e-03  2.7e-01
 147  F 0   2.331e+06  -3e-05  0.99  2.0e-02  4.7e-06  0.0e+00  0.0e+00  2.0e-01  1.9e-03  2.0e-01
 147  T 1   2.331e+06  -6e-05  0.98  2.4e-02  4.4e-06  2.0e-02  1.5e-01  2.0e-01  1.5e-03  2.0e-01
 148  T 0   2.331e+06  -4e-05  0.99  2.9e-02  5.5e-06  2.4e-02  1.7e-01  2.1e-01  2.1e-03  2.1e-01
 149  F 0   2.331e+06  -4e-05  0.99  2.0e-02  5.5e-06  0.0e+00  0.0e+00  2.0e-01  1.9e-03  2.0e-01
 149  T 1   2.330e+06  -4e-05  0.98  2.4e-02  5.7e-06  2.0e-02  1.5e-01  2.0e-01  1.5e-03  2.0e-01
 150  F 0   2.330e+06  -4e-05  0.98  1.7e-02  5.7e-06  0.0e+00  0.0e+00  2.0e-01  1.7e-03  2.0e-01
 150  T 1   2.330e+06  -7e-08  0.99  2.0e-02  4.0e-06  1.7e-02  1.2e-01  2.0e-01  1.5e-03  2.0e-01
 151  F 0   2.330e+06  -7e-08  0.99  1.4e-02  4.0e-06  0.0e+00  0.0e+00  2.1e-01  1.8e-03  2.1e-01
 151  T 1   2.330e+06  -8e-07  0.99  1.7e-02  3.1e-06  1.4e-02  9.9e-02  2.1e-01  1.9e-03  2.1e-01
 152  T 0   2.330e+06  -3e-05  0.99  2.0e-02  3.8e-06  1.7e-02  1.2e-01  2.0e-01  2.1e-03  2.0e-01
 153  F 0   2.330e+06  -3e-05  0.99  1.4e-02  3.8e-06  0.0e+00  0.0e+00  2.0e-01  1.7e-03  2.0e-01
 153  T 1   2.330e+06  -3e-05  0.99  1.7e-02  3.4e-06  1.4e-02  9.9e-02  2.0e-01  1.7e-03  2.0e-01
 154  F 0   2.330e+06  -3e-05  0.99  1.2e-02  3.4e-06  0.0e+00  0.0e+00  2.1e-01  1.9e-03  2.2e-01
 154  T 1   2.330e+06  -1e-05  0.99  1.4e-02  2.7e-06  1.2e-02  8.3e-02  2.0e-01  2.1e-03  2.0e-01
 155  T 0   2.329e+06  -7e-05  0.99  1.7e-02  2.2e-06  1.4e-02  9.8e-02  2.0e-01  2.1e-03  2.0e-01
 156  T 0   2.329e+06  -5e-06  0.99  2.1e-02  3.0e-06  1.7e-02  1.1e-01  2.1e-01  2.1e-03  2.1e-01
 157  F 0   2.329e+06  -5e-06  0.99  1.5e-02  3.0e-06  0.0e+00  0.0e+00  2.0e-01  2.1e-03  2.0e-01
 157  T 1   2.329e+06   2e-05  0.99  1.7e-02  3.2e-06  1.5e-02  9.7e-02  2.1e-01  1.9e-03  2.1e-01
 158  F 0   2.329e+06   2e-05  0.99  1.2e-02  3.2e-06  0.0e+00  0.0e+00  2.0e-01  1.9e-03  2.0e-01
 158  T 1   2.329e+06   1e-05  0.99  1.5e-02  2.1e-06  1.2e-02  8.3e-02  2.0e-01  2.3e-03  2.0e-01
 159  T 0   2.329e+06   2e-06  0.99  1.8e-02  2.5e-06  1.5e-02  9.8e-02  2.0e-01  1.6e-03  2.1e-01
 160  F 0   2.329e+06   2e-06  0.99  1.2e-02  2.5e-06  0.0e+00  0.0e+00  2.0e-01  2.1e-03  2.1e-01
 160  T 1   2.329e+06   7e-06  0.99  1.5e-02  3.1e-06  1.2e-02  8.2e-02  2.0e-01  2.5e-03  2.0e-01
 161  F 0   2.329e+06   7e-06  0.99  1.0e-02  3.1e-06  0.0e+00  0.0e+00  2.3e-01  1.9e-03  2.4e-01
 161  T 1   2.329e+06   2e-06  0.99  1.2e-02  2.3e-06  1.0e-02  7.1e-02  2.1e-01  1.7e-03  2.1e-01
 162  T 0   2.329e+06   5e-07  0.99  1.5e-02  2.8e-06  1.2e-02  8.3e-02  2.1e-01  2.3e-03  2.1e-01
 163  F 0   2.329e+06   5e-07  0.99  1.0e-02  2.8e-06  0.0e+00  0.0e+00  2.1e-01  2.0e-03  2.1e-01
 163  T 1   2.329e+06   3e-05  0.99  1.3e-02  2.4e-06  1.0e-02  7.0e-02  2.1e-01  1.9e-03  2.1e-01
 164  F 0   2.329e+06   3e-05  0.99  8.8e-03  2.4e-06  0.0e+00  0.0e+00  2.1e-01  1.8e-03  2.1e-01
 164  T 1   2.329e+06  -2e-05  0.99  1.1e-02  2.1e-06  8.8e-03  5.9e-02  2.0e-01  1.9e-03  2.0e-01
Termination on Convergence criteria
Total number of system evaluations: 257
