   k  l     Obj         Vio    Bou   ML       |KKT|    |dX|     ||dX||   T_s      T_o      T_t
   0  T 0   1.221e+09  -4e+00  1.00  2.0e-01  0.0e+00  1.0e+00  1.0e+00  5.8e-01  0.0e+00  0.0e+00
   1  T 0   1.055e+09  -3e+00  0.39  2.0e-01  4.1e-04  2.0e-01  1.3e+01  2.9e-01  1.3e-02  3.0e-01
   2  T 0   8.900e+08  -3e+00  0.41  2.0e-01  4.0e-04  2.0e-01  1.3e+01  2.9e-01  2.4e-03  2.9e-01
   3  T 0   7.474e+08  -2e+00  0.34  2.0e-01  4.3e-04  2.0e-01  1.3e+01  3.0e-01  2.6e-03  3.0e-01
   4  T 0   6.309e+08  -2e+00  0.32  2.0e-01  1.1e-03  2.0e-01  1.3e+01  3.2e-01  2.8e-03  3.3e-01
   5  T 0   4.489e+08  -2e+00  0.54  2.0e-01  4.1e-04  2.0e-01  1.4e+01  2.7e-01  2.6e-03  2.7e-01
   6  T 0   3.988e+08  -1e+00  0.55  2.0e-01  5.3e-04  2.0e-01  9.1e+00  2.8e-01  2.5e-03  2.8e-01
   7  T 0   3.383e+08  -1e+00  0.61  2.0e-01  4.1e-04  2.0e-01  8.9e+00  2.8e-01  2.6e-03  2.9e-01
   8  T 0   3.015e+08  -1e+00  0.65  2.0e-01  3.8e-04  2.0e-01  7.2e+00  3.4e-01  2.6e-03  3.4e-01
   9  T 0   2.749e+08  -9e-01  0.67  2.0e-01  3.6e-04  2.0e-01  6.1e+00  2.7e-01  2.8e-03  2.7e-01
  10  T 0   2.542e+08  -8e-01  0.68  2.0e-01  2.9e-04  2.0e-01  5.3e+00  2.9e-01  2.5e-03  2.9e-01
  11  T 0   2.344e+08  -7e-01  0.73  2.0e-01  3.2e-04  2.0e-01  5.1e+00  2.7e-01  2.5e-03  2.8e-01
  12  T 0   2.186e+08  -6e-01  0.75  2.0e-01  3.2e-04  2.0e-01  4.8e+00  2.8e-01  2.6e-03  2.8e-01
  13  T 0   2.037e+08  -5e-01  0.76  2.0e-01  2.8e-04  2.0e-01  4.7e+00  2.7e-01  2.6e-03  2.7e-01
  14  T 0   1.907e+08  -4e-01  0.79  2.0e-01  2.5e-04  2.0e-01  4.3e+00  2.6e-01  2.6e-03  2.7e-01
  15  T 0   1.809e+08  -3e-01  0.82  2.0e-01  2.2e-04  2.0e-01  3.8e+00  2.7e-01  2.7e-03  2.7e-01
  16  T 0   1.743e+08  -3e-01  0.84  2.0e-01  1.8e-04  2.0e-01  3.5e+00  2.8e-01  2.5e-03  2.8e-01
  17  T 0   1.687e+08  -2e-01  0.85  2.0e-01  1.8e-04  2.0e-01  3.4e+00  2.8e-01  2.7e-03  2.8e-01
  18  T 0   1.634e+08  -2e-01  0.86  2.0e-01  1.8e-04  2.0e-01  3.5e+00  2.8e-01  2.5e-03  2.8e-01
  19  T 0   1.584e+08  -1e-01  0.87  2.0e-01  1.9e-04  2.0e-01  3.2e+00  2.8e-01  2.6e-03  2.8e-01
  20  T 0   1.541e+08  -7e-02  0.88  2.0e-01  1.7e-04  2.0e-01  3.0e+00  3.1e-01  2.6e-03  3.1e-01
  21  T 0   1.509e+08  -4e-02  0.90  2.0e-01  1.9e-04  2.0e-01  2.7e+00  2.8e-01  2.5e-03  2.9e-01
  22  T 0   1.486e+08  -1e-02  0.91  2.0e-01  1.6e-04  2.0e-01  2.3e+00  2.0e-01  4.9e-03  2.1e-01
  23  T 0   1.472e+08  -7e-03  0.92  2.0e-01  1.6e-04  2.0e-01  1.7e+00  1.9e-01  3.1e-03  1.9e-01
  24  T 0   1.462e+08  -3e-03  0.92  2.0e-01  1.5e-04  2.0e-01  1.2e+00  2.0e-01  2.8e-03  2.1e-01
  25  T 0   1.454e+08  -3e-03  0.93  2.0e-01  1.6e-04  2.0e-01  1.1e+00  2.0e-01  2.9e-03  2.0e-01
  26  T 0   1.446e+08  -2e-03  0.93  2.0e-01  1.5e-04  2.0e-01  1.1e+00  2.0e-01  2.8e-03  2.1e-01
  27  T 0   1.440e+08  -2e-03  0.94  2.0e-01  1.4e-04  2.0e-01  1.1e+00  2.5e-01  2.5e-03  2.6e-01
  28  T 0   1.435e+08  -2e-03  0.94  2.0e-01  1.3e-04  2.0e-01  1.0e+00  2.0e-01  2.1e-03  2.0e-01
  29  T 0   1.431e+08  -1e-03  0.95  2.0e-01  1.3e-04  2.0e-01  1.0e+00  2.4e-01  2.7e-03  2.5e-01
  30  T 0   1.427e+08  -1e-03  0.95  2.0e-01  1.3e-04  1.9e-01  9.3e-01  2.1e-01  1.8e-03  2.1e-01
  31  T 0   1.425e+08  -8e-04  0.96  2.0e-01  1.3e-04  1.5e-01  8.4e-01  1.9e-01  2.5e-03  1.9e-01
  32  T 0   1.423e+08  -6e-04  0.96  2.0e-01  1.3e-04  1.8e-01  8.1e-01  2.0e-01  2.5e-03  2.0e-01
  33  T 0   1.422e+08  -5e-04  0.96  2.0e-01  9.0e-05  1.4e-01  7.3e-01  2.0e-01  2.5e-03  2.0e-01
  34  T 0   1.421e+08  -4e-04  0.96  2.0e-01  8.4e-05  1.8e-01  7.3e-01  1.9e-01  2.5e-03  1.9e-01
  35  T 0   1.420e+08  -4e-04  0.97  2.0e-01  8.6e-05  1.7e-01  6.4e-01  2.0e-01  2.5e-03  2.1e-01
  36  T 0   1.419e+08  -3e-04  0.97  2.0e-01  4.6e-05  1.5e-01  6.1e-01  1.9e-01  2.2e-03  2.0e-01
  37  T 0   1.419e+08  -3e-04  0.97  2.0e-01  5.6e-05  2.0e-01  5.7e-01  2.0e-01  2.4e-03  2.0e-01
  38  T 0   1.418e+08  -2e-04  0.97  2.0e-01  5.0e-05  1.7e-01  6.0e-01  1.9e-01  2.5e-03  1.9e-01
  39  T 0   1.418e+08  -3e-04  0.97  2.0e-01  5.7e-05  1.9e-01  6.5e-01  2.0e-01  2.7e-03  2.0e-01
  40  T 0   1.417e+08  -3e-04  0.97  2.0e-01  3.3e-05  2.0e-01  7.6e-01  1.9e-01  2.1e-03  1.9e-01
  41  T 0   1.417e+08  -4e-04  0.97  2.0e-01  3.6e-05  2.0e-01  8.0e-01  2.0e-01  2.4e-03  2.0e-01
  42  T 0   1.416e+08  -3e-04  0.97  2.0e-01  3.3e-05  2.0e-01  8.0e-01  2.1e-01  2.5e-03  2.1e-01
  43  T 0   1.416e+08  -3e-04  0.97  2.0e-01  3.6e-05  2.0e-01  6.8e-01  2.2e-01  2.5e-03  2.2e-01
  44  T 0   1.415e+08  -2e-04  0.97  2.0e-01  3.4e-05  2.0e-01  5.9e-01  2.0e-01  2.5e-03  2.0e-01
  45  T 0   1.415e+08  -2e-04  0.97  2.0e-01  3.9e-05  2.0e-01  5.0e-01  2.0e-01  2.3e-03  2.0e-01
  46  T 0   1.415e+08  -1e-04  0.97  2.0e-01  3.5e-05  1.6e-01  5.5e-01  1.9e-01  2.7e-03  1.9e-01
  47  T 0   1.414e+08  -2e-04  0.97  2.0e-01  3.5e-05  2.0e-01  5.2e-01  1.9e-01  2.4e-03  1.9e-01
  48  T 0   1.414e+08  -2e-04  0.97  2.0e-01  3.8e-05  2.0e-01  5.7e-01  2.0e-01  1.8e-03  2.0e-01
  49  T 0   1.414e+08  -2e-04  0.97  2.0e-01  4.1e-05  1.7e-01  6.2e-01  2.0e-01  2.4e-03  2.0e-01
  50  T 0   1.413e+08  -2e-04  0.97  2.0e-01  4.2e-05  1.9e-01  6.7e-01  2.0e-01  2.4e-03  2.0e-01
  51  T 0   1.413e+08  -2e-04  0.98  2.0e-01  2.6e-05  1.8e-01  6.0e-01  2.0e-01  2.5e-03  2.0e-01
  52  T 0   1.413e+08  -1e-04  0.98  2.0e-01  2.4e-05  2.0e-01  5.4e-01  2.0e-01  2.4e-03  2.0e-01
  53  T 0   1.412e+08  -8e-05  0.98  2.0e-01  2.4e-05  1.9e-01  4.7e-01  1.9e-01  2.5e-03  2.0e-01
  54  T 0   1.412e+08  -7e-05  0.98  2.0e-01  1.6e-05  1.6e-01  4.3e-01  2.0e-01  2.5e-03  2.0e-01
  55  T 0   1.412e+08  -9e-05  0.98  2.0e-01  3.6e-05  1.9e-01  5.2e-01  1.9e-01  2.4e-03  1.9e-01
  56  T 0   1.412e+08  -1e-04  0.98  2.0e-01  4.7e-05  2.0e-01  6.3e-01  1.9e-01  2.5e-03  1.9e-01
  57  T 0   1.412e+08  -2e-04  0.98  2.0e-01  3.5e-05  2.0e-01  6.8e-01  1.9e-01  2.4e-03  2.0e-01
  58  T 0   1.412e+08  -1e-04  0.98  2.0e-01  2.6e-05  2.0e-01  5.7e-01  2.0e-01  2.8e-03  2.0e-01
  59  T 0   1.411e+08  -1e-04  0.98  2.0e-01  2.8e-05  2.0e-01  5.0e-01  2.0e-01  2.5e-03  2.0e-01
  60  T 0   1.411e+08  -8e-05  0.98  2.0e-01  2.1e-05  2.0e-01  4.5e-01  2.0e-01  2.5e-03  2.0e-01
  61  T 0   1.411e+08  -8e-05  0.98  2.0e-01  2.0e-05  2.0e-01  4.5e-01  1.9e-01  2.5e-03  1.9e-01
  62  T 0   1.411e+08  -8e-05  0.98  2.0e-01  2.1e-05  2.0e-01  4.4e-01  2.1e-01  2.1e-03  2.1e-01
  63  T 0   1.411e+08  -8e-05  0.98  2.0e-01  1.7e-05  1.8e-01  4.6e-01  1.9e-01  2.5e-03  1.9e-01
  64  T 0   1.411e+08  -7e-05  0.98  2.0e-01  1.6e-05  1.9e-01  4.4e-01  2.0e-01  2.5e-03  2.0e-01
  65  T 0   1.410e+08  -7e-05  0.98  2.0e-01  1.5e-05  2.0e-01  4.4e-01  2.1e-01  2.5e-03  2.1e-01
  66  T 0   1.410e+08  -6e-05  0.98  2.0e-01  1.3e-05  1.5e-01  4.0e-01  1.9e-01  2.1e-03  1.9e-01
  67  T 0   1.410e+08  -5e-05  0.98  2.0e-01  1.3e-05  1.7e-01  3.9e-01  2.1e-01  2.1e-03  2.1e-01
  68  T 0   1.410e+08  -5e-05  0.98  2.0e-01  1.3e-05  1.2e-01  3.7e-01  1.9e-01  2.1e-03  1.9e-01
  69  T 0   1.410e+08  -6e-05  0.98  2.0e-01  1.4e-05  1.5e-01  4.0e-01  1.9e-01  2.1e-03  1.9e-01
  70  T 0   1.410e+08  -8e-05  0.98  2.0e-01  1.5e-05  1.8e-01  5.0e-01  2.0e-01  2.7e-03  2.0e-01
  71  T 0   1.410e+08  -1e-04  0.98  2.0e-01  1.4e-05  2.0e-01  6.2e-01  1.9e-01  2.4e-03  1.9e-01
  72  T 0   1.409e+08  -1e-04  0.98  2.0e-01  1.6e-05  2.0e-01  7.0e-01  2.0e-01  2.5e-03  2.1e-01
  73  T 0   1.409e+08  -1e-04  0.98  2.0e-01  1.8e-05  2.0e-01  7.6e-01  2.3e-01  2.7e-03  2.3e-01
  74  T 0   1.409e+08  -1e-04  0.98  2.0e-01  2.4e-05  2.0e-01  7.5e-01  2.9e-01  3.3e-03  3.0e-01
  75  T 0   1.409e+08  -2e-04  0.98  2.0e-01  2.8e-05  2.0e-01  8.1e-01  2.0e-01  3.4e-03  2.1e-01
  76  T 0   1.409e+08  -2e-04  0.98  2.0e-01  3.3e-05  2.0e-01  9.2e-01  2.2e-01  3.1e-03  2.2e-01
  77  T 0   1.409e+08  -2e-04  0.98  2.0e-01  2.3e-05  2.0e-01  7.5e-01  2.7e-01  4.3e-03  2.7e-01
  78  T 0   1.409e+08  -1e-04  0.98  2.0e-01  2.4e-05  2.0e-01  5.7e-01  2.4e-01  3.3e-03  2.5e-01
  79  T 0   1.408e+08  -7e-05  0.98  2.0e-01  1.9e-05  1.9e-01  4.1e-01  2.7e-01  4.0e-03  2.7e-01
  80  T 0   1.408e+08  -4e-05  0.98  2.0e-01  1.9e-05  1.7e-01  3.6e-01  2.5e-01  3.7e-03  2.5e-01
  81  T 0   1.408e+08  -3e-05  0.98  2.0e-01  1.8e-05  1.7e-01  3.6e-01  2.4e-01  2.9e-03  2.4e-01
  82  T 0   1.408e+08  -4e-05  0.98  2.0e-01  1.7e-05  1.8e-01  3.4e-01  2.4e-01  2.4e-03  2.4e-01
  83  T 0   1.408e+08  -3e-05  0.98  2.0e-01  1.5e-05  1.1e-01  3.2e-01  2.4e-01  2.4e-03  2.4e-01
  84  T 0   1.408e+08  -4e-05  0.98  2.0e-01  1.4e-05  1.4e-01  3.3e-01  2.4e-01  2.8e-03  2.4e-01
  85  T 0   1.408e+08  -4e-05  0.98  2.0e-01  1.3e-05  2.0e-01  3.8e-01  2.6e-01  3.4e-03  2.7e-01
  86  T 0   1.408e+08  -4e-05  0.98  2.0e-01  1.2e-05  1.9e-01  3.9e-01  2.6e-01  3.4e-03  2.7e-01
  87  T 0   1.408e+08  -4e-05  0.98  2.0e-01  1.2e-05  1.5e-01  3.9e-01  2.5e-01  3.0e-03  2.6e-01
  88  T 0   1.408e+08  -5e-05  0.98  2.0e-01  1.3e-05  1.7e-01  4.3e-01  2.7e-01  2.9e-03  2.8e-01
  89  T 0   1.408e+08  -4e-05  0.98  2.0e-01  1.1e-05  2.0e-01  4.8e-01  2.4e-01  3.5e-03  2.4e-01
  90  T 0   1.408e+08  -4e-05  0.98  2.0e-01  1.1e-05  1.8e-01  3.9e-01  2.6e-01  3.5e-03  2.7e-01
  91  T 0   1.408e+08  -3e-05  0.98  2.0e-01  1.0e-05  1.4e-01  3.1e-01  2.5e-01  3.4e-03  2.5e-01
  92  T 0   1.408e+08  -3e-05  0.98  2.0e-01  1.0e-05  1.7e-01  2.9e-01  2.5e-01  3.3e-03  2.6e-01
  93  T 0   1.407e+08  -3e-05  0.98  2.0e-01  1.2e-05  1.7e-01  3.2e-01  2.5e-01  2.5e-03  2.5e-01
  94  T 0   1.407e+08  -3e-05  0.98  2.0e-01  1.2e-05  2.0e-01  2.8e-01  3.2e-01  2.6e-03  3.3e-01
  95  T 0   1.407e+08  -3e-05  0.98  2.0e-01  1.4e-05  1.4e-01  2.7e-01  2.8e-01  3.5e-03  2.9e-01
  96  T 0   1.407e+08  -3e-05  0.98  2.0e-01  1.5e-05  2.0e-01  3.1e-01  2.5e-01  3.4e-03  2.5e-01
  97  T 0   1.407e+08  -4e-05  0.98  2.0e-01  1.5e-05  2.0e-01  3.3e-01  2.4e-01  3.3e-03  2.4e-01
  98  T 0   1.407e+08  -4e-05  0.98  2.0e-01  1.8e-05  1.1e-01  3.0e-01  2.8e-01  3.5e-03  2.8e-01
  99  T 0   1.407e+08  -4e-05  0.98  2.0e-01  1.7e-05  1.5e-01  3.3e-01  2.7e-01  2.4e-03  2.7e-01
 100  T 0   1.407e+08  -4e-05  0.98  2.0e-01  2.2e-05  1.7e-01  3.6e-01  2.8e-01  3.3e-03  2.8e-01
 101  T 0   1.407e+08  -4e-05  0.98  2.0e-01  1.7e-05  1.9e-01  3.7e-01  2.5e-01  3.5e-03  2.5e-01
 102  T 0   1.407e+08  -5e-05  0.98  2.0e-01  2.4e-05  2.0e-01  4.2e-01  2.5e-01  3.4e-03  2.5e-01
 103  T 0   1.407e+08  -5e-05  0.98  2.0e-01  1.7e-05  1.5e-01  3.9e-01  2.5e-01  3.5e-03  2.5e-01
 104  T 0   1.407e+08  -5e-05  0.98  2.0e-01  2.0e-05  2.0e-01  3.9e-01  2.5e-01  3.5e-03  2.5e-01
 105  T 0   1.407e+08  -2e-05  0.98  2.0e-01  1.1e-05  1.9e-01  4.1e-01  2.4e-01  2.8e-03  2.4e-01
 106  T 0   1.407e+08  -2e-05  0.98  2.0e-01  1.2e-05  1.9e-01  3.7e-01  2.4e-01  3.4e-03  2.5e-01
 107  T 0   1.407e+08  -1e-05  0.98  2.0e-01  1.2e-05  1.6e-01  2.4e-01  2.5e-01  2.9e-03  2.5e-01
 108  T 0   1.407e+08  -1e-05  0.98  2.0e-01  1.2e-05  1.5e-01  2.3e-01  3.1e-01  3.3e-03  3.2e-01
 109  T 0   1.407e+08  -1e-05  0.98  2.0e-01  1.2e-05  9.8e-02  2.0e-01  2.8e-01  3.5e-03  2.8e-01
 110  T 0   1.407e+08  -8e-06  0.98  2.0e-01  1.2e-05  9.4e-02  1.8e-01  2.9e-01  3.7e-03  2.9e-01
 111  T 0   1.407e+08  -1e-05  0.98  2.0e-01  1.1e-05  1.1e-01  1.9e-01  2.8e-01  3.7e-03  2.8e-01
 112  T 0   1.407e+08  -8e-06  0.98  2.0e-01  1.1e-05  1.0e-01  1.9e-01  2.8e-01  3.0e-03  2.8e-01
 113  T 0   1.407e+08  -1e-05  0.98  2.0e-01  1.1e-05  1.5e-01  2.7e-01  2.8e-01  3.6e-03  2.8e-01
 114  T 0   1.407e+08  -2e-05  0.98  2.0e-01  1.3e-05  2.0e-01  3.7e-01  3.0e-01  3.7e-03  3.0e-01
 115  T 0   1.406e+08  -4e-05  0.98  2.0e-01  1.1e-05  2.0e-01  4.1e-01  2.8e-01  3.7e-03  2.8e-01
 116  F 0   1.407e+08  -5e-05  0.98  2.0e-01  1.7e-05  1.9e-01  4.4e-01  2.8e-01  3.6e-03  2.9e-01
 117  F 0   1.407e+08  -7e-05  0.98  2.0e-01  1.6e-05  2.0e-01  5.0e-01  2.8e-01  3.7e-03  2.8e-01
 118  T 0   1.406e+08  -8e-05  0.98  2.0e-01  1.2e-05  2.0e-01  5.1e-01  2.7e-01  3.6e-03  2.7e-01
 119  T 0   1.406e+08  -4e-05  0.98  2.0e-01  1.1e-05  2.0e-01  3.9e-01  2.8e-01  3.6e-03  2.9e-01
 120  T 0   1.406e+08  -2e-05  0.98  2.0e-01  5.3e-06  1.2e-01  2.3e-01  2.8e-01  4.0e-03  2.8e-01
 121  T 0   1.406e+08  -7e-06  0.98  2.0e-01  5.2e-06  8.5e-02  1.7e-01  2.7e-01  3.6e-03  2.7e-01
 122  T 0   1.406e+08   2e-05  0.98  2.0e-01  4.4e-06  8.4e-02  1.5e-01  2.6e-01  3.2e-03  2.6e-01
 123  F 0   1.406e+08  -2e-05  0.98  2.0e-01  4.3e-06  1.0e-01  1.5e-01  2.7e-01  3.1e-03  2.8e-01
 124  T 0   1.406e+08  -5e-06  0.98  2.0e-01  4.2e-06  1.1e-01  1.6e-01  2.6e-01  3.6e-03  2.7e-01
 125  T 0   1.406e+08  -5e-06  0.98  2.0e-01  4.2e-06  1.3e-01  1.8e-01  2.6e-01  3.6e-03  2.6e-01
 126  T 0   1.406e+08  -1e-05  0.98  2.0e-01  4.3e-06  1.3e-01  1.9e-01  2.6e-01  3.1e-03  2.7e-01
 127  T 0   1.406e+08  -1e-05  0.98  2.0e-01  4.2e-06  1.2e-01  1.9e-01  2.8e-01  3.0e-03  2.8e-01
 128  T 0   1.406e+08  -8e-06  0.98  2.0e-01  4.5e-06  1.2e-01  2.0e-01  3.0e-01  3.0e-03  3.0e-01
 129  T 0   1.406e+08  -7e-06  0.98  2.0e-01  4.1e-06  6.7e-02  1.7e-01  2.6e-01  3.0e-03  2.7e-01
 130  T 0   1.406e+08  -3e-06  0.98  2.0e-01  4.0e-06  6.7e-02  1.7e-01  2.8e-01  3.1e-03  2.8e-01
 131  T 0   1.406e+08  -6e-06  0.98  2.0e-01  4.0e-06  7.9e-02  1.7e-01  2.7e-01  3.6e-03  2.7e-01
 132  T 0   1.406e+08   2e-06  0.98  2.0e-01  4.0e-06  9.4e-02  1.9e-01  2.6e-01  3.1e-03  2.7e-01
 133  T 0   1.406e+08  -8e-06  0.98  2.0e-01  3.9e-06  1.1e-01  2.1e-01  2.6e-01  3.7e-03  2.7e-01
 134  T 0   1.406e+08  -1e-05  0.98  2.0e-01  4.0e-06  1.4e-01  2.6e-01  2.7e-01  3.7e-03  2.7e-01
 135  T 0   1.406e+08  -2e-05  0.98  2.0e-01  6.8e-06  1.6e-01  3.5e-01  2.6e-01  3.5e-03  2.7e-01
 136  F 0   1.406e+08  -4e-05  0.98  2.0e-01  1.1e-05  2.0e-01  4.7e-01  2.6e-01  3.5e-03  2.7e-01
 137  F 0   1.406e+08  -1e-04  0.98  2.0e-01  1.7e-05  2.0e-01  5.8e-01  2.7e-01  4.0e-03  2.8e-01
 138  F 0   1.406e+08  -1e-04  0.98  2.0e-01  2.3e-05  2.0e-01  6.5e-01  2.7e-01  3.7e-03  2.8e-01
 139  F 0   1.406e+08  -1e-04  0.98  2.0e-01  2.2e-05  2.0e-01  6.1e-01  2.7e-01  3.5e-03  2.7e-01
 140  T 0   1.406e+08  -7e-05  0.98  2.0e-01  1.6e-05  1.6e-01  3.8e-01  2.6e-01  4.1e-03  2.7e-01
 141  T 0   1.406e+08  -9e-06  0.98  2.0e-01  4.7e-06  1.1e-01  2.1e-01  2.7e-01  3.5e-03  2.7e-01
 142  T 0   1.406e+08  -5e-06  0.98  2.0e-01  5.0e-06  1.2e-01  1.9e-01  2.7e-01  3.7e-03  2.7e-01
 143  T 0   1.406e+08  -5e-06  0.98  2.0e-01  5.2e-06  1.1e-01  1.6e-01  2.7e-01  3.6e-03  2.7e-01
 144  T 0   1.406e+08   2e-05  0.98  2.0e-01  5.0e-06  1.2e-01  1.6e-01  2.8e-01  3.1e-03  2.8e-01
 145  T 0   1.406e+08   1e-06  0.98  2.0e-01  4.6e-06  1.3e-01  1.6e-01  2.9e-01  3.0e-03  3.0e-01
 146  T 0   1.406e+08   3e-06  0.98  2.0e-01  4.2e-06  1.4e-01  1.6e-01  2.8e-01  3.0e-03  2.8e-01
 147  F 0   1.406e+08  -2e-05  0.98  2.0e-01  3.8e-06  6.4e-02  1.0e-01  2.7e-01  3.0e-03  2.7e-01
 148  T 0   1.406e+08  -2e-06  0.98  2.0e-01  3.4e-06  6.8e-02  9.1e-02  2.8e-01  3.6e-03  2.8e-01
 149  T 0   1.406e+08  -1e-05  0.98  2.0e-01  3.0e-06  7.4e-02  9.7e-02  2.8e-01  3.0e-03  2.8e-01
 150  T 0   1.406e+08  -1e-06  0.98  2.0e-01  2.7e-06  8.0e-02  1.1e-01  2.8e-01  3.1e-03  2.9e-01
 151  T 0   1.406e+08   5e-06  0.98  2.0e-01  2.4e-06  8.3e-02  1.1e-01  2.8e-01  3.2e-03  2.8e-01
 152  T 0   1.406e+08  -3e-06  0.98  2.0e-01  2.1e-06  9.1e-02  1.3e-01  2.8e-01  3.7e-03  2.8e-01
 153  T 0   1.406e+08  -4e-06  0.98  2.0e-01  2.1e-06  9.0e-02  1.4e-01  2.8e-01  3.6e-03  2.8e-01
 154  F 0   1.406e+08  -2e-05  0.98  2.0e-01  3.5e-06  7.5e-02  1.7e-01  3.2e-01  3.1e-03  3.3e-01
 155  F 0   1.406e+08  -2e-05  0.98  2.0e-01  1.4e-05  1.2e-01  3.0e-01  2.7e-01  3.6e-03  2.8e-01
 156  F 0   1.406e+08  -1e-04  0.98  2.0e-01  3.1e-05  2.0e-01  6.4e-01  2.8e-01  3.0e-03  2.8e-01
 157  F 0   1.406e+08  -3e-04  0.98  2.0e-01  3.6e-05  2.0e-01  8.4e-01  2.7e-01  3.5e-03  2.7e-01
 158  F 0   1.406e+08  -4e-04  0.98  2.0e-01  3.7e-05  2.0e-01  8.9e-01  2.7e-01  3.5e-03  2.8e-01
 159  F 0   1.406e+08  -4e-04  0.98  2.0e-01  3.3e-05  2.0e-01  8.4e-01  2.7e-01  4.7e-03  2.7e-01
 160  F 0   1.406e+08  -3e-04  0.98  2.0e-01  5.7e-05  2.0e-01  6.6e-01  2.9e-01  4.6e-03  2.9e-01
 161  F 0   1.406e+08  -2e-04  0.98  2.0e-01  3.1e-05  2.0e-01  5.5e-01  3.1e-01  3.6e-03  3.2e-01
 162  F 0   1.406e+08  -8e-05  0.98  2.0e-01  2.5e-05  2.0e-01  3.4e-01  3.2e-01  4.8e-03  3.2e-01
 163  F 0   1.406e+08  -2e-05  0.98  2.0e-01  1.4e-05  1.2e-01  1.7e-01  3.0e-01  4.1e-03  3.0e-01
 164  T 0   1.406e+08   2e-06  0.98  2.0e-01  8.3e-06  4.3e-02  7.0e-02  2.9e-01  3.1e-03  3.0e-01
 165  T 0   1.406e+08  -3e-06  0.98  2.0e-01  6.7e-06  2.5e-02  4.9e-02  2.7e-01  2.6e-03  2.7e-01
 166  T 0   1.406e+08  -1e-05  0.98  2.0e-01  6.0e-06  1.7e-02  3.6e-02  3.0e-01  3.1e-03  3.1e-01
 167  F 0   1.406e+08  -2e-05  0.98  2.0e-01  6.8e-06  9.8e-03  2.6e-02  2.7e-01  3.2e-03  2.7e-01
Termination on Convergence criteria
Total number of system evaluations: 168
