   k  l     Obj         Vio    Bou   ML       |KKT|    |dX|     ||dX||   T_s      T_o      T_t
   0  T 0   6.103e+09   0e+00  0.00  2.0e-01  8.2e+02  1.0e+00  1.0e+00  3.7e-01  0.0e+00  0.0e+00
   1  T 0   3.113e+09  -5e-06  0.00  2.0e-01  8.4e-02  2.0e-01  8.6e+00  2.1e-01  5.1e-03  2.1e-01
   2  T 0   1.526e+09  -1e-02  0.00  2.0e-01  1.7e-02  2.0e-01  9.5e+00  2.5e-01  1.4e-03  2.5e-01
   3  T 0   8.428e+08  -9e-02  0.00  2.0e-01  4.6e-03  2.0e-01  9.4e+00  2.6e-01  1.1e-03  2.6e-01
   4  T 0   5.945e+08  -3e-01  0.00  2.0e-01  2.1e-03  2.0e-01  9.5e+00  2.8e-01  1.4e-03  2.8e-01
   5  T 0   4.394e+08  -2e-01  0.07  2.0e-01  1.6e-03  2.0e-01  1.0e+01  2.4e-01  1.4e-03  2.5e-01
   6  T 0   3.456e+08  -4e-01  0.06  2.0e-01  1.3e-03  2.0e-01  8.7e+00  2.5e-01  1.4e-03  2.5e-01
   7  T 0   2.948e+08  -2e-01  0.10  2.0e-01  2.2e-03  2.0e-01  9.0e+00  2.9e-01  1.4e-03  2.9e-01
   8  T 0   2.675e+08  -3e-01  0.16  2.0e-01  1.3e-03  2.0e-01  7.9e+00  2.4e-01  1.3e-03  2.4e-01
   9  T 0   2.461e+08  -1e-01  0.16  2.0e-01  2.5e-03  2.0e-01  8.2e+00  2.4e-01  1.4e-03  2.4e-01
  10  T 0   2.297e+08  -2e-01  0.22  2.0e-01  1.5e-03  2.0e-01  7.5e+00  2.4e-01  1.4e-03  2.4e-01
  11  T 0   2.259e+08  -5e-02  0.24  2.0e-01  1.0e-03  2.0e-01  7.7e+00  3.1e-01  1.4e-03  3.1e-01
  12  T 0   2.128e+08  -1e-01  0.27  2.0e-01  2.2e-03  2.0e-01  7.3e+00  2.3e-01  1.5e-03  2.3e-01
  13  F 0   2.128e+08  -1e-01  0.27  2.0e-01  2.2e-03  0.0e+00  0.0e+00  2.5e-01  1.4e-03  2.5e-01
  13  T 1   2.051e+08  -2e-02  0.25  2.0e-01  2.5e-03  2.0e-01  6.7e+00  2.3e-01  1.2e-03  2.3e-01
  14  F 0   2.051e+08  -2e-02  0.25  2.0e-01  2.5e-03  0.0e+00  0.0e+00  2.5e-01  1.7e-03  2.5e-01
  14  T 1   2.011e+08  -9e-02  0.35  2.0e-01  6.4e-04  2.0e-01  6.1e+00  2.6e-01  1.1e-03  2.6e-01
  15  F 0   2.011e+08  -9e-02  0.35  2.0e-01  6.4e-04  0.0e+00  0.0e+00  2.4e-01  2.2e-03  2.4e-01
  15  T 1   1.990e+08  -2e-09  0.34  2.0e-01  8.5e-04  2.0e-01  6.5e+00  2.5e-01  2.0e-03  2.5e-01
  16  F 0   1.990e+08  -2e-09  0.34  2.0e-01  8.5e-04  0.0e+00  0.0e+00  2.5e-01  1.8e-03  2.5e-01
  16  T 1   1.970e+08  -5e-02  0.37  2.0e-01  1.1e-03  2.0e-01  5.9e+00  2.5e-01  1.4e-03  2.5e-01
  17  F 0   1.970e+08  -5e-02  0.37  2.0e-01  1.1e-03  0.0e+00  0.0e+00  2.4e-01  2.6e-03  2.4e-01
  17  T 1   1.936e+08  -9e-08  0.37  2.0e-01  1.3e-03  2.0e-01  5.7e+00  2.5e-01  2.6e-03  2.5e-01
  18  F 0   1.936e+08  -9e-08  0.37  2.0e-01  1.3e-03  0.0e+00  0.0e+00  2.4e-01  1.8e-03  2.4e-01
  18  T 1   1.924e+08  -4e-02  0.45  2.0e-01  8.9e-04  2.0e-01  5.6e+00  2.4e-01  1.5e-03  2.4e-01
  19  F 0   1.924e+08  -4e-02  0.45  2.0e-01  8.9e-04  0.0e+00  0.0e+00  2.5e-01  2.5e-03  2.5e-01
  19  T 1   1.875e+08  -1e-07  0.45  2.0e-01  1.1e-03  2.0e-01  5.2e+00  2.4e-01  2.6e-03  2.4e-01
  20  F 0   1.875e+08  -1e-07  0.45  2.0e-01  1.1e-03  0.0e+00  0.0e+00  2.4e-01  1.7e-03  2.4e-01
  20  F 1   1.875e+08  -1e-07  0.45  2.0e-01  1.1e-03  0.0e+00  0.0e+00  2.3e-01  1.5e-03  2.3e-01
  20  T 2   1.798e+08  -2e-02  0.44  2.0e-01  1.2e-03  1.2e-01  3.0e+00  2.3e-01  1.4e-03  2.3e-01
  21  T 0   1.709e+08  -9e-06  0.55  2.0e-01  1.1e-03  2.0e-01  5.9e+00  2.3e-01  2.3e-03  2.3e-01
  22  F 0   1.709e+08  -9e-06  0.55  2.0e-01  1.1e-03  0.0e+00  0.0e+00  2.3e-01  2.3e-03  2.3e-01
  22  F 1   1.709e+08  -9e-06  0.55  2.0e-01  1.1e-03  0.0e+00  0.0e+00  2.3e-01  2.2e-03  2.3e-01
  22  T 2   1.686e+08  -4e-06  0.54  2.0e-01  1.0e-03  1.4e-01  2.5e+00  2.3e-01  2.0e-03  2.3e-01
  23  F 0   1.686e+08  -4e-06  0.54  2.0e-01  1.0e-03  0.0e+00  0.0e+00  2.3e-01  2.6e-03  2.3e-01
  23  T 1   1.674e+08  -2e-06  0.57  2.0e-01  9.4e-04  2.0e-01  4.3e+00  2.4e-01  2.6e-03  2.4e-01
  24  F 0   1.674e+08  -2e-06  0.57  2.0e-01  9.4e-04  0.0e+00  0.0e+00  2.8e-01  4.3e-03  2.8e-01
  24  F 1   1.674e+08  -2e-06  0.57  2.0e-01  9.4e-04  0.0e+00  0.0e+00  2.3e-01  2.5e-03  2.3e-01
  24  T 2   1.651e+08   3e-06  0.56  2.0e-01  9.2e-04  1.9e-01  2.6e+00  3.2e-01  2.2e-03  3.2e-01
  25  T 0   1.627e+08  -1e-06  0.64  2.0e-01  8.8e-04  2.0e-01  4.5e+00  2.4e-01  2.6e-03  2.5e-01
  26  F 0   1.627e+08  -1e-06  0.64  2.0e-01  8.8e-04  0.0e+00  0.0e+00  2.4e-01  2.8e-03  2.4e-01
  26  F 1   1.627e+08  -1e-06  0.64  2.0e-01  8.8e-04  0.0e+00  0.0e+00  2.3e-01  2.6e-03  2.4e-01
  26  T 2   1.606e+08  -7e-06  0.63  2.0e-01  6.9e-04  2.0e-01  2.5e+00  2.5e-01  2.5e-03  2.5e-01
  27  T 0   1.587e+08  -8e-06  0.68  2.0e-01  5.5e-04  2.0e-01  4.1e+00  2.3e-01  2.9e-03  2.4e-01
  28  F 0   1.587e+08  -8e-06  0.68  2.0e-01  5.5e-04  0.0e+00  0.0e+00  2.7e-01  2.6e-03  2.7e-01
  28  F 1   1.587e+08  -8e-06  0.68  2.0e-01  5.5e-04  0.0e+00  0.0e+00  2.5e-01  1.9e-03  2.5e-01
  28  T 2   1.570e+08  -2e-06  0.67  2.0e-01  6.1e-04  2.0e-01  2.4e+00  2.4e-01  2.3e-03  2.5e-01
  29  T 0   1.560e+08   5e-08  0.72  2.0e-01  8.1e-04  2.0e-01  3.8e+00  2.3e-01  2.9e-03  2.3e-01
  30  F 0   1.560e+08   5e-08  0.72  2.0e-01  8.1e-04  0.0e+00  0.0e+00  2.6e-01  2.3e-03  2.6e-01
  30  F 1   1.560e+08   5e-08  0.72  2.0e-01  8.1e-04  0.0e+00  0.0e+00  2.6e-01  2.4e-03  2.6e-01
  30  T 2   1.546e+08  -7e-07  0.71  2.0e-01  6.2e-04  2.0e-01  2.4e+00  3.5e-01  2.7e-03  3.5e-01
  31  F 0   1.546e+08  -7e-07  0.71  2.0e-01  6.2e-04  0.0e+00  0.0e+00  2.6e-01  3.3e-03  2.6e-01
  31  F 1   1.546e+08  -7e-07  0.71  2.0e-01  6.2e-04  0.0e+00  0.0e+00  2.6e-01  2.6e-03  2.6e-01
  31  T 2   1.540e+08  -3e-06  0.72  2.0e-01  4.9e-04  2.0e-01  2.2e+00  2.6e-01  1.8e-03  2.6e-01
  32  F 0   1.540e+08  -3e-06  0.72  2.0e-01  4.9e-04  0.0e+00  0.0e+00  2.7e-01  2.7e-03  2.7e-01
  32  F 1   1.540e+08  -3e-06  0.72  2.0e-01  4.9e-04  0.0e+00  0.0e+00  2.6e-01  2.1e-03  2.6e-01
  32  T 2   1.535e+08  -3e-07  0.73  2.0e-01  5.2e-04  2.0e-01  2.3e+00  2.7e-01  2.4e-03  2.7e-01
  33  F 0   1.535e+08  -3e-07  0.73  2.0e-01  5.2e-04  0.0e+00  0.0e+00  2.7e-01  3.3e-03  2.7e-01
  33  F 1   1.535e+08  -3e-07  0.73  2.0e-01  5.2e-04  0.0e+00  0.0e+00  2.6e-01  2.7e-03  2.6e-01
  33  T 2   1.531e+08   2e-07  0.73  2.0e-01  5.6e-04  2.0e-01  2.1e+00  2.6e-01  2.4e-03  2.6e-01
  34  F 0   1.531e+08   2e-07  0.73  2.0e-01  5.6e-04  0.0e+00  0.0e+00  2.6e-01  2.4e-03  2.6e-01
  34  F 1   1.531e+08   2e-07  0.73  2.0e-01  5.6e-04  0.0e+00  0.0e+00  2.9e-01  2.1e-03  2.9e-01
  34  T 2   1.528e+08  -4e-07  0.74  2.0e-01  5.8e-04  2.0e-01  2.2e+00  2.7e-01  2.6e-03  2.7e-01
  35  F 0   1.528e+08  -4e-07  0.74  2.0e-01  5.8e-04  0.0e+00  0.0e+00  2.6e-01  3.0e-03  2.7e-01
  35  F 1   1.528e+08  -4e-07  0.74  2.0e-01  5.8e-04  0.0e+00  0.0e+00  2.7e-01  2.7e-03  2.7e-01
  35  T 2   1.526e+08   4e-07  0.74  2.0e-01  6.0e-04  2.0e-01  2.1e+00  2.6e-01  2.4e-03  2.7e-01
  36  F 0   1.526e+08   4e-07  0.74  2.0e-01  6.0e-04  0.0e+00  0.0e+00  2.6e-01  2.4e-03  2.6e-01
  36  F 1   1.526e+08   4e-07  0.74  2.0e-01  6.0e-04  0.0e+00  0.0e+00  2.6e-01  1.8e-03  2.7e-01
  36  T 2   1.523e+08  -5e-07  0.76  2.0e-01  6.2e-04  2.0e-01  2.2e+00  2.7e-01  2.3e-03  2.7e-01
  37  F 0   1.523e+08  -5e-07  0.76  2.0e-01  6.2e-04  0.0e+00  0.0e+00  2.6e-01  3.1e-03  2.7e-01
  37  F 1   1.523e+08  -5e-07  0.76  2.0e-01  6.2e-04  0.0e+00  0.0e+00  2.6e-01  2.7e-03  2.7e-01
  37  T 2   1.516e+08   1e-07  0.75  2.0e-01  6.6e-04  2.0e-01  2.0e+00  2.7e-01  2.4e-03  2.7e-01
  38  F 0   1.516e+08   1e-07  0.75  2.0e-01  6.6e-04  0.0e+00  0.0e+00  2.6e-01  2.7e-03  2.7e-01
  38  F 1   1.516e+08   1e-07  0.75  2.0e-01  6.6e-04  0.0e+00  0.0e+00  2.7e-01  2.1e-03  2.7e-01
  38  T 2   1.514e+08  -1e-07  0.77  2.0e-01  6.7e-04  2.0e-01  2.1e+00  3.0e-01  2.5e-03  3.0e-01
  39  F 0   1.514e+08  -1e-07  0.77  2.0e-01  6.7e-04  0.0e+00  0.0e+00  2.6e-01  3.0e-03  2.7e-01
  39  F 1   1.514e+08  -1e-07  0.77  2.0e-01  6.7e-04  0.0e+00  0.0e+00  2.7e-01  3.1e-03  2.7e-01
  39  T 2   1.511e+08   1e-07  0.77  2.0e-01  4.9e-04  2.0e-01  2.0e+00  2.7e-01  2.5e-03  2.7e-01
  40  F 0   1.511e+08   1e-07  0.77  2.0e-01  4.9e-04  0.0e+00  0.0e+00  2.6e-01  2.4e-03  2.7e-01
  40  F 1   1.511e+08   1e-07  0.77  2.0e-01  4.9e-04  0.0e+00  0.0e+00  3.0e-01  2.1e-03  3.0e-01
  40  T 2   1.510e+08  -2e-07  0.78  2.0e-01  5.0e-04  2.0e-01  2.1e+00  2.7e-01  2.5e-03  2.7e-01
  41  F 0   1.510e+08  -2e-07  0.78  2.0e-01  5.0e-04  0.0e+00  0.0e+00  2.6e-01  3.3e-03  2.7e-01
  41  F 1   1.510e+08  -2e-07  0.78  2.0e-01  5.0e-04  0.0e+00  0.0e+00  2.7e-01  2.7e-03  2.7e-01
  41  T 2   1.506e+08   0e+00  0.78  2.0e-01  5.4e-04  2.0e-01  2.0e+00  2.7e-01  2.4e-03  2.7e-01
  42  F 0   1.506e+08   0e+00  0.78  2.0e-01  5.4e-04  0.0e+00  0.0e+00  2.6e-01  2.8e-03  2.7e-01
  42  F 1   1.506e+08   0e+00  0.78  2.0e-01  5.4e-04  0.0e+00  0.0e+00  2.9e-01  2.1e-03  3.0e-01
  42  F 2   1.506e+08   0e+00  0.78  2.0e-01  5.4e-04  0.0e+00  0.0e+00  2.6e-01  2.4e-03  2.7e-01
  42  T 3   1.498e+08  -2e-07  0.78  2.0e-01  5.0e-04  1.3e-01  1.2e+00  2.7e-01  2.9e-03  2.7e-01
  43  T 0   1.485e+08   6e-08  0.83  2.0e-01  6.6e-04  2.0e-01  2.6e+00  2.7e-01  3.5e-03  2.8e-01
  44  T 0   1.485e+08  -3e-07  0.84  2.0e-01  2.6e-04  2.0e-01  2.8e+00  2.7e-01  2.4e-03  2.7e-01
  45  T 0   1.482e+08   3e-07  0.86  2.0e-01  3.3e-04  2.0e-01  3.0e+00  2.6e-01  2.4e-03  2.7e-01
  46  F 0   1.482e+08   3e-07  0.86  2.0e-01  3.3e-04  0.0e+00  0.0e+00  2.7e-01  2.4e-03  2.7e-01
  46  T 1   1.476e+08   7e-06  0.86  2.0e-01  3.9e-04  2.0e-01  2.5e+00  2.6e-01  2.1e-03  2.6e-01
  47  F 0   1.476e+08   7e-06  0.86  2.0e-01  3.9e-04  0.0e+00  0.0e+00  2.7e-01  2.4e-03  2.8e-01
  47  F 1   1.476e+08   7e-06  0.86  2.0e-01  3.9e-04  0.0e+00  0.0e+00  2.9e-01  2.5e-03  3.0e-01
  47  T 2   1.470e+08  -7e-07  0.85  2.0e-01  4.0e-04  2.0e-01  1.7e+00  3.1e-01  2.4e-03  3.2e-01
  48  T 0   1.469e+08  -3e-06  0.88  2.0e-01  3.1e-04  2.0e-01  2.4e+00  2.8e-01  2.9e-03  2.8e-01
  49  F 0   1.469e+08  -3e-06  0.88  2.0e-01  3.1e-04  0.0e+00  0.0e+00  2.6e-01  2.4e-03  2.7e-01
  49  F 1   1.469e+08  -3e-06  0.88  2.0e-01  3.1e-04  0.0e+00  0.0e+00  2.7e-01  1.8e-03  2.7e-01
  49  T 2   1.466e+08   7e-06  0.87  2.0e-01  3.5e-04  2.0e-01  1.8e+00  4.0e-01  2.1e-03  4.0e-01
  50  F 0   1.466e+08   7e-06  0.87  2.0e-01  3.5e-04  0.0e+00  0.0e+00  2.7e-01  2.7e-03  2.8e-01
  50  F 1   1.466e+08   7e-06  0.87  2.0e-01  3.5e-04  0.0e+00  0.0e+00  2.7e-01  1.8e-03  2.7e-01
  50  T 2   1.465e+08  -1e-06  0.87  2.0e-01  3.1e-04  2.0e-01  1.7e+00  2.6e-01  2.3e-03  2.7e-01
  51  F 0   1.465e+08  -1e-06  0.87  2.0e-01  3.1e-04  0.0e+00  0.0e+00  2.7e-01  2.7e-03  2.7e-01
  51  F 1   1.465e+08  -1e-06  0.87  2.0e-01  3.1e-04  0.0e+00  0.0e+00  2.7e-01  2.4e-03  2.7e-01
  51  F 2   1.465e+08  -1e-06  0.87  2.0e-01  3.1e-04  0.0e+00  0.0e+00  2.9e-01  2.6e-03  2.9e-01
  51  T 3   1.461e+08  -1e-07  0.86  2.0e-01  3.1e-04  1.5e-01  1.2e+00  2.7e-01  2.7e-03  2.7e-01
  52  T 0   1.456e+08  -1e-06  0.89  2.0e-01  4.1e-04  2.0e-01  2.2e+00  2.9e-01  3.2e-03  2.9e-01
  53  F 0   1.456e+08  -1e-06  0.89  2.0e-01  4.1e-04  0.0e+00  0.0e+00  2.7e-01  2.7e-03  2.7e-01
  53  T 1   1.456e+08  -7e-06  0.89  2.0e-01  3.3e-04  2.0e-01  1.9e+00  2.7e-01  2.1e-03  2.7e-01
  54  F 0   1.456e+08  -7e-06  0.89  2.0e-01  3.3e-04  0.0e+00  0.0e+00  2.6e-01  2.6e-03  2.6e-01
  54  T 1   1.455e+08  -1e-07  0.89  2.0e-01  3.8e-04  2.0e-01  2.0e+00  2.7e-01  2.8e-03  2.7e-01
  55  F 0   1.455e+08  -1e-07  0.89  2.0e-01  3.8e-04  0.0e+00  0.0e+00  2.7e-01  2.7e-03  2.7e-01
  55  F 1   1.455e+08  -1e-07  0.89  2.0e-01  3.8e-04  0.0e+00  0.0e+00  2.6e-01  2.3e-03  2.6e-01
  55  T 2   1.452e+08  -2e-06  0.89  2.0e-01  4.0e-04  2.0e-01  1.4e+00  2.6e-01  2.1e-03  2.7e-01
  56  F 0   1.452e+08  -2e-06  0.89  2.0e-01  4.0e-04  0.0e+00  0.0e+00  2.6e-01  2.4e-03  2.7e-01
  56  F 1   1.452e+08  -2e-06  0.89  2.0e-01  4.0e-04  0.0e+00  0.0e+00  2.8e-01  2.6e-03  2.8e-01
  56  T 2   1.452e+08  -3e-07  0.90  2.0e-01  4.2e-04  2.0e-01  1.4e+00  2.6e-01  3.0e-03  2.7e-01
  57  F 0   1.452e+08  -3e-07  0.90  2.0e-01  4.2e-04  0.0e+00  0.0e+00  2.7e-01  3.2e-03  2.7e-01
  57  F 1   1.452e+08  -3e-07  0.90  2.0e-01  4.2e-04  0.0e+00  0.0e+00  2.8e-01  2.7e-03  2.9e-01
  57  F 2   1.452e+08  -3e-07  0.90  2.0e-01  4.2e-04  0.0e+00  0.0e+00  2.7e-01  2.4e-03  2.7e-01
  57  T 3   1.450e+08  -3e-06  0.89  2.0e-01  4.3e-04  2.0e-01  1.0e+00  2.7e-01  1.8e-03  2.7e-01
  58  T 0   1.450e+08   1e-08  0.91  2.0e-01  1.7e-04  2.0e-01  2.1e+00  2.7e-01  3.0e-03  2.8e-01
  59  F 0   1.450e+08   1e-08  0.91  2.0e-01  1.7e-04  0.0e+00  0.0e+00  2.8e-01  2.8e-03  2.8e-01
  59  T 1   1.448e+08  -7e-06  0.90  2.0e-01  2.2e-04  2.0e-01  1.9e+00  2.7e-01  1.8e-03  2.7e-01
  60  F 0   1.448e+08  -7e-06  0.90  2.0e-01  2.2e-04  0.0e+00  0.0e+00  2.8e-01  2.4e-03  2.9e-01
  60  F 1   1.448e+08  -7e-06  0.90  2.0e-01  2.2e-04  0.0e+00  0.0e+00  2.7e-01  2.4e-03  2.7e-01
  60  T 2   1.446e+08  -4e-06  0.91  2.0e-01  2.5e-04  2.0e-01  1.5e+00  3.0e-01  3.0e-03  3.0e-01
  61  F 0   1.446e+08  -4e-06  0.91  2.0e-01  2.5e-04  0.0e+00  0.0e+00  2.7e-01  3.4e-03  2.8e-01
  61  F 1   1.446e+08  -4e-06  0.91  2.0e-01  2.5e-04  0.0e+00  0.0e+00  2.8e-01  2.7e-03  2.8e-01
  61  T 2   1.446e+08   1e-07  0.90  2.0e-01  2.8e-04  2.0e-01  1.3e+00  2.7e-01  2.4e-03  2.8e-01
  62  F 0   1.446e+08   1e-07  0.90  2.0e-01  2.8e-04  0.0e+00  0.0e+00  2.7e-01  2.7e-03  2.8e-01
  62  F 1   1.446e+08   1e-07  0.90  2.0e-01  2.8e-04  0.0e+00  0.0e+00  2.8e-01  2.4e-03  2.8e-01
  62  T 2   1.444e+08  -4e-06  0.91  2.0e-01  2.4e-04  2.0e-01  1.2e+00  2.7e-01  1.8e-03  2.7e-01
  63  F 0   1.444e+08  -4e-06  0.91  2.0e-01  2.4e-04  0.0e+00  0.0e+00  2.8e-01  3.0e-03  2.8e-01
  63  F 1   1.444e+08  -4e-06  0.91  2.0e-01  2.4e-04  0.0e+00  0.0e+00  2.6e-01  2.5e-03  2.7e-01
  63  T 2   1.443e+08  -2e-06  0.91  2.0e-01  2.5e-04  2.0e-01  9.9e-01  2.6e-01  2.1e-03  2.6e-01
  64  F 0   1.443e+08  -2e-06  0.91  2.0e-01  2.5e-04  0.0e+00  0.0e+00  2.6e-01  2.6e-03  2.6e-01
  64  F 1   1.443e+08  -2e-06  0.91  2.0e-01  2.5e-04  0.0e+00  0.0e+00  2.6e-01  2.1e-03  2.7e-01
  64  T 2   1.442e+08  -4e-06  0.92  2.0e-01  2.8e-04  2.0e-01  1.0e+00  2.6e-01  1.8e-03  2.6e-01
  65  F 0   1.442e+08  -4e-06  0.92  2.0e-01  2.8e-04  0.0e+00  0.0e+00  2.6e-01  3.1e-03  2.6e-01
  65  F 1   1.442e+08  -4e-06  0.92  2.0e-01  2.8e-04  0.0e+00  0.0e+00  2.9e-01  2.5e-03  2.9e-01
  65  T 2   1.442e+08  -2e-06  0.92  2.0e-01  3.0e-04  2.0e-01  9.7e-01  2.6e-01  1.9e-03  2.7e-01
  66  F 0   1.442e+08  -2e-06  0.92  2.0e-01  3.0e-04  0.0e+00  0.0e+00  2.7e-01  2.4e-03  2.7e-01
  66  F 1   1.442e+08  -2e-06  0.92  2.0e-01  3.0e-04  0.0e+00  0.0e+00  2.7e-01  2.1e-03  2.8e-01
  66  T 2   1.441e+08  -6e-06  0.92  2.0e-01  3.1e-04  2.0e-01  1.0e+00  2.6e-01  1.8e-03  2.7e-01
  67  F 0   1.441e+08  -6e-06  0.92  2.0e-01  3.1e-04  0.0e+00  0.0e+00  2.6e-01  2.8e-03  2.6e-01
  67  F 1   1.441e+08  -6e-06  0.92  2.0e-01  3.1e-04  0.0e+00  0.0e+00  2.6e-01  2.4e-03  2.6e-01
  67  T 2   1.441e+08  -1e-06  0.92  2.0e-01  3.3e-04  2.0e-01  9.4e-01  2.7e-01  1.8e-03  2.7e-01
  68  F 0   1.441e+08  -1e-06  0.92  2.0e-01  3.3e-04  0.0e+00  0.0e+00  2.7e-01  2.3e-03  2.7e-01
  68  F 1   1.441e+08  -1e-06  0.92  2.0e-01  3.3e-04  0.0e+00  0.0e+00  2.6e-01  2.1e-03  2.7e-01
  68  T 2   1.440e+08   1e-08  0.92  2.0e-01  3.4e-04  2.0e-01  9.4e-01  2.7e-01  1.8e-03  2.7e-01
  69  F 0   1.440e+08   1e-08  0.92  2.0e-01  3.4e-04  0.0e+00  0.0e+00  2.7e-01  2.8e-03  2.7e-01
  69  F 1   1.440e+08   1e-08  0.92  2.0e-01  3.4e-04  0.0e+00  0.0e+00  3.4e-01  2.1e-03  3.4e-01
  69  T 2   1.440e+08  -1e-07  0.92  2.0e-01  3.5e-04  2.0e-01  9.1e-01  2.7e-01  1.8e-03  2.7e-01
  70  F 0   1.440e+08  -1e-07  0.92  2.0e-01  3.5e-04  0.0e+00  0.0e+00  2.7e-01  2.7e-03  2.8e-01
  70  F 1   1.440e+08  -1e-07  0.92  2.0e-01  3.5e-04  0.0e+00  0.0e+00  2.7e-01  2.3e-03  2.8e-01
  70  T 2   1.440e+08  -9e-08  0.92  2.0e-01  2.3e-04  2.0e-01  8.9e-01  2.6e-01  1.9e-03  2.6e-01
  71  F 0   1.440e+08  -9e-08  0.92  2.0e-01  2.3e-04  0.0e+00  0.0e+00  2.6e-01  2.7e-03  2.7e-01
  71  F 1   1.440e+08  -9e-08  0.92  2.0e-01  2.3e-04  0.0e+00  0.0e+00  2.7e-01  2.1e-03  2.7e-01
  71  T 2   1.439e+08   9e-07  0.93  2.0e-01  1.8e-04  1.7e-01  7.7e-01  2.7e-01  2.1e-03  2.7e-01
  72  F 0   1.439e+08   9e-07  0.93  2.0e-01  1.8e-04  0.0e+00  0.0e+00  2.6e-01  2.7e-03  2.7e-01
  72  F 1   1.439e+08   9e-07  0.93  2.0e-01  1.8e-04  0.0e+00  0.0e+00  2.8e-01  1.8e-03  2.8e-01
  72  T 2   1.438e+08   0e+00  0.93  2.0e-01  1.9e-04  2.0e-01  7.1e-01  2.7e-01  1.8e-03  2.7e-01
  73  F 0   1.438e+08   0e+00  0.93  2.0e-01  1.9e-04  0.0e+00  0.0e+00  2.6e-01  2.7e-03  2.7e-01
  73  F 1   1.438e+08   0e+00  0.93  2.0e-01  1.9e-04  0.0e+00  0.0e+00  2.6e-01  2.1e-03  2.6e-01
  73  T 2   1.438e+08  -3e-06  0.93  2.0e-01  2.0e-04  2.0e-01  8.3e-01  2.7e-01  1.8e-03  2.7e-01
  74  F 0   1.438e+08  -3e-06  0.93  2.0e-01  2.0e-04  0.0e+00  0.0e+00  2.7e-01  2.3e-03  2.7e-01
  74  F 1   1.438e+08  -3e-06  0.93  2.0e-01  2.0e-04  0.0e+00  0.0e+00  2.7e-01  1.8e-03  2.7e-01
  74  T 2   1.437e+08   4e-07  0.93  2.0e-01  2.1e-04  2.0e-01  7.9e-01  2.7e-01  2.1e-03  2.8e-01
  75  F 0   1.437e+08   4e-07  0.93  2.0e-01  2.1e-04  0.0e+00  0.0e+00  2.9e-01  2.7e-03  2.9e-01
  75  F 1   1.437e+08   4e-07  0.93  2.0e-01  2.1e-04  0.0e+00  0.0e+00  2.7e-01  2.1e-03  2.7e-01
  75  T 2   1.437e+08   3e-06  0.93  2.0e-01  2.2e-04  1.3e-01  7.1e-01  2.6e-01  2.1e-03  2.7e-01
  76  F 0   1.437e+08   3e-06  0.93  2.0e-01  2.2e-04  0.0e+00  0.0e+00  2.7e-01  2.4e-03  2.7e-01
  76  F 1   1.437e+08   3e-06  0.93  2.0e-01  2.2e-04  0.0e+00  0.0e+00  2.7e-01  1.8e-03  2.7e-01
  76  T 2   1.436e+08  -2e-07  0.93  2.0e-01  2.3e-04  2.0e-01  7.1e-01  2.7e-01  2.1e-03  2.7e-01
  77  F 0   1.436e+08  -2e-07  0.93  2.0e-01  2.3e-04  0.0e+00  0.0e+00  2.9e-01  2.7e-03  2.9e-01
  77  F 1   1.436e+08  -2e-07  0.93  2.0e-01  2.3e-04  0.0e+00  0.0e+00  3.5e-01  1.8e-03  3.6e-01
  77  F 2   1.436e+08  -2e-07  0.93  2.0e-01  2.3e-04  2.0e-01  8.0e-01  2.6e-01  1.8e-03  2.7e-01
  78  F 0   1.436e+08  -2e-07  0.93  2.0e-01  2.3e-04  0.0e+00  0.0e+00  2.7e-01  2.4e-03  2.8e-01
  78  F 1   1.436e+08  -2e-07  0.93  2.0e-01  2.3e-04  0.0e+00  0.0e+00  2.6e-01  1.9e-03  2.7e-01
  78  T 2   1.436e+08  -6e-08  0.93  2.0e-01  2.3e-04  2.0e-01  8.0e-01  2.6e-01  2.1e-03  2.7e-01
  79  F 0   1.436e+08  -6e-08  0.93  2.0e-01  2.3e-04  0.0e+00  0.0e+00  3.1e-01  2.5e-03  3.2e-01
  79  F 1   1.436e+08  -6e-08  0.93  2.0e-01  2.3e-04  0.0e+00  0.0e+00  3.1e-01  2.1e-03  3.1e-01
  79  T 2   1.435e+08   2e-06  0.93  2.0e-01  2.3e-04  1.5e-01  6.7e-01  2.7e-01  2.1e-03  2.7e-01
  80  F 0   1.435e+08   2e-06  0.93  2.0e-01  2.3e-04  0.0e+00  0.0e+00  2.7e-01  2.1e-03  2.7e-01
  80  F 1   1.435e+08   2e-06  0.93  2.0e-01  2.3e-04  0.0e+00  0.0e+00  2.7e-01  1.8e-03  2.7e-01
  80  T 2   1.435e+08  -5e-07  0.94  2.0e-01  2.3e-04  1.1e-01  5.7e-01  3.1e-01  1.9e-03  3.1e-01
  81  F 0   1.435e+08  -5e-07  0.94  2.0e-01  2.3e-04  0.0e+00  0.0e+00  2.7e-01  2.4e-03  2.7e-01
  81  F 1   1.435e+08  -5e-07  0.94  2.0e-01  2.3e-04  0.0e+00  0.0e+00  2.6e-01  1.8e-03  2.6e-01
  81  T 2   1.434e+08  -4e-07  0.94  2.0e-01  1.8e-04  1.9e-01  6.3e-01  2.6e-01  1.8e-03  2.7e-01
  82  F 0   1.434e+08  -4e-07  0.94  2.0e-01  1.8e-04  0.0e+00  0.0e+00  2.6e-01  2.4e-03  2.7e-01
  82  F 1   1.434e+08  -4e-07  0.94  2.0e-01  1.8e-04  0.0e+00  0.0e+00  2.7e-01  1.8e-03  2.7e-01
  82  T 2   1.434e+08   3e-05  0.94  2.0e-01  1.9e-04  2.0e-01  6.6e-01  3.0e-01  1.5e-03  3.0e-01
  83  F 0   1.434e+08   3e-05  0.94  2.0e-01  1.9e-04  0.0e+00  0.0e+00  3.2e-01  2.7e-03  3.3e-01
  83  F 1   1.434e+08   3e-05  0.94  2.0e-01  1.9e-04  0.0e+00  0.0e+00  2.7e-01  2.1e-03  2.7e-01
  83  T 2   1.434e+08  -5e-06  0.94  2.0e-01  2.0e-04  1.6e-01  5.9e-01  2.6e-01  1.9e-03  2.6e-01
  84  F 0   1.434e+08  -5e-06  0.94  2.0e-01  2.0e-04  0.0e+00  0.0e+00  2.7e-01  2.4e-03  2.7e-01
  84  F 1   1.434e+08  -5e-06  0.94  2.0e-01  2.0e-04  0.0e+00  0.0e+00  2.7e-01  1.8e-03  2.7e-01
  84  T 2   1.433e+08  -4e-07  0.94  2.0e-01  2.0e-04  2.0e-01  6.2e-01  3.1e-01  1.8e-03  3.1e-01
  85  F 0   1.433e+08  -4e-07  0.94  2.0e-01  2.0e-04  0.0e+00  0.0e+00  2.6e-01  2.8e-03  2.7e-01
  85  F 1   1.433e+08  -4e-07  0.94  2.0e-01  2.0e-04  0.0e+00  0.0e+00  2.6e-01  1.8e-03  2.7e-01
  85  T 2   1.433e+08   1e-05  0.94  2.0e-01  2.1e-04  2.0e-01  6.1e-01  2.7e-01  1.5e-03  2.7e-01
  86  F 0   1.433e+08   1e-05  0.94  2.0e-01  2.1e-04  0.0e+00  0.0e+00  2.7e-01  2.1e-03  2.8e-01
  86  F 1   1.433e+08   1e-05  0.94  2.0e-01  2.1e-04  0.0e+00  0.0e+00  3.3e-01  1.9e-03  3.3e-01
  86  T 2   1.433e+08  -6e-07  0.94  2.0e-01  2.1e-04  1.5e-01  5.8e-01  2.6e-01  1.8e-03  2.7e-01
  87  F 0   1.433e+08  -6e-07  0.94  2.0e-01  2.1e-04  0.0e+00  0.0e+00  2.6e-01  2.5e-03  2.6e-01
  87  F 1   1.433e+08  -6e-07  0.94  2.0e-01  2.1e-04  0.0e+00  0.0e+00  3.5e-01  1.9e-03  3.5e-01
  87  T 2   1.432e+08  -8e-07  0.94  2.0e-01  2.1e-04  1.9e-01  5.4e-01  2.8e-01  1.8e-03  2.8e-01
  88  F 0   1.432e+08  -8e-07  0.94  2.0e-01  2.1e-04  0.0e+00  0.0e+00  2.8e-01  2.4e-03  2.8e-01
  88  F 1   1.432e+08  -8e-07  0.94  2.0e-01  2.1e-04  0.0e+00  0.0e+00  3.6e-01  1.7e-03  3.6e-01
  88  T 2   1.432e+08  -2e-05  0.94  2.0e-01  2.2e-04  1.7e-01  5.4e-01  2.7e-01  1.7e-03  2.7e-01
  89  F 0   1.432e+08  -2e-05  0.94  2.0e-01  2.2e-04  0.0e+00  0.0e+00  3.0e-01  1.9e-03  3.0e-01
  89  F 1   1.432e+08  -2e-05  0.94  2.0e-01  2.2e-04  0.0e+00  0.0e+00  2.8e-01  1.8e-03  2.8e-01
  89  T 2   1.432e+08   2e-05  0.94  2.0e-01  2.2e-04  1.3e-01  5.1e-01  2.7e-01  1.5e-03  2.7e-01
  90  F 0   1.432e+08   2e-05  0.94  2.0e-01  2.2e-04  0.0e+00  0.0e+00  2.8e-01  2.6e-03  2.8e-01
  90  F 1   1.432e+08   2e-05  0.94  2.0e-01  2.2e-04  0.0e+00  0.0e+00  2.7e-01  1.8e-03  2.7e-01
  90  T 2   1.432e+08  -6e-06  0.94  2.0e-01  2.3e-04  2.0e-01  5.5e-01  2.8e-01  1.5e-03  2.8e-01
  91  F 0   1.432e+08  -6e-06  0.94  2.0e-01  2.3e-04  0.0e+00  0.0e+00  2.7e-01  2.5e-03  2.8e-01
  91  F 1   1.432e+08  -6e-06  0.94  2.0e-01  2.3e-04  0.0e+00  0.0e+00  2.7e-01  1.8e-03  2.7e-01
  91  T 2   1.431e+08  -2e-06  0.94  2.0e-01  9.3e-05  8.7e-02  4.6e-01  2.7e-01  1.8e-03  2.7e-01
  92  F 0   1.431e+08  -2e-06  0.94  2.0e-01  9.3e-05  0.0e+00  0.0e+00  3.3e-01  2.4e-03  3.3e-01
  92  F 1   1.431e+08  -2e-06  0.94  2.0e-01  9.3e-05  0.0e+00  0.0e+00  2.7e-01  1.8e-03  2.8e-01
  92  T 2   1.431e+08   1e-05  0.94  2.0e-01  1.0e-04  2.0e-01  4.9e-01  2.8e-01  1.5e-03  2.8e-01
  93  F 0   1.431e+08   1e-05  0.94  2.0e-01  1.0e-04  0.0e+00  0.0e+00  2.6e-01  2.4e-03  2.7e-01
  93  F 1   1.431e+08   1e-05  0.94  2.0e-01  1.0e-04  0.0e+00  0.0e+00  2.7e-01  1.8e-03  2.7e-01
  93  T 2   1.431e+08  -6e-07  0.94  2.0e-01  1.1e-04  8.6e-02  4.4e-01  3.5e-01  1.8e-03  3.5e-01
  94  F 0   1.431e+08  -6e-07  0.94  2.0e-01  1.1e-04  0.0e+00  0.0e+00  2.9e-01  2.1e-03  3.0e-01
  94  F 1   1.431e+08  -6e-07  0.94  2.0e-01  1.1e-04  0.0e+00  0.0e+00  2.6e-01  1.8e-03  2.7e-01
  94  T 2   1.431e+08  -3e-07  0.95  2.0e-01  1.2e-04  2.0e-01  5.0e-01  2.6e-01  1.8e-03  2.7e-01
  95  F 0   1.431e+08  -3e-07  0.95  2.0e-01  1.2e-04  0.0e+00  0.0e+00  2.7e-01  2.3e-03  2.7e-01
  95  F 1   1.431e+08  -3e-07  0.95  2.0e-01  1.2e-04  0.0e+00  0.0e+00  2.6e-01  1.8e-03  2.6e-01
  95  T 2   1.430e+08  -4e-07  0.95  2.0e-01  1.3e-04  1.8e-01  4.5e-01  2.8e-01  1.8e-03  2.9e-01
  96  F 0   1.430e+08  -4e-07  0.95  2.0e-01  1.3e-04  0.0e+00  0.0e+00  2.7e-01  2.1e-03  2.7e-01
  96  F 1   1.430e+08  -4e-07  0.95  2.0e-01  1.3e-04  0.0e+00  0.0e+00  2.6e-01  1.8e-03  2.6e-01
  96  T 2   1.430e+08  -2e-07  0.95  2.0e-01  9.6e-05  8.4e-02  4.2e-01  2.7e-01  1.8e-03  2.7e-01
  97  F 0   1.430e+08  -2e-07  0.95  2.0e-01  9.6e-05  0.0e+00  0.0e+00  2.8e-01  2.4e-03  2.9e-01
  97  F 1   1.430e+08  -2e-07  0.95  2.0e-01  9.6e-05  0.0e+00  0.0e+00  2.7e-01  1.8e-03  2.7e-01
  97  T 2   1.430e+08   1e-05  0.95  2.0e-01  1.0e-04  1.6e-01  4.0e-01  2.8e-01  1.5e-03  2.8e-01
  98  F 0   1.430e+08   1e-05  0.95  2.0e-01  1.0e-04  0.0e+00  0.0e+00  2.7e-01  2.1e-03  2.7e-01
  98  F 1   1.430e+08   1e-05  0.95  2.0e-01  1.0e-04  0.0e+00  0.0e+00  2.7e-01  1.8e-03  2.7e-01
  98  T 2   1.430e+08  -3e-08  0.95  2.0e-01  1.0e-04  8.0e-02  3.8e-01  2.7e-01  1.8e-03  2.7e-01
  99  F 0   1.430e+08  -3e-08  0.95  2.0e-01  1.0e-04  0.0e+00  0.0e+00  3.3e-01  2.5e-03  3.3e-01
  99  F 1   1.430e+08  -3e-08  0.95  2.0e-01  1.0e-04  0.0e+00  0.0e+00  2.7e-01  1.9e-03  2.7e-01
  99  T 2   1.430e+08  -6e-07  0.95  2.0e-01  1.0e-04  2.0e-01  4.0e-01  2.6e-01  1.8e-03  2.6e-01
 100  F 0   1.430e+08  -6e-07  0.95  2.0e-01  1.0e-04  0.0e+00  0.0e+00  3.1e-01  2.1e-03  3.1e-01
 100  F 1   1.430e+08  -6e-07  0.95  2.0e-01  1.0e-04  0.0e+00  0.0e+00  2.8e-01  1.8e-03  2.8e-01
 100  T 2   1.429e+08  -2e-07  0.95  2.0e-01  1.0e-04  7.7e-02  3.6e-01  2.8e-01  1.8e-03  2.8e-01
 101  F 0   1.429e+08  -2e-07  0.95  2.0e-01  1.0e-04  0.0e+00  0.0e+00  2.7e-01  2.1e-03  2.7e-01
 101  F 1   1.429e+08  -2e-07  0.95  2.0e-01  1.0e-04  0.0e+00  0.0e+00  2.9e-01  1.8e-03  2.9e-01
 101  T 2   1.429e+08  -1e-06  0.95  2.0e-01  1.1e-04  2.0e-01  3.8e-01  2.6e-01  1.8e-03  2.6e-01
 102  F 0   1.429e+08  -1e-06  0.95  2.0e-01  1.1e-04  0.0e+00  0.0e+00  2.7e-01  2.4e-03  2.8e-01
 102  T 1   1.429e+08   7e-07  0.95  2.0e-01  9.2e-05  1.5e-01  5.6e-01  2.6e-01  1.8e-03  2.6e-01
 103  F 0   1.429e+08   7e-07  0.95  2.0e-01  9.2e-05  0.0e+00  0.0e+00  2.6e-01  2.4e-03  2.6e-01
 103  F 1   1.429e+08   7e-07  0.95  2.0e-01  9.2e-05  0.0e+00  0.0e+00  2.7e-01  2.1e-03  2.8e-01
 103  F 2   1.429e+08   7e-07  0.95  2.0e-01  9.2e-05  0.0e+00  0.0e+00  2.8e-01  2.2e-03  2.8e-01
 103  T 3   1.429e+08  -8e-06  0.94  2.0e-01  9.1e-05  2.0e-01  4.9e-01  2.7e-01  2.1e-03  2.7e-01
 104  F 0   1.429e+08  -8e-06  0.94  2.0e-01  9.1e-05  0.0e+00  0.0e+00  2.7e-01  2.7e-03  2.7e-01
 104  F 1   1.429e+08  -8e-06  0.94  2.0e-01  9.1e-05  0.0e+00  0.0e+00  2.6e-01  2.1e-03  2.7e-01
 104  T 2   1.429e+08   8e-06  0.95  2.0e-01  8.9e-05  6.7e-02  2.9e-01  2.6e-01  2.1e-03  2.7e-01
 105  F 0   1.429e+08   8e-06  0.95  2.0e-01  8.9e-05  0.0e+00  0.0e+00  2.7e-01  2.1e-03  2.8e-01
 105  T 1   1.429e+08  -3e-13  0.95  2.0e-01  9.8e-05  1.5e-01  4.6e-01  2.9e-01  2.1e-03  3.0e-01
 106  F 0   1.429e+08  -3e-13  0.95  2.0e-01  9.8e-05  0.0e+00  0.0e+00  3.3e-01  2.2e-03  3.3e-01
 106  F 1   1.429e+08  -3e-13  0.95  2.0e-01  9.8e-05  0.0e+00  0.0e+00  2.7e-01  1.8e-03  2.8e-01
 106  T 2   1.429e+08  -6e-06  0.95  2.0e-01  1.0e-04  1.4e-01  4.8e-01  2.8e-01  1.8e-03  2.8e-01
 107  F 0   1.429e+08  -6e-06  0.95  2.0e-01  1.0e-04  0.0e+00  0.0e+00  2.7e-01  2.1e-03  2.7e-01
 107  T 1   1.429e+08  -2e-06  0.95  2.0e-01  1.1e-04  2.0e-01  6.2e-01  3.1e-01  1.8e-03  3.1e-01
 108  F 0   1.429e+08  -2e-06  0.95  2.0e-01  1.1e-04  0.0e+00  0.0e+00  2.7e-01  2.4e-03  2.7e-01
 108  F 1   1.429e+08  -2e-06  0.95  2.0e-01  1.1e-04  0.0e+00  0.0e+00  2.7e-01  2.2e-03  2.8e-01
 108  T 2   1.428e+08  -2e-06  0.95  2.0e-01  1.1e-04  2.0e-01  6.7e-01  2.9e-01  1.9e-03  2.9e-01
 109  F 0   1.428e+08  -2e-06  0.95  2.0e-01  1.1e-04  0.0e+00  0.0e+00  2.8e-01  2.1e-03  2.8e-01
 109  T 1   1.428e+08  -2e-07  0.95  2.0e-01  6.3e-05  2.0e-01  7.2e-01  3.5e-01  1.8e-03  3.5e-01
 110  F 0   1.428e+08  -2e-07  0.95  2.0e-01  6.3e-05  0.0e+00  0.0e+00  2.7e-01  2.4e-03  2.7e-01
 110  F 1   1.428e+08  -2e-07  0.95  2.0e-01  6.3e-05  0.0e+00  0.0e+00  2.7e-01  2.1e-03  2.7e-01
 110  T 2   1.428e+08   9e-07  0.95  2.0e-01  6.5e-05  2.0e-01  6.7e-01  2.7e-01  1.5e-03  2.8e-01
 111  T 0   1.428e+08  -7e-07  0.96  2.0e-01  7.3e-05  2.0e-01  9.6e-01  2.6e-01  2.1e-03  2.6e-01
 112  F 0   1.428e+08  -7e-07  0.96  2.0e-01  7.3e-05  0.0e+00  0.0e+00  2.6e-01  2.4e-03  2.6e-01
 112  F 1   1.428e+08  -7e-07  0.96  2.0e-01  7.3e-05  0.0e+00  0.0e+00  2.8e-01  2.1e-03  2.9e-01
 112  T 2   1.427e+08  -1e-06  0.95  2.0e-01  7.6e-05  2.0e-01  8.2e-01  2.7e-01  1.8e-03  2.7e-01
 113  F 0   1.427e+08  -1e-06  0.95  2.0e-01  7.6e-05  0.0e+00  0.0e+00  2.2e-01  2.1e-03  2.2e-01
 113  T 1   1.427e+08  -5e-14  0.96  2.0e-01  8.2e-05  2.0e-01  7.6e-01  2.5e-01  1.4e-03  2.5e-01
 114  F 0   1.427e+08  -5e-14  0.96  2.0e-01  8.2e-05  0.0e+00  0.0e+00  1.9e-01  1.7e-03  2.0e-01
 114  F 1   1.427e+08  -5e-14  0.96  2.0e-01  8.2e-05  0.0e+00  0.0e+00  1.9e-01  1.3e-03  2.0e-01
 114  F 2   1.427e+08  -1e-07  0.95  2.0e-01  8.5e-05  2.0e-01  7.4e-01  2.6e-01  1.2e-03  2.6e-01
 115  F 0   1.427e+08  -1e-07  0.95  2.0e-01  8.5e-05  0.0e+00  0.0e+00  2.3e-01  1.5e-03  2.4e-01
 115  T 1   1.427e+08  -6e-08  0.96  2.0e-01  6.4e-05  2.0e-01  8.3e-01  2.0e-01  1.1e-03  2.0e-01
 116  F 0   1.427e+08  -6e-08  0.96  2.0e-01  6.4e-05  0.0e+00  0.0e+00  1.9e-01  1.8e-03  2.0e-01
 116  F 1   1.427e+08  -6e-08  0.96  2.0e-01  6.4e-05  0.0e+00  0.0e+00  1.9e-01  1.3e-03  1.9e-01
 116  F 2   1.427e+08  -6e-08  0.96  2.0e-01  6.4e-05  0.0e+00  0.0e+00  1.9e-01  1.3e-03  1.9e-01
 116  T 3   1.427e+08  -5e-06  0.95  2.0e-01  6.6e-05  2.0e-01  6.7e-01  2.3e-01  1.5e-03  2.3e-01
 117  T 0   1.426e+08   1e-06  0.96  2.0e-01  3.2e-05  2.0e-01  1.2e+00  2.2e-01  2.0e-03  2.2e-01
 118  F 0   1.426e+08   1e-06  0.96  2.0e-01  3.2e-05  0.0e+00  0.0e+00  2.0e-01  1.5e-03  2.0e-01
 118  T 1   1.426e+08   1e-06  0.96  2.0e-01  3.7e-05  2.0e-01  1.1e+00  1.6e-01  2.0e-03  1.7e-01
 119  F 0   1.426e+08   1e-06  0.96  2.0e-01  3.7e-05  0.0e+00  0.0e+00  1.9e-01  1.5e-03  1.9e-01
 119  F 1   1.426e+08   1e-06  0.96  2.0e-01  3.7e-05  0.0e+00  0.0e+00  2.3e-01  1.3e-03  2.3e-01
 119  T 2   1.426e+08  -3e-06  0.95  2.0e-01  4.1e-05  2.0e-01  9.0e-01  2.0e-01  1.5e-03  2.0e-01
 120  F 0   1.426e+08  -3e-06  0.95  2.0e-01  4.1e-05  0.0e+00  0.0e+00  2.1e-01  1.9e-03  2.1e-01
 120  T 1   1.426e+08  -1e-06  0.96  2.0e-01  4.6e-05  2.0e-01  9.1e-01  1.9e-01  1.3e-03  1.9e-01
 121  F 0   1.426e+08  -1e-06  0.96  2.0e-01  4.6e-05  0.0e+00  0.0e+00  1.8e-01  1.7e-03  1.9e-01
 121  F 1   1.426e+08  -1e-06  0.96  2.0e-01  4.6e-05  0.0e+00  0.0e+00  2.0e-01  1.3e-03  2.0e-01
 121  T 2   1.426e+08  -2e-07  0.95  2.0e-01  4.9e-05  2.0e-01  7.4e-01  2.3e-01  1.5e-03  2.3e-01
 122  F 0   1.426e+08  -2e-07  0.95  2.0e-01  4.9e-05  0.0e+00  0.0e+00  1.8e-01  1.7e-03  1.8e-01
 122  F 1   1.426e+08  -2e-07  0.95  2.0e-01  4.9e-05  0.0e+00  0.0e+00  1.8e-01  1.3e-03  1.8e-01
 122  T 2   1.425e+08  -1e-06  0.96  2.0e-01  5.1e-05  8.9e-02  5.0e-01  1.8e-01  1.3e-03  1.8e-01
 123  F 0   1.425e+08  -1e-06  0.96  2.0e-01  5.1e-05  0.0e+00  0.0e+00  2.1e-01  1.9e-03  2.1e-01
 123  F 1   1.425e+08  -1e-06  0.96  2.0e-01  5.1e-05  0.0e+00  0.0e+00  1.8e-01  1.3e-03  1.8e-01
 123  T 2   1.425e+08   1e-06  0.96  2.0e-01  5.3e-05  1.9e-01  4.5e-01  1.9e-01  1.5e-03  1.9e-01
 124  F 0   1.425e+08   1e-06  0.96  2.0e-01  5.3e-05  0.0e+00  0.0e+00  2.5e-01  1.6e-03  2.5e-01
 124  F 1   1.425e+08   1e-06  0.96  2.0e-01  5.3e-05  0.0e+00  0.0e+00  2.5e-01  1.3e-03  2.6e-01
 124  T 2   1.425e+08  -2e-06  0.96  2.0e-01  5.5e-05  7.7e-02  3.1e-01  1.8e-01  1.3e-03  1.8e-01
 125  F 0   1.425e+08  -2e-06  0.96  2.0e-01  5.5e-05  0.0e+00  0.0e+00  1.9e-01  1.5e-03  1.9e-01
 125  F 1   1.425e+08  -8e-08  0.96  2.0e-01  5.7e-05  1.3e-01  4.8e-01  1.9e-01  1.3e-03  1.9e-01
 126  F 0   1.425e+08  -8e-08  0.96  2.0e-01  5.7e-05  0.0e+00  0.0e+00  1.8e-01  1.7e-03  1.9e-01
 126  F 1   1.425e+08  -8e-08  0.96  2.0e-01  5.7e-05  0.0e+00  0.0e+00  1.8e-01  1.5e-03  1.9e-01
 126  T 2   1.425e+08  -2e-06  0.96  2.0e-01  3.3e-05  2.0e-01  5.7e-01  1.9e-01  1.5e-03  1.9e-01
 127  F 0   1.425e+08  -2e-06  0.96  2.0e-01  3.3e-05  0.0e+00  0.0e+00  2.0e-01  2.0e-03  2.1e-01
 127  F 1   1.425e+08  -2e-06  0.96  2.0e-01  3.3e-05  0.0e+00  0.0e+00  1.8e-01  1.5e-03  1.9e-01
 127  T 2   1.425e+08   1e-06  0.96  2.0e-01  3.3e-05  1.6e-01  3.9e-01  1.9e-01  1.5e-03  2.0e-01
 128  F 0   1.425e+08   1e-06  0.96  2.0e-01  3.3e-05  0.0e+00  0.0e+00  1.8e-01  1.5e-03  1.9e-01
 128  T 1   1.425e+08  -3e-06  0.96  2.0e-01  3.5e-05  2.0e-01  4.3e-01  1.8e-01  1.3e-03  1.9e-01
 129  F 0   1.425e+08  -3e-06  0.96  2.0e-01  3.5e-05  0.0e+00  0.0e+00  1.9e-01  1.7e-03  1.9e-01
 129  F 1   1.425e+08  -3e-06  0.96  2.0e-01  3.5e-05  0.0e+00  0.0e+00  1.9e-01  1.3e-03  1.9e-01
 129  T 2   1.424e+08  -1e-06  0.96  2.0e-01  3.6e-05  2.0e-01  4.1e-01  1.9e-01  1.3e-03  1.9e-01
 130  F 0   1.424e+08  -1e-06  0.96  2.0e-01  3.6e-05  0.0e+00  0.0e+00  2.0e-01  1.7e-03  2.0e-01
 130  T 1   1.424e+08  -4e-06  0.96  2.0e-01  3.8e-05  1.3e-01  4.3e-01  1.9e-01  1.3e-03  1.9e-01
 131  F 0   1.424e+08  -4e-06  0.96  2.0e-01  3.8e-05  0.0e+00  0.0e+00  2.0e-01  1.5e-03  2.0e-01
 131  F 1   1.424e+08  -4e-06  0.96  2.0e-01  3.8e-05  0.0e+00  0.0e+00  2.1e-01  1.3e-03  2.1e-01
 131  T 2   1.424e+08  -2e-07  0.96  2.0e-01  3.8e-05  2.0e-01  4.4e-01  2.1e-01  1.5e-03  2.1e-01
 132  F 0   1.424e+08  -2e-07  0.96  2.0e-01  3.8e-05  0.0e+00  0.0e+00  2.1e-01  1.7e-03  2.1e-01
 132  F 1   1.424e+08  -2e-07  0.96  2.0e-01  3.8e-05  0.0e+00  0.0e+00  2.1e-01  1.4e-03  2.1e-01
 132  T 2   1.424e+08  -1e-06  0.96  2.0e-01  3.7e-05  1.1e-01  2.8e-01  2.2e-01  1.4e-03  2.2e-01
 133  F 0   1.424e+08  -1e-06  0.96  2.0e-01  3.7e-05  0.0e+00  0.0e+00  2.7e-01  2.2e-03  2.7e-01
 133  T 1   1.424e+08  -1e-06  0.96  2.0e-01  4.0e-05  1.1e-01  4.0e-01  2.4e-01  1.8e-03  2.4e-01
 134  F 0   1.424e+08  -1e-06  0.96  2.0e-01  4.0e-05  0.0e+00  0.0e+00  2.4e-01  2.3e-03  2.4e-01
 134  F 1   1.424e+08  -1e-06  0.96  2.0e-01  4.0e-05  0.0e+00  0.0e+00  2.4e-01  2.1e-03  2.4e-01
 134  T 2   1.424e+08  -1e-06  0.96  2.0e-01  4.3e-05  2.0e-01  5.1e-01  2.4e-01  2.0e-03  2.4e-01
 135  F 0   1.424e+08  -1e-06  0.96  2.0e-01  4.3e-05  0.0e+00  0.0e+00  2.9e-01  2.3e-03  2.9e-01
 135  F 1   1.424e+08  -1e-06  0.96  2.0e-01  4.3e-05  0.0e+00  0.0e+00  2.3e-01  1.7e-03  2.4e-01
 135  T 2   1.424e+08   4e-07  0.96  2.0e-01  4.4e-05  6.9e-02  3.1e-01  2.5e-01  2.0e-03  2.5e-01
 136  T 0   1.424e+08   1e-06  0.96  2.0e-01  4.9e-05  2.0e-01  5.4e-01  2.5e-01  2.2e-03  2.5e-01
 137  F 0   1.424e+08   1e-06  0.96  2.0e-01  4.9e-05  0.0e+00  0.0e+00  2.5e-01  2.0e-03  2.5e-01
 137  F 1   1.424e+08   1e-06  0.96  2.0e-01  4.9e-05  0.0e+00  0.0e+00  2.4e-01  1.7e-03  2.5e-01
 137  F 2   1.424e+08   1e-06  0.96  2.0e-01  4.9e-05  0.0e+00  0.0e+00  2.4e-01  2.0e-03  2.5e-01
 137  T 3   1.424e+08  -6e-07  0.96  2.0e-01  2.3e-05  2.0e-01  4.7e-01  2.9e-01  2.5e-03  2.9e-01
 138  T 0   1.424e+08  -5e-06  0.96  2.0e-01  2.5e-05  2.0e-01  7.9e-01  2.6e-01  2.3e-03  2.6e-01
 139  F 0   1.424e+08  -5e-06  0.96  2.0e-01  2.5e-05  0.0e+00  0.0e+00  2.3e-01  2.0e-03  2.3e-01
 139  F 1   1.424e+08  -5e-06  0.96  2.0e-01  2.5e-05  0.0e+00  0.0e+00  2.3e-01  2.0e-03  2.3e-01
 139  T 2   1.424e+08  -2e-06  0.96  2.0e-01  2.6e-05  2.0e-01  7.1e-01  2.3e-01  2.0e-03  2.3e-01
 140  F 0   1.424e+08  -2e-06  0.96  2.0e-01  2.6e-05  0.0e+00  0.0e+00  2.4e-01  2.4e-03  2.4e-01
 140  T 1   1.423e+08   1e-06  0.96  2.0e-01  2.6e-05  2.0e-01  6.3e-01  2.5e-01  1.7e-03  2.5e-01
 141  F 0   1.423e+08   1e-06  0.96  2.0e-01  2.6e-05  0.0e+00  0.0e+00  2.3e-01  2.3e-03  2.4e-01
 141  F 1   1.423e+08   1e-06  0.96  2.0e-01  2.6e-05  0.0e+00  0.0e+00  2.3e-01  1.7e-03  2.3e-01
 141  T 2   1.423e+08   9e-06  0.96  2.0e-01  2.8e-05  2.0e-01  5.1e-01  2.4e-01  1.4e-03  2.5e-01
 142  F 0   1.423e+08   9e-06  0.96  2.0e-01  2.8e-05  0.0e+00  0.0e+00  2.3e-01  2.0e-03  2.3e-01
 142  T 1   1.423e+08   2e-06  0.96  2.0e-01  3.0e-05  1.3e-01  4.2e-01  2.3e-01  2.0e-03  2.4e-01
 143  F 0   1.423e+08   2e-06  0.96  2.0e-01  3.0e-05  0.0e+00  0.0e+00  2.6e-01  2.0e-03  2.6e-01
 143  F 1   1.423e+08   2e-06  0.96  2.0e-01  3.0e-05  0.0e+00  0.0e+00  2.3e-01  1.8e-03  2.4e-01
 143  T 2   1.423e+08  -1e-06  0.96  2.0e-01  3.1e-05  1.3e-01  2.8e-01  2.5e-01  1.7e-03  2.5e-01
 144  F 0   1.423e+08  -1e-06  0.96  2.0e-01  3.1e-05  0.0e+00  0.0e+00  2.4e-01  2.0e-03  2.4e-01
 144  T 1   1.423e+08   1e-06  0.96  2.0e-01  3.4e-05  8.8e-02  3.1e-01  2.6e-01  1.7e-03  2.6e-01
 145  F 0   1.423e+08   1e-06  0.96  2.0e-01  3.4e-05  0.0e+00  0.0e+00  2.3e-01  2.0e-03  2.3e-01
 145  F 1   1.423e+08   1e-06  0.96  2.0e-01  3.4e-05  0.0e+00  0.0e+00  2.5e-01  1.5e-03  2.5e-01
 145  T 2   1.423e+08   5e-06  0.96  2.0e-01  3.5e-05  7.8e-02  2.4e-01  2.7e-01  1.2e-03  2.7e-01
 146  T 0   1.423e+08   1e-06  0.97  2.0e-01  1.4e-05  2.0e-01  4.5e-01  2.6e-01  2.1e-03  2.7e-01
 147  F 0   1.423e+08   1e-06  0.97  2.0e-01  1.4e-05  0.0e+00  0.0e+00  2.7e-01  2.1e-03  2.8e-01
 147  F 1   1.423e+08   1e-06  0.97  2.0e-01  1.4e-05  0.0e+00  0.0e+00  2.7e-01  2.1e-03  2.7e-01
 147  F 2   1.423e+08   1e-06  0.97  2.0e-01  1.4e-05  0.0e+00  0.0e+00  2.8e-01  1.8e-03  2.8e-01
 147  F 3   1.423e+08   1e-06  0.97  2.0e-01  1.4e-05  0.0e+00  0.0e+00  2.8e-01  2.1e-03  2.8e-01
 147  F 4   1.423e+08   1e-06  0.97  2.0e-01  1.4e-05  0.0e+00  0.0e+00  2.8e-01  2.4e-03  2.8e-01
 147  T 5   1.423e+08  -2e-06  0.96  2.0e-01  1.6e-05  1.1e-01  2.2e-01  2.6e-01  2.4e-03  2.7e-01
 148  F 0   1.423e+08  -2e-06  0.96  2.0e-01  1.6e-05  0.0e+00  0.0e+00  2.7e-01  2.7e-03  2.7e-01
 148  T 1   1.423e+08  -2e-05  0.97  2.0e-01  1.5e-05  8.9e-02  3.5e-01  2.7e-01  2.1e-03  2.7e-01
 149  F 0   1.423e+08  -2e-05  0.97  2.0e-01  1.5e-05  0.0e+00  0.0e+00  2.7e-01  2.1e-03  2.8e-01
 149  F 1   1.423e+08  -2e-05  0.97  2.0e-01  1.5e-05  0.0e+00  0.0e+00  2.7e-01  2.2e-03  2.7e-01
 149  F 2   1.423e+08  -2e-05  0.97  2.0e-01  1.5e-05  0.0e+00  0.0e+00  2.6e-01  1.8e-03  2.7e-01
 149  F 3   1.423e+08  -2e-05  0.97  2.0e-01  1.5e-05  0.0e+00  0.0e+00  2.8e-01  2.5e-03  2.9e-01
 149  T 4   1.422e+08  -2e-07  0.96  2.0e-01  1.7e-05  1.0e-01  2.0e-01  2.6e-01  2.4e-03  2.6e-01
 150  T 0   1.422e+08   3e-07  0.97  2.0e-01  1.9e-05  2.0e-01  4.9e-01  2.6e-01  2.7e-03  2.7e-01
 151  T 0   1.422e+08  -1e-06  0.97  2.0e-01  2.3e-05  2.0e-01  6.1e-01  2.7e-01  2.1e-03  2.7e-01
 152  F 0   1.422e+08  -1e-06  0.97  2.0e-01  2.3e-05  0.0e+00  0.0e+00  2.8e-01  2.2e-03  2.8e-01
 152  T 1   1.422e+08  -9e-07  0.97  2.0e-01  2.7e-05  2.0e-01  6.0e-01  2.7e-01  1.8e-03  2.8e-01
 153  F 0   1.422e+08  -9e-07  0.97  2.0e-01  2.7e-05  0.0e+00  0.0e+00  2.7e-01  2.2e-03  2.8e-01
 153  F 1   1.422e+08  -9e-07  0.97  2.0e-01  2.7e-05  0.0e+00  0.0e+00  2.6e-01  1.9e-03  2.7e-01
 153  F 2   1.422e+08  -9e-07  0.97  2.0e-01  2.7e-05  0.0e+00  0.0e+00  2.6e-01  1.8e-03  2.7e-01
 153  F 3   1.422e+08  -9e-07  0.97  2.0e-01  2.7e-05  0.0e+00  0.0e+00  2.6e-01  2.4e-03  2.6e-01
 153  T 4   1.422e+08  -7e-06  0.96  2.0e-01  2.9e-05  1.6e-01  4.2e-01  2.6e-01  2.6e-03  2.7e-01
 154  F 0   1.422e+08  -7e-06  0.96  2.0e-01  2.9e-05  0.0e+00  0.0e+00  2.6e-01  3.0e-03  2.7e-01
 154  T 1   1.422e+08   4e-08  0.97  2.0e-01  3.2e-05  1.4e-01  4.3e-01  2.7e-01  2.4e-03  2.7e-01
 155  F 0   1.422e+08   4e-08  0.97  2.0e-01  3.2e-05  0.0e+00  0.0e+00  2.7e-01  2.1e-03  2.7e-01
 155  F 1   1.422e+08   4e-08  0.97  2.0e-01  3.2e-05  0.0e+00  0.0e+00  2.7e-01  2.2e-03  2.8e-01
 155  F 2   1.422e+08   4e-08  0.97  2.0e-01  3.2e-05  0.0e+00  0.0e+00  2.8e-01  2.1e-03  2.8e-01
 155  F 3   1.422e+08   4e-08  0.97  2.0e-01  3.2e-05  0.0e+00  0.0e+00  2.7e-01  2.5e-03  2.8e-01
 155  T 4   1.422e+08   8e-07  0.96  2.0e-01  3.5e-05  1.5e-01  2.8e-01  2.7e-01  2.7e-03  2.7e-01
 156  F 0   1.422e+08   8e-07  0.96  2.0e-01  3.5e-05  0.0e+00  0.0e+00  2.6e-01  2.8e-03  2.6e-01
 156  T 1   1.422e+08  -8e-06  0.97  2.0e-01  4.0e-05  1.2e-01  3.0e-01  2.6e-01  2.1e-03  2.7e-01
 157  F 0   1.422e+08  -8e-06  0.97  2.0e-01  4.0e-05  0.0e+00  0.0e+00  2.7e-01  2.1e-03  2.7e-01
 157  F 1   1.422e+08  -8e-06  0.97  2.0e-01  4.0e-05  0.0e+00  0.0e+00  2.7e-01  2.1e-03  2.7e-01
 157  F 2   1.422e+08  -8e-06  0.97  2.0e-01  4.0e-05  0.0e+00  0.0e+00  2.7e-01  2.1e-03  2.7e-01
 157  T 3   1.422e+08  -6e-06  0.97  2.0e-01  4.3e-05  1.2e-01  2.8e-01  2.7e-01  2.2e-03  2.7e-01
 158  F 0   1.422e+08  -6e-06  0.97  2.0e-01  4.3e-05  0.0e+00  0.0e+00  2.7e-01  2.5e-03  2.7e-01
 158  T 1   1.422e+08   8e-06  0.97  2.0e-01  5.0e-05  1.2e-01  3.1e-01  3.2e-01  2.2e-03  3.2e-01
 159  F 0   1.422e+08   8e-06  0.97  2.0e-01  5.0e-05  0.0e+00  0.0e+00  2.7e-01  2.1e-03  2.8e-01
 159  F 1   1.422e+08   8e-06  0.97  2.0e-01  5.0e-05  0.0e+00  0.0e+00  3.0e-01  2.1e-03  3.0e-01
 159  F 2   1.422e+08   8e-06  0.97  2.0e-01  5.0e-05  0.0e+00  0.0e+00  2.8e-01  2.2e-03  2.9e-01
 159  F 3   1.422e+08   8e-06  0.97  2.0e-01  5.0e-05  0.0e+00  0.0e+00  2.7e-01  2.4e-03  2.7e-01
 159  T 4   1.422e+08  -5e-07  0.97  2.0e-01  5.2e-05  8.7e-02  1.9e-01  2.8e-01  2.4e-03  2.8e-01
 160  T 0   1.422e+08   0e+00  0.97  2.0e-01  3.1e-05  1.4e-01  3.7e-01  2.7e-01  2.7e-03  2.7e-01
 161  T 0   1.422e+08  -8e-06  0.97  2.0e-01  3.3e-05  2.0e-01  5.6e-01  2.7e-01  2.9e-03  2.8e-01
 162  F 0   1.422e+08  -8e-06  0.97  2.0e-01  3.3e-05  0.0e+00  0.0e+00  2.6e-01  2.1e-03  2.7e-01
 162  T 1   1.421e+08  -3e-06  0.97  2.0e-01  3.1e-05  1.8e-01  5.7e-01  2.7e-01  1.8e-03  2.7e-01
 163  F 0   1.421e+08  -3e-06  0.97  2.0e-01  3.1e-05  0.0e+00  0.0e+00  2.7e-01  2.1e-03  2.7e-01
 163  F 1   1.421e+08  -3e-06  0.97  2.0e-01  3.1e-05  0.0e+00  0.0e+00  2.7e-01  1.5e-03  2.7e-01
 163  F 2   1.421e+08  -3e-06  0.97  2.0e-01  3.1e-05  0.0e+00  0.0e+00  2.7e-01  1.8e-03  2.7e-01
 163  F 3   1.421e+08  -3e-06  0.97  2.0e-01  3.1e-05  0.0e+00  0.0e+00  2.7e-01  2.4e-03  2.7e-01
 163  T 4   1.421e+08   2e-05  0.96  2.0e-01  3.2e-05  1.5e-01  4.2e-01  2.7e-01  2.4e-03  2.7e-01
 164  F 0   1.421e+08   2e-05  0.96  2.0e-01  3.2e-05  0.0e+00  0.0e+00  2.6e-01  3.0e-03  2.7e-01
 164  T 1   1.421e+08   1e-07  0.97  2.0e-01  2.7e-05  1.4e-01  4.3e-01  2.6e-01  2.4e-03  2.6e-01
 165  F 0   1.421e+08   1e-07  0.97  2.0e-01  2.7e-05  0.0e+00  0.0e+00  2.7e-01  2.1e-03  2.7e-01
 165  F 1   1.421e+08   1e-07  0.97  2.0e-01  2.7e-05  0.0e+00  0.0e+00  2.6e-01  2.2e-03  2.7e-01
 165  F 2   1.421e+08   1e-07  0.97  2.0e-01  2.7e-05  0.0e+00  0.0e+00  2.7e-01  2.1e-03  2.7e-01
 165  F 3   1.421e+08   1e-07  0.97  2.0e-01  2.7e-05  0.0e+00  0.0e+00  2.7e-01  2.4e-03  2.7e-01
 165  T 4   1.421e+08  -9e-06  0.96  2.0e-01  2.8e-05  1.4e-01  2.6e-01  2.7e-01  2.4e-03  2.7e-01
 166  F 0   1.421e+08  -9e-06  0.96  2.0e-01  2.8e-05  0.0e+00  0.0e+00  2.6e-01  2.7e-03  2.7e-01
 166  T 1   1.421e+08  -5e-06  0.97  2.0e-01  2.4e-05  1.1e-01  2.8e-01  2.6e-01  1.8e-03  2.7e-01
 167  F 0   1.421e+08  -5e-06  0.97  2.0e-01  2.4e-05  0.0e+00  0.0e+00  2.6e-01  2.1e-03  2.6e-01
 167  F 1   1.421e+08  -5e-06  0.97  2.0e-01  2.4e-05  0.0e+00  0.0e+00  3.4e-01  2.1e-03  3.5e-01
 167  F 2   1.421e+08  -5e-06  0.97  2.0e-01  2.4e-05  0.0e+00  0.0e+00  3.6e-01  1.8e-03  3.7e-01
 167  T 3   1.421e+08  -3e-06  0.97  2.0e-01  2.4e-05  1.1e-01  2.4e-01  2.8e-01  2.1e-03  2.8e-01
 168  F 0   1.421e+08  -3e-06  0.97  2.0e-01  2.4e-05  0.0e+00  0.0e+00  2.7e-01  2.4e-03  2.8e-01
 168  T 1   1.421e+08   5e-06  0.97  2.0e-01  2.1e-05  1.4e-01  3.1e-01  2.7e-01  2.1e-03  2.8e-01
 169  F 0   1.421e+08   5e-06  0.97  2.0e-01  2.1e-05  0.0e+00  0.0e+00  2.7e-01  2.1e-03  2.8e-01
 169  F 1   1.421e+08   5e-06  0.97  2.0e-01  2.1e-05  0.0e+00  0.0e+00  2.7e-01  2.1e-03  2.7e-01
 169  F 2   1.421e+08   5e-06  0.97  2.0e-01  2.1e-05  0.0e+00  0.0e+00  2.6e-01  1.9e-03  2.7e-01
 169  F 3   1.421e+08   5e-06  0.97  2.0e-01  2.1e-05  0.0e+00  0.0e+00  2.6e-01  2.1e-03  2.7e-01
 169  T 4   1.421e+08  -5e-06  0.97  2.0e-01  2.2e-05  8.3e-02  1.7e-01  2.7e-01  2.1e-03  2.8e-01
 170  T 0   1.421e+08  -2e-16  0.97  2.0e-01  1.9e-05  2.0e-01  4.0e-01  2.6e-01  2.8e-03  2.7e-01
 171  F 0   1.421e+08  -2e-16  0.97  2.0e-01  1.9e-05  0.0e+00  0.0e+00  3.5e-01  2.4e-03  3.5e-01
 171  F 1   1.421e+08  -2e-16  0.97  2.0e-01  1.9e-05  0.0e+00  0.0e+00  2.9e-01  2.4e-03  3.0e-01
 171  F 2   1.421e+08  -2e-16  0.97  2.0e-01  1.9e-05  0.0e+00  0.0e+00  2.7e-01  1.5e-03  2.7e-01
 171  F 3   1.421e+08  -2e-16  0.97  2.0e-01  1.9e-05  0.0e+00  0.0e+00  2.7e-01  2.5e-03  2.7e-01
 171  T 4   1.421e+08   7e-07  0.96  2.0e-01  2.1e-05  2.0e-01  3.7e-01  2.6e-01  2.7e-03  2.7e-01
 172  F 0   1.421e+08   7e-07  0.96  2.0e-01  2.1e-05  0.0e+00  0.0e+00  2.8e-01  3.0e-03  2.8e-01
 172  T 1   1.421e+08   3e-07  0.97  2.0e-01  2.1e-05  1.1e-01  3.0e-01  2.8e-01  2.4e-03  2.8e-01
 173  F 0   1.421e+08   3e-07  0.97  2.0e-01  2.1e-05  0.0e+00  0.0e+00  2.6e-01  2.4e-03  2.7e-01
 173  F 1   1.421e+08   3e-07  0.97  2.0e-01  2.1e-05  0.0e+00  0.0e+00  2.6e-01  2.3e-03  2.7e-01
 173  F 2   1.421e+08   3e-07  0.97  2.0e-01  2.1e-05  0.0e+00  0.0e+00  2.7e-01  1.8e-03  2.7e-01
 173  T 3   1.421e+08  -5e-06  0.97  2.0e-01  2.2e-05  2.0e-01  3.3e-01  2.7e-01  2.1e-03  2.7e-01
 174  F 0   1.421e+08  -5e-06  0.97  2.0e-01  2.2e-05  0.0e+00  0.0e+00  2.6e-01  2.7e-03  2.7e-01
 174  F 1   1.421e+08  -5e-06  0.97  2.0e-01  2.2e-05  0.0e+00  0.0e+00  2.9e-01  2.1e-03  3.0e-01
 174  T 2   1.421e+08   9e-07  0.97  2.0e-01  2.2e-05  7.2e-02  2.0e-01  2.6e-01  2.1e-03  2.6e-01
 175  F 0   1.421e+08   9e-07  0.97  2.0e-01  2.2e-05  0.0e+00  0.0e+00  2.7e-01  2.1e-03  2.7e-01
 175  F 1   1.421e+08   9e-07  0.97  2.0e-01  2.2e-05  0.0e+00  0.0e+00  2.7e-01  1.8e-03  2.8e-01
 175  F 2   1.421e+08   9e-07  0.97  2.0e-01  2.2e-05  0.0e+00  0.0e+00  2.7e-01  1.8e-03  2.7e-01
 175  T 3   1.421e+08  -1e-06  0.97  2.0e-01  2.3e-05  1.3e-01  1.9e-01  3.5e-01  2.1e-03  3.5e-01
 176  F 0   1.421e+08  -1e-06  0.97  2.0e-01  2.3e-05  0.0e+00  0.0e+00  2.6e-01  2.4e-03  2.7e-01
 176  F 1   1.421e+08  -1e-06  0.97  2.0e-01  2.3e-05  0.0e+00  0.0e+00  2.7e-01  2.1e-03  2.7e-01
 176  T 2   1.421e+08  -7e-06  0.97  2.0e-01  2.3e-05  6.3e-02  1.6e-01  2.6e-01  1.5e-03  2.7e-01
 177  F 0   1.421e+08  -7e-06  0.97  2.0e-01  2.3e-05  0.0e+00  0.0e+00  3.2e-01  2.4e-03  3.3e-01
 177  T 1   1.421e+08  -8e-07  0.97  2.0e-01  1.2e-05  9.5e-02  2.2e-01  2.7e-01  2.1e-03  2.8e-01
 178  F 0   1.421e+08  -8e-07  0.97  2.0e-01  1.2e-05  0.0e+00  0.0e+00  3.0e-01  2.1e-03  3.0e-01
 178  F 1   1.421e+08  -8e-07  0.97  2.0e-01  1.2e-05  0.0e+00  0.0e+00  2.6e-01  1.9e-03  2.7e-01
 178  T 2   1.421e+08   2e-06  0.97  2.0e-01  9.3e-06  7.2e-02  2.4e-01  2.7e-01  1.5e-03  2.7e-01
 179  F 0   1.421e+08   2e-06  0.97  2.0e-01  9.3e-06  0.0e+00  0.0e+00  2.8e-01  2.1e-03  2.8e-01
 179  F 1   1.421e+08   2e-06  0.97  2.0e-01  9.3e-06  0.0e+00  0.0e+00  2.8e-01  1.5e-03  2.8e-01
 179  T 2   1.421e+08   6e-07  0.97  2.0e-01  1.2e-05  7.2e-02  2.2e-01  2.6e-01  1.8e-03  2.7e-01
 180  F 0   1.421e+08   6e-07  0.97  2.0e-01  1.2e-05  0.0e+00  0.0e+00  3.2e-01  2.3e-03  3.2e-01
 180  F 1   1.421e+08   6e-07  0.97  2.0e-01  1.2e-05  0.0e+00  0.0e+00  2.7e-01  2.1e-03  2.7e-01
 180  T 2   1.421e+08   9e-07  0.97  2.0e-01  9.0e-06  6.6e-02  1.9e-01  2.7e-01  1.8e-03  2.8e-01
 181  F 0   1.421e+08   9e-07  0.97  2.0e-01  9.0e-06  0.0e+00  0.0e+00  2.6e-01  2.1e-03  2.6e-01
 181  F 1   1.421e+08   9e-07  0.97  2.0e-01  9.0e-06  0.0e+00  0.0e+00  2.7e-01  1.8e-03  2.7e-01
 181  T 2   1.421e+08   9e-07  0.97  2.0e-01  1.2e-05  6.6e-02  1.8e-01  2.8e-01  1.8e-03  2.9e-01
 182  F 0   1.421e+08   9e-07  0.97  2.0e-01  1.2e-05  0.0e+00  0.0e+00  2.9e-01  2.2e-03  2.9e-01
 182  F 1   1.421e+08   9e-07  0.97  2.0e-01  1.2e-05  0.0e+00  0.0e+00  2.7e-01  1.8e-03  2.7e-01
 182  T 2   1.421e+08   5e-07  0.97  2.0e-01  9.1e-06  6.3e-02  1.8e-01  2.6e-01  1.8e-03  2.6e-01
 183  F 0   1.421e+08   5e-07  0.97  2.0e-01  9.1e-06  0.0e+00  0.0e+00  2.7e-01  2.1e-03  2.7e-01
 183  F 1   1.421e+08   5e-07  0.97  2.0e-01  9.1e-06  0.0e+00  0.0e+00  2.6e-01  1.8e-03  2.7e-01
 183  T 2   1.421e+08   1e-06  0.97  2.0e-01  1.2e-05  6.3e-02  1.8e-01  2.7e-01  1.8e-03  2.7e-01
 184  F 0   1.421e+08   1e-06  0.97  2.0e-01  1.2e-05  0.0e+00  0.0e+00  2.6e-01  2.1e-03  2.7e-01
 184  F 1   1.421e+08   1e-06  0.97  2.0e-01  1.2e-05  0.0e+00  0.0e+00  2.7e-01  1.8e-03  2.7e-01
 184  T 2   1.421e+08   4e-07  0.97  2.0e-01  9.6e-06  6.1e-02  1.8e-01  2.6e-01  1.8e-03  2.6e-01
 185  F 0   1.421e+08   4e-07  0.97  2.0e-01  9.6e-06  0.0e+00  0.0e+00  2.6e-01  2.1e-03  2.6e-01
 185  F 1   1.421e+08  -8e-06  0.97  2.0e-01  1.4e-05  1.3e-01  3.1e-01  2.6e-01  1.8e-03  2.6e-01
 186  F 0   1.421e+08  -8e-06  0.97  2.0e-01  1.4e-05  0.0e+00  0.0e+00  2.6e-01  2.1e-03  2.7e-01
 186  F 1   1.421e+08  -8e-06  0.97  2.0e-01  1.4e-05  0.0e+00  0.0e+00  2.6e-01  1.8e-03  2.6e-01
 186  T 2   1.420e+08   8e-07  0.97  2.0e-01  1.1e-05  2.0e-01  4.5e-01  2.6e-01  1.8e-03  2.6e-01
 187  F 0   1.420e+08   8e-07  0.97  2.0e-01  1.1e-05  0.0e+00  0.0e+00  2.7e-01  2.1e-03  2.7e-01
 187  F 1   1.420e+08   8e-07  0.97  2.0e-01  1.1e-05  0.0e+00  0.0e+00  2.8e-01  1.8e-03  2.8e-01
 187  T 2   1.420e+08   1e-06  0.97  2.0e-01  1.6e-05  2.0e-01  3.9e-01  2.7e-01  1.5e-03  2.7e-01
 188  F 0   1.420e+08   1e-06  0.97  2.0e-01  1.6e-05  0.0e+00  0.0e+00  2.6e-01  2.4e-03  2.7e-01
 188  F 1   1.420e+08   1e-06  0.97  2.0e-01  1.6e-05  0.0e+00  0.0e+00  2.7e-01  2.1e-03  2.7e-01
 188  T 2   1.420e+08  -1e-06  0.97  2.0e-01  1.2e-05  8.3e-02  2.8e-01  2.7e-01  1.8e-03  2.7e-01
 189  F 0   1.420e+08  -1e-06  0.97  2.0e-01  1.2e-05  0.0e+00  0.0e+00  2.6e-01  2.4e-03  2.7e-01
 189  F 1   1.420e+08  -1e-06  0.97  2.0e-01  1.2e-05  0.0e+00  0.0e+00  2.6e-01  1.8e-03  2.7e-01
 189  T 2   1.420e+08   1e-07  0.97  2.0e-01  1.3e-05  7.9e-02  1.9e-01  2.7e-01  1.8e-03  2.7e-01
 190  F 0   1.420e+08   1e-07  0.97  2.0e-01  1.3e-05  0.0e+00  0.0e+00  2.7e-01  2.4e-03  2.7e-01
 190  F 1   1.420e+08   1e-07  0.97  2.0e-01  1.3e-05  0.0e+00  0.0e+00  2.8e-01  2.1e-03  2.9e-01
 190  T 2   1.420e+08   2e-07  0.97  2.0e-01  1.3e-05  6.3e-02  2.0e-01  2.7e-01  1.8e-03  2.7e-01
 191  F 0   1.420e+08   2e-07  0.97  2.0e-01  1.3e-05  0.0e+00  0.0e+00  2.8e-01  2.1e-03  2.8e-01
 191  F 1   1.420e+08   2e-07  0.97  2.0e-01  1.3e-05  0.0e+00  0.0e+00  2.7e-01  1.8e-03  2.7e-01
 191  T 2   1.420e+08  -1e-05  0.97  2.0e-01  1.3e-05  1.3e-01  2.1e-01  2.8e-01  1.5e-03  2.8e-01
 192  F 0   1.420e+08  -1e-05  0.97  2.0e-01  1.3e-05  0.0e+00  0.0e+00  2.7e-01  2.4e-03  2.7e-01
 192  F 1   1.420e+08  -1e-05  0.97  2.0e-01  1.3e-05  0.0e+00  0.0e+00  2.7e-01  2.1e-03  2.7e-01
 192  T 2   1.420e+08   9e-06  0.97  2.0e-01  1.4e-05  6.4e-02  2.0e-01  2.6e-01  1.5e-03  2.6e-01
 193  F 0   1.420e+08   9e-06  0.97  2.0e-01  1.4e-05  0.0e+00  0.0e+00  2.7e-01  2.1e-03  2.7e-01
 193  F 1   1.420e+08   9e-06  0.97  2.0e-01  1.4e-05  0.0e+00  0.0e+00  2.7e-01  1.8e-03  2.7e-01
 193  T 2   1.420e+08  -7e-06  0.97  2.0e-01  1.4e-05  1.4e-01  2.1e-01  2.8e-01  1.5e-03  2.8e-01
 194  F 0   1.420e+08  -7e-06  0.97  2.0e-01  1.4e-05  0.0e+00  0.0e+00  2.7e-01  2.1e-03  2.7e-01
 194  F 1   1.420e+08  -7e-06  0.97  2.0e-01  1.4e-05  0.0e+00  0.0e+00  2.8e-01  1.8e-03  2.8e-01
 194  T 2   1.420e+08   8e-06  0.97  2.0e-01  1.4e-05  6.3e-02  1.9e-01  2.8e-01  1.5e-03  2.8e-01
 195  F 0   1.420e+08   8e-06  0.97  2.0e-01  1.4e-05  0.0e+00  0.0e+00  2.6e-01  2.1e-03  2.7e-01
 195  F 1   1.420e+08   8e-06  0.97  2.0e-01  1.4e-05  0.0e+00  0.0e+00  2.7e-01  1.8e-03  2.7e-01
 195  T 2   1.420e+08  -9e-06  0.97  2.0e-01  1.5e-05  1.3e-01  2.0e-01  2.8e-01  1.5e-03  2.8e-01
 196  F 0   1.420e+08  -9e-06  0.97  2.0e-01  1.5e-05  0.0e+00  0.0e+00  2.7e-01  2.4e-03  2.7e-01
 196  F 1   1.420e+08  -9e-06  0.97  2.0e-01  1.5e-05  0.0e+00  0.0e+00  2.7e-01  2.1e-03  2.7e-01
 196  T 2   1.420e+08   1e-07  0.97  2.0e-01  1.5e-05  6.0e-02  1.8e-01  2.7e-01  1.8e-03  2.7e-01
 197  F 0   1.420e+08   1e-07  0.97  2.0e-01  1.5e-05  0.0e+00  0.0e+00  2.7e-01  2.1e-03  2.7e-01
 197  F 1   1.420e+08   1e-07  0.97  2.0e-01  1.5e-05  0.0e+00  0.0e+00  2.6e-01  1.8e-03  2.7e-01
 197  T 2   1.420e+08   2e-07  0.97  2.0e-01  1.6e-05  1.1e-01  1.7e-01  2.6e-01  1.8e-03  2.7e-01
 198  F 0   1.420e+08   2e-07  0.97  2.0e-01  1.6e-05  0.0e+00  0.0e+00  2.7e-01  2.1e-03  2.7e-01
 198  F 1   1.420e+08   2e-07  0.97  2.0e-01  1.6e-05  0.0e+00  0.0e+00  2.7e-01  1.8e-03  2.8e-01
 198  T 2   1.420e+08   7e-08  0.97  2.0e-01  1.6e-05  5.4e-02  1.5e-01  2.7e-01  1.8e-03  2.7e-01
 199  F 0   1.420e+08   7e-08  0.97  2.0e-01  1.6e-05  0.0e+00  0.0e+00  2.8e-01  2.1e-03  2.8e-01
 199  F 1   1.420e+08   7e-08  0.97  2.0e-01  1.6e-05  0.0e+00  0.0e+00  2.8e-01  1.5e-03  2.8e-01
 199  T 2   1.420e+08  -9e-06  0.97  2.0e-01  1.7e-05  5.4e-02  1.3e-01  2.8e-01  1.5e-03  2.8e-01
 200  F 0   1.420e+08  -9e-06  0.97  2.0e-01  1.7e-05  0.0e+00  0.0e+00  2.7e-01  2.1e-03  2.7e-01
 200  T 1   1.420e+08  -9e-07  0.97  2.0e-01  1.8e-05  7.7e-02  2.2e-01  2.8e-01  1.8e-03  2.9e-01
 201  F 0   1.420e+08  -9e-07  0.97  2.0e-01  1.8e-05  0.0e+00  0.0e+00  2.8e-01  2.1e-03  2.8e-01
 201  F 1   1.420e+08  -9e-07  0.97  2.0e-01  1.8e-05  0.0e+00  0.0e+00  2.6e-01  2.1e-03  2.7e-01
 201  F 2   1.420e+08  -9e-07  0.97  2.0e-01  1.8e-05  0.0e+00  0.0e+00  2.8e-01  1.8e-03  2.8e-01
 201  F 3   1.420e+08  -9e-07  0.97  2.0e-01  1.8e-05  0.0e+00  0.0e+00  2.8e-01  2.1e-03  2.8e-01
 201  T 4   1.420e+08  -5e-07  0.97  2.0e-01  1.9e-05  1.9e-01  2.5e-01  2.8e-01  2.4e-03  2.8e-01
 202  F 0   1.420e+08  -5e-07  0.97  2.0e-01  1.9e-05  0.0e+00  0.0e+00  2.7e-01  2.7e-03  2.8e-01
 202  F 1   1.420e+08  -5e-07  0.97  2.0e-01  1.9e-05  0.0e+00  0.0e+00  2.7e-01  2.0e-03  2.7e-01
 202  T 2   1.420e+08  -2e-16  0.97  2.0e-01  1.9e-05  5.0e-02  1.4e-01  2.8e-01  2.1e-03  2.9e-01
 203  T 0   1.420e+08  -9e-06  0.97  2.0e-01  2.3e-05  1.7e-01  3.0e-01  2.7e-01  2.1e-03  2.7e-01
 204  F 0   1.420e+08  -9e-06  0.97  2.0e-01  2.3e-05  0.0e+00  0.0e+00  2.7e-01  2.1e-03  2.8e-01
 204  F 1   1.420e+08  -9e-06  0.97  2.0e-01  2.3e-05  0.0e+00  0.0e+00  2.7e-01  1.8e-03  2.8e-01
 204  T 2   1.420e+08   4e-06  0.97  2.0e-01  8.4e-06  6.8e-02  1.6e-01  2.7e-01  1.5e-03  2.8e-01
 205  T 0   1.420e+08   5e-08  0.97  2.0e-01  1.1e-05  1.1e-01  2.6e-01  2.8e-01  2.1e-03  2.8e-01
 206  F 0   1.420e+08   5e-08  0.97  2.0e-01  1.1e-05  0.0e+00  0.0e+00  2.7e-01  2.1e-03  2.7e-01
 206  F 1   1.420e+08   5e-08  0.97  2.0e-01  1.1e-05  0.0e+00  0.0e+00  2.6e-01  1.8e-03  2.7e-01
 206  T 2   1.420e+08   3e-06  0.97  2.0e-01  8.8e-06  6.2e-02  1.5e-01  2.7e-01  1.5e-03  2.8e-01
 207  T 0   1.420e+08   7e-08  0.98  2.0e-01  1.1e-05  9.5e-02  2.4e-01  2.7e-01  2.1e-03  2.7e-01
 208  F 0   1.420e+08   7e-08  0.98  2.0e-01  1.1e-05  0.0e+00  0.0e+00  2.9e-01  2.1e-03  3.0e-01
 208  F 1   1.420e+08   7e-08  0.98  2.0e-01  1.1e-05  0.0e+00  0.0e+00  2.9e-01  1.8e-03  2.9e-01
 208  T 2   1.420e+08   5e-07  0.97  2.0e-01  1.2e-05  9.2e-02  2.1e-01  2.6e-01  1.8e-03  2.7e-01
 209  F 0   1.420e+08   5e-07  0.97  2.0e-01  1.2e-05  0.0e+00  0.0e+00  2.7e-01  2.1e-03  2.7e-01
 209  T 1   1.420e+08  -4e-06  0.98  2.0e-01  1.2e-05  9.8e-02  2.6e-01  2.8e-01  1.8e-03  2.8e-01
 210  F 0   1.420e+08  -4e-06  0.98  2.0e-01  1.2e-05  0.0e+00  0.0e+00  2.9e-01  2.1e-03  2.9e-01
 210  F 1   1.420e+08  -4e-06  0.98  2.0e-01  1.2e-05  0.0e+00  0.0e+00  2.7e-01  1.9e-03  2.8e-01
 210  F 2   1.420e+08  -4e-06  0.98  2.0e-01  1.2e-05  0.0e+00  0.0e+00  2.7e-01  2.1e-03  2.7e-01
 210  T 3   1.420e+08  -1e-05  0.97  2.0e-01  1.3e-05  1.2e-01  2.7e-01  2.6e-01  2.1e-03  2.6e-01
 211  F 0   1.420e+08  -1e-05  0.97  2.0e-01  1.3e-05  0.0e+00  0.0e+00  2.6e-01  2.4e-03  2.7e-01
 211  T 1   1.419e+08   2e-06  0.98  2.0e-01  1.3e-05  1.1e-01  2.8e-01  2.6e-01  2.1e-03  2.7e-01
 212  F 0   1.419e+08   2e-06  0.98  2.0e-01  1.3e-05  0.0e+00  0.0e+00  2.7e-01  2.1e-03  2.7e-01
 212  F 1   1.419e+08   2e-06  0.98  2.0e-01  1.3e-05  0.0e+00  0.0e+00  2.9e-01  2.1e-03  2.9e-01
 212  F 2   1.419e+08   2e-06  0.98  2.0e-01  1.3e-05  0.0e+00  0.0e+00  3.5e-01  2.1e-03  3.5e-01
 212  F 3   1.419e+08  -6e-07  0.97  2.0e-01  1.4e-05  1.2e-01  2.8e-01  2.6e-01  2.4e-03  2.7e-01
 213  F 0   1.419e+08  -6e-07  0.97  2.0e-01  1.4e-05  0.0e+00  0.0e+00  2.7e-01  2.4e-03  2.7e-01
 213  T 1   1.419e+08   3e-06  0.98  2.0e-01  1.4e-05  1.2e-01  3.0e-01  2.6e-01  2.1e-03  2.7e-01
 214  F 0   1.419e+08   3e-06  0.98  2.0e-01  1.4e-05  0.0e+00  0.0e+00  2.6e-01  2.1e-03  2.7e-01
 214  F 1   1.419e+08   3e-06  0.98  2.0e-01  1.4e-05  0.0e+00  0.0e+00  2.8e-01  2.1e-03  2.9e-01
 214  F 2   1.419e+08   3e-06  0.98  2.0e-01  1.4e-05  0.0e+00  0.0e+00  2.7e-01  2.1e-03  2.7e-01
 214  F 3   1.419e+08   3e-06  0.98  2.0e-01  1.4e-05  0.0e+00  0.0e+00  2.6e-01  3.3e-03  2.7e-01
 214  T 4   1.419e+08  -3e-06  0.97  2.0e-01  1.5e-05  1.1e-01  2.1e-01  2.6e-01  2.4e-03  2.6e-01
 215  F 0   1.419e+08  -3e-06  0.97  2.0e-01  1.5e-05  0.0e+00  0.0e+00  2.7e-01  2.7e-03  2.7e-01
 215  T 1   1.419e+08  -3e-07  0.98  2.0e-01  1.5e-05  8.2e-02  1.9e-01  2.8e-01  2.4e-03  2.8e-01
 216  F 0   1.419e+08  -3e-07  0.98  2.0e-01  1.5e-05  0.0e+00  0.0e+00  2.6e-01  2.1e-03  2.6e-01
 216  F 1   1.419e+08  -3e-07  0.98  2.0e-01  1.5e-05  0.0e+00  0.0e+00  2.6e-01  2.0e-03  2.7e-01
 216  F 2   1.419e+08  -3e-07  0.98  2.0e-01  1.5e-05  0.0e+00  0.0e+00  2.6e-01  2.1e-03  2.7e-01
 216  T 3   1.419e+08  -2e-06  0.97  2.0e-01  1.6e-05  5.1e-02  1.1e-01  3.4e-01  2.1e-03  3.4e-01
 217  T 0   1.419e+08  -9e-07  0.98  2.0e-01  1.8e-05  8.6e-02  2.1e-01  2.7e-01  2.5e-03  2.7e-01
 218  F 0   1.419e+08  -9e-07  0.98  2.0e-01  1.8e-05  0.0e+00  0.0e+00  2.7e-01  2.1e-03  2.7e-01
 218  F 1   1.419e+08  -9e-07  0.98  2.0e-01  1.8e-05  0.0e+00  0.0e+00  3.1e-01  1.4e-03  3.1e-01
 218  F 2   1.419e+08  -9e-07  0.98  2.0e-01  1.8e-05  0.0e+00  0.0e+00  2.9e-01  2.1e-03  3.0e-01
 218  T 3   1.419e+08  -5e-06  0.97  2.0e-01  1.9e-05  1.2e-01  2.4e-01  2.7e-01  2.2e-03  2.7e-01
 219  F 0   1.419e+08  -5e-06  0.97  2.0e-01  1.9e-05  0.0e+00  0.0e+00  2.7e-01  2.4e-03  2.7e-01
 219  T 1   1.419e+08   5e-06  0.98  2.0e-01  1.9e-05  1.0e-01  2.4e-01  2.6e-01  2.1e-03  2.7e-01
 220  F 0   1.419e+08   5e-06  0.98  2.0e-01  1.9e-05  0.0e+00  0.0e+00  2.6e-01  2.1e-03  2.7e-01
 220  F 1   1.419e+08   5e-06  0.98  2.0e-01  1.9e-05  0.0e+00  0.0e+00  3.3e-01  2.1e-03  3.3e-01
 220  F 2   1.419e+08   5e-06  0.98  2.0e-01  1.9e-05  0.0e+00  0.0e+00  2.6e-01  2.3e-03  2.6e-01
 220  T 3   1.419e+08  -8e-06  0.97  2.0e-01  2.1e-05  1.0e-01  2.2e-01  2.7e-01  2.1e-03  2.7e-01
 221  F 0   1.419e+08  -8e-06  0.97  2.0e-01  2.1e-05  0.0e+00  0.0e+00  2.7e-01  2.4e-03  2.7e-01
 221  T 1   1.419e+08   2e-06  0.98  2.0e-01  2.1e-05  1.0e-01  2.4e-01  2.7e-01  2.1e-03  2.7e-01
 222  F 0   1.419e+08   2e-06  0.98  2.0e-01  2.1e-05  0.0e+00  0.0e+00  3.1e-01  2.1e-03  3.2e-01
 222  F 1   1.419e+08   2e-06  0.98  2.0e-01  2.1e-05  0.0e+00  0.0e+00  2.4e-01  3.9e-02  2.8e-01
 222  F 2   1.419e+08   2e-06  0.98  2.0e-01  2.1e-05  0.0e+00  0.0e+00  2.7e-01  2.1e-03  2.7e-01
 222  T 3   1.419e+08  -7e-06  0.97  2.0e-01  2.3e-05  1.0e-01  2.4e-01  2.7e-01  2.1e-03  2.7e-01
 223  F 0   1.419e+08  -7e-06  0.97  2.0e-01  2.3e-05  0.0e+00  0.0e+00  2.6e-01  2.4e-03  2.7e-01
 223  T 1   1.419e+08   3e-06  0.98  2.0e-01  2.3e-05  1.0e-01  2.5e-01  2.6e-01  2.2e-03  2.7e-01
 224  F 0   1.419e+08   3e-06  0.98  2.0e-01  2.3e-05  0.0e+00  0.0e+00  3.1e-01  2.1e-03  3.1e-01
 224  F 1   1.419e+08   3e-06  0.98  2.0e-01  2.3e-05  0.0e+00  0.0e+00  2.8e-01  2.2e-03  2.9e-01
 224  F 2   1.419e+08   3e-06  0.98  2.0e-01  2.3e-05  0.0e+00  0.0e+00  2.7e-01  2.1e-03  2.7e-01
 224  T 3   1.419e+08  -7e-06  0.97  2.0e-01  2.5e-05  1.0e-01  2.5e-01  2.7e-01  2.2e-03  2.7e-01
 225  F 0   1.419e+08  -7e-06  0.97  2.0e-01  2.5e-05  0.0e+00  0.0e+00  2.6e-01  2.4e-03  2.7e-01
 225  T 1   1.419e+08   6e-07  0.98  2.0e-01  2.5e-05  1.1e-01  2.6e-01  2.6e-01  2.3e-03  2.7e-01
 226  F 0   1.419e+08   6e-07  0.98  2.0e-01  2.5e-05  0.0e+00  0.0e+00  2.6e-01  2.1e-03  2.7e-01
 226  F 1   1.419e+08   6e-07  0.98  2.0e-01  2.5e-05  0.0e+00  0.0e+00  2.7e-01  1.9e-03  2.7e-01
 226  F 2   1.419e+08   6e-07  0.98  2.0e-01  2.5e-05  0.0e+00  0.0e+00  2.7e-01  2.1e-03  2.8e-01
 226  T 3   1.419e+08  -9e-06  0.97  2.0e-01  2.6e-05  1.1e-01  2.7e-01  2.7e-01  2.1e-03  2.7e-01
 227  F 0   1.419e+08  -9e-06  0.97  2.0e-01  2.6e-05  0.0e+00  0.0e+00  2.6e-01  2.4e-03  2.7e-01
 227  T 1   1.419e+08   1e-06  0.98  2.0e-01  9.1e-06  1.1e-01  2.8e-01  2.8e-01  2.2e-03  2.9e-01
 228  F 0   1.419e+08   1e-06  0.98  2.0e-01  9.1e-06  0.0e+00  0.0e+00  2.7e-01  2.1e-03  2.7e-01
 228  F 1   1.419e+08   1e-06  0.98  2.0e-01  9.1e-06  0.0e+00  0.0e+00  2.7e-01  1.9e-03  2.7e-01
 228  F 2   1.419e+08   1e-06  0.98  2.0e-01  9.1e-06  0.0e+00  0.0e+00  2.6e-01  2.1e-03  2.7e-01
 228  F 3   1.419e+08   1e-06  0.98  2.0e-01  9.1e-06  0.0e+00  0.0e+00  2.6e-01  2.4e-03  2.7e-01
 228  T 4   1.419e+08  -7e-07  0.97  2.0e-01  1.0e-05  8.6e-02  1.8e-01  2.7e-01  2.4e-03  2.7e-01
 229  F 0   1.419e+08  -7e-07  0.97  2.0e-01  1.0e-05  0.0e+00  0.0e+00  2.7e-01  2.8e-03  2.7e-01
 229  T 1   1.419e+08  -3e-07  0.98  2.0e-01  9.6e-06  5.8e-02  1.3e-01  2.7e-01  2.4e-03  2.7e-01
 230  F 0   1.419e+08  -3e-07  0.98  2.0e-01  9.6e-06  0.0e+00  0.0e+00  2.7e-01  2.1e-03  2.7e-01
 230  F 1   1.419e+08  -3e-07  0.98  2.0e-01  9.6e-06  0.0e+00  0.0e+00  2.6e-01  2.1e-03  2.7e-01
 230  T 2   1.419e+08   4e-06  0.98  2.0e-01  9.9e-06  5.3e-02  1.1e-01  2.6e-01  1.9e-03  2.7e-01
 231  F 0   1.419e+08   4e-06  0.98  2.0e-01  9.9e-06  0.0e+00  0.0e+00  3.0e-01  2.1e-03  3.0e-01
 231  T 1   1.419e+08   5e-07  0.98  2.0e-01  9.9e-06  6.0e-02  1.5e-01  3.4e-01  2.1e-03  3.4e-01
 232  F 0   1.419e+08   5e-07  0.98  2.0e-01  9.9e-06  0.0e+00  0.0e+00  2.6e-01  2.1e-03  2.6e-01
 232  F 1   1.419e+08   5e-07  0.98  2.0e-01  9.9e-06  0.0e+00  0.0e+00  2.7e-01  2.2e-03  2.7e-01
 232  F 2   1.419e+08   5e-07  0.98  2.0e-01  9.9e-06  0.0e+00  0.0e+00  2.7e-01  1.9e-03  2.8e-01
 232  T 3   1.419e+08  -1e-06  0.98  2.0e-01  1.0e-05  5.0e-02  1.1e-01  2.8e-01  2.1e-03  2.8e-01
 233  F 0   1.419e+08  -1e-06  0.98  2.0e-01  1.0e-05  0.0e+00  0.0e+00  2.6e-01  2.5e-03  2.6e-01
 233  T 1   1.419e+08   2e-06  0.98  2.0e-01  1.0e-05  3.7e-02  1.0e-01  2.7e-01  2.1e-03  2.7e-01
 234  F 0   1.419e+08   2e-06  0.98  2.0e-01  1.0e-05  0.0e+00  0.0e+00  2.6e-01  2.2e-03  2.7e-01
 234  F 1   1.419e+08   2e-06  0.98  2.0e-01  1.0e-05  0.0e+00  0.0e+00  2.6e-01  1.8e-03  2.7e-01
 234  T 2   1.419e+08   7e-07  0.98  2.0e-01  1.1e-05  4.5e-02  1.0e-01  2.6e-01  1.8e-03  2.7e-01
 235  F 0   1.419e+08   7e-07  0.98  2.0e-01  1.1e-05  0.0e+00  0.0e+00  2.7e-01  2.1e-03  2.7e-01
 235  F 1   1.419e+08   7e-07  0.98  2.0e-01  1.1e-05  0.0e+00  0.0e+00  2.6e-01  1.8e-03  2.7e-01
 235  T 2   1.419e+08   2e-08  0.98  2.0e-01  1.1e-05  2.7e-02  7.3e-02  2.7e-01  1.8e-03  2.7e-01
 236  F 0   1.419e+08   2e-08  0.98  2.0e-01  1.1e-05  0.0e+00  0.0e+00  2.6e-01  2.1e-03  2.7e-01
 236  T 1   1.419e+08  -9e-08  0.98  2.0e-01  1.1e-05  3.2e-02  8.8e-02  3.0e-01  1.8e-03  3.0e-01
 237  F 0   1.419e+08  -9e-08  0.98  2.0e-01  1.1e-05  0.0e+00  0.0e+00  2.8e-01  2.2e-03  2.8e-01
 237  F 1   1.419e+08  -9e-08  0.98  2.0e-01  1.1e-05  0.0e+00  0.0e+00  2.7e-01  1.5e-03  2.7e-01
 237  T 2   1.419e+08  -1e-06  0.98  2.0e-01  1.1e-05  3.3e-02  8.1e-02  3.1e-01  1.2e-03  3.1e-01
 238  F 0   1.419e+08  -1e-06  0.98  2.0e-01  1.1e-05  0.0e+00  0.0e+00  2.7e-01  1.5e-03  2.7e-01
 238  T 1   1.419e+08   6e-06  0.98  2.0e-01  1.1e-05  4.4e-02  1.1e-01  2.6e-01  1.5e-03  2.6e-01
 239  F 0   1.419e+08   6e-06  0.98  2.0e-01  1.1e-05  0.0e+00  0.0e+00  2.7e-01  2.1e-03  2.7e-01
 239  F 1   1.419e+08   6e-06  0.98  2.0e-01  1.1e-05  0.0e+00  0.0e+00  2.7e-01  1.2e-03  2.7e-01
 239  T 2   1.419e+08  -7e-06  0.98  2.0e-01  1.1e-05  6.7e-02  1.2e-01  2.7e-01  1.5e-03  2.7e-01
 240  F 0   1.419e+08  -7e-06  0.98  2.0e-01  1.1e-05  0.0e+00  0.0e+00  2.9e-01  2.1e-03  2.9e-01
 240  F 1   1.419e+08  -7e-06  0.98  2.0e-01  1.1e-05  0.0e+00  0.0e+00  2.7e-01  1.5e-03  2.7e-01
 240  T 2   1.419e+08   7e-06  0.98  2.0e-01  1.1e-05  3.5e-02  7.9e-02  2.7e-01  1.2e-03  2.7e-01
 241  F 0   1.419e+08   7e-06  0.98  2.0e-01  1.1e-05  0.0e+00  0.0e+00  3.0e-01  2.1e-03  3.0e-01
 241  F 1   1.419e+08   7e-06  0.98  2.0e-01  1.1e-05  0.0e+00  0.0e+00  2.7e-01  1.6e-03  2.7e-01
 241  F 2   1.419e+08   7e-06  0.98  2.0e-01  1.1e-05  0.0e+00  0.0e+00  2.9e-01  1.6e-03  2.9e-01
 241  F 3   1.419e+08   7e-06  0.98  2.0e-01  1.1e-05  0.0e+00  0.0e+00  2.6e-01  1.6e-03  2.6e-01
 241  F 4   1.419e+08   7e-06  0.98  2.0e-01  1.1e-05  0.0e+00  0.0e+00  2.6e-01  1.5e-03  2.6e-01
 241  F 5   1.419e+08   7e-06  0.98  2.0e-01  1.1e-05  0.0e+00  0.0e+00  2.6e-01  1.5e-03  2.6e-01
 241  F 6   1.419e+08   7e-06  0.98  2.0e-01  1.1e-05  0.0e+00  0.0e+00  2.7e-01  1.5e-03  2.7e-01
 241  F 7   1.419e+08   7e-06  0.98  2.0e-01  1.1e-05  0.0e+00  0.0e+00  2.6e-01  1.5e-03  2.7e-01
 241  F 8   1.419e+08   7e-06  0.98  2.0e-01  1.1e-05  0.0e+00  0.0e+00  2.7e-01  1.5e-03  2.7e-01
 241  F 9   1.419e+08   7e-06  0.98  2.0e-01  1.1e-05  0.0e+00  0.0e+00  2.7e-01  1.5e-03  2.8e-01
 241  F10   1.419e+08   7e-06  0.98  2.0e-01  1.1e-05  0.0e+00  0.0e+00  2.7e-01  1.5e-03  2.7e-01
 241  F11   1.419e+08   7e-06  0.98  2.0e-01  1.1e-05  0.0e+00  0.0e+00  2.7e-01  1.5e-03  2.7e-01
 241  F12   1.419e+08   7e-06  0.98  2.0e-01  1.1e-05  0.0e+00  0.0e+00  2.8e-01  1.5e-03  2.8e-01
 241  F13   1.419e+08   7e-06  0.98  2.0e-01  1.1e-05  0.0e+00  0.0e+00  2.8e-01  1.5e-03  2.8e-01
 241  F14   1.419e+08   7e-06  0.98  2.0e-01  1.1e-05  0.0e+00  0.0e+00  2.9e-01  1.5e-03  2.9e-01
 241  F15   1.419e+08   7e-06  0.98  2.0e-01  1.1e-05  0.0e+00  0.0e+00  2.8e-01  1.7e-03  2.8e-01
 241  F16   1.419e+08   7e-06  0.98  2.0e-01  1.1e-05  0.0e+00  0.0e+00  2.8e-01  1.5e-03  2.8e-01
 241  F17   1.419e+08   7e-06  0.98  2.0e-01  1.1e-05  0.0e+00  0.0e+00  2.8e-01  1.5e-03  2.8e-01
 241  F18   1.419e+08   7e-06  0.98  2.0e-01  1.1e-05  0.0e+00  0.0e+00  2.7e-01  1.5e-03  2.7e-01
 241  F19   1.419e+08   7e-06  0.98  2.0e-01  1.1e-05  0.0e+00  0.0e+00  2.7e-01  1.5e-03  2.7e-01
 241  F20   1.419e+08   7e-06  0.98  2.0e-01  1.1e-05  0.0e+00  0.0e+00  2.9e-01  1.5e-03  2.9e-01
 241  F21   1.419e+08   7e-06  0.98  2.0e-01  1.1e-05  0.0e+00  0.0e+00  3.2e-01  1.5e-03  3.2e-01
 241  F22   1.419e+08   7e-06  0.98  2.0e-01  1.1e-05  0.0e+00  0.0e+00  2.7e-01  1.5e-03  2.7e-01
 241  F23   1.419e+08   7e-06  0.98  2.0e-01  1.1e-05  0.0e+00  0.0e+00  2.6e-01  1.5e-03  2.7e-01
 241  F24   1.419e+08   7e-06  0.98  2.0e-01  1.1e-05  0.0e+00  0.0e+00  2.7e-01  1.5e-03  2.7e-01
 241  F25   1.419e+08   7e-06  0.98  2.0e-01  1.1e-05  0.0e+00  0.0e+00  2.6e-01  1.6e-03  2.6e-01
 241  F26   1.419e+08   7e-06  0.98  2.0e-01  1.1e-05  0.0e+00  0.0e+00  3.7e-01  1.1e-03  3.7e-01
 241  F27   1.419e+08   7e-06  0.98  2.0e-01  1.1e-05  0.0e+00  0.0e+00  2.8e-01  1.5e-03  2.8e-01
 241  F28   1.419e+08   7e-06  0.98  2.0e-01  1.1e-05  0.0e+00  0.0e+00  2.7e-01  1.6e-03  2.7e-01
 241  F29   1.419e+08   7e-06  0.98  2.0e-01  1.1e-05  0.0e+00  0.0e+00  3.3e-01  1.5e-03  3.4e-01
 241  F30   1.419e+08   7e-06  0.98  2.0e-01  1.1e-05  0.0e+00  0.0e+00  2.7e-01  1.5e-03  2.7e-01
 241  F31   1.419e+08   7e-06  0.98  2.0e-01  1.1e-05  0.0e+00  0.0e+00  2.7e-01  1.5e-03  2.8e-01
Enforced Termination; excessive conservatism
Total number of system evaluations: 671
