   k  l     Obj         Vio    Bou   ML       |KKT|    |dX|     ||dX||   T_s      T_o      T_t
   0  T 0   9.132e+08   0e+00  0.00  2.0e-01  3.3e+03  1.0e+00  1.0e+00  4.4e-01  0.0e+00  0.0e+00
   1  T 0   3.370e+08  -2e-16  0.00  2.0e-01  4.6e-01  2.0e-01  3.0e+00  2.0e-01  5.4e-03  2.1e-01
   2  T 0   1.509e+08   6e-07  0.00  2.0e-01  8.9e-02  2.0e-01  3.9e+00  2.0e-01  2.3e-03  2.0e-01
   3  T 0   7.657e+07  -8e-06  0.00  2.0e-01  1.8e-02  2.0e-01  3.8e+00  2.1e-01  2.5e-03  2.1e-01
   4  T 0   4.977e+07  -2e-03  0.00  2.0e-01  4.7e-03  2.0e-01  4.2e+00  2.0e-01  1.5e-03  2.0e-01
   5  T 0   3.035e+07  -1e-01  0.00  2.0e-01  6.2e-03  2.0e-01  4.3e+00  2.0e-01  1.2e-03  2.0e-01
   6  T 0   1.989e+07  -3e-01  0.00  2.0e-01  8.2e-03  2.0e-01  4.7e+00  2.0e-01  1.2e-03  2.0e-01
   7  F 0   1.989e+07  -3e-01  0.00  1.4e-01  8.2e-03  0.0e+00  0.0e+00  2.5e-01  1.2e-03  2.5e-01
   7  F 1   1.989e+07  -3e-01  0.00  9.8e-02  8.2e-03  0.0e+00  0.0e+00  2.1e-01  1.0e-03  2.1e-01
   7  T 2   1.878e+07  -4e-01  0.02  1.2e-01  1.6e-02  9.8e-02  2.9e+00  2.0e-01  9.9e-04  2.0e-01
   8  T 0   1.635e+07  -4e-01  0.11  1.4e-01  6.5e-03  1.2e-01  3.4e+00  2.0e-01  1.2e-03  2.0e-01
   9  T 0   1.493e+07  -5e-01  0.15  1.7e-01  7.3e-03  1.4e-01  3.6e+00  2.0e-01  1.2e-03  2.0e-01
  10  F 0   1.493e+07  -5e-01  0.15  1.2e-01  7.3e-03  0.0e+00  0.0e+00  2.5e-01  1.3e-03  2.5e-01
  10  T 1   1.345e+07  -3e-01  0.14  1.4e-01  9.7e-03  1.2e-01  3.2e+00  2.0e-01  1.0e-03  2.0e-01
  11  T 0   1.258e+07  -5e-01  0.20  1.7e-01  7.0e-03  1.4e-01  3.5e+00  2.2e-01  1.2e-03  2.2e-01
  12  F 0   1.258e+07  -5e-01  0.20  1.2e-01  7.0e-03  0.0e+00  0.0e+00  2.8e-01  1.4e-03  2.8e-01
  12  T 1   1.185e+07  -3e-01  0.18  1.4e-01  1.6e-02  1.2e-01  3.1e+00  2.5e-01  1.1e-03  2.5e-01
  13  T 0   1.095e+07  -4e-01  0.25  1.7e-01  5.6e-03  1.4e-01  3.4e+00  2.1e-01  1.3e-03  2.1e-01
  14  F 0   1.095e+07  -4e-01  0.25  1.2e-01  5.6e-03  0.0e+00  0.0e+00  2.1e-01  1.3e-03  2.1e-01
  14  T 1   9.708e+06  -3e-01  0.26  1.4e-01  2.7e-03  1.2e-01  3.0e+00  2.0e-01  1.0e-03  2.0e-01
  15  F 0   9.708e+06  -3e-01  0.26  1.0e-01  2.7e-03  0.0e+00  0.0e+00  2.0e-01  1.2e-03  2.0e-01
  15  T 1   9.080e+06  -4e-01  0.27  1.2e-01  4.2e-03  1.0e-01  2.5e+00  2.4e-01  1.0e-03  2.4e-01
  16  F 0   9.080e+06  -4e-01  0.27  8.5e-02  4.2e-03  0.0e+00  0.0e+00  2.8e-01  1.3e-03  2.8e-01
  16  T 1   8.463e+06  -3e-01  0.33  1.0e-01  3.2e-03  8.5e-02  2.2e+00  2.1e-01  9.9e-04  2.1e-01
  17  T 0   8.354e+06  -4e-01  0.36  1.2e-01  6.1e-03  1.0e-01  2.5e+00  2.0e-01  1.2e-03  2.0e-01
  18  T 0   7.638e+06  -2e-01  0.39  1.5e-01  7.1e-03  1.2e-01  2.9e+00  2.0e-01  1.2e-03  2.0e-01
  19  F 0   7.638e+06  -2e-01  0.39  1.0e-01  7.1e-03  0.0e+00  0.0e+00  2.2e-01  1.2e-03  2.2e-01
  19  F 1   7.638e+06  -2e-01  0.39  7.2e-02  7.1e-03  0.0e+00  0.0e+00  2.0e-01  1.0e-03  2.0e-01
  19  T 2   7.080e+06  -3e-01  0.43  8.6e-02  4.1e-03  7.2e-02  1.8e+00  2.3e-01  1.1e-03  2.3e-01
  20  T 0   6.788e+06  -2e-01  0.45  1.0e-01  5.8e-03  8.6e-02  2.1e+00  2.2e-01  1.2e-03  2.2e-01
  21  T 0   6.733e+06  -3e-01  0.48  1.2e-01  4.7e-03  1.0e-01  2.4e+00  2.0e-01  1.2e-03  2.0e-01
  22  T 0   6.583e+06  -2e-01  0.50  1.5e-01  2.7e-03  1.2e-01  2.9e+00  2.0e-01  1.2e-03  2.0e-01
  23  F 0   6.583e+06  -2e-01  0.50  1.0e-01  2.7e-03  0.0e+00  0.0e+00  2.1e-01  1.3e-03  2.1e-01
  23  T 1   6.017e+06  -2e-01  0.52  1.3e-01  3.7e-03  1.0e-01  2.4e+00  2.0e-01  1.0e-03  2.0e-01
  24  F 0   6.017e+06  -2e-01  0.52  8.8e-02  3.7e-03  0.0e+00  0.0e+00  2.0e-01  1.2e-03  2.0e-01
  24  T 1   5.534e+06  -1e-01  0.54  1.1e-01  2.2e-03  8.8e-02  2.1e+00  3.1e-01  1.0e-03  3.1e-01
  25  F 0   5.534e+06  -1e-01  0.54  7.4e-02  2.2e-03  0.0e+00  0.0e+00  2.0e-01  1.2e-03  2.0e-01
  25  T 1   5.283e+06  -2e-01  0.55  8.8e-02  4.0e-03  7.4e-02  1.7e+00  2.1e-01  1.0e-03  2.1e-01
  26  F 0   5.283e+06  -2e-01  0.55  6.2e-02  4.0e-03  0.0e+00  0.0e+00  2.0e-01  1.2e-03  2.0e-01
  26  T 1   4.950e+06  -1e-01  0.58  7.4e-02  4.4e-03  6.2e-02  1.4e+00  2.0e-01  1.0e-03  2.0e-01
  27  F 0   4.950e+06  -1e-01  0.58  5.2e-02  4.4e-03  0.0e+00  0.0e+00  2.0e-01  1.3e-03  2.0e-01
  27  T 1   4.789e+06  -2e-01  0.60  6.2e-02  2.9e-03  5.2e-02  1.2e+00  2.1e-01  1.0e-03  2.1e-01
  28  T 0   4.554e+06  -1e-01  0.62  7.5e-02  4.3e-03  6.2e-02  1.4e+00  2.0e-01  1.2e-03  2.0e-01
  29  F 0   4.554e+06  -1e-01  0.62  5.2e-02  4.3e-03  0.0e+00  0.0e+00  2.0e-01  1.3e-03  2.0e-01
  29  T 1   4.444e+06  -2e-01  0.65  6.3e-02  3.1e-03  5.2e-02  1.2e+00  2.2e-01  1.0e-03  2.2e-01
  30  T 0   4.287e+06  -1e-01  0.66  7.5e-02  2.5e-03  6.3e-02  1.4e+00  2.0e-01  1.3e-03  2.0e-01
  31  F 0   4.287e+06  -1e-01  0.66  5.3e-02  2.5e-03  0.0e+00  0.0e+00  2.0e-01  1.2e-03  2.0e-01
  31  T 1   4.168e+06  -1e-01  0.68  6.3e-02  3.1e-03  5.3e-02  1.2e+00  2.0e-01  1.0e-03  2.0e-01
  32  T 0   4.021e+06  -1e-01  0.71  7.6e-02  1.9e-03  6.3e-02  1.4e+00  2.1e-01  1.2e-03  2.1e-01
  33  F 0   4.021e+06  -1e-01  0.71  5.3e-02  1.9e-03  0.0e+00  0.0e+00  2.0e-01  1.2e-03  2.0e-01
  33  T 1   3.905e+06  -1e-01  0.72  6.4e-02  2.1e-03  5.3e-02  1.2e+00  2.7e-01  1.0e-03  2.8e-01
  34  T 0   3.864e+06  -1e-01  0.74  7.7e-02  1.5e-03  6.4e-02  1.3e+00  2.3e-01  1.2e-03  2.3e-01
  35  F 0   3.864e+06  -1e-01  0.74  5.4e-02  1.5e-03  0.0e+00  0.0e+00  2.3e-01  1.3e-03  2.3e-01
  35  T 1   3.730e+06  -1e-01  0.75  6.4e-02  1.2e-03  5.4e-02  1.1e+00  2.3e-01  1.0e-03  2.3e-01
  36  T 0   3.674e+06  -1e-01  0.77  7.7e-02  1.8e-03  6.4e-02  1.3e+00  2.2e-01  1.2e-03  2.2e-01
  37  F 0   3.674e+06  -1e-01  0.77  5.4e-02  1.8e-03  0.0e+00  0.0e+00  2.3e-01  1.2e-03  2.3e-01
  37  T 1   3.572e+06  -1e-01  0.78  6.5e-02  2.0e-03  5.4e-02  1.1e+00  2.4e-01  1.0e-03  2.4e-01
  38  F 0   3.572e+06  -1e-01  0.78  4.5e-02  2.0e-03  0.0e+00  0.0e+00  2.4e-01  1.2e-03  2.5e-01
  38  T 1   3.479e+06  -1e-01  0.79  5.5e-02  2.5e-03  4.5e-02  9.3e-01  2.0e-01  1.0e-03  2.0e-01
  39  T 0   3.404e+06  -1e-01  0.80  6.5e-02  2.2e-03  5.5e-02  1.1e+00  2.0e-01  1.2e-03  2.0e-01
  40  F 0   3.404e+06  -1e-01  0.80  4.6e-02  2.2e-03  0.0e+00  0.0e+00  2.0e-01  1.2e-03  2.0e-01
  40  T 1   3.355e+06  -7e-02  0.81  5.5e-02  1.5e-03  4.6e-02  9.4e-01  2.4e-01  1.0e-03  2.4e-01
  41  T 0   3.325e+06  -8e-02  0.82  6.6e-02  1.3e-03  5.5e-02  1.1e+00  2.3e-01  1.3e-03  2.3e-01
  42  F 0   3.325e+06  -8e-02  0.82  4.6e-02  1.3e-03  0.0e+00  0.0e+00  2.3e-01  1.2e-03  2.3e-01
  42  T 1   3.262e+06  -5e-02  0.81  5.5e-02  1.7e-03  4.6e-02  9.8e-01  2.4e-01  1.0e-03  2.4e-01
  43  T 0   3.233e+06  -6e-02  0.83  6.7e-02  2.3e-03  5.5e-02  1.1e+00  2.3e-01  1.4e-03  2.4e-01
  44  F 0   3.233e+06  -6e-02  0.83  4.7e-02  2.3e-03  0.0e+00  0.0e+00  2.4e-01  1.2e-03  2.4e-01
  44  T 1   3.146e+06  -3e-02  0.83  5.6e-02  1.1e-03  4.7e-02  9.8e-01  2.1e-01  1.0e-03  2.1e-01
  45  T 0   3.129e+06  -5e-02  0.86  6.7e-02  1.9e-03  5.6e-02  1.1e+00  2.0e-01  1.3e-03  2.0e-01
  46  F 0   3.129e+06  -5e-02  0.86  4.7e-02  1.9e-03  0.0e+00  0.0e+00  2.0e-01  1.2e-03  2.0e-01
  46  T 1   3.053e+06  -2e-02  0.84  5.6e-02  2.5e-03  4.7e-02  9.7e-01  2.0e-01  1.0e-03  2.0e-01
  47  F 0   3.053e+06  -2e-02  0.84  3.9e-02  2.5e-03  0.0e+00  0.0e+00  2.6e-01  1.3e-03  2.6e-01
  47  T 1   3.001e+06  -3e-02  0.85  4.7e-02  8.1e-04  3.9e-02  8.2e-01  2.3e-01  1.0e-03  2.3e-01
  48  T 0   2.941e+06  -5e-03  0.86  5.7e-02  1.1e-03  4.7e-02  9.2e-01  2.1e-01  1.3e-03  2.1e-01
  49  F 0   2.941e+06  -5e-03  0.86  4.0e-02  1.1e-03  0.0e+00  0.0e+00  2.0e-01  1.2e-03  2.0e-01
  49  T 1   2.914e+06  -1e-02  0.87  4.8e-02  1.4e-03  4.0e-02  7.7e-01  2.0e-01  1.0e-03  2.0e-01
  50  T 0   2.868e+06   3e-06  0.89  5.7e-02  1.4e-03  4.8e-02  8.6e-01  2.0e-01  1.6e-03  2.0e-01
  51  F 0   2.868e+06   3e-06  0.89  4.0e-02  1.4e-03  0.0e+00  0.0e+00  2.0e-01  1.4e-03  2.0e-01
  51  T 1   2.842e+06  -6e-03  0.89  4.8e-02  3.5e-04  4.0e-02  7.2e-01  2.0e-01  1.3e-03  2.0e-01
  52  T 0   2.797e+06   7e-06  0.90  5.8e-02  4.6e-04  4.8e-02  8.2e-01  2.0e-01  2.1e-03  2.0e-01
  53  F 0   2.797e+06   7e-06  0.90  4.0e-02  4.6e-04  0.0e+00  0.0e+00  2.0e-01  1.4e-03  2.0e-01
  53  T 1   2.770e+06  -1e-03  0.90  4.8e-02  6.7e-04  4.0e-02  7.0e-01  2.0e-01  1.2e-03  2.0e-01
  54  T 0   2.736e+06  -2e-06  0.90  5.8e-02  1.1e-03  4.8e-02  7.9e-01  2.0e-01  2.1e-03  2.0e-01
  55  F 0   2.736e+06  -2e-06  0.90  4.1e-02  1.1e-03  0.0e+00  0.0e+00  2.3e-01  1.4e-03  2.4e-01
  55  T 1   2.713e+06  -2e-03  0.91  4.9e-02  6.4e-04  4.1e-02  6.8e-01  2.0e-01  1.3e-03  2.0e-01
  56  T 0   2.677e+06   1e-06  0.91  5.9e-02  6.4e-04  4.9e-02  7.8e-01  2.0e-01  2.3e-03  2.0e-01
  57  F 0   2.677e+06   1e-06  0.91  4.1e-02  6.4e-04  0.0e+00  0.0e+00  2.0e-01  2.1e-03  2.0e-01
  57  T 1   2.658e+06   6e-06  0.91  4.9e-02  7.3e-04  4.1e-02  6.6e-01  2.0e-01  1.7e-03  2.0e-01
  58  T 0   2.635e+06  -3e-07  0.92  5.9e-02  2.7e-04  4.9e-02  7.4e-01  2.0e-01  2.3e-03  2.0e-01
  59  F 0   2.635e+06  -3e-07  0.92  4.1e-02  2.7e-04  0.0e+00  0.0e+00  2.0e-01  2.1e-03  2.0e-01
  59  T 1   2.617e+06  -5e-06  0.92  5.0e-02  4.1e-04  4.1e-02  6.5e-01  2.0e-01  1.9e-03  2.0e-01
  60  T 0   2.594e+06  -1e-06  0.92  6.0e-02  5.1e-04  5.0e-02  7.3e-01  2.0e-01  2.3e-03  2.0e-01
  61  F 0   2.594e+06  -1e-06  0.92  4.2e-02  5.1e-04  0.0e+00  0.0e+00  2.0e-01  2.1e-03  2.0e-01
  61  T 1   2.580e+06  -2e-06  0.92  5.0e-02  2.0e-04  4.2e-02  6.3e-01  2.0e-01  1.7e-03  2.0e-01
  62  T 0   2.567e+06   7e-07  0.93  6.0e-02  1.9e-04  5.0e-02  7.0e-01  2.0e-01  2.3e-03  2.0e-01
  63  F 0   2.567e+06   7e-07  0.93  4.2e-02  1.9e-04  0.0e+00  0.0e+00  2.0e-01  2.3e-03  2.1e-01
  63  T 1   2.555e+06  -8e-05  0.92  5.0e-02  2.3e-04  4.2e-02  6.2e-01  2.2e-01  2.3e-03  2.2e-01
  64  T 0   2.547e+06   1e-06  0.93  6.1e-02  2.4e-04  5.0e-02  6.8e-01  2.1e-01  2.4e-03  2.1e-01
  65  F 0   2.547e+06   1e-06  0.93  4.2e-02  2.4e-04  0.0e+00  0.0e+00  2.1e-01  2.1e-03  2.2e-01
  65  T 1   2.536e+06  -2e-04  0.93  5.1e-02  2.5e-04  4.2e-02  6.2e-01  2.1e-01  1.9e-03  2.1e-01
  66  T 0   2.533e+06   4e-06  0.93  6.1e-02  1.2e-04  5.1e-02  6.9e-01  2.0e-01  2.4e-03  2.0e-01
  67  F 0   2.533e+06   4e-06  0.93  4.3e-02  1.2e-04  0.0e+00  0.0e+00  2.0e-01  2.1e-03  2.0e-01
  67  T 1   2.519e+06  -1e-04  0.93  5.1e-02  1.3e-04  4.3e-02  6.2e-01  2.0e-01  1.9e-03  2.0e-01
  68  T 0   2.513e+06   1e-05  0.94  6.1e-02  1.2e-04  5.1e-02  6.8e-01  2.0e-01  2.3e-03  2.0e-01
  69  F 0   2.513e+06   1e-05  0.94  4.3e-02  1.2e-04  0.0e+00  0.0e+00  2.0e-01  2.8e-03  2.0e-01
  69  T 1   2.502e+06   4e-05  0.93  5.2e-02  1.6e-04  4.3e-02  6.1e-01  2.0e-01  2.6e-03  2.0e-01
  70  F 0   2.502e+06   4e-05  0.93  3.6e-02  1.6e-04  0.0e+00  0.0e+00  2.0e-01  2.3e-03  2.0e-01
  70  T 1   2.488e+06   5e-06  0.93  4.3e-02  1.6e-04  3.6e-02  5.1e-01  2.0e-01  1.9e-03  2.0e-01
  71  F 0   2.488e+06   5e-06  0.93  3.0e-02  1.6e-04  0.0e+00  0.0e+00  2.0e-01  2.3e-03  2.1e-01
  71  T 1   2.479e+06  -3e-05  0.94  3.6e-02  1.6e-04  3.0e-02  4.2e-01  2.1e-01  2.2e-03  2.1e-01
  72  T 0   2.457e+06  -3e-06  0.94  4.4e-02  2.1e-04  3.6e-02  4.9e-01  2.0e-01  1.9e-03  2.0e-01
  73  F 0   2.457e+06  -3e-06  0.94  3.1e-02  2.1e-04  0.0e+00  0.0e+00  2.0e-01  2.3e-03  2.0e-01
  73  T 1   2.452e+06   5e-06  0.94  3.7e-02  3.8e-05  3.1e-02  4.0e-01  2.0e-01  1.9e-03  2.0e-01
  74  T 0   2.434e+06   7e-06  0.94  4.4e-02  2.8e-05  3.7e-02  4.6e-01  2.0e-01  2.1e-03  2.0e-01
  75  F 0   2.434e+06   7e-06  0.94  3.1e-02  2.8e-05  0.0e+00  0.0e+00  2.6e-01  2.3e-03  2.6e-01
  75  T 1   2.430e+06   3e-05  0.94  3.7e-02  5.6e-05  3.1e-02  3.9e-01  2.1e-01  2.1e-03  2.1e-01
  76  T 0   2.417e+06  -1e-06  0.94  4.4e-02  1.1e-04  3.7e-02  4.6e-01  2.0e-01  2.2e-03  2.0e-01
  77  F 0   2.417e+06  -1e-06  0.94  3.1e-02  1.1e-04  0.0e+00  0.0e+00  2.1e-01  2.3e-03  2.2e-01
  77  T 1   2.416e+06   3e-05  0.94  3.7e-02  1.4e-04  3.1e-02  3.9e-01  2.0e-01  2.2e-03  2.1e-01
  78  T 0   2.408e+06  -2e-04  0.94  4.5e-02  1.3e-04  3.7e-02  4.5e-01  2.0e-01  1.9e-03  2.0e-01
  79  F 0   2.408e+06  -2e-04  0.94  3.1e-02  1.3e-04  0.0e+00  0.0e+00  2.2e-01  2.3e-03  2.2e-01
  79  T 1   2.406e+06   9e-07  0.94  3.8e-02  7.9e-05  3.1e-02  4.0e-01  2.2e-01  2.5e-03  2.3e-01
  80  T 0   2.397e+06   2e-06  0.95  4.5e-02  6.1e-05  3.8e-02  4.5e-01  2.2e-01  2.4e-03  2.2e-01
  81  F 0   2.397e+06   2e-06  0.95  3.2e-02  6.1e-05  0.0e+00  0.0e+00  2.2e-01  2.3e-03  2.2e-01
  81  T 1   2.396e+06   2e-05  0.94  3.8e-02  3.7e-05  3.2e-02  3.9e-01  2.0e-01  2.2e-03  2.1e-01
  82  T 0   2.390e+06  -8e-06  0.95  4.6e-02  3.4e-05  3.8e-02  4.4e-01  2.0e-01  2.5e-03  2.1e-01
  83  F 0   2.390e+06  -8e-06  0.95  3.2e-02  3.4e-05  0.0e+00  0.0e+00  2.0e-01  2.4e-03  2.0e-01
  83  T 1   2.388e+06   6e-05  0.94  3.8e-02  3.2e-05  3.2e-02  3.9e-01  2.0e-01  1.9e-03  2.1e-01
  84  T 0   2.384e+06   0e+00  0.95  4.6e-02  3.1e-05  3.8e-02  4.4e-01  2.1e-01  2.4e-03  2.1e-01
  85  F 0   2.384e+06   0e+00  0.95  3.2e-02  3.1e-05  0.0e+00  0.0e+00  2.6e-01  2.3e-03  2.6e-01
  85  T 1   2.381e+06  -1e-05  0.95  3.9e-02  2.9e-05  3.2e-02  3.9e-01  2.2e-01  1.9e-03  2.2e-01
  86  T 0   2.379e+06   9e-06  0.95  4.6e-02  4.1e-05  3.9e-02  4.4e-01  2.1e-01  2.1e-03  2.1e-01
  87  F 0   2.379e+06   9e-06  0.95  3.2e-02  4.1e-05  0.0e+00  0.0e+00  2.2e-01  2.2e-03  2.2e-01
  87  T 1   2.374e+06   3e-06  0.95  3.9e-02  4.0e-05  3.2e-02  4.0e-01  2.4e-01  1.9e-03  2.4e-01
  88  T 0   2.371e+06  -6e-06  0.95  4.7e-02  4.2e-05  3.9e-02  4.4e-01  2.1e-01  2.1e-03  2.1e-01
  89  F 0   2.371e+06  -6e-06  0.95  3.3e-02  4.2e-05  0.0e+00  0.0e+00  2.0e-01  2.1e-03  2.0e-01
  89  T 1   2.368e+06  -1e-06  0.95  3.9e-02  2.2e-05  3.3e-02  4.0e-01  2.0e-01  2.1e-03  2.0e-01
  90  F 0   2.368e+06  -1e-06  0.95  2.7e-02  2.2e-05  0.0e+00  0.0e+00  2.0e-01  2.3e-03  2.0e-01
  90  T 1   2.363e+06   1e-05  0.95  3.3e-02  3.7e-05  2.7e-02  3.3e-01  2.0e-01  2.1e-03  2.0e-01
  91  T 0   2.363e+06  -8e-06  0.95  3.9e-02  2.4e-05  3.3e-02  3.8e-01  2.0e-01  2.3e-03  2.0e-01
  92  F 0   2.363e+06  -8e-06  0.95  2.8e-02  2.4e-05  0.0e+00  0.0e+00  2.0e-01  2.5e-03  2.0e-01
  92  T 1   2.356e+06  -6e-06  0.95  3.3e-02  2.4e-05  2.8e-02  3.2e-01  2.1e-01  2.1e-03  2.1e-01
  93  T 0   2.354e+06   4e-06  0.95  4.0e-02  2.5e-05  3.3e-02  3.7e-01  2.0e-01  2.3e-03  2.1e-01
  94  T 0   2.353e+06  -2e-06  0.95  4.8e-02  3.0e-05  4.0e-02  4.3e-01  2.0e-01  2.1e-03  2.0e-01
  95  F 0   2.353e+06  -2e-06  0.95  3.3e-02  3.0e-05  0.0e+00  0.0e+00  2.0e-01  2.0e-03  2.1e-01
  95  F 1   2.353e+06  -2e-06  0.95  2.3e-02  3.0e-05  0.0e+00  0.0e+00  2.0e-01  1.9e-03  2.0e-01
  95  T 2   2.347e+06  -8e-06  0.95  2.8e-02  2.7e-05  2.3e-02  2.9e-01  2.1e-01  1.2e-03  2.1e-01
  96  T 0   2.339e+06   2e-05  0.96  3.4e-02  4.5e-05  2.8e-02  3.3e-01  2.0e-01  1.9e-03  2.0e-01
  97  F 0   2.339e+06   2e-05  0.96  2.4e-02  4.5e-05  0.0e+00  0.0e+00  2.0e-01  2.1e-03  2.0e-01
  97  T 1   2.336e+06   6e-05  0.96  2.8e-02  6.7e-05  2.4e-02  2.6e-01  2.5e-01  1.9e-03  2.6e-01
  98  T 0   2.330e+06  -2e-05  0.96  3.4e-02  8.3e-05  2.8e-02  3.1e-01  2.7e-01  2.3e-03  2.8e-01
  99  T 0   2.328e+06   4e-06  0.96  4.1e-02  9.9e-05  3.4e-02  3.4e-01  2.6e-01  2.3e-03  2.6e-01
 100  T 0   2.327e+06   1e-05  0.96  4.9e-02  9.5e-05  4.1e-02  4.1e-01  2.4e-01  1.9e-03  2.4e-01
 101  F 0   2.327e+06   1e-05  0.96  3.4e-02  9.5e-05  0.0e+00  0.0e+00  2.4e-01  1.7e-03  2.4e-01
 101  F 1   2.327e+06   1e-05  0.96  2.4e-02  9.5e-05  0.0e+00  0.0e+00  2.0e-01  1.2e-03  2.0e-01
 101  T 2   2.322e+06  -3e-05  0.95  2.9e-02  1.4e-04  2.4e-02  2.8e-01  2.3e-01  1.3e-03  2.3e-01
 102  T 0   2.316e+06   5e-06  0.96  3.4e-02  1.9e-04  2.9e-02  3.1e-01  2.0e-01  2.1e-03  2.0e-01
 103  F 0   2.316e+06   5e-06  0.96  2.4e-02  1.9e-04  0.0e+00  0.0e+00  2.0e-01  1.9e-03  2.0e-01
 103  T 1   2.313e+06   7e-06  0.96  2.9e-02  2.6e-04  2.4e-02  2.6e-01  2.0e-01  1.5e-03  2.0e-01
 104  T 0   2.309e+06  -1e-05  0.96  3.5e-02  1.4e-04  2.9e-02  3.0e-01  2.0e-01  1.9e-03  2.0e-01
 105  F 0   2.309e+06  -1e-05  0.96  2.4e-02  1.4e-04  0.0e+00  0.0e+00  2.4e-01  1.9e-03  2.4e-01
 105  T 1   2.307e+06   3e-05  0.96  2.9e-02  1.4e-04  2.4e-02  2.5e-01  2.0e-01  1.7e-03  2.0e-01
 106  T 0   2.305e+06  -4e-05  0.96  3.5e-02  4.8e-05  2.9e-02  3.0e-01  2.0e-01  2.0e-03  2.0e-01
 107  F 0   2.305e+06  -4e-05  0.96  2.5e-02  4.8e-05  0.0e+00  0.0e+00  2.1e-01  1.6e-03  2.1e-01
 107  T 1   2.304e+06   2e-05  0.96  2.9e-02  3.2e-05  2.5e-02  2.6e-01  2.0e-01  1.3e-03  2.1e-01
 108  T 0   2.302e+06  -3e-05  0.97  3.5e-02  3.7e-05  2.9e-02  3.0e-01  2.0e-01  1.9e-03  2.1e-01
 109  F 0   2.302e+06  -3e-05  0.97  2.5e-02  3.7e-05  0.0e+00  0.0e+00  2.0e-01  1.8e-03  2.0e-01
 109  T 1   2.301e+06  -8e-05  0.96  3.0e-02  1.6e-05  2.5e-02  2.6e-01  2.0e-01  1.3e-03  2.0e-01
 110  T 0   2.300e+06   3e-05  0.97  3.6e-02  2.2e-05  3.0e-02  3.0e-01  2.9e-01  1.9e-03  2.9e-01
 111  F 0   2.300e+06   3e-05  0.97  2.5e-02  2.2e-05  0.0e+00  0.0e+00  2.7e-01  2.2e-03  2.7e-01
 111  T 1   2.298e+06  -3e-05  0.96  3.0e-02  1.6e-05  2.5e-02  2.7e-01  2.0e-01  1.7e-03  2.0e-01
 112  T 0   2.298e+06   2e-05  0.97  3.6e-02  2.3e-05  3.0e-02  3.0e-01  2.0e-01  1.9e-03  2.0e-01
 113  F 0   2.298e+06   2e-05  0.97  2.5e-02  2.3e-05  0.0e+00  0.0e+00  2.0e-01  1.9e-03  2.0e-01
 113  T 1   2.296e+06  -8e-08  0.96  3.0e-02  1.6e-05  2.5e-02  2.7e-01  2.0e-01  1.7e-03  2.0e-01
 114  F 0   2.296e+06  -8e-08  0.96  2.1e-02  1.6e-05  0.0e+00  0.0e+00  2.0e-01  1.9e-03  2.0e-01
 114  T 1   2.294e+06  -4e-06  0.96  2.5e-02  1.9e-05  2.1e-02  2.2e-01  2.1e-01  1.8e-03  2.1e-01
 115  T 0   2.293e+06   1e-05  0.96  3.0e-02  1.4e-05  2.5e-02  2.4e-01  2.0e-01  2.1e-03  2.0e-01
 116  F 0   2.293e+06   1e-05  0.96  2.1e-02  1.4e-05  0.0e+00  0.0e+00  2.0e-01  1.6e-03  2.0e-01
 116  T 1   2.291e+06  -8e-06  0.97  2.6e-02  1.7e-05  2.1e-02  2.2e-01  2.0e-01  1.0e-03  2.0e-01
 117  T 0   2.289e+06  -3e-07  0.97  3.1e-02  1.3e-05  2.6e-02  2.4e-01  2.2e-01  1.9e-03  2.2e-01
 118  F 0   2.289e+06  -3e-07  0.97  2.1e-02  1.3e-05  0.0e+00  0.0e+00  2.1e-01  2.0e-03  2.1e-01
 118  T 1   2.287e+06   6e-07  0.97  2.6e-02  1.7e-05  2.1e-02  2.1e-01  2.1e-01  1.5e-03  2.1e-01
 119  T 0   2.285e+06  -1e-06  0.97  3.1e-02  1.2e-05  2.6e-02  2.3e-01  2.1e-01  2.0e-03  2.1e-01
 120  F 0   2.285e+06  -1e-06  0.97  2.2e-02  1.2e-05  0.0e+00  0.0e+00  2.1e-01  2.2e-03  2.2e-01
 120  T 1   2.284e+06  -1e-05  0.97  2.6e-02  1.7e-05  2.2e-02  2.1e-01  2.0e-01  1.5e-03  2.0e-01
 121  T 0   2.283e+06  -1e-06  0.97  3.1e-02  1.3e-05  2.6e-02  2.3e-01  2.0e-01  1.9e-03  2.0e-01
 122  F 0   2.283e+06  -1e-06  0.97  2.2e-02  1.3e-05  0.0e+00  0.0e+00  2.0e-01  1.9e-03  2.0e-01
 122  T 1   2.282e+06   1e-05  0.97  2.6e-02  1.8e-05  2.2e-02  2.2e-01  2.0e-01  1.7e-03  2.0e-01
 123  F 0   2.282e+06   1e-05  0.97  1.8e-02  1.8e-05  0.0e+00  0.0e+00  2.3e-01  2.1e-03  2.4e-01
 123  T 1   2.280e+06   1e-05  0.97  2.2e-02  1.1e-05  1.8e-02  1.7e-01  2.0e-01  1.9e-03  2.0e-01
 124  T 0   2.278e+06  -4e-06  0.97  2.6e-02  1.7e-05  2.2e-02  2.0e-01  2.4e-01  1.9e-03  2.4e-01
 125  T 0   2.277e+06  -8e-06  0.97  3.2e-02  1.2e-05  2.6e-02  2.3e-01  2.0e-01  2.0e-03  2.0e-01
 126  F 0   2.277e+06  -8e-06  0.97  2.2e-02  1.2e-05  0.0e+00  0.0e+00  2.1e-01  2.1e-03  2.1e-01
 126  T 1   2.276e+06   3e-05  0.97  2.7e-02  2.5e-05  2.2e-02  2.2e-01  2.0e-01  1.7e-03  2.0e-01
 127  F 0   2.276e+06   3e-05  0.97  1.9e-02  2.5e-05  0.0e+00  0.0e+00  2.0e-01  1.9e-03  2.0e-01
 127  T 1   2.275e+06  -7e-08  0.97  2.2e-02  3.0e-05  1.9e-02  1.8e-01  2.0e-01  1.4e-03  2.0e-01
 128  T 0   2.274e+06  -2e-04  0.97  2.7e-02  4.5e-05  2.2e-02  2.1e-01  2.0e-01  2.1e-03  2.0e-01
 129  F 0   2.274e+06  -2e-04  0.97  1.9e-02  4.5e-05  0.0e+00  0.0e+00  2.1e-01  1.8e-03  2.1e-01
 129  T 1   2.273e+06   4e-06  0.97  2.2e-02  3.0e-05  1.9e-02  1.8e-01  2.3e-01  1.7e-03  2.3e-01
 130  T 0   2.272e+06  -8e-05  0.97  2.7e-02  3.4e-05  2.2e-02  2.0e-01  2.1e-01  2.1e-03  2.1e-01
 131  F 0   2.272e+06  -8e-05  0.97  1.9e-02  3.4e-05  0.0e+00  0.0e+00  2.1e-01  1.9e-03  2.1e-01
 131  T 1   2.271e+06   4e-06  0.97  2.3e-02  2.2e-05  1.9e-02  1.7e-01  2.0e-01  1.5e-03  2.0e-01
 132  T 0   2.269e+06   2e-05  0.97  2.7e-02  1.2e-05  2.3e-02  1.9e-01  2.1e-01  2.1e-03  2.1e-01
 133  T 0   2.269e+06  -2e-05  0.97  3.3e-02  1.1e-05  2.7e-02  2.3e-01  2.0e-01  1.9e-03  2.0e-01
 134  F 0   2.269e+06  -2e-05  0.97  2.3e-02  1.1e-05  0.0e+00  0.0e+00  2.0e-01  2.1e-03  2.0e-01
 134  T 1   2.268e+06  -6e-05  0.97  2.7e-02  1.3e-05  2.3e-02  2.1e-01  2.2e-01  1.9e-03  2.2e-01
 135  F 0   2.268e+06  -6e-05  0.97  1.9e-02  1.3e-05  0.0e+00  0.0e+00  2.0e-01  2.2e-03  2.1e-01
 135  T 1   2.267e+06  -1e-06  0.97  2.3e-02  9.7e-06  1.9e-02  1.8e-01  2.0e-01  1.7e-03  2.0e-01
 136  T 0   2.266e+06   4e-06  0.97  2.8e-02  1.4e-05  2.3e-02  2.0e-01  2.0e-01  2.4e-03  2.0e-01
 137  F 0   2.266e+06   4e-06  0.97  1.9e-02  1.4e-05  0.0e+00  0.0e+00  2.0e-01  1.9e-03  2.0e-01
 137  T 1   2.266e+06   2e-05  0.97  2.3e-02  1.1e-05  1.9e-02  1.8e-01  2.0e-01  1.7e-03  2.0e-01
 138  T 0   2.265e+06   5e-06  0.97  2.8e-02  1.3e-05  2.3e-02  2.1e-01  2.2e-01  2.4e-03  2.2e-01
 139  F 0   2.265e+06   5e-06  0.97  2.0e-02  1.3e-05  0.0e+00  0.0e+00  2.5e-01  1.9e-03  2.5e-01
 139  T 1   2.265e+06  -1e-06  0.97  2.3e-02  9.8e-06  2.0e-02  1.9e-01  2.0e-01  1.5e-03  2.1e-01
 140  T 0   2.264e+06  -1e-04  0.97  2.8e-02  1.2e-05  2.3e-02  2.0e-01  2.0e-01  2.1e-03  2.0e-01
 141  F 0   2.264e+06  -1e-04  0.97  2.0e-02  1.2e-05  0.0e+00  0.0e+00  2.0e-01  1.9e-03  2.0e-01
 141  T 1   2.263e+06   8e-06  0.97  2.4e-02  9.8e-06  2.0e-02  1.8e-01  2.1e-01  1.7e-03  2.1e-01
 142  T 0   2.263e+06  -1e-05  0.97  2.8e-02  1.2e-05  2.4e-02  2.1e-01  2.1e-01  2.6e-03  2.1e-01
 143  F 0   2.263e+06  -1e-05  0.97  2.0e-02  1.2e-05  0.0e+00  0.0e+00  2.1e-01  1.9e-03  2.1e-01
 143  T 1   2.262e+06  -1e-06  0.97  2.4e-02  9.2e-06  2.0e-02  1.9e-01  2.1e-01  1.5e-03  2.1e-01
 144  T 0   2.261e+06   2e-16  0.97  2.9e-02  1.2e-05  2.4e-02  2.0e-01  2.0e-01  2.3e-03  2.1e-01
 145  F 0   2.261e+06   2e-16  0.97  2.0e-02  1.2e-05  0.0e+00  0.0e+00  2.5e-01  1.9e-03  2.5e-01
 145  T 1   2.261e+06  -5e-06  0.97  2.4e-02  9.5e-06  2.0e-02  1.9e-01  2.8e-01  1.6e-03  2.8e-01
 146  F 0   2.261e+06  -5e-06  0.97  1.7e-02  9.5e-06  0.0e+00  0.0e+00  2.6e-01  2.2e-03  2.6e-01
 146  T 1   2.260e+06   2e-05  0.97  2.0e-02  9.5e-06  1.7e-02  1.6e-01  2.0e-01  2.0e-03  2.0e-01
 147  T 0   2.259e+06   2e-06  0.97  2.4e-02  8.4e-06  2.0e-02  1.8e-01  2.6e-01  2.0e-03  2.6e-01
 148  F 0   2.259e+06   2e-06  0.97  1.7e-02  8.4e-06  0.0e+00  0.0e+00  3.3e-01  2.1e-03  3.4e-01
 148  T 1   2.258e+06  -1e-04  0.97  2.0e-02  8.7e-06  1.7e-02  1.5e-01  2.0e-01  1.9e-03  2.0e-01
 149  T 0   2.258e+06  -4e-05  0.97  2.4e-02  7.5e-06  2.0e-02  1.8e-01  2.0e-01  1.9e-03  2.0e-01
 150  T 0   2.257e+06  -1e-04  0.97  2.9e-02  1.1e-05  2.4e-02  2.0e-01  2.1e-01  2.1e-03  2.1e-01
 151  F 0   2.257e+06  -1e-04  0.97  2.0e-02  1.1e-05  0.0e+00  0.0e+00  2.0e-01  1.9e-03  2.0e-01
 151  F 1   2.257e+06  -1e-04  0.97  1.4e-02  1.1e-05  0.0e+00  0.0e+00  2.0e-01  1.7e-03  2.0e-01
 151  T 2   2.256e+06  -2e-06  0.97  1.7e-02  6.7e-06  1.4e-02  1.3e-01  2.0e-01  1.7e-03  2.0e-01
 152  T 0   2.255e+06   4e-07  0.97  2.1e-02  7.9e-06  1.7e-02  1.5e-01  2.0e-01  2.3e-03  2.0e-01
 153  T 0   2.253e+06  -2e-05  0.97  2.5e-02  5.2e-06  2.1e-02  1.8e-01  3.0e-01  1.9e-03  3.1e-01
 154  T 0   2.252e+06   9e-06  0.97  3.0e-02  1.0e-05  2.5e-02  1.9e-01  2.5e-01  2.1e-03  2.5e-01
 155  F 0   2.252e+06   9e-06  0.97  2.1e-02  1.0e-05  0.0e+00  0.0e+00  2.1e-01  1.9e-03  2.1e-01
 155  F 1   2.252e+06   9e-06  0.97  1.5e-02  1.0e-05  0.0e+00  0.0e+00  2.1e-01  1.9e-03  2.1e-01
 155  T 2   2.252e+06  -2e-05  0.97  1.7e-02  7.0e-06  1.5e-02  1.3e-01  2.1e-01  1.7e-03  2.1e-01
 156  T 0   2.250e+06   3e-06  0.97  2.1e-02  8.3e-06  1.7e-02  1.5e-01  2.2e-01  2.4e-03  2.2e-01
 157  T 0   2.249e+06  -4e-05  0.97  2.5e-02  5.7e-06  2.1e-02  1.8e-01  3.3e-01  1.9e-03  3.3e-01
 158  T 0   2.248e+06   5e-06  0.97  3.0e-02  9.0e-06  2.5e-02  2.0e-01  2.1e-01  1.9e-03  2.1e-01
 159  F 0   2.248e+06   5e-06  0.97  2.1e-02  9.0e-06  0.0e+00  0.0e+00  2.1e-01  2.1e-03  2.1e-01
 159  T 1   2.248e+06   1e-06  0.97  2.5e-02  7.8e-06  2.1e-02  1.8e-01  2.1e-01  1.7e-03  2.1e-01
 160  T 0   2.247e+06  -6e-05  0.97  3.0e-02  1.1e-05  2.5e-02  2.1e-01  2.0e-01  2.2e-03  2.1e-01
 161  F 0   2.247e+06  -6e-05  0.97  2.1e-02  1.1e-05  0.0e+00  0.0e+00  2.0e-01  1.6e-03  2.0e-01
 161  F 1   2.247e+06  -6e-05  0.97  1.5e-02  1.1e-05  0.0e+00  0.0e+00  2.0e-01  1.5e-03  2.0e-01
 161  T 2   2.246e+06   9e-06  0.97  1.8e-02  6.9e-06  1.5e-02  1.4e-01  2.1e-01  1.9e-03  2.1e-01
 162  T 0   2.245e+06   2e-05  0.97  2.1e-02  8.6e-06  1.8e-02  1.5e-01  2.4e-01  2.1e-03  2.4e-01
 163  T 0   2.245e+06   3e-07  0.97  2.6e-02  7.3e-06  2.1e-02  1.8e-01  2.3e-01  2.1e-03  2.3e-01
 164  T 0   2.244e+06  -1e-05  0.97  3.1e-02  1.1e-05  2.6e-02  2.1e-01  2.0e-01  2.2e-03  2.0e-01
 165  F 0   2.244e+06  -1e-05  0.97  2.2e-02  1.1e-05  0.0e+00  0.0e+00  2.0e-01  2.0e-03  2.0e-01
 165  F 1   2.244e+06  -1e-05  0.97  1.5e-02  1.1e-05  0.0e+00  0.0e+00  2.1e-01  1.7e-03  2.1e-01
 165  T 2   2.243e+06  -2e-05  0.97  1.8e-02  7.0e-06  1.5e-02  1.4e-01  2.0e-01  1.7e-03  2.0e-01
 166  T 0   2.242e+06   2e-06  0.97  2.2e-02  8.8e-06  1.8e-02  1.5e-01  2.0e-01  2.2e-03  2.0e-01
 167  T 0   2.242e+06  -1e-05  0.97  2.6e-02  7.4e-06  2.2e-02  1.8e-01  2.1e-01  2.0e-03  2.1e-01
 168  F 0   2.242e+06  -1e-05  0.97  1.8e-02  7.4e-06  0.0e+00  0.0e+00  2.1e-01  2.1e-03  2.1e-01
 168  T 1   2.241e+06  -9e-05  0.97  2.2e-02  9.0e-06  1.8e-02  1.6e-01  2.0e-01  2.0e-03  2.0e-01
 169  T 0   2.241e+06   4e-06  0.97  2.6e-02  8.2e-06  2.2e-02  1.8e-01  2.0e-01  1.9e-03  2.0e-01
 170  F 0   2.241e+06   4e-06  0.97  1.8e-02  8.2e-06  0.0e+00  0.0e+00  2.0e-01  2.1e-03  2.1e-01
 170  T 1   2.240e+06  -4e-05  0.97  2.2e-02  9.6e-06  1.8e-02  1.7e-01  2.0e-01  1.9e-03  2.1e-01
 171  F 0   2.240e+06  -4e-05  0.97  1.6e-02  9.6e-06  0.0e+00  0.0e+00  2.4e-01  1.8e-03  2.4e-01
 171  T 1   2.240e+06   2e-05  0.97  1.9e-02  7.1e-06  1.6e-02  1.3e-01  2.7e-01  1.7e-03  2.8e-01
 172  T 0   2.239e+06  -2e-06  0.97  2.2e-02  9.0e-06  1.9e-02  1.6e-01  2.0e-01  2.1e-03  2.0e-01
 173  T 0   2.238e+06   5e-06  0.97  2.7e-02  7.8e-06  2.2e-02  1.8e-01  2.0e-01  2.1e-03  2.0e-01
 174  F 0   2.238e+06   5e-06  0.97  1.9e-02  7.8e-06  0.0e+00  0.0e+00  2.0e-01  2.1e-03  2.1e-01
 174  T 1   2.238e+06  -7e-05  0.97  2.3e-02  9.4e-06  1.9e-02  1.6e-01  2.1e-01  2.0e-03  2.1e-01
 175  F 0   2.238e+06  -7e-05  0.97  1.6e-02  9.4e-06  0.0e+00  0.0e+00  2.1e-01  1.9e-03  2.1e-01
 175  T 1   2.238e+06  -1e-05  0.97  1.9e-02  7.3e-06  1.6e-02  1.4e-01  2.0e-01  1.5e-03  2.0e-01
 176  T 0   2.237e+06   3e-06  0.97  2.3e-02  9.1e-06  1.9e-02  1.6e-01  2.3e-01  2.3e-03  2.4e-01
 177  F 0   2.237e+06   3e-06  0.97  1.6e-02  9.1e-06  0.0e+00  0.0e+00  2.6e-01  2.0e-03  2.7e-01
 177  T 1   2.236e+06   2e-05  0.97  1.9e-02  6.0e-06  1.6e-02  1.3e-01  2.5e-01  1.9e-03  2.5e-01
 178  T 0   2.235e+06   1e-05  0.97  2.3e-02  7.5e-06  1.9e-02  1.5e-01  2.0e-01  2.1e-03  2.0e-01
 179  T 0   2.235e+06   1e-05  0.98  2.7e-02  7.7e-06  2.3e-02  1.8e-01  2.0e-01  1.9e-03  2.0e-01
 180  F 0   2.235e+06   1e-05  0.98  1.9e-02  7.7e-06  0.0e+00  0.0e+00  2.0e-01  1.9e-03  2.0e-01
 180  T 1   2.234e+06   5e-06  0.97  2.3e-02  8.3e-06  1.9e-02  1.6e-01  2.0e-01  1.7e-03  2.0e-01
 181  F 0   2.234e+06   5e-06  0.97  1.6e-02  8.3e-06  0.0e+00  0.0e+00  2.0e-01  1.9e-03  2.0e-01
 181  T 1   2.234e+06   9e-06  0.97  1.9e-02  6.2e-06  1.6e-02  1.3e-01  2.0e-01  1.7e-03  2.0e-01
 182  T 0   2.233e+06   4e-06  0.98  2.3e-02  7.5e-06  1.9e-02  1.5e-01  2.0e-01  2.1e-03  2.0e-01
 183  F 0   2.233e+06   4e-06  0.98  1.6e-02  7.5e-06  0.0e+00  0.0e+00  2.0e-01  2.0e-03  2.0e-01
 183  T 1   2.232e+06   7e-06  0.98  2.0e-02  5.5e-06  1.6e-02  1.3e-01  2.0e-01  1.5e-03  2.0e-01
 184  T 0   2.231e+06  -4e-06  0.98  2.3e-02  6.2e-06  2.0e-02  1.4e-01  2.0e-01  2.1e-03  2.0e-01
 185  T 0   2.231e+06   2e-06  0.98  2.8e-02  5.9e-06  2.3e-02  1.7e-01  2.0e-01  1.7e-03  2.0e-01
 186  T 0   2.231e+06   3e-05  0.98  3.4e-02  9.2e-06  2.8e-02  2.0e-01  2.0e-01  1.7e-03  2.0e-01
 187  F 0   2.231e+06   3e-05  0.98  2.4e-02  9.2e-06  0.0e+00  0.0e+00  2.0e-01  2.1e-03  2.0e-01
 187  F 1   2.231e+06   3e-05  0.98  1.7e-02  9.2e-06  0.0e+00  0.0e+00  2.4e-01  1.7e-03  2.4e-01
 187  T 2   2.230e+06   7e-05  0.98  2.0e-02  6.5e-06  1.7e-02  1.4e-01  2.0e-01  1.7e-03  2.0e-01
 188  T 0   2.229e+06   9e-06  0.98  2.4e-02  7.6e-06  2.0e-02  1.5e-01  2.0e-01  2.2e-03  2.1e-01
 189  F 0   2.229e+06   9e-06  0.98  1.7e-02  7.6e-06  0.0e+00  0.0e+00  2.0e-01  1.9e-03  2.0e-01
 189  T 1   2.229e+06  -5e-06  0.98  2.0e-02  6.2e-06  1.7e-02  1.4e-01  2.0e-01  1.4e-03  2.0e-01
 190  T 0   2.229e+06  -2e-04  0.98  2.4e-02  7.6e-06  2.0e-02  1.4e-01  2.0e-01  2.2e-03  2.0e-01
 191  F 0   2.229e+06  -2e-04  0.98  1.7e-02  7.6e-06  0.0e+00  0.0e+00  2.0e-01  1.7e-03  2.0e-01
 191  T 1   2.228e+06  -2e-06  0.98  2.0e-02  5.9e-06  1.7e-02  1.3e-01  2.5e-01  1.7e-03  2.5e-01
 192  T 0   2.228e+06  -8e-05  0.98  2.4e-02  7.6e-06  2.0e-02  1.4e-01  2.1e-01  2.1e-03  2.1e-01
 193  F 0   2.228e+06  -8e-05  0.98  1.7e-02  7.6e-06  0.0e+00  0.0e+00  2.1e-01  1.9e-03  2.1e-01
 193  T 1   2.227e+06  -4e-06  0.98  2.0e-02  6.0e-06  1.7e-02  1.4e-01  2.0e-01  1.7e-03  2.0e-01
 194  T 0   2.227e+06  -6e-05  0.98  2.4e-02  7.5e-06  2.0e-02  1.4e-01  2.0e-01  2.1e-03  2.0e-01
 195  F 0   2.227e+06  -6e-05  0.98  1.7e-02  7.5e-06  0.0e+00  0.0e+00  2.0e-01  1.9e-03  2.1e-01
 195  T 1   2.226e+06  -3e-06  0.98  2.0e-02  5.2e-06  1.7e-02  1.3e-01  2.0e-01  1.7e-03  2.0e-01
 196  T 0   2.226e+06  -1e-04  0.98  2.5e-02  7.2e-06  2.0e-02  1.4e-01  2.0e-01  2.1e-03  2.0e-01
 197  F 0   2.226e+06  -1e-04  0.98  1.7e-02  7.2e-06  0.0e+00  0.0e+00  2.0e-01  1.9e-03  2.0e-01
 197  T 1   2.225e+06   2e-06  0.98  2.1e-02  4.8e-06  1.7e-02  1.3e-01  2.3e-01  1.7e-03  2.3e-01
 198  T 0   2.225e+06  -3e-06  0.98  2.5e-02  7.0e-06  2.1e-02  1.4e-01  2.2e-01  2.1e-03  2.2e-01
 199  T 0   2.225e+06  -3e-06  0.98  3.0e-02  6.6e-06  2.5e-02  1.8e-01  2.3e-01  1.8e-03  2.4e-01
 200  T 0   2.224e+06   2e-05  0.98  3.6e-02  9.7e-06  3.0e-02  2.1e-01  2.5e-01  1.9e-03  2.6e-01
 201  F 0   2.224e+06   2e-05  0.98  2.5e-02  9.7e-06  0.0e+00  0.0e+00  2.1e-01  2.0e-03  2.1e-01
 201  F 1   2.224e+06   2e-05  0.98  1.7e-02  9.7e-06  0.0e+00  0.0e+00  2.0e-01  1.7e-03  2.0e-01
 201  T 2   2.224e+06   5e-06  0.98  2.1e-02  5.9e-06  1.7e-02  1.4e-01  2.0e-01  1.5e-03  2.0e-01
 202  T 0   2.223e+06   4e-06  0.98  2.5e-02  8.7e-06  2.1e-02  1.6e-01  2.0e-01  2.2e-03  2.0e-01
 203  F 0   2.223e+06   4e-06  0.98  1.8e-02  8.7e-06  0.0e+00  0.0e+00  2.0e-01  1.9e-03  2.0e-01
 203  T 1   2.223e+06   2e-05  0.98  2.1e-02  5.8e-06  1.8e-02  1.4e-01  2.0e-01  1.7e-03  2.0e-01
 204  T 0   2.222e+06   9e-07  0.98  2.5e-02  8.5e-06  2.1e-02  1.5e-01  2.0e-01  2.1e-03  2.1e-01
 205  F 0   2.222e+06   9e-07  0.98  1.8e-02  8.5e-06  0.0e+00  0.0e+00  2.0e-01  1.9e-03  2.0e-01
 205  T 1   2.222e+06   1e-06  0.98  2.1e-02  5.8e-06  1.8e-02  1.4e-01  2.1e-01  1.5e-03  2.1e-01
 206  T 0   2.221e+06  -2e-06  0.98  2.6e-02  8.7e-06  2.1e-02  1.5e-01  2.1e-01  2.2e-03  2.2e-01
 207  F 0   2.221e+06  -2e-06  0.98  1.8e-02  8.7e-06  0.0e+00  0.0e+00  2.1e-01  1.9e-03  2.1e-01
 207  T 1   2.221e+06  -9e-06  0.98  2.1e-02  6.4e-06  1.8e-02  1.4e-01  2.6e-01  1.7e-03  2.6e-01
 208  T 0   2.220e+06  -1e-05  0.98  2.6e-02  6.6e-06  2.1e-02  1.5e-01  2.8e-01  2.1e-03  2.8e-01
 209  F 0   2.220e+06  -1e-05  0.98  1.8e-02  6.6e-06  0.0e+00  0.0e+00  2.3e-01  1.9e-03  2.4e-01
 209  T 1   2.220e+06   5e-06  0.98  2.2e-02  6.9e-06  1.8e-02  1.4e-01  2.8e-01  1.7e-03  2.8e-01
 210  T 0   2.219e+06  -4e-05  0.98  2.6e-02  7.3e-06  2.2e-02  1.5e-01  2.0e-01  2.2e-03  2.0e-01
 211  F 0   2.219e+06  -4e-05  0.98  1.8e-02  7.3e-06  0.0e+00  0.0e+00  2.1e-01  1.9e-03  2.1e-01
 211  T 1   2.219e+06   4e-06  0.98  2.2e-02  7.5e-06  1.8e-02  1.4e-01  2.0e-01  1.5e-03  2.0e-01
 212  T 0   2.218e+06   5e-06  0.98  2.6e-02  8.0e-06  2.2e-02  1.5e-01  2.0e-01  2.1e-03  2.0e-01
 213  F 0   2.218e+06   5e-06  0.98  1.8e-02  8.0e-06  0.0e+00  0.0e+00  2.1e-01  1.7e-03  2.1e-01
 213  T 1   2.218e+06  -6e-07  0.98  2.2e-02  7.8e-06  1.8e-02  1.4e-01  2.1e-01  1.5e-03  2.1e-01
 214  T 0   2.218e+06   6e-08  0.98  2.6e-02  8.3e-06  2.2e-02  1.6e-01  2.0e-01  2.2e-03  2.1e-01
 215  F 0   2.218e+06   6e-08  0.98  1.8e-02  8.3e-06  0.0e+00  0.0e+00  2.0e-01  2.1e-03  2.1e-01
 215  T 1   2.217e+06  -5e-05  0.98  2.2e-02  8.1e-06  1.8e-02  1.4e-01  2.0e-01  1.7e-03  2.0e-01
 216  T 0   2.217e+06  -3e-06  0.98  2.7e-02  8.6e-06  2.2e-02  1.5e-01  2.2e-01  2.1e-03  2.2e-01
 217  F 0   2.217e+06  -3e-06  0.98  1.9e-02  8.6e-06  0.0e+00  0.0e+00  2.1e-01  2.0e-03  2.1e-01
 217  T 1   2.217e+06  -7e-05  0.98  2.2e-02  5.0e-06  1.9e-02  1.3e-01  2.1e-01  1.7e-03  2.1e-01
 218  T 0   2.217e+06  -1e-04  0.98  2.7e-02  6.8e-06  2.2e-02  1.6e-01  2.0e-01  1.9e-03  2.0e-01
 219  F 0   2.217e+06  -1e-04  0.98  1.9e-02  6.8e-06  0.0e+00  0.0e+00  2.0e-01  2.1e-03  2.0e-01
 219  T 1   2.216e+06  -5e-05  0.98  2.3e-02  5.8e-06  1.9e-02  1.4e-01  2.2e-01  1.8e-03  2.2e-01
 220  T 0   2.216e+06   2e-05  0.98  2.7e-02  6.9e-06  2.3e-02  1.6e-01  2.2e-01  2.1e-03  2.2e-01
 221  F 0   2.216e+06   2e-05  0.98  1.9e-02  6.9e-06  0.0e+00  0.0e+00  2.2e-01  2.1e-03  2.2e-01
 221  T 1   2.216e+06  -3e-06  0.98  2.3e-02  5.9e-06  1.9e-02  1.4e-01  2.2e-01  1.8e-03  2.2e-01
 222  T 0   2.215e+06   9e-06  0.98  2.7e-02  7.1e-06  2.3e-02  1.6e-01  2.4e-01  2.1e-03  2.4e-01
 223  F 0   2.215e+06   9e-06  0.98  1.9e-02  7.1e-06  0.0e+00  0.0e+00  2.2e-01  2.1e-03  2.2e-01
 223  T 1   2.215e+06  -2e-05  0.98  2.3e-02  6.2e-06  1.9e-02  1.5e-01  2.3e-01  1.8e-03  2.3e-01
 224  F 0   2.215e+06  -2e-05  0.98  1.6e-02  6.2e-06  0.0e+00  0.0e+00  2.2e-01  2.1e-03  2.3e-01
 224  T 1   2.215e+06  -4e-05  0.98  1.9e-02  6.0e-06  1.6e-02  1.2e-01  2.2e-01  1.9e-03  2.2e-01
 225  T 0   2.215e+06  -6e-06  0.98  2.3e-02  5.2e-06  1.9e-02  1.4e-01  2.2e-01  1.8e-03  2.2e-01
 226  F 0   2.215e+06  -6e-06  0.98  1.6e-02  5.2e-06  0.0e+00  0.0e+00  2.4e-01  2.2e-03  2.4e-01
 226  T 1   2.214e+06  -2e-05  0.98  1.9e-02  5.3e-06  1.6e-02  1.2e-01  2.6e-01  1.9e-03  2.6e-01
 227  T 0   2.214e+06   2e-05  0.98  2.3e-02  4.1e-06  1.9e-02  1.4e-01  2.3e-01  1.9e-03  2.4e-01
 228  T 0   2.214e+06  -2e-06  0.98  2.8e-02  6.5e-06  2.3e-02  1.6e-01  2.0e-01  2.1e-03  2.1e-01
 229  F 0   2.214e+06  -2e-06  0.98  2.0e-02  6.5e-06  0.0e+00  0.0e+00  2.0e-01  2.1e-03  2.0e-01
 229  T 1   2.214e+06   5e-06  0.98  2.3e-02  5.3e-06  2.0e-02  1.5e-01  2.0e-01  1.9e-03  2.0e-01
 230  F 0   2.214e+06   5e-06  0.98  1.6e-02  5.3e-06  0.0e+00  0.0e+00  2.0e-01  2.1e-03  2.0e-01
 230  T 1   2.213e+06   1e-05  0.98  2.0e-02  5.8e-06  1.6e-02  1.2e-01  2.0e-01  1.9e-03  2.0e-01
 231  F 0   2.213e+06   1e-05  0.98  1.4e-02  5.8e-06  0.0e+00  0.0e+00  2.0e-01  1.7e-03  2.0e-01
 231  T 1   2.213e+06   5e-06  0.98  1.7e-02  3.5e-06  1.4e-02  1.0e-01  2.0e-01  1.7e-03  2.0e-01
 232  T 0   2.212e+06   1e-04  0.98  2.0e-02  5.2e-06  1.7e-02  1.2e-01  2.0e-01  1.9e-03  2.0e-01
 233  T 0   2.212e+06  -3e-06  0.98  2.4e-02  3.4e-06  2.0e-02  1.4e-01  2.0e-01  2.1e-03  2.0e-01
 234  T 0   2.212e+06  -5e-05  0.98  2.9e-02  5.5e-06  2.4e-02  1.6e-01  2.0e-01  2.0e-03  2.0e-01
 235  F 0   2.212e+06  -5e-05  0.98  2.0e-02  5.5e-06  0.0e+00  0.0e+00  2.1e-01  2.1e-03  2.1e-01
 235  F 1   2.212e+06  -5e-05  0.98  1.4e-02  5.5e-06  0.0e+00  0.0e+00  2.0e-01  1.7e-03  2.0e-01
 235  T 2   2.211e+06  -8e-06  0.98  1.7e-02  3.7e-06  1.4e-02  9.9e-02  2.0e-01  1.8e-03  2.0e-01
 236  T 0   2.211e+06   5e-06  0.98  2.0e-02  4.8e-06  1.7e-02  1.1e-01  2.0e-01  1.8e-03  2.0e-01
 237  T 0   2.211e+06   6e-06  0.98  2.4e-02  3.1e-06  2.0e-02  1.3e-01  2.0e-01  2.0e-03  2.0e-01
 238  T 0   2.210e+06  -8e-07  0.98  2.9e-02  5.6e-06  2.4e-02  1.5e-01  2.3e-01  1.7e-03  2.3e-01
 239  F 0   2.210e+06  -8e-07  0.98  2.0e-02  5.6e-06  0.0e+00  0.0e+00  2.2e-01  2.2e-03  2.2e-01
 239  F 1   2.210e+06  -8e-07  0.98  1.4e-02  5.6e-06  0.0e+00  0.0e+00  2.1e-01  1.6e-03  2.1e-01
 239  T 2   2.210e+06   9e-06  0.98  1.7e-02  3.6e-06  1.4e-02  9.8e-02  2.0e-01  1.5e-03  2.0e-01
 240  T 0   2.210e+06  -1e-06  0.99  2.1e-02  4.0e-06  1.7e-02  1.1e-01  2.3e-01  2.0e-03  2.3e-01
 241  T 0   2.209e+06   5e-07  0.99  2.5e-02  4.2e-06  2.1e-02  1.3e-01  2.4e-01  2.2e-03  2.4e-01
 242  F 0   2.209e+06   5e-07  0.99  1.7e-02  4.2e-06  0.0e+00  0.0e+00  2.0e-01  2.0e-03  2.0e-01
 242  T 1   2.209e+06   5e-06  0.98  2.1e-02  4.2e-06  1.7e-02  1.2e-01  2.0e-01  1.7e-03  2.0e-01
 243  F 0   2.209e+06   5e-06  0.98  1.4e-02  4.2e-06  0.0e+00  0.0e+00  2.0e-01  2.0e-03  2.0e-01
 243  T 1   2.209e+06  -5e-05  0.98  1.7e-02  3.7e-06  1.4e-02  9.8e-02  2.1e-01  1.7e-03  2.2e-01
 244  T 0   2.209e+06  -2e-06  0.99  2.1e-02  4.3e-06  1.7e-02  1.1e-01  2.1e-01  1.9e-03  2.1e-01
 245  F 0   2.209e+06  -2e-06  0.99  1.5e-02  4.3e-06  0.0e+00  0.0e+00  2.3e-01  1.9e-03  2.3e-01
 245  T 1   2.209e+06   5e-06  0.98  1.7e-02  3.3e-06  1.5e-02  9.5e-02  2.0e-01  1.7e-03  2.0e-01
 246  T 0   2.208e+06   6e-05  0.99  2.1e-02  3.7e-06  1.7e-02  1.1e-01  2.0e-01  1.9e-03  2.0e-01
 247  T 0   2.208e+06   5e-05  0.99  2.5e-02  3.9e-06  2.1e-02  1.3e-01  2.0e-01  2.1e-03  2.0e-01
 248  F 0   2.208e+06   5e-05  0.99  1.8e-02  3.9e-06  0.0e+00  0.0e+00  2.1e-01  2.0e-03  2.1e-01
 248  T 1   2.208e+06  -9e-06  0.98  2.1e-02  4.2e-06  1.8e-02  1.1e-01  2.0e-01  1.5e-03  2.0e-01
 249  F 0   2.208e+06  -9e-06  0.98  1.5e-02  4.2e-06  0.0e+00  0.0e+00  2.0e-01  1.9e-03  2.0e-01
 249  T 1   2.208e+06   3e-06  0.98  1.8e-02  3.5e-06  1.5e-02  9.8e-02  1.6e-01  1.7e-03  1.6e-01
 250  T 0   2.208e+06   2e-05  0.99  2.1e-02  4.2e-06  1.8e-02  1.1e-01  1.3e-01  1.4e-03  1.4e-01
 251  F 0   2.208e+06   2e-05  0.99  1.5e-02  4.2e-06  0.0e+00  0.0e+00  1.4e-01  1.3e-03  1.4e-01
 251  T 1   2.208e+06  -3e-06  0.98  1.8e-02  3.5e-06  1.5e-02  9.7e-02  1.9e-01  1.2e-03  1.9e-01
 252  T 0   2.207e+06  -9e-07  0.99  2.2e-02  4.2e-06  1.8e-02  1.1e-01  1.4e-01  1.5e-03  1.4e-01
 253  F 0   2.207e+06  -9e-07  0.99  1.5e-02  4.2e-06  0.0e+00  0.0e+00  1.4e-01  1.4e-03  1.4e-01
 253  T 1   2.207e+06   3e-06  0.99  1.8e-02  3.5e-06  1.5e-02  9.7e-02  1.9e-01  1.0e-03  1.9e-01
 254  T 0   2.207e+06  -4e-07  0.99  2.2e-02  4.1e-06  1.8e-02  1.1e-01  1.5e-01  1.5e-03  1.5e-01
 255  F 0   2.207e+06  -4e-07  0.99  1.5e-02  4.1e-06  0.0e+00  0.0e+00  2.0e-01  1.4e-03  2.0e-01
 255  T 1   2.207e+06  -9e-06  0.99  1.8e-02  3.5e-06  1.5e-02  9.8e-02  1.9e-01  1.0e-03  2.0e-01
 256  T 0   2.207e+06  -3e-07  0.99  2.2e-02  4.2e-06  1.8e-02  1.1e-01  2.0e-01  1.5e-03  2.1e-01
 257  F 0   2.207e+06  -3e-07  0.99  1.5e-02  4.2e-06  0.0e+00  0.0e+00  1.4e-01  1.3e-03  1.4e-01
 257  T 1   2.207e+06  -9e-06  0.99  1.8e-02  3.6e-06  1.5e-02  9.9e-02  1.8e-01  1.0e-03  1.8e-01
 258  T 0   2.207e+06  -3e-08  0.99  2.2e-02  4.4e-06  1.8e-02  1.1e-01  1.4e-01  1.4e-03  1.4e-01
 259  F 0   2.207e+06  -3e-08  0.99  1.5e-02  4.4e-06  0.0e+00  0.0e+00  1.4e-01  1.4e-03  1.4e-01
 259  T 1   2.206e+06   3e-06  0.99  1.9e-02  3.7e-06  1.5e-02  9.8e-02  1.4e-01  1.3e-03  1.4e-01
 260  T 0   2.206e+06  -2e-06  0.99  2.2e-02  4.5e-06  1.9e-02  1.1e-01  1.8e-01  1.5e-03  1.9e-01
 261  F 0   2.206e+06  -2e-06  0.99  1.6e-02  4.5e-06  0.0e+00  0.0e+00  1.8e-01  1.4e-03  1.8e-01
 261  T 1   2.206e+06  -1e-05  0.99  1.9e-02  3.7e-06  1.6e-02  1.0e-01  1.8e-01  1.0e-03  1.8e-01
 262  T 0   2.206e+06  -6e-14  0.99  2.2e-02  4.6e-06  1.9e-02  1.1e-01  1.5e-01  1.4e-03  1.5e-01
 263  F 0   2.206e+06  -6e-14  0.99  1.6e-02  4.6e-06  0.0e+00  0.0e+00  2.0e-01  1.3e-03  2.0e-01
 263  T 1   2.206e+06   1e-06  0.99  1.9e-02  3.7e-06  1.6e-02  1.0e-01  1.3e-01  1.2e-03  1.4e-01
 264  T 0   2.206e+06  -1e-06  0.99  2.3e-02  4.5e-06  1.9e-02  1.1e-01  1.4e-01  1.4e-03  1.4e-01
 265  F 0   2.206e+06  -1e-06  0.99  1.6e-02  4.5e-06  0.0e+00  0.0e+00  1.4e-01  1.3e-03  1.4e-01
 265  T 1   2.206e+06  -4e-06  0.99  1.9e-02  3.7e-06  1.6e-02  1.0e-01  1.4e-01  1.2e-03  1.4e-01
 266  T 0   2.206e+06  -3e-07  0.99  2.3e-02  4.4e-06  1.9e-02  1.1e-01  1.7e-01  1.5e-03  1.7e-01
 267  F 0   2.206e+06  -3e-07  0.99  1.6e-02  4.4e-06  0.0e+00  0.0e+00  1.4e-01  1.4e-03  1.4e-01
 267  T 1   2.206e+06   4e-06  0.99  1.9e-02  3.7e-06  1.6e-02  1.0e-01  1.8e-01  1.2e-03  1.8e-01
 268  F 0   2.206e+06   4e-06  0.99  1.3e-02  3.7e-06  0.0e+00  0.0e+00  1.9e-01  1.4e-03  1.9e-01
 268  T 1   2.206e+06  -1e-05  0.99  1.6e-02  3.5e-06  1.3e-02  8.5e-02  1.4e-01  1.2e-03  1.4e-01
 269  T 0   2.206e+06  -1e-05  0.99  1.9e-02  3.0e-06  1.6e-02  9.7e-02  1.4e-01  1.4e-03  1.4e-01
 270  T 0   2.205e+06  -6e-06  0.99  2.3e-02  3.2e-06  1.9e-02  1.0e-01  1.4e-01  1.3e-03  1.4e-01
 271  T 0   2.205e+06  -3e-05  0.99  2.8e-02  4.3e-06  2.3e-02  1.3e-01  1.4e-01  1.3e-03  1.4e-01
 272  F 0   2.205e+06  -3e-05  0.99  1.9e-02  4.3e-06  0.0e+00  0.0e+00  1.9e-01  1.3e-03  1.9e-01
 272  T 1   2.205e+06   9e-06  0.99  2.3e-02  4.5e-06  1.9e-02  1.2e-01  1.4e-01  1.2e-03  1.4e-01
 273  F 0   2.205e+06   9e-06  0.99  1.6e-02  4.5e-06  0.0e+00  0.0e+00  1.3e-01  1.2e-03  1.4e-01
 273  F 1   2.205e+06   9e-06  0.99  1.1e-02  4.5e-06  0.0e+00  0.0e+00  1.7e-01  1.0e-03  1.7e-01
 273  T 2   2.205e+06   2e-06  0.98  1.4e-02  3.2e-06  1.1e-02  7.9e-02  1.9e-01  1.0e-03  1.9e-01
 274  T 0   2.204e+06   5e-05  0.99  1.6e-02  2.7e-06  1.4e-02  8.3e-02  1.3e-01  1.3e-03  1.3e-01
 275  T 0   2.204e+06  -3e-06  0.99  2.0e-02  2.2e-06  1.6e-02  8.8e-02  1.4e-01  1.5e-03  1.4e-01
 276  T 0   2.204e+06  -2e-07  0.99  2.4e-02  2.0e-06  2.0e-02  9.6e-02  1.4e-01  1.2e-03  1.4e-01
 277  T 0   2.204e+06   1e-05  0.99  2.8e-02  2.5e-06  2.4e-02  1.1e-01  1.5e-01  1.2e-03  1.5e-01
 278  T 0   2.204e+06   1e-04  0.99  3.4e-02  4.0e-06  2.8e-02  1.3e-01  1.4e-01  1.4e-03  1.4e-01
 279  F 0   2.204e+06   1e-04  0.99  2.4e-02  4.0e-06  0.0e+00  0.0e+00  1.5e-01  1.5e-03  1.5e-01
 279  F 1   2.204e+06   1e-04  0.99  1.7e-02  4.0e-06  0.0e+00  0.0e+00  1.4e-01  1.2e-03  1.4e-01
 279  T 2   2.204e+06  -2e-06  0.99  2.0e-02  3.3e-06  1.7e-02  9.8e-02  1.4e-01  1.2e-03  1.4e-01
 280  T 0   2.203e+06   4e-14  0.99  2.4e-02  3.9e-06  2.0e-02  1.0e-01  1.5e-01  1.5e-03  1.5e-01
 281  F 0   2.203e+06   4e-14  0.99  1.7e-02  3.9e-06  0.0e+00  0.0e+00  1.7e-01  1.3e-03  1.7e-01
 281  T 1   2.203e+06  -3e-05  0.99  2.0e-02  3.4e-06  1.7e-02  1.0e-01  1.4e-01  1.2e-03  1.5e-01
 282  T 0   2.203e+06  -3e-06  0.99  2.4e-02  4.6e-06  2.0e-02  1.2e-01  1.4e-01  1.3e-03  1.4e-01
 283  F 0   2.203e+06  -3e-06  0.99  1.7e-02  4.6e-06  0.0e+00  0.0e+00  1.4e-01  1.4e-03  1.4e-01
 283  F 1   2.203e+06  -3e-06  0.99  1.2e-02  4.6e-06  0.0e+00  0.0e+00  1.7e-01  9.1e-04  1.7e-01
 283  T 2   2.203e+06   2e-05  0.99  1.4e-02  2.8e-06  1.2e-02  7.8e-02  1.4e-01  1.1e-03  1.4e-01
 284  T 0   2.203e+06  -2e-05  0.99  1.7e-02  3.0e-06  1.4e-02  8.0e-02  1.4e-01  1.3e-03  1.5e-01
 285  T 0   2.203e+06  -2e-06  0.99  2.1e-02  2.0e-06  1.7e-02  8.4e-02  1.4e-01  1.3e-03  1.4e-01
 286  T 0   2.203e+06  -3e-06  0.99  2.5e-02  2.9e-06  2.1e-02  9.4e-02  1.4e-01  1.6e-03  1.5e-01
 287  T 0   2.203e+06   8e-08  0.99  3.0e-02  2.5e-06  2.5e-02  1.2e-01  1.4e-01  1.2e-03  1.4e-01
 288  F 0   2.203e+06   8e-08  0.99  2.1e-02  2.5e-06  0.0e+00  0.0e+00  1.8e-01  1.2e-03  1.8e-01
 288  T 1   2.203e+06  -2e-07  0.99  2.5e-02  3.4e-06  2.1e-02  1.2e-01  2.2e-01  7.7e-04  2.3e-01
 289  F 0   2.203e+06  -2e-07  0.99  1.7e-02  3.4e-06  0.0e+00  0.0e+00  1.6e-01  1.3e-03  1.6e-01
 289  F 1   2.203e+06  -2e-07  0.99  1.2e-02  3.4e-06  0.0e+00  0.0e+00  2.0e-01  1.2e-03  2.0e-01
 289  T 2   2.202e+06  -3e-06  0.99  1.5e-02  2.6e-06  1.2e-02  7.3e-02  2.1e-01  1.2e-03  2.1e-01
 290  T 0   2.202e+06  -1e-05  0.99  1.8e-02  2.8e-06  1.5e-02  7.6e-02  1.5e-01  1.3e-03  1.5e-01
 291  T 0   2.202e+06  -3e-06  0.99  2.1e-02  1.7e-06  1.8e-02  8.1e-02  1.7e-01  1.3e-03  1.7e-01
 292  T 0   2.202e+06  -1e-06  0.99  2.5e-02  2.9e-06  2.1e-02  8.8e-02  1.9e-01  1.7e-03  1.9e-01
 293  T 0   2.202e+06  -6e-06  0.99  3.0e-02  2.4e-06  2.5e-02  1.1e-01  1.9e-01  1.6e-03  1.9e-01
 294  F 0   2.202e+06  -6e-06  0.99  2.1e-02  2.4e-06  0.0e+00  0.0e+00  1.9e-01  1.6e-03  1.9e-01
 294  T 1   2.202e+06   9e-08  0.99  2.5e-02  3.5e-06  2.1e-02  1.2e-01  1.8e-01  1.4e-03  1.8e-01
 295  F 0   2.202e+06   9e-08  0.99  1.8e-02  3.5e-06  0.0e+00  0.0e+00  1.8e-01  2.0e-03  1.8e-01
 295  T 1   2.202e+06   7e-05  0.99  2.1e-02  3.5e-06  1.8e-02  9.8e-02  1.8e-01  1.5e-03  1.9e-01
 296  F 0   2.202e+06   7e-05  0.99  1.5e-02  3.5e-06  0.0e+00  0.0e+00  1.8e-01  1.7e-03  1.8e-01
 296  T 1   2.202e+06   6e-06  0.99  1.8e-02  3.0e-06  1.5e-02  8.5e-02  1.8e-01  1.8e-03  1.8e-01
 297  T 0   2.202e+06   4e-06  0.99  2.2e-02  1.6e-06  1.8e-02  8.3e-02  1.8e-01  1.8e-03  1.9e-01
 298  T 0   2.201e+06   9e-07  0.99  2.6e-02  3.3e-06  2.2e-02  9.9e-02  1.8e-01  1.6e-03  1.8e-01
 299  F 0   2.201e+06   9e-07  0.99  1.8e-02  3.3e-06  0.0e+00  0.0e+00  1.9e-01  1.8e-03  1.9e-01
 299  T 1   2.201e+06   4e-05  0.99  2.2e-02  1.9e-06  1.8e-02  8.9e-02  1.8e-01  1.6e-03  1.8e-01
 300  T 0   2.201e+06   2e-06  0.99  2.6e-02  3.1e-06  2.2e-02  1.0e-01  2.1e-01  1.6e-03  2.1e-01
 301  F 0   2.201e+06   2e-06  0.99  1.8e-02  3.1e-06  0.0e+00  0.0e+00  2.0e-01  1.8e-03  2.0e-01
 301  F 1   2.201e+06   2e-06  0.99  1.3e-02  3.1e-06  0.0e+00  0.0e+00  1.9e-01  1.6e-03  1.9e-01
 301  T 2   2.201e+06   2e-06  0.99  1.5e-02  2.5e-06  1.3e-02  7.2e-02  1.8e-01  1.6e-03  1.8e-01
 302  T 0   2.201e+06   1e-05  0.99  1.8e-02  2.5e-06  1.5e-02  7.9e-02  1.8e-01  1.6e-03  1.8e-01
 303  T 0   2.201e+06   3e-06  0.99  2.2e-02  1.4e-06  1.8e-02  8.3e-02  1.8e-01  1.8e-03  1.9e-01
 304  T 0   2.201e+06  -1e-05  0.99  2.6e-02  2.8e-06  2.2e-02  1.0e-01  1.9e-01  1.6e-03  1.9e-01
 305  T 0   2.201e+06   2e-07  0.99  3.2e-02  2.4e-06  2.6e-02  1.2e-01  2.3e-01  1.8e-03  2.3e-01
 306  F 0   2.201e+06   2e-07  0.99  2.2e-02  2.4e-06  0.0e+00  0.0e+00  1.9e-01  1.8e-03  1.9e-01
 306  T 1   2.201e+06  -7e-06  0.99  2.7e-02  2.9e-06  2.2e-02  1.2e-01  1.8e-01  1.6e-03  1.8e-01
 307  F 0   2.201e+06  -7e-06  0.99  1.9e-02  2.9e-06  0.0e+00  0.0e+00  1.9e-01  1.9e-03  1.9e-01
 307  F 1   2.201e+06  -7e-06  0.99  1.3e-02  2.9e-06  0.0e+00  0.0e+00  1.8e-01  1.8e-03  1.8e-01
 307  T 2   2.201e+06  -2e-05  0.99  1.6e-02  2.5e-06  1.3e-02  7.3e-02  1.8e-01  1.8e-03  1.8e-01
 308  T 0   2.201e+06  -1e-05  0.99  1.9e-02  2.4e-06  1.6e-02  8.2e-02  1.8e-01  1.8e-03  1.8e-01
 309  T 0   2.201e+06   4e-07  0.99  2.3e-02  1.4e-06  1.9e-02  8.3e-02  1.8e-01  1.8e-03  1.8e-01
 310  T 0   2.200e+06  -6e-06  0.99  2.7e-02  2.9e-06  2.3e-02  1.0e-01  2.0e-01  1.8e-03  2.0e-01
 311  F 0   2.200e+06  -6e-06  0.99  1.9e-02  2.9e-06  0.0e+00  0.0e+00  2.5e-01  1.8e-03  2.6e-01
 311  T 1   2.200e+06   4e-05  0.99  2.3e-02  2.8e-06  1.9e-02  9.4e-02  1.8e-01  1.6e-03  1.8e-01
 312  F 0   2.200e+06   4e-05  0.99  1.6e-02  2.8e-06  0.0e+00  0.0e+00  1.8e-01  1.8e-03  1.8e-01
 312  T 1   2.200e+06  -3e-06  0.99  1.9e-02  2.5e-06  1.6e-02  8.5e-02  1.8e-01  1.3e-03  1.8e-01
 313  T 0   2.200e+06   7e-05  0.99  2.3e-02  1.6e-06  1.9e-02  8.7e-02  1.8e-01  1.8e-03  1.8e-01
 314  F 0   2.200e+06   7e-05  0.99  1.6e-02  1.6e-06  0.0e+00  0.0e+00  1.8e-01  1.8e-03  1.8e-01
 314  F 1   2.200e+06   7e-05  0.99  1.1e-02  1.6e-06  0.0e+00  0.0e+00  1.8e-01  1.5e-03  1.8e-01
 314  T 2   2.200e+06   7e-06  0.99  1.3e-02  1.8e-06  1.1e-02  5.9e-02  1.9e-01  1.4e-03  2.0e-01
 315  T 0   2.200e+06  -2e-06  0.99  1.6e-02  1.3e-06  1.3e-02  6.2e-02  2.4e-01  2.0e-03  2.4e-01
 316  T 0   2.200e+06   1e-06  0.99  1.9e-02  2.2e-06  1.6e-02  7.2e-02  2.1e-01  2.0e-03  2.1e-01
 317  T 0   2.200e+06   3e-05  0.99  2.3e-02  1.5e-06  1.9e-02  8.3e-02  2.1e-01  1.9e-03  2.1e-01
 318  F 0   2.200e+06   3e-05  0.99  1.6e-02  1.5e-06  0.0e+00  0.0e+00  2.0e-01  2.0e-03  2.0e-01
 318  T 1   2.200e+06  -2e-06  0.99  2.0e-02  2.6e-06  1.6e-02  7.8e-02  2.0e-01  1.7e-03  2.0e-01
 319  T 0   2.200e+06   5e-05  0.99  2.3e-02  1.9e-06  2.0e-02  8.7e-02  2.0e-01  2.0e-03  2.0e-01
 320  F 0   2.200e+06   5e-05  0.99  1.6e-02  1.9e-06  0.0e+00  0.0e+00  2.1e-01  1.9e-03  2.1e-01
 320  T 1   2.200e+06   1e-05  0.99  2.0e-02  2.6e-06  1.6e-02  9.0e-02  2.6e-01  1.5e-03  2.6e-01
 321  T 0   2.200e+06   7e-05  0.99  2.4e-02  2.1e-06  2.0e-02  9.3e-02  2.1e-01  2.0e-03  2.2e-01
 322  F 0   2.200e+06   7e-05  0.99  1.7e-02  2.1e-06  0.0e+00  0.0e+00  2.0e-01  2.0e-03  2.0e-01
 322  F 1   2.200e+06   7e-05  0.99  1.2e-02  2.1e-06  0.0e+00  0.0e+00  2.0e-01  1.8e-03  2.0e-01
 322  T 2   2.200e+06  -3e-05  0.99  1.4e-02  1.7e-06  1.2e-02  6.5e-02  2.0e-01  1.8e-03  2.0e-01
 323  T 0   2.200e+06  -1e-05  0.99  1.7e-02  1.7e-06  1.4e-02  6.4e-02  2.0e-01  1.9e-03  2.0e-01
 324  T 0   2.200e+06   3e-06  0.99  2.0e-02  1.3e-06  1.7e-02  6.8e-02  2.0e-01  1.8e-03  2.0e-01
 325  T 0   2.199e+06  -9e-06  0.99  2.4e-02  1.2e-06  2.0e-02  7.2e-02  2.0e-01  1.2e-03  2.0e-01
 326  T 0   2.199e+06   6e-07  0.99  2.9e-02  1.2e-06  2.4e-02  8.4e-02  2.0e-01  1.7e-03  2.0e-01
 327  T 0   2.199e+06  -1e-05  0.99  3.5e-02  1.3e-06  2.9e-02  9.7e-02  2.1e-01  1.8e-03  2.1e-01
 328  F 0   2.199e+06  -1e-05  0.99  2.4e-02  1.3e-06  0.0e+00  0.0e+00  2.3e-01  1.7e-03  2.3e-01
 328  T 1   2.199e+06   4e-06  0.99  2.9e-02  2.7e-06  2.4e-02  1.1e-01  2.3e-01  1.5e-03  2.4e-01
 329  F 0   2.199e+06   4e-06  0.99  2.0e-02  2.7e-06  0.0e+00  0.0e+00  3.1e-01  1.9e-03  3.1e-01
 329  F 1   2.199e+06   4e-06  0.99  1.4e-02  2.7e-06  0.0e+00  0.0e+00  2.9e-01  1.7e-03  2.9e-01
 329  T 2   2.199e+06   8e-06  0.99  1.7e-02  2.6e-06  1.4e-02  8.2e-02  2.7e-01  1.7e-03  2.7e-01
 330  F 0   2.199e+06   8e-06  0.99  1.2e-02  2.6e-06  0.0e+00  0.0e+00  2.1e-01  2.0e-03  2.1e-01
 330  T 1   2.199e+06  -1e-05  0.99  1.4e-02  1.9e-06  1.2e-02  6.6e-02  2.0e-01  1.7e-03  2.0e-01
 331  T 0   2.199e+06   8e-05  0.99  1.7e-02  1.5e-06  1.4e-02  6.8e-02  2.0e-01  2.0e-03  2.0e-01
 332  F 0   2.199e+06   8e-05  0.99  1.2e-02  1.5e-06  0.0e+00  0.0e+00  2.0e-01  2.0e-03  2.0e-01
 332  F 1   2.199e+06   8e-05  0.99  8.5e-03  1.5e-06  0.0e+00  0.0e+00  2.0e-01  1.8e-03  2.0e-01
 332  F 2   2.199e+06   8e-05  0.99  5.9e-03  1.5e-06  0.0e+00  0.0e+00  2.0e-01  1.7e-03  2.0e-01
 332  F 3   2.199e+06   8e-05  0.99  4.1e-03  1.5e-06  0.0e+00  0.0e+00  2.0e-01  1.4e-03  2.0e-01
 332  F 4   2.199e+06   8e-05  0.99  2.9e-03  1.5e-06  0.0e+00  0.0e+00  2.0e-01  1.5e-03  2.0e-01
 332  F 5   2.199e+06   8e-05  0.99  2.0e-03  1.5e-06  0.0e+00  0.0e+00  2.0e-01  1.5e-03  2.0e-01
 332  F 6   2.199e+06   8e-05  0.99  1.4e-03  1.5e-06  0.0e+00  0.0e+00  2.0e-01  1.4e-03  2.0e-01
 332  F 7   2.199e+06   8e-05  0.99  9.9e-04  1.5e-06  0.0e+00  0.0e+00  2.0e-01  1.5e-03  2.0e-01
 332  F 8   2.199e+06   8e-05  0.99  7.0e-04  1.5e-06  0.0e+00  0.0e+00  2.0e-01  1.7e-03  2.0e-01
 332  F 9   2.199e+06   8e-05  0.99  4.9e-04  1.5e-06  0.0e+00  0.0e+00  2.1e-01  2.1e-03  2.1e-01
 332  F10   2.199e+06   8e-05  0.99  3.4e-04  1.5e-06  0.0e+00  0.0e+00  2.0e-01  2.5e-03  2.1e-01
 332  F11   2.199e+06   8e-05  0.99  2.4e-04  1.5e-06  0.0e+00  0.0e+00  2.0e-01  2.4e-03  2.1e-01
 332  F12   2.199e+06   8e-05  0.99  1.7e-04  1.5e-06  0.0e+00  0.0e+00  2.0e-01  2.3e-03  2.0e-01
 332  F13   2.199e+06   8e-05  0.99  1.2e-04  1.5e-06  0.0e+00  0.0e+00  2.0e-01  2.3e-03  2.0e-01
 332  F14   2.199e+06   8e-05  0.99  8.2e-05  1.5e-06  0.0e+00  0.0e+00  2.6e-01  2.3e-03  2.7e-01
 332  F15   2.199e+06   8e-05  0.99  5.7e-05  1.5e-06  0.0e+00  0.0e+00  2.3e-01  2.1e-03  2.3e-01
 332  F16   2.199e+06   8e-05  0.99  4.0e-05  1.5e-06  0.0e+00  0.0e+00  2.1e-01  2.1e-03  2.1e-01
 332  F17   2.199e+06   8e-05  0.99  2.8e-05  1.5e-06  0.0e+00  0.0e+00  2.0e-01  2.2e-03  2.0e-01
 332  F18   2.199e+06   8e-05  0.99  2.0e-05  1.5e-06  0.0e+00  0.0e+00  2.0e-01  2.1e-03  2.0e-01
 332  F19   2.199e+06   8e-05  0.99  1.4e-05  1.5e-06  0.0e+00  0.0e+00  2.4e-01  2.1e-03  2.4e-01
 332  F20   2.199e+06   8e-05  0.99  9.6e-06  1.5e-06  0.0e+00  0.0e+00  2.0e-01  2.1e-03  2.1e-01
 332  F21   2.199e+06   8e-05  0.99  6.7e-06  1.5e-06  0.0e+00  0.0e+00  2.0e-01  2.1e-03  2.0e-01
 332  F22   2.199e+06   8e-05  0.99  4.7e-06  1.5e-06  0.0e+00  0.0e+00  2.0e-01  4.5e-03  2.1e-01
 332  F23   2.199e+06   8e-05  0.99  3.3e-06  1.5e-06  0.0e+00  0.0e+00  2.1e-01  4.1e-03  2.2e-01
 332  F24   2.199e+06   8e-05  0.99  2.3e-06  1.5e-06  0.0e+00  0.0e+00  2.0e-01  4.0e-03  2.0e-01
 332  F25   2.199e+06   8e-05  0.99  1.6e-06  1.5e-06  0.0e+00  0.0e+00  2.0e-01  4.0e-03  2.0e-01
 332  F26   2.199e+06   8e-05  0.99  1.1e-06  1.5e-06  0.0e+00  0.0e+00  2.0e-01  4.1e-03  2.0e-01
 332  F27   2.199e+06   8e-05  0.99  7.9e-07  1.5e-06  0.0e+00  0.0e+00  2.6e-01  3.7e-03  2.6e-01
 332  F28   2.199e+06   8e-05  0.99  5.6e-07  1.5e-06  0.0e+00  0.0e+00  2.3e-01  3.7e-03  2.4e-01
 332  F29   2.199e+06   8e-05  0.99  3.9e-07  1.5e-06  0.0e+00  0.0e+00  2.1e-01  3.7e-03  2.2e-01
 332  F30   2.199e+06   8e-05  0.99  2.7e-07  1.5e-06  0.0e+00  0.0e+00  2.0e-01  3.7e-03  2.0e-01
 332  F31   2.199e+06   8e-05  0.99  1.9e-07  1.5e-06  0.0e+00  0.0e+00  2.0e-01  3.7e-03  2.0e-01
Enforced Termination; excessively reduced trust-region
Total number of system evaluations: 537
