   k  l     Obj         Vio    Bou   ML       |KKT|    |dX|     ||dX||   T_s      T_o      T_t
   0  T 0   1.221e+09  -4e+00  1.00  2.0e-01  0.0e+00  1.0e+00  1.0e+00  5.9e-01  0.0e+00  0.0e+00
   1  T 0   1.055e+09  -3e+00  0.39  2.0e-01  4.1e-04  2.0e-01  1.3e+01  2.8e-01  5.1e-03  2.9e-01
   2  T 0   8.874e+08  -3e+00  0.45  2.0e-01  4.0e-04  2.0e-01  1.4e+01  2.9e-01  1.4e-03  2.9e-01
   3  T 0   7.472e+08  -2e+00  0.33  2.0e-01  4.3e-04  2.0e-01  1.4e+01  2.7e-01  1.4e-03  2.7e-01
   4  T 0   6.343e+08  -2e+00  0.27  2.0e-01  1.4e-03  2.0e-01  1.3e+01  2.6e-01  1.5e-03  2.7e-01
   5  T 0   4.607e+08  -2e+00  0.56  2.0e-01  4.0e-04  2.0e-01  1.2e+01  2.7e-01  1.4e-03  2.7e-01
   6  T 0   4.198e+08  -1e+00  0.57  2.0e-01  4.1e-04  2.0e-01  7.0e+00  2.7e-01  1.5e-03  2.7e-01
   7  T 0   3.848e+08  -1e+00  0.55  2.0e-01  3.9e-04  2.0e-01  6.8e+00  2.9e-01  1.5e-03  2.9e-01
   8  T 0   3.466e+08  -1e+00  0.61  2.0e-01  4.5e-04  2.0e-01  5.8e+00  2.8e-01  1.4e-03  2.8e-01
   9  T 0   3.175e+08  -1e+00  0.66  2.0e-01  1.0e-02  2.0e-01  5.2e+00  3.1e-01  1.5e-03  3.1e-01
  10  T 0   2.970e+08  -1e+00  0.68  2.0e-01  3.7e-04  2.0e-01  4.6e+00  2.9e-01  1.4e-03  2.9e-01
  11  T 0   2.779e+08  -9e-01  0.67  2.0e-01  3.8e-04  2.0e-01  4.3e+00  3.1e-01  1.4e-03  3.1e-01
  12  T 0   2.570e+08  -8e-01  0.70  2.0e-01  4.0e-03  2.0e-01  4.5e+00  2.8e-01  1.5e-03  2.8e-01
  13  T 0   2.430e+08  -8e-01  0.76  2.0e-01  3.7e-04  2.0e-01  3.5e+00  2.7e-01  1.4e-03  2.7e-01
  14  T 0   2.337e+08  -7e-01  0.76  2.0e-01  3.2e-04  2.0e-01  3.4e+00  3.0e-01  1.7e-03  3.1e-01
  15  T 0   2.246e+08  -7e-01  0.79  2.0e-01  5.6e-04  2.0e-01  3.1e+00  2.7e-01  1.5e-03  2.8e-01
  16  T 0   2.190e+08  -6e-01  0.80  2.0e-01  5.1e-04  2.0e-01  2.6e+00  3.1e-01  1.5e-03  3.1e-01
  17  T 0   2.122e+08  -6e-01  0.80  2.0e-01  2.6e-04  2.0e-01  2.8e+00  2.7e-01  1.4e-03  2.7e-01
  18  T 0   2.058e+08  -5e-01  0.84  2.0e-01  2.5e-04  2.0e-01  2.5e+00  2.7e-01  1.4e-03  2.7e-01
  19  T 0   2.015e+08  -5e-01  0.85  2.0e-01  4.7e-04  2.0e-01  2.4e+00  2.7e-01  1.4e-03  2.7e-01
  20  T 0   1.974e+08  -5e-01  0.85  2.0e-01  2.6e-04  2.0e-01  2.5e+00  2.7e-01  1.5e-03  2.8e-01
  21  T 0   1.939e+08  -5e-01  0.87  2.0e-01  2.7e-04  2.0e-01  2.1e+00  2.7e-01  1.7e-03  2.7e-01
  22  T 0   1.903e+08  -4e-01  0.88  2.0e-01  2.6e-04  2.0e-01  2.2e+00  2.0e-01  1.3e-03  2.0e-01
  23  T 0   1.862e+08  -4e-01  0.88  2.0e-01  2.7e-04  2.0e-01  2.4e+00  1.9e-01  1.1e-03  1.9e-01
  24  T 0   1.843e+08  -4e-01  0.90  2.0e-01  2.7e-04  2.0e-01  1.7e+00  2.0e-01  1.0e-03  2.0e-01
  25  T 0   1.824e+08  -4e-01  0.90  2.0e-01  2.7e-04  2.0e-01  1.8e+00  1.9e-01  1.0e-03  1.9e-01
  26  T 0   1.806e+08  -4e-01  0.91  2.0e-01  2.7e-04  1.8e-01  1.8e+00  1.9e-01  1.0e-03  1.9e-01
  27  T 0   1.792e+08  -4e-01  0.91  2.0e-01  5.2e-04  1.8e-01  1.5e+00  1.9e-01  1.0e-03  1.9e-01
  28  T 0   1.775e+08  -3e-01  0.92  2.0e-01  2.7e-04  2.0e-01  1.6e+00  1.9e-01  1.0e-03  1.9e-01
  29  T 0   1.759e+08  -3e-01  0.92  2.0e-01  2.7e-04  1.9e-01  1.6e+00  1.8e-01  9.9e-04  1.8e-01
  30  T 0   1.746e+08  -3e-01  0.93  2.0e-01  2.7e-04  2.0e-01  1.4e+00  2.0e-01  1.0e-03  2.0e-01
  31  T 0   1.732e+08  -3e-01  0.93  2.0e-01  2.7e-04  2.0e-01  1.5e+00  2.0e-01  1.0e-03  2.0e-01
  32  T 0   1.717e+08  -3e-01  0.93  2.0e-01  3.7e-04  1.8e-01  1.5e+00  1.9e-01  1.0e-03  1.9e-01
  33  T 0   1.706e+08  -3e-01  0.93  2.0e-01  3.1e-04  2.0e-01  1.3e+00  2.0e-01  1.0e-03  2.0e-01
  34  T 0   1.693e+08  -3e-01  0.94  2.0e-01  2.4e-04  1.5e-01  1.5e+00  2.0e-01  1.1e-03  2.0e-01
  35  T 0   1.681e+08  -3e-01  0.94  2.0e-01  2.6e-04  1.8e-01  1.3e+00  2.2e-01  1.0e-03  2.2e-01
  36  T 0   1.672e+08  -2e-01  0.94  2.0e-01  4.4e-04  2.0e-01  1.1e+00  1.9e-01  1.0e-03  1.9e-01
  37  T 0   1.661e+08  -2e-01  0.94  1.5e-01  5.6e-04  1.5e-01  1.2e+00  2.2e-01  9.8e-04  2.2e-01
  38  T 0   1.652e+08  -2e-01  0.95  1.8e-01  2.8e-04  1.8e-01  1.1e+00  2.3e-01  1.1e-03  2.3e-01
  39  T 0   1.645e+08  -2e-01  0.94  2.0e-01  2.9e-04  2.0e-01  1.0e+00  2.1e-01  1.0e-03  2.2e-01
  40  T 0   1.638e+08  -2e-01  0.95  2.0e-01  2.9e-04  1.5e-01  1.2e+00  2.0e-01  1.0e-03  2.0e-01
  41  T 0   1.630e+08  -2e-01  0.95  1.8e-01  3.0e-04  1.8e-01  1.0e+00  1.9e-01  1.1e-03  2.0e-01
  42  T 0   1.624e+08  -2e-01  0.95  2.0e-01  2.9e-04  2.0e-01  1.0e+00  1.9e-01  1.1e-03  1.9e-01
  43  T 0   1.616e+08  -2e-01  0.95  2.0e-01  3.0e-04  1.6e-01  1.1e+00  2.0e-01  1.1e-03  2.0e-01
  44  T 0   1.609e+08  -2e-01  0.95  1.9e-01  2.9e-04  1.7e-01  9.2e-01  2.0e-01  1.1e-03  2.0e-01
  45  T 0   1.603e+08  -2e-01  0.95  2.0e-01  2.8e-04  1.3e-01  8.8e-01  2.0e-01  1.1e-03  2.0e-01
  46  T 0   1.596e+08  -2e-01  0.95  2.0e-01  2.7e-04  1.6e-01  9.9e-01  2.3e-01  1.0e-03  2.3e-01
  47  T 0   1.590e+08  -2e-01  0.96  1.9e-01  2.5e-04  1.9e-01  8.7e-01  1.9e-01  1.1e-03  2.0e-01
  48  T 0   1.583e+08  -2e-01  0.96  2.0e-01  2.5e-04  1.3e-01  9.1e-01  1.9e-01  1.1e-03  1.9e-01
  49  T 0   1.575e+08  -2e-01  0.96  1.6e-01  2.4e-04  1.6e-01  1.0e+00  2.0e-01  1.0e-03  2.0e-01
  50  T 0   1.570e+08  -2e-01  0.96  1.9e-01  2.4e-04  1.9e-01  8.2e-01  2.0e-01  1.0e-03  2.0e-01
  51  T 0   1.566e+08  -2e-01  0.96  2.0e-01  2.3e-04  2.0e-01  8.6e-01  1.9e-01  1.0e-03  1.9e-01
  52  T 0   1.561e+08  -1e-01  0.96  1.6e-01  2.3e-04  1.6e-01  9.3e-01  2.0e-01  1.1e-03  2.0e-01
  53  T 0   1.557e+08  -1e-01  0.96  1.9e-01  2.2e-04  1.8e-01  7.9e-01  2.2e-01  1.1e-03  2.2e-01
  54  T 0   1.553e+08  -1e-01  0.96  2.0e-01  2.1e-04  1.3e-01  8.2e-01  2.0e-01  1.0e-03  2.0e-01
  55  T 0   1.549e+08  -1e-01  0.96  2.0e-01  2.0e-04  1.6e-01  9.3e-01  1.9e-01  1.0e-03  1.9e-01
  56  T 0   1.545e+08  -1e-01  0.96  1.9e-01  2.0e-04  1.9e-01  8.1e-01  2.1e-01  1.1e-03  2.1e-01
  57  T 0   1.541e+08  -1e-01  0.96  2.0e-01  1.8e-04  1.3e-01  8.3e-01  1.9e-01  1.1e-03  1.9e-01
  58  T 0   1.537e+08  -1e-01  0.96  1.6e-01  1.7e-04  1.6e-01  9.1e-01  1.9e-01  1.1e-03  2.0e-01
  59  T 0   1.534e+08  -1e-01  0.96  1.9e-01  1.5e-04  1.6e-01  6.5e-01  1.9e-01  1.0e-03  1.9e-01
  60  T 0   1.533e+08  -1e-01  0.96  2.0e-01  1.5e-04  1.4e-01  6.8e-01  2.0e-01  1.1e-03  2.0e-01
  61  T 0   1.530e+08  -1e-01  0.96  2.0e-01  1.5e-04  1.6e-01  7.6e-01  1.9e-01  1.0e-03  1.9e-01
  62  T 0   1.529e+08  -1e-01  0.96  2.0e-01  1.5e-04  1.6e-01  6.7e-01  1.9e-01  1.0e-03  1.9e-01
  63  T 0   1.527e+08  -1e-01  0.96  2.0e-01  1.4e-04  1.4e-01  7.1e-01  1.9e-01  1.1e-03  1.9e-01
  64  T 0   1.525e+08  -1e-01  0.96  1.6e-01  1.4e-04  1.6e-01  7.5e-01  2.0e-01  1.1e-03  2.0e-01
  65  T 0   1.523e+08  -1e-01  0.96  2.0e-01  1.5e-04  1.6e-01  6.1e-01  2.0e-01  1.0e-03  2.0e-01
  66  T 0   1.520e+08  -1e-01  0.96  2.0e-01  1.5e-04  1.4e-01  6.2e-01  2.0e-01  1.1e-03  2.0e-01
  67  T 0   1.518e+08  -9e-02  0.96  2.0e-01  1.5e-04  1.7e-01  7.0e-01  2.1e-01  1.0e-03  2.1e-01
  68  T 0   1.516e+08  -9e-02  0.96  2.0e-01  1.5e-04  1.4e-01  6.3e-01  1.9e-01  1.0e-03  1.9e-01
  69  T 0   1.514e+08  -9e-02  0.96  2.0e-01  1.5e-04  1.6e-01  7.1e-01  2.7e-01  1.1e-03  2.7e-01
  70  T 0   1.511e+08  -8e-02  0.96  2.0e-01  1.5e-04  2.0e-01  8.2e-01  2.2e-01  1.2e-03  2.2e-01
  71  T 0   1.509e+08  -8e-02  0.96  2.0e-01  1.5e-04  2.0e-01  6.4e-01  2.1e-01  1.2e-03  2.1e-01
  72  T 0   1.507e+08  -8e-02  0.96  2.0e-01  1.5e-04  1.4e-01  6.9e-01  2.2e-01  1.1e-03  2.3e-01
  73  T 0   1.504e+08  -8e-02  0.97  1.7e-01  1.5e-04  1.6e-01  7.5e-01  2.5e-01  1.1e-03  2.5e-01
  74  T 0   1.503e+08  -7e-02  0.97  2.0e-01  1.5e-04  2.0e-01  6.5e-01  2.6e-01  1.0e-03  2.6e-01
  75  T 0   1.501e+08  -7e-02  0.97  2.0e-01  1.5e-04  1.4e-01  6.9e-01  2.4e-01  1.4e-03  2.4e-01
  76  T 0   1.499e+08  -7e-02  0.97  1.7e-01  1.5e-04  1.6e-01  7.3e-01  2.9e-01  1.6e-03  3.0e-01
  77  T 0   1.497e+08  -6e-02  0.97  2.0e-01  1.5e-04  2.0e-01  6.4e-01  2.6e-01  1.0e-03  2.6e-01
  78  T 0   1.496e+08  -6e-02  0.97  1.4e-01  1.5e-04  1.4e-01  6.7e-01  2.8e-01  1.3e-03  2.8e-01
  79  T 0   1.494e+08  -6e-02  0.97  1.7e-01  1.5e-04  1.5e-01  7.0e-01  2.5e-01  1.4e-03  2.6e-01
  80  T 0   1.493e+08  -6e-02  0.97  2.0e-01  1.5e-04  1.2e-01  6.0e-01  2.5e-01  1.4e-03  2.6e-01
  81  T 0   1.491e+08  -5e-02  0.97  1.4e-01  1.5e-04  1.4e-01  6.6e-01  2.4e-01  1.3e-03  2.5e-01
  82  T 0   1.490e+08  -5e-02  0.97  1.7e-01  1.6e-04  1.7e-01  7.1e-01  2.9e-01  1.4e-03  2.9e-01
  83  T 0   1.489e+08  -5e-02  0.97  2.0e-01  1.6e-04  2.0e-01  6.5e-01  2.4e-01  1.3e-03  2.5e-01
  84  T 0   1.488e+08  -5e-02  0.96  1.4e-01  1.6e-04  1.4e-01  6.9e-01  2.6e-01  1.4e-03  2.6e-01
  85  T 0   1.486e+08  -5e-02  0.96  1.7e-01  1.6e-04  1.7e-01  7.1e-01  2.5e-01  1.4e-03  2.6e-01
  86  T 0   1.485e+08  -4e-02  0.97  2.0e-01  1.6e-04  2.0e-01  6.7e-01  2.6e-01  1.4e-03  2.6e-01
  87  T 0   1.484e+08  -4e-02  0.97  2.0e-01  1.6e-04  2.0e-01  6.9e-01  2.6e-01  1.4e-03  2.6e-01
  88  T 0   1.483e+08  -4e-02  0.97  1.7e-01  1.6e-04  1.5e-01  6.0e-01  3.4e-01  1.4e-03  3.4e-01
  89  T 0   1.481e+08  -4e-02  0.97  2.0e-01  1.6e-04  2.0e-01  5.7e-01  2.6e-01  1.3e-03  2.7e-01
  90  T 0   1.480e+08  -4e-02  0.97  2.0e-01  1.6e-04  2.0e-01  6.0e-01  2.6e-01  1.4e-03  2.6e-01
  91  T 0   1.479e+08  -3e-02  0.97  1.8e-01  1.6e-04  1.8e-01  5.8e-01  2.4e-01  1.4e-03  2.4e-01
  92  T 0   1.477e+08  -3e-02  0.97  2.0e-01  1.6e-04  1.2e-01  5.5e-01  2.4e-01  1.4e-03  2.4e-01
  93  T 0   1.475e+08  -3e-02  0.97  1.5e-01  1.6e-04  1.5e-01  6.0e-01  2.5e-01  1.4e-03  2.5e-01
  94  T 0   1.473e+08  -3e-02  0.97  1.8e-01  1.5e-04  1.1e-01  5.3e-01  2.5e-01  1.4e-03  2.5e-01
  95  T 0   1.471e+08  -3e-02  0.97  2.0e-01  1.5e-04  1.2e-01  5.0e-01  2.6e-01  1.3e-03  2.6e-01
  96  T 0   1.469e+08  -2e-02  0.97  1.5e-01  1.5e-04  1.5e-01  5.6e-01  2.4e-01  1.4e-03  2.5e-01
  97  T 0   1.467e+08  -2e-02  0.97  1.8e-01  1.5e-04  1.8e-01  5.9e-01  2.7e-01  1.4e-03  2.7e-01
  98  T 0   1.465e+08  -2e-02  0.97  2.0e-01  1.4e-04  1.3e-01  6.1e-01  2.8e-01  1.4e-03  2.8e-01
  99  T 0   1.462e+08  -2e-02  0.97  2.0e-01  1.4e-04  1.5e-01  6.4e-01  2.4e-01  1.4e-03  2.4e-01
 100  T 0   1.459e+08  -1e-02  0.97  1.8e-01  1.4e-04  1.1e-01  6.3e-01  2.5e-01  1.4e-03  2.5e-01
 101  T 0   1.456e+08  -1e-02  0.97  2.0e-01  1.4e-04  2.0e-01  6.8e-01  3.3e-01  1.3e-03  3.3e-01
 102  T 0   1.453e+08  -7e-03  0.97  1.5e-01  1.3e-04  1.5e-01  7.6e-01  2.7e-01  1.5e-03  2.7e-01
 103  T 0   1.450e+08  -3e-03  0.97  1.8e-01  1.3e-04  1.8e-01  7.2e-01  2.7e-01  1.4e-03  2.7e-01
 104  T 0   1.448e+08  -4e-06  0.97  2.0e-01  1.2e-04  1.6e-01  7.2e-01  2.7e-01  2.9e-03  2.7e-01
 105  T 0   1.446e+08   2e-05  0.97  2.0e-01  1.0e-04  1.7e-01  7.4e-01  3.5e-01  3.5e-03  3.5e-01
 106  T 0   1.444e+08   5e-07  0.97  2.0e-01  1.0e-04  2.0e-01  7.0e-01  2.6e-01  4.4e-03  2.7e-01
 107  T 0   1.443e+08  -5e-06  0.97  2.0e-01  9.7e-05  1.6e-01  6.9e-01  2.6e-01  2.8e-03  2.7e-01
 108  T 0   1.441e+08   5e-06  0.97  2.0e-01  9.4e-05  2.0e-01  7.6e-01  2.8e-01  2.0e-03  2.8e-01
 109  T 0   1.440e+08  -7e-06  0.97  2.0e-01  9.1e-05  2.0e-01  8.0e-01  2.6e-01  3.5e-03  2.7e-01
 110  T 0   1.439e+08  -7e-06  0.98  2.0e-01  9.1e-05  1.7e-01  7.3e-01  2.6e-01  2.7e-03  2.6e-01
 111  T 0   1.438e+08  -8e-06  0.98  2.0e-01  8.6e-05  2.0e-01  7.9e-01  2.7e-01  3.5e-03  2.7e-01
 112  T 0   1.437e+08  -6e-06  0.98  2.0e-01  8.7e-05  1.9e-01  6.9e-01  2.7e-01  3.0e-03  2.7e-01
 113  T 0   1.437e+08  -1e-06  0.98  2.0e-01  8.6e-05  2.0e-01  6.5e-01  2.7e-01  2.9e-03  2.7e-01
 114  T 0   1.436e+08   9e-07  0.98  2.0e-01  7.4e-05  1.7e-01  6.5e-01  2.7e-01  3.6e-03  2.7e-01
 115  T 0   1.436e+08   2e-05  0.98  2.0e-01  7.6e-05  1.7e-01  5.9e-01  2.7e-01  2.7e-03  2.7e-01
 116  T 0   1.435e+08  -1e-05  0.98  2.0e-01  7.8e-05  1.6e-01  5.5e-01  2.8e-01  2.3e-03  2.8e-01
 117  T 0   1.435e+08  -4e-05  0.98  2.0e-01  8.2e-05  2.0e-01  5.2e-01  2.7e-01  2.1e-03  2.7e-01
 118  T 0   1.435e+08  -4e-06  0.98  1.7e-01  7.8e-05  1.6e-01  5.2e-01  2.7e-01  3.2e-03  2.8e-01
 119  T 0   1.435e+08  -2e-05  0.98  2.0e-01  7.9e-05  1.3e-01  3.9e-01  2.8e-01  1.8e-03  2.9e-01
 120  T 0   1.435e+08   7e-06  0.98  1.7e-01  7.7e-05  1.2e-01  3.8e-01  2.8e-01  2.8e-03  2.9e-01
 121  T 0   1.435e+08  -3e-05  0.98  1.2e-01  7.4e-05  1.1e-01  3.7e-01  2.6e-01  2.4e-03  2.7e-01
 122  T 0   1.434e+08  -8e-06  0.98  1.3e-01  7.4e-05  1.3e-01  3.6e-01  3.4e-01  2.9e-03  3.5e-01
 123  T 0   1.434e+08  -3e-06  0.98  1.6e-01  6.7e-05  1.6e-01  3.9e-01  3.2e-01  3.0e-03  3.2e-01
 124  T 0   1.434e+08   8e-06  0.98  1.8e-01  6.8e-05  1.3e-01  3.5e-01  2.8e-01  1.5e-03  2.8e-01
 125  T 0   1.434e+08   1e-05  0.98  2.0e-01  6.2e-05  1.3e-01  3.2e-01  2.7e-01  1.8e-03  2.7e-01
 126  T 0   1.434e+08  -5e-08  0.98  1.6e-01  5.8e-05  1.6e-01  3.4e-01  2.8e-01  2.6e-03  2.8e-01
 127  T 0   1.433e+08   7e-06  0.98  1.9e-01  5.3e-05  1.1e-01  2.8e-01  2.8e-01  2.3e-03  2.8e-01
 128  T 0   1.433e+08  -1e-05  0.98  2.0e-01  5.2e-05  1.4e-01  2.9e-01  3.6e-01  2.5e-03  3.6e-01
 129  T 0   1.433e+08  -2e-06  0.98  1.6e-01  5.4e-05  1.6e-01  3.3e-01  2.7e-01  2.3e-03  2.7e-01
 130  T 0   1.433e+08   3e-05  0.98  2.0e-01  5.4e-05  1.4e-01  3.4e-01  2.7e-01  2.7e-03  2.8e-01
 131  T 0   1.433e+08   3e-05  0.98  2.0e-01  5.7e-05  1.3e-01  3.6e-01  2.7e-01  1.8e-03  2.8e-01
 132  T 0   1.433e+08   3e-06  0.98  1.6e-01  5.3e-05  1.6e-01  3.8e-01  2.7e-01  2.4e-03  2.7e-01
 133  T 0   1.432e+08  -1e-05  0.98  1.9e-01  5.6e-05  1.2e-01  3.5e-01  2.7e-01  2.4e-03  2.8e-01
 134  T 0   1.432e+08   2e-05  0.98  2.0e-01  5.4e-05  1.4e-01  3.2e-01  2.7e-01  2.1e-03  2.8e-01
 135  T 0   1.432e+08   3e-05  0.98  1.7e-01  5.5e-05  1.7e-01  3.7e-01  2.8e-01  1.9e-03  2.8e-01
 136  T 0   1.432e+08  -2e-05  0.98  2.0e-01  5.8e-05  1.2e-01  3.4e-01  2.7e-01  2.9e-03  2.8e-01
 137  T 0   1.432e+08  -1e-05  0.98  1.4e-01  5.5e-05  1.4e-01  3.9e-01  2.9e-01  3.2e-03  2.9e-01
 138  T 0   1.432e+08  -2e-05  0.98  1.7e-01  5.7e-05  1.7e-01  4.4e-01  2.7e-01  1.8e-03  2.7e-01
 139  T 0   1.431e+08   8e-07  0.98  2.0e-01  5.3e-05  1.2e-01  3.2e-01  2.6e-01  3.3e-03  2.7e-01
 140  T 0   1.431e+08   4e-06  0.98  2.0e-01  5.8e-05  1.4e-01  3.3e-01  2.7e-01  2.6e-03  2.7e-01
 141  T 0   1.431e+08  -2e-06  0.98  1.7e-01  5.7e-05  1.6e-01  3.3e-01  2.6e-01  2.4e-03  2.6e-01
 142  T 0   1.431e+08  -9e-06  0.98  2.0e-01  5.7e-05  1.4e-01  2.8e-01  2.7e-01  2.9e-03  2.7e-01
 143  T 0   1.431e+08   8e-06  0.98  1.7e-01  5.6e-05  1.7e-01  3.3e-01  2.8e-01  2.9e-03  2.8e-01
 144  T 0   1.431e+08   3e-06  0.97  1.7e-01  5.7e-05  1.6e-01  3.2e-01  3.8e-01  2.7e-03  3.8e-01
 145  T 0   1.430e+08  -1e-06  0.97  2.0e-01  5.4e-05  9.7e-02  2.8e-01  2.7e-01  3.2e-03  2.8e-01
 146  T 0   1.430e+08  -9e-06  0.97  1.4e-01  5.5e-05  1.2e-01  2.9e-01  2.7e-01  2.1e-03  2.8e-01
 147  T 0   1.430e+08  -6e-06  0.97  1.4e-01  5.3e-05  1.4e-01  3.4e-01  2.7e-01  3.9e-03  2.8e-01
 148  T 0   1.430e+08   1e-05  0.97  1.7e-01  5.4e-05  1.7e-01  4.0e-01  2.7e-01  3.7e-03  2.7e-01
 149  T 0   1.430e+08   7e-06  0.97  1.7e-01  5.4e-05  1.7e-01  4.3e-01  2.7e-01  1.7e-03  2.7e-01
 150  T 0   1.430e+08  -2e-05  0.97  1.7e-01  5.4e-05  1.7e-01  4.2e-01  2.8e-01  3.0e-03  2.8e-01
 151  T 0   1.430e+08   7e-06  0.97  2.0e-01  5.5e-05  1.8e-01  3.6e-01  2.8e-01  1.8e-03  2.8e-01
 152  T 0   1.430e+08  -8e-07  0.97  2.0e-01  5.3e-05  1.4e-01  3.6e-01  2.7e-01  3.3e-03  2.7e-01
 153  T 0   1.429e+08   4e-05  0.97  2.0e-01  5.3e-05  2.0e-01  4.1e-01  2.7e-01  1.7e-03  2.7e-01
 154  T 0   1.429e+08  -9e-06  0.97  2.0e-01  5.3e-05  2.0e-01  3.9e-01  2.7e-01  2.7e-03  2.8e-01
 155  T 0   1.429e+08   5e-06  0.97  1.4e-01  5.2e-05  1.4e-01  3.7e-01  2.7e-01  2.2e-03  2.7e-01
 156  T 0   1.429e+08   2e-06  0.97  1.7e-01  5.3e-05  1.7e-01  3.7e-01  2.7e-01  3.8e-03  2.8e-01
 157  T 0   1.429e+08  -1e-05  0.97  2.0e-01  5.0e-05  1.6e-01  2.7e-01  2.8e-01  2.4e-03  2.8e-01
 158  T 0   1.429e+08   4e-06  0.97  2.0e-01  5.2e-05  8.6e-02  2.2e-01  2.8e-01  2.7e-03  2.8e-01
 159  T 0   1.429e+08  -5e-06  0.97  1.4e-01  5.1e-05  1.0e-01  2.2e-01  2.7e-01  2.7e-03  2.8e-01
 160  T 0   1.429e+08  -7e-06  0.97  1.2e-01  5.0e-05  1.2e-01  2.3e-01  2.7e-01  2.7e-03  2.7e-01
 161  T 0   1.428e+08  -3e-05  0.97  8.7e-02  5.0e-05  8.7e-02  2.3e-01  3.5e-01  2.1e-03  3.5e-01
 162  T 0   1.428e+08  -6e-06  0.97  6.9e-02  4.8e-05  6.9e-02  2.5e-01  2.8e-01  2.3e-03  2.8e-01
 163  T 0   1.428e+08  -3e-06  0.97  8.1e-02  4.7e-05  8.1e-02  2.7e-01  3.1e-01  3.3e-03  3.1e-01
 164  T 0   1.428e+08   1e-07  0.97  9.7e-02  4.7e-05  9.7e-02  2.9e-01  2.8e-01  2.4e-03  2.8e-01
 165  T 0   1.428e+08   3e-06  0.97  1.2e-01  4.6e-05  1.2e-01  3.6e-01  2.8e-01  2.1e-03  2.9e-01
 166  T 0   1.427e+08  -6e-06  0.98  1.4e-01  4.5e-05  1.4e-01  4.1e-01  2.6e-01  3.6e-03  2.7e-01
 167  T 0   1.427e+08  -8e-07  0.98  1.7e-01  4.4e-05  1.6e-01  4.5e-01  2.7e-01  2.6e-03  2.7e-01
 168  T 0   1.427e+08  -7e-06  0.98  2.0e-01  4.1e-05  1.3e-01  4.5e-01  2.6e-01  3.4e-03  2.7e-01
 169  T 0   1.426e+08   2e-06  0.98  1.4e-01  3.9e-05  1.3e-01  5.0e-01  2.6e-01  3.3e-03  2.7e-01
 170  T 0   1.426e+08  -7e-06  0.98  1.5e-01  3.7e-05  1.5e-01  5.4e-01  2.6e-01  2.1e-03  2.6e-01
 171  T 0   1.425e+08  -3e-07  0.98  1.8e-01  3.3e-05  1.5e-01  6.0e-01  2.6e-01  3.7e-03  2.6e-01
 172  T 0   1.425e+08  -1e-05  0.98  2.0e-01  3.6e-05  1.6e-01  6.5e-01  2.6e-01  2.7e-03  2.7e-01
 173  T 0   1.424e+08   9e-06  0.98  2.0e-01  4.3e-05  1.6e-01  6.2e-01  2.8e-01  2.0e-03  2.8e-01
 174  T 0   1.424e+08   1e-05  0.98  2.0e-01  3.9e-05  1.5e-01  5.9e-01  2.7e-01  3.0e-03  2.7e-01
 175  T 0   1.424e+08  -7e-06  0.98  1.7e-01  3.7e-05  1.6e-01  6.1e-01  2.7e-01  2.3e-03  2.8e-01
 176  T 0   1.424e+08  -8e-05  0.98  2.0e-01  3.7e-05  2.0e-01  5.8e-01  2.7e-01  1.8e-03  2.8e-01
 177  T 0   1.423e+08   9e-06  0.98  2.0e-01  3.8e-05  1.8e-01  4.1e-01  2.7e-01  2.1e-03  2.7e-01
 178  T 0   1.423e+08   6e-06  0.98  2.0e-01  3.9e-05  1.2e-01  3.0e-01  2.8e-01  2.1e-03  2.9e-01
 179  T 0   1.423e+08   5e-06  0.98  2.0e-01  3.8e-05  1.4e-01  3.1e-01  2.8e-01  2.3e-03  2.9e-01
 180  T 0   1.423e+08   5e-06  0.98  1.7e-01  3.9e-05  1.6e-01  3.6e-01  2.8e-01  2.1e-03  2.8e-01
 181  T 0   1.423e+08  -2e-05  0.98  2.0e-01  3.9e-05  1.4e-01  3.2e-01  2.7e-01  2.0e-03  2.7e-01
 182  T 0   1.423e+08   2e-06  0.98  1.7e-01  4.3e-05  1.6e-01  3.4e-01  2.8e-01  2.1e-03  2.8e-01
 183  T 0   1.423e+08   2e-06  0.98  2.0e-01  4.4e-05  1.6e-01  3.2e-01  2.6e-01  2.0e-03  2.7e-01
 184  T 0   1.423e+08  -5e-07  0.98  2.0e-01  4.4e-05  1.7e-01  3.0e-01  2.7e-01  2.4e-03  2.7e-01
 185  T 0   1.423e+08  -2e-05  0.98  1.7e-01  4.5e-05  1.6e-01  2.9e-01  2.6e-01  2.4e-03  2.7e-01
 186  T 0   1.423e+08   9e-06  0.98  2.0e-01  4.6e-05  8.5e-02  2.1e-01  2.6e-01  2.7e-03  2.7e-01
 187  T 0   1.423e+08   8e-06  0.98  1.7e-01  4.6e-05  1.0e-01  2.3e-01  2.8e-01  2.4e-03  2.8e-01
 188  T 0   1.422e+08  -1e-06  0.98  1.2e-01  4.7e-05  7.1e-02  2.4e-01  2.7e-01  1.5e-03  2.7e-01
 189  T 0   1.422e+08  -1e-05  0.98  1.4e-01  4.6e-05  7.5e-02  2.2e-01  2.8e-01  2.0e-03  2.8e-01
 190  T 0   1.422e+08   2e-05  0.98  1.7e-01  4.6e-05  1.2e-01  2.4e-01  2.7e-01  2.0e-03  2.8e-01
 191  T 0   1.422e+08   6e-06  0.98  1.2e-01  4.7e-05  9.7e-02  2.0e-01  2.9e-01  1.8e-03  2.9e-01
 192  T 0   1.422e+08   3e-06  0.98  1.2e-01  4.7e-05  1.2e-01  2.2e-01  2.7e-01  1.7e-03  2.7e-01
 193  T 0   1.422e+08  -5e-06  0.98  1.4e-01  4.7e-05  1.4e-01  2.2e-01  2.8e-01  2.1e-03  2.8e-01
 194  T 0   1.422e+08   2e-06  0.98  1.7e-01  4.7e-05  1.6e-01  2.4e-01  2.8e-01  1.8e-03  2.8e-01
 195  T 0   1.422e+08   3e-06  0.98  2.0e-01  4.7e-05  2.0e-01  2.8e-01  3.1e-01  1.8e-03  3.2e-01
 196  T 0   1.422e+08  -2e-06  0.98  1.4e-01  4.7e-05  1.4e-01  2.6e-01  2.7e-01  1.8e-03  2.8e-01
 197  T 0   1.422e+08  -1e-05  0.98  1.7e-01  4.7e-05  1.6e-01  2.3e-01  2.8e-01  2.1e-03  2.8e-01
 198  T 0   1.422e+08  -1e-05  0.98  2.0e-01  4.7e-05  1.2e-01  2.2e-01  2.9e-01  2.4e-03  2.9e-01
 199  T 0   1.422e+08  -8e-07  0.98  1.4e-01  4.7e-05  1.0e-01  2.0e-01  2.7e-01  2.1e-03  2.7e-01
 200  T 0   1.422e+08  -2e-06  0.98  9.8e-02  4.7e-05  8.6e-02  1.9e-01  2.7e-01  1.8e-03  2.8e-01
 201  T 0   1.422e+08   8e-06  0.98  1.0e-01  4.6e-05  1.0e-01  2.0e-01  2.7e-01  1.8e-03  2.7e-01
 202  T 0   1.422e+08  -7e-06  0.98  1.2e-01  4.6e-05  1.2e-01  2.0e-01  2.7e-01  2.1e-03  2.8e-01
 203  T 0   1.422e+08  -1e-05  0.98  1.5e-01  4.6e-05  1.5e-01  2.3e-01  2.6e-01  2.1e-03  2.6e-01
 204  T 0   1.422e+08  -5e-06  0.98  1.8e-01  4.6e-05  1.1e-01  2.0e-01  2.7e-01  2.1e-03  2.7e-01
 205  T 0   1.422e+08   4e-06  0.98  2.0e-01  4.5e-05  9.7e-02  2.0e-01  2.7e-01  2.6e-03  2.7e-01
 206  T 0   1.422e+08   1e-06  0.98  1.4e-01  4.5e-05  1.2e-01  2.0e-01  2.7e-01  1.8e-03  2.8e-01
 207  T 0   1.422e+08  -2e-05  0.98  9.8e-02  4.5e-05  8.9e-02  2.0e-01  2.7e-01  1.8e-03  2.7e-01
 208  T 0   1.422e+08  -9e-07  0.98  1.1e-01  4.5e-05  1.1e-01  2.1e-01  2.7e-01  1.8e-03  2.7e-01
 209  T 0   1.421e+08  -8e-06  0.98  9.8e-02  4.4e-05  9.8e-02  2.1e-01  2.8e-01  2.3e-03  2.8e-01
 210  T 0   1.421e+08   7e-06  0.98  1.2e-01  4.3e-05  1.2e-01  2.3e-01  2.7e-01  1.8e-03  2.7e-01
 211  T 0   1.421e+08   6e-06  0.98  1.4e-01  4.2e-05  1.4e-01  2.7e-01  2.7e-01  1.8e-03  2.7e-01
 212  T 0   1.421e+08   2e-05  0.98  1.2e-01  4.1e-05  1.2e-01  2.7e-01  3.3e-01  1.7e-03  3.3e-01
 213  T 0   1.421e+08   9e-06  0.98  1.4e-01  4.0e-05  1.4e-01  2.7e-01  2.7e-01  3.6e-03  2.7e-01
 214  T 0   1.421e+08  -1e-05  0.98  1.4e-01  3.8e-05  1.4e-01  2.9e-01  2.7e-01  2.1e-03  2.7e-01
 215  T 0   1.421e+08  -5e-06  0.98  1.3e-01  3.7e-05  1.3e-01  2.8e-01  2.8e-01  3.0e-03  2.8e-01
 216  T 0   1.421e+08   4e-06  0.98  1.5e-01  3.4e-05  1.5e-01  2.9e-01  2.9e-01  2.0e-03  2.9e-01
 217  T 0   1.421e+08   2e-05  0.98  1.8e-01  3.2e-05  1.2e-01  3.1e-01  2.9e-01  2.1e-03  2.9e-01
 218  T 0   1.421e+08  -3e-07  0.98  2.0e-01  3.0e-05  1.4e-01  2.9e-01  3.4e-01  2.6e-03  3.4e-01
 219  T 0   1.421e+08   4e-06  0.98  1.7e-01  3.0e-05  1.6e-01  3.0e-01  2.8e-01  2.1e-03  2.8e-01
 220  T 0   1.421e+08   3e-05  0.98  2.0e-01  3.1e-05  1.3e-01  2.7e-01  2.6e-01  1.7e-03  2.7e-01
 221  T 0   1.421e+08   5e-07  0.98  1.4e-01  3.0e-05  1.1e-01  2.6e-01  2.7e-01  2.1e-03  2.7e-01
 222  T 0   1.421e+08  -4e-06  0.98  9.8e-02  3.1e-05  7.6e-02  2.4e-01  2.7e-01  2.8e-03  2.7e-01
 223  T 0   1.420e+08   3e-06  0.98  8.2e-02  3.1e-05  8.2e-02  2.3e-01  3.8e-01  2.4e-03  3.9e-01
 224  T 0   1.420e+08   2e-05  0.98  9.9e-02  3.1e-05  9.9e-02  2.5e-01  2.9e-01  2.5e-03  3.0e-01
 225  T 0   1.420e+08  -2e-05  0.98  1.2e-01  3.0e-05  1.2e-01  2.8e-01  2.7e-01  1.8e-03  2.7e-01
 226  T 0   1.420e+08   5e-06  0.98  1.4e-01  3.1e-05  1.4e-01  2.9e-01  2.8e-01  2.4e-03  2.8e-01
 227  T 0   1.420e+08   5e-13  0.98  1.7e-01  2.9e-05  1.5e-01  3.1e-01  2.7e-01  3.2e-03  2.7e-01
 228  T 0   1.420e+08  -1e-05  0.98  2.0e-01  2.9e-05  1.1e-01  2.8e-01  2.7e-01  1.8e-03  2.7e-01
 229  T 0   1.420e+08   1e-05  0.98  1.4e-01  2.9e-05  1.3e-01  3.3e-01  2.8e-01  1.8e-03  2.9e-01
 230  T 0   1.420e+08   1e-05  0.98  1.5e-01  2.7e-05  1.4e-01  3.5e-01  2.6e-01  2.0e-03  2.7e-01
 231  T 0   1.420e+08   1e-05  0.98  1.7e-01  2.6e-05  1.6e-01  3.9e-01  3.3e-01  2.4e-03  3.3e-01
 232  T 0   1.419e+08   8e-06  0.98  2.0e-01  2.5e-05  2.0e-01  4.2e-01  2.7e-01  2.4e-03  2.7e-01
 233  T 0   1.419e+08   2e-07  0.98  2.0e-01  2.3e-05  1.7e-01  3.8e-01  3.0e-01  3.5e-03  3.0e-01
 234  T 0   1.419e+08   4e-07  0.98  2.0e-01  2.4e-05  1.2e-01  2.8e-01  2.9e-01  2.9e-03  3.0e-01
 235  T 0   1.419e+08  -3e-05  0.98  1.5e-01  2.4e-05  1.5e-01  3.2e-01  2.8e-01  2.1e-03  2.8e-01
 236  T 0   1.419e+08   2e-06  0.98  1.8e-01  2.5e-05  1.8e-01  3.5e-01  2.7e-01  3.0e-03  2.8e-01
 237  T 0   1.419e+08  -2e-07  0.98  2.0e-01  2.4e-05  2.0e-01  3.5e-01  2.7e-01  3.2e-03  2.7e-01
 238  T 0   1.419e+08  -9e-06  0.98  1.4e-01  2.5e-05  1.4e-01  3.3e-01  2.8e-01  2.4e-03  2.8e-01
 239  T 0   1.419e+08  -9e-06  0.98  1.7e-01  2.5e-05  1.6e-01  3.5e-01  3.0e-01  2.3e-03  3.0e-01
 240  T 0   1.419e+08   7e-06  0.98  2.0e-01  2.6e-05  2.0e-01  3.0e-01  3.2e-01  2.7e-03  3.2e-01
 241  T 0   1.419e+08   1e-06  0.98  2.0e-01  2.5e-05  1.4e-01  2.4e-01  2.7e-01  1.8e-03  2.7e-01
 242  T 0   1.419e+08  -8e-06  0.98  1.4e-01  2.6e-05  1.2e-01  2.0e-01  2.8e-01  2.3e-03  2.8e-01
 243  T 0   1.419e+08  -6e-06  0.98  1.4e-01  2.5e-05  1.4e-01  2.5e-01  2.6e-01  2.1e-03  2.7e-01
 244  T 0   1.419e+08   2e-06  0.98  9.8e-02  2.5e-05  9.8e-02  2.3e-01  2.7e-01  2.1e-03  2.7e-01
 245  T 0   1.419e+08  -5e-06  0.98  1.2e-01  2.5e-05  1.2e-01  2.2e-01  2.7e-01  1.8e-03  2.7e-01
 246  T 0   1.419e+08   3e-05  0.98  1.4e-01  2.4e-05  1.4e-01  2.5e-01  2.7e-01  1.7e-03  2.7e-01
 247  T 0   1.419e+08  -9e-06  0.98  1.7e-01  2.4e-05  1.7e-01  2.9e-01  2.7e-01  1.5e-03  2.8e-01
 248  T 0   1.419e+08  -8e-06  0.98  2.0e-01  2.3e-05  1.6e-01  2.7e-01  2.8e-01  1.5e-03  2.8e-01
 249  T 0   1.419e+08   1e-06  0.98  2.0e-01  2.1e-05  1.0e-01  2.0e-01  2.7e-01  2.7e-03  2.7e-01
 250  T 0   1.419e+08   9e-06  0.98  1.4e-01  2.0e-05  8.6e-02  1.9e-01  2.9e-01  3.0e-03  2.9e-01
 251  T 0   1.419e+08   3e-06  0.98  1.0e-01  1.9e-05  1.0e-01  2.1e-01  2.7e-01  3.6e-03  2.7e-01
 252  T 0   1.419e+08   5e-06  0.98  1.2e-01  1.9e-05  1.2e-01  2.3e-01  2.7e-01  1.8e-03  2.7e-01
 253  T 0   1.418e+08   5e-05  0.98  1.5e-01  1.9e-05  1.5e-01  2.7e-01  2.8e-01  2.1e-03  2.8e-01
 254  T 0   1.418e+08  -2e-06  0.98  1.8e-01  1.8e-05  1.6e-01  2.8e-01  2.7e-01  2.3e-03  2.8e-01
 255  T 0   1.418e+08  -3e-06  0.98  2.0e-01  1.9e-05  1.2e-01  1.8e-01  3.1e-01  2.7e-03  3.1e-01
 256  F 0   1.418e+08  -4e-05  0.98  2.0e-01  1.9e-05  8.7e-02  1.6e-01  3.3e-01  1.8e-03  3.3e-01
 257  T 0   1.418e+08  -2e-05  0.98  1.4e-01  1.8e-05  6.5e-02  1.4e-01  2.8e-01  2.6e-03  2.8e-01
 258  T 0   1.418e+08  -3e-05  0.98  9.8e-02  1.8e-05  7.1e-02  1.3e-01  2.7e-01  1.8e-03  2.7e-01
 259  T 0   1.418e+08   1e-05  0.98  8.5e-02  1.8e-05  8.5e-02  1.3e-01  2.7e-01  1.5e-03  2.8e-01
 260  T 0   1.418e+08  -7e-06  0.98  1.0e-01  1.8e-05  1.0e-01  1.5e-01  2.7e-01  1.8e-03  2.8e-01
 261  T 0   1.418e+08   2e-05  0.98  1.2e-01  1.8e-05  1.2e-01  1.6e-01  2.7e-01  2.4e-03  2.8e-01
 262  T 0   1.418e+08  -9e-06  0.98  1.5e-01  1.7e-05  1.5e-01  1.8e-01  2.7e-01  1.8e-03  2.8e-01
 263  T 0   1.418e+08  -4e-06  0.98  1.8e-01  1.7e-05  1.2e-01  1.5e-01  2.7e-01  2.1e-03  2.7e-01
 264  T 0   1.418e+08   4e-06  0.98  2.0e-01  1.7e-05  8.1e-02  1.1e-01  2.7e-01  2.4e-03  2.8e-01
 265  T 0   1.418e+08  -3e-07  0.98  1.4e-01  1.6e-05  9.7e-02  1.2e-01  2.7e-01  2.3e-03  2.7e-01
 266  T 0   1.418e+08   2e-06  0.98  1.2e-01  1.6e-05  1.2e-01  1.4e-01  2.7e-01  2.4e-03  2.7e-01
 267  T 0   1.418e+08  -5e-06  0.98  1.4e-01  1.5e-05  1.4e-01  1.6e-01  2.7e-01  2.4e-03  2.7e-01
 268  T 0   1.418e+08  -6e-06  0.98  9.8e-02  1.5e-05  9.8e-02  1.2e-01  2.7e-01  2.8e-03  2.8e-01
 269  T 0   1.418e+08   2e-05  0.98  6.9e-02  1.5e-05  6.9e-02  1.1e-01  2.7e-01  1.8e-03  2.7e-01
 270  T 0   1.418e+08  -1e-05  0.98  4.8e-02  1.6e-05  4.8e-02  1.0e-01  2.8e-01  1.7e-03  2.8e-01
 271  T 0   1.418e+08  -6e-06  0.98  5.5e-02  1.6e-05  5.5e-02  1.1e-01  2.8e-01  2.4e-03  2.8e-01
 272  T 0   1.418e+08  -4e-06  0.98  6.6e-02  1.7e-05  6.6e-02  1.2e-01  3.0e-01  2.3e-03  3.0e-01
 273  T 0   1.418e+08   2e-05  0.98  7.9e-02  1.7e-05  5.2e-02  1.2e-01  2.7e-01  1.8e-03  2.7e-01
 274  T 0   1.418e+08   1e-05  0.98  9.4e-02  1.7e-05  6.3e-02  1.3e-01  2.9e-01  1.5e-03  3.0e-01
 275  T 0   1.418e+08  -4e-06  0.98  7.6e-02  1.6e-05  7.6e-02  1.5e-01  2.7e-01  2.1e-03  2.8e-01
 276  T 0   1.418e+08   8e-06  0.98  9.1e-02  1.9e-05  9.1e-02  1.7e-01  2.7e-01  1.5e-03  2.7e-01
 277  T 0   1.418e+08   5e-06  0.98  1.1e-01  1.9e-05  1.1e-01  2.0e-01  2.7e-01  2.4e-03  2.8e-01
 278  T 0   1.418e+08   1e-05  0.98  1.3e-01  2.0e-05  1.3e-01  2.2e-01  2.8e-01  2.1e-03  2.8e-01
 279  T 0   1.418e+08   3e-05  0.98  1.2e-01  2.1e-05  1.2e-01  2.2e-01  2.8e-01  2.0e-03  2.9e-01
 280  T 0   1.418e+08   7e-06  0.98  1.4e-01  2.2e-05  1.4e-01  2.0e-01  2.7e-01  2.6e-03  2.8e-01
 281  T 0   1.418e+08  -2e-06  0.98  1.7e-01  2.0e-05  1.7e-01  2.3e-01  2.8e-01  3.0e-03  2.8e-01
 282  T 0   1.418e+08  -2e-05  0.98  1.2e-01  2.1e-05  1.2e-01  1.8e-01  2.8e-01  2.6e-03  2.8e-01
 283  T 0   1.418e+08  -2e-05  0.98  8.2e-02  2.0e-05  8.2e-02  1.3e-01  2.6e-01  1.7e-03  2.7e-01
 284  T 0   1.418e+08  -5e-06  0.98  5.8e-02  2.1e-05  5.8e-02  1.3e-01  2.7e-01  1.4e-03  2.7e-01
 285  T 0   1.418e+08  -1e-06  0.98  5.7e-02  2.1e-05  5.7e-02  1.3e-01  2.7e-01  1.8e-03  2.8e-01
 286  T 0   1.418e+08   8e-06  0.98  4.8e-02  2.1e-05  4.7e-02  1.4e-01  2.7e-01  1.8e-03  2.8e-01
 287  T 0   1.418e+08   7e-06  0.98  5.6e-02  2.1e-05  5.6e-02  1.5e-01  2.8e-01  1.5e-03  2.8e-01
 288  T 0   1.418e+08  -2e-06  0.98  6.8e-02  2.1e-05  6.8e-02  1.7e-01  2.8e-01  2.4e-03  2.8e-01
 289  T 0   1.418e+08   2e-05  0.98  8.1e-02  2.0e-05  8.1e-02  2.0e-01  2.7e-01  1.7e-03  2.7e-01
 290  T 0   1.418e+08  -9e-07  0.98  9.7e-02  2.1e-05  9.7e-02  2.1e-01  2.7e-01  2.7e-03  2.8e-01
 291  T 0   1.418e+08  -5e-05  0.98  1.2e-01  2.1e-05  1.2e-01  2.4e-01  2.6e-01  2.3e-03  2.7e-01
 292  T 0   1.418e+08  -8e-06  0.98  1.4e-01  2.1e-05  1.4e-01  2.7e-01  2.7e-01  1.5e-03  2.7e-01
 293  T 0   1.418e+08  -1e-05  0.98  1.7e-01  2.0e-05  1.7e-01  2.9e-01  2.7e-01  3.0e-03  2.7e-01
 294  T 0   1.418e+08   5e-06  0.98  2.0e-01  2.1e-05  1.2e-01  2.1e-01  2.6e-01  2.1e-03  2.7e-01
 295  T 0   1.418e+08   1e-05  0.98  1.4e-01  2.0e-05  8.2e-02  2.4e-01  2.9e-01  1.8e-03  3.0e-01
 296  T 0   1.418e+08  -1e-06  0.98  9.9e-02  2.1e-05  9.7e-02  2.4e-01  2.9e-01  2.5e-03  3.0e-01
 297  T 0   1.418e+08   5e-07  0.98  1.0e-01  2.0e-05  9.7e-02  2.6e-01  2.8e-01  1.8e-03  2.8e-01
 298  T 0   1.418e+08  -1e-05  0.98  1.2e-01  2.1e-05  1.0e-01  2.5e-01  2.6e-01  2.0e-03  2.7e-01
 299  T 0   1.418e+08   3e-05  0.98  8.4e-02  1.9e-05  8.4e-02  2.4e-01  2.8e-01  3.8e-03  2.8e-01
 300  T 0   1.418e+08  -6e-06  0.98  8.2e-02  2.0e-05  8.2e-02  2.2e-01  2.7e-01  2.0e-03  2.7e-01
 301  T 0   1.418e+08  -2e-05  0.98  9.9e-02  1.9e-05  9.9e-02  2.1e-01  2.7e-01  2.1e-03  2.7e-01
 302  T 0   1.418e+08  -6e-07  0.98  1.2e-01  1.8e-05  1.2e-01  2.3e-01  2.8e-01  1.8e-03  2.9e-01
 303  T 0   1.418e+08   5e-06  0.98  1.4e-01  1.7e-05  1.4e-01  2.3e-01  3.0e-01  2.1e-03  3.0e-01
 304  T 0   1.418e+08   9e-06  0.98  1.7e-01  1.7e-05  1.7e-01  2.9e-01  2.9e-01  1.8e-03  2.9e-01
 305  T 0   1.418e+08  -3e-06  0.98  1.2e-01  1.6e-05  1.2e-01  2.8e-01  2.7e-01  2.1e-03  2.7e-01
 306  T 0   1.418e+08   2e-05  0.98  1.4e-01  1.6e-05  1.4e-01  2.6e-01  2.9e-01  2.9e-03  2.9e-01
 307  T 0   1.417e+08   3e-06  0.98  1.7e-01  1.5e-05  1.6e-01  2.5e-01  2.8e-01  1.8e-03  2.8e-01
 308  T 0   1.417e+08   2e-05  0.98  2.0e-01  1.5e-05  6.8e-02  1.5e-01  3.2e-01  2.4e-03  3.3e-01
 309  T 0   1.417e+08  -2e-06  0.98  1.8e-01  1.3e-05  8.1e-02  1.6e-01  2.9e-01  1.9e-03  2.9e-01
 310  T 0   1.417e+08   3e-06  0.98  1.2e-01  1.3e-05  9.7e-02  1.8e-01  2.8e-01  2.1e-03  2.8e-01
 311  T 0   1.417e+08  -1e-05  0.98  1.2e-01  1.1e-05  1.2e-01  2.0e-01  2.8e-01  2.3e-03  2.8e-01
 312  T 0   1.417e+08   8e-06  0.98  1.4e-01  9.7e-06  1.4e-01  2.2e-01  2.7e-01  2.1e-03  2.7e-01
 313  T 0   1.417e+08   3e-06  0.98  1.7e-01  9.2e-06  1.6e-01  2.4e-01  3.0e-01  2.1e-03  3.0e-01
 314  T 0   1.417e+08  -9e-06  0.98  2.0e-01  8.0e-06  1.4e-01  2.3e-01  2.8e-01  2.1e-03  2.8e-01
 315  T 0   1.417e+08   4e-06  0.98  1.7e-01  6.5e-06  1.7e-01  2.6e-01  2.8e-01  2.5e-03  2.8e-01
 316  T 0   1.417e+08  -9e-06  0.98  1.3e-01  1.8e-05  1.3e-01  2.4e-01  2.8e-01  2.7e-03  2.9e-01
 317  T 0   1.417e+08  -6e-06  0.98  1.2e-01  1.7e-05  1.2e-01  2.0e-01  2.9e-01  2.4e-03  2.9e-01
 318  T 0   1.417e+08  -1e-05  0.98  1.2e-01  1.8e-05  1.2e-01  1.7e-01  2.8e-01  2.6e-03  2.9e-01
 319  T 0   1.417e+08   7e-06  0.98  1.4e-01  1.8e-05  1.4e-01  1.9e-01  2.8e-01  2.4e-03  2.8e-01
 320  F 0   1.417e+08  -3e-05  0.98  1.7e-01  1.9e-05  1.6e-01  2.0e-01  2.8e-01  1.8e-03  2.8e-01
 321  T 0   1.417e+08  -6e-06  0.98  2.0e-01  1.9e-05  2.0e-01  2.3e-01  2.7e-01  2.6e-03  2.7e-01
 322  T 0   1.417e+08   5e-06  0.98  1.4e-01  1.9e-05  1.4e-01  1.9e-01  2.6e-01  2.4e-03  2.7e-01
 323  T 0   1.417e+08   2e-06  0.98  9.8e-02  1.9e-05  9.8e-02  1.4e-01  2.7e-01  2.6e-03  2.7e-01
 324  T 0   1.417e+08   1e-05  0.98  6.9e-02  1.9e-05  6.9e-02  1.1e-01  3.5e-01  2.4e-03  3.5e-01
 325  T 0   1.417e+08   3e-06  0.98  4.8e-02  1.9e-05  4.8e-02  9.6e-02  3.1e-01  1.8e-03  3.1e-01
 326  T 0   1.417e+08  -3e-06  0.98  4.2e-02  2.0e-05  3.4e-02  7.7e-02  2.9e-01  2.3e-03  3.0e-01
 327  T 0   1.417e+08   5e-06  0.98  5.0e-02  2.0e-05  5.0e-02  9.2e-02  2.9e-01  1.4e-03  2.9e-01
 328  T 0   1.417e+08   1e-05  0.98  6.0e-02  2.0e-05  6.0e-02  1.0e-01  2.8e-01  1.7e-03  2.8e-01
 329  F 0   1.417e+08   6e-07  0.98  4.2e-02  1.9e-05  4.2e-02  8.8e-02  2.7e-01  3.5e-03  2.7e-01
 330  T 0   1.417e+08   1e-07  0.98  3.2e-02  2.0e-05  3.2e-02  7.6e-02  3.0e-01  2.6e-03  3.0e-01
 331  T 0   1.417e+08  -6e-06  0.98  3.3e-02  2.0e-05  3.3e-02  6.4e-02  2.9e-01  2.4e-03  2.9e-01
 332  T 0   1.417e+08  -1e-05  0.98  3.9e-02  2.0e-05  3.9e-02  6.4e-02  2.7e-01  2.4e-03  2.8e-01
 333  T 0   1.417e+08   2e-06  0.98  4.7e-02  2.0e-05  4.7e-02  6.8e-02  2.7e-01  1.4e-03  2.8e-01
 334  T 0   1.417e+08   3e-06  0.98  5.6e-02  2.0e-05  5.6e-02  7.8e-02  3.6e-01  1.7e-03  3.6e-01
 335  T 0   1.417e+08   3e-07  0.98  6.8e-02  2.0e-05  6.8e-02  8.5e-02  2.7e-01  1.8e-03  2.7e-01
 336  T 0   1.417e+08  -7e-06  0.98  8.1e-02  2.0e-05  8.1e-02  9.9e-02  2.6e-01  1.6e-03  2.7e-01
 337  T 0   1.417e+08  -1e-06  0.98  9.7e-02  2.0e-05  9.7e-02  1.1e-01  2.7e-01  2.7e-03  2.7e-01
 338  T 0   1.417e+08  -1e-05  0.98  1.2e-01  2.0e-05  1.2e-01  1.4e-01  2.7e-01  1.7e-03  2.7e-01
 339  T 0   1.417e+08   2e-05  0.98  1.4e-01  1.9e-05  6.3e-02  9.9e-02  2.6e-01  2.0e-03  2.6e-01
 340  F 0   1.417e+08  -2e-05  0.98  9.8e-02  1.9e-05  9.8e-02  1.2e-01  2.8e-01  1.7e-03  2.8e-01
 341  F 0   1.417e+08  -4e-05  0.98  6.9e-02  1.8e-05  6.9e-02  1.1e-01  2.7e-01  1.8e-03  2.7e-01
 342  T 0   1.417e+08  -2e-05  0.98  4.8e-02  1.8e-05  4.8e-02  1.1e-01  2.8e-01  1.7e-03  2.9e-01
 343  T 0   1.417e+08  -2e-05  0.98  4.1e-02  1.7e-05  4.1e-02  1.1e-01  3.3e-01  1.8e-03  3.3e-01
 344  T 0   1.417e+08   1e-05  0.98  4.9e-02  1.7e-05  4.9e-02  1.2e-01  2.8e-01  1.8e-03  2.8e-01
 345  T 0   1.417e+08  -4e-06  0.98  5.9e-02  1.6e-05  5.9e-02  1.4e-01  3.5e-01  2.0e-03  3.5e-01
 346  T 0   1.417e+08  -2e-05  0.98  7.1e-02  1.5e-05  7.1e-02  1.5e-01  3.3e-01  2.1e-03  3.3e-01
 347  T 0   1.417e+08  -6e-05  0.98  7.6e-02  1.4e-05  5.7e-02  1.4e-01  2.7e-01  2.1e-03  2.7e-01
 348  T 0   1.417e+08   2e-05  0.98  6.8e-02  1.4e-05  6.8e-02  1.5e-01  2.7e-01  2.9e-03  2.8e-01
 349  T 0   1.417e+08  -3e-07  0.98  8.2e-02  1.4e-05  8.2e-02  1.5e-01  2.7e-01  2.3e-03  2.7e-01
 350  T 0   1.417e+08  -1e-05  0.98  9.8e-02  1.4e-05  9.8e-02  1.7e-01  2.8e-01  2.4e-03  2.8e-01
 351  T 0   1.417e+08  -9e-06  0.98  1.2e-01  1.4e-05  1.2e-01  1.9e-01  2.8e-01  1.4e-03  2.8e-01
 352  T 0   1.417e+08   7e-06  0.98  1.4e-01  1.5e-05  1.4e-01  2.2e-01  2.6e-01  2.4e-03  2.7e-01
 353  T 0   1.417e+08   4e-05  0.98  1.7e-01  1.5e-05  1.5e-01  2.5e-01  2.6e-01  1.8e-03  2.6e-01
 354  T 0   1.417e+08  -1e-05  0.98  2.0e-01  1.5e-05  1.4e-01  2.4e-01  2.6e-01  2.4e-03  2.6e-01
 355  T 0   1.417e+08   6e-06  0.98  1.7e-01  1.5e-05  9.7e-02  2.3e-01  2.6e-01  2.1e-03  2.6e-01
 356  T 0   1.417e+08   3e-05  0.98  1.2e-01  1.5e-05  1.2e-01  2.6e-01  2.6e-01  1.8e-03  2.7e-01
 357  T 0   1.417e+08  -7e-06  0.98  1.1e-01  1.5e-05  1.0e-01  2.6e-01  2.7e-01  1.8e-03  2.7e-01
 358  T 0   1.417e+08   1e-05  0.98  1.3e-01  1.4e-05  8.1e-02  2.2e-01  2.7e-01  1.7e-03  2.7e-01
 359  T 0   1.417e+08   5e-06  0.98  9.7e-02  1.4e-05  9.7e-02  2.0e-01  2.9e-01  2.1e-03  2.9e-01
 360  T 0   1.417e+08  -6e-06  0.98  1.2e-01  1.3e-05  5.7e-02  1.8e-01  2.8e-01  1.8e-03  2.8e-01
 361  T 0   1.417e+08   3e-06  0.98  1.4e-01  1.3e-05  1.4e-01  2.3e-01  2.7e-01  2.6e-03  2.7e-01
 362  T 0   1.417e+08   6e-06  0.98  9.8e-02  1.1e-05  9.8e-02  2.1e-01  3.5e-01  1.8e-03  3.6e-01
 363  T 0   1.417e+08  -1e-05  0.98  6.9e-02  1.1e-05  6.8e-02  1.8e-01  2.8e-01  1.8e-03  2.8e-01
 364  T 0   1.417e+08   2e-05  0.98  8.1e-02  9.4e-06  8.1e-02  1.7e-01  2.8e-01  1.8e-03  2.8e-01
 365  T 0   1.417e+08  -3e-05  0.98  9.7e-02  8.2e-06  9.7e-02  1.7e-01  2.7e-01  2.0e-03  2.7e-01
 366  T 0   1.417e+08  -2e-05  0.98  1.2e-01  7.0e-06  1.2e-01  2.0e-01  2.9e-01  1.8e-03  2.9e-01
 367  T 0   1.417e+08  -1e-05  0.98  1.4e-01  6.1e-06  1.4e-01  2.4e-01  2.8e-01  2.2e-03  2.8e-01
 368  T 0   1.417e+08   4e-06  0.98  1.7e-01  5.7e-06  1.6e-01  2.3e-01  2.9e-01  2.1e-03  2.9e-01
 369  T 0   1.417e+08   8e-06  0.98  2.0e-01  5.9e-06  7.0e-02  1.7e-01  2.9e-01  2.9e-03  2.9e-01
 370  T 0   1.417e+08   2e-06  0.98  1.4e-01  8.2e-06  7.4e-02  1.5e-01  2.7e-01  2.4e-03  2.7e-01
 371  T 0   1.417e+08   1e-05  0.98  9.8e-02  5.4e-06  8.9e-02  1.7e-01  2.7e-01  3.2e-03  2.7e-01
 372  F 0   1.417e+08  -1e-05  0.98  9.4e-02  8.3e-06  8.1e-02  1.5e-01  2.6e-01  2.6e-03  2.7e-01
 373  T 0   1.417e+08  -2e-05  0.98  9.7e-02  8.7e-06  9.7e-02  1.6e-01  3.6e-01  2.2e-03  3.6e-01
 374  T 0   1.417e+08  -6e-06  0.98  1.2e-01  7.2e-06  5.6e-02  1.3e-01  2.6e-01  2.4e-03  2.7e-01
 375  T 0   1.417e+08   4e-06  0.98  1.4e-01  9.3e-06  1.4e-01  1.9e-01  2.7e-01  2.5e-03  2.7e-01
 376  T 0   1.417e+08  -9e-06  0.98  1.7e-01  6.7e-06  1.7e-01  2.2e-01  2.9e-01  2.7e-03  2.9e-01
 377  T 0   1.417e+08   2e-05  0.98  1.2e-01  1.5e-05  1.2e-01  2.0e-01  2.6e-01  3.0e-03  2.7e-01
 378  T 0   1.417e+08   2e-05  0.98  1.2e-01  1.5e-05  1.2e-01  1.8e-01  2.7e-01  2.1e-03  2.7e-01
 379  T 0   1.417e+08  -2e-06  0.98  8.2e-02  1.6e-05  8.2e-02  1.5e-01  2.9e-01  2.9e-03  2.9e-01
 380  T 0   1.417e+08   3e-05  0.98  6.9e-02  1.7e-05  6.9e-02  1.4e-01  2.7e-01  2.4e-03  2.7e-01
 381  F 0   1.417e+08  -2e-05  0.98  8.2e-02  1.8e-05  8.2e-02  1.4e-01  2.8e-01  2.3e-03  2.8e-01
 382  T 0   1.417e+08  -5e-06  0.98  9.9e-02  1.7e-05  9.9e-02  1.5e-01  2.7e-01  1.5e-03  2.7e-01
 383  T 0   1.417e+08  -2e-05  0.98  7.4e-02  1.8e-05  7.4e-02  1.5e-01  2.8e-01  1.8e-03  2.8e-01
 384  T 0   1.417e+08  -1e-05  0.98  8.9e-02  1.7e-05  8.9e-02  1.5e-01  3.5e-01  2.1e-03  3.5e-01
 385  T 0   1.416e+08  -3e-06  0.98  1.1e-01  1.8e-05  1.1e-01  1.3e-01  3.3e-01  1.9e-02  3.5e-01
 386  T 0   1.416e+08   8e-06  0.98  1.3e-01  1.8e-05  1.3e-01  1.4e-01  2.7e-01  1.4e-03  2.8e-01
 387  F 0   1.416e+08  -3e-06  0.98  1.5e-01  1.8e-05  1.5e-01  1.7e-01  3.0e-01  1.7e-03  3.0e-01
 388  T 0   1.416e+08   1e-05  0.98  1.9e-01  1.8e-05  1.9e-01  2.0e-01  2.7e-01  2.9e-03  2.8e-01
 389  T 0   1.416e+08   1e-06  0.98  1.3e-01  1.8e-05  1.3e-01  1.5e-01  3.2e-01  2.6e-03  3.3e-01
 390  T 0   1.416e+08   9e-06  0.98  9.1e-02  1.8e-05  9.1e-02  1.1e-01  2.9e-01  2.0e-03  2.9e-01
 391  T 0   1.416e+08   1e-05  0.98  1.1e-01  1.8e-05  1.1e-01  1.3e-01  2.8e-01  2.3e-03  2.8e-01
 392  F 0   1.416e+08  -1e-06  0.98  7.6e-02  1.8e-05  7.6e-02  1.2e-01  2.8e-01  2.1e-03  2.8e-01
 393  T 0   1.416e+08   2e-06  0.98  7.1e-02  1.8e-05  7.1e-02  1.0e-01  2.7e-01  2.1e-03  2.8e-01
 394  F 0   1.416e+08  -1e-05  0.98  6.4e-02  1.8e-05  5.0e-02  1.0e-01  2.8e-01  2.9e-03  2.8e-01
 395  T 0   1.416e+08   3e-05  0.98  7.7e-02  1.8e-05  5.5e-02  8.7e-02  2.8e-01  1.8e-03  2.9e-01
 396  F 0   1.416e+08   1e-06  0.98  6.6e-02  1.8e-05  6.6e-02  1.0e-01  2.7e-01  2.1e-03  2.7e-01
 397  F 0   1.416e+08   7e-06  0.98  7.9e-02  1.8e-05  4.7e-02  7.8e-02  2.7e-01  2.1e-03  2.7e-01
 398  T 0   1.416e+08   2e-05  0.98  9.5e-02  1.8e-05  9.5e-02  1.2e-01  2.7e-01  2.1e-03  2.7e-01
 399  F 0   1.416e+08   3e-07  0.98  1.1e-01  1.8e-05  1.1e-01  1.3e-01  2.7e-01  2.6e-03  2.7e-01
 400  F 0   1.416e+08  -1e-05  0.98  8.0e-02  1.7e-05  8.0e-02  9.8e-02  2.7e-01  2.6e-03  2.7e-01
 401  T 0   1.416e+08  -1e-05  0.98  5.6e-02  1.7e-05  5.6e-02  7.3e-02  2.6e-01  2.4e-03  2.7e-01
 402  T 0   1.416e+08  -4e-06  0.98  3.9e-02  1.7e-05  3.9e-02  5.9e-02  2.8e-01  2.0e-03  2.8e-01
 403  F 0   1.416e+08  -3e-05  0.98  2.7e-02  1.7e-05  2.7e-02  5.9e-02  2.8e-01  1.8e-03  2.8e-01
 404  T 0   1.416e+08  -8e-07  0.98  2.7e-02  1.6e-05  2.7e-02  5.7e-02  2.7e-01  2.1e-03  2.7e-01
 405  T 0   1.416e+08  -9e-06  0.98  3.3e-02  1.6e-05  3.3e-02  5.8e-02  2.7e-01  1.5e-03  2.7e-01
 406  T 0   1.416e+08  -7e-07  0.98  3.9e-02  1.6e-05  3.9e-02  6.1e-02  2.9e-01  2.1e-03  2.9e-01
 407  T 0   1.416e+08   2e-05  0.98  4.7e-02  1.5e-05  4.7e-02  6.7e-02  3.0e-01  2.1e-03  3.0e-01
 408  T 0   1.416e+08  -3e-06  0.98  5.6e-02  1.5e-05  5.6e-02  7.5e-02  2.7e-01  1.4e-03  2.7e-01
 409  T 0   1.416e+08   9e-07  0.98  6.8e-02  1.4e-05  6.8e-02  8.8e-02  2.8e-01  1.9e-03  2.9e-01
 410  T 0   1.416e+08   4e-06  0.98  8.1e-02  1.4e-05  8.1e-02  1.0e-01  2.7e-01  1.8e-03  2.7e-01
 411  T 0   1.416e+08   2e-06  0.98  9.7e-02  1.5e-05  9.7e-02  1.2e-01  2.8e-01  1.8e-03  2.8e-01
 412  T 0   1.416e+08   2e-05  0.98  1.2e-01  1.5e-05  1.2e-01  1.4e-01  2.8e-01  1.7e-03  2.9e-01
 413  T 0   1.416e+08   2e-05  0.98  1.4e-01  1.5e-05  1.4e-01  1.7e-01  2.7e-01  1.8e-03  2.7e-01
 414  T 0   1.416e+08  -7e-06  0.98  1.7e-01  1.6e-05  1.6e-01  1.9e-01  2.7e-01  1.8e-03  2.7e-01
 415  T 0   1.416e+08   2e-05  0.98  2.0e-01  1.5e-05  7.7e-02  1.3e-01  3.0e-01  2.3e-03  3.0e-01
 416  T 0   1.416e+08   1e-05  0.98  1.4e-01  1.5e-05  9.3e-02  1.5e-01  2.7e-01  1.7e-03  2.7e-01
 417  T 0   1.416e+08   1e-05  0.98  1.1e-01  1.5e-05  1.1e-01  1.8e-01  2.8e-01  2.0e-03  2.8e-01
 418  T 0   1.416e+08  -9e-06  0.98  1.3e-01  1.4e-05  1.3e-01  2.0e-01  2.7e-01  2.3e-03  2.8e-01
 419  T 0   1.416e+08  -2e-06  0.98  1.6e-01  1.3e-05  1.6e-01  2.2e-01  2.7e-01  2.3e-03  2.7e-01
 420  T 0   1.416e+08  -6e-07  0.98  1.9e-01  1.2e-05  8.1e-02  1.5e-01  2.7e-01  1.8e-03  2.7e-01
 421  T 0   1.416e+08  -1e-05  0.98  2.0e-01  1.1e-05  9.7e-02  1.8e-01  2.7e-01  2.3e-03  2.7e-01
 422  T 0   1.416e+08   1e-07  0.98  1.4e-01  1.1e-05  1.2e-01  2.1e-01  2.7e-01  3.0e-03  2.7e-01
 423  T 0   1.416e+08  -1e-05  0.98  1.4e-01  1.2e-05  1.4e-01  2.4e-01  3.3e-01  3.5e-03  3.4e-01
 424  T 0   1.416e+08  -5e-06  0.98  1.7e-01  1.2e-05  1.6e-01  2.4e-01  2.6e-01  2.5e-03  2.7e-01
 425  T 0   1.416e+08   5e-06  0.98  2.0e-01  1.2e-05  1.3e-01  2.0e-01  2.7e-01  2.4e-03  2.7e-01
 426  T 0   1.416e+08  -1e-06  0.98  1.6e-01  1.2e-05  8.2e-02  1.7e-01  2.8e-01  2.4e-03  2.8e-01
 427  T 0   1.416e+08  -3e-05  0.98  1.9e-01  1.2e-05  9.9e-02  1.7e-01  2.7e-01  2.2e-03  2.8e-01
 428  T 0   1.416e+08   7e-06  0.98  1.3e-01  1.2e-05  1.2e-01  1.7e-01  2.8e-01  2.6e-03  2.8e-01
 429  T 0   1.416e+08  -1e-06  0.98  1.4e-01  1.1e-05  1.4e-01  2.1e-01  2.7e-01  3.7e-03  2.7e-01
 430  T 0   1.416e+08  -6e-06  0.98  1.2e-01  1.1e-05  1.2e-01  2.0e-01  2.7e-01  2.0e-03  2.7e-01
 431  T 0   1.416e+08   5e-06  0.98  1.4e-01  1.1e-05  1.4e-01  1.9e-01  2.9e-01  2.1e-03  2.9e-01
 432  F 0   1.416e+08  -8e-05  0.98  1.7e-01  1.1e-05  1.6e-01  2.0e-01  2.6e-01  1.7e-03  2.7e-01
 433  T 0   1.416e+08  -1e-05  0.98  2.0e-01  1.1e-05  8.7e-02  1.4e-01  2.8e-01  1.8e-03  2.8e-01
 434  T 0   1.416e+08   8e-06  0.98  1.4e-01  1.1e-05  8.5e-02  1.5e-01  2.9e-01  2.1e-03  2.9e-01
 435  T 0   1.416e+08   3e-06  0.98  1.4e-01  1.0e-05  1.4e-01  1.9e-01  2.9e-01  2.9e-03  3.0e-01
 436  T 0   1.416e+08   2e-05  0.98  1.0e-01  1.1e-05  1.0e-01  1.7e-01  2.8e-01  2.5e-03  2.9e-01
 437  T 0   1.416e+08  -3e-06  0.98  9.9e-02  1.0e-05  8.6e-02  1.2e-01  2.7e-01  2.4e-03  2.8e-01
 438  T 0   1.416e+08  -1e-05  0.98  1.2e-01  9.9e-06  1.2e-01  1.8e-01  2.7e-01  1.7e-03  2.7e-01
 439  T 0   1.416e+08   2e-05  0.98  1.4e-01  9.1e-06  1.4e-01  2.1e-01  2.7e-01  2.1e-03  2.7e-01
 440  T 0   1.416e+08  -5e-06  0.98  1.5e-01  8.6e-06  1.5e-01  2.0e-01  2.7e-01  1.5e-03  2.7e-01
 441  T 0   1.416e+08  -6e-06  0.98  1.8e-01  8.2e-06  1.8e-01  2.3e-01  2.8e-01  2.6e-03  2.8e-01
 442  T 0   1.416e+08   2e-05  0.98  1.2e-01  6.4e-06  1.2e-01  2.0e-01  3.1e-01  2.4e-03  3.1e-01
 443  T 0   1.416e+08   3e-06  0.98  1.2e-01  5.6e-06  1.2e-01  1.6e-01  2.8e-01  3.1e-03  2.8e-01
 444  T 0   1.416e+08  -2e-05  0.98  1.4e-01  4.1e-06  1.4e-01  2.0e-01  2.8e-01  1.7e-03  2.8e-01
 445  T 0   1.416e+08   2e-05  0.98  1.7e-01  2.9e-06  1.7e-01  2.1e-01  2.8e-01  2.0e-03  2.9e-01
 446  F 0   1.416e+08   1e-05  0.98  2.0e-01  2.7e-06  3.9e-02  1.0e-01  2.7e-01  2.0e-03  2.7e-01
 447  F 0   1.416e+08   6e-06  0.98  2.0e-01  2.5e-06  6.2e-02  1.1e-01  2.7e-01  2.6e-03  2.8e-01
 448  T 0   1.416e+08   5e-06  0.98  1.4e-01  2.5e-06  4.3e-02  1.0e-01  2.9e-01  2.1e-03  3.0e-01
 449  T 0   1.416e+08   3e-06  0.98  9.8e-02  2.6e-06  4.7e-02  9.6e-02  2.7e-01  2.4e-03  2.7e-01
 450  F 0   1.416e+08  -9e-06  0.98  6.9e-02  2.7e-06  5.6e-02  1.0e-01  2.9e-01  2.0e-03  2.9e-01
 451  F 0   1.416e+08  -1e-05  0.98  6.8e-02  1.1e-05  6.8e-02  1.1e-01  3.6e-01  1.8e-03  3.6e-01
 452  T 0   1.416e+08  -1e-05  0.98  8.1e-02  1.1e-05  8.1e-02  1.1e-01  2.8e-01  1.8e-03  2.8e-01
 453  T 0   1.416e+08   3e-06  0.98  9.7e-02  1.1e-05  9.7e-02  1.2e-01  2.9e-01  1.8e-03  2.9e-01
 454  F 0   1.416e+08  -4e-06  0.98  1.2e-01  1.1e-05  5.6e-02  9.2e-02  3.0e-01  2.0e-03  3.0e-01
 455  F 0   1.416e+08  -1e-05  0.98  8.2e-02  1.1e-05  8.2e-02  1.1e-01  3.2e-01  2.0e-03  3.2e-01
 456  T 0   1.416e+08   4e-05  0.98  5.7e-02  1.6e-05  2.1e-02  6.7e-02  3.6e-01  2.3e-03  3.7e-01
 457  F 0   1.416e+08   2e-06  0.98  6.9e-02  1.6e-05  2.5e-02  6.5e-02  2.9e-01  1.7e-03  2.9e-01
 458  F 0   1.416e+08  -2e-06  0.98  8.2e-02  1.6e-05  6.9e-02  9.6e-02  2.8e-01  1.7e-03  2.8e-01
 459  F 0   1.416e+08  -2e-05  0.98  9.9e-02  1.6e-05  9.9e-02  1.2e-01  2.7e-01  2.2e-03  2.7e-01
 460  F 0   1.416e+08   1e-05  0.98  6.9e-02  1.6e-05  6.9e-02  1.0e-01  2.9e-01  1.7e-03  2.9e-01
 461  F 0   1.416e+08  -8e-07  0.98  5.0e-02  1.7e-05  5.0e-02  9.7e-02  2.7e-01  1.5e-03  2.7e-01
 462  F 0   1.416e+08   9e-06  0.98  6.0e-02  1.6e-05  6.0e-02  1.1e-01  2.7e-01  1.8e-03  2.7e-01
 463  T 0   1.416e+08   2e-05  0.98  4.2e-02  1.7e-05  4.2e-02  8.8e-02  2.7e-01  2.1e-03  2.7e-01
 464  F 0   1.416e+08   5e-06  0.98  2.9e-02  1.7e-05  2.9e-02  6.0e-02  2.7e-01  1.8e-03  2.7e-01
 465  T 0   1.416e+08   3e-05  0.98  2.1e-02  1.7e-05  2.1e-02  5.0e-02  2.7e-01  1.8e-03  2.7e-01
 466  F 0   1.416e+08  -2e-05  0.98  2.5e-02  1.7e-05  2.5e-02  4.6e-02  2.7e-01  1.7e-03  2.7e-01
 467  F 0   1.416e+08  -3e-05  0.98  1.8e-02  1.7e-05  1.7e-02  3.9e-02  3.9e-01  1.8e-03  3.9e-01
 468  F 0   1.416e+08   7e-06  0.98  2.1e-02  1.7e-05  2.1e-02  3.8e-02  2.8e-01  1.8e-03  2.8e-01
 469  F 0   1.416e+08  -2e-06  0.98  1.7e-02  1.7e-05  1.7e-02  3.9e-02  2.8e-01  1.4e-03  2.8e-01
 470  T 0   1.416e+08   2e-07  0.98  2.1e-02  1.7e-05  1.2e-02  3.6e-02  2.9e-01  1.7e-03  3.0e-01
 471  F 0   1.416e+08  -1e-05  0.98  2.5e-02  1.7e-05  2.5e-02  4.5e-02  2.8e-01  1.7e-03  2.8e-01
 472  T 0   1.416e+08   1e-05  0.98  1.7e-02  1.7e-05  1.7e-02  4.2e-02  2.8e-01  1.8e-03  2.8e-01
 473  T 0   1.416e+08   2e-05  0.98  1.8e-02  1.7e-05  1.8e-02  4.3e-02  2.7e-01  1.7e-03  2.7e-01
 474  F 0   1.416e+08  -2e-06  0.98  2.1e-02  1.7e-05  1.5e-02  4.8e-02  2.7e-01  1.8e-03  2.8e-01
 475  T 0   1.416e+08  -4e-06  0.98  2.5e-02  1.7e-05  2.5e-02  5.7e-02  2.7e-01  1.8e-03  2.7e-01
 476  T 0   1.416e+08  -4e-06  0.98  3.0e-02  1.7e-05  3.0e-02  6.3e-02  2.6e-01  1.7e-03  2.7e-01
 477  T 0   1.415e+08   2e-06  0.98  3.6e-02  1.7e-05  2.6e-02  6.4e-02  3.0e-01  1.8e-03  3.0e-01
 478  T 0   1.415e+08   7e-06  0.98  4.4e-02  1.7e-05  4.4e-02  8.6e-02  2.7e-01  1.9e-03  2.7e-01
 479  T 0   1.415e+08   5e-06  0.98  5.2e-02  1.7e-05  5.2e-02  1.0e-01  2.8e-01  1.4e-03  2.8e-01
 480  T 0   1.415e+08   5e-06  0.98  6.3e-02  1.7e-05  3.9e-02  9.7e-02  2.7e-01  1.7e-03  2.7e-01
 481  T 0   1.415e+08  -5e-06  0.98  7.6e-02  1.7e-05  7.6e-02  1.3e-01  2.7e-01  1.8e-03  2.7e-01
 482  T 0   1.415e+08   8e-06  0.98  9.1e-02  1.8e-05  9.1e-02  1.5e-01  2.7e-01  1.7e-03  2.7e-01
 483  T 0   1.415e+08   4e-06  0.98  1.1e-01  1.8e-05  6.8e-02  1.3e-01  2.7e-01  1.9e-03  2.8e-01
 484  T 0   1.415e+08   1e-07  0.98  1.3e-01  1.8e-05  1.3e-01  2.0e-01  2.7e-01  2.1e-03  2.8e-01
 485  T 0   1.415e+08  -2e-06  0.98  1.6e-01  1.8e-05  1.6e-01  2.4e-01  2.8e-01  1.7e-03  2.8e-01
 486  T 0   1.415e+08   2e-08  0.98  1.9e-01  1.9e-05  1.2e-01  2.1e-01  2.7e-01  2.9e-03  2.7e-01
 487  T 0   1.415e+08  -1e-06  0.98  2.0e-01  1.9e-05  1.4e-01  2.4e-01  2.7e-01  2.8e-03  2.8e-01
 488  T 0   1.415e+08   2e-05  0.98  1.7e-01  1.8e-05  1.6e-01  2.7e-01  2.7e-01  1.8e-03  2.7e-01
 489  T 0   1.415e+08   1e-05  0.98  2.0e-01  1.6e-05  1.4e-01  2.2e-01  2.8e-01  2.3e-03  2.9e-01
 490  T 0   1.415e+08   1e-05  0.98  1.4e-01  1.4e-05  1.4e-01  2.4e-01  2.9e-01  1.8e-03  3.0e-01
 491  T 0   1.415e+08  -5e-06  0.98  1.7e-01  1.2e-05  1.6e-01  2.1e-01  2.7e-01  2.0e-03  2.7e-01
 492  T 0   1.415e+08   5e-06  0.98  2.0e-01  9.4e-06  1.2e-01  1.5e-01  2.9e-01  1.8e-03  2.9e-01
 493  T 0   1.415e+08  -2e-05  0.98  1.4e-01  6.9e-06  1.4e-01  1.8e-01  3.0e-01  1.7e-03  3.0e-01
 494  T 0   1.415e+08  -2e-05  0.98  1.7e-01  7.3e-06  1.3e-01  1.7e-01  2.8e-01  2.1e-03  2.8e-01
 495  T 0   1.415e+08   2e-06  0.98  2.0e-01  7.5e-06  9.7e-02  1.2e-01  3.1e-01  1.7e-03  3.1e-01
 496  T 0   1.415e+08   2e-05  0.98  1.4e-01  7.9e-06  1.2e-01  1.5e-01  2.9e-01  2.1e-03  2.9e-01
 497  T 0   1.415e+08  -3e-06  0.98  1.4e-01  7.9e-06  1.4e-01  1.7e-01  2.9e-01  1.7e-03  2.9e-01
 498  T 0   1.415e+08   9e-06  0.98  1.7e-01  8.5e-06  1.6e-01  1.8e-01  2.8e-01  2.4e-03  2.8e-01
 499  T 0   1.415e+08   8e-06  0.98  2.0e-01  7.9e-06  3.4e-02  7.7e-02  3.2e-01  2.4e-03  3.2e-01
 500  F 0   1.415e+08  -1e-05  0.98  1.4e-01  7.6e-06  3.3e-02  7.6e-02  2.8e-01  1.7e-03  2.9e-01
 501  T 0   1.415e+08   3e-05  0.98  9.8e-02  7.2e-06  4.1e-02  7.7e-02  3.7e-01  1.7e-03  3.7e-01
 502  F 0   1.415e+08  -9e-06  0.98  6.9e-02  6.8e-06  4.7e-02  6.6e-02  2.9e-01  1.7e-03  2.9e-01
 503  T 0   1.415e+08   6e-06  0.98  5.6e-02  6.3e-06  5.6e-02  7.2e-02  2.8e-01  1.7e-03  2.8e-01
 504  T 0   1.415e+08  -6e-06  0.98  6.8e-02  5.7e-06  6.8e-02  7.8e-02  2.8e-01  1.4e-03  2.8e-01
 505  T 0   1.415e+08   3e-05  0.98  8.1e-02  4.8e-06  8.1e-02  9.0e-02  2.7e-01  2.1e-03  2.8e-01
 506  F 0   1.415e+08   9e-06  0.98  9.7e-02  3.9e-06  9.7e-02  1.1e-01  2.9e-01  2.0e-03  3.0e-01
 507  T 0   1.415e+08   3e-06  0.98  1.2e-01  3.8e-06  1.2e-01  1.2e-01  2.7e-01  1.4e-03  2.7e-01
 508  T 0   1.415e+08  -5e-06  0.98  1.4e-01  3.7e-06  1.4e-01  1.5e-01  2.7e-01  1.7e-03  2.7e-01
 509  T 0   1.415e+08  -8e-06  0.98  1.7e-01  3.6e-06  1.6e-01  1.7e-01  3.2e-01  2.0e-03  3.2e-01
 510  T 0   1.415e+08   7e-06  0.98  2.0e-01  8.1e-06  3.0e-02  6.1e-02  2.9e-01  1.7e-03  3.0e-01
 511  T 0   1.415e+08   2e-05  0.98  1.4e-01  8.3e-06  3.6e-02  6.5e-02  2.9e-01  1.7e-03  2.9e-01
 512  T 0   1.415e+08   3e-05  0.98  9.8e-02  8.1e-06  2.9e-02  6.6e-02  2.8e-01  1.9e-03  2.8e-01
 513  F 0   1.415e+08   2e-05  0.98  6.9e-02  8.4e-06  2.9e-02  6.2e-02  2.6e-01  2.1e-03  2.6e-01
 514  F 0   1.415e+08   6e-06  0.98  4.8e-02  8.4e-06  3.5e-02  6.5e-02  2.8e-01  1.5e-03  2.8e-01
 515  F 0   1.415e+08  -1e-05  0.98  4.1e-02  9.4e-06  4.1e-02  7.1e-02  2.8e-01  1.8e-03  2.8e-01
 516  F 0   1.415e+08  -2e-05  0.98  5.0e-02  8.9e-06  3.0e-02  5.6e-02  3.0e-01  1.7e-03  3.0e-01
 517  F 0   1.415e+08  -2e-05  0.98  6.0e-02  9.3e-06  4.0e-02  7.0e-02  3.1e-01  1.7e-03  3.2e-01
 518  F 0   1.415e+08  -7e-06  0.98  4.2e-02  9.2e-06  2.3e-02  4.7e-02  2.8e-01  1.7e-03  2.8e-01
 519  F 0   1.415e+08  -1e-05  0.98  2.9e-02  9.4e-06  2.5e-02  4.8e-02  2.8e-01  1.7e-03  2.8e-01
 520  F 0   1.415e+08  -6e-06  0.98  2.1e-02  8.9e-06  2.1e-02  4.3e-02  2.7e-01  1.6e-03  2.7e-01
 521  T 0   1.415e+08   2e-05  0.98  1.5e-02  9.3e-06  1.5e-02  3.8e-02  2.8e-01  2.1e-03  2.8e-01
 522  F 0   1.415e+08  -5e-06  0.98  1.1e-02  9.2e-06  1.1e-02  3.2e-02  2.8e-01  2.0e-03  2.8e-01
 523  F 0   1.415e+08  -8e-06  0.98  1.3e-02  9.3e-06  1.3e-02  3.0e-02  3.2e-01  1.4e-03  3.2e-01
 524  F 0   1.415e+08   3e-06  0.98  1.5e-02  9.3e-06  1.5e-02  3.4e-02  2.7e-01  1.8e-03  2.7e-01
 525  F 0   1.415e+08   6e-06  0.98  1.8e-02  9.4e-06  1.8e-02  3.5e-02  2.7e-01  1.8e-03  2.8e-01
 526  F 0   1.415e+08  -2e-06  0.98  2.2e-02  9.5e-06  2.2e-02  3.7e-02  2.8e-01  1.8e-03  2.8e-01
 527  T 0   1.415e+08   7e-08  0.98  2.6e-02  9.1e-06  2.6e-02  4.1e-02  3.1e-01  1.8e-03  3.1e-01
 528  T 0   1.415e+08   8e-06  0.98  1.8e-02  9.2e-06  1.8e-02  3.7e-02  2.7e-01  1.5e-03  2.7e-01
 529  T 0   1.415e+08   6e-06  0.98  1.3e-02  9.3e-06  1.3e-02  3.4e-02  2.8e-01  1.5e-03  2.8e-01
 530  F 0   1.415e+08  -4e-06  0.98  1.5e-02  9.3e-06  1.5e-02  3.5e-02  2.8e-01  1.4e-03  2.8e-01
 531  T 0   1.415e+08   2e-06  0.98  1.8e-02  9.3e-06  1.8e-02  4.0e-02  2.8e-01  1.5e-03  2.8e-01
 532  T 0   1.415e+08  -5e-06  0.98  2.2e-02  9.2e-06  2.2e-02  4.3e-02  2.8e-01  1.8e-03  2.8e-01
 533  T 0   1.415e+08  -1e-05  0.98  2.7e-02  9.5e-06  2.7e-02  4.9e-02  2.7e-01  1.8e-03  2.7e-01
 534  T 0   1.415e+08   3e-05  0.98  3.2e-02  9.2e-06  3.2e-02  5.4e-02  2.9e-01  1.7e-03  2.9e-01
 535  F 0   1.415e+08  -1e-05  0.98  3.8e-02  9.4e-06  3.8e-02  6.0e-02  2.8e-01  1.8e-03  2.8e-01
 536  T 0   1.415e+08  -5e-07  0.98  4.6e-02  9.4e-06  4.6e-02  6.9e-02  2.8e-01  1.5e-03  2.8e-01
 537  T 0   1.415e+08  -9e-06  0.98  5.5e-02  9.5e-06  5.5e-02  8.2e-02  2.8e-01  1.5e-03  2.8e-01
 538  T 0   1.415e+08  -3e-06  0.98  6.6e-02  9.6e-06  6.6e-02  9.8e-02  2.7e-01  1.5e-03  2.8e-01
 539  T 0   1.415e+08   8e-06  0.98  7.9e-02  9.1e-06  6.8e-02  9.2e-02  3.1e-01  1.8e-03  3.1e-01
 540  T 0   1.415e+08  -2e-06  0.98  9.5e-02  9.3e-06  8.1e-02  1.0e-01  2.7e-01  2.3e-03  2.7e-01
 541  T 0   1.415e+08  -3e-06  0.98  6.7e-02  8.6e-06  5.7e-02  9.5e-02  2.8e-01  2.4e-03  2.8e-01
 542  T 0   1.415e+08   4e-05  0.98  6.8e-02  8.5e-06  6.8e-02  9.9e-02  2.8e-01  2.1e-03  2.9e-01
 543  T 0   1.415e+08   3e-05  0.98  8.1e-02  8.5e-06  8.1e-02  1.1e-01  2.8e-01  1.8e-03  2.9e-01
 544  T 0   1.415e+08   2e-05  0.98  9.7e-02  8.6e-06  9.7e-02  1.3e-01  2.7e-01  1.8e-03  2.7e-01
 545  T 0   1.415e+08   2e-05  0.98  1.2e-01  8.7e-06  1.2e-01  1.6e-01  2.8e-01  1.8e-03  2.8e-01
 546  T 0   1.415e+08   9e-06  0.98  1.4e-01  8.9e-06  1.4e-01  1.9e-01  2.8e-01  1.8e-03  2.8e-01
 547  T 0   1.415e+08   4e-06  0.98  1.7e-01  9.0e-06  1.7e-01  2.3e-01  2.7e-01  2.1e-03  2.8e-01
 548  T 0   1.415e+08   4e-05  0.98  1.2e-01  9.1e-06  1.2e-01  2.0e-01  2.8e-01  1.7e-03  2.8e-01
 549  F 0   1.415e+08  -7e-06  0.98  9.7e-02  8.8e-06  9.7e-02  1.8e-01  2.8e-01  3.2e-03  2.8e-01
 550  T 0   1.415e+08   2e-06  0.98  1.2e-01  9.3e-06  1.2e-01  2.1e-01  2.8e-01  2.1e-03  2.8e-01
 551  T 0   1.415e+08  -2e-06  0.98  1.4e-01  8.7e-06  1.4e-01  1.9e-01  2.8e-01  3.2e-03  2.8e-01
 552  T 0   1.415e+08  -8e-06  0.98  1.7e-01  7.0e-06  1.7e-01  2.3e-01  2.7e-01  3.0e-03  2.7e-01
 553  T 0   1.415e+08  -5e-06  0.98  1.2e-01  7.7e-06  1.2e-01  1.8e-01  2.7e-01  4.0e-03  2.8e-01
 554  T 0   1.415e+08   6e-06  0.98  8.2e-02  6.6e-06  7.2e-02  1.5e-01  2.6e-01  2.9e-03  2.7e-01
 555  T 0   1.415e+08   8e-07  0.98  9.9e-02  6.4e-06  8.1e-02  1.4e-01  2.6e-01  3.0e-03  2.7e-01
 556  T 0   1.415e+08   3e-05  0.98  9.7e-02  6.9e-06  9.7e-02  1.7e-01  3.0e-01  1.8e-03  3.0e-01
 557  T 0   1.415e+08   6e-06  0.98  1.2e-01  7.4e-06  1.2e-01  1.9e-01  2.8e-01  1.5e-03  2.8e-01
 558  T 0   1.415e+08  -6e-06  0.98  1.4e-01  7.9e-06  1.4e-01  2.2e-01  2.7e-01  2.4e-03  2.8e-01
 559  T 0   1.415e+08   5e-05  0.98  1.7e-01  8.8e-06  1.6e-01  2.5e-01  2.9e-01  2.1e-03  2.9e-01
 560  F 0   1.415e+08  -1e-05  0.98  2.0e-01  7.9e-06  1.2e-01  2.3e-01  2.7e-01  2.4e-03  2.7e-01
 561  T 0   1.415e+08  -2e-06  0.98  1.4e-01  9.5e-06  1.1e-01  2.2e-01  2.7e-01  4.8e-03  2.8e-01
 562  T 0   1.415e+08  -9e-06  0.98  1.4e-01  9.1e-06  9.7e-02  1.7e-01  2.9e-01  2.9e-03  2.9e-01
 563  T 0   1.415e+08   2e-05  0.98  1.2e-01  1.6e-05  1.2e-01  1.6e-01  3.0e-01  1.8e-03  3.0e-01
 564  F 0   1.415e+08  -2e-05  0.98  1.4e-01  1.7e-05  1.4e-01  1.8e-01  3.6e-01  3.8e-03  3.6e-01
 565  F 0   1.415e+08  -5e-06  0.98  1.7e-01  1.6e-05  1.6e-01  2.0e-01  2.7e-01  2.7e-03  2.8e-01
 566  F 0   1.415e+08  -3e-07  0.98  2.0e-01  1.7e-05  2.0e-01  2.2e-01  2.8e-01  1.9e-03  2.8e-01
 567  F 0   1.415e+08  -7e-07  0.98  1.4e-01  1.6e-05  1.4e-01  1.5e-01  2.7e-01  2.3e-03  2.7e-01
 568  F 0   1.415e+08  -2e-05  0.98  9.8e-02  1.7e-05  9.8e-02  1.1e-01  2.6e-01  1.8e-03  2.6e-01
 569  T 0   1.415e+08   2e-05  0.98  6.9e-02  1.6e-05  6.9e-02  7.9e-02  2.7e-01  1.7e-03  2.7e-01
 570  F 0   1.415e+08  -3e-07  0.98  4.8e-02  1.7e-05  1.3e-02  3.3e-02  2.7e-01  1.9e-03  2.8e-01
 571  T 0   1.415e+08   2e-05  0.98  5.8e-02  1.7e-05  3.6e-02  4.7e-02  2.7e-01  2.0e-03  2.7e-01
 572  F 0   1.415e+08  -2e-05  0.98  4.0e-02  1.7e-05  4.0e-02  5.3e-02  3.3e-01  1.7e-03  3.3e-01
 573  F 0   1.415e+08   2e-06  0.98  2.8e-02  1.7e-05  2.3e-02  3.9e-02  3.2e-01  2.0e-03  3.2e-01
 574  F 0   1.415e+08  -3e-05  0.98  2.4e-02  1.7e-05  2.1e-02  3.9e-02  2.7e-01  1.8e-03  2.7e-01
 575  T 0   1.415e+08   1e-05  0.98  1.8e-02  1.7e-05  1.8e-02  3.4e-02  2.7e-01  1.7e-03  2.7e-01
 576  F 0   1.415e+08  -1e-06  0.98  1.7e-02  1.7e-05  1.3e-02  2.9e-02  2.8e-01  1.4e-03  2.8e-01
 577  F 0   1.415e+08   1e-06  0.98  1.2e-02  1.7e-05  1.2e-02  2.8e-02  2.7e-01  3.7e-03  2.8e-01
 578  F 0   1.415e+08  -8e-06  0.98  1.4e-02  1.7e-05  1.4e-02  2.8e-02  2.8e-01  1.4e-03  2.8e-01
 579  T 0   1.415e+08  -1e-06  0.98  1.6e-02  1.6e-05  1.6e-02  3.0e-02  2.8e-01  1.5e-03  2.8e-01
 580  T 0   1.415e+08  -6e-07  0.98  2.0e-02  1.6e-05  2.0e-02  3.7e-02  2.7e-01  1.8e-03  2.7e-01
 581  T 0   1.415e+08   5e-06  0.98  2.4e-02  1.6e-05  2.4e-02  4.3e-02  2.7e-01  1.7e-03  2.7e-01
 582  F 0   1.415e+08  -6e-06  0.98  2.9e-02  1.6e-05  2.9e-02  4.6e-02  2.7e-01  1.5e-03  2.7e-01
 583  T 0   1.415e+08  -1e-05  0.98  3.4e-02  1.6e-05  3.4e-02  5.1e-02  2.8e-01  1.8e-03  2.8e-01
 584  T 0   1.415e+08   2e-05  0.98  4.1e-02  1.6e-05  4.1e-02  6.1e-02  2.7e-01  1.7e-03  2.7e-01
 585  F 0   1.415e+08   2e-06  0.98  4.9e-02  1.6e-05  4.9e-02  6.4e-02  2.7e-01  1.5e-03  2.7e-01
 586  T 0   1.415e+08  -8e-06  0.98  5.9e-02  1.6e-05  5.9e-02  7.2e-02  2.8e-01  1.8e-03  2.8e-01
 587  T 0   1.415e+08  -1e-05  0.98  4.1e-02  1.6e-05  4.1e-02  6.2e-02  2.8e-01  1.7e-03  2.8e-01
 588  T 0   1.415e+08   2e-05  0.98  3.9e-02  1.6e-05  3.9e-02  6.0e-02  2.8e-01  1.8e-03  2.8e-01
 589  T 0   1.415e+08   2e-05  0.98  4.7e-02  1.5e-05  4.7e-02  7.1e-02  2.7e-01  1.8e-03  2.8e-01
 590  T 0   1.415e+08  -4e-06  0.98  5.6e-02  1.5e-05  5.6e-02  7.9e-02  2.8e-01  1.8e-03  2.8e-01
 591  T 0   1.415e+08  -5e-06  0.98  6.8e-02  1.5e-05  6.8e-02  9.5e-02  2.8e-01  1.7e-03  2.8e-01
 592  T 0   1.415e+08  -1e-05  0.98  8.1e-02  1.4e-05  8.1e-02  9.8e-02  2.7e-01  1.4e-03  2.7e-01
 593  T 0   1.415e+08   1e-05  0.98  9.7e-02  1.4e-05  9.7e-02  1.3e-01  2.7e-01  1.7e-03  2.7e-01
 594  T 0   1.415e+08  -1e-05  0.98  1.2e-01  1.3e-05  1.2e-01  1.6e-01  2.8e-01  1.8e-03  2.8e-01
 595  T 0   1.414e+08   9e-06  0.98  1.4e-01  1.3e-05  1.4e-01  1.6e-01  2.7e-01  2.0e-03  2.7e-01
 596  T 0   1.414e+08   7e-06  0.98  1.7e-01  1.3e-05  1.6e-01  2.2e-01  2.7e-01  1.7e-03  2.7e-01
 597  T 0   1.414e+08  -1e-05  0.98  2.0e-01  1.3e-05  9.7e-02  1.1e-01  2.7e-01  2.1e-03  2.7e-01
 598  T 0   1.414e+08   2e-05  0.98  1.8e-01  1.2e-05  1.2e-01  1.5e-01  2.7e-01  2.0e-03  2.7e-01
 599  T 0   1.414e+08   6e-06  0.98  1.4e-01  1.3e-05  1.4e-01  1.5e-01  2.7e-01  2.7e-03  2.7e-01
 600  T 0   1.414e+08  -8e-06  0.98  1.7e-01  1.2e-05  1.6e-01  1.7e-01  2.6e-01  2.6e-03  2.7e-01
 601  T 0   1.414e+08   1e-06  0.98  2.0e-01  1.1e-05  6.2e-02  9.3e-02  2.7e-01  2.1e-03  2.7e-01
 602  T 0   1.414e+08   2e-05  0.98  1.4e-01  1.0e-05  6.8e-02  9.3e-02  2.6e-01  2.2e-03  2.7e-01
 603  T 0   1.414e+08  -3e-06  0.98  9.8e-02  9.2e-06  8.1e-02  9.9e-02  2.7e-01  2.1e-03  2.7e-01
 604  T 0   1.414e+08   7e-06  0.98  9.7e-02  8.6e-06  9.7e-02  1.3e-01  2.7e-01  1.8e-03  2.7e-01
 605  T 0   1.414e+08   2e-05  0.98  1.2e-01  7.9e-06  1.2e-01  1.4e-01  2.8e-01  1.7e-03  2.8e-01
 606  T 0   1.414e+08   1e-05  0.98  1.4e-01  8.6e-06  1.4e-01  1.6e-01  2.8e-01  1.7e-03  2.8e-01
 607  T 0   1.414e+08  -9e-06  0.98  1.7e-01  9.4e-06  1.6e-01  1.8e-01  2.7e-01  1.7e-03  2.8e-01
 608  T 0   1.414e+08   2e-06  0.98  2.0e-01  7.8e-06  4.7e-02  8.5e-02  2.7e-01  2.7e-03  2.7e-01
 609  T 0   1.414e+08  -2e-05  0.98  1.4e-01  6.8e-06  5.6e-02  8.7e-02  2.7e-01  2.6e-03  2.8e-01
 610  T 0   1.414e+08  -3e-05  0.98  9.8e-02  7.0e-06  6.8e-02  1.2e-01  2.8e-01  1.7e-03  2.8e-01
 611  T 0   1.414e+08  -3e-05  0.98  8.1e-02  7.2e-06  8.1e-02  1.3e-01  2.7e-01  2.4e-03  2.7e-01
 612  T 0   1.414e+08   8e-07  0.98  9.7e-02  7.5e-06  9.7e-02  1.5e-01  2.8e-01  1.8e-03  2.9e-01
 613  T 0   1.414e+08   3e-07  0.98  1.2e-01  8.0e-06  1.2e-01  1.8e-01  2.7e-01  1.7e-03  2.7e-01
 614  T 0   1.414e+08   4e-05  0.98  1.4e-01  8.6e-06  1.4e-01  2.1e-01  2.7e-01  1.7e-03  2.7e-01
 615  T 0   1.414e+08   3e-05  0.98  1.7e-01  9.0e-06  1.4e-01  2.1e-01  2.7e-01  1.7e-03  2.7e-01
 616  F 0   1.414e+08  -2e-06  0.98  2.0e-01  7.6e-06  1.7e-01  2.2e-01  2.7e-01  2.9e-03  2.7e-01
 617  F 0   1.414e+08   3e-06  0.98  1.4e-01  8.1e-06  1.2e-01  1.4e-01  2.7e-01  2.6e-03  2.8e-01
 618  F 0   1.414e+08  -7e-06  0.98  1.7e-01  7.9e-06  8.2e-02  1.2e-01  2.6e-01  1.7e-03  2.7e-01
 619  T 0   1.414e+08   3e-05  0.98  2.0e-01  7.9e-06  2.0e-01  2.4e-01  2.7e-01  1.7e-03  2.7e-01
 620  T 0   1.414e+08   6e-05  0.98  1.4e-01  7.5e-06  1.4e-01  1.8e-01  2.8e-01  2.1e-03  2.9e-01
 621  F 0   1.414e+08  -6e-06  0.98  9.8e-02  7.8e-06  4.8e-02  1.2e-01  2.7e-01  2.1e-03  2.7e-01
 622  F 0   1.414e+08   2e-06  0.98  6.9e-02  8.0e-06  6.9e-02  1.5e-01  2.7e-01  2.6e-03  2.7e-01
 623  F 0   1.414e+08   2e-06  0.98  5.9e-02  8.4e-06  5.9e-02  1.3e-01  2.9e-01  2.3e-03  2.9e-01
 624  F 0   1.414e+08   6e-06  0.98  7.0e-02  9.3e-06  7.0e-02  1.3e-01  2.7e-01  1.9e-03  2.7e-01
 625  T 0   1.414e+08   6e-06  0.98  8.4e-02  9.6e-06  8.4e-02  1.4e-01  2.7e-01  2.1e-03  2.7e-01
 626  T 0   1.414e+08  -5e-06  0.98  5.9e-02  1.5e-05  5.9e-02  1.3e-01  2.9e-01  2.0e-03  3.0e-01
 627  T 0   1.414e+08   5e-06  0.98  6.8e-02  1.5e-05  6.8e-02  1.2e-01  2.7e-01  2.3e-03  2.7e-01
 628  T 0   1.414e+08   3e-06  0.98  8.1e-02  1.5e-05  8.1e-02  1.3e-01  2.8e-01  2.0e-03  2.8e-01
 629  F 0   1.414e+08  -3e-05  0.98  9.7e-02  1.5e-05  9.7e-02  1.5e-01  3.1e-01  1.7e-03  3.1e-01
 630  T 0   1.414e+08   6e-07  0.98  1.2e-01  1.6e-05  1.2e-01  1.6e-01  2.7e-01  2.0e-03  2.7e-01
 631  T 0   1.414e+08  -2e-06  0.98  1.4e-01  1.6e-05  1.4e-01  1.8e-01  2.7e-01  1.1e-03  2.7e-01
 632  T 0   1.414e+08   7e-06  0.98  9.8e-02  1.6e-05  9.8e-02  1.3e-01  2.7e-01  1.7e-03  2.7e-01
 633  F 0   1.414e+08  -2e-05  0.98  6.9e-02  1.6e-05  6.9e-02  1.0e-01  2.7e-01  1.7e-03  2.7e-01
 634  F 0   1.414e+08  -4e-06  0.98  4.9e-02  1.6e-05  4.8e-02  8.5e-02  3.1e-01  1.8e-03  3.1e-01
 635  T 0   1.414e+08  -7e-06  0.98  5.7e-02  1.6e-05  5.7e-02  1.0e-01  2.8e-01  2.0e-03  2.8e-01
 636  T 0   1.414e+08  -5e-06  0.98  4.0e-02  1.6e-05  4.0e-02  9.2e-02  2.7e-01  2.0e-03  2.7e-01
 637  T 0   1.414e+08   9e-06  0.98  4.8e-02  1.6e-05  4.8e-02  9.8e-02  3.1e-01  2.0e-03  3.1e-01
 638  T 0   1.414e+08   5e-06  0.98  5.8e-02  1.6e-05  5.8e-02  1.0e-01  3.0e-01  2.1e-03  3.0e-01
 639  F 0   1.414e+08  -6e-06  0.98  6.0e-02  1.6e-05  4.7e-02  7.9e-02  2.7e-01  1.7e-03  2.7e-01
 640  F 0   1.414e+08  -6e-05  0.98  7.2e-02  1.6e-05  5.6e-02  8.8e-02  3.3e-01  1.8e-03  3.3e-01
 641  T 0   1.414e+08   2e-05  0.98  6.8e-02  1.6e-05  5.0e-02  8.7e-02  3.0e-01  2.2e-03  3.1e-01
 642  T 0   1.414e+08   1e-05  0.98  8.1e-02  1.6e-05  6.7e-02  9.2e-02  2.8e-01  1.7e-03  2.8e-01
 643  T 0   1.414e+08   3e-06  0.98  9.7e-02  1.6e-05  9.7e-02  1.2e-01  2.7e-01  1.4e-03  2.8e-01
 644  T 0   1.414e+08  -1e-05  0.98  6.8e-02  1.6e-05  6.8e-02  9.8e-02  2.8e-01  2.0e-03  2.8e-01
 645  T 0   1.414e+08   7e-06  0.98  4.8e-02  1.6e-05  4.8e-02  8.2e-02  4.2e-01  2.1e-03  4.2e-01
 646  T 0   1.414e+08   6e-06  0.98  5.7e-02  1.6e-05  5.7e-02  8.8e-02  3.1e-01  2.2e-03  3.1e-01
 647  T 0   1.414e+08   2e-05  0.98  6.9e-02  1.6e-05  6.3e-02  1.0e-01  2.7e-01  1.8e-03  2.7e-01
 648  T 0   1.414e+08   1e-06  0.98  8.2e-02  1.6e-05  6.1e-02  1.1e-01  2.9e-01  2.0e-03  2.9e-01
 649  T 0   1.414e+08   1e-06  0.98  7.4e-02  1.7e-05  7.4e-02  1.2e-01  2.7e-01  2.4e-03  2.7e-01
 650  T 0   1.414e+08   2e-06  0.98  6.1e-02  1.6e-05  6.1e-02  1.1e-01  2.7e-01  2.9e-03  2.7e-01
 651  T 0   1.414e+08   1e-05  0.98  7.3e-02  1.6e-05  7.3e-02  1.3e-01  2.8e-01  2.7e-03  2.8e-01
 652  T 0   1.414e+08   2e-06  0.98  8.8e-02  1.6e-05  8.8e-02  1.3e-01  2.8e-01  2.9e-03  2.8e-01
 653  T 0   1.414e+08   2e-05  0.98  1.1e-01  1.6e-05  1.1e-01  1.6e-01  2.8e-01  1.8e-03  2.8e-01
 654  T 0   1.414e+08   3e-05  0.98  1.3e-01  1.6e-05  1.3e-01  1.8e-01  2.9e-01  1.8e-03  2.9e-01
 655  T 0   1.414e+08  -4e-06  0.98  1.5e-01  1.7e-05  1.5e-01  2.0e-01  2.8e-01  3.8e-03  2.9e-01
 656  T 0   1.414e+08   3e-05  0.98  1.8e-01  1.7e-05  8.9e-02  1.6e-01  2.8e-01  1.7e-03  2.8e-01
 657  T 0   1.414e+08  -7e-06  0.98  2.0e-01  1.6e-05  9.7e-02  1.5e-01  2.8e-01  1.5e-03  2.8e-01
 658  T 0   1.414e+08   3e-05  0.98  1.4e-01  1.5e-05  1.2e-01  1.8e-01  2.7e-01  1.8e-03  2.7e-01
 659  T 0   1.414e+08   8e-07  0.98  1.4e-01  1.4e-05  1.3e-01  2.0e-01  2.7e-01  2.3e-03  2.8e-01
 660  T 0   1.414e+08  -7e-06  0.98  1.7e-01  1.1e-05  1.2e-01  1.9e-01  2.7e-01  3.4e-03  2.8e-01
 661  T 0   1.414e+08  -3e-06  0.98  1.4e-01  9.1e-06  1.4e-01  2.3e-01  2.7e-01  1.8e-03  2.8e-01
 662  T 0   1.414e+08  -5e-06  0.98  1.7e-01  7.5e-06  1.6e-01  2.5e-01  2.8e-01  4.8e-03  2.9e-01
 663  T 0   1.414e+08   5e-06  0.98  2.0e-01  8.2e-06  1.6e-01  1.7e-01  2.8e-01  3.6e-03  2.8e-01
 664  T 0   1.414e+08   2e-06  0.98  2.0e-01  6.1e-06  1.2e-01  1.5e-01  2.8e-01  3.5e-03  2.8e-01
 665  T 0   1.414e+08  -7e-06  0.98  1.4e-01  6.8e-06  8.9e-02  1.2e-01  2.8e-01  4.1e-03  2.9e-01
 666  T 0   1.414e+08   6e-06  0.98  1.7e-01  7.8e-06  5.1e-02  8.5e-02  2.8e-01  3.4e-03  2.9e-01
 667  F 0   1.414e+08  -3e-06  0.98  1.2e-01  6.5e-06  1.2e-01  1.4e-01  2.7e-01  2.9e-03  2.7e-01
 668  T 0   1.414e+08   2e-06  0.98  8.3e-02  7.7e-06  8.3e-02  1.1e-01  2.7e-01  2.6e-03  2.8e-01
 669  T 0   1.414e+08   6e-06  0.98  5.8e-02  7.3e-06  5.8e-02  9.1e-02  2.8e-01  1.4e-03  2.8e-01
 670  T 0   1.414e+08   3e-07  0.98  4.1e-02  7.5e-06  4.1e-02  7.3e-02  2.7e-01  1.8e-03  2.7e-01
 671  T 0   1.414e+08  -5e-08  0.98  3.2e-02  7.3e-06  3.2e-02  6.3e-02  2.7e-01  2.0e-03  2.7e-01
 672  T 0   1.414e+08   7e-06  0.98  3.8e-02  7.5e-06  3.8e-02  6.6e-02  2.7e-01  1.7e-03  2.7e-01
 673  T 0   1.414e+08   6e-06  0.98  4.6e-02  7.5e-06  4.6e-02  7.3e-02  3.5e-01  1.8e-03  3.5e-01
 674  F 0   1.414e+08  -1e-05  0.98  5.5e-02  7.5e-06  5.5e-02  8.7e-02  2.9e-01  1.8e-03  2.9e-01
 675  T 0   1.414e+08   5e-07  0.98  6.6e-02  7.4e-06  6.6e-02  1.0e-01  2.7e-01  2.1e-03  2.8e-01
 676  T 0   1.414e+08   1e-05  0.98  7.9e-02  7.3e-06  7.9e-02  1.2e-01  2.8e-01  2.1e-03  2.9e-01
 677  T 0   1.414e+08   3e-05  0.98  9.5e-02  7.2e-06  4.7e-02  1.0e-01  2.8e-01  2.1e-03  2.8e-01
 678  F 0   1.414e+08   6e-06  0.98  6.7e-02  7.0e-06  6.7e-02  1.2e-01  2.7e-01  1.4e-03  2.7e-01
 679  F 0   1.414e+08  -2e-05  0.98  6.8e-02  6.9e-06  6.8e-02  1.1e-01  2.7e-01  1.8e-03  2.7e-01
 680  F 0   1.414e+08  -7e-06  0.98  8.1e-02  6.6e-06  8.1e-02  1.3e-01  2.7e-01  2.1e-03  2.7e-01
 681  T 0   1.414e+08   1e-06  0.98  6.7e-02  6.6e-06  5.7e-02  1.2e-01  2.7e-01  1.8e-03  2.7e-01
 682  T 0   1.414e+08  -5e-06  0.98  5.6e-02  6.0e-06  5.6e-02  1.1e-01  3.0e-01  2.3e-03  3.1e-01
 683  T 0   1.414e+08   3e-05  0.98  6.8e-02  5.7e-06  6.8e-02  9.8e-02  2.7e-01  1.8e-03  2.7e-01
 684  F 0   1.414e+08   2e-06  0.98  8.1e-02  5.2e-06  8.1e-02  1.1e-01  2.7e-01  1.8e-03  2.7e-01
 685  T 0   1.414e+08   2e-06  0.98  9.7e-02  1.6e-05  9.7e-02  1.2e-01  2.8e-01  1.4e-03  2.8e-01
 686  T 0   1.414e+08   1e-05  0.98  1.2e-01  1.7e-05  1.2e-01  1.4e-01  2.7e-01  1.8e-03  2.8e-01
 687  T 0   1.414e+08   4e-06  0.98  1.4e-01  1.7e-05  1.4e-01  1.7e-01  2.8e-01  1.8e-03  2.8e-01
 688  T 0   1.414e+08   2e-05  0.98  1.7e-01  1.8e-05  1.6e-01  1.8e-01  2.7e-01  1.7e-03  2.7e-01
 689  F 0   1.414e+08  -6e-06  0.98  2.0e-01  1.8e-05  7.2e-02  1.1e-01  2.7e-01  2.1e-03  2.8e-01
 690  F 0   1.414e+08   9e-06  0.98  1.4e-01  1.7e-05  1.1e-01  1.4e-01  3.1e-01  1.8e-03  3.1e-01
 691  F 0   1.414e+08   5e-06  0.98  9.8e-02  1.8e-05  7.4e-02  1.0e-01  2.7e-01  1.7e-03  2.7e-01
 692  F 0   1.414e+08  -9e-06  0.98  6.9e-02  1.8e-05  3.8e-02  6.9e-02  2.7e-01  1.5e-03  2.7e-01
 693  T 0   1.414e+08   1e-05  0.98  4.8e-02  1.8e-05  4.2e-02  7.5e-02  2.7e-01  1.8e-03  2.7e-01
 694  F 0   1.414e+08  -2e-05  0.98  4.0e-02  1.8e-05  4.0e-02  6.6e-02  2.6e-01  1.7e-03  2.7e-01
 695  F 0   1.414e+08  -2e-05  0.98  4.8e-02  1.9e-05  4.8e-02  5.8e-02  2.7e-01  1.7e-03  2.7e-01
 696  T 0   1.414e+08   1e-05  0.98  5.7e-02  1.9e-05  5.7e-02  6.9e-02  2.7e-01  1.8e-03  2.7e-01
 697  T 0   1.414e+08   5e-06  0.98  6.9e-02  1.9e-05  6.9e-02  8.0e-02  2.6e-01  1.8e-03  2.6e-01
 698  F 0   1.414e+08  -7e-06  0.98  8.2e-02  1.9e-05  8.2e-02  9.1e-02  2.7e-01  1.7e-03  2.7e-01
 699  T 0   1.414e+08  -1e-06  0.98  9.9e-02  2.0e-05  9.9e-02  1.1e-01  2.6e-01  2.1e-03  2.7e-01
 700  T 0   1.414e+08   8e-06  0.98  1.2e-01  2.0e-05  1.2e-01  1.3e-01  2.6e-01  1.7e-03  2.6e-01
 701  T 0   1.414e+08   9e-06  0.98  1.4e-01  2.0e-05  5.4e-02  8.0e-02  2.7e-01  2.1e-03  2.7e-01
 702  F 0   1.414e+08   5e-07  0.98  1.0e-01  2.0e-05  1.0e-01  1.1e-01  3.0e-01  1.7e-03  3.0e-01
 703  T 0   1.414e+08   3e-05  0.98  7.0e-02  2.0e-05  7.0e-02  9.0e-02  2.7e-01  1.7e-03  2.7e-01
 704  F 0   1.414e+08  -3e-05  0.98  4.9e-02  2.0e-05  4.9e-02  7.8e-02  2.8e-01  2.1e-03  2.9e-01
 705  F 0   1.414e+08   8e-06  0.98  4.2e-02  2.0e-05  4.2e-02  7.0e-02  2.7e-01  2.0e-03  2.7e-01
 706  T 0   1.414e+08   8e-06  0.98  5.0e-02  2.0e-05  5.0e-02  7.6e-02  2.7e-01  1.8e-03  2.7e-01
 707  T 0   1.414e+08   6e-06  0.98  6.0e-02  2.0e-05  2.9e-02  5.1e-02  3.1e-01  1.8e-03  3.1e-01
 708  T 0   1.414e+08   3e-06  0.98  7.2e-02  2.0e-05  5.5e-02  7.4e-02  2.9e-01  1.7e-03  2.9e-01
 709  T 0   1.414e+08   9e-06  0.98  8.7e-02  2.0e-05  3.1e-02  6.0e-02  2.9e-01  1.8e-03  2.9e-01
 710  F 0   1.414e+08  -7e-05  0.98  1.0e-01  2.0e-05  2.9e-02  6.3e-02  2.7e-01  1.8e-03  2.7e-01
 711  T 0   1.414e+08  -4e-06  0.98  7.3e-02  2.0e-05  4.4e-02  8.3e-02  2.6e-01  1.8e-03  2.7e-01
 712  T 0   1.414e+08   4e-06  0.98  5.3e-02  2.0e-05  5.3e-02  9.9e-02  2.6e-01  1.4e-03  2.6e-01
 713  T 0   1.413e+08  -1e-05  0.98  6.1e-02  2.0e-05  6.1e-02  1.0e-01  2.7e-01  1.8e-03  2.8e-01
 714  T 0   1.413e+08  -6e-06  0.98  4.3e-02  1.9e-05  4.3e-02  9.1e-02  2.6e-01  1.4e-03  2.6e-01
 715  T 0   1.413e+08  -4e-06  0.98  4.7e-02  1.9e-05  4.7e-02  9.7e-02  2.7e-01  1.4e-03  2.7e-01
 716  T 0   1.413e+08   6e-07  0.98  5.6e-02  1.9e-05  5.6e-02  1.1e-01  2.6e-01  1.5e-03  2.6e-01
 717  T 0   1.413e+08  -1e-06  0.98  6.8e-02  1.8e-05  6.8e-02  1.4e-01  2.7e-01  2.4e-03  2.7e-01
 718  T 0   1.413e+08   7e-06  0.98  8.1e-02  1.8e-05  8.1e-02  1.4e-01  2.6e-01  1.7e-03  2.6e-01
 719  T 0   1.413e+08   7e-07  0.98  9.7e-02  1.6e-05  9.7e-02  1.5e-01  2.7e-01  2.1e-03  2.7e-01
 720  T 0   1.413e+08   2e-06  0.98  1.2e-01  1.4e-05  1.2e-01  1.7e-01  2.7e-01  3.8e-03  2.8e-01
 721  T 0   1.413e+08  -2e-05  0.98  1.4e-01  1.2e-05  1.4e-01  2.1e-01  3.1e-01  2.1e-03  3.2e-01
 722  T 0   1.413e+08   1e-06  0.98  1.7e-01  1.3e-05  1.6e-01  2.3e-01  2.9e-01  2.3e-03  2.9e-01
 723  T 0   1.413e+08   4e-06  0.98  2.0e-01  1.2e-05  9.7e-02  1.9e-01  2.9e-01  2.4e-03  2.9e-01
 724  T 0   1.413e+08  -6e-06  0.98  1.4e-01  1.2e-05  1.2e-01  1.9e-01  3.0e-01  1.8e-03  3.0e-01
 725  T 0   1.413e+08  -2e-05  0.98  1.4e-01  1.2e-05  1.4e-01  2.1e-01  3.1e-01  1.8e-03  3.1e-01
 726  T 0   1.413e+08  -6e-06  0.98  1.7e-01  1.3e-05  1.6e-01  2.5e-01  2.7e-01  1.7e-03  2.7e-01
 727  T 0   1.413e+08   3e-06  0.98  2.0e-01  1.3e-05  1.6e-01  2.1e-01  2.8e-01  1.8e-03  2.8e-01
 728  T 0   1.413e+08   2e-06  0.98  2.0e-01  1.2e-05  8.1e-02  1.2e-01  2.7e-01  1.8e-03  2.7e-01
 729  T 0   1.413e+08   3e-06  0.98  1.4e-01  1.2e-05  9.7e-02  1.3e-01  2.8e-01  2.4e-03  2.9e-01
 730  T 0   1.413e+08   2e-05  0.98  1.2e-01  1.2e-05  1.2e-01  1.5e-01  2.9e-01  1.8e-03  2.9e-01
 731  T 0   1.413e+08   1e-06  0.98  1.4e-01  1.2e-05  1.4e-01  1.7e-01  2.9e-01  3.2e-03  2.9e-01
 732  T 0   1.413e+08   1e-05  0.98  1.7e-01  1.2e-05  1.6e-01  2.0e-01  2.8e-01  2.4e-03  2.9e-01
 733  T 0   1.413e+08   2e-06  0.98  2.0e-01  1.2e-05  5.8e-02  1.2e-01  2.8e-01  1.5e-03  2.8e-01
 734  F 0   1.413e+08  -4e-05  0.98  1.4e-01  1.2e-05  7.0e-02  1.1e-01  3.0e-01  1.9e-03  3.0e-01
 735  T 0   1.413e+08  -5e-06  0.98  9.8e-02  1.2e-05  6.1e-02  1.0e-01  3.1e-01  1.8e-03  3.1e-01
 736  T 0   1.413e+08   2e-05  0.98  7.3e-02  1.1e-05  7.3e-02  1.1e-01  2.8e-01  1.7e-03  2.8e-01
 737  F 0   1.413e+08  -6e-06  0.98  8.7e-02  1.1e-05  8.7e-02  1.3e-01  2.9e-01  1.8e-03  2.9e-01
 738  T 0   1.413e+08   1e-05  0.98  6.1e-02  1.1e-05  6.1e-02  1.0e-01  2.7e-01  1.8e-03  2.7e-01
 739  F 0   1.413e+08  -2e-05  0.98  4.3e-02  1.0e-05  4.1e-02  7.0e-02  2.8e-01  1.8e-03  2.8e-01
 740  T 0   1.413e+08   2e-05  0.98  3.4e-02  1.0e-05  3.4e-02  6.9e-02  2.7e-01  1.8e-03  2.7e-01
 741  T 0   1.413e+08   2e-05  0.98  4.0e-02  9.4e-06  4.0e-02  6.8e-02  2.9e-01  1.8e-03  2.9e-01
 742  T 0   1.413e+08   4e-06  0.98  4.8e-02  8.7e-06  4.8e-02  7.4e-02  2.8e-01  1.4e-03  2.8e-01
 743  T 0   1.413e+08   9e-06  0.98  5.8e-02  7.8e-06  5.8e-02  8.3e-02  2.8e-01  1.5e-03  2.9e-01
 744  T 0   1.413e+08   1e-06  0.98  7.0e-02  6.7e-06  7.0e-02  9.1e-02  2.7e-01  2.0e-03  2.7e-01
 745  T 0   1.413e+08  -3e-06  0.98  8.4e-02  7.5e-06  8.4e-02  1.1e-01  2.8e-01  1.7e-03  2.8e-01
 746  T 0   1.413e+08   1e-05  0.98  1.0e-01  7.6e-06  1.0e-01  1.3e-01  3.5e-01  1.8e-03  3.5e-01
 747  T 0   1.413e+08  -7e-07  0.98  1.2e-01  7.7e-06  1.2e-01  1.4e-01  2.8e-01  1.7e-03  2.8e-01
 748  T 0   1.413e+08   2e-06  0.98  1.4e-01  8.0e-06  1.4e-01  1.6e-01  2.8e-01  1.8e-03  2.9e-01
 749  T 0   1.413e+08   5e-06  0.98  1.7e-01  8.1e-06  1.3e-01  1.5e-01  2.7e-01  1.8e-03  2.7e-01
 750  F 0   1.413e+08  -3e-06  0.98  2.0e-01  8.3e-06  5.7e-02  7.2e-02  2.7e-01  2.3e-03  2.8e-01
 751  T 0   1.413e+08   4e-06  0.98  1.4e-01  8.3e-06  2.1e-02  5.2e-02  2.7e-01  1.8e-03  2.7e-01
 752  F 0   1.413e+08  -1e-05  0.98  9.8e-02  8.5e-06  2.5e-02  5.0e-02  2.8e-01  1.7e-03  2.8e-01
 753  F 0   1.413e+08  -8e-06  0.98  6.9e-02  8.3e-06  3.0e-02  5.2e-02  2.6e-01  1.7e-03  2.6e-01
 754  T 0   1.413e+08   6e-06  0.98  4.8e-02  8.5e-06  2.1e-02  4.5e-02  2.6e-01  1.8e-03  2.7e-01
 755  T 0   1.413e+08   7e-06  0.98  3.4e-02  9.2e-06  2.7e-02  4.5e-02  2.8e-01  1.8e-03  2.8e-01
 756  F 0   1.413e+08  -3e-05  0.98  2.4e-02  9.0e-06  1.9e-02  4.0e-02  2.9e-01  1.8e-03  2.9e-01
 757  T 0   1.413e+08   5e-06  0.98  1.6e-02  9.2e-06  1.3e-02  3.1e-02  2.7e-01  2.0e-03  2.7e-01
 758  F 0   1.413e+08   1e-06  0.98  1.6e-02  9.2e-06  1.6e-02  3.2e-02  2.7e-01  1.5e-03  2.7e-01
 759  F 0   1.413e+08  -2e-06  0.98  1.9e-02  9.2e-06  1.9e-02  3.2e-02  2.7e-01  1.5e-03  2.7e-01
 760  T 0   1.413e+08   1e-05  0.98  2.3e-02  9.1e-06  2.3e-02  3.5e-02  2.7e-01  1.8e-03  2.7e-01
 761  F 0   1.413e+08   2e-06  0.98  2.7e-02  9.2e-06  2.7e-02  3.7e-02  2.7e-01  1.5e-03  2.7e-01
 762  F 0   1.413e+08  -8e-06  0.98  3.3e-02  9.2e-06  7.8e-03  2.3e-02  2.7e-01  1.8e-03  2.7e-01
Termination on Convergence criteria
Total number of system evaluations: 763
